[2024-09-01T22:57:29.128+0530] {local_task_job_runner.py:123} INFO - ::group::Pre task execution logs
[2024-09-01T22:57:29.134+0530] {taskinstance.py:2603} INFO - Dependencies all met for dep_context=non-requeueable deps ti=<TaskInstance: welcome_dag.print_date manual__2024-09-01T17:27:25.872106+00:00 [queued]>
[2024-09-01T22:57:29.137+0530] {taskinstance.py:2603} INFO - Dependencies all met for dep_context=requeueable deps ti=<TaskInstance: welcome_dag.print_date manual__2024-09-01T17:27:25.872106+00:00 [queued]>
[2024-09-01T22:57:29.137+0530] {taskinstance.py:2856} INFO - Starting attempt 1 of 1
[2024-09-01T22:57:29.141+0530] {taskinstance.py:2879} INFO - Executing <Task(PythonOperator): print_date> on 2024-09-01 17:27:25.872106+00:00
[2024-09-01T22:57:29.146+0530] {logging_mixin.py:190} WARNING - /Users/ravipal/Desktop/Workspace/airflow_tutorial/py_env/lib/python3.12/site-packages/airflow/task/task_runner/standard_task_runner.py:70 DeprecationWarning: This process (pid=2370) is multi-threaded, use of fork() may lead to deadlocks in the child.
[2024-09-01T22:57:29.146+0530] {standard_task_runner.py:72} INFO - Started process 2372 to run task
[2024-09-01T22:57:29.146+0530] {standard_task_runner.py:104} INFO - Running: ['airflow', 'tasks', 'run', 'welcome_dag', 'print_date', 'manual__2024-09-01T17:27:25.872106+00:00', '--job-id', '4', '--raw', '--subdir', 'DAGS_FOLDER/welcome_dag.py', '--cfg-path', '/var/folders/y3/3lr7z0n95q5fs3pfk483y9zr0000gn/T/tmpzmr57aw7']
[2024-09-01T22:57:29.147+0530] {standard_task_runner.py:105} INFO - Job 4: Subtask print_date
[2024-09-01T22:57:29.165+0530] {task_command.py:467} INFO - Running <TaskInstance: welcome_dag.print_date manual__2024-09-01T17:27:25.872106+00:00 [running]> on host ravis-macbook-air.local
[2024-09-01T22:57:29.189+0530] {taskinstance.py:3122} INFO - Exporting env vars: AIRFLOW_CTX_DAG_OWNER='airflow' AIRFLOW_CTX_DAG_ID='welcome_dag' AIRFLOW_CTX_TASK_ID='print_date' AIRFLOW_CTX_EXECUTION_DATE='2024-09-01T17:27:25.872106+00:00' AIRFLOW_CTX_TRY_NUMBER='1' AIRFLOW_CTX_DAG_RUN_ID='manual__2024-09-01T17:27:25.872106+00:00'
[2024-09-01T22:57:29.190+0530] {logging_mixin.py:190} INFO - Task instance is in running state
[2024-09-01T22:57:29.190+0530] {logging_mixin.py:190} INFO -  Previous state of the Task instance: queued
[2024-09-01T22:57:29.190+0530] {logging_mixin.py:190} INFO - Current task name:print_date state:running start_date:2024-09-01 17:27:29.134849+00:00
[2024-09-01T22:57:29.190+0530] {logging_mixin.py:190} INFO - Dag name:welcome_dag and current dag run status:running
[2024-09-01T22:57:29.190+0530] {taskinstance.py:731} INFO - ::endgroup::
[2024-09-01T22:57:29.191+0530] {logging_mixin.py:190} INFO - Today is 2024-09-01
[2024-09-01T22:57:29.191+0530] {python.py:240} INFO - Done. Returned value was: None
[2024-09-01T22:57:29.194+0530] {taskinstance.py:340} INFO - ::group::Post task execution logs
[2024-09-01T22:57:29.194+0530] {taskinstance.py:352} INFO - Marking task as SUCCESS. dag_id=welcome_dag, task_id=print_date, run_id=manual__2024-09-01T17:27:25.872106+00:00, execution_date=20240901T172725, start_date=20240901T172729, end_date=20240901T172729
[2024-09-01T22:57:29.197+0530] {logging_mixin.py:190} INFO - Task instance in success state
[2024-09-01T22:57:29.198+0530] {logging_mixin.py:190} INFO -  Previous state of the Task instance: running
[2024-09-01T22:57:29.198+0530] {logging_mixin.py:190} INFO - Dag name:welcome_dag queued_at:2024-09-01 17:27:25.881958+00:00
[2024-09-01T22:57:29.198+0530] {logging_mixin.py:190} INFO - Task hostname:ravis-macbook-air.local operator:PythonOperator
[2024-09-01T22:57:29.206+0530] {local_task_job_runner.py:261} INFO - Task exited with return code 0
[2024-09-01T22:57:29.213+0530] {taskinstance.py:3891} INFO - 1 downstream tasks scheduled from follow-on schedule check
[2024-09-01T22:57:29.214+0530] {local_task_job_runner.py:240} INFO - ::endgroup::
