[2024-09-01T00:22:40.883+0530] {processor.py:186} INFO - Started process (PID=1402) to work on /Users/ravipal/Desktop/Workspace/airflow_tutorial/py_env/lib/python3.12/site-packages/airflow/example_dags/plugins/event_listener.py
[2024-09-01T00:22:40.883+0530] {processor.py:914} INFO - Processing file /Users/ravipal/Desktop/Workspace/airflow_tutorial/py_env/lib/python3.12/site-packages/airflow/example_dags/plugins/event_listener.py for tasks to queue
[2024-09-01T00:22:40.884+0530] {logging_mixin.py:190} INFO - [2024-09-01T00:22:40.884+0530] {dagbag.py:587} INFO - Filling up the DagBag from /Users/ravipal/Desktop/Workspace/airflow_tutorial/py_env/lib/python3.12/site-packages/airflow/example_dags/plugins/event_listener.py
[2024-09-01T00:22:40.884+0530] {processor.py:927} WARNING - No viable dags retrieved from /Users/ravipal/Desktop/Workspace/airflow_tutorial/py_env/lib/python3.12/site-packages/airflow/example_dags/plugins/event_listener.py
[2024-09-01T00:22:40.916+0530] {processor.py:208} INFO - Processing /Users/ravipal/Desktop/Workspace/airflow_tutorial/py_env/lib/python3.12/site-packages/airflow/example_dags/plugins/event_listener.py took 0.035 seconds
[2024-09-01T00:24:22.458+0530] {processor.py:186} INFO - Started process (PID=1507) to work on /Users/ravipal/Desktop/Workspace/airflow_tutorial/py_env/lib/python3.12/site-packages/airflow/example_dags/plugins/event_listener.py
[2024-09-01T00:24:22.458+0530] {processor.py:914} INFO - Processing file /Users/ravipal/Desktop/Workspace/airflow_tutorial/py_env/lib/python3.12/site-packages/airflow/example_dags/plugins/event_listener.py for tasks to queue
[2024-09-01T00:24:22.459+0530] {logging_mixin.py:190} INFO - [2024-09-01T00:24:22.459+0530] {dagbag.py:587} INFO - Filling up the DagBag from /Users/ravipal/Desktop/Workspace/airflow_tutorial/py_env/lib/python3.12/site-packages/airflow/example_dags/plugins/event_listener.py
[2024-09-01T00:24:22.459+0530] {processor.py:927} WARNING - No viable dags retrieved from /Users/ravipal/Desktop/Workspace/airflow_tutorial/py_env/lib/python3.12/site-packages/airflow/example_dags/plugins/event_listener.py
[2024-09-01T00:24:22.492+0530] {processor.py:208} INFO - Processing /Users/ravipal/Desktop/Workspace/airflow_tutorial/py_env/lib/python3.12/site-packages/airflow/example_dags/plugins/event_listener.py took 0.036 seconds
[2024-09-01T00:25:30.296+0530] {processor.py:186} INFO - Started process (PID=1576) to work on /Users/ravipal/Desktop/Workspace/airflow_tutorial/py_env/lib/python3.12/site-packages/airflow/example_dags/plugins/event_listener.py
[2024-09-01T00:25:30.296+0530] {processor.py:914} INFO - Processing file /Users/ravipal/Desktop/Workspace/airflow_tutorial/py_env/lib/python3.12/site-packages/airflow/example_dags/plugins/event_listener.py for tasks to queue
[2024-09-01T00:25:30.297+0530] {logging_mixin.py:190} INFO - [2024-09-01T00:25:30.297+0530] {dagbag.py:587} INFO - Filling up the DagBag from /Users/ravipal/Desktop/Workspace/airflow_tutorial/py_env/lib/python3.12/site-packages/airflow/example_dags/plugins/event_listener.py
[2024-09-01T00:25:30.297+0530] {processor.py:927} WARNING - No viable dags retrieved from /Users/ravipal/Desktop/Workspace/airflow_tutorial/py_env/lib/python3.12/site-packages/airflow/example_dags/plugins/event_listener.py
[2024-09-01T00:25:30.329+0530] {processor.py:208} INFO - Processing /Users/ravipal/Desktop/Workspace/airflow_tutorial/py_env/lib/python3.12/site-packages/airflow/example_dags/plugins/event_listener.py took 0.035 seconds
[2024-09-01T00:26:36.011+0530] {processor.py:186} INFO - Started process (PID=1647) to work on /Users/ravipal/Desktop/Workspace/airflow_tutorial/py_env/lib/python3.12/site-packages/airflow/example_dags/plugins/event_listener.py
[2024-09-01T00:26:36.011+0530] {processor.py:914} INFO - Processing file /Users/ravipal/Desktop/Workspace/airflow_tutorial/py_env/lib/python3.12/site-packages/airflow/example_dags/plugins/event_listener.py for tasks to queue
[2024-09-01T00:26:36.012+0530] {logging_mixin.py:190} INFO - [2024-09-01T00:26:36.012+0530] {dagbag.py:587} INFO - Filling up the DagBag from /Users/ravipal/Desktop/Workspace/airflow_tutorial/py_env/lib/python3.12/site-packages/airflow/example_dags/plugins/event_listener.py
[2024-09-01T00:26:36.013+0530] {processor.py:927} WARNING - No viable dags retrieved from /Users/ravipal/Desktop/Workspace/airflow_tutorial/py_env/lib/python3.12/site-packages/airflow/example_dags/plugins/event_listener.py
[2024-09-01T00:26:36.045+0530] {processor.py:208} INFO - Processing /Users/ravipal/Desktop/Workspace/airflow_tutorial/py_env/lib/python3.12/site-packages/airflow/example_dags/plugins/event_listener.py took 0.036 seconds
[2024-09-01T00:27:47.281+0530] {processor.py:186} INFO - Started process (PID=1905) to work on /Users/ravipal/Desktop/Workspace/airflow_tutorial/py_env/lib/python3.12/site-packages/airflow/example_dags/plugins/event_listener.py
[2024-09-01T00:27:47.281+0530] {processor.py:914} INFO - Processing file /Users/ravipal/Desktop/Workspace/airflow_tutorial/py_env/lib/python3.12/site-packages/airflow/example_dags/plugins/event_listener.py for tasks to queue
[2024-09-01T00:27:47.282+0530] {logging_mixin.py:190} INFO - [2024-09-01T00:27:47.282+0530] {dagbag.py:587} INFO - Filling up the DagBag from /Users/ravipal/Desktop/Workspace/airflow_tutorial/py_env/lib/python3.12/site-packages/airflow/example_dags/plugins/event_listener.py
[2024-09-01T00:27:47.282+0530] {processor.py:927} WARNING - No viable dags retrieved from /Users/ravipal/Desktop/Workspace/airflow_tutorial/py_env/lib/python3.12/site-packages/airflow/example_dags/plugins/event_listener.py
[2024-09-01T00:27:47.317+0530] {processor.py:208} INFO - Processing /Users/ravipal/Desktop/Workspace/airflow_tutorial/py_env/lib/python3.12/site-packages/airflow/example_dags/plugins/event_listener.py took 0.038 seconds
[2024-09-01T00:28:55.802+0530] {processor.py:186} INFO - Started process (PID=1975) to work on /Users/ravipal/Desktop/Workspace/airflow_tutorial/py_env/lib/python3.12/site-packages/airflow/example_dags/plugins/event_listener.py
[2024-09-01T00:28:55.802+0530] {processor.py:914} INFO - Processing file /Users/ravipal/Desktop/Workspace/airflow_tutorial/py_env/lib/python3.12/site-packages/airflow/example_dags/plugins/event_listener.py for tasks to queue
[2024-09-01T00:28:55.802+0530] {logging_mixin.py:190} INFO - [2024-09-01T00:28:55.802+0530] {dagbag.py:587} INFO - Filling up the DagBag from /Users/ravipal/Desktop/Workspace/airflow_tutorial/py_env/lib/python3.12/site-packages/airflow/example_dags/plugins/event_listener.py
[2024-09-01T00:28:55.803+0530] {processor.py:927} WARNING - No viable dags retrieved from /Users/ravipal/Desktop/Workspace/airflow_tutorial/py_env/lib/python3.12/site-packages/airflow/example_dags/plugins/event_listener.py
[2024-09-01T00:28:55.832+0530] {processor.py:208} INFO - Processing /Users/ravipal/Desktop/Workspace/airflow_tutorial/py_env/lib/python3.12/site-packages/airflow/example_dags/plugins/event_listener.py took 0.033 seconds
[2024-09-01T00:29:57.485+0530] {processor.py:186} INFO - Started process (PID=2037) to work on /Users/ravipal/Desktop/Workspace/airflow_tutorial/py_env/lib/python3.12/site-packages/airflow/example_dags/plugins/event_listener.py
[2024-09-01T00:29:57.485+0530] {processor.py:914} INFO - Processing file /Users/ravipal/Desktop/Workspace/airflow_tutorial/py_env/lib/python3.12/site-packages/airflow/example_dags/plugins/event_listener.py for tasks to queue
[2024-09-01T00:29:57.486+0530] {logging_mixin.py:190} INFO - [2024-09-01T00:29:57.486+0530] {dagbag.py:587} INFO - Filling up the DagBag from /Users/ravipal/Desktop/Workspace/airflow_tutorial/py_env/lib/python3.12/site-packages/airflow/example_dags/plugins/event_listener.py
[2024-09-01T00:29:57.486+0530] {processor.py:927} WARNING - No viable dags retrieved from /Users/ravipal/Desktop/Workspace/airflow_tutorial/py_env/lib/python3.12/site-packages/airflow/example_dags/plugins/event_listener.py
[2024-09-01T00:29:57.516+0530] {processor.py:208} INFO - Processing /Users/ravipal/Desktop/Workspace/airflow_tutorial/py_env/lib/python3.12/site-packages/airflow/example_dags/plugins/event_listener.py took 0.033 seconds
[2024-09-01T00:31:03.432+0530] {processor.py:186} INFO - Started process (PID=2104) to work on /Users/ravipal/Desktop/Workspace/airflow_tutorial/py_env/lib/python3.12/site-packages/airflow/example_dags/plugins/event_listener.py
[2024-09-01T00:31:03.433+0530] {processor.py:914} INFO - Processing file /Users/ravipal/Desktop/Workspace/airflow_tutorial/py_env/lib/python3.12/site-packages/airflow/example_dags/plugins/event_listener.py for tasks to queue
[2024-09-01T00:31:03.437+0530] {logging_mixin.py:190} INFO - [2024-09-01T00:31:03.437+0530] {dagbag.py:587} INFO - Filling up the DagBag from /Users/ravipal/Desktop/Workspace/airflow_tutorial/py_env/lib/python3.12/site-packages/airflow/example_dags/plugins/event_listener.py
[2024-09-01T00:31:03.442+0530] {processor.py:927} WARNING - No viable dags retrieved from /Users/ravipal/Desktop/Workspace/airflow_tutorial/py_env/lib/python3.12/site-packages/airflow/example_dags/plugins/event_listener.py
[2024-09-01T00:31:03.503+0530] {processor.py:208} INFO - Processing /Users/ravipal/Desktop/Workspace/airflow_tutorial/py_env/lib/python3.12/site-packages/airflow/example_dags/plugins/event_listener.py took 0.076 seconds
[2024-09-01T00:32:09.521+0530] {processor.py:186} INFO - Started process (PID=2171) to work on /Users/ravipal/Desktop/Workspace/airflow_tutorial/py_env/lib/python3.12/site-packages/airflow/example_dags/plugins/event_listener.py
[2024-09-01T00:32:09.522+0530] {processor.py:914} INFO - Processing file /Users/ravipal/Desktop/Workspace/airflow_tutorial/py_env/lib/python3.12/site-packages/airflow/example_dags/plugins/event_listener.py for tasks to queue
[2024-09-01T00:32:09.522+0530] {logging_mixin.py:190} INFO - [2024-09-01T00:32:09.522+0530] {dagbag.py:587} INFO - Filling up the DagBag from /Users/ravipal/Desktop/Workspace/airflow_tutorial/py_env/lib/python3.12/site-packages/airflow/example_dags/plugins/event_listener.py
[2024-09-01T00:32:09.523+0530] {processor.py:927} WARNING - No viable dags retrieved from /Users/ravipal/Desktop/Workspace/airflow_tutorial/py_env/lib/python3.12/site-packages/airflow/example_dags/plugins/event_listener.py
[2024-09-01T00:32:09.554+0530] {processor.py:208} INFO - Processing /Users/ravipal/Desktop/Workspace/airflow_tutorial/py_env/lib/python3.12/site-packages/airflow/example_dags/plugins/event_listener.py took 0.035 seconds
[2024-09-01T00:33:17.571+0530] {processor.py:186} INFO - Started process (PID=2237) to work on /Users/ravipal/Desktop/Workspace/airflow_tutorial/py_env/lib/python3.12/site-packages/airflow/example_dags/plugins/event_listener.py
[2024-09-01T00:33:17.571+0530] {processor.py:914} INFO - Processing file /Users/ravipal/Desktop/Workspace/airflow_tutorial/py_env/lib/python3.12/site-packages/airflow/example_dags/plugins/event_listener.py for tasks to queue
[2024-09-01T00:33:17.572+0530] {logging_mixin.py:190} INFO - [2024-09-01T00:33:17.572+0530] {dagbag.py:587} INFO - Filling up the DagBag from /Users/ravipal/Desktop/Workspace/airflow_tutorial/py_env/lib/python3.12/site-packages/airflow/example_dags/plugins/event_listener.py
[2024-09-01T00:33:17.572+0530] {processor.py:927} WARNING - No viable dags retrieved from /Users/ravipal/Desktop/Workspace/airflow_tutorial/py_env/lib/python3.12/site-packages/airflow/example_dags/plugins/event_listener.py
[2024-09-01T00:33:17.604+0530] {processor.py:208} INFO - Processing /Users/ravipal/Desktop/Workspace/airflow_tutorial/py_env/lib/python3.12/site-packages/airflow/example_dags/plugins/event_listener.py took 0.035 seconds
[2024-09-01T00:34:26.173+0530] {processor.py:186} INFO - Started process (PID=2305) to work on /Users/ravipal/Desktop/Workspace/airflow_tutorial/py_env/lib/python3.12/site-packages/airflow/example_dags/plugins/event_listener.py
[2024-09-01T00:34:26.174+0530] {processor.py:914} INFO - Processing file /Users/ravipal/Desktop/Workspace/airflow_tutorial/py_env/lib/python3.12/site-packages/airflow/example_dags/plugins/event_listener.py for tasks to queue
[2024-09-01T00:34:26.174+0530] {logging_mixin.py:190} INFO - [2024-09-01T00:34:26.174+0530] {dagbag.py:587} INFO - Filling up the DagBag from /Users/ravipal/Desktop/Workspace/airflow_tutorial/py_env/lib/python3.12/site-packages/airflow/example_dags/plugins/event_listener.py
[2024-09-01T00:34:26.175+0530] {processor.py:927} WARNING - No viable dags retrieved from /Users/ravipal/Desktop/Workspace/airflow_tutorial/py_env/lib/python3.12/site-packages/airflow/example_dags/plugins/event_listener.py
[2024-09-01T00:34:26.206+0530] {processor.py:208} INFO - Processing /Users/ravipal/Desktop/Workspace/airflow_tutorial/py_env/lib/python3.12/site-packages/airflow/example_dags/plugins/event_listener.py took 0.035 seconds
[2024-09-01T00:35:33.170+0530] {processor.py:186} INFO - Started process (PID=2374) to work on /Users/ravipal/Desktop/Workspace/airflow_tutorial/py_env/lib/python3.12/site-packages/airflow/example_dags/plugins/event_listener.py
[2024-09-01T00:35:33.170+0530] {processor.py:914} INFO - Processing file /Users/ravipal/Desktop/Workspace/airflow_tutorial/py_env/lib/python3.12/site-packages/airflow/example_dags/plugins/event_listener.py for tasks to queue
[2024-09-01T00:35:33.170+0530] {logging_mixin.py:190} INFO - [2024-09-01T00:35:33.170+0530] {dagbag.py:587} INFO - Filling up the DagBag from /Users/ravipal/Desktop/Workspace/airflow_tutorial/py_env/lib/python3.12/site-packages/airflow/example_dags/plugins/event_listener.py
[2024-09-01T00:35:33.171+0530] {processor.py:927} WARNING - No viable dags retrieved from /Users/ravipal/Desktop/Workspace/airflow_tutorial/py_env/lib/python3.12/site-packages/airflow/example_dags/plugins/event_listener.py
[2024-09-01T00:35:33.202+0530] {processor.py:208} INFO - Processing /Users/ravipal/Desktop/Workspace/airflow_tutorial/py_env/lib/python3.12/site-packages/airflow/example_dags/plugins/event_listener.py took 0.035 seconds
[2024-09-01T00:36:41.269+0530] {processor.py:186} INFO - Started process (PID=2442) to work on /Users/ravipal/Desktop/Workspace/airflow_tutorial/py_env/lib/python3.12/site-packages/airflow/example_dags/plugins/event_listener.py
[2024-09-01T00:36:41.270+0530] {processor.py:914} INFO - Processing file /Users/ravipal/Desktop/Workspace/airflow_tutorial/py_env/lib/python3.12/site-packages/airflow/example_dags/plugins/event_listener.py for tasks to queue
[2024-09-01T00:36:41.270+0530] {logging_mixin.py:190} INFO - [2024-09-01T00:36:41.270+0530] {dagbag.py:587} INFO - Filling up the DagBag from /Users/ravipal/Desktop/Workspace/airflow_tutorial/py_env/lib/python3.12/site-packages/airflow/example_dags/plugins/event_listener.py
[2024-09-01T00:36:41.270+0530] {processor.py:927} WARNING - No viable dags retrieved from /Users/ravipal/Desktop/Workspace/airflow_tutorial/py_env/lib/python3.12/site-packages/airflow/example_dags/plugins/event_listener.py
[2024-09-01T00:36:41.302+0530] {processor.py:208} INFO - Processing /Users/ravipal/Desktop/Workspace/airflow_tutorial/py_env/lib/python3.12/site-packages/airflow/example_dags/plugins/event_listener.py took 0.035 seconds
[2024-09-01T00:37:46.453+0530] {processor.py:186} INFO - Started process (PID=2507) to work on /Users/ravipal/Desktop/Workspace/airflow_tutorial/py_env/lib/python3.12/site-packages/airflow/example_dags/plugins/event_listener.py
[2024-09-01T00:37:46.453+0530] {processor.py:914} INFO - Processing file /Users/ravipal/Desktop/Workspace/airflow_tutorial/py_env/lib/python3.12/site-packages/airflow/example_dags/plugins/event_listener.py for tasks to queue
[2024-09-01T00:37:46.454+0530] {logging_mixin.py:190} INFO - [2024-09-01T00:37:46.454+0530] {dagbag.py:587} INFO - Filling up the DagBag from /Users/ravipal/Desktop/Workspace/airflow_tutorial/py_env/lib/python3.12/site-packages/airflow/example_dags/plugins/event_listener.py
[2024-09-01T00:37:46.454+0530] {processor.py:927} WARNING - No viable dags retrieved from /Users/ravipal/Desktop/Workspace/airflow_tutorial/py_env/lib/python3.12/site-packages/airflow/example_dags/plugins/event_listener.py
[2024-09-01T00:37:46.484+0530] {processor.py:208} INFO - Processing /Users/ravipal/Desktop/Workspace/airflow_tutorial/py_env/lib/python3.12/site-packages/airflow/example_dags/plugins/event_listener.py took 0.032 seconds
[2024-09-01T00:38:49.607+0530] {processor.py:186} INFO - Started process (PID=2571) to work on /Users/ravipal/Desktop/Workspace/airflow_tutorial/py_env/lib/python3.12/site-packages/airflow/example_dags/plugins/event_listener.py
[2024-09-01T00:38:49.608+0530] {processor.py:914} INFO - Processing file /Users/ravipal/Desktop/Workspace/airflow_tutorial/py_env/lib/python3.12/site-packages/airflow/example_dags/plugins/event_listener.py for tasks to queue
[2024-09-01T00:38:49.608+0530] {logging_mixin.py:190} INFO - [2024-09-01T00:38:49.608+0530] {dagbag.py:587} INFO - Filling up the DagBag from /Users/ravipal/Desktop/Workspace/airflow_tutorial/py_env/lib/python3.12/site-packages/airflow/example_dags/plugins/event_listener.py
[2024-09-01T00:38:49.608+0530] {processor.py:927} WARNING - No viable dags retrieved from /Users/ravipal/Desktop/Workspace/airflow_tutorial/py_env/lib/python3.12/site-packages/airflow/example_dags/plugins/event_listener.py
[2024-09-01T00:38:49.638+0530] {processor.py:208} INFO - Processing /Users/ravipal/Desktop/Workspace/airflow_tutorial/py_env/lib/python3.12/site-packages/airflow/example_dags/plugins/event_listener.py took 0.032 seconds
[2024-09-01T00:39:52.229+0530] {processor.py:186} INFO - Started process (PID=2634) to work on /Users/ravipal/Desktop/Workspace/airflow_tutorial/py_env/lib/python3.12/site-packages/airflow/example_dags/plugins/event_listener.py
[2024-09-01T00:39:52.229+0530] {processor.py:914} INFO - Processing file /Users/ravipal/Desktop/Workspace/airflow_tutorial/py_env/lib/python3.12/site-packages/airflow/example_dags/plugins/event_listener.py for tasks to queue
[2024-09-01T00:39:52.230+0530] {logging_mixin.py:190} INFO - [2024-09-01T00:39:52.230+0530] {dagbag.py:587} INFO - Filling up the DagBag from /Users/ravipal/Desktop/Workspace/airflow_tutorial/py_env/lib/python3.12/site-packages/airflow/example_dags/plugins/event_listener.py
[2024-09-01T00:39:52.230+0530] {processor.py:927} WARNING - No viable dags retrieved from /Users/ravipal/Desktop/Workspace/airflow_tutorial/py_env/lib/python3.12/site-packages/airflow/example_dags/plugins/event_listener.py
[2024-09-01T00:39:52.262+0530] {processor.py:208} INFO - Processing /Users/ravipal/Desktop/Workspace/airflow_tutorial/py_env/lib/python3.12/site-packages/airflow/example_dags/plugins/event_listener.py took 0.035 seconds
[2024-09-01T00:40:58.308+0530] {processor.py:186} INFO - Started process (PID=2699) to work on /Users/ravipal/Desktop/Workspace/airflow_tutorial/py_env/lib/python3.12/site-packages/airflow/example_dags/plugins/event_listener.py
[2024-09-01T00:40:58.308+0530] {processor.py:914} INFO - Processing file /Users/ravipal/Desktop/Workspace/airflow_tutorial/py_env/lib/python3.12/site-packages/airflow/example_dags/plugins/event_listener.py for tasks to queue
[2024-09-01T00:40:58.309+0530] {logging_mixin.py:190} INFO - [2024-09-01T00:40:58.309+0530] {dagbag.py:587} INFO - Filling up the DagBag from /Users/ravipal/Desktop/Workspace/airflow_tutorial/py_env/lib/python3.12/site-packages/airflow/example_dags/plugins/event_listener.py
[2024-09-01T00:40:58.309+0530] {processor.py:927} WARNING - No viable dags retrieved from /Users/ravipal/Desktop/Workspace/airflow_tutorial/py_env/lib/python3.12/site-packages/airflow/example_dags/plugins/event_listener.py
[2024-09-01T00:40:58.342+0530] {processor.py:208} INFO - Processing /Users/ravipal/Desktop/Workspace/airflow_tutorial/py_env/lib/python3.12/site-packages/airflow/example_dags/plugins/event_listener.py took 0.036 seconds
[2024-09-01T00:42:05.442+0530] {processor.py:186} INFO - Started process (PID=2765) to work on /Users/ravipal/Desktop/Workspace/airflow_tutorial/py_env/lib/python3.12/site-packages/airflow/example_dags/plugins/event_listener.py
[2024-09-01T00:42:05.443+0530] {processor.py:914} INFO - Processing file /Users/ravipal/Desktop/Workspace/airflow_tutorial/py_env/lib/python3.12/site-packages/airflow/example_dags/plugins/event_listener.py for tasks to queue
[2024-09-01T00:42:05.443+0530] {logging_mixin.py:190} INFO - [2024-09-01T00:42:05.443+0530] {dagbag.py:587} INFO - Filling up the DagBag from /Users/ravipal/Desktop/Workspace/airflow_tutorial/py_env/lib/python3.12/site-packages/airflow/example_dags/plugins/event_listener.py
[2024-09-01T00:42:05.443+0530] {processor.py:927} WARNING - No viable dags retrieved from /Users/ravipal/Desktop/Workspace/airflow_tutorial/py_env/lib/python3.12/site-packages/airflow/example_dags/plugins/event_listener.py
[2024-09-01T00:42:05.476+0530] {processor.py:208} INFO - Processing /Users/ravipal/Desktop/Workspace/airflow_tutorial/py_env/lib/python3.12/site-packages/airflow/example_dags/plugins/event_listener.py took 0.036 seconds
[2024-09-01T00:43:12.150+0530] {processor.py:186} INFO - Started process (PID=2831) to work on /Users/ravipal/Desktop/Workspace/airflow_tutorial/py_env/lib/python3.12/site-packages/airflow/example_dags/plugins/event_listener.py
[2024-09-01T00:43:12.151+0530] {processor.py:914} INFO - Processing file /Users/ravipal/Desktop/Workspace/airflow_tutorial/py_env/lib/python3.12/site-packages/airflow/example_dags/plugins/event_listener.py for tasks to queue
[2024-09-01T00:43:12.151+0530] {logging_mixin.py:190} INFO - [2024-09-01T00:43:12.151+0530] {dagbag.py:587} INFO - Filling up the DagBag from /Users/ravipal/Desktop/Workspace/airflow_tutorial/py_env/lib/python3.12/site-packages/airflow/example_dags/plugins/event_listener.py
[2024-09-01T00:43:12.152+0530] {processor.py:927} WARNING - No viable dags retrieved from /Users/ravipal/Desktop/Workspace/airflow_tutorial/py_env/lib/python3.12/site-packages/airflow/example_dags/plugins/event_listener.py
[2024-09-01T00:43:12.184+0530] {processor.py:208} INFO - Processing /Users/ravipal/Desktop/Workspace/airflow_tutorial/py_env/lib/python3.12/site-packages/airflow/example_dags/plugins/event_listener.py took 0.036 seconds
[2024-09-01T00:44:19.658+0530] {processor.py:186} INFO - Started process (PID=2897) to work on /Users/ravipal/Desktop/Workspace/airflow_tutorial/py_env/lib/python3.12/site-packages/airflow/example_dags/plugins/event_listener.py
[2024-09-01T00:44:19.659+0530] {processor.py:914} INFO - Processing file /Users/ravipal/Desktop/Workspace/airflow_tutorial/py_env/lib/python3.12/site-packages/airflow/example_dags/plugins/event_listener.py for tasks to queue
[2024-09-01T00:44:19.659+0530] {logging_mixin.py:190} INFO - [2024-09-01T00:44:19.659+0530] {dagbag.py:587} INFO - Filling up the DagBag from /Users/ravipal/Desktop/Workspace/airflow_tutorial/py_env/lib/python3.12/site-packages/airflow/example_dags/plugins/event_listener.py
[2024-09-01T00:44:19.659+0530] {processor.py:927} WARNING - No viable dags retrieved from /Users/ravipal/Desktop/Workspace/airflow_tutorial/py_env/lib/python3.12/site-packages/airflow/example_dags/plugins/event_listener.py
[2024-09-01T00:44:19.691+0530] {processor.py:208} INFO - Processing /Users/ravipal/Desktop/Workspace/airflow_tutorial/py_env/lib/python3.12/site-packages/airflow/example_dags/plugins/event_listener.py took 0.035 seconds
[2024-09-01T00:45:28.084+0530] {processor.py:186} INFO - Started process (PID=2966) to work on /Users/ravipal/Desktop/Workspace/airflow_tutorial/py_env/lib/python3.12/site-packages/airflow/example_dags/plugins/event_listener.py
[2024-09-01T00:45:28.085+0530] {processor.py:914} INFO - Processing file /Users/ravipal/Desktop/Workspace/airflow_tutorial/py_env/lib/python3.12/site-packages/airflow/example_dags/plugins/event_listener.py for tasks to queue
[2024-09-01T00:45:28.085+0530] {logging_mixin.py:190} INFO - [2024-09-01T00:45:28.085+0530] {dagbag.py:587} INFO - Filling up the DagBag from /Users/ravipal/Desktop/Workspace/airflow_tutorial/py_env/lib/python3.12/site-packages/airflow/example_dags/plugins/event_listener.py
[2024-09-01T00:45:28.086+0530] {processor.py:927} WARNING - No viable dags retrieved from /Users/ravipal/Desktop/Workspace/airflow_tutorial/py_env/lib/python3.12/site-packages/airflow/example_dags/plugins/event_listener.py
[2024-09-01T00:45:28.119+0530] {processor.py:208} INFO - Processing /Users/ravipal/Desktop/Workspace/airflow_tutorial/py_env/lib/python3.12/site-packages/airflow/example_dags/plugins/event_listener.py took 0.036 seconds
[2024-09-01T00:46:35.282+0530] {processor.py:186} INFO - Started process (PID=3031) to work on /Users/ravipal/Desktop/Workspace/airflow_tutorial/py_env/lib/python3.12/site-packages/airflow/example_dags/plugins/event_listener.py
[2024-09-01T00:46:35.283+0530] {processor.py:914} INFO - Processing file /Users/ravipal/Desktop/Workspace/airflow_tutorial/py_env/lib/python3.12/site-packages/airflow/example_dags/plugins/event_listener.py for tasks to queue
[2024-09-01T00:46:35.283+0530] {logging_mixin.py:190} INFO - [2024-09-01T00:46:35.283+0530] {dagbag.py:587} INFO - Filling up the DagBag from /Users/ravipal/Desktop/Workspace/airflow_tutorial/py_env/lib/python3.12/site-packages/airflow/example_dags/plugins/event_listener.py
[2024-09-01T00:46:35.283+0530] {processor.py:927} WARNING - No viable dags retrieved from /Users/ravipal/Desktop/Workspace/airflow_tutorial/py_env/lib/python3.12/site-packages/airflow/example_dags/plugins/event_listener.py
[2024-09-01T00:46:35.315+0530] {processor.py:208} INFO - Processing /Users/ravipal/Desktop/Workspace/airflow_tutorial/py_env/lib/python3.12/site-packages/airflow/example_dags/plugins/event_listener.py took 0.035 seconds
[2024-09-01T00:47:39.642+0530] {processor.py:186} INFO - Started process (PID=3096) to work on /Users/ravipal/Desktop/Workspace/airflow_tutorial/py_env/lib/python3.12/site-packages/airflow/example_dags/plugins/event_listener.py
[2024-09-01T00:47:39.643+0530] {processor.py:914} INFO - Processing file /Users/ravipal/Desktop/Workspace/airflow_tutorial/py_env/lib/python3.12/site-packages/airflow/example_dags/plugins/event_listener.py for tasks to queue
[2024-09-01T00:47:39.643+0530] {logging_mixin.py:190} INFO - [2024-09-01T00:47:39.643+0530] {dagbag.py:587} INFO - Filling up the DagBag from /Users/ravipal/Desktop/Workspace/airflow_tutorial/py_env/lib/python3.12/site-packages/airflow/example_dags/plugins/event_listener.py
[2024-09-01T00:47:39.643+0530] {processor.py:927} WARNING - No viable dags retrieved from /Users/ravipal/Desktop/Workspace/airflow_tutorial/py_env/lib/python3.12/site-packages/airflow/example_dags/plugins/event_listener.py
[2024-09-01T00:47:39.675+0530] {processor.py:208} INFO - Processing /Users/ravipal/Desktop/Workspace/airflow_tutorial/py_env/lib/python3.12/site-packages/airflow/example_dags/plugins/event_listener.py took 0.035 seconds
[2024-09-01T00:48:42.445+0530] {processor.py:186} INFO - Started process (PID=3161) to work on /Users/ravipal/Desktop/Workspace/airflow_tutorial/py_env/lib/python3.12/site-packages/airflow/example_dags/plugins/event_listener.py
[2024-09-01T00:48:42.445+0530] {processor.py:914} INFO - Processing file /Users/ravipal/Desktop/Workspace/airflow_tutorial/py_env/lib/python3.12/site-packages/airflow/example_dags/plugins/event_listener.py for tasks to queue
[2024-09-01T00:48:42.446+0530] {logging_mixin.py:190} INFO - [2024-09-01T00:48:42.445+0530] {dagbag.py:587} INFO - Filling up the DagBag from /Users/ravipal/Desktop/Workspace/airflow_tutorial/py_env/lib/python3.12/site-packages/airflow/example_dags/plugins/event_listener.py
[2024-09-01T00:48:42.446+0530] {processor.py:927} WARNING - No viable dags retrieved from /Users/ravipal/Desktop/Workspace/airflow_tutorial/py_env/lib/python3.12/site-packages/airflow/example_dags/plugins/event_listener.py
[2024-09-01T00:48:42.478+0530] {processor.py:208} INFO - Processing /Users/ravipal/Desktop/Workspace/airflow_tutorial/py_env/lib/python3.12/site-packages/airflow/example_dags/plugins/event_listener.py took 0.035 seconds
[2024-09-01T00:49:47.017+0530] {processor.py:186} INFO - Started process (PID=3235) to work on /Users/ravipal/Desktop/Workspace/airflow_tutorial/py_env/lib/python3.12/site-packages/airflow/example_dags/plugins/event_listener.py
[2024-09-01T00:49:47.017+0530] {processor.py:914} INFO - Processing file /Users/ravipal/Desktop/Workspace/airflow_tutorial/py_env/lib/python3.12/site-packages/airflow/example_dags/plugins/event_listener.py for tasks to queue
[2024-09-01T00:49:47.017+0530] {logging_mixin.py:190} INFO - [2024-09-01T00:49:47.017+0530] {dagbag.py:587} INFO - Filling up the DagBag from /Users/ravipal/Desktop/Workspace/airflow_tutorial/py_env/lib/python3.12/site-packages/airflow/example_dags/plugins/event_listener.py
[2024-09-01T00:49:47.018+0530] {processor.py:927} WARNING - No viable dags retrieved from /Users/ravipal/Desktop/Workspace/airflow_tutorial/py_env/lib/python3.12/site-packages/airflow/example_dags/plugins/event_listener.py
[2024-09-01T00:49:47.050+0530] {processor.py:208} INFO - Processing /Users/ravipal/Desktop/Workspace/airflow_tutorial/py_env/lib/python3.12/site-packages/airflow/example_dags/plugins/event_listener.py took 0.035 seconds
[2024-09-01T00:50:54.932+0530] {processor.py:186} INFO - Started process (PID=3319) to work on /Users/ravipal/Desktop/Workspace/airflow_tutorial/py_env/lib/python3.12/site-packages/airflow/example_dags/plugins/event_listener.py
[2024-09-01T00:50:54.933+0530] {processor.py:914} INFO - Processing file /Users/ravipal/Desktop/Workspace/airflow_tutorial/py_env/lib/python3.12/site-packages/airflow/example_dags/plugins/event_listener.py for tasks to queue
[2024-09-01T00:50:54.934+0530] {logging_mixin.py:190} INFO - [2024-09-01T00:50:54.934+0530] {dagbag.py:587} INFO - Filling up the DagBag from /Users/ravipal/Desktop/Workspace/airflow_tutorial/py_env/lib/python3.12/site-packages/airflow/example_dags/plugins/event_listener.py
[2024-09-01T00:50:54.934+0530] {processor.py:927} WARNING - No viable dags retrieved from /Users/ravipal/Desktop/Workspace/airflow_tutorial/py_env/lib/python3.12/site-packages/airflow/example_dags/plugins/event_listener.py
[2024-09-01T00:50:54.966+0530] {processor.py:208} INFO - Processing /Users/ravipal/Desktop/Workspace/airflow_tutorial/py_env/lib/python3.12/site-packages/airflow/example_dags/plugins/event_listener.py took 0.036 seconds
[2024-09-01T00:52:03.116+0530] {processor.py:186} INFO - Started process (PID=3387) to work on /Users/ravipal/Desktop/Workspace/airflow_tutorial/py_env/lib/python3.12/site-packages/airflow/example_dags/plugins/event_listener.py
[2024-09-01T00:52:03.116+0530] {processor.py:914} INFO - Processing file /Users/ravipal/Desktop/Workspace/airflow_tutorial/py_env/lib/python3.12/site-packages/airflow/example_dags/plugins/event_listener.py for tasks to queue
[2024-09-01T00:52:03.117+0530] {logging_mixin.py:190} INFO - [2024-09-01T00:52:03.117+0530] {dagbag.py:587} INFO - Filling up the DagBag from /Users/ravipal/Desktop/Workspace/airflow_tutorial/py_env/lib/python3.12/site-packages/airflow/example_dags/plugins/event_listener.py
[2024-09-01T00:52:03.117+0530] {processor.py:927} WARNING - No viable dags retrieved from /Users/ravipal/Desktop/Workspace/airflow_tutorial/py_env/lib/python3.12/site-packages/airflow/example_dags/plugins/event_listener.py
[2024-09-01T00:52:03.149+0530] {processor.py:208} INFO - Processing /Users/ravipal/Desktop/Workspace/airflow_tutorial/py_env/lib/python3.12/site-packages/airflow/example_dags/plugins/event_listener.py took 0.035 seconds
[2024-09-01T00:53:07.730+0530] {processor.py:186} INFO - Started process (PID=3453) to work on /Users/ravipal/Desktop/Workspace/airflow_tutorial/py_env/lib/python3.12/site-packages/airflow/example_dags/plugins/event_listener.py
[2024-09-01T00:53:07.730+0530] {processor.py:914} INFO - Processing file /Users/ravipal/Desktop/Workspace/airflow_tutorial/py_env/lib/python3.12/site-packages/airflow/example_dags/plugins/event_listener.py for tasks to queue
[2024-09-01T00:53:07.731+0530] {logging_mixin.py:190} INFO - [2024-09-01T00:53:07.730+0530] {dagbag.py:587} INFO - Filling up the DagBag from /Users/ravipal/Desktop/Workspace/airflow_tutorial/py_env/lib/python3.12/site-packages/airflow/example_dags/plugins/event_listener.py
[2024-09-01T00:53:07.731+0530] {processor.py:927} WARNING - No viable dags retrieved from /Users/ravipal/Desktop/Workspace/airflow_tutorial/py_env/lib/python3.12/site-packages/airflow/example_dags/plugins/event_listener.py
[2024-09-01T00:53:07.763+0530] {processor.py:208} INFO - Processing /Users/ravipal/Desktop/Workspace/airflow_tutorial/py_env/lib/python3.12/site-packages/airflow/example_dags/plugins/event_listener.py took 0.036 seconds
[2024-09-01T00:54:14.485+0530] {processor.py:186} INFO - Started process (PID=3518) to work on /Users/ravipal/Desktop/Workspace/airflow_tutorial/py_env/lib/python3.12/site-packages/airflow/example_dags/plugins/event_listener.py
[2024-09-01T00:54:14.486+0530] {processor.py:914} INFO - Processing file /Users/ravipal/Desktop/Workspace/airflow_tutorial/py_env/lib/python3.12/site-packages/airflow/example_dags/plugins/event_listener.py for tasks to queue
[2024-09-01T00:54:14.486+0530] {logging_mixin.py:190} INFO - [2024-09-01T00:54:14.486+0530] {dagbag.py:587} INFO - Filling up the DagBag from /Users/ravipal/Desktop/Workspace/airflow_tutorial/py_env/lib/python3.12/site-packages/airflow/example_dags/plugins/event_listener.py
[2024-09-01T00:54:14.487+0530] {processor.py:927} WARNING - No viable dags retrieved from /Users/ravipal/Desktop/Workspace/airflow_tutorial/py_env/lib/python3.12/site-packages/airflow/example_dags/plugins/event_listener.py
[2024-09-01T00:54:14.518+0530] {processor.py:208} INFO - Processing /Users/ravipal/Desktop/Workspace/airflow_tutorial/py_env/lib/python3.12/site-packages/airflow/example_dags/plugins/event_listener.py took 0.035 seconds
[2024-09-01T00:55:19.728+0530] {processor.py:186} INFO - Started process (PID=3585) to work on /Users/ravipal/Desktop/Workspace/airflow_tutorial/py_env/lib/python3.12/site-packages/airflow/example_dags/plugins/event_listener.py
[2024-09-01T00:55:19.728+0530] {processor.py:914} INFO - Processing file /Users/ravipal/Desktop/Workspace/airflow_tutorial/py_env/lib/python3.12/site-packages/airflow/example_dags/plugins/event_listener.py for tasks to queue
[2024-09-01T00:55:19.728+0530] {logging_mixin.py:190} INFO - [2024-09-01T00:55:19.728+0530] {dagbag.py:587} INFO - Filling up the DagBag from /Users/ravipal/Desktop/Workspace/airflow_tutorial/py_env/lib/python3.12/site-packages/airflow/example_dags/plugins/event_listener.py
[2024-09-01T00:55:19.729+0530] {processor.py:927} WARNING - No viable dags retrieved from /Users/ravipal/Desktop/Workspace/airflow_tutorial/py_env/lib/python3.12/site-packages/airflow/example_dags/plugins/event_listener.py
[2024-09-01T00:55:19.761+0530] {processor.py:208} INFO - Processing /Users/ravipal/Desktop/Workspace/airflow_tutorial/py_env/lib/python3.12/site-packages/airflow/example_dags/plugins/event_listener.py took 0.035 seconds
[2024-09-01T00:56:24.946+0530] {processor.py:186} INFO - Started process (PID=3648) to work on /Users/ravipal/Desktop/Workspace/airflow_tutorial/py_env/lib/python3.12/site-packages/airflow/example_dags/plugins/event_listener.py
[2024-09-01T00:56:24.947+0530] {processor.py:914} INFO - Processing file /Users/ravipal/Desktop/Workspace/airflow_tutorial/py_env/lib/python3.12/site-packages/airflow/example_dags/plugins/event_listener.py for tasks to queue
[2024-09-01T00:56:24.947+0530] {logging_mixin.py:190} INFO - [2024-09-01T00:56:24.947+0530] {dagbag.py:587} INFO - Filling up the DagBag from /Users/ravipal/Desktop/Workspace/airflow_tutorial/py_env/lib/python3.12/site-packages/airflow/example_dags/plugins/event_listener.py
[2024-09-01T00:56:24.948+0530] {processor.py:927} WARNING - No viable dags retrieved from /Users/ravipal/Desktop/Workspace/airflow_tutorial/py_env/lib/python3.12/site-packages/airflow/example_dags/plugins/event_listener.py
[2024-09-01T00:56:24.979+0530] {processor.py:208} INFO - Processing /Users/ravipal/Desktop/Workspace/airflow_tutorial/py_env/lib/python3.12/site-packages/airflow/example_dags/plugins/event_listener.py took 0.035 seconds
[2024-09-01T00:57:31.430+0530] {processor.py:186} INFO - Started process (PID=3713) to work on /Users/ravipal/Desktop/Workspace/airflow_tutorial/py_env/lib/python3.12/site-packages/airflow/example_dags/plugins/event_listener.py
[2024-09-01T00:57:31.431+0530] {processor.py:914} INFO - Processing file /Users/ravipal/Desktop/Workspace/airflow_tutorial/py_env/lib/python3.12/site-packages/airflow/example_dags/plugins/event_listener.py for tasks to queue
[2024-09-01T00:57:31.431+0530] {logging_mixin.py:190} INFO - [2024-09-01T00:57:31.431+0530] {dagbag.py:587} INFO - Filling up the DagBag from /Users/ravipal/Desktop/Workspace/airflow_tutorial/py_env/lib/python3.12/site-packages/airflow/example_dags/plugins/event_listener.py
[2024-09-01T00:57:31.432+0530] {processor.py:927} WARNING - No viable dags retrieved from /Users/ravipal/Desktop/Workspace/airflow_tutorial/py_env/lib/python3.12/site-packages/airflow/example_dags/plugins/event_listener.py
[2024-09-01T00:57:31.462+0530] {processor.py:208} INFO - Processing /Users/ravipal/Desktop/Workspace/airflow_tutorial/py_env/lib/python3.12/site-packages/airflow/example_dags/plugins/event_listener.py took 0.033 seconds
[2024-09-01T00:58:37.254+0530] {processor.py:186} INFO - Started process (PID=3781) to work on /Users/ravipal/Desktop/Workspace/airflow_tutorial/py_env/lib/python3.12/site-packages/airflow/example_dags/plugins/event_listener.py
[2024-09-01T00:58:37.254+0530] {processor.py:914} INFO - Processing file /Users/ravipal/Desktop/Workspace/airflow_tutorial/py_env/lib/python3.12/site-packages/airflow/example_dags/plugins/event_listener.py for tasks to queue
[2024-09-01T00:58:37.255+0530] {logging_mixin.py:190} INFO - [2024-09-01T00:58:37.255+0530] {dagbag.py:587} INFO - Filling up the DagBag from /Users/ravipal/Desktop/Workspace/airflow_tutorial/py_env/lib/python3.12/site-packages/airflow/example_dags/plugins/event_listener.py
[2024-09-01T00:58:37.255+0530] {processor.py:927} WARNING - No viable dags retrieved from /Users/ravipal/Desktop/Workspace/airflow_tutorial/py_env/lib/python3.12/site-packages/airflow/example_dags/plugins/event_listener.py
[2024-09-01T00:58:37.288+0530] {processor.py:208} INFO - Processing /Users/ravipal/Desktop/Workspace/airflow_tutorial/py_env/lib/python3.12/site-packages/airflow/example_dags/plugins/event_listener.py took 0.036 seconds
[2024-09-01T00:59:42.139+0530] {processor.py:186} INFO - Started process (PID=3844) to work on /Users/ravipal/Desktop/Workspace/airflow_tutorial/py_env/lib/python3.12/site-packages/airflow/example_dags/plugins/event_listener.py
[2024-09-01T00:59:42.139+0530] {processor.py:914} INFO - Processing file /Users/ravipal/Desktop/Workspace/airflow_tutorial/py_env/lib/python3.12/site-packages/airflow/example_dags/plugins/event_listener.py for tasks to queue
[2024-09-01T00:59:42.139+0530] {logging_mixin.py:190} INFO - [2024-09-01T00:59:42.139+0530] {dagbag.py:587} INFO - Filling up the DagBag from /Users/ravipal/Desktop/Workspace/airflow_tutorial/py_env/lib/python3.12/site-packages/airflow/example_dags/plugins/event_listener.py
[2024-09-01T00:59:42.140+0530] {processor.py:927} WARNING - No viable dags retrieved from /Users/ravipal/Desktop/Workspace/airflow_tutorial/py_env/lib/python3.12/site-packages/airflow/example_dags/plugins/event_listener.py
[2024-09-01T00:59:42.173+0530] {processor.py:208} INFO - Processing /Users/ravipal/Desktop/Workspace/airflow_tutorial/py_env/lib/python3.12/site-packages/airflow/example_dags/plugins/event_listener.py took 0.036 seconds
[2024-09-01T01:00:46.323+0530] {processor.py:186} INFO - Started process (PID=3909) to work on /Users/ravipal/Desktop/Workspace/airflow_tutorial/py_env/lib/python3.12/site-packages/airflow/example_dags/plugins/event_listener.py
[2024-09-01T01:00:46.324+0530] {processor.py:914} INFO - Processing file /Users/ravipal/Desktop/Workspace/airflow_tutorial/py_env/lib/python3.12/site-packages/airflow/example_dags/plugins/event_listener.py for tasks to queue
[2024-09-01T01:00:46.324+0530] {logging_mixin.py:190} INFO - [2024-09-01T01:00:46.324+0530] {dagbag.py:587} INFO - Filling up the DagBag from /Users/ravipal/Desktop/Workspace/airflow_tutorial/py_env/lib/python3.12/site-packages/airflow/example_dags/plugins/event_listener.py
[2024-09-01T01:00:46.324+0530] {processor.py:927} WARNING - No viable dags retrieved from /Users/ravipal/Desktop/Workspace/airflow_tutorial/py_env/lib/python3.12/site-packages/airflow/example_dags/plugins/event_listener.py
[2024-09-01T01:00:46.356+0530] {processor.py:208} INFO - Processing /Users/ravipal/Desktop/Workspace/airflow_tutorial/py_env/lib/python3.12/site-packages/airflow/example_dags/plugins/event_listener.py took 0.035 seconds
[2024-09-01T01:01:49.210+0530] {processor.py:186} INFO - Started process (PID=3973) to work on /Users/ravipal/Desktop/Workspace/airflow_tutorial/py_env/lib/python3.12/site-packages/airflow/example_dags/plugins/event_listener.py
[2024-09-01T01:01:49.211+0530] {processor.py:914} INFO - Processing file /Users/ravipal/Desktop/Workspace/airflow_tutorial/py_env/lib/python3.12/site-packages/airflow/example_dags/plugins/event_listener.py for tasks to queue
[2024-09-01T01:01:49.211+0530] {logging_mixin.py:190} INFO - [2024-09-01T01:01:49.211+0530] {dagbag.py:587} INFO - Filling up the DagBag from /Users/ravipal/Desktop/Workspace/airflow_tutorial/py_env/lib/python3.12/site-packages/airflow/example_dags/plugins/event_listener.py
[2024-09-01T01:01:49.211+0530] {processor.py:927} WARNING - No viable dags retrieved from /Users/ravipal/Desktop/Workspace/airflow_tutorial/py_env/lib/python3.12/site-packages/airflow/example_dags/plugins/event_listener.py
[2024-09-01T01:01:49.243+0530] {processor.py:208} INFO - Processing /Users/ravipal/Desktop/Workspace/airflow_tutorial/py_env/lib/python3.12/site-packages/airflow/example_dags/plugins/event_listener.py took 0.035 seconds
[2024-09-01T01:02:52.107+0530] {processor.py:186} INFO - Started process (PID=4036) to work on /Users/ravipal/Desktop/Workspace/airflow_tutorial/py_env/lib/python3.12/site-packages/airflow/example_dags/plugins/event_listener.py
[2024-09-01T01:02:52.108+0530] {processor.py:914} INFO - Processing file /Users/ravipal/Desktop/Workspace/airflow_tutorial/py_env/lib/python3.12/site-packages/airflow/example_dags/plugins/event_listener.py for tasks to queue
[2024-09-01T01:02:52.108+0530] {logging_mixin.py:190} INFO - [2024-09-01T01:02:52.108+0530] {dagbag.py:587} INFO - Filling up the DagBag from /Users/ravipal/Desktop/Workspace/airflow_tutorial/py_env/lib/python3.12/site-packages/airflow/example_dags/plugins/event_listener.py
[2024-09-01T01:02:52.109+0530] {processor.py:927} WARNING - No viable dags retrieved from /Users/ravipal/Desktop/Workspace/airflow_tutorial/py_env/lib/python3.12/site-packages/airflow/example_dags/plugins/event_listener.py
[2024-09-01T01:02:52.141+0530] {processor.py:208} INFO - Processing /Users/ravipal/Desktop/Workspace/airflow_tutorial/py_env/lib/python3.12/site-packages/airflow/example_dags/plugins/event_listener.py took 0.036 seconds
[2024-09-01T01:03:55.386+0530] {processor.py:186} INFO - Started process (PID=4105) to work on /Users/ravipal/Desktop/Workspace/airflow_tutorial/py_env/lib/python3.12/site-packages/airflow/example_dags/plugins/event_listener.py
[2024-09-01T01:03:55.387+0530] {processor.py:914} INFO - Processing file /Users/ravipal/Desktop/Workspace/airflow_tutorial/py_env/lib/python3.12/site-packages/airflow/example_dags/plugins/event_listener.py for tasks to queue
[2024-09-01T01:03:55.387+0530] {logging_mixin.py:190} INFO - [2024-09-01T01:03:55.387+0530] {dagbag.py:587} INFO - Filling up the DagBag from /Users/ravipal/Desktop/Workspace/airflow_tutorial/py_env/lib/python3.12/site-packages/airflow/example_dags/plugins/event_listener.py
[2024-09-01T01:03:55.388+0530] {processor.py:927} WARNING - No viable dags retrieved from /Users/ravipal/Desktop/Workspace/airflow_tutorial/py_env/lib/python3.12/site-packages/airflow/example_dags/plugins/event_listener.py
[2024-09-01T01:03:55.420+0530] {processor.py:208} INFO - Processing /Users/ravipal/Desktop/Workspace/airflow_tutorial/py_env/lib/python3.12/site-packages/airflow/example_dags/plugins/event_listener.py took 0.035 seconds
[2024-09-01T01:04:59.478+0530] {processor.py:186} INFO - Started process (PID=4182) to work on /Users/ravipal/Desktop/Workspace/airflow_tutorial/py_env/lib/python3.12/site-packages/airflow/example_dags/plugins/event_listener.py
[2024-09-01T01:04:59.479+0530] {processor.py:914} INFO - Processing file /Users/ravipal/Desktop/Workspace/airflow_tutorial/py_env/lib/python3.12/site-packages/airflow/example_dags/plugins/event_listener.py for tasks to queue
[2024-09-01T01:04:59.479+0530] {logging_mixin.py:190} INFO - [2024-09-01T01:04:59.479+0530] {dagbag.py:587} INFO - Filling up the DagBag from /Users/ravipal/Desktop/Workspace/airflow_tutorial/py_env/lib/python3.12/site-packages/airflow/example_dags/plugins/event_listener.py
[2024-09-01T01:04:59.479+0530] {processor.py:927} WARNING - No viable dags retrieved from /Users/ravipal/Desktop/Workspace/airflow_tutorial/py_env/lib/python3.12/site-packages/airflow/example_dags/plugins/event_listener.py
[2024-09-01T01:04:59.512+0530] {processor.py:208} INFO - Processing /Users/ravipal/Desktop/Workspace/airflow_tutorial/py_env/lib/python3.12/site-packages/airflow/example_dags/plugins/event_listener.py took 0.035 seconds
[2024-09-01T01:06:03.236+0530] {processor.py:186} INFO - Started process (PID=4263) to work on /Users/ravipal/Desktop/Workspace/airflow_tutorial/py_env/lib/python3.12/site-packages/airflow/example_dags/plugins/event_listener.py
[2024-09-01T01:06:03.238+0530] {processor.py:914} INFO - Processing file /Users/ravipal/Desktop/Workspace/airflow_tutorial/py_env/lib/python3.12/site-packages/airflow/example_dags/plugins/event_listener.py for tasks to queue
[2024-09-01T01:06:03.238+0530] {logging_mixin.py:190} INFO - [2024-09-01T01:06:03.238+0530] {dagbag.py:587} INFO - Filling up the DagBag from /Users/ravipal/Desktop/Workspace/airflow_tutorial/py_env/lib/python3.12/site-packages/airflow/example_dags/plugins/event_listener.py
[2024-09-01T01:06:03.238+0530] {processor.py:927} WARNING - No viable dags retrieved from /Users/ravipal/Desktop/Workspace/airflow_tutorial/py_env/lib/python3.12/site-packages/airflow/example_dags/plugins/event_listener.py
[2024-09-01T01:06:03.270+0530] {processor.py:208} INFO - Processing /Users/ravipal/Desktop/Workspace/airflow_tutorial/py_env/lib/python3.12/site-packages/airflow/example_dags/plugins/event_listener.py took 0.036 seconds
[2024-09-01T01:07:08.879+0530] {processor.py:186} INFO - Started process (PID=4332) to work on /Users/ravipal/Desktop/Workspace/airflow_tutorial/py_env/lib/python3.12/site-packages/airflow/example_dags/plugins/event_listener.py
[2024-09-01T01:07:08.880+0530] {processor.py:914} INFO - Processing file /Users/ravipal/Desktop/Workspace/airflow_tutorial/py_env/lib/python3.12/site-packages/airflow/example_dags/plugins/event_listener.py for tasks to queue
[2024-09-01T01:07:08.880+0530] {logging_mixin.py:190} INFO - [2024-09-01T01:07:08.880+0530] {dagbag.py:587} INFO - Filling up the DagBag from /Users/ravipal/Desktop/Workspace/airflow_tutorial/py_env/lib/python3.12/site-packages/airflow/example_dags/plugins/event_listener.py
[2024-09-01T01:07:08.881+0530] {processor.py:927} WARNING - No viable dags retrieved from /Users/ravipal/Desktop/Workspace/airflow_tutorial/py_env/lib/python3.12/site-packages/airflow/example_dags/plugins/event_listener.py
[2024-09-01T01:07:08.912+0530] {processor.py:208} INFO - Processing /Users/ravipal/Desktop/Workspace/airflow_tutorial/py_env/lib/python3.12/site-packages/airflow/example_dags/plugins/event_listener.py took 0.034 seconds
[2024-09-01T01:08:15.257+0530] {processor.py:186} INFO - Started process (PID=4398) to work on /Users/ravipal/Desktop/Workspace/airflow_tutorial/py_env/lib/python3.12/site-packages/airflow/example_dags/plugins/event_listener.py
[2024-09-01T01:08:15.258+0530] {processor.py:914} INFO - Processing file /Users/ravipal/Desktop/Workspace/airflow_tutorial/py_env/lib/python3.12/site-packages/airflow/example_dags/plugins/event_listener.py for tasks to queue
[2024-09-01T01:08:15.258+0530] {logging_mixin.py:190} INFO - [2024-09-01T01:08:15.258+0530] {dagbag.py:587} INFO - Filling up the DagBag from /Users/ravipal/Desktop/Workspace/airflow_tutorial/py_env/lib/python3.12/site-packages/airflow/example_dags/plugins/event_listener.py
[2024-09-01T01:08:15.258+0530] {processor.py:927} WARNING - No viable dags retrieved from /Users/ravipal/Desktop/Workspace/airflow_tutorial/py_env/lib/python3.12/site-packages/airflow/example_dags/plugins/event_listener.py
[2024-09-01T01:08:15.291+0530] {processor.py:208} INFO - Processing /Users/ravipal/Desktop/Workspace/airflow_tutorial/py_env/lib/python3.12/site-packages/airflow/example_dags/plugins/event_listener.py took 0.036 seconds
[2024-09-01T01:09:20.063+0530] {processor.py:186} INFO - Started process (PID=4463) to work on /Users/ravipal/Desktop/Workspace/airflow_tutorial/py_env/lib/python3.12/site-packages/airflow/example_dags/plugins/event_listener.py
[2024-09-01T01:09:20.063+0530] {processor.py:914} INFO - Processing file /Users/ravipal/Desktop/Workspace/airflow_tutorial/py_env/lib/python3.12/site-packages/airflow/example_dags/plugins/event_listener.py for tasks to queue
[2024-09-01T01:09:20.063+0530] {logging_mixin.py:190} INFO - [2024-09-01T01:09:20.063+0530] {dagbag.py:587} INFO - Filling up the DagBag from /Users/ravipal/Desktop/Workspace/airflow_tutorial/py_env/lib/python3.12/site-packages/airflow/example_dags/plugins/event_listener.py
[2024-09-01T01:09:20.064+0530] {processor.py:927} WARNING - No viable dags retrieved from /Users/ravipal/Desktop/Workspace/airflow_tutorial/py_env/lib/python3.12/site-packages/airflow/example_dags/plugins/event_listener.py
[2024-09-01T01:09:20.096+0530] {processor.py:208} INFO - Processing /Users/ravipal/Desktop/Workspace/airflow_tutorial/py_env/lib/python3.12/site-packages/airflow/example_dags/plugins/event_listener.py took 0.035 seconds
[2024-09-01T01:10:23.222+0530] {processor.py:186} INFO - Started process (PID=4527) to work on /Users/ravipal/Desktop/Workspace/airflow_tutorial/py_env/lib/python3.12/site-packages/airflow/example_dags/plugins/event_listener.py
[2024-09-01T01:10:23.222+0530] {processor.py:914} INFO - Processing file /Users/ravipal/Desktop/Workspace/airflow_tutorial/py_env/lib/python3.12/site-packages/airflow/example_dags/plugins/event_listener.py for tasks to queue
[2024-09-01T01:10:23.222+0530] {logging_mixin.py:190} INFO - [2024-09-01T01:10:23.222+0530] {dagbag.py:587} INFO - Filling up the DagBag from /Users/ravipal/Desktop/Workspace/airflow_tutorial/py_env/lib/python3.12/site-packages/airflow/example_dags/plugins/event_listener.py
[2024-09-01T01:10:23.223+0530] {processor.py:927} WARNING - No viable dags retrieved from /Users/ravipal/Desktop/Workspace/airflow_tutorial/py_env/lib/python3.12/site-packages/airflow/example_dags/plugins/event_listener.py
[2024-09-01T01:10:23.254+0530] {processor.py:208} INFO - Processing /Users/ravipal/Desktop/Workspace/airflow_tutorial/py_env/lib/python3.12/site-packages/airflow/example_dags/plugins/event_listener.py took 0.035 seconds
[2024-09-01T01:11:26.133+0530] {processor.py:186} INFO - Started process (PID=4589) to work on /Users/ravipal/Desktop/Workspace/airflow_tutorial/py_env/lib/python3.12/site-packages/airflow/example_dags/plugins/event_listener.py
[2024-09-01T01:11:26.133+0530] {processor.py:914} INFO - Processing file /Users/ravipal/Desktop/Workspace/airflow_tutorial/py_env/lib/python3.12/site-packages/airflow/example_dags/plugins/event_listener.py for tasks to queue
[2024-09-01T01:11:26.134+0530] {logging_mixin.py:190} INFO - [2024-09-01T01:11:26.134+0530] {dagbag.py:587} INFO - Filling up the DagBag from /Users/ravipal/Desktop/Workspace/airflow_tutorial/py_env/lib/python3.12/site-packages/airflow/example_dags/plugins/event_listener.py
[2024-09-01T01:11:26.134+0530] {processor.py:927} WARNING - No viable dags retrieved from /Users/ravipal/Desktop/Workspace/airflow_tutorial/py_env/lib/python3.12/site-packages/airflow/example_dags/plugins/event_listener.py
[2024-09-01T01:11:26.166+0530] {processor.py:208} INFO - Processing /Users/ravipal/Desktop/Workspace/airflow_tutorial/py_env/lib/python3.12/site-packages/airflow/example_dags/plugins/event_listener.py took 0.035 seconds
[2024-09-01T01:12:29.904+0530] {processor.py:186} INFO - Started process (PID=4655) to work on /Users/ravipal/Desktop/Workspace/airflow_tutorial/py_env/lib/python3.12/site-packages/airflow/example_dags/plugins/event_listener.py
[2024-09-01T01:12:29.904+0530] {processor.py:914} INFO - Processing file /Users/ravipal/Desktop/Workspace/airflow_tutorial/py_env/lib/python3.12/site-packages/airflow/example_dags/plugins/event_listener.py for tasks to queue
[2024-09-01T01:12:29.905+0530] {logging_mixin.py:190} INFO - [2024-09-01T01:12:29.905+0530] {dagbag.py:587} INFO - Filling up the DagBag from /Users/ravipal/Desktop/Workspace/airflow_tutorial/py_env/lib/python3.12/site-packages/airflow/example_dags/plugins/event_listener.py
[2024-09-01T01:12:29.905+0530] {processor.py:927} WARNING - No viable dags retrieved from /Users/ravipal/Desktop/Workspace/airflow_tutorial/py_env/lib/python3.12/site-packages/airflow/example_dags/plugins/event_listener.py
[2024-09-01T01:12:29.937+0530] {processor.py:208} INFO - Processing /Users/ravipal/Desktop/Workspace/airflow_tutorial/py_env/lib/python3.12/site-packages/airflow/example_dags/plugins/event_listener.py took 0.035 seconds
[2024-09-01T01:13:32.178+0530] {processor.py:186} INFO - Started process (PID=4716) to work on /Users/ravipal/Desktop/Workspace/airflow_tutorial/py_env/lib/python3.12/site-packages/airflow/example_dags/plugins/event_listener.py
[2024-09-01T01:13:32.179+0530] {processor.py:914} INFO - Processing file /Users/ravipal/Desktop/Workspace/airflow_tutorial/py_env/lib/python3.12/site-packages/airflow/example_dags/plugins/event_listener.py for tasks to queue
[2024-09-01T01:13:32.179+0530] {logging_mixin.py:190} INFO - [2024-09-01T01:13:32.179+0530] {dagbag.py:587} INFO - Filling up the DagBag from /Users/ravipal/Desktop/Workspace/airflow_tutorial/py_env/lib/python3.12/site-packages/airflow/example_dags/plugins/event_listener.py
[2024-09-01T01:13:32.180+0530] {processor.py:927} WARNING - No viable dags retrieved from /Users/ravipal/Desktop/Workspace/airflow_tutorial/py_env/lib/python3.12/site-packages/airflow/example_dags/plugins/event_listener.py
[2024-09-01T01:13:32.212+0530] {processor.py:208} INFO - Processing /Users/ravipal/Desktop/Workspace/airflow_tutorial/py_env/lib/python3.12/site-packages/airflow/example_dags/plugins/event_listener.py took 0.035 seconds
[2024-09-01T01:14:37.566+0530] {processor.py:186} INFO - Started process (PID=4782) to work on /Users/ravipal/Desktop/Workspace/airflow_tutorial/py_env/lib/python3.12/site-packages/airflow/example_dags/plugins/event_listener.py
[2024-09-01T01:14:37.567+0530] {processor.py:914} INFO - Processing file /Users/ravipal/Desktop/Workspace/airflow_tutorial/py_env/lib/python3.12/site-packages/airflow/example_dags/plugins/event_listener.py for tasks to queue
[2024-09-01T01:14:37.567+0530] {logging_mixin.py:190} INFO - [2024-09-01T01:14:37.567+0530] {dagbag.py:587} INFO - Filling up the DagBag from /Users/ravipal/Desktop/Workspace/airflow_tutorial/py_env/lib/python3.12/site-packages/airflow/example_dags/plugins/event_listener.py
[2024-09-01T01:14:37.567+0530] {processor.py:927} WARNING - No viable dags retrieved from /Users/ravipal/Desktop/Workspace/airflow_tutorial/py_env/lib/python3.12/site-packages/airflow/example_dags/plugins/event_listener.py
[2024-09-01T01:14:37.600+0530] {processor.py:208} INFO - Processing /Users/ravipal/Desktop/Workspace/airflow_tutorial/py_env/lib/python3.12/site-packages/airflow/example_dags/plugins/event_listener.py took 0.035 seconds
[2024-09-01T01:15:43.905+0530] {processor.py:186} INFO - Started process (PID=4850) to work on /Users/ravipal/Desktop/Workspace/airflow_tutorial/py_env/lib/python3.12/site-packages/airflow/example_dags/plugins/event_listener.py
[2024-09-01T01:15:43.905+0530] {processor.py:914} INFO - Processing file /Users/ravipal/Desktop/Workspace/airflow_tutorial/py_env/lib/python3.12/site-packages/airflow/example_dags/plugins/event_listener.py for tasks to queue
[2024-09-01T01:15:43.906+0530] {logging_mixin.py:190} INFO - [2024-09-01T01:15:43.906+0530] {dagbag.py:587} INFO - Filling up the DagBag from /Users/ravipal/Desktop/Workspace/airflow_tutorial/py_env/lib/python3.12/site-packages/airflow/example_dags/plugins/event_listener.py
[2024-09-01T01:15:43.906+0530] {processor.py:927} WARNING - No viable dags retrieved from /Users/ravipal/Desktop/Workspace/airflow_tutorial/py_env/lib/python3.12/site-packages/airflow/example_dags/plugins/event_listener.py
[2024-09-01T01:15:43.939+0530] {processor.py:208} INFO - Processing /Users/ravipal/Desktop/Workspace/airflow_tutorial/py_env/lib/python3.12/site-packages/airflow/example_dags/plugins/event_listener.py took 0.036 seconds
[2024-09-01T01:16:51.556+0530] {processor.py:186} INFO - Started process (PID=4915) to work on /Users/ravipal/Desktop/Workspace/airflow_tutorial/py_env/lib/python3.12/site-packages/airflow/example_dags/plugins/event_listener.py
[2024-09-01T01:16:51.556+0530] {processor.py:914} INFO - Processing file /Users/ravipal/Desktop/Workspace/airflow_tutorial/py_env/lib/python3.12/site-packages/airflow/example_dags/plugins/event_listener.py for tasks to queue
[2024-09-01T01:16:51.557+0530] {logging_mixin.py:190} INFO - [2024-09-01T01:16:51.557+0530] {dagbag.py:587} INFO - Filling up the DagBag from /Users/ravipal/Desktop/Workspace/airflow_tutorial/py_env/lib/python3.12/site-packages/airflow/example_dags/plugins/event_listener.py
[2024-09-01T01:16:51.557+0530] {processor.py:927} WARNING - No viable dags retrieved from /Users/ravipal/Desktop/Workspace/airflow_tutorial/py_env/lib/python3.12/site-packages/airflow/example_dags/plugins/event_listener.py
[2024-09-01T01:16:51.590+0530] {processor.py:208} INFO - Processing /Users/ravipal/Desktop/Workspace/airflow_tutorial/py_env/lib/python3.12/site-packages/airflow/example_dags/plugins/event_listener.py took 0.036 seconds
[2024-09-01T01:17:54.462+0530] {processor.py:186} INFO - Started process (PID=4980) to work on /Users/ravipal/Desktop/Workspace/airflow_tutorial/py_env/lib/python3.12/site-packages/airflow/example_dags/plugins/event_listener.py
[2024-09-01T01:17:54.462+0530] {processor.py:914} INFO - Processing file /Users/ravipal/Desktop/Workspace/airflow_tutorial/py_env/lib/python3.12/site-packages/airflow/example_dags/plugins/event_listener.py for tasks to queue
[2024-09-01T01:17:54.462+0530] {logging_mixin.py:190} INFO - [2024-09-01T01:17:54.462+0530] {dagbag.py:587} INFO - Filling up the DagBag from /Users/ravipal/Desktop/Workspace/airflow_tutorial/py_env/lib/python3.12/site-packages/airflow/example_dags/plugins/event_listener.py
[2024-09-01T01:17:54.463+0530] {processor.py:927} WARNING - No viable dags retrieved from /Users/ravipal/Desktop/Workspace/airflow_tutorial/py_env/lib/python3.12/site-packages/airflow/example_dags/plugins/event_listener.py
[2024-09-01T01:17:54.495+0530] {processor.py:208} INFO - Processing /Users/ravipal/Desktop/Workspace/airflow_tutorial/py_env/lib/python3.12/site-packages/airflow/example_dags/plugins/event_listener.py took 0.035 seconds
[2024-09-01T01:19:02.302+0530] {processor.py:186} INFO - Started process (PID=5053) to work on /Users/ravipal/Desktop/Workspace/airflow_tutorial/py_env/lib/python3.12/site-packages/airflow/example_dags/plugins/event_listener.py
[2024-09-01T01:19:02.303+0530] {processor.py:914} INFO - Processing file /Users/ravipal/Desktop/Workspace/airflow_tutorial/py_env/lib/python3.12/site-packages/airflow/example_dags/plugins/event_listener.py for tasks to queue
[2024-09-01T01:19:02.303+0530] {logging_mixin.py:190} INFO - [2024-09-01T01:19:02.303+0530] {dagbag.py:587} INFO - Filling up the DagBag from /Users/ravipal/Desktop/Workspace/airflow_tutorial/py_env/lib/python3.12/site-packages/airflow/example_dags/plugins/event_listener.py
[2024-09-01T01:19:02.304+0530] {processor.py:927} WARNING - No viable dags retrieved from /Users/ravipal/Desktop/Workspace/airflow_tutorial/py_env/lib/python3.12/site-packages/airflow/example_dags/plugins/event_listener.py
[2024-09-01T01:19:02.336+0530] {processor.py:208} INFO - Processing /Users/ravipal/Desktop/Workspace/airflow_tutorial/py_env/lib/python3.12/site-packages/airflow/example_dags/plugins/event_listener.py took 0.036 seconds
