[2024-09-01T00:22:37.253+0530] {processor.py:186} INFO - Started process (PID=1398) to work on /Users/ravipal/Desktop/Workspace/airflow_tutorial/py_env/lib/python3.12/site-packages/airflow/example_dags/plugins/workday.py
[2024-09-01T00:22:37.253+0530] {processor.py:914} INFO - Processing file /Users/ravipal/Desktop/Workspace/airflow_tutorial/py_env/lib/python3.12/site-packages/airflow/example_dags/plugins/workday.py for tasks to queue
[2024-09-01T00:22:37.254+0530] {logging_mixin.py:190} INFO - [2024-09-01T00:22:37.253+0530] {dagbag.py:587} INFO - Filling up the DagBag from /Users/ravipal/Desktop/Workspace/airflow_tutorial/py_env/lib/python3.12/site-packages/airflow/example_dags/plugins/workday.py
[2024-09-01T00:22:37.254+0530] {logging_mixin.py:190} INFO - [2024-09-01T00:22:37.254+0530] {workday.py:41} WARNING - Could not import pandas. Holidays will not be considered.
[2024-09-01T00:22:37.254+0530] {processor.py:927} WARNING - No viable dags retrieved from /Users/ravipal/Desktop/Workspace/airflow_tutorial/py_env/lib/python3.12/site-packages/airflow/example_dags/plugins/workday.py
[2024-09-01T00:22:37.286+0530] {processor.py:208} INFO - Processing /Users/ravipal/Desktop/Workspace/airflow_tutorial/py_env/lib/python3.12/site-packages/airflow/example_dags/plugins/workday.py took 0.035 seconds
[2024-09-01T00:24:19.237+0530] {processor.py:186} INFO - Started process (PID=1503) to work on /Users/ravipal/Desktop/Workspace/airflow_tutorial/py_env/lib/python3.12/site-packages/airflow/example_dags/plugins/workday.py
[2024-09-01T00:24:19.237+0530] {processor.py:914} INFO - Processing file /Users/ravipal/Desktop/Workspace/airflow_tutorial/py_env/lib/python3.12/site-packages/airflow/example_dags/plugins/workday.py for tasks to queue
[2024-09-01T00:24:19.238+0530] {logging_mixin.py:190} INFO - [2024-09-01T00:24:19.237+0530] {dagbag.py:587} INFO - Filling up the DagBag from /Users/ravipal/Desktop/Workspace/airflow_tutorial/py_env/lib/python3.12/site-packages/airflow/example_dags/plugins/workday.py
[2024-09-01T00:24:19.238+0530] {logging_mixin.py:190} INFO - [2024-09-01T00:24:19.238+0530] {workday.py:41} WARNING - Could not import pandas. Holidays will not be considered.
[2024-09-01T00:24:19.238+0530] {processor.py:927} WARNING - No viable dags retrieved from /Users/ravipal/Desktop/Workspace/airflow_tutorial/py_env/lib/python3.12/site-packages/airflow/example_dags/plugins/workday.py
[2024-09-01T00:24:19.271+0530] {processor.py:208} INFO - Processing /Users/ravipal/Desktop/Workspace/airflow_tutorial/py_env/lib/python3.12/site-packages/airflow/example_dags/plugins/workday.py took 0.036 seconds
[2024-09-01T00:25:26.579+0530] {processor.py:186} INFO - Started process (PID=1574) to work on /Users/ravipal/Desktop/Workspace/airflow_tutorial/py_env/lib/python3.12/site-packages/airflow/example_dags/plugins/workday.py
[2024-09-01T00:25:26.580+0530] {processor.py:914} INFO - Processing file /Users/ravipal/Desktop/Workspace/airflow_tutorial/py_env/lib/python3.12/site-packages/airflow/example_dags/plugins/workday.py for tasks to queue
[2024-09-01T00:25:26.580+0530] {logging_mixin.py:190} INFO - [2024-09-01T00:25:26.580+0530] {dagbag.py:587} INFO - Filling up the DagBag from /Users/ravipal/Desktop/Workspace/airflow_tutorial/py_env/lib/python3.12/site-packages/airflow/example_dags/plugins/workday.py
[2024-09-01T00:25:26.581+0530] {logging_mixin.py:190} INFO - [2024-09-01T00:25:26.581+0530] {workday.py:41} WARNING - Could not import pandas. Holidays will not be considered.
[2024-09-01T00:25:26.581+0530] {processor.py:927} WARNING - No viable dags retrieved from /Users/ravipal/Desktop/Workspace/airflow_tutorial/py_env/lib/python3.12/site-packages/airflow/example_dags/plugins/workday.py
[2024-09-01T00:25:26.613+0530] {processor.py:208} INFO - Processing /Users/ravipal/Desktop/Workspace/airflow_tutorial/py_env/lib/python3.12/site-packages/airflow/example_dags/plugins/workday.py took 0.036 seconds
[2024-09-01T00:26:33.876+0530] {processor.py:186} INFO - Started process (PID=1643) to work on /Users/ravipal/Desktop/Workspace/airflow_tutorial/py_env/lib/python3.12/site-packages/airflow/example_dags/plugins/workday.py
[2024-09-01T00:26:33.877+0530] {processor.py:914} INFO - Processing file /Users/ravipal/Desktop/Workspace/airflow_tutorial/py_env/lib/python3.12/site-packages/airflow/example_dags/plugins/workday.py for tasks to queue
[2024-09-01T00:26:33.877+0530] {logging_mixin.py:190} INFO - [2024-09-01T00:26:33.877+0530] {dagbag.py:587} INFO - Filling up the DagBag from /Users/ravipal/Desktop/Workspace/airflow_tutorial/py_env/lib/python3.12/site-packages/airflow/example_dags/plugins/workday.py
[2024-09-01T00:26:33.878+0530] {logging_mixin.py:190} INFO - [2024-09-01T00:26:33.878+0530] {workday.py:41} WARNING - Could not import pandas. Holidays will not be considered.
[2024-09-01T00:26:33.878+0530] {processor.py:927} WARNING - No viable dags retrieved from /Users/ravipal/Desktop/Workspace/airflow_tutorial/py_env/lib/python3.12/site-packages/airflow/example_dags/plugins/workday.py
[2024-09-01T00:26:33.909+0530] {processor.py:208} INFO - Processing /Users/ravipal/Desktop/Workspace/airflow_tutorial/py_env/lib/python3.12/site-packages/airflow/example_dags/plugins/workday.py took 0.035 seconds
[2024-09-01T00:27:44.045+0530] {processor.py:186} INFO - Started process (PID=1901) to work on /Users/ravipal/Desktop/Workspace/airflow_tutorial/py_env/lib/python3.12/site-packages/airflow/example_dags/plugins/workday.py
[2024-09-01T00:27:44.045+0530] {processor.py:914} INFO - Processing file /Users/ravipal/Desktop/Workspace/airflow_tutorial/py_env/lib/python3.12/site-packages/airflow/example_dags/plugins/workday.py for tasks to queue
[2024-09-01T00:27:44.045+0530] {logging_mixin.py:190} INFO - [2024-09-01T00:27:44.045+0530] {dagbag.py:587} INFO - Filling up the DagBag from /Users/ravipal/Desktop/Workspace/airflow_tutorial/py_env/lib/python3.12/site-packages/airflow/example_dags/plugins/workday.py
[2024-09-01T00:27:44.046+0530] {logging_mixin.py:190} INFO - [2024-09-01T00:27:44.046+0530] {workday.py:41} WARNING - Could not import pandas. Holidays will not be considered.
[2024-09-01T00:27:44.046+0530] {processor.py:927} WARNING - No viable dags retrieved from /Users/ravipal/Desktop/Workspace/airflow_tutorial/py_env/lib/python3.12/site-packages/airflow/example_dags/plugins/workday.py
[2024-09-01T00:27:44.077+0530] {processor.py:208} INFO - Processing /Users/ravipal/Desktop/Workspace/airflow_tutorial/py_env/lib/python3.12/site-packages/airflow/example_dags/plugins/workday.py took 0.035 seconds
[2024-09-01T00:28:52.170+0530] {processor.py:186} INFO - Started process (PID=1970) to work on /Users/ravipal/Desktop/Workspace/airflow_tutorial/py_env/lib/python3.12/site-packages/airflow/example_dags/plugins/workday.py
[2024-09-01T00:28:52.170+0530] {processor.py:914} INFO - Processing file /Users/ravipal/Desktop/Workspace/airflow_tutorial/py_env/lib/python3.12/site-packages/airflow/example_dags/plugins/workday.py for tasks to queue
[2024-09-01T00:28:52.170+0530] {logging_mixin.py:190} INFO - [2024-09-01T00:28:52.170+0530] {dagbag.py:587} INFO - Filling up the DagBag from /Users/ravipal/Desktop/Workspace/airflow_tutorial/py_env/lib/python3.12/site-packages/airflow/example_dags/plugins/workday.py
[2024-09-01T00:28:52.171+0530] {logging_mixin.py:190} INFO - [2024-09-01T00:28:52.171+0530] {workday.py:41} WARNING - Could not import pandas. Holidays will not be considered.
[2024-09-01T00:28:52.171+0530] {processor.py:927} WARNING - No viable dags retrieved from /Users/ravipal/Desktop/Workspace/airflow_tutorial/py_env/lib/python3.12/site-packages/airflow/example_dags/plugins/workday.py
[2024-09-01T00:28:52.203+0530] {processor.py:208} INFO - Processing /Users/ravipal/Desktop/Workspace/airflow_tutorial/py_env/lib/python3.12/site-packages/airflow/example_dags/plugins/workday.py took 0.035 seconds
[2024-09-01T00:29:54.147+0530] {processor.py:186} INFO - Started process (PID=2032) to work on /Users/ravipal/Desktop/Workspace/airflow_tutorial/py_env/lib/python3.12/site-packages/airflow/example_dags/plugins/workday.py
[2024-09-01T00:29:54.148+0530] {processor.py:914} INFO - Processing file /Users/ravipal/Desktop/Workspace/airflow_tutorial/py_env/lib/python3.12/site-packages/airflow/example_dags/plugins/workday.py for tasks to queue
[2024-09-01T00:29:54.148+0530] {logging_mixin.py:190} INFO - [2024-09-01T00:29:54.148+0530] {dagbag.py:587} INFO - Filling up the DagBag from /Users/ravipal/Desktop/Workspace/airflow_tutorial/py_env/lib/python3.12/site-packages/airflow/example_dags/plugins/workday.py
[2024-09-01T00:29:54.149+0530] {logging_mixin.py:190} INFO - [2024-09-01T00:29:54.149+0530] {workday.py:41} WARNING - Could not import pandas. Holidays will not be considered.
[2024-09-01T00:29:54.149+0530] {processor.py:927} WARNING - No viable dags retrieved from /Users/ravipal/Desktop/Workspace/airflow_tutorial/py_env/lib/python3.12/site-packages/airflow/example_dags/plugins/workday.py
[2024-09-01T00:29:54.184+0530] {processor.py:208} INFO - Processing /Users/ravipal/Desktop/Workspace/airflow_tutorial/py_env/lib/python3.12/site-packages/airflow/example_dags/plugins/workday.py took 0.040 seconds
[2024-09-01T00:30:59.795+0530] {processor.py:186} INFO - Started process (PID=2100) to work on /Users/ravipal/Desktop/Workspace/airflow_tutorial/py_env/lib/python3.12/site-packages/airflow/example_dags/plugins/workday.py
[2024-09-01T00:30:59.795+0530] {processor.py:914} INFO - Processing file /Users/ravipal/Desktop/Workspace/airflow_tutorial/py_env/lib/python3.12/site-packages/airflow/example_dags/plugins/workday.py for tasks to queue
[2024-09-01T00:30:59.795+0530] {logging_mixin.py:190} INFO - [2024-09-01T00:30:59.795+0530] {dagbag.py:587} INFO - Filling up the DagBag from /Users/ravipal/Desktop/Workspace/airflow_tutorial/py_env/lib/python3.12/site-packages/airflow/example_dags/plugins/workday.py
[2024-09-01T00:30:59.796+0530] {logging_mixin.py:190} INFO - [2024-09-01T00:30:59.796+0530] {workday.py:41} WARNING - Could not import pandas. Holidays will not be considered.
[2024-09-01T00:30:59.796+0530] {processor.py:927} WARNING - No viable dags retrieved from /Users/ravipal/Desktop/Workspace/airflow_tutorial/py_env/lib/python3.12/site-packages/airflow/example_dags/plugins/workday.py
[2024-09-01T00:30:59.828+0530] {processor.py:208} INFO - Processing /Users/ravipal/Desktop/Workspace/airflow_tutorial/py_env/lib/python3.12/site-packages/airflow/example_dags/plugins/workday.py took 0.035 seconds
[2024-09-01T00:32:06.594+0530] {processor.py:186} INFO - Started process (PID=2169) to work on /Users/ravipal/Desktop/Workspace/airflow_tutorial/py_env/lib/python3.12/site-packages/airflow/example_dags/plugins/workday.py
[2024-09-01T00:32:06.594+0530] {processor.py:914} INFO - Processing file /Users/ravipal/Desktop/Workspace/airflow_tutorial/py_env/lib/python3.12/site-packages/airflow/example_dags/plugins/workday.py for tasks to queue
[2024-09-01T00:32:06.595+0530] {logging_mixin.py:190} INFO - [2024-09-01T00:32:06.595+0530] {dagbag.py:587} INFO - Filling up the DagBag from /Users/ravipal/Desktop/Workspace/airflow_tutorial/py_env/lib/python3.12/site-packages/airflow/example_dags/plugins/workday.py
[2024-09-01T00:32:06.595+0530] {logging_mixin.py:190} INFO - [2024-09-01T00:32:06.595+0530] {workday.py:41} WARNING - Could not import pandas. Holidays will not be considered.
[2024-09-01T00:32:06.595+0530] {processor.py:927} WARNING - No viable dags retrieved from /Users/ravipal/Desktop/Workspace/airflow_tutorial/py_env/lib/python3.12/site-packages/airflow/example_dags/plugins/workday.py
[2024-09-01T00:32:06.627+0530] {processor.py:208} INFO - Processing /Users/ravipal/Desktop/Workspace/airflow_tutorial/py_env/lib/python3.12/site-packages/airflow/example_dags/plugins/workday.py took 0.035 seconds
[2024-09-01T00:33:13.897+0530] {processor.py:186} INFO - Started process (PID=2233) to work on /Users/ravipal/Desktop/Workspace/airflow_tutorial/py_env/lib/python3.12/site-packages/airflow/example_dags/plugins/workday.py
[2024-09-01T00:33:13.898+0530] {processor.py:914} INFO - Processing file /Users/ravipal/Desktop/Workspace/airflow_tutorial/py_env/lib/python3.12/site-packages/airflow/example_dags/plugins/workday.py for tasks to queue
[2024-09-01T00:33:13.898+0530] {logging_mixin.py:190} INFO - [2024-09-01T00:33:13.898+0530] {dagbag.py:587} INFO - Filling up the DagBag from /Users/ravipal/Desktop/Workspace/airflow_tutorial/py_env/lib/python3.12/site-packages/airflow/example_dags/plugins/workday.py
[2024-09-01T00:33:13.899+0530] {logging_mixin.py:190} INFO - [2024-09-01T00:33:13.899+0530] {workday.py:41} WARNING - Could not import pandas. Holidays will not be considered.
[2024-09-01T00:33:13.899+0530] {processor.py:927} WARNING - No viable dags retrieved from /Users/ravipal/Desktop/Workspace/airflow_tutorial/py_env/lib/python3.12/site-packages/airflow/example_dags/plugins/workday.py
[2024-09-01T00:33:13.930+0530] {processor.py:208} INFO - Processing /Users/ravipal/Desktop/Workspace/airflow_tutorial/py_env/lib/python3.12/site-packages/airflow/example_dags/plugins/workday.py took 0.035 seconds
[2024-09-01T00:34:22.521+0530] {processor.py:186} INFO - Started process (PID=2301) to work on /Users/ravipal/Desktop/Workspace/airflow_tutorial/py_env/lib/python3.12/site-packages/airflow/example_dags/plugins/workday.py
[2024-09-01T00:34:22.522+0530] {processor.py:914} INFO - Processing file /Users/ravipal/Desktop/Workspace/airflow_tutorial/py_env/lib/python3.12/site-packages/airflow/example_dags/plugins/workday.py for tasks to queue
[2024-09-01T00:34:22.522+0530] {logging_mixin.py:190} INFO - [2024-09-01T00:34:22.522+0530] {dagbag.py:587} INFO - Filling up the DagBag from /Users/ravipal/Desktop/Workspace/airflow_tutorial/py_env/lib/python3.12/site-packages/airflow/example_dags/plugins/workday.py
[2024-09-01T00:34:22.522+0530] {logging_mixin.py:190} INFO - [2024-09-01T00:34:22.522+0530] {workday.py:41} WARNING - Could not import pandas. Holidays will not be considered.
[2024-09-01T00:34:22.523+0530] {processor.py:927} WARNING - No viable dags retrieved from /Users/ravipal/Desktop/Workspace/airflow_tutorial/py_env/lib/python3.12/site-packages/airflow/example_dags/plugins/workday.py
[2024-09-01T00:34:22.555+0530] {processor.py:208} INFO - Processing /Users/ravipal/Desktop/Workspace/airflow_tutorial/py_env/lib/python3.12/site-packages/airflow/example_dags/plugins/workday.py took 0.035 seconds
[2024-09-01T00:35:30.550+0530] {processor.py:186} INFO - Started process (PID=2370) to work on /Users/ravipal/Desktop/Workspace/airflow_tutorial/py_env/lib/python3.12/site-packages/airflow/example_dags/plugins/workday.py
[2024-09-01T00:35:30.551+0530] {processor.py:914} INFO - Processing file /Users/ravipal/Desktop/Workspace/airflow_tutorial/py_env/lib/python3.12/site-packages/airflow/example_dags/plugins/workday.py for tasks to queue
[2024-09-01T00:35:30.551+0530] {logging_mixin.py:190} INFO - [2024-09-01T00:35:30.551+0530] {dagbag.py:587} INFO - Filling up the DagBag from /Users/ravipal/Desktop/Workspace/airflow_tutorial/py_env/lib/python3.12/site-packages/airflow/example_dags/plugins/workday.py
[2024-09-01T00:35:30.552+0530] {logging_mixin.py:190} INFO - [2024-09-01T00:35:30.552+0530] {workday.py:41} WARNING - Could not import pandas. Holidays will not be considered.
[2024-09-01T00:35:30.552+0530] {processor.py:927} WARNING - No viable dags retrieved from /Users/ravipal/Desktop/Workspace/airflow_tutorial/py_env/lib/python3.12/site-packages/airflow/example_dags/plugins/workday.py
[2024-09-01T00:35:30.584+0530] {processor.py:208} INFO - Processing /Users/ravipal/Desktop/Workspace/airflow_tutorial/py_env/lib/python3.12/site-packages/airflow/example_dags/plugins/workday.py took 0.035 seconds
[2024-09-01T00:36:37.838+0530] {processor.py:186} INFO - Started process (PID=2438) to work on /Users/ravipal/Desktop/Workspace/airflow_tutorial/py_env/lib/python3.12/site-packages/airflow/example_dags/plugins/workday.py
[2024-09-01T00:36:37.838+0530] {processor.py:914} INFO - Processing file /Users/ravipal/Desktop/Workspace/airflow_tutorial/py_env/lib/python3.12/site-packages/airflow/example_dags/plugins/workday.py for tasks to queue
[2024-09-01T00:36:37.839+0530] {logging_mixin.py:190} INFO - [2024-09-01T00:36:37.838+0530] {dagbag.py:587} INFO - Filling up the DagBag from /Users/ravipal/Desktop/Workspace/airflow_tutorial/py_env/lib/python3.12/site-packages/airflow/example_dags/plugins/workday.py
[2024-09-01T00:36:37.839+0530] {logging_mixin.py:190} INFO - [2024-09-01T00:36:37.839+0530] {workday.py:41} WARNING - Could not import pandas. Holidays will not be considered.
[2024-09-01T00:36:37.839+0530] {processor.py:927} WARNING - No viable dags retrieved from /Users/ravipal/Desktop/Workspace/airflow_tutorial/py_env/lib/python3.12/site-packages/airflow/example_dags/plugins/workday.py
[2024-09-01T00:36:37.873+0530] {processor.py:208} INFO - Processing /Users/ravipal/Desktop/Workspace/airflow_tutorial/py_env/lib/python3.12/site-packages/airflow/example_dags/plugins/workday.py took 0.038 seconds
[2024-09-01T00:37:43.999+0530] {processor.py:186} INFO - Started process (PID=2503) to work on /Users/ravipal/Desktop/Workspace/airflow_tutorial/py_env/lib/python3.12/site-packages/airflow/example_dags/plugins/workday.py
[2024-09-01T00:37:44.000+0530] {processor.py:914} INFO - Processing file /Users/ravipal/Desktop/Workspace/airflow_tutorial/py_env/lib/python3.12/site-packages/airflow/example_dags/plugins/workday.py for tasks to queue
[2024-09-01T00:37:44.000+0530] {logging_mixin.py:190} INFO - [2024-09-01T00:37:44.000+0530] {dagbag.py:587} INFO - Filling up the DagBag from /Users/ravipal/Desktop/Workspace/airflow_tutorial/py_env/lib/python3.12/site-packages/airflow/example_dags/plugins/workday.py
[2024-09-01T00:37:44.000+0530] {logging_mixin.py:190} INFO - [2024-09-01T00:37:44.000+0530] {workday.py:41} WARNING - Could not import pandas. Holidays will not be considered.
[2024-09-01T00:37:44.001+0530] {processor.py:927} WARNING - No viable dags retrieved from /Users/ravipal/Desktop/Workspace/airflow_tutorial/py_env/lib/python3.12/site-packages/airflow/example_dags/plugins/workday.py
[2024-09-01T00:37:44.032+0530] {processor.py:208} INFO - Processing /Users/ravipal/Desktop/Workspace/airflow_tutorial/py_env/lib/python3.12/site-packages/airflow/example_dags/plugins/workday.py took 0.035 seconds
[2024-09-01T00:38:45.936+0530] {processor.py:186} INFO - Started process (PID=2566) to work on /Users/ravipal/Desktop/Workspace/airflow_tutorial/py_env/lib/python3.12/site-packages/airflow/example_dags/plugins/workday.py
[2024-09-01T00:38:45.936+0530] {processor.py:914} INFO - Processing file /Users/ravipal/Desktop/Workspace/airflow_tutorial/py_env/lib/python3.12/site-packages/airflow/example_dags/plugins/workday.py for tasks to queue
[2024-09-01T00:38:45.937+0530] {logging_mixin.py:190} INFO - [2024-09-01T00:38:45.937+0530] {dagbag.py:587} INFO - Filling up the DagBag from /Users/ravipal/Desktop/Workspace/airflow_tutorial/py_env/lib/python3.12/site-packages/airflow/example_dags/plugins/workday.py
[2024-09-01T00:38:45.937+0530] {logging_mixin.py:190} INFO - [2024-09-01T00:38:45.937+0530] {workday.py:41} WARNING - Could not import pandas. Holidays will not be considered.
[2024-09-01T00:38:45.937+0530] {processor.py:927} WARNING - No viable dags retrieved from /Users/ravipal/Desktop/Workspace/airflow_tutorial/py_env/lib/python3.12/site-packages/airflow/example_dags/plugins/workday.py
[2024-09-01T00:38:45.969+0530] {processor.py:208} INFO - Processing /Users/ravipal/Desktop/Workspace/airflow_tutorial/py_env/lib/python3.12/site-packages/airflow/example_dags/plugins/workday.py took 0.035 seconds
[2024-09-01T00:39:48.879+0530] {processor.py:186} INFO - Started process (PID=2630) to work on /Users/ravipal/Desktop/Workspace/airflow_tutorial/py_env/lib/python3.12/site-packages/airflow/example_dags/plugins/workday.py
[2024-09-01T00:39:48.879+0530] {processor.py:914} INFO - Processing file /Users/ravipal/Desktop/Workspace/airflow_tutorial/py_env/lib/python3.12/site-packages/airflow/example_dags/plugins/workday.py for tasks to queue
[2024-09-01T00:39:48.879+0530] {logging_mixin.py:190} INFO - [2024-09-01T00:39:48.879+0530] {dagbag.py:587} INFO - Filling up the DagBag from /Users/ravipal/Desktop/Workspace/airflow_tutorial/py_env/lib/python3.12/site-packages/airflow/example_dags/plugins/workday.py
[2024-09-01T00:39:48.880+0530] {logging_mixin.py:190} INFO - [2024-09-01T00:39:48.880+0530] {workday.py:41} WARNING - Could not import pandas. Holidays will not be considered.
[2024-09-01T00:39:48.880+0530] {processor.py:927} WARNING - No viable dags retrieved from /Users/ravipal/Desktop/Workspace/airflow_tutorial/py_env/lib/python3.12/site-packages/airflow/example_dags/plugins/workday.py
[2024-09-01T00:39:48.912+0530] {processor.py:208} INFO - Processing /Users/ravipal/Desktop/Workspace/airflow_tutorial/py_env/lib/python3.12/site-packages/airflow/example_dags/plugins/workday.py took 0.036 seconds
[2024-09-01T00:40:54.811+0530] {processor.py:186} INFO - Started process (PID=2695) to work on /Users/ravipal/Desktop/Workspace/airflow_tutorial/py_env/lib/python3.12/site-packages/airflow/example_dags/plugins/workday.py
[2024-09-01T00:40:54.811+0530] {processor.py:914} INFO - Processing file /Users/ravipal/Desktop/Workspace/airflow_tutorial/py_env/lib/python3.12/site-packages/airflow/example_dags/plugins/workday.py for tasks to queue
[2024-09-01T00:40:54.811+0530] {logging_mixin.py:190} INFO - [2024-09-01T00:40:54.811+0530] {dagbag.py:587} INFO - Filling up the DagBag from /Users/ravipal/Desktop/Workspace/airflow_tutorial/py_env/lib/python3.12/site-packages/airflow/example_dags/plugins/workday.py
[2024-09-01T00:40:54.812+0530] {logging_mixin.py:190} INFO - [2024-09-01T00:40:54.812+0530] {workday.py:41} WARNING - Could not import pandas. Holidays will not be considered.
[2024-09-01T00:40:54.812+0530] {processor.py:927} WARNING - No viable dags retrieved from /Users/ravipal/Desktop/Workspace/airflow_tutorial/py_env/lib/python3.12/site-packages/airflow/example_dags/plugins/workday.py
[2024-09-01T00:40:54.845+0530] {processor.py:208} INFO - Processing /Users/ravipal/Desktop/Workspace/airflow_tutorial/py_env/lib/python3.12/site-packages/airflow/example_dags/plugins/workday.py took 0.036 seconds
[2024-09-01T00:42:01.805+0530] {processor.py:186} INFO - Started process (PID=2763) to work on /Users/ravipal/Desktop/Workspace/airflow_tutorial/py_env/lib/python3.12/site-packages/airflow/example_dags/plugins/workday.py
[2024-09-01T00:42:01.806+0530] {processor.py:914} INFO - Processing file /Users/ravipal/Desktop/Workspace/airflow_tutorial/py_env/lib/python3.12/site-packages/airflow/example_dags/plugins/workday.py for tasks to queue
[2024-09-01T00:42:01.806+0530] {logging_mixin.py:190} INFO - [2024-09-01T00:42:01.806+0530] {dagbag.py:587} INFO - Filling up the DagBag from /Users/ravipal/Desktop/Workspace/airflow_tutorial/py_env/lib/python3.12/site-packages/airflow/example_dags/plugins/workday.py
[2024-09-01T00:42:01.807+0530] {logging_mixin.py:190} INFO - [2024-09-01T00:42:01.807+0530] {workday.py:41} WARNING - Could not import pandas. Holidays will not be considered.
[2024-09-01T00:42:01.807+0530] {processor.py:927} WARNING - No viable dags retrieved from /Users/ravipal/Desktop/Workspace/airflow_tutorial/py_env/lib/python3.12/site-packages/airflow/example_dags/plugins/workday.py
[2024-09-01T00:42:01.838+0530] {processor.py:208} INFO - Processing /Users/ravipal/Desktop/Workspace/airflow_tutorial/py_env/lib/python3.12/site-packages/airflow/example_dags/plugins/workday.py took 0.035 seconds
[2024-09-01T00:43:08.550+0530] {processor.py:186} INFO - Started process (PID=2827) to work on /Users/ravipal/Desktop/Workspace/airflow_tutorial/py_env/lib/python3.12/site-packages/airflow/example_dags/plugins/workday.py
[2024-09-01T00:43:08.550+0530] {processor.py:914} INFO - Processing file /Users/ravipal/Desktop/Workspace/airflow_tutorial/py_env/lib/python3.12/site-packages/airflow/example_dags/plugins/workday.py for tasks to queue
[2024-09-01T00:43:08.550+0530] {logging_mixin.py:190} INFO - [2024-09-01T00:43:08.550+0530] {dagbag.py:587} INFO - Filling up the DagBag from /Users/ravipal/Desktop/Workspace/airflow_tutorial/py_env/lib/python3.12/site-packages/airflow/example_dags/plugins/workday.py
[2024-09-01T00:43:08.551+0530] {logging_mixin.py:190} INFO - [2024-09-01T00:43:08.551+0530] {workday.py:41} WARNING - Could not import pandas. Holidays will not be considered.
[2024-09-01T00:43:08.551+0530] {processor.py:927} WARNING - No viable dags retrieved from /Users/ravipal/Desktop/Workspace/airflow_tutorial/py_env/lib/python3.12/site-packages/airflow/example_dags/plugins/workday.py
[2024-09-01T00:43:08.583+0530] {processor.py:208} INFO - Processing /Users/ravipal/Desktop/Workspace/airflow_tutorial/py_env/lib/python3.12/site-packages/airflow/example_dags/plugins/workday.py took 0.035 seconds
[2024-09-01T00:44:16.784+0530] {processor.py:186} INFO - Started process (PID=2895) to work on /Users/ravipal/Desktop/Workspace/airflow_tutorial/py_env/lib/python3.12/site-packages/airflow/example_dags/plugins/workday.py
[2024-09-01T00:44:16.784+0530] {processor.py:914} INFO - Processing file /Users/ravipal/Desktop/Workspace/airflow_tutorial/py_env/lib/python3.12/site-packages/airflow/example_dags/plugins/workday.py for tasks to queue
[2024-09-01T00:44:16.785+0530] {logging_mixin.py:190} INFO - [2024-09-01T00:44:16.785+0530] {dagbag.py:587} INFO - Filling up the DagBag from /Users/ravipal/Desktop/Workspace/airflow_tutorial/py_env/lib/python3.12/site-packages/airflow/example_dags/plugins/workday.py
[2024-09-01T00:44:16.785+0530] {logging_mixin.py:190} INFO - [2024-09-01T00:44:16.785+0530] {workday.py:41} WARNING - Could not import pandas. Holidays will not be considered.
[2024-09-01T00:44:16.786+0530] {processor.py:927} WARNING - No viable dags retrieved from /Users/ravipal/Desktop/Workspace/airflow_tutorial/py_env/lib/python3.12/site-packages/airflow/example_dags/plugins/workday.py
[2024-09-01T00:44:16.818+0530] {processor.py:208} INFO - Processing /Users/ravipal/Desktop/Workspace/airflow_tutorial/py_env/lib/python3.12/site-packages/airflow/example_dags/plugins/workday.py took 0.035 seconds
[2024-09-01T00:45:24.463+0530] {processor.py:186} INFO - Started process (PID=2962) to work on /Users/ravipal/Desktop/Workspace/airflow_tutorial/py_env/lib/python3.12/site-packages/airflow/example_dags/plugins/workday.py
[2024-09-01T00:45:24.463+0530] {processor.py:914} INFO - Processing file /Users/ravipal/Desktop/Workspace/airflow_tutorial/py_env/lib/python3.12/site-packages/airflow/example_dags/plugins/workday.py for tasks to queue
[2024-09-01T00:45:24.464+0530] {logging_mixin.py:190} INFO - [2024-09-01T00:45:24.464+0530] {dagbag.py:587} INFO - Filling up the DagBag from /Users/ravipal/Desktop/Workspace/airflow_tutorial/py_env/lib/python3.12/site-packages/airflow/example_dags/plugins/workday.py
[2024-09-01T00:45:24.464+0530] {logging_mixin.py:190} INFO - [2024-09-01T00:45:24.464+0530] {workday.py:41} WARNING - Could not import pandas. Holidays will not be considered.
[2024-09-01T00:45:24.464+0530] {processor.py:927} WARNING - No viable dags retrieved from /Users/ravipal/Desktop/Workspace/airflow_tutorial/py_env/lib/python3.12/site-packages/airflow/example_dags/plugins/workday.py
[2024-09-01T00:45:24.496+0530] {processor.py:208} INFO - Processing /Users/ravipal/Desktop/Workspace/airflow_tutorial/py_env/lib/python3.12/site-packages/airflow/example_dags/plugins/workday.py took 0.036 seconds
[2024-09-01T00:46:31.874+0530] {processor.py:186} INFO - Started process (PID=3029) to work on /Users/ravipal/Desktop/Workspace/airflow_tutorial/py_env/lib/python3.12/site-packages/airflow/example_dags/plugins/workday.py
[2024-09-01T00:46:31.874+0530] {processor.py:914} INFO - Processing file /Users/ravipal/Desktop/Workspace/airflow_tutorial/py_env/lib/python3.12/site-packages/airflow/example_dags/plugins/workday.py for tasks to queue
[2024-09-01T00:46:31.875+0530] {logging_mixin.py:190} INFO - [2024-09-01T00:46:31.875+0530] {dagbag.py:587} INFO - Filling up the DagBag from /Users/ravipal/Desktop/Workspace/airflow_tutorial/py_env/lib/python3.12/site-packages/airflow/example_dags/plugins/workday.py
[2024-09-01T00:46:31.875+0530] {logging_mixin.py:190} INFO - [2024-09-01T00:46:31.875+0530] {workday.py:41} WARNING - Could not import pandas. Holidays will not be considered.
[2024-09-01T00:46:31.875+0530] {processor.py:927} WARNING - No viable dags retrieved from /Users/ravipal/Desktop/Workspace/airflow_tutorial/py_env/lib/python3.12/site-packages/airflow/example_dags/plugins/workday.py
[2024-09-01T00:46:31.908+0530] {processor.py:208} INFO - Processing /Users/ravipal/Desktop/Workspace/airflow_tutorial/py_env/lib/python3.12/site-packages/airflow/example_dags/plugins/workday.py took 0.036 seconds
[2024-09-01T00:47:37.311+0530] {processor.py:186} INFO - Started process (PID=3094) to work on /Users/ravipal/Desktop/Workspace/airflow_tutorial/py_env/lib/python3.12/site-packages/airflow/example_dags/plugins/workday.py
[2024-09-01T00:47:37.312+0530] {processor.py:914} INFO - Processing file /Users/ravipal/Desktop/Workspace/airflow_tutorial/py_env/lib/python3.12/site-packages/airflow/example_dags/plugins/workday.py for tasks to queue
[2024-09-01T00:47:37.312+0530] {logging_mixin.py:190} INFO - [2024-09-01T00:47:37.312+0530] {dagbag.py:587} INFO - Filling up the DagBag from /Users/ravipal/Desktop/Workspace/airflow_tutorial/py_env/lib/python3.12/site-packages/airflow/example_dags/plugins/workday.py
[2024-09-01T00:47:37.313+0530] {logging_mixin.py:190} INFO - [2024-09-01T00:47:37.312+0530] {workday.py:41} WARNING - Could not import pandas. Holidays will not be considered.
[2024-09-01T00:47:37.313+0530] {processor.py:927} WARNING - No viable dags retrieved from /Users/ravipal/Desktop/Workspace/airflow_tutorial/py_env/lib/python3.12/site-packages/airflow/example_dags/plugins/workday.py
[2024-09-01T00:47:37.345+0530] {processor.py:208} INFO - Processing /Users/ravipal/Desktop/Workspace/airflow_tutorial/py_env/lib/python3.12/site-packages/airflow/example_dags/plugins/workday.py took 0.036 seconds
[2024-09-01T00:48:38.866+0530] {processor.py:186} INFO - Started process (PID=3157) to work on /Users/ravipal/Desktop/Workspace/airflow_tutorial/py_env/lib/python3.12/site-packages/airflow/example_dags/plugins/workday.py
[2024-09-01T00:48:38.867+0530] {processor.py:914} INFO - Processing file /Users/ravipal/Desktop/Workspace/airflow_tutorial/py_env/lib/python3.12/site-packages/airflow/example_dags/plugins/workday.py for tasks to queue
[2024-09-01T00:48:38.867+0530] {logging_mixin.py:190} INFO - [2024-09-01T00:48:38.867+0530] {dagbag.py:587} INFO - Filling up the DagBag from /Users/ravipal/Desktop/Workspace/airflow_tutorial/py_env/lib/python3.12/site-packages/airflow/example_dags/plugins/workday.py
[2024-09-01T00:48:38.868+0530] {logging_mixin.py:190} INFO - [2024-09-01T00:48:38.868+0530] {workday.py:41} WARNING - Could not import pandas. Holidays will not be considered.
[2024-09-01T00:48:38.868+0530] {processor.py:927} WARNING - No viable dags retrieved from /Users/ravipal/Desktop/Workspace/airflow_tutorial/py_env/lib/python3.12/site-packages/airflow/example_dags/plugins/workday.py
[2024-09-01T00:48:38.900+0530] {processor.py:208} INFO - Processing /Users/ravipal/Desktop/Workspace/airflow_tutorial/py_env/lib/python3.12/site-packages/airflow/example_dags/plugins/workday.py took 0.035 seconds
[2024-09-01T00:49:43.828+0530] {processor.py:186} INFO - Started process (PID=3231) to work on /Users/ravipal/Desktop/Workspace/airflow_tutorial/py_env/lib/python3.12/site-packages/airflow/example_dags/plugins/workday.py
[2024-09-01T00:49:43.829+0530] {processor.py:914} INFO - Processing file /Users/ravipal/Desktop/Workspace/airflow_tutorial/py_env/lib/python3.12/site-packages/airflow/example_dags/plugins/workday.py for tasks to queue
[2024-09-01T00:49:43.829+0530] {logging_mixin.py:190} INFO - [2024-09-01T00:49:43.829+0530] {dagbag.py:587} INFO - Filling up the DagBag from /Users/ravipal/Desktop/Workspace/airflow_tutorial/py_env/lib/python3.12/site-packages/airflow/example_dags/plugins/workday.py
[2024-09-01T00:49:43.830+0530] {logging_mixin.py:190} INFO - [2024-09-01T00:49:43.830+0530] {workday.py:41} WARNING - Could not import pandas. Holidays will not be considered.
[2024-09-01T00:49:43.830+0530] {processor.py:927} WARNING - No viable dags retrieved from /Users/ravipal/Desktop/Workspace/airflow_tutorial/py_env/lib/python3.12/site-packages/airflow/example_dags/plugins/workday.py
[2024-09-01T00:49:43.861+0530] {processor.py:208} INFO - Processing /Users/ravipal/Desktop/Workspace/airflow_tutorial/py_env/lib/python3.12/site-packages/airflow/example_dags/plugins/workday.py took 0.035 seconds
[2024-09-01T00:50:51.317+0530] {processor.py:186} INFO - Started process (PID=3315) to work on /Users/ravipal/Desktop/Workspace/airflow_tutorial/py_env/lib/python3.12/site-packages/airflow/example_dags/plugins/workday.py
[2024-09-01T00:50:51.318+0530] {processor.py:914} INFO - Processing file /Users/ravipal/Desktop/Workspace/airflow_tutorial/py_env/lib/python3.12/site-packages/airflow/example_dags/plugins/workday.py for tasks to queue
[2024-09-01T00:50:51.318+0530] {logging_mixin.py:190} INFO - [2024-09-01T00:50:51.318+0530] {dagbag.py:587} INFO - Filling up the DagBag from /Users/ravipal/Desktop/Workspace/airflow_tutorial/py_env/lib/python3.12/site-packages/airflow/example_dags/plugins/workday.py
[2024-09-01T00:50:51.319+0530] {logging_mixin.py:190} INFO - [2024-09-01T00:50:51.319+0530] {workday.py:41} WARNING - Could not import pandas. Holidays will not be considered.
[2024-09-01T00:50:51.319+0530] {processor.py:927} WARNING - No viable dags retrieved from /Users/ravipal/Desktop/Workspace/airflow_tutorial/py_env/lib/python3.12/site-packages/airflow/example_dags/plugins/workday.py
[2024-09-01T00:50:51.349+0530] {processor.py:208} INFO - Processing /Users/ravipal/Desktop/Workspace/airflow_tutorial/py_env/lib/python3.12/site-packages/airflow/example_dags/plugins/workday.py took 0.033 seconds
[2024-09-01T00:51:59.482+0530] {processor.py:186} INFO - Started process (PID=3382) to work on /Users/ravipal/Desktop/Workspace/airflow_tutorial/py_env/lib/python3.12/site-packages/airflow/example_dags/plugins/workday.py
[2024-09-01T00:51:59.483+0530] {processor.py:914} INFO - Processing file /Users/ravipal/Desktop/Workspace/airflow_tutorial/py_env/lib/python3.12/site-packages/airflow/example_dags/plugins/workday.py for tasks to queue
[2024-09-01T00:51:59.483+0530] {logging_mixin.py:190} INFO - [2024-09-01T00:51:59.483+0530] {dagbag.py:587} INFO - Filling up the DagBag from /Users/ravipal/Desktop/Workspace/airflow_tutorial/py_env/lib/python3.12/site-packages/airflow/example_dags/plugins/workday.py
[2024-09-01T00:51:59.484+0530] {logging_mixin.py:190} INFO - [2024-09-01T00:51:59.484+0530] {workday.py:41} WARNING - Could not import pandas. Holidays will not be considered.
[2024-09-01T00:51:59.484+0530] {processor.py:927} WARNING - No viable dags retrieved from /Users/ravipal/Desktop/Workspace/airflow_tutorial/py_env/lib/python3.12/site-packages/airflow/example_dags/plugins/workday.py
[2024-09-01T00:51:59.515+0530] {processor.py:208} INFO - Processing /Users/ravipal/Desktop/Workspace/airflow_tutorial/py_env/lib/python3.12/site-packages/airflow/example_dags/plugins/workday.py took 0.035 seconds
[2024-09-01T00:53:04.273+0530] {processor.py:186} INFO - Started process (PID=3449) to work on /Users/ravipal/Desktop/Workspace/airflow_tutorial/py_env/lib/python3.12/site-packages/airflow/example_dags/plugins/workday.py
[2024-09-01T00:53:04.273+0530] {processor.py:914} INFO - Processing file /Users/ravipal/Desktop/Workspace/airflow_tutorial/py_env/lib/python3.12/site-packages/airflow/example_dags/plugins/workday.py for tasks to queue
[2024-09-01T00:53:04.273+0530] {logging_mixin.py:190} INFO - [2024-09-01T00:53:04.273+0530] {dagbag.py:587} INFO - Filling up the DagBag from /Users/ravipal/Desktop/Workspace/airflow_tutorial/py_env/lib/python3.12/site-packages/airflow/example_dags/plugins/workday.py
[2024-09-01T00:53:04.274+0530] {logging_mixin.py:190} INFO - [2024-09-01T00:53:04.274+0530] {workday.py:41} WARNING - Could not import pandas. Holidays will not be considered.
[2024-09-01T00:53:04.274+0530] {processor.py:927} WARNING - No viable dags retrieved from /Users/ravipal/Desktop/Workspace/airflow_tutorial/py_env/lib/python3.12/site-packages/airflow/example_dags/plugins/workday.py
[2024-09-01T00:53:04.307+0530] {processor.py:208} INFO - Processing /Users/ravipal/Desktop/Workspace/airflow_tutorial/py_env/lib/python3.12/site-packages/airflow/example_dags/plugins/workday.py took 0.036 seconds
[2024-09-01T00:54:11.338+0530] {processor.py:186} INFO - Started process (PID=3514) to work on /Users/ravipal/Desktop/Workspace/airflow_tutorial/py_env/lib/python3.12/site-packages/airflow/example_dags/plugins/workday.py
[2024-09-01T00:54:11.338+0530] {processor.py:914} INFO - Processing file /Users/ravipal/Desktop/Workspace/airflow_tutorial/py_env/lib/python3.12/site-packages/airflow/example_dags/plugins/workday.py for tasks to queue
[2024-09-01T00:54:11.339+0530] {logging_mixin.py:190} INFO - [2024-09-01T00:54:11.339+0530] {dagbag.py:587} INFO - Filling up the DagBag from /Users/ravipal/Desktop/Workspace/airflow_tutorial/py_env/lib/python3.12/site-packages/airflow/example_dags/plugins/workday.py
[2024-09-01T00:54:11.339+0530] {logging_mixin.py:190} INFO - [2024-09-01T00:54:11.339+0530] {workday.py:41} WARNING - Could not import pandas. Holidays will not be considered.
[2024-09-01T00:54:11.340+0530] {processor.py:927} WARNING - No viable dags retrieved from /Users/ravipal/Desktop/Workspace/airflow_tutorial/py_env/lib/python3.12/site-packages/airflow/example_dags/plugins/workday.py
[2024-09-01T00:54:11.371+0530] {processor.py:208} INFO - Processing /Users/ravipal/Desktop/Workspace/airflow_tutorial/py_env/lib/python3.12/site-packages/airflow/example_dags/plugins/workday.py took 0.035 seconds
[2024-09-01T00:55:16.082+0530] {processor.py:186} INFO - Started process (PID=3580) to work on /Users/ravipal/Desktop/Workspace/airflow_tutorial/py_env/lib/python3.12/site-packages/airflow/example_dags/plugins/workday.py
[2024-09-01T00:55:16.082+0530] {processor.py:914} INFO - Processing file /Users/ravipal/Desktop/Workspace/airflow_tutorial/py_env/lib/python3.12/site-packages/airflow/example_dags/plugins/workday.py for tasks to queue
[2024-09-01T00:55:16.083+0530] {logging_mixin.py:190} INFO - [2024-09-01T00:55:16.082+0530] {dagbag.py:587} INFO - Filling up the DagBag from /Users/ravipal/Desktop/Workspace/airflow_tutorial/py_env/lib/python3.12/site-packages/airflow/example_dags/plugins/workday.py
[2024-09-01T00:55:16.083+0530] {logging_mixin.py:190} INFO - [2024-09-01T00:55:16.083+0530] {workday.py:41} WARNING - Could not import pandas. Holidays will not be considered.
[2024-09-01T00:55:16.083+0530] {processor.py:927} WARNING - No viable dags retrieved from /Users/ravipal/Desktop/Workspace/airflow_tutorial/py_env/lib/python3.12/site-packages/airflow/example_dags/plugins/workday.py
[2024-09-01T00:55:16.115+0530] {processor.py:208} INFO - Processing /Users/ravipal/Desktop/Workspace/airflow_tutorial/py_env/lib/python3.12/site-packages/airflow/example_dags/plugins/workday.py took 0.035 seconds
[2024-09-01T00:56:21.278+0530] {processor.py:186} INFO - Started process (PID=3644) to work on /Users/ravipal/Desktop/Workspace/airflow_tutorial/py_env/lib/python3.12/site-packages/airflow/example_dags/plugins/workday.py
[2024-09-01T00:56:21.279+0530] {processor.py:914} INFO - Processing file /Users/ravipal/Desktop/Workspace/airflow_tutorial/py_env/lib/python3.12/site-packages/airflow/example_dags/plugins/workday.py for tasks to queue
[2024-09-01T00:56:21.279+0530] {logging_mixin.py:190} INFO - [2024-09-01T00:56:21.279+0530] {dagbag.py:587} INFO - Filling up the DagBag from /Users/ravipal/Desktop/Workspace/airflow_tutorial/py_env/lib/python3.12/site-packages/airflow/example_dags/plugins/workday.py
[2024-09-01T00:56:21.280+0530] {logging_mixin.py:190} INFO - [2024-09-01T00:56:21.280+0530] {workday.py:41} WARNING - Could not import pandas. Holidays will not be considered.
[2024-09-01T00:56:21.280+0530] {processor.py:927} WARNING - No viable dags retrieved from /Users/ravipal/Desktop/Workspace/airflow_tutorial/py_env/lib/python3.12/site-packages/airflow/example_dags/plugins/workday.py
[2024-09-01T00:56:21.314+0530] {processor.py:208} INFO - Processing /Users/ravipal/Desktop/Workspace/airflow_tutorial/py_env/lib/python3.12/site-packages/airflow/example_dags/plugins/workday.py took 0.038 seconds
[2024-09-01T00:57:27.800+0530] {processor.py:186} INFO - Started process (PID=3711) to work on /Users/ravipal/Desktop/Workspace/airflow_tutorial/py_env/lib/python3.12/site-packages/airflow/example_dags/plugins/workday.py
[2024-09-01T00:57:27.800+0530] {processor.py:914} INFO - Processing file /Users/ravipal/Desktop/Workspace/airflow_tutorial/py_env/lib/python3.12/site-packages/airflow/example_dags/plugins/workday.py for tasks to queue
[2024-09-01T00:57:27.800+0530] {logging_mixin.py:190} INFO - [2024-09-01T00:57:27.800+0530] {dagbag.py:587} INFO - Filling up the DagBag from /Users/ravipal/Desktop/Workspace/airflow_tutorial/py_env/lib/python3.12/site-packages/airflow/example_dags/plugins/workday.py
[2024-09-01T00:57:27.801+0530] {logging_mixin.py:190} INFO - [2024-09-01T00:57:27.801+0530] {workday.py:41} WARNING - Could not import pandas. Holidays will not be considered.
[2024-09-01T00:57:27.801+0530] {processor.py:927} WARNING - No viable dags retrieved from /Users/ravipal/Desktop/Workspace/airflow_tutorial/py_env/lib/python3.12/site-packages/airflow/example_dags/plugins/workday.py
[2024-09-01T00:57:27.833+0530] {processor.py:208} INFO - Processing /Users/ravipal/Desktop/Workspace/airflow_tutorial/py_env/lib/python3.12/site-packages/airflow/example_dags/plugins/workday.py took 0.035 seconds
[2024-09-01T00:58:33.633+0530] {processor.py:186} INFO - Started process (PID=3777) to work on /Users/ravipal/Desktop/Workspace/airflow_tutorial/py_env/lib/python3.12/site-packages/airflow/example_dags/plugins/workday.py
[2024-09-01T00:58:33.634+0530] {processor.py:914} INFO - Processing file /Users/ravipal/Desktop/Workspace/airflow_tutorial/py_env/lib/python3.12/site-packages/airflow/example_dags/plugins/workday.py for tasks to queue
[2024-09-01T00:58:33.634+0530] {logging_mixin.py:190} INFO - [2024-09-01T00:58:33.634+0530] {dagbag.py:587} INFO - Filling up the DagBag from /Users/ravipal/Desktop/Workspace/airflow_tutorial/py_env/lib/python3.12/site-packages/airflow/example_dags/plugins/workday.py
[2024-09-01T00:58:33.635+0530] {logging_mixin.py:190} INFO - [2024-09-01T00:58:33.635+0530] {workday.py:41} WARNING - Could not import pandas. Holidays will not be considered.
[2024-09-01T00:58:33.635+0530] {processor.py:927} WARNING - No viable dags retrieved from /Users/ravipal/Desktop/Workspace/airflow_tutorial/py_env/lib/python3.12/site-packages/airflow/example_dags/plugins/workday.py
[2024-09-01T00:58:33.667+0530] {processor.py:208} INFO - Processing /Users/ravipal/Desktop/Workspace/airflow_tutorial/py_env/lib/python3.12/site-packages/airflow/example_dags/plugins/workday.py took 0.035 seconds
[2024-09-01T00:59:38.501+0530] {processor.py:186} INFO - Started process (PID=3842) to work on /Users/ravipal/Desktop/Workspace/airflow_tutorial/py_env/lib/python3.12/site-packages/airflow/example_dags/plugins/workday.py
[2024-09-01T00:59:38.502+0530] {processor.py:914} INFO - Processing file /Users/ravipal/Desktop/Workspace/airflow_tutorial/py_env/lib/python3.12/site-packages/airflow/example_dags/plugins/workday.py for tasks to queue
[2024-09-01T00:59:38.502+0530] {logging_mixin.py:190} INFO - [2024-09-01T00:59:38.502+0530] {dagbag.py:587} INFO - Filling up the DagBag from /Users/ravipal/Desktop/Workspace/airflow_tutorial/py_env/lib/python3.12/site-packages/airflow/example_dags/plugins/workday.py
[2024-09-01T00:59:38.503+0530] {logging_mixin.py:190} INFO - [2024-09-01T00:59:38.502+0530] {workday.py:41} WARNING - Could not import pandas. Holidays will not be considered.
[2024-09-01T00:59:38.503+0530] {processor.py:927} WARNING - No viable dags retrieved from /Users/ravipal/Desktop/Workspace/airflow_tutorial/py_env/lib/python3.12/site-packages/airflow/example_dags/plugins/workday.py
[2024-09-01T00:59:38.534+0530] {processor.py:208} INFO - Processing /Users/ravipal/Desktop/Workspace/airflow_tutorial/py_env/lib/python3.12/site-packages/airflow/example_dags/plugins/workday.py took 0.035 seconds
[2024-09-01T01:00:42.707+0530] {processor.py:186} INFO - Started process (PID=3907) to work on /Users/ravipal/Desktop/Workspace/airflow_tutorial/py_env/lib/python3.12/site-packages/airflow/example_dags/plugins/workday.py
[2024-09-01T01:00:42.708+0530] {processor.py:914} INFO - Processing file /Users/ravipal/Desktop/Workspace/airflow_tutorial/py_env/lib/python3.12/site-packages/airflow/example_dags/plugins/workday.py for tasks to queue
[2024-09-01T01:00:42.708+0530] {logging_mixin.py:190} INFO - [2024-09-01T01:00:42.708+0530] {dagbag.py:587} INFO - Filling up the DagBag from /Users/ravipal/Desktop/Workspace/airflow_tutorial/py_env/lib/python3.12/site-packages/airflow/example_dags/plugins/workday.py
[2024-09-01T01:00:42.709+0530] {logging_mixin.py:190} INFO - [2024-09-01T01:00:42.709+0530] {workday.py:41} WARNING - Could not import pandas. Holidays will not be considered.
[2024-09-01T01:00:42.709+0530] {processor.py:927} WARNING - No viable dags retrieved from /Users/ravipal/Desktop/Workspace/airflow_tutorial/py_env/lib/python3.12/site-packages/airflow/example_dags/plugins/workday.py
[2024-09-01T01:00:42.741+0530] {processor.py:208} INFO - Processing /Users/ravipal/Desktop/Workspace/airflow_tutorial/py_env/lib/python3.12/site-packages/airflow/example_dags/plugins/workday.py took 0.035 seconds
[2024-09-01T01:01:45.849+0530] {processor.py:186} INFO - Started process (PID=3969) to work on /Users/ravipal/Desktop/Workspace/airflow_tutorial/py_env/lib/python3.12/site-packages/airflow/example_dags/plugins/workday.py
[2024-09-01T01:01:45.850+0530] {processor.py:914} INFO - Processing file /Users/ravipal/Desktop/Workspace/airflow_tutorial/py_env/lib/python3.12/site-packages/airflow/example_dags/plugins/workday.py for tasks to queue
[2024-09-01T01:01:45.850+0530] {logging_mixin.py:190} INFO - [2024-09-01T01:01:45.850+0530] {dagbag.py:587} INFO - Filling up the DagBag from /Users/ravipal/Desktop/Workspace/airflow_tutorial/py_env/lib/python3.12/site-packages/airflow/example_dags/plugins/workday.py
[2024-09-01T01:01:45.851+0530] {logging_mixin.py:190} INFO - [2024-09-01T01:01:45.850+0530] {workday.py:41} WARNING - Could not import pandas. Holidays will not be considered.
[2024-09-01T01:01:45.851+0530] {processor.py:927} WARNING - No viable dags retrieved from /Users/ravipal/Desktop/Workspace/airflow_tutorial/py_env/lib/python3.12/site-packages/airflow/example_dags/plugins/workday.py
[2024-09-01T01:01:45.882+0530] {processor.py:208} INFO - Processing /Users/ravipal/Desktop/Workspace/airflow_tutorial/py_env/lib/python3.12/site-packages/airflow/example_dags/plugins/workday.py took 0.034 seconds
[2024-09-01T01:02:48.458+0530] {processor.py:186} INFO - Started process (PID=4034) to work on /Users/ravipal/Desktop/Workspace/airflow_tutorial/py_env/lib/python3.12/site-packages/airflow/example_dags/plugins/workday.py
[2024-09-01T01:02:48.459+0530] {processor.py:914} INFO - Processing file /Users/ravipal/Desktop/Workspace/airflow_tutorial/py_env/lib/python3.12/site-packages/airflow/example_dags/plugins/workday.py for tasks to queue
[2024-09-01T01:02:48.459+0530] {logging_mixin.py:190} INFO - [2024-09-01T01:02:48.459+0530] {dagbag.py:587} INFO - Filling up the DagBag from /Users/ravipal/Desktop/Workspace/airflow_tutorial/py_env/lib/python3.12/site-packages/airflow/example_dags/plugins/workday.py
[2024-09-01T01:02:48.460+0530] {logging_mixin.py:190} INFO - [2024-09-01T01:02:48.460+0530] {workday.py:41} WARNING - Could not import pandas. Holidays will not be considered.
[2024-09-01T01:02:48.460+0530] {processor.py:927} WARNING - No viable dags retrieved from /Users/ravipal/Desktop/Workspace/airflow_tutorial/py_env/lib/python3.12/site-packages/airflow/example_dags/plugins/workday.py
[2024-09-01T01:02:48.491+0530] {processor.py:208} INFO - Processing /Users/ravipal/Desktop/Workspace/airflow_tutorial/py_env/lib/python3.12/site-packages/airflow/example_dags/plugins/workday.py took 0.035 seconds
[2024-09-01T01:03:51.693+0530] {processor.py:186} INFO - Started process (PID=4101) to work on /Users/ravipal/Desktop/Workspace/airflow_tutorial/py_env/lib/python3.12/site-packages/airflow/example_dags/plugins/workday.py
[2024-09-01T01:03:51.693+0530] {processor.py:914} INFO - Processing file /Users/ravipal/Desktop/Workspace/airflow_tutorial/py_env/lib/python3.12/site-packages/airflow/example_dags/plugins/workday.py for tasks to queue
[2024-09-01T01:03:51.694+0530] {logging_mixin.py:190} INFO - [2024-09-01T01:03:51.694+0530] {dagbag.py:587} INFO - Filling up the DagBag from /Users/ravipal/Desktop/Workspace/airflow_tutorial/py_env/lib/python3.12/site-packages/airflow/example_dags/plugins/workday.py
[2024-09-01T01:03:51.694+0530] {logging_mixin.py:190} INFO - [2024-09-01T01:03:51.694+0530] {workday.py:41} WARNING - Could not import pandas. Holidays will not be considered.
[2024-09-01T01:03:51.694+0530] {processor.py:927} WARNING - No viable dags retrieved from /Users/ravipal/Desktop/Workspace/airflow_tutorial/py_env/lib/python3.12/site-packages/airflow/example_dags/plugins/workday.py
[2024-09-01T01:03:51.726+0530] {processor.py:208} INFO - Processing /Users/ravipal/Desktop/Workspace/airflow_tutorial/py_env/lib/python3.12/site-packages/airflow/example_dags/plugins/workday.py took 0.035 seconds
[2024-09-01T01:04:55.844+0530] {processor.py:186} INFO - Started process (PID=4178) to work on /Users/ravipal/Desktop/Workspace/airflow_tutorial/py_env/lib/python3.12/site-packages/airflow/example_dags/plugins/workday.py
[2024-09-01T01:04:55.844+0530] {processor.py:914} INFO - Processing file /Users/ravipal/Desktop/Workspace/airflow_tutorial/py_env/lib/python3.12/site-packages/airflow/example_dags/plugins/workday.py for tasks to queue
[2024-09-01T01:04:55.845+0530] {logging_mixin.py:190} INFO - [2024-09-01T01:04:55.845+0530] {dagbag.py:587} INFO - Filling up the DagBag from /Users/ravipal/Desktop/Workspace/airflow_tutorial/py_env/lib/python3.12/site-packages/airflow/example_dags/plugins/workday.py
[2024-09-01T01:04:55.845+0530] {logging_mixin.py:190} INFO - [2024-09-01T01:04:55.845+0530] {workday.py:41} WARNING - Could not import pandas. Holidays will not be considered.
[2024-09-01T01:04:55.845+0530] {processor.py:927} WARNING - No viable dags retrieved from /Users/ravipal/Desktop/Workspace/airflow_tutorial/py_env/lib/python3.12/site-packages/airflow/example_dags/plugins/workday.py
[2024-09-01T01:04:55.878+0530] {processor.py:208} INFO - Processing /Users/ravipal/Desktop/Workspace/airflow_tutorial/py_env/lib/python3.12/site-packages/airflow/example_dags/plugins/workday.py took 0.036 seconds
[2024-09-01T01:05:59.607+0530] {processor.py:186} INFO - Started process (PID=4259) to work on /Users/ravipal/Desktop/Workspace/airflow_tutorial/py_env/lib/python3.12/site-packages/airflow/example_dags/plugins/workday.py
[2024-09-01T01:05:59.608+0530] {processor.py:914} INFO - Processing file /Users/ravipal/Desktop/Workspace/airflow_tutorial/py_env/lib/python3.12/site-packages/airflow/example_dags/plugins/workday.py for tasks to queue
[2024-09-01T01:05:59.608+0530] {logging_mixin.py:190} INFO - [2024-09-01T01:05:59.608+0530] {dagbag.py:587} INFO - Filling up the DagBag from /Users/ravipal/Desktop/Workspace/airflow_tutorial/py_env/lib/python3.12/site-packages/airflow/example_dags/plugins/workday.py
[2024-09-01T01:05:59.609+0530] {logging_mixin.py:190} INFO - [2024-09-01T01:05:59.609+0530] {workday.py:41} WARNING - Could not import pandas. Holidays will not be considered.
[2024-09-01T01:05:59.609+0530] {processor.py:927} WARNING - No viable dags retrieved from /Users/ravipal/Desktop/Workspace/airflow_tutorial/py_env/lib/python3.12/site-packages/airflow/example_dags/plugins/workday.py
[2024-09-01T01:05:59.642+0530] {processor.py:208} INFO - Processing /Users/ravipal/Desktop/Workspace/airflow_tutorial/py_env/lib/python3.12/site-packages/airflow/example_dags/plugins/workday.py took 0.037 seconds
[2024-09-01T01:07:05.856+0530] {processor.py:186} INFO - Started process (PID=4328) to work on /Users/ravipal/Desktop/Workspace/airflow_tutorial/py_env/lib/python3.12/site-packages/airflow/example_dags/plugins/workday.py
[2024-09-01T01:07:05.856+0530] {processor.py:914} INFO - Processing file /Users/ravipal/Desktop/Workspace/airflow_tutorial/py_env/lib/python3.12/site-packages/airflow/example_dags/plugins/workday.py for tasks to queue
[2024-09-01T01:07:05.856+0530] {logging_mixin.py:190} INFO - [2024-09-01T01:07:05.856+0530] {dagbag.py:587} INFO - Filling up the DagBag from /Users/ravipal/Desktop/Workspace/airflow_tutorial/py_env/lib/python3.12/site-packages/airflow/example_dags/plugins/workday.py
[2024-09-01T01:07:05.857+0530] {logging_mixin.py:190} INFO - [2024-09-01T01:07:05.857+0530] {workday.py:41} WARNING - Could not import pandas. Holidays will not be considered.
[2024-09-01T01:07:05.857+0530] {processor.py:927} WARNING - No viable dags retrieved from /Users/ravipal/Desktop/Workspace/airflow_tutorial/py_env/lib/python3.12/site-packages/airflow/example_dags/plugins/workday.py
[2024-09-01T01:07:05.889+0530] {processor.py:208} INFO - Processing /Users/ravipal/Desktop/Workspace/airflow_tutorial/py_env/lib/python3.12/site-packages/airflow/example_dags/plugins/workday.py took 0.036 seconds
[2024-09-01T01:08:11.613+0530] {processor.py:186} INFO - Started process (PID=4394) to work on /Users/ravipal/Desktop/Workspace/airflow_tutorial/py_env/lib/python3.12/site-packages/airflow/example_dags/plugins/workday.py
[2024-09-01T01:08:11.614+0530] {processor.py:914} INFO - Processing file /Users/ravipal/Desktop/Workspace/airflow_tutorial/py_env/lib/python3.12/site-packages/airflow/example_dags/plugins/workday.py for tasks to queue
[2024-09-01T01:08:11.614+0530] {logging_mixin.py:190} INFO - [2024-09-01T01:08:11.614+0530] {dagbag.py:587} INFO - Filling up the DagBag from /Users/ravipal/Desktop/Workspace/airflow_tutorial/py_env/lib/python3.12/site-packages/airflow/example_dags/plugins/workday.py
[2024-09-01T01:08:11.615+0530] {logging_mixin.py:190} INFO - [2024-09-01T01:08:11.615+0530] {workday.py:41} WARNING - Could not import pandas. Holidays will not be considered.
[2024-09-01T01:08:11.615+0530] {processor.py:927} WARNING - No viable dags retrieved from /Users/ravipal/Desktop/Workspace/airflow_tutorial/py_env/lib/python3.12/site-packages/airflow/example_dags/plugins/workday.py
[2024-09-01T01:08:11.646+0530] {processor.py:208} INFO - Processing /Users/ravipal/Desktop/Workspace/airflow_tutorial/py_env/lib/python3.12/site-packages/airflow/example_dags/plugins/workday.py took 0.035 seconds
[2024-09-01T01:09:16.575+0530] {processor.py:186} INFO - Started process (PID=4459) to work on /Users/ravipal/Desktop/Workspace/airflow_tutorial/py_env/lib/python3.12/site-packages/airflow/example_dags/plugins/workday.py
[2024-09-01T01:09:16.576+0530] {processor.py:914} INFO - Processing file /Users/ravipal/Desktop/Workspace/airflow_tutorial/py_env/lib/python3.12/site-packages/airflow/example_dags/plugins/workday.py for tasks to queue
[2024-09-01T01:09:16.576+0530] {logging_mixin.py:190} INFO - [2024-09-01T01:09:16.576+0530] {dagbag.py:587} INFO - Filling up the DagBag from /Users/ravipal/Desktop/Workspace/airflow_tutorial/py_env/lib/python3.12/site-packages/airflow/example_dags/plugins/workday.py
[2024-09-01T01:09:16.577+0530] {logging_mixin.py:190} INFO - [2024-09-01T01:09:16.577+0530] {workday.py:41} WARNING - Could not import pandas. Holidays will not be considered.
[2024-09-01T01:09:16.577+0530] {processor.py:927} WARNING - No viable dags retrieved from /Users/ravipal/Desktop/Workspace/airflow_tutorial/py_env/lib/python3.12/site-packages/airflow/example_dags/plugins/workday.py
[2024-09-01T01:09:16.609+0530] {processor.py:208} INFO - Processing /Users/ravipal/Desktop/Workspace/airflow_tutorial/py_env/lib/python3.12/site-packages/airflow/example_dags/plugins/workday.py took 0.036 seconds
[2024-09-01T01:10:19.607+0530] {processor.py:186} INFO - Started process (PID=4523) to work on /Users/ravipal/Desktop/Workspace/airflow_tutorial/py_env/lib/python3.12/site-packages/airflow/example_dags/plugins/workday.py
[2024-09-01T01:10:19.607+0530] {processor.py:914} INFO - Processing file /Users/ravipal/Desktop/Workspace/airflow_tutorial/py_env/lib/python3.12/site-packages/airflow/example_dags/plugins/workday.py for tasks to queue
[2024-09-01T01:10:19.607+0530] {logging_mixin.py:190} INFO - [2024-09-01T01:10:19.607+0530] {dagbag.py:587} INFO - Filling up the DagBag from /Users/ravipal/Desktop/Workspace/airflow_tutorial/py_env/lib/python3.12/site-packages/airflow/example_dags/plugins/workday.py
[2024-09-01T01:10:19.608+0530] {logging_mixin.py:190} INFO - [2024-09-01T01:10:19.608+0530] {workday.py:41} WARNING - Could not import pandas. Holidays will not be considered.
[2024-09-01T01:10:19.608+0530] {processor.py:927} WARNING - No viable dags retrieved from /Users/ravipal/Desktop/Workspace/airflow_tutorial/py_env/lib/python3.12/site-packages/airflow/example_dags/plugins/workday.py
[2024-09-01T01:10:19.640+0530] {processor.py:208} INFO - Processing /Users/ravipal/Desktop/Workspace/airflow_tutorial/py_env/lib/python3.12/site-packages/airflow/example_dags/plugins/workday.py took 0.035 seconds
[2024-09-01T01:11:22.644+0530] {processor.py:186} INFO - Started process (PID=4585) to work on /Users/ravipal/Desktop/Workspace/airflow_tutorial/py_env/lib/python3.12/site-packages/airflow/example_dags/plugins/workday.py
[2024-09-01T01:11:22.645+0530] {processor.py:914} INFO - Processing file /Users/ravipal/Desktop/Workspace/airflow_tutorial/py_env/lib/python3.12/site-packages/airflow/example_dags/plugins/workday.py for tasks to queue
[2024-09-01T01:11:22.645+0530] {logging_mixin.py:190} INFO - [2024-09-01T01:11:22.645+0530] {dagbag.py:587} INFO - Filling up the DagBag from /Users/ravipal/Desktop/Workspace/airflow_tutorial/py_env/lib/python3.12/site-packages/airflow/example_dags/plugins/workday.py
[2024-09-01T01:11:22.645+0530] {logging_mixin.py:190} INFO - [2024-09-01T01:11:22.645+0530] {workday.py:41} WARNING - Could not import pandas. Holidays will not be considered.
[2024-09-01T01:11:22.646+0530] {processor.py:927} WARNING - No viable dags retrieved from /Users/ravipal/Desktop/Workspace/airflow_tutorial/py_env/lib/python3.12/site-packages/airflow/example_dags/plugins/workday.py
[2024-09-01T01:11:22.678+0530] {processor.py:208} INFO - Processing /Users/ravipal/Desktop/Workspace/airflow_tutorial/py_env/lib/python3.12/site-packages/airflow/example_dags/plugins/workday.py took 0.036 seconds
[2024-09-01T01:12:26.311+0530] {processor.py:186} INFO - Started process (PID=4651) to work on /Users/ravipal/Desktop/Workspace/airflow_tutorial/py_env/lib/python3.12/site-packages/airflow/example_dags/plugins/workday.py
[2024-09-01T01:12:26.311+0530] {processor.py:914} INFO - Processing file /Users/ravipal/Desktop/Workspace/airflow_tutorial/py_env/lib/python3.12/site-packages/airflow/example_dags/plugins/workday.py for tasks to queue
[2024-09-01T01:12:26.311+0530] {logging_mixin.py:190} INFO - [2024-09-01T01:12:26.311+0530] {dagbag.py:587} INFO - Filling up the DagBag from /Users/ravipal/Desktop/Workspace/airflow_tutorial/py_env/lib/python3.12/site-packages/airflow/example_dags/plugins/workday.py
[2024-09-01T01:12:26.312+0530] {logging_mixin.py:190} INFO - [2024-09-01T01:12:26.312+0530] {workday.py:41} WARNING - Could not import pandas. Holidays will not be considered.
[2024-09-01T01:12:26.312+0530] {processor.py:927} WARNING - No viable dags retrieved from /Users/ravipal/Desktop/Workspace/airflow_tutorial/py_env/lib/python3.12/site-packages/airflow/example_dags/plugins/workday.py
[2024-09-01T01:12:26.344+0530] {processor.py:208} INFO - Processing /Users/ravipal/Desktop/Workspace/airflow_tutorial/py_env/lib/python3.12/site-packages/airflow/example_dags/plugins/workday.py took 0.035 seconds
[2024-09-01T01:13:28.548+0530] {processor.py:186} INFO - Started process (PID=4714) to work on /Users/ravipal/Desktop/Workspace/airflow_tutorial/py_env/lib/python3.12/site-packages/airflow/example_dags/plugins/workday.py
[2024-09-01T01:13:28.548+0530] {processor.py:914} INFO - Processing file /Users/ravipal/Desktop/Workspace/airflow_tutorial/py_env/lib/python3.12/site-packages/airflow/example_dags/plugins/workday.py for tasks to queue
[2024-09-01T01:13:28.549+0530] {logging_mixin.py:190} INFO - [2024-09-01T01:13:28.549+0530] {dagbag.py:587} INFO - Filling up the DagBag from /Users/ravipal/Desktop/Workspace/airflow_tutorial/py_env/lib/python3.12/site-packages/airflow/example_dags/plugins/workday.py
[2024-09-01T01:13:28.549+0530] {logging_mixin.py:190} INFO - [2024-09-01T01:13:28.549+0530] {workday.py:41} WARNING - Could not import pandas. Holidays will not be considered.
[2024-09-01T01:13:28.549+0530] {processor.py:927} WARNING - No viable dags retrieved from /Users/ravipal/Desktop/Workspace/airflow_tutorial/py_env/lib/python3.12/site-packages/airflow/example_dags/plugins/workday.py
[2024-09-01T01:13:28.582+0530] {processor.py:208} INFO - Processing /Users/ravipal/Desktop/Workspace/airflow_tutorial/py_env/lib/python3.12/site-packages/airflow/example_dags/plugins/workday.py took 0.036 seconds
[2024-09-01T01:14:35.082+0530] {processor.py:186} INFO - Started process (PID=4780) to work on /Users/ravipal/Desktop/Workspace/airflow_tutorial/py_env/lib/python3.12/site-packages/airflow/example_dags/plugins/workday.py
[2024-09-01T01:14:35.082+0530] {processor.py:914} INFO - Processing file /Users/ravipal/Desktop/Workspace/airflow_tutorial/py_env/lib/python3.12/site-packages/airflow/example_dags/plugins/workday.py for tasks to queue
[2024-09-01T01:14:35.083+0530] {logging_mixin.py:190} INFO - [2024-09-01T01:14:35.082+0530] {dagbag.py:587} INFO - Filling up the DagBag from /Users/ravipal/Desktop/Workspace/airflow_tutorial/py_env/lib/python3.12/site-packages/airflow/example_dags/plugins/workday.py
[2024-09-01T01:14:35.083+0530] {logging_mixin.py:190} INFO - [2024-09-01T01:14:35.083+0530] {workday.py:41} WARNING - Could not import pandas. Holidays will not be considered.
[2024-09-01T01:14:35.083+0530] {processor.py:927} WARNING - No viable dags retrieved from /Users/ravipal/Desktop/Workspace/airflow_tutorial/py_env/lib/python3.12/site-packages/airflow/example_dags/plugins/workday.py
[2024-09-01T01:14:35.116+0530] {processor.py:208} INFO - Processing /Users/ravipal/Desktop/Workspace/airflow_tutorial/py_env/lib/python3.12/site-packages/airflow/example_dags/plugins/workday.py took 0.036 seconds
[2024-09-01T01:15:40.445+0530] {processor.py:186} INFO - Started process (PID=4846) to work on /Users/ravipal/Desktop/Workspace/airflow_tutorial/py_env/lib/python3.12/site-packages/airflow/example_dags/plugins/workday.py
[2024-09-01T01:15:40.446+0530] {processor.py:914} INFO - Processing file /Users/ravipal/Desktop/Workspace/airflow_tutorial/py_env/lib/python3.12/site-packages/airflow/example_dags/plugins/workday.py for tasks to queue
[2024-09-01T01:15:40.446+0530] {logging_mixin.py:190} INFO - [2024-09-01T01:15:40.446+0530] {dagbag.py:587} INFO - Filling up the DagBag from /Users/ravipal/Desktop/Workspace/airflow_tutorial/py_env/lib/python3.12/site-packages/airflow/example_dags/plugins/workday.py
[2024-09-01T01:15:40.447+0530] {logging_mixin.py:190} INFO - [2024-09-01T01:15:40.447+0530] {workday.py:41} WARNING - Could not import pandas. Holidays will not be considered.
[2024-09-01T01:15:40.447+0530] {processor.py:927} WARNING - No viable dags retrieved from /Users/ravipal/Desktop/Workspace/airflow_tutorial/py_env/lib/python3.12/site-packages/airflow/example_dags/plugins/workday.py
[2024-09-01T01:15:40.479+0530] {processor.py:208} INFO - Processing /Users/ravipal/Desktop/Workspace/airflow_tutorial/py_env/lib/python3.12/site-packages/airflow/example_dags/plugins/workday.py took 0.035 seconds
[2024-09-01T01:16:47.921+0530] {processor.py:186} INFO - Started process (PID=4911) to work on /Users/ravipal/Desktop/Workspace/airflow_tutorial/py_env/lib/python3.12/site-packages/airflow/example_dags/plugins/workday.py
[2024-09-01T01:16:47.921+0530] {processor.py:914} INFO - Processing file /Users/ravipal/Desktop/Workspace/airflow_tutorial/py_env/lib/python3.12/site-packages/airflow/example_dags/plugins/workday.py for tasks to queue
[2024-09-01T01:16:47.921+0530] {logging_mixin.py:190} INFO - [2024-09-01T01:16:47.921+0530] {dagbag.py:587} INFO - Filling up the DagBag from /Users/ravipal/Desktop/Workspace/airflow_tutorial/py_env/lib/python3.12/site-packages/airflow/example_dags/plugins/workday.py
[2024-09-01T01:16:47.922+0530] {logging_mixin.py:190} INFO - [2024-09-01T01:16:47.922+0530] {workday.py:41} WARNING - Could not import pandas. Holidays will not be considered.
[2024-09-01T01:16:47.922+0530] {processor.py:927} WARNING - No viable dags retrieved from /Users/ravipal/Desktop/Workspace/airflow_tutorial/py_env/lib/python3.12/site-packages/airflow/example_dags/plugins/workday.py
[2024-09-01T01:16:47.953+0530] {processor.py:208} INFO - Processing /Users/ravipal/Desktop/Workspace/airflow_tutorial/py_env/lib/python3.12/site-packages/airflow/example_dags/plugins/workday.py took 0.034 seconds
[2024-09-01T01:17:50.829+0530] {processor.py:186} INFO - Started process (PID=4976) to work on /Users/ravipal/Desktop/Workspace/airflow_tutorial/py_env/lib/python3.12/site-packages/airflow/example_dags/plugins/workday.py
[2024-09-01T01:17:50.829+0530] {processor.py:914} INFO - Processing file /Users/ravipal/Desktop/Workspace/airflow_tutorial/py_env/lib/python3.12/site-packages/airflow/example_dags/plugins/workday.py for tasks to queue
[2024-09-01T01:17:50.830+0530] {logging_mixin.py:190} INFO - [2024-09-01T01:17:50.830+0530] {dagbag.py:587} INFO - Filling up the DagBag from /Users/ravipal/Desktop/Workspace/airflow_tutorial/py_env/lib/python3.12/site-packages/airflow/example_dags/plugins/workday.py
[2024-09-01T01:17:50.830+0530] {logging_mixin.py:190} INFO - [2024-09-01T01:17:50.830+0530] {workday.py:41} WARNING - Could not import pandas. Holidays will not be considered.
[2024-09-01T01:17:50.830+0530] {processor.py:927} WARNING - No viable dags retrieved from /Users/ravipal/Desktop/Workspace/airflow_tutorial/py_env/lib/python3.12/site-packages/airflow/example_dags/plugins/workday.py
[2024-09-01T01:17:50.863+0530] {processor.py:208} INFO - Processing /Users/ravipal/Desktop/Workspace/airflow_tutorial/py_env/lib/python3.12/site-packages/airflow/example_dags/plugins/workday.py took 0.036 seconds
[2024-09-01T01:18:59.098+0530] {processor.py:186} INFO - Started process (PID=5051) to work on /Users/ravipal/Desktop/Workspace/airflow_tutorial/py_env/lib/python3.12/site-packages/airflow/example_dags/plugins/workday.py
[2024-09-01T01:18:59.099+0530] {processor.py:914} INFO - Processing file /Users/ravipal/Desktop/Workspace/airflow_tutorial/py_env/lib/python3.12/site-packages/airflow/example_dags/plugins/workday.py for tasks to queue
[2024-09-01T01:18:59.099+0530] {logging_mixin.py:190} INFO - [2024-09-01T01:18:59.099+0530] {dagbag.py:587} INFO - Filling up the DagBag from /Users/ravipal/Desktop/Workspace/airflow_tutorial/py_env/lib/python3.12/site-packages/airflow/example_dags/plugins/workday.py
[2024-09-01T01:18:59.100+0530] {logging_mixin.py:190} INFO - [2024-09-01T01:18:59.100+0530] {workday.py:41} WARNING - Could not import pandas. Holidays will not be considered.
[2024-09-01T01:18:59.100+0530] {processor.py:927} WARNING - No viable dags retrieved from /Users/ravipal/Desktop/Workspace/airflow_tutorial/py_env/lib/python3.12/site-packages/airflow/example_dags/plugins/workday.py
[2024-09-01T01:18:59.132+0530] {processor.py:208} INFO - Processing /Users/ravipal/Desktop/Workspace/airflow_tutorial/py_env/lib/python3.12/site-packages/airflow/example_dags/plugins/workday.py took 0.036 seconds
