[2024-09-01T00:24:07.558+0530] {processor.py:186} INFO - Started process (PID=1493) to work on /Users/ravipal/Desktop/Workspace/airflow_tutorial/py_env/lib/python3.12/site-packages/airflow/example_dags/example_branch_labels.py
[2024-09-01T00:24:07.559+0530] {processor.py:914} INFO - Processing file /Users/ravipal/Desktop/Workspace/airflow_tutorial/py_env/lib/python3.12/site-packages/airflow/example_dags/example_branch_labels.py for tasks to queue
[2024-09-01T00:24:07.559+0530] {logging_mixin.py:190} INFO - [2024-09-01T00:24:07.559+0530] {dagbag.py:587} INFO - Filling up the DagBag from /Users/ravipal/Desktop/Workspace/airflow_tutorial/py_env/lib/python3.12/site-packages/airflow/example_dags/example_branch_labels.py
[2024-09-01T00:24:07.563+0530] {processor.py:925} INFO - DAG(s) 'example_branch_labels' retrieved from /Users/ravipal/Desktop/Workspace/airflow_tutorial/py_env/lib/python3.12/site-packages/airflow/example_dags/example_branch_labels.py
[2024-09-01T00:24:07.627+0530] {logging_mixin.py:190} INFO - [2024-09-01T00:24:07.627+0530] {override.py:1858} INFO - Created Permission View: can edit on DAG:example_branch_labels
[2024-09-01T00:24:07.630+0530] {logging_mixin.py:190} INFO - [2024-09-01T00:24:07.630+0530] {override.py:1858} INFO - Created Permission View: can read on DAG:example_branch_labels
[2024-09-01T00:24:07.632+0530] {logging_mixin.py:190} INFO - [2024-09-01T00:24:07.632+0530] {override.py:1858} INFO - Created Permission View: can delete on DAG:example_branch_labels
[2024-09-01T00:24:07.633+0530] {logging_mixin.py:190} INFO - [2024-09-01T00:24:07.632+0530] {dag.py:3211} INFO - Sync 1 DAGs
[2024-09-01T00:24:07.636+0530] {logging_mixin.py:190} INFO - [2024-09-01T00:24:07.636+0530] {dag.py:3234} INFO - Creating ORM DAG for example_branch_labels
[2024-09-01T00:24:07.640+0530] {logging_mixin.py:190} INFO - [2024-09-01T00:24:07.640+0530] {dag.py:4138} INFO - Setting next_dagrun for example_branch_labels to 2024-08-30 00:00:00+00:00, run_after=2024-08-31 00:00:00+00:00
[2024-09-01T00:24:07.672+0530] {processor.py:208} INFO - Processing /Users/ravipal/Desktop/Workspace/airflow_tutorial/py_env/lib/python3.12/site-packages/airflow/example_dags/example_branch_labels.py took 0.116 seconds
[2024-09-01T00:26:23.480+0530] {processor.py:186} INFO - Started process (PID=1630) to work on /Users/ravipal/Desktop/Workspace/airflow_tutorial/py_env/lib/python3.12/site-packages/airflow/example_dags/example_branch_labels.py
[2024-09-01T00:26:23.480+0530] {processor.py:914} INFO - Processing file /Users/ravipal/Desktop/Workspace/airflow_tutorial/py_env/lib/python3.12/site-packages/airflow/example_dags/example_branch_labels.py for tasks to queue
[2024-09-01T00:26:23.481+0530] {logging_mixin.py:190} INFO - [2024-09-01T00:26:23.480+0530] {dagbag.py:587} INFO - Filling up the DagBag from /Users/ravipal/Desktop/Workspace/airflow_tutorial/py_env/lib/python3.12/site-packages/airflow/example_dags/example_branch_labels.py
[2024-09-01T00:26:23.484+0530] {processor.py:925} INFO - DAG(s) 'example_branch_labels' retrieved from /Users/ravipal/Desktop/Workspace/airflow_tutorial/py_env/lib/python3.12/site-packages/airflow/example_dags/example_branch_labels.py
[2024-09-01T00:26:23.519+0530] {logging_mixin.py:190} INFO - [2024-09-01T00:26:23.519+0530] {dag.py:3211} INFO - Sync 1 DAGs
[2024-09-01T00:26:23.525+0530] {logging_mixin.py:190} INFO - [2024-09-01T00:26:23.525+0530] {dag.py:4138} INFO - Setting next_dagrun for example_branch_labels to 2024-08-30 00:00:00+00:00, run_after=2024-08-31 00:00:00+00:00
[2024-09-01T00:26:23.532+0530] {processor.py:208} INFO - Processing /Users/ravipal/Desktop/Workspace/airflow_tutorial/py_env/lib/python3.12/site-packages/airflow/example_dags/example_branch_labels.py took 0.054 seconds
[2024-09-01T00:28:41.311+0530] {processor.py:186} INFO - Started process (PID=1960) to work on /Users/ravipal/Desktop/Workspace/airflow_tutorial/py_env/lib/python3.12/site-packages/airflow/example_dags/example_branch_labels.py
[2024-09-01T00:28:41.311+0530] {processor.py:914} INFO - Processing file /Users/ravipal/Desktop/Workspace/airflow_tutorial/py_env/lib/python3.12/site-packages/airflow/example_dags/example_branch_labels.py for tasks to queue
[2024-09-01T00:28:41.312+0530] {logging_mixin.py:190} INFO - [2024-09-01T00:28:41.312+0530] {dagbag.py:587} INFO - Filling up the DagBag from /Users/ravipal/Desktop/Workspace/airflow_tutorial/py_env/lib/python3.12/site-packages/airflow/example_dags/example_branch_labels.py
[2024-09-01T00:28:41.315+0530] {processor.py:925} INFO - DAG(s) 'example_branch_labels' retrieved from /Users/ravipal/Desktop/Workspace/airflow_tutorial/py_env/lib/python3.12/site-packages/airflow/example_dags/example_branch_labels.py
[2024-09-01T00:28:41.351+0530] {logging_mixin.py:190} INFO - [2024-09-01T00:28:41.351+0530] {dag.py:3211} INFO - Sync 1 DAGs
[2024-09-01T00:28:41.357+0530] {logging_mixin.py:190} INFO - [2024-09-01T00:28:41.357+0530] {dag.py:4138} INFO - Setting next_dagrun for example_branch_labels to 2024-08-30 00:00:00+00:00, run_after=2024-08-31 00:00:00+00:00
[2024-09-01T00:28:41.363+0530] {processor.py:208} INFO - Processing /Users/ravipal/Desktop/Workspace/airflow_tutorial/py_env/lib/python3.12/site-packages/airflow/example_dags/example_branch_labels.py took 0.054 seconds
[2024-09-01T00:30:49.373+0530] {processor.py:186} INFO - Started process (PID=2090) to work on /Users/ravipal/Desktop/Workspace/airflow_tutorial/py_env/lib/python3.12/site-packages/airflow/example_dags/example_branch_labels.py
[2024-09-01T00:30:49.373+0530] {processor.py:914} INFO - Processing file /Users/ravipal/Desktop/Workspace/airflow_tutorial/py_env/lib/python3.12/site-packages/airflow/example_dags/example_branch_labels.py for tasks to queue
[2024-09-01T00:30:49.374+0530] {logging_mixin.py:190} INFO - [2024-09-01T00:30:49.374+0530] {dagbag.py:587} INFO - Filling up the DagBag from /Users/ravipal/Desktop/Workspace/airflow_tutorial/py_env/lib/python3.12/site-packages/airflow/example_dags/example_branch_labels.py
[2024-09-01T00:30:49.378+0530] {processor.py:925} INFO - DAG(s) 'example_branch_labels' retrieved from /Users/ravipal/Desktop/Workspace/airflow_tutorial/py_env/lib/python3.12/site-packages/airflow/example_dags/example_branch_labels.py
[2024-09-01T00:30:49.413+0530] {logging_mixin.py:190} INFO - [2024-09-01T00:30:49.413+0530] {dag.py:3211} INFO - Sync 1 DAGs
[2024-09-01T00:30:49.419+0530] {logging_mixin.py:190} INFO - [2024-09-01T00:30:49.419+0530] {dag.py:4138} INFO - Setting next_dagrun for example_branch_labels to 2024-08-30 00:00:00+00:00, run_after=2024-08-31 00:00:00+00:00
[2024-09-01T00:30:49.426+0530] {processor.py:208} INFO - Processing /Users/ravipal/Desktop/Workspace/airflow_tutorial/py_env/lib/python3.12/site-packages/airflow/example_dags/example_branch_labels.py took 0.055 seconds
[2024-09-01T00:33:03.357+0530] {processor.py:186} INFO - Started process (PID=2223) to work on /Users/ravipal/Desktop/Workspace/airflow_tutorial/py_env/lib/python3.12/site-packages/airflow/example_dags/example_branch_labels.py
[2024-09-01T00:33:03.358+0530] {processor.py:914} INFO - Processing file /Users/ravipal/Desktop/Workspace/airflow_tutorial/py_env/lib/python3.12/site-packages/airflow/example_dags/example_branch_labels.py for tasks to queue
[2024-09-01T00:33:03.358+0530] {logging_mixin.py:190} INFO - [2024-09-01T00:33:03.358+0530] {dagbag.py:587} INFO - Filling up the DagBag from /Users/ravipal/Desktop/Workspace/airflow_tutorial/py_env/lib/python3.12/site-packages/airflow/example_dags/example_branch_labels.py
[2024-09-01T00:33:03.362+0530] {processor.py:925} INFO - DAG(s) 'example_branch_labels' retrieved from /Users/ravipal/Desktop/Workspace/airflow_tutorial/py_env/lib/python3.12/site-packages/airflow/example_dags/example_branch_labels.py
[2024-09-01T00:33:03.398+0530] {logging_mixin.py:190} INFO - [2024-09-01T00:33:03.398+0530] {dag.py:3211} INFO - Sync 1 DAGs
[2024-09-01T00:33:03.404+0530] {logging_mixin.py:190} INFO - [2024-09-01T00:33:03.404+0530] {dag.py:4138} INFO - Setting next_dagrun for example_branch_labels to 2024-08-30 00:00:00+00:00, run_after=2024-08-31 00:00:00+00:00
[2024-09-01T00:33:03.411+0530] {processor.py:208} INFO - Processing /Users/ravipal/Desktop/Workspace/airflow_tutorial/py_env/lib/python3.12/site-packages/airflow/example_dags/example_branch_labels.py took 0.056 seconds
[2024-09-01T00:35:21.543+0530] {processor.py:186} INFO - Started process (PID=2361) to work on /Users/ravipal/Desktop/Workspace/airflow_tutorial/py_env/lib/python3.12/site-packages/airflow/example_dags/example_branch_labels.py
[2024-09-01T00:35:21.543+0530] {processor.py:914} INFO - Processing file /Users/ravipal/Desktop/Workspace/airflow_tutorial/py_env/lib/python3.12/site-packages/airflow/example_dags/example_branch_labels.py for tasks to queue
[2024-09-01T00:35:21.544+0530] {logging_mixin.py:190} INFO - [2024-09-01T00:35:21.544+0530] {dagbag.py:587} INFO - Filling up the DagBag from /Users/ravipal/Desktop/Workspace/airflow_tutorial/py_env/lib/python3.12/site-packages/airflow/example_dags/example_branch_labels.py
[2024-09-01T00:35:21.547+0530] {processor.py:925} INFO - DAG(s) 'example_branch_labels' retrieved from /Users/ravipal/Desktop/Workspace/airflow_tutorial/py_env/lib/python3.12/site-packages/airflow/example_dags/example_branch_labels.py
[2024-09-01T00:35:21.581+0530] {logging_mixin.py:190} INFO - [2024-09-01T00:35:21.581+0530] {dag.py:3211} INFO - Sync 1 DAGs
[2024-09-01T00:35:21.587+0530] {logging_mixin.py:190} INFO - [2024-09-01T00:35:21.587+0530] {dag.py:4138} INFO - Setting next_dagrun for example_branch_labels to 2024-08-30 00:00:00+00:00, run_after=2024-08-31 00:00:00+00:00
[2024-09-01T00:35:21.594+0530] {processor.py:208} INFO - Processing /Users/ravipal/Desktop/Workspace/airflow_tutorial/py_env/lib/python3.12/site-packages/airflow/example_dags/example_branch_labels.py took 0.053 seconds
[2024-09-01T00:37:34.493+0530] {processor.py:186} INFO - Started process (PID=2493) to work on /Users/ravipal/Desktop/Workspace/airflow_tutorial/py_env/lib/python3.12/site-packages/airflow/example_dags/example_branch_labels.py
[2024-09-01T00:37:34.493+0530] {processor.py:914} INFO - Processing file /Users/ravipal/Desktop/Workspace/airflow_tutorial/py_env/lib/python3.12/site-packages/airflow/example_dags/example_branch_labels.py for tasks to queue
[2024-09-01T00:37:34.493+0530] {logging_mixin.py:190} INFO - [2024-09-01T00:37:34.493+0530] {dagbag.py:587} INFO - Filling up the DagBag from /Users/ravipal/Desktop/Workspace/airflow_tutorial/py_env/lib/python3.12/site-packages/airflow/example_dags/example_branch_labels.py
[2024-09-01T00:37:34.497+0530] {processor.py:925} INFO - DAG(s) 'example_branch_labels' retrieved from /Users/ravipal/Desktop/Workspace/airflow_tutorial/py_env/lib/python3.12/site-packages/airflow/example_dags/example_branch_labels.py
[2024-09-01T00:37:34.536+0530] {logging_mixin.py:190} INFO - [2024-09-01T00:37:34.536+0530] {dag.py:3211} INFO - Sync 1 DAGs
[2024-09-01T00:37:34.543+0530] {logging_mixin.py:190} INFO - [2024-09-01T00:37:34.542+0530] {dag.py:4138} INFO - Setting next_dagrun for example_branch_labels to 2024-08-30 00:00:00+00:00, run_after=2024-08-31 00:00:00+00:00
[2024-09-01T00:37:34.549+0530] {processor.py:208} INFO - Processing /Users/ravipal/Desktop/Workspace/airflow_tutorial/py_env/lib/python3.12/site-packages/airflow/example_dags/example_branch_labels.py took 0.058 seconds
[2024-09-01T00:39:39.328+0530] {processor.py:186} INFO - Started process (PID=2620) to work on /Users/ravipal/Desktop/Workspace/airflow_tutorial/py_env/lib/python3.12/site-packages/airflow/example_dags/example_branch_labels.py
[2024-09-01T00:39:39.328+0530] {processor.py:914} INFO - Processing file /Users/ravipal/Desktop/Workspace/airflow_tutorial/py_env/lib/python3.12/site-packages/airflow/example_dags/example_branch_labels.py for tasks to queue
[2024-09-01T00:39:39.329+0530] {logging_mixin.py:190} INFO - [2024-09-01T00:39:39.328+0530] {dagbag.py:587} INFO - Filling up the DagBag from /Users/ravipal/Desktop/Workspace/airflow_tutorial/py_env/lib/python3.12/site-packages/airflow/example_dags/example_branch_labels.py
[2024-09-01T00:39:39.332+0530] {processor.py:925} INFO - DAG(s) 'example_branch_labels' retrieved from /Users/ravipal/Desktop/Workspace/airflow_tutorial/py_env/lib/python3.12/site-packages/airflow/example_dags/example_branch_labels.py
[2024-09-01T00:39:39.367+0530] {logging_mixin.py:190} INFO - [2024-09-01T00:39:39.367+0530] {dag.py:3211} INFO - Sync 1 DAGs
[2024-09-01T00:39:39.373+0530] {logging_mixin.py:190} INFO - [2024-09-01T00:39:39.373+0530] {dag.py:4138} INFO - Setting next_dagrun for example_branch_labels to 2024-08-30 00:00:00+00:00, run_after=2024-08-31 00:00:00+00:00
[2024-09-01T00:39:39.380+0530] {processor.py:208} INFO - Processing /Users/ravipal/Desktop/Workspace/airflow_tutorial/py_env/lib/python3.12/site-packages/airflow/example_dags/example_branch_labels.py took 0.054 seconds
[2024-09-01T00:41:50.978+0530] {processor.py:186} INFO - Started process (PID=2750) to work on /Users/ravipal/Desktop/Workspace/airflow_tutorial/py_env/lib/python3.12/site-packages/airflow/example_dags/example_branch_labels.py
[2024-09-01T00:41:50.979+0530] {processor.py:914} INFO - Processing file /Users/ravipal/Desktop/Workspace/airflow_tutorial/py_env/lib/python3.12/site-packages/airflow/example_dags/example_branch_labels.py for tasks to queue
[2024-09-01T00:41:50.979+0530] {logging_mixin.py:190} INFO - [2024-09-01T00:41:50.979+0530] {dagbag.py:587} INFO - Filling up the DagBag from /Users/ravipal/Desktop/Workspace/airflow_tutorial/py_env/lib/python3.12/site-packages/airflow/example_dags/example_branch_labels.py
[2024-09-01T00:41:50.983+0530] {processor.py:925} INFO - DAG(s) 'example_branch_labels' retrieved from /Users/ravipal/Desktop/Workspace/airflow_tutorial/py_env/lib/python3.12/site-packages/airflow/example_dags/example_branch_labels.py
[2024-09-01T00:41:51.019+0530] {logging_mixin.py:190} INFO - [2024-09-01T00:41:51.019+0530] {dag.py:3211} INFO - Sync 1 DAGs
[2024-09-01T00:41:51.025+0530] {logging_mixin.py:190} INFO - [2024-09-01T00:41:51.025+0530] {dag.py:4138} INFO - Setting next_dagrun for example_branch_labels to 2024-08-30 00:00:00+00:00, run_after=2024-08-31 00:00:00+00:00
[2024-09-01T00:41:51.031+0530] {processor.py:208} INFO - Processing /Users/ravipal/Desktop/Workspace/airflow_tutorial/py_env/lib/python3.12/site-packages/airflow/example_dags/example_branch_labels.py took 0.055 seconds
[2024-09-01T00:44:05.692+0530] {processor.py:186} INFO - Started process (PID=2883) to work on /Users/ravipal/Desktop/Workspace/airflow_tutorial/py_env/lib/python3.12/site-packages/airflow/example_dags/example_branch_labels.py
[2024-09-01T00:44:05.692+0530] {processor.py:914} INFO - Processing file /Users/ravipal/Desktop/Workspace/airflow_tutorial/py_env/lib/python3.12/site-packages/airflow/example_dags/example_branch_labels.py for tasks to queue
[2024-09-01T00:44:05.693+0530] {logging_mixin.py:190} INFO - [2024-09-01T00:44:05.693+0530] {dagbag.py:587} INFO - Filling up the DagBag from /Users/ravipal/Desktop/Workspace/airflow_tutorial/py_env/lib/python3.12/site-packages/airflow/example_dags/example_branch_labels.py
[2024-09-01T00:44:05.696+0530] {processor.py:925} INFO - DAG(s) 'example_branch_labels' retrieved from /Users/ravipal/Desktop/Workspace/airflow_tutorial/py_env/lib/python3.12/site-packages/airflow/example_dags/example_branch_labels.py
[2024-09-01T00:44:05.731+0530] {logging_mixin.py:190} INFO - [2024-09-01T00:44:05.731+0530] {dag.py:3211} INFO - Sync 1 DAGs
[2024-09-01T00:44:05.737+0530] {logging_mixin.py:190} INFO - [2024-09-01T00:44:05.737+0530] {dag.py:4138} INFO - Setting next_dagrun for example_branch_labels to 2024-08-30 00:00:00+00:00, run_after=2024-08-31 00:00:00+00:00
[2024-09-01T00:44:05.743+0530] {processor.py:208} INFO - Processing /Users/ravipal/Desktop/Workspace/airflow_tutorial/py_env/lib/python3.12/site-packages/airflow/example_dags/example_branch_labels.py took 0.053 seconds
[2024-09-01T00:46:21.241+0530] {processor.py:186} INFO - Started process (PID=3017) to work on /Users/ravipal/Desktop/Workspace/airflow_tutorial/py_env/lib/python3.12/site-packages/airflow/example_dags/example_branch_labels.py
[2024-09-01T00:46:21.242+0530] {processor.py:914} INFO - Processing file /Users/ravipal/Desktop/Workspace/airflow_tutorial/py_env/lib/python3.12/site-packages/airflow/example_dags/example_branch_labels.py for tasks to queue
[2024-09-01T00:46:21.242+0530] {logging_mixin.py:190} INFO - [2024-09-01T00:46:21.242+0530] {dagbag.py:587} INFO - Filling up the DagBag from /Users/ravipal/Desktop/Workspace/airflow_tutorial/py_env/lib/python3.12/site-packages/airflow/example_dags/example_branch_labels.py
[2024-09-01T00:46:21.246+0530] {processor.py:925} INFO - DAG(s) 'example_branch_labels' retrieved from /Users/ravipal/Desktop/Workspace/airflow_tutorial/py_env/lib/python3.12/site-packages/airflow/example_dags/example_branch_labels.py
[2024-09-01T00:46:21.280+0530] {logging_mixin.py:190} INFO - [2024-09-01T00:46:21.280+0530] {dag.py:3211} INFO - Sync 1 DAGs
[2024-09-01T00:46:21.286+0530] {logging_mixin.py:190} INFO - [2024-09-01T00:46:21.286+0530] {dag.py:4138} INFO - Setting next_dagrun for example_branch_labels to 2024-08-30 00:00:00+00:00, run_after=2024-08-31 00:00:00+00:00
[2024-09-01T00:46:21.293+0530] {processor.py:208} INFO - Processing /Users/ravipal/Desktop/Workspace/airflow_tutorial/py_env/lib/python3.12/site-packages/airflow/example_dags/example_branch_labels.py took 0.053 seconds
[2024-09-01T00:48:29.338+0530] {processor.py:186} INFO - Started process (PID=3147) to work on /Users/ravipal/Desktop/Workspace/airflow_tutorial/py_env/lib/python3.12/site-packages/airflow/example_dags/example_branch_labels.py
[2024-09-01T00:48:29.338+0530] {processor.py:914} INFO - Processing file /Users/ravipal/Desktop/Workspace/airflow_tutorial/py_env/lib/python3.12/site-packages/airflow/example_dags/example_branch_labels.py for tasks to queue
[2024-09-01T00:48:29.339+0530] {logging_mixin.py:190} INFO - [2024-09-01T00:48:29.339+0530] {dagbag.py:587} INFO - Filling up the DagBag from /Users/ravipal/Desktop/Workspace/airflow_tutorial/py_env/lib/python3.12/site-packages/airflow/example_dags/example_branch_labels.py
[2024-09-01T00:48:29.343+0530] {processor.py:925} INFO - DAG(s) 'example_branch_labels' retrieved from /Users/ravipal/Desktop/Workspace/airflow_tutorial/py_env/lib/python3.12/site-packages/airflow/example_dags/example_branch_labels.py
[2024-09-01T00:48:29.379+0530] {logging_mixin.py:190} INFO - [2024-09-01T00:48:29.378+0530] {dag.py:3211} INFO - Sync 1 DAGs
[2024-09-01T00:48:29.385+0530] {logging_mixin.py:190} INFO - [2024-09-01T00:48:29.385+0530] {dag.py:4138} INFO - Setting next_dagrun for example_branch_labels to 2024-08-30 00:00:00+00:00, run_after=2024-08-31 00:00:00+00:00
[2024-09-01T00:48:29.391+0530] {processor.py:208} INFO - Processing /Users/ravipal/Desktop/Workspace/airflow_tutorial/py_env/lib/python3.12/site-packages/airflow/example_dags/example_branch_labels.py took 0.055 seconds
[2024-09-01T00:50:41.673+0530] {processor.py:186} INFO - Started process (PID=3303) to work on /Users/ravipal/Desktop/Workspace/airflow_tutorial/py_env/lib/python3.12/site-packages/airflow/example_dags/example_branch_labels.py
[2024-09-01T00:50:41.674+0530] {processor.py:914} INFO - Processing file /Users/ravipal/Desktop/Workspace/airflow_tutorial/py_env/lib/python3.12/site-packages/airflow/example_dags/example_branch_labels.py for tasks to queue
[2024-09-01T00:50:41.674+0530] {logging_mixin.py:190} INFO - [2024-09-01T00:50:41.674+0530] {dagbag.py:587} INFO - Filling up the DagBag from /Users/ravipal/Desktop/Workspace/airflow_tutorial/py_env/lib/python3.12/site-packages/airflow/example_dags/example_branch_labels.py
[2024-09-01T00:50:41.679+0530] {processor.py:925} INFO - DAG(s) 'example_branch_labels' retrieved from /Users/ravipal/Desktop/Workspace/airflow_tutorial/py_env/lib/python3.12/site-packages/airflow/example_dags/example_branch_labels.py
[2024-09-01T00:50:41.715+0530] {logging_mixin.py:190} INFO - [2024-09-01T00:50:41.715+0530] {dag.py:3211} INFO - Sync 1 DAGs
[2024-09-01T00:50:41.721+0530] {logging_mixin.py:190} INFO - [2024-09-01T00:50:41.721+0530] {dag.py:4138} INFO - Setting next_dagrun for example_branch_labels to 2024-08-30 00:00:00+00:00, run_after=2024-08-31 00:00:00+00:00
[2024-09-01T00:50:41.727+0530] {processor.py:208} INFO - Processing /Users/ravipal/Desktop/Workspace/airflow_tutorial/py_env/lib/python3.12/site-packages/airflow/example_dags/example_branch_labels.py took 0.056 seconds
[2024-09-01T00:52:54.510+0530] {processor.py:186} INFO - Started process (PID=3439) to work on /Users/ravipal/Desktop/Workspace/airflow_tutorial/py_env/lib/python3.12/site-packages/airflow/example_dags/example_branch_labels.py
[2024-09-01T00:52:54.510+0530] {processor.py:914} INFO - Processing file /Users/ravipal/Desktop/Workspace/airflow_tutorial/py_env/lib/python3.12/site-packages/airflow/example_dags/example_branch_labels.py for tasks to queue
[2024-09-01T00:52:54.511+0530] {logging_mixin.py:190} INFO - [2024-09-01T00:52:54.511+0530] {dagbag.py:587} INFO - Filling up the DagBag from /Users/ravipal/Desktop/Workspace/airflow_tutorial/py_env/lib/python3.12/site-packages/airflow/example_dags/example_branch_labels.py
[2024-09-01T00:52:54.515+0530] {processor.py:925} INFO - DAG(s) 'example_branch_labels' retrieved from /Users/ravipal/Desktop/Workspace/airflow_tutorial/py_env/lib/python3.12/site-packages/airflow/example_dags/example_branch_labels.py
[2024-09-01T00:52:54.550+0530] {logging_mixin.py:190} INFO - [2024-09-01T00:52:54.550+0530] {dag.py:3211} INFO - Sync 1 DAGs
[2024-09-01T00:52:54.556+0530] {logging_mixin.py:190} INFO - [2024-09-01T00:52:54.556+0530] {dag.py:4138} INFO - Setting next_dagrun for example_branch_labels to 2024-08-30 00:00:00+00:00, run_after=2024-08-31 00:00:00+00:00
[2024-09-01T00:52:54.563+0530] {processor.py:208} INFO - Processing /Users/ravipal/Desktop/Workspace/airflow_tutorial/py_env/lib/python3.12/site-packages/airflow/example_dags/example_branch_labels.py took 0.055 seconds
[2024-09-01T00:55:05.502+0530] {processor.py:186} INFO - Started process (PID=3570) to work on /Users/ravipal/Desktop/Workspace/airflow_tutorial/py_env/lib/python3.12/site-packages/airflow/example_dags/example_branch_labels.py
[2024-09-01T00:55:05.502+0530] {processor.py:914} INFO - Processing file /Users/ravipal/Desktop/Workspace/airflow_tutorial/py_env/lib/python3.12/site-packages/airflow/example_dags/example_branch_labels.py for tasks to queue
[2024-09-01T00:55:05.503+0530] {logging_mixin.py:190} INFO - [2024-09-01T00:55:05.503+0530] {dagbag.py:587} INFO - Filling up the DagBag from /Users/ravipal/Desktop/Workspace/airflow_tutorial/py_env/lib/python3.12/site-packages/airflow/example_dags/example_branch_labels.py
[2024-09-01T00:55:05.507+0530] {processor.py:925} INFO - DAG(s) 'example_branch_labels' retrieved from /Users/ravipal/Desktop/Workspace/airflow_tutorial/py_env/lib/python3.12/site-packages/airflow/example_dags/example_branch_labels.py
[2024-09-01T00:55:05.542+0530] {logging_mixin.py:190} INFO - [2024-09-01T00:55:05.541+0530] {dag.py:3211} INFO - Sync 1 DAGs
[2024-09-01T00:55:05.548+0530] {logging_mixin.py:190} INFO - [2024-09-01T00:55:05.547+0530] {dag.py:4138} INFO - Setting next_dagrun for example_branch_labels to 2024-08-30 00:00:00+00:00, run_after=2024-08-31 00:00:00+00:00
[2024-09-01T00:55:05.554+0530] {processor.py:208} INFO - Processing /Users/ravipal/Desktop/Workspace/airflow_tutorial/py_env/lib/python3.12/site-packages/airflow/example_dags/example_branch_labels.py took 0.054 seconds
[2024-09-01T00:57:17.122+0530] {processor.py:186} INFO - Started process (PID=3701) to work on /Users/ravipal/Desktop/Workspace/airflow_tutorial/py_env/lib/python3.12/site-packages/airflow/example_dags/example_branch_labels.py
[2024-09-01T00:57:17.122+0530] {processor.py:914} INFO - Processing file /Users/ravipal/Desktop/Workspace/airflow_tutorial/py_env/lib/python3.12/site-packages/airflow/example_dags/example_branch_labels.py for tasks to queue
[2024-09-01T00:57:17.122+0530] {logging_mixin.py:190} INFO - [2024-09-01T00:57:17.122+0530] {dagbag.py:587} INFO - Filling up the DagBag from /Users/ravipal/Desktop/Workspace/airflow_tutorial/py_env/lib/python3.12/site-packages/airflow/example_dags/example_branch_labels.py
[2024-09-01T00:57:17.126+0530] {processor.py:925} INFO - DAG(s) 'example_branch_labels' retrieved from /Users/ravipal/Desktop/Workspace/airflow_tutorial/py_env/lib/python3.12/site-packages/airflow/example_dags/example_branch_labels.py
[2024-09-01T00:57:17.162+0530] {logging_mixin.py:190} INFO - [2024-09-01T00:57:17.162+0530] {dag.py:3211} INFO - Sync 1 DAGs
[2024-09-01T00:57:17.168+0530] {logging_mixin.py:190} INFO - [2024-09-01T00:57:17.168+0530] {dag.py:4138} INFO - Setting next_dagrun for example_branch_labels to 2024-08-30 00:00:00+00:00, run_after=2024-08-31 00:00:00+00:00
[2024-09-01T00:57:17.174+0530] {processor.py:208} INFO - Processing /Users/ravipal/Desktop/Workspace/airflow_tutorial/py_env/lib/python3.12/site-packages/airflow/example_dags/example_branch_labels.py took 0.055 seconds
[2024-09-01T00:59:28.918+0530] {processor.py:186} INFO - Started process (PID=3832) to work on /Users/ravipal/Desktop/Workspace/airflow_tutorial/py_env/lib/python3.12/site-packages/airflow/example_dags/example_branch_labels.py
[2024-09-01T00:59:28.918+0530] {processor.py:914} INFO - Processing file /Users/ravipal/Desktop/Workspace/airflow_tutorial/py_env/lib/python3.12/site-packages/airflow/example_dags/example_branch_labels.py for tasks to queue
[2024-09-01T00:59:28.919+0530] {logging_mixin.py:190} INFO - [2024-09-01T00:59:28.919+0530] {dagbag.py:587} INFO - Filling up the DagBag from /Users/ravipal/Desktop/Workspace/airflow_tutorial/py_env/lib/python3.12/site-packages/airflow/example_dags/example_branch_labels.py
[2024-09-01T00:59:28.923+0530] {processor.py:925} INFO - DAG(s) 'example_branch_labels' retrieved from /Users/ravipal/Desktop/Workspace/airflow_tutorial/py_env/lib/python3.12/site-packages/airflow/example_dags/example_branch_labels.py
[2024-09-01T00:59:28.958+0530] {logging_mixin.py:190} INFO - [2024-09-01T00:59:28.958+0530] {dag.py:3211} INFO - Sync 1 DAGs
[2024-09-01T00:59:28.964+0530] {logging_mixin.py:190} INFO - [2024-09-01T00:59:28.964+0530] {dag.py:4138} INFO - Setting next_dagrun for example_branch_labels to 2024-08-30 00:00:00+00:00, run_after=2024-08-31 00:00:00+00:00
[2024-09-01T00:59:28.970+0530] {processor.py:208} INFO - Processing /Users/ravipal/Desktop/Workspace/airflow_tutorial/py_env/lib/python3.12/site-packages/airflow/example_dags/example_branch_labels.py took 0.054 seconds
[2024-09-01T01:01:36.345+0530] {processor.py:186} INFO - Started process (PID=3959) to work on /Users/ravipal/Desktop/Workspace/airflow_tutorial/py_env/lib/python3.12/site-packages/airflow/example_dags/example_branch_labels.py
[2024-09-01T01:01:36.345+0530] {processor.py:914} INFO - Processing file /Users/ravipal/Desktop/Workspace/airflow_tutorial/py_env/lib/python3.12/site-packages/airflow/example_dags/example_branch_labels.py for tasks to queue
[2024-09-01T01:01:36.345+0530] {logging_mixin.py:190} INFO - [2024-09-01T01:01:36.345+0530] {dagbag.py:587} INFO - Filling up the DagBag from /Users/ravipal/Desktop/Workspace/airflow_tutorial/py_env/lib/python3.12/site-packages/airflow/example_dags/example_branch_labels.py
[2024-09-01T01:01:36.349+0530] {processor.py:925} INFO - DAG(s) 'example_branch_labels' retrieved from /Users/ravipal/Desktop/Workspace/airflow_tutorial/py_env/lib/python3.12/site-packages/airflow/example_dags/example_branch_labels.py
[2024-09-01T01:01:36.385+0530] {logging_mixin.py:190} INFO - [2024-09-01T01:01:36.385+0530] {dag.py:3211} INFO - Sync 1 DAGs
[2024-09-01T01:01:36.392+0530] {logging_mixin.py:190} INFO - [2024-09-01T01:01:36.392+0530] {dag.py:4138} INFO - Setting next_dagrun for example_branch_labels to 2024-08-30 00:00:00+00:00, run_after=2024-08-31 00:00:00+00:00
[2024-09-01T01:01:36.398+0530] {processor.py:208} INFO - Processing /Users/ravipal/Desktop/Workspace/airflow_tutorial/py_env/lib/python3.12/site-packages/airflow/example_dags/example_branch_labels.py took 0.056 seconds
[2024-09-01T01:03:40.520+0530] {processor.py:186} INFO - Started process (PID=4091) to work on /Users/ravipal/Desktop/Workspace/airflow_tutorial/py_env/lib/python3.12/site-packages/airflow/example_dags/example_branch_labels.py
[2024-09-01T01:03:40.520+0530] {processor.py:914} INFO - Processing file /Users/ravipal/Desktop/Workspace/airflow_tutorial/py_env/lib/python3.12/site-packages/airflow/example_dags/example_branch_labels.py for tasks to queue
[2024-09-01T01:03:40.521+0530] {logging_mixin.py:190} INFO - [2024-09-01T01:03:40.521+0530] {dagbag.py:587} INFO - Filling up the DagBag from /Users/ravipal/Desktop/Workspace/airflow_tutorial/py_env/lib/python3.12/site-packages/airflow/example_dags/example_branch_labels.py
[2024-09-01T01:03:40.524+0530] {processor.py:925} INFO - DAG(s) 'example_branch_labels' retrieved from /Users/ravipal/Desktop/Workspace/airflow_tutorial/py_env/lib/python3.12/site-packages/airflow/example_dags/example_branch_labels.py
[2024-09-01T01:03:40.560+0530] {logging_mixin.py:190} INFO - [2024-09-01T01:03:40.559+0530] {dag.py:3211} INFO - Sync 1 DAGs
[2024-09-01T01:03:40.566+0530] {logging_mixin.py:190} INFO - [2024-09-01T01:03:40.566+0530] {dag.py:4138} INFO - Setting next_dagrun for example_branch_labels to 2024-08-30 00:00:00+00:00, run_after=2024-08-31 00:00:00+00:00
[2024-09-01T01:03:40.572+0530] {processor.py:208} INFO - Processing /Users/ravipal/Desktop/Workspace/airflow_tutorial/py_env/lib/python3.12/site-packages/airflow/example_dags/example_branch_labels.py took 0.054 seconds
[2024-09-01T01:05:50.108+0530] {processor.py:186} INFO - Started process (PID=4249) to work on /Users/ravipal/Desktop/Workspace/airflow_tutorial/py_env/lib/python3.12/site-packages/airflow/example_dags/example_branch_labels.py
[2024-09-01T01:05:50.110+0530] {processor.py:914} INFO - Processing file /Users/ravipal/Desktop/Workspace/airflow_tutorial/py_env/lib/python3.12/site-packages/airflow/example_dags/example_branch_labels.py for tasks to queue
[2024-09-01T01:05:50.110+0530] {logging_mixin.py:190} INFO - [2024-09-01T01:05:50.110+0530] {dagbag.py:587} INFO - Filling up the DagBag from /Users/ravipal/Desktop/Workspace/airflow_tutorial/py_env/lib/python3.12/site-packages/airflow/example_dags/example_branch_labels.py
[2024-09-01T01:05:50.114+0530] {processor.py:925} INFO - DAG(s) 'example_branch_labels' retrieved from /Users/ravipal/Desktop/Workspace/airflow_tutorial/py_env/lib/python3.12/site-packages/airflow/example_dags/example_branch_labels.py
[2024-09-01T01:05:50.149+0530] {logging_mixin.py:190} INFO - [2024-09-01T01:05:50.149+0530] {dag.py:3211} INFO - Sync 1 DAGs
[2024-09-01T01:05:50.155+0530] {logging_mixin.py:190} INFO - [2024-09-01T01:05:50.155+0530] {dag.py:4138} INFO - Setting next_dagrun for example_branch_labels to 2024-08-30 00:00:00+00:00, run_after=2024-08-31 00:00:00+00:00
[2024-09-01T01:05:50.161+0530] {processor.py:208} INFO - Processing /Users/ravipal/Desktop/Workspace/airflow_tutorial/py_env/lib/python3.12/site-packages/airflow/example_dags/example_branch_labels.py took 0.054 seconds
[2024-09-01T01:08:02.080+0530] {processor.py:186} INFO - Started process (PID=4384) to work on /Users/ravipal/Desktop/Workspace/airflow_tutorial/py_env/lib/python3.12/site-packages/airflow/example_dags/example_branch_labels.py
[2024-09-01T01:08:02.081+0530] {processor.py:914} INFO - Processing file /Users/ravipal/Desktop/Workspace/airflow_tutorial/py_env/lib/python3.12/site-packages/airflow/example_dags/example_branch_labels.py for tasks to queue
[2024-09-01T01:08:02.081+0530] {logging_mixin.py:190} INFO - [2024-09-01T01:08:02.081+0530] {dagbag.py:587} INFO - Filling up the DagBag from /Users/ravipal/Desktop/Workspace/airflow_tutorial/py_env/lib/python3.12/site-packages/airflow/example_dags/example_branch_labels.py
[2024-09-01T01:08:02.085+0530] {processor.py:925} INFO - DAG(s) 'example_branch_labels' retrieved from /Users/ravipal/Desktop/Workspace/airflow_tutorial/py_env/lib/python3.12/site-packages/airflow/example_dags/example_branch_labels.py
[2024-09-01T01:08:02.120+0530] {logging_mixin.py:190} INFO - [2024-09-01T01:08:02.120+0530] {dag.py:3211} INFO - Sync 1 DAGs
[2024-09-01T01:08:02.126+0530] {logging_mixin.py:190} INFO - [2024-09-01T01:08:02.126+0530] {dag.py:4138} INFO - Setting next_dagrun for example_branch_labels to 2024-08-30 00:00:00+00:00, run_after=2024-08-31 00:00:00+00:00
[2024-09-01T01:08:02.133+0530] {processor.py:208} INFO - Processing /Users/ravipal/Desktop/Workspace/airflow_tutorial/py_env/lib/python3.12/site-packages/airflow/example_dags/example_branch_labels.py took 0.054 seconds
[2024-09-01T01:10:10.091+0530] {processor.py:186} INFO - Started process (PID=4513) to work on /Users/ravipal/Desktop/Workspace/airflow_tutorial/py_env/lib/python3.12/site-packages/airflow/example_dags/example_branch_labels.py
[2024-09-01T01:10:10.092+0530] {processor.py:914} INFO - Processing file /Users/ravipal/Desktop/Workspace/airflow_tutorial/py_env/lib/python3.12/site-packages/airflow/example_dags/example_branch_labels.py for tasks to queue
[2024-09-01T01:10:10.092+0530] {logging_mixin.py:190} INFO - [2024-09-01T01:10:10.092+0530] {dagbag.py:587} INFO - Filling up the DagBag from /Users/ravipal/Desktop/Workspace/airflow_tutorial/py_env/lib/python3.12/site-packages/airflow/example_dags/example_branch_labels.py
[2024-09-01T01:10:10.096+0530] {processor.py:925} INFO - DAG(s) 'example_branch_labels' retrieved from /Users/ravipal/Desktop/Workspace/airflow_tutorial/py_env/lib/python3.12/site-packages/airflow/example_dags/example_branch_labels.py
[2024-09-01T01:10:10.131+0530] {logging_mixin.py:190} INFO - [2024-09-01T01:10:10.130+0530] {dag.py:3211} INFO - Sync 1 DAGs
[2024-09-01T01:10:10.137+0530] {logging_mixin.py:190} INFO - [2024-09-01T01:10:10.136+0530] {dag.py:4138} INFO - Setting next_dagrun for example_branch_labels to 2024-08-30 00:00:00+00:00, run_after=2024-08-31 00:00:00+00:00
[2024-09-01T01:10:10.143+0530] {processor.py:208} INFO - Processing /Users/ravipal/Desktop/Workspace/airflow_tutorial/py_env/lib/python3.12/site-packages/airflow/example_dags/example_branch_labels.py took 0.054 seconds
[2024-09-01T01:12:16.798+0530] {processor.py:186} INFO - Started process (PID=4641) to work on /Users/ravipal/Desktop/Workspace/airflow_tutorial/py_env/lib/python3.12/site-packages/airflow/example_dags/example_branch_labels.py
[2024-09-01T01:12:16.798+0530] {processor.py:914} INFO - Processing file /Users/ravipal/Desktop/Workspace/airflow_tutorial/py_env/lib/python3.12/site-packages/airflow/example_dags/example_branch_labels.py for tasks to queue
[2024-09-01T01:12:16.799+0530] {logging_mixin.py:190} INFO - [2024-09-01T01:12:16.799+0530] {dagbag.py:587} INFO - Filling up the DagBag from /Users/ravipal/Desktop/Workspace/airflow_tutorial/py_env/lib/python3.12/site-packages/airflow/example_dags/example_branch_labels.py
[2024-09-01T01:12:16.803+0530] {processor.py:925} INFO - DAG(s) 'example_branch_labels' retrieved from /Users/ravipal/Desktop/Workspace/airflow_tutorial/py_env/lib/python3.12/site-packages/airflow/example_dags/example_branch_labels.py
[2024-09-01T01:12:16.838+0530] {logging_mixin.py:190} INFO - [2024-09-01T01:12:16.837+0530] {dag.py:3211} INFO - Sync 1 DAGs
[2024-09-01T01:12:16.843+0530] {logging_mixin.py:190} INFO - [2024-09-01T01:12:16.843+0530] {dag.py:4138} INFO - Setting next_dagrun for example_branch_labels to 2024-08-30 00:00:00+00:00, run_after=2024-08-31 00:00:00+00:00
[2024-09-01T01:12:16.850+0530] {processor.py:208} INFO - Processing /Users/ravipal/Desktop/Workspace/airflow_tutorial/py_env/lib/python3.12/site-packages/airflow/example_dags/example_branch_labels.py took 0.054 seconds
[2024-09-01T01:14:25.540+0530] {processor.py:186} INFO - Started process (PID=4770) to work on /Users/ravipal/Desktop/Workspace/airflow_tutorial/py_env/lib/python3.12/site-packages/airflow/example_dags/example_branch_labels.py
[2024-09-01T01:14:25.540+0530] {processor.py:914} INFO - Processing file /Users/ravipal/Desktop/Workspace/airflow_tutorial/py_env/lib/python3.12/site-packages/airflow/example_dags/example_branch_labels.py for tasks to queue
[2024-09-01T01:14:25.541+0530] {logging_mixin.py:190} INFO - [2024-09-01T01:14:25.540+0530] {dagbag.py:587} INFO - Filling up the DagBag from /Users/ravipal/Desktop/Workspace/airflow_tutorial/py_env/lib/python3.12/site-packages/airflow/example_dags/example_branch_labels.py
[2024-09-01T01:14:25.544+0530] {processor.py:925} INFO - DAG(s) 'example_branch_labels' retrieved from /Users/ravipal/Desktop/Workspace/airflow_tutorial/py_env/lib/python3.12/site-packages/airflow/example_dags/example_branch_labels.py
[2024-09-01T01:14:25.580+0530] {logging_mixin.py:190} INFO - [2024-09-01T01:14:25.580+0530] {dag.py:3211} INFO - Sync 1 DAGs
[2024-09-01T01:14:25.586+0530] {logging_mixin.py:190} INFO - [2024-09-01T01:14:25.586+0530] {dag.py:4138} INFO - Setting next_dagrun for example_branch_labels to 2024-08-30 00:00:00+00:00, run_after=2024-08-31 00:00:00+00:00
[2024-09-01T01:14:25.593+0530] {processor.py:208} INFO - Processing /Users/ravipal/Desktop/Workspace/airflow_tutorial/py_env/lib/python3.12/site-packages/airflow/example_dags/example_branch_labels.py took 0.055 seconds
[2024-09-01T01:16:37.292+0530] {processor.py:186} INFO - Started process (PID=4901) to work on /Users/ravipal/Desktop/Workspace/airflow_tutorial/py_env/lib/python3.12/site-packages/airflow/example_dags/example_branch_labels.py
[2024-09-01T01:16:37.292+0530] {processor.py:914} INFO - Processing file /Users/ravipal/Desktop/Workspace/airflow_tutorial/py_env/lib/python3.12/site-packages/airflow/example_dags/example_branch_labels.py for tasks to queue
[2024-09-01T01:16:37.293+0530] {logging_mixin.py:190} INFO - [2024-09-01T01:16:37.293+0530] {dagbag.py:587} INFO - Filling up the DagBag from /Users/ravipal/Desktop/Workspace/airflow_tutorial/py_env/lib/python3.12/site-packages/airflow/example_dags/example_branch_labels.py
[2024-09-01T01:16:37.297+0530] {processor.py:925} INFO - DAG(s) 'example_branch_labels' retrieved from /Users/ravipal/Desktop/Workspace/airflow_tutorial/py_env/lib/python3.12/site-packages/airflow/example_dags/example_branch_labels.py
[2024-09-01T01:16:37.332+0530] {logging_mixin.py:190} INFO - [2024-09-01T01:16:37.332+0530] {dag.py:3211} INFO - Sync 1 DAGs
[2024-09-01T01:16:37.338+0530] {logging_mixin.py:190} INFO - [2024-09-01T01:16:37.338+0530] {dag.py:4138} INFO - Setting next_dagrun for example_branch_labels to 2024-08-30 00:00:00+00:00, run_after=2024-08-31 00:00:00+00:00
[2024-09-01T01:16:37.345+0530] {processor.py:208} INFO - Processing /Users/ravipal/Desktop/Workspace/airflow_tutorial/py_env/lib/python3.12/site-packages/airflow/example_dags/example_branch_labels.py took 0.055 seconds
[2024-09-01T01:18:48.319+0530] {processor.py:186} INFO - Started process (PID=5035) to work on /Users/ravipal/Desktop/Workspace/airflow_tutorial/py_env/lib/python3.12/site-packages/airflow/example_dags/example_branch_labels.py
[2024-09-01T01:18:48.319+0530] {processor.py:914} INFO - Processing file /Users/ravipal/Desktop/Workspace/airflow_tutorial/py_env/lib/python3.12/site-packages/airflow/example_dags/example_branch_labels.py for tasks to queue
[2024-09-01T01:18:48.320+0530] {logging_mixin.py:190} INFO - [2024-09-01T01:18:48.320+0530] {dagbag.py:587} INFO - Filling up the DagBag from /Users/ravipal/Desktop/Workspace/airflow_tutorial/py_env/lib/python3.12/site-packages/airflow/example_dags/example_branch_labels.py
[2024-09-01T01:18:48.324+0530] {processor.py:925} INFO - DAG(s) 'example_branch_labels' retrieved from /Users/ravipal/Desktop/Workspace/airflow_tutorial/py_env/lib/python3.12/site-packages/airflow/example_dags/example_branch_labels.py
[2024-09-01T01:18:48.361+0530] {logging_mixin.py:190} INFO - [2024-09-01T01:18:48.361+0530] {dag.py:3211} INFO - Sync 1 DAGs
[2024-09-01T01:18:48.367+0530] {logging_mixin.py:190} INFO - [2024-09-01T01:18:48.367+0530] {dag.py:4138} INFO - Setting next_dagrun for example_branch_labels to 2024-08-30 00:00:00+00:00, run_after=2024-08-31 00:00:00+00:00
[2024-09-01T01:18:48.373+0530] {processor.py:208} INFO - Processing /Users/ravipal/Desktop/Workspace/airflow_tutorial/py_env/lib/python3.12/site-packages/airflow/example_dags/example_branch_labels.py took 0.056 seconds
