[2024-09-01T00:24:00.935+0530] {processor.py:186} INFO - Started process (PID=1487) to work on /Users/ravipal/Desktop/Workspace/airflow_tutorial/py_env/lib/python3.12/site-packages/airflow/example_dags/example_complex.py
[2024-09-01T00:24:00.936+0530] {processor.py:914} INFO - Processing file /Users/ravipal/Desktop/Workspace/airflow_tutorial/py_env/lib/python3.12/site-packages/airflow/example_dags/example_complex.py for tasks to queue
[2024-09-01T00:24:00.936+0530] {logging_mixin.py:190} INFO - [2024-09-01T00:24:00.936+0530] {dagbag.py:587} INFO - Filling up the DagBag from /Users/ravipal/Desktop/Workspace/airflow_tutorial/py_env/lib/python3.12/site-packages/airflow/example_dags/example_complex.py
[2024-09-01T00:24:00.941+0530] {processor.py:925} INFO - DAG(s) 'example_complex' retrieved from /Users/ravipal/Desktop/Workspace/airflow_tutorial/py_env/lib/python3.12/site-packages/airflow/example_dags/example_complex.py
[2024-09-01T00:24:01.010+0530] {logging_mixin.py:190} INFO - [2024-09-01T00:24:01.010+0530] {override.py:1858} INFO - Created Permission View: can delete on DAG:example_complex
[2024-09-01T00:24:01.013+0530] {logging_mixin.py:190} INFO - [2024-09-01T00:24:01.013+0530] {override.py:1858} INFO - Created Permission View: can edit on DAG:example_complex
[2024-09-01T00:24:01.015+0530] {logging_mixin.py:190} INFO - [2024-09-01T00:24:01.015+0530] {override.py:1858} INFO - Created Permission View: can read on DAG:example_complex
[2024-09-01T00:24:01.015+0530] {logging_mixin.py:190} INFO - [2024-09-01T00:24:01.015+0530] {dag.py:3211} INFO - Sync 1 DAGs
[2024-09-01T00:24:01.020+0530] {logging_mixin.py:190} INFO - [2024-09-01T00:24:01.020+0530] {dag.py:3234} INFO - Creating ORM DAG for example_complex
[2024-09-01T00:24:01.020+0530] {logging_mixin.py:190} INFO - [2024-09-01T00:24:01.020+0530] {dag.py:4138} INFO - Setting next_dagrun for example_complex to None, run_after=None
[2024-09-01T00:24:01.053+0530] {processor.py:208} INFO - Processing /Users/ravipal/Desktop/Workspace/airflow_tutorial/py_env/lib/python3.12/site-packages/airflow/example_dags/example_complex.py took 0.119 seconds
[2024-09-01T00:26:16.162+0530] {processor.py:186} INFO - Started process (PID=1624) to work on /Users/ravipal/Desktop/Workspace/airflow_tutorial/py_env/lib/python3.12/site-packages/airflow/example_dags/example_complex.py
[2024-09-01T00:26:16.162+0530] {processor.py:914} INFO - Processing file /Users/ravipal/Desktop/Workspace/airflow_tutorial/py_env/lib/python3.12/site-packages/airflow/example_dags/example_complex.py for tasks to queue
[2024-09-01T00:26:16.163+0530] {logging_mixin.py:190} INFO - [2024-09-01T00:26:16.163+0530] {dagbag.py:587} INFO - Filling up the DagBag from /Users/ravipal/Desktop/Workspace/airflow_tutorial/py_env/lib/python3.12/site-packages/airflow/example_dags/example_complex.py
[2024-09-01T00:26:16.168+0530] {processor.py:925} INFO - DAG(s) 'example_complex' retrieved from /Users/ravipal/Desktop/Workspace/airflow_tutorial/py_env/lib/python3.12/site-packages/airflow/example_dags/example_complex.py
[2024-09-01T00:26:16.211+0530] {logging_mixin.py:190} INFO - [2024-09-01T00:26:16.210+0530] {dag.py:3211} INFO - Sync 1 DAGs
[2024-09-01T00:26:16.214+0530] {logging_mixin.py:190} INFO - [2024-09-01T00:26:16.214+0530] {dag.py:4138} INFO - Setting next_dagrun for example_complex to None, run_after=None
[2024-09-01T00:26:16.223+0530] {processor.py:208} INFO - Processing /Users/ravipal/Desktop/Workspace/airflow_tutorial/py_env/lib/python3.12/site-packages/airflow/example_dags/example_complex.py took 0.063 seconds
[2024-09-01T00:28:35.809+0530] {processor.py:186} INFO - Started process (PID=1954) to work on /Users/ravipal/Desktop/Workspace/airflow_tutorial/py_env/lib/python3.12/site-packages/airflow/example_dags/example_complex.py
[2024-09-01T00:28:35.809+0530] {processor.py:914} INFO - Processing file /Users/ravipal/Desktop/Workspace/airflow_tutorial/py_env/lib/python3.12/site-packages/airflow/example_dags/example_complex.py for tasks to queue
[2024-09-01T00:28:35.810+0530] {logging_mixin.py:190} INFO - [2024-09-01T00:28:35.809+0530] {dagbag.py:587} INFO - Filling up the DagBag from /Users/ravipal/Desktop/Workspace/airflow_tutorial/py_env/lib/python3.12/site-packages/airflow/example_dags/example_complex.py
[2024-09-01T00:28:35.815+0530] {processor.py:925} INFO - DAG(s) 'example_complex' retrieved from /Users/ravipal/Desktop/Workspace/airflow_tutorial/py_env/lib/python3.12/site-packages/airflow/example_dags/example_complex.py
[2024-09-01T00:28:35.855+0530] {logging_mixin.py:190} INFO - [2024-09-01T00:28:35.855+0530] {dag.py:3211} INFO - Sync 1 DAGs
[2024-09-01T00:28:35.859+0530] {logging_mixin.py:190} INFO - [2024-09-01T00:28:35.859+0530] {dag.py:4138} INFO - Setting next_dagrun for example_complex to None, run_after=None
[2024-09-01T00:28:35.867+0530] {processor.py:208} INFO - Processing /Users/ravipal/Desktop/Workspace/airflow_tutorial/py_env/lib/python3.12/site-packages/airflow/example_dags/example_complex.py took 0.060 seconds
[2024-09-01T00:30:42.709+0530] {processor.py:186} INFO - Started process (PID=2084) to work on /Users/ravipal/Desktop/Workspace/airflow_tutorial/py_env/lib/python3.12/site-packages/airflow/example_dags/example_complex.py
[2024-09-01T00:30:42.709+0530] {processor.py:914} INFO - Processing file /Users/ravipal/Desktop/Workspace/airflow_tutorial/py_env/lib/python3.12/site-packages/airflow/example_dags/example_complex.py for tasks to queue
[2024-09-01T00:30:42.710+0530] {logging_mixin.py:190} INFO - [2024-09-01T00:30:42.710+0530] {dagbag.py:587} INFO - Filling up the DagBag from /Users/ravipal/Desktop/Workspace/airflow_tutorial/py_env/lib/python3.12/site-packages/airflow/example_dags/example_complex.py
[2024-09-01T00:30:42.715+0530] {processor.py:925} INFO - DAG(s) 'example_complex' retrieved from /Users/ravipal/Desktop/Workspace/airflow_tutorial/py_env/lib/python3.12/site-packages/airflow/example_dags/example_complex.py
[2024-09-01T00:30:42.756+0530] {logging_mixin.py:190} INFO - [2024-09-01T00:30:42.756+0530] {dag.py:3211} INFO - Sync 1 DAGs
[2024-09-01T00:30:42.759+0530] {logging_mixin.py:190} INFO - [2024-09-01T00:30:42.759+0530] {dag.py:4138} INFO - Setting next_dagrun for example_complex to None, run_after=None
[2024-09-01T00:30:42.766+0530] {processor.py:208} INFO - Processing /Users/ravipal/Desktop/Workspace/airflow_tutorial/py_env/lib/python3.12/site-packages/airflow/example_dags/example_complex.py took 0.059 seconds
[2024-09-01T00:32:56.708+0530] {processor.py:186} INFO - Started process (PID=2217) to work on /Users/ravipal/Desktop/Workspace/airflow_tutorial/py_env/lib/python3.12/site-packages/airflow/example_dags/example_complex.py
[2024-09-01T00:32:56.708+0530] {processor.py:914} INFO - Processing file /Users/ravipal/Desktop/Workspace/airflow_tutorial/py_env/lib/python3.12/site-packages/airflow/example_dags/example_complex.py for tasks to queue
[2024-09-01T00:32:56.709+0530] {logging_mixin.py:190} INFO - [2024-09-01T00:32:56.709+0530] {dagbag.py:587} INFO - Filling up the DagBag from /Users/ravipal/Desktop/Workspace/airflow_tutorial/py_env/lib/python3.12/site-packages/airflow/example_dags/example_complex.py
[2024-09-01T00:32:56.714+0530] {processor.py:925} INFO - DAG(s) 'example_complex' retrieved from /Users/ravipal/Desktop/Workspace/airflow_tutorial/py_env/lib/python3.12/site-packages/airflow/example_dags/example_complex.py
[2024-09-01T00:32:56.765+0530] {logging_mixin.py:190} INFO - [2024-09-01T00:32:56.765+0530] {dag.py:3211} INFO - Sync 1 DAGs
[2024-09-01T00:32:56.769+0530] {logging_mixin.py:190} INFO - [2024-09-01T00:32:56.769+0530] {dag.py:4138} INFO - Setting next_dagrun for example_complex to None, run_after=None
[2024-09-01T00:32:56.776+0530] {processor.py:208} INFO - Processing /Users/ravipal/Desktop/Workspace/airflow_tutorial/py_env/lib/python3.12/site-packages/airflow/example_dags/example_complex.py took 0.070 seconds
[2024-09-01T00:35:14.451+0530] {processor.py:186} INFO - Started process (PID=2352) to work on /Users/ravipal/Desktop/Workspace/airflow_tutorial/py_env/lib/python3.12/site-packages/airflow/example_dags/example_complex.py
[2024-09-01T00:35:14.451+0530] {processor.py:914} INFO - Processing file /Users/ravipal/Desktop/Workspace/airflow_tutorial/py_env/lib/python3.12/site-packages/airflow/example_dags/example_complex.py for tasks to queue
[2024-09-01T00:35:14.452+0530] {logging_mixin.py:190} INFO - [2024-09-01T00:35:14.452+0530] {dagbag.py:587} INFO - Filling up the DagBag from /Users/ravipal/Desktop/Workspace/airflow_tutorial/py_env/lib/python3.12/site-packages/airflow/example_dags/example_complex.py
[2024-09-01T00:35:14.457+0530] {processor.py:925} INFO - DAG(s) 'example_complex' retrieved from /Users/ravipal/Desktop/Workspace/airflow_tutorial/py_env/lib/python3.12/site-packages/airflow/example_dags/example_complex.py
[2024-09-01T00:35:14.495+0530] {logging_mixin.py:190} INFO - [2024-09-01T00:35:14.495+0530] {dag.py:3211} INFO - Sync 1 DAGs
[2024-09-01T00:35:14.499+0530] {logging_mixin.py:190} INFO - [2024-09-01T00:35:14.499+0530] {dag.py:4138} INFO - Setting next_dagrun for example_complex to None, run_after=None
[2024-09-01T00:35:14.506+0530] {processor.py:208} INFO - Processing /Users/ravipal/Desktop/Workspace/airflow_tutorial/py_env/lib/python3.12/site-packages/airflow/example_dags/example_complex.py took 0.057 seconds
[2024-09-01T00:37:28.681+0530] {processor.py:186} INFO - Started process (PID=2487) to work on /Users/ravipal/Desktop/Workspace/airflow_tutorial/py_env/lib/python3.12/site-packages/airflow/example_dags/example_complex.py
[2024-09-01T00:37:28.682+0530] {processor.py:914} INFO - Processing file /Users/ravipal/Desktop/Workspace/airflow_tutorial/py_env/lib/python3.12/site-packages/airflow/example_dags/example_complex.py for tasks to queue
[2024-09-01T00:37:28.682+0530] {logging_mixin.py:190} INFO - [2024-09-01T00:37:28.682+0530] {dagbag.py:587} INFO - Filling up the DagBag from /Users/ravipal/Desktop/Workspace/airflow_tutorial/py_env/lib/python3.12/site-packages/airflow/example_dags/example_complex.py
[2024-09-01T00:37:28.687+0530] {processor.py:925} INFO - DAG(s) 'example_complex' retrieved from /Users/ravipal/Desktop/Workspace/airflow_tutorial/py_env/lib/python3.12/site-packages/airflow/example_dags/example_complex.py
[2024-09-01T00:37:28.726+0530] {logging_mixin.py:190} INFO - [2024-09-01T00:37:28.726+0530] {dag.py:3211} INFO - Sync 1 DAGs
[2024-09-01T00:37:28.730+0530] {logging_mixin.py:190} INFO - [2024-09-01T00:37:28.730+0530] {dag.py:4138} INFO - Setting next_dagrun for example_complex to None, run_after=None
[2024-09-01T00:37:28.736+0530] {processor.py:208} INFO - Processing /Users/ravipal/Desktop/Workspace/airflow_tutorial/py_env/lib/python3.12/site-packages/airflow/example_dags/example_complex.py took 0.057 seconds
[2024-09-01T00:39:33.266+0530] {processor.py:186} INFO - Started process (PID=2614) to work on /Users/ravipal/Desktop/Workspace/airflow_tutorial/py_env/lib/python3.12/site-packages/airflow/example_dags/example_complex.py
[2024-09-01T00:39:33.266+0530] {processor.py:914} INFO - Processing file /Users/ravipal/Desktop/Workspace/airflow_tutorial/py_env/lib/python3.12/site-packages/airflow/example_dags/example_complex.py for tasks to queue
[2024-09-01T00:39:33.267+0530] {logging_mixin.py:190} INFO - [2024-09-01T00:39:33.267+0530] {dagbag.py:587} INFO - Filling up the DagBag from /Users/ravipal/Desktop/Workspace/airflow_tutorial/py_env/lib/python3.12/site-packages/airflow/example_dags/example_complex.py
[2024-09-01T00:39:33.272+0530] {processor.py:925} INFO - DAG(s) 'example_complex' retrieved from /Users/ravipal/Desktop/Workspace/airflow_tutorial/py_env/lib/python3.12/site-packages/airflow/example_dags/example_complex.py
[2024-09-01T00:39:33.311+0530] {logging_mixin.py:190} INFO - [2024-09-01T00:39:33.311+0530] {dag.py:3211} INFO - Sync 1 DAGs
[2024-09-01T00:39:33.315+0530] {logging_mixin.py:190} INFO - [2024-09-01T00:39:33.315+0530] {dag.py:4138} INFO - Setting next_dagrun for example_complex to None, run_after=None
[2024-09-01T00:39:33.321+0530] {processor.py:208} INFO - Processing /Users/ravipal/Desktop/Workspace/airflow_tutorial/py_env/lib/python3.12/site-packages/airflow/example_dags/example_complex.py took 0.057 seconds
[2024-09-01T00:41:44.627+0530] {processor.py:186} INFO - Started process (PID=2744) to work on /Users/ravipal/Desktop/Workspace/airflow_tutorial/py_env/lib/python3.12/site-packages/airflow/example_dags/example_complex.py
[2024-09-01T00:41:44.627+0530] {processor.py:914} INFO - Processing file /Users/ravipal/Desktop/Workspace/airflow_tutorial/py_env/lib/python3.12/site-packages/airflow/example_dags/example_complex.py for tasks to queue
[2024-09-01T00:41:44.628+0530] {logging_mixin.py:190} INFO - [2024-09-01T00:41:44.627+0530] {dagbag.py:587} INFO - Filling up the DagBag from /Users/ravipal/Desktop/Workspace/airflow_tutorial/py_env/lib/python3.12/site-packages/airflow/example_dags/example_complex.py
[2024-09-01T00:41:44.633+0530] {processor.py:925} INFO - DAG(s) 'example_complex' retrieved from /Users/ravipal/Desktop/Workspace/airflow_tutorial/py_env/lib/python3.12/site-packages/airflow/example_dags/example_complex.py
[2024-09-01T00:41:44.672+0530] {logging_mixin.py:190} INFO - [2024-09-01T00:41:44.672+0530] {dag.py:3211} INFO - Sync 1 DAGs
[2024-09-01T00:41:44.675+0530] {logging_mixin.py:190} INFO - [2024-09-01T00:41:44.675+0530] {dag.py:4138} INFO - Setting next_dagrun for example_complex to None, run_after=None
[2024-09-01T00:41:44.682+0530] {processor.py:208} INFO - Processing /Users/ravipal/Desktop/Workspace/airflow_tutorial/py_env/lib/python3.12/site-packages/airflow/example_dags/example_complex.py took 0.057 seconds
[2024-09-01T00:43:58.752+0530] {processor.py:186} INFO - Started process (PID=2877) to work on /Users/ravipal/Desktop/Workspace/airflow_tutorial/py_env/lib/python3.12/site-packages/airflow/example_dags/example_complex.py
[2024-09-01T00:43:58.752+0530] {processor.py:914} INFO - Processing file /Users/ravipal/Desktop/Workspace/airflow_tutorial/py_env/lib/python3.12/site-packages/airflow/example_dags/example_complex.py for tasks to queue
[2024-09-01T00:43:58.753+0530] {logging_mixin.py:190} INFO - [2024-09-01T00:43:58.753+0530] {dagbag.py:587} INFO - Filling up the DagBag from /Users/ravipal/Desktop/Workspace/airflow_tutorial/py_env/lib/python3.12/site-packages/airflow/example_dags/example_complex.py
[2024-09-01T00:43:58.758+0530] {processor.py:925} INFO - DAG(s) 'example_complex' retrieved from /Users/ravipal/Desktop/Workspace/airflow_tutorial/py_env/lib/python3.12/site-packages/airflow/example_dags/example_complex.py
[2024-09-01T00:43:58.797+0530] {logging_mixin.py:190} INFO - [2024-09-01T00:43:58.797+0530] {dag.py:3211} INFO - Sync 1 DAGs
[2024-09-01T00:43:58.800+0530] {logging_mixin.py:190} INFO - [2024-09-01T00:43:58.800+0530] {dag.py:4138} INFO - Setting next_dagrun for example_complex to None, run_after=None
[2024-09-01T00:43:58.807+0530] {processor.py:208} INFO - Processing /Users/ravipal/Desktop/Workspace/airflow_tutorial/py_env/lib/python3.12/site-packages/airflow/example_dags/example_complex.py took 0.057 seconds
[2024-09-01T00:46:13.933+0530] {processor.py:186} INFO - Started process (PID=3011) to work on /Users/ravipal/Desktop/Workspace/airflow_tutorial/py_env/lib/python3.12/site-packages/airflow/example_dags/example_complex.py
[2024-09-01T00:46:13.933+0530] {processor.py:914} INFO - Processing file /Users/ravipal/Desktop/Workspace/airflow_tutorial/py_env/lib/python3.12/site-packages/airflow/example_dags/example_complex.py for tasks to queue
[2024-09-01T00:46:13.934+0530] {logging_mixin.py:190} INFO - [2024-09-01T00:46:13.934+0530] {dagbag.py:587} INFO - Filling up the DagBag from /Users/ravipal/Desktop/Workspace/airflow_tutorial/py_env/lib/python3.12/site-packages/airflow/example_dags/example_complex.py
[2024-09-01T00:46:13.939+0530] {processor.py:925} INFO - DAG(s) 'example_complex' retrieved from /Users/ravipal/Desktop/Workspace/airflow_tutorial/py_env/lib/python3.12/site-packages/airflow/example_dags/example_complex.py
[2024-09-01T00:46:13.978+0530] {logging_mixin.py:190} INFO - [2024-09-01T00:46:13.978+0530] {dag.py:3211} INFO - Sync 1 DAGs
[2024-09-01T00:46:13.982+0530] {logging_mixin.py:190} INFO - [2024-09-01T00:46:13.982+0530] {dag.py:4138} INFO - Setting next_dagrun for example_complex to None, run_after=None
[2024-09-01T00:46:13.988+0530] {processor.py:208} INFO - Processing /Users/ravipal/Desktop/Workspace/airflow_tutorial/py_env/lib/python3.12/site-packages/airflow/example_dags/example_complex.py took 0.057 seconds
[2024-09-01T00:48:23.491+0530] {processor.py:186} INFO - Started process (PID=3141) to work on /Users/ravipal/Desktop/Workspace/airflow_tutorial/py_env/lib/python3.12/site-packages/airflow/example_dags/example_complex.py
[2024-09-01T00:48:23.491+0530] {processor.py:914} INFO - Processing file /Users/ravipal/Desktop/Workspace/airflow_tutorial/py_env/lib/python3.12/site-packages/airflow/example_dags/example_complex.py for tasks to queue
[2024-09-01T00:48:23.492+0530] {logging_mixin.py:190} INFO - [2024-09-01T00:48:23.492+0530] {dagbag.py:587} INFO - Filling up the DagBag from /Users/ravipal/Desktop/Workspace/airflow_tutorial/py_env/lib/python3.12/site-packages/airflow/example_dags/example_complex.py
[2024-09-01T00:48:23.497+0530] {processor.py:925} INFO - DAG(s) 'example_complex' retrieved from /Users/ravipal/Desktop/Workspace/airflow_tutorial/py_env/lib/python3.12/site-packages/airflow/example_dags/example_complex.py
[2024-09-01T00:48:23.537+0530] {logging_mixin.py:190} INFO - [2024-09-01T00:48:23.536+0530] {dag.py:3211} INFO - Sync 1 DAGs
[2024-09-01T00:48:23.540+0530] {logging_mixin.py:190} INFO - [2024-09-01T00:48:23.540+0530] {dag.py:4138} INFO - Setting next_dagrun for example_complex to None, run_after=None
[2024-09-01T00:48:23.547+0530] {processor.py:208} INFO - Processing /Users/ravipal/Desktop/Workspace/airflow_tutorial/py_env/lib/python3.12/site-packages/airflow/example_dags/example_complex.py took 0.058 seconds
[2024-09-01T00:50:34.593+0530] {processor.py:186} INFO - Started process (PID=3295) to work on /Users/ravipal/Desktop/Workspace/airflow_tutorial/py_env/lib/python3.12/site-packages/airflow/example_dags/example_complex.py
[2024-09-01T00:50:34.594+0530] {processor.py:914} INFO - Processing file /Users/ravipal/Desktop/Workspace/airflow_tutorial/py_env/lib/python3.12/site-packages/airflow/example_dags/example_complex.py for tasks to queue
[2024-09-01T00:50:34.594+0530] {logging_mixin.py:190} INFO - [2024-09-01T00:50:34.594+0530] {dagbag.py:587} INFO - Filling up the DagBag from /Users/ravipal/Desktop/Workspace/airflow_tutorial/py_env/lib/python3.12/site-packages/airflow/example_dags/example_complex.py
[2024-09-01T00:50:34.600+0530] {processor.py:925} INFO - DAG(s) 'example_complex' retrieved from /Users/ravipal/Desktop/Workspace/airflow_tutorial/py_env/lib/python3.12/site-packages/airflow/example_dags/example_complex.py
[2024-09-01T00:50:34.640+0530] {logging_mixin.py:190} INFO - [2024-09-01T00:50:34.640+0530] {dag.py:3211} INFO - Sync 1 DAGs
[2024-09-01T00:50:34.644+0530] {logging_mixin.py:190} INFO - [2024-09-01T00:50:34.644+0530] {dag.py:4138} INFO - Setting next_dagrun for example_complex to None, run_after=None
[2024-09-01T00:50:34.650+0530] {processor.py:208} INFO - Processing /Users/ravipal/Desktop/Workspace/airflow_tutorial/py_env/lib/python3.12/site-packages/airflow/example_dags/example_complex.py took 0.059 seconds
[2024-09-01T00:52:47.878+0530] {processor.py:186} INFO - Started process (PID=3432) to work on /Users/ravipal/Desktop/Workspace/airflow_tutorial/py_env/lib/python3.12/site-packages/airflow/example_dags/example_complex.py
[2024-09-01T00:52:47.879+0530] {processor.py:914} INFO - Processing file /Users/ravipal/Desktop/Workspace/airflow_tutorial/py_env/lib/python3.12/site-packages/airflow/example_dags/example_complex.py for tasks to queue
[2024-09-01T00:52:47.879+0530] {logging_mixin.py:190} INFO - [2024-09-01T00:52:47.879+0530] {dagbag.py:587} INFO - Filling up the DagBag from /Users/ravipal/Desktop/Workspace/airflow_tutorial/py_env/lib/python3.12/site-packages/airflow/example_dags/example_complex.py
[2024-09-01T00:52:47.884+0530] {processor.py:925} INFO - DAG(s) 'example_complex' retrieved from /Users/ravipal/Desktop/Workspace/airflow_tutorial/py_env/lib/python3.12/site-packages/airflow/example_dags/example_complex.py
[2024-09-01T00:52:47.923+0530] {logging_mixin.py:190} INFO - [2024-09-01T00:52:47.923+0530] {dag.py:3211} INFO - Sync 1 DAGs
[2024-09-01T00:52:47.927+0530] {logging_mixin.py:190} INFO - [2024-09-01T00:52:47.927+0530] {dag.py:4138} INFO - Setting next_dagrun for example_complex to None, run_after=None
[2024-09-01T00:52:47.933+0530] {processor.py:208} INFO - Processing /Users/ravipal/Desktop/Workspace/airflow_tutorial/py_env/lib/python3.12/site-packages/airflow/example_dags/example_complex.py took 0.057 seconds
[2024-09-01T00:54:59.480+0530] {processor.py:186} INFO - Started process (PID=3563) to work on /Users/ravipal/Desktop/Workspace/airflow_tutorial/py_env/lib/python3.12/site-packages/airflow/example_dags/example_complex.py
[2024-09-01T00:54:59.480+0530] {processor.py:914} INFO - Processing file /Users/ravipal/Desktop/Workspace/airflow_tutorial/py_env/lib/python3.12/site-packages/airflow/example_dags/example_complex.py for tasks to queue
[2024-09-01T00:54:59.481+0530] {logging_mixin.py:190} INFO - [2024-09-01T00:54:59.481+0530] {dagbag.py:587} INFO - Filling up the DagBag from /Users/ravipal/Desktop/Workspace/airflow_tutorial/py_env/lib/python3.12/site-packages/airflow/example_dags/example_complex.py
[2024-09-01T00:54:59.486+0530] {processor.py:925} INFO - DAG(s) 'example_complex' retrieved from /Users/ravipal/Desktop/Workspace/airflow_tutorial/py_env/lib/python3.12/site-packages/airflow/example_dags/example_complex.py
[2024-09-01T00:54:59.525+0530] {logging_mixin.py:190} INFO - [2024-09-01T00:54:59.525+0530] {dag.py:3211} INFO - Sync 1 DAGs
[2024-09-01T00:54:59.528+0530] {logging_mixin.py:190} INFO - [2024-09-01T00:54:59.528+0530] {dag.py:4138} INFO - Setting next_dagrun for example_complex to None, run_after=None
[2024-09-01T00:54:59.535+0530] {processor.py:208} INFO - Processing /Users/ravipal/Desktop/Workspace/airflow_tutorial/py_env/lib/python3.12/site-packages/airflow/example_dags/example_complex.py took 0.057 seconds
[2024-09-01T00:57:10.183+0530] {processor.py:186} INFO - Started process (PID=3693) to work on /Users/ravipal/Desktop/Workspace/airflow_tutorial/py_env/lib/python3.12/site-packages/airflow/example_dags/example_complex.py
[2024-09-01T00:57:10.184+0530] {processor.py:914} INFO - Processing file /Users/ravipal/Desktop/Workspace/airflow_tutorial/py_env/lib/python3.12/site-packages/airflow/example_dags/example_complex.py for tasks to queue
[2024-09-01T00:57:10.184+0530] {logging_mixin.py:190} INFO - [2024-09-01T00:57:10.184+0530] {dagbag.py:587} INFO - Filling up the DagBag from /Users/ravipal/Desktop/Workspace/airflow_tutorial/py_env/lib/python3.12/site-packages/airflow/example_dags/example_complex.py
[2024-09-01T00:57:10.189+0530] {processor.py:925} INFO - DAG(s) 'example_complex' retrieved from /Users/ravipal/Desktop/Workspace/airflow_tutorial/py_env/lib/python3.12/site-packages/airflow/example_dags/example_complex.py
[2024-09-01T00:57:10.228+0530] {logging_mixin.py:190} INFO - [2024-09-01T00:57:10.228+0530] {dag.py:3211} INFO - Sync 1 DAGs
[2024-09-01T00:57:10.232+0530] {logging_mixin.py:190} INFO - [2024-09-01T00:57:10.232+0530] {dag.py:4138} INFO - Setting next_dagrun for example_complex to None, run_after=None
[2024-09-01T00:57:10.239+0530] {processor.py:208} INFO - Processing /Users/ravipal/Desktop/Workspace/airflow_tutorial/py_env/lib/python3.12/site-packages/airflow/example_dags/example_complex.py took 0.057 seconds
[2024-09-01T00:59:22.087+0530] {processor.py:186} INFO - Started process (PID=3824) to work on /Users/ravipal/Desktop/Workspace/airflow_tutorial/py_env/lib/python3.12/site-packages/airflow/example_dags/example_complex.py
[2024-09-01T00:59:22.088+0530] {processor.py:914} INFO - Processing file /Users/ravipal/Desktop/Workspace/airflow_tutorial/py_env/lib/python3.12/site-packages/airflow/example_dags/example_complex.py for tasks to queue
[2024-09-01T00:59:22.088+0530] {logging_mixin.py:190} INFO - [2024-09-01T00:59:22.088+0530] {dagbag.py:587} INFO - Filling up the DagBag from /Users/ravipal/Desktop/Workspace/airflow_tutorial/py_env/lib/python3.12/site-packages/airflow/example_dags/example_complex.py
[2024-09-01T00:59:22.093+0530] {processor.py:925} INFO - DAG(s) 'example_complex' retrieved from /Users/ravipal/Desktop/Workspace/airflow_tutorial/py_env/lib/python3.12/site-packages/airflow/example_dags/example_complex.py
[2024-09-01T00:59:22.132+0530] {logging_mixin.py:190} INFO - [2024-09-01T00:59:22.132+0530] {dag.py:3211} INFO - Sync 1 DAGs
[2024-09-01T00:59:22.136+0530] {logging_mixin.py:190} INFO - [2024-09-01T00:59:22.136+0530] {dag.py:4138} INFO - Setting next_dagrun for example_complex to None, run_after=None
[2024-09-01T00:59:22.142+0530] {processor.py:208} INFO - Processing /Users/ravipal/Desktop/Workspace/airflow_tutorial/py_env/lib/python3.12/site-packages/airflow/example_dags/example_complex.py took 0.057 seconds
[2024-09-01T01:01:30.203+0530] {processor.py:186} INFO - Started process (PID=3953) to work on /Users/ravipal/Desktop/Workspace/airflow_tutorial/py_env/lib/python3.12/site-packages/airflow/example_dags/example_complex.py
[2024-09-01T01:01:30.203+0530] {processor.py:914} INFO - Processing file /Users/ravipal/Desktop/Workspace/airflow_tutorial/py_env/lib/python3.12/site-packages/airflow/example_dags/example_complex.py for tasks to queue
[2024-09-01T01:01:30.204+0530] {logging_mixin.py:190} INFO - [2024-09-01T01:01:30.204+0530] {dagbag.py:587} INFO - Filling up the DagBag from /Users/ravipal/Desktop/Workspace/airflow_tutorial/py_env/lib/python3.12/site-packages/airflow/example_dags/example_complex.py
[2024-09-01T01:01:30.209+0530] {processor.py:925} INFO - DAG(s) 'example_complex' retrieved from /Users/ravipal/Desktop/Workspace/airflow_tutorial/py_env/lib/python3.12/site-packages/airflow/example_dags/example_complex.py
[2024-09-01T01:01:30.248+0530] {logging_mixin.py:190} INFO - [2024-09-01T01:01:30.248+0530] {dag.py:3211} INFO - Sync 1 DAGs
[2024-09-01T01:01:30.252+0530] {logging_mixin.py:190} INFO - [2024-09-01T01:01:30.252+0530] {dag.py:4138} INFO - Setting next_dagrun for example_complex to None, run_after=None
[2024-09-01T01:01:30.258+0530] {processor.py:208} INFO - Processing /Users/ravipal/Desktop/Workspace/airflow_tutorial/py_env/lib/python3.12/site-packages/airflow/example_dags/example_complex.py took 0.057 seconds
[2024-09-01T01:03:34.661+0530] {processor.py:186} INFO - Started process (PID=4085) to work on /Users/ravipal/Desktop/Workspace/airflow_tutorial/py_env/lib/python3.12/site-packages/airflow/example_dags/example_complex.py
[2024-09-01T01:03:34.661+0530] {processor.py:914} INFO - Processing file /Users/ravipal/Desktop/Workspace/airflow_tutorial/py_env/lib/python3.12/site-packages/airflow/example_dags/example_complex.py for tasks to queue
[2024-09-01T01:03:34.662+0530] {logging_mixin.py:190} INFO - [2024-09-01T01:03:34.661+0530] {dagbag.py:587} INFO - Filling up the DagBag from /Users/ravipal/Desktop/Workspace/airflow_tutorial/py_env/lib/python3.12/site-packages/airflow/example_dags/example_complex.py
[2024-09-01T01:03:34.667+0530] {processor.py:925} INFO - DAG(s) 'example_complex' retrieved from /Users/ravipal/Desktop/Workspace/airflow_tutorial/py_env/lib/python3.12/site-packages/airflow/example_dags/example_complex.py
[2024-09-01T01:03:34.707+0530] {logging_mixin.py:190} INFO - [2024-09-01T01:03:34.707+0530] {dag.py:3211} INFO - Sync 1 DAGs
[2024-09-01T01:03:34.710+0530] {logging_mixin.py:190} INFO - [2024-09-01T01:03:34.710+0530] {dag.py:4138} INFO - Setting next_dagrun for example_complex to None, run_after=None
[2024-09-01T01:03:34.717+0530] {processor.py:208} INFO - Processing /Users/ravipal/Desktop/Workspace/airflow_tutorial/py_env/lib/python3.12/site-packages/airflow/example_dags/example_complex.py took 0.058 seconds
[2024-09-01T01:05:42.886+0530] {processor.py:186} INFO - Started process (PID=4241) to work on /Users/ravipal/Desktop/Workspace/airflow_tutorial/py_env/lib/python3.12/site-packages/airflow/example_dags/example_complex.py
[2024-09-01T01:05:42.886+0530] {processor.py:914} INFO - Processing file /Users/ravipal/Desktop/Workspace/airflow_tutorial/py_env/lib/python3.12/site-packages/airflow/example_dags/example_complex.py for tasks to queue
[2024-09-01T01:05:42.887+0530] {logging_mixin.py:190} INFO - [2024-09-01T01:05:42.887+0530] {dagbag.py:587} INFO - Filling up the DagBag from /Users/ravipal/Desktop/Workspace/airflow_tutorial/py_env/lib/python3.12/site-packages/airflow/example_dags/example_complex.py
[2024-09-01T01:05:42.892+0530] {processor.py:925} INFO - DAG(s) 'example_complex' retrieved from /Users/ravipal/Desktop/Workspace/airflow_tutorial/py_env/lib/python3.12/site-packages/airflow/example_dags/example_complex.py
[2024-09-01T01:05:42.933+0530] {logging_mixin.py:190} INFO - [2024-09-01T01:05:42.933+0530] {dag.py:3211} INFO - Sync 1 DAGs
[2024-09-01T01:05:42.936+0530] {logging_mixin.py:190} INFO - [2024-09-01T01:05:42.936+0530] {dag.py:4138} INFO - Setting next_dagrun for example_complex to None, run_after=None
[2024-09-01T01:05:42.943+0530] {processor.py:208} INFO - Processing /Users/ravipal/Desktop/Workspace/airflow_tutorial/py_env/lib/python3.12/site-packages/airflow/example_dags/example_complex.py took 0.059 seconds
[2024-09-01T01:07:54.780+0530] {processor.py:186} INFO - Started process (PID=4377) to work on /Users/ravipal/Desktop/Workspace/airflow_tutorial/py_env/lib/python3.12/site-packages/airflow/example_dags/example_complex.py
[2024-09-01T01:07:54.780+0530] {processor.py:914} INFO - Processing file /Users/ravipal/Desktop/Workspace/airflow_tutorial/py_env/lib/python3.12/site-packages/airflow/example_dags/example_complex.py for tasks to queue
[2024-09-01T01:07:54.781+0530] {logging_mixin.py:190} INFO - [2024-09-01T01:07:54.781+0530] {dagbag.py:587} INFO - Filling up the DagBag from /Users/ravipal/Desktop/Workspace/airflow_tutorial/py_env/lib/python3.12/site-packages/airflow/example_dags/example_complex.py
[2024-09-01T01:07:54.786+0530] {processor.py:925} INFO - DAG(s) 'example_complex' retrieved from /Users/ravipal/Desktop/Workspace/airflow_tutorial/py_env/lib/python3.12/site-packages/airflow/example_dags/example_complex.py
[2024-09-01T01:07:54.825+0530] {logging_mixin.py:190} INFO - [2024-09-01T01:07:54.824+0530] {dag.py:3211} INFO - Sync 1 DAGs
[2024-09-01T01:07:54.828+0530] {logging_mixin.py:190} INFO - [2024-09-01T01:07:54.828+0530] {dag.py:4138} INFO - Setting next_dagrun for example_complex to None, run_after=None
[2024-09-01T01:07:54.835+0530] {processor.py:208} INFO - Processing /Users/ravipal/Desktop/Workspace/airflow_tutorial/py_env/lib/python3.12/site-packages/airflow/example_dags/example_complex.py took 0.057 seconds
[2024-09-01T01:10:04.260+0530] {processor.py:186} INFO - Started process (PID=4507) to work on /Users/ravipal/Desktop/Workspace/airflow_tutorial/py_env/lib/python3.12/site-packages/airflow/example_dags/example_complex.py
[2024-09-01T01:10:04.261+0530] {processor.py:914} INFO - Processing file /Users/ravipal/Desktop/Workspace/airflow_tutorial/py_env/lib/python3.12/site-packages/airflow/example_dags/example_complex.py for tasks to queue
[2024-09-01T01:10:04.261+0530] {logging_mixin.py:190} INFO - [2024-09-01T01:10:04.261+0530] {dagbag.py:587} INFO - Filling up the DagBag from /Users/ravipal/Desktop/Workspace/airflow_tutorial/py_env/lib/python3.12/site-packages/airflow/example_dags/example_complex.py
[2024-09-01T01:10:04.266+0530] {processor.py:925} INFO - DAG(s) 'example_complex' retrieved from /Users/ravipal/Desktop/Workspace/airflow_tutorial/py_env/lib/python3.12/site-packages/airflow/example_dags/example_complex.py
[2024-09-01T01:10:04.306+0530] {logging_mixin.py:190} INFO - [2024-09-01T01:10:04.306+0530] {dag.py:3211} INFO - Sync 1 DAGs
[2024-09-01T01:10:04.309+0530] {logging_mixin.py:190} INFO - [2024-09-01T01:10:04.309+0530] {dag.py:4138} INFO - Setting next_dagrun for example_complex to None, run_after=None
[2024-09-01T01:10:04.316+0530] {processor.py:208} INFO - Processing /Users/ravipal/Desktop/Workspace/airflow_tutorial/py_env/lib/python3.12/site-packages/airflow/example_dags/example_complex.py took 0.058 seconds
[2024-09-01T01:12:10.645+0530] {processor.py:186} INFO - Started process (PID=4635) to work on /Users/ravipal/Desktop/Workspace/airflow_tutorial/py_env/lib/python3.12/site-packages/airflow/example_dags/example_complex.py
[2024-09-01T01:12:10.646+0530] {processor.py:914} INFO - Processing file /Users/ravipal/Desktop/Workspace/airflow_tutorial/py_env/lib/python3.12/site-packages/airflow/example_dags/example_complex.py for tasks to queue
[2024-09-01T01:12:10.646+0530] {logging_mixin.py:190} INFO - [2024-09-01T01:12:10.646+0530] {dagbag.py:587} INFO - Filling up the DagBag from /Users/ravipal/Desktop/Workspace/airflow_tutorial/py_env/lib/python3.12/site-packages/airflow/example_dags/example_complex.py
[2024-09-01T01:12:10.651+0530] {processor.py:925} INFO - DAG(s) 'example_complex' retrieved from /Users/ravipal/Desktop/Workspace/airflow_tutorial/py_env/lib/python3.12/site-packages/airflow/example_dags/example_complex.py
[2024-09-01T01:12:10.691+0530] {logging_mixin.py:190} INFO - [2024-09-01T01:12:10.691+0530] {dag.py:3211} INFO - Sync 1 DAGs
[2024-09-01T01:12:10.694+0530] {logging_mixin.py:190} INFO - [2024-09-01T01:12:10.694+0530] {dag.py:4138} INFO - Setting next_dagrun for example_complex to None, run_after=None
[2024-09-01T01:12:10.701+0530] {processor.py:208} INFO - Processing /Users/ravipal/Desktop/Workspace/airflow_tutorial/py_env/lib/python3.12/site-packages/airflow/example_dags/example_complex.py took 0.057 seconds
[2024-09-01T01:14:19.696+0530] {processor.py:186} INFO - Started process (PID=4764) to work on /Users/ravipal/Desktop/Workspace/airflow_tutorial/py_env/lib/python3.12/site-packages/airflow/example_dags/example_complex.py
[2024-09-01T01:14:19.696+0530] {processor.py:914} INFO - Processing file /Users/ravipal/Desktop/Workspace/airflow_tutorial/py_env/lib/python3.12/site-packages/airflow/example_dags/example_complex.py for tasks to queue
[2024-09-01T01:14:19.696+0530] {logging_mixin.py:190} INFO - [2024-09-01T01:14:19.696+0530] {dagbag.py:587} INFO - Filling up the DagBag from /Users/ravipal/Desktop/Workspace/airflow_tutorial/py_env/lib/python3.12/site-packages/airflow/example_dags/example_complex.py
[2024-09-01T01:14:19.702+0530] {processor.py:925} INFO - DAG(s) 'example_complex' retrieved from /Users/ravipal/Desktop/Workspace/airflow_tutorial/py_env/lib/python3.12/site-packages/airflow/example_dags/example_complex.py
[2024-09-01T01:14:19.741+0530] {logging_mixin.py:190} INFO - [2024-09-01T01:14:19.741+0530] {dag.py:3211} INFO - Sync 1 DAGs
[2024-09-01T01:14:19.745+0530] {logging_mixin.py:190} INFO - [2024-09-01T01:14:19.745+0530] {dag.py:4138} INFO - Setting next_dagrun for example_complex to None, run_after=None
[2024-09-01T01:14:19.752+0530] {processor.py:208} INFO - Processing /Users/ravipal/Desktop/Workspace/airflow_tutorial/py_env/lib/python3.12/site-packages/airflow/example_dags/example_complex.py took 0.058 seconds
[2024-09-01T01:16:30.309+0530] {processor.py:186} INFO - Started process (PID=4895) to work on /Users/ravipal/Desktop/Workspace/airflow_tutorial/py_env/lib/python3.12/site-packages/airflow/example_dags/example_complex.py
[2024-09-01T01:16:30.309+0530] {processor.py:914} INFO - Processing file /Users/ravipal/Desktop/Workspace/airflow_tutorial/py_env/lib/python3.12/site-packages/airflow/example_dags/example_complex.py for tasks to queue
[2024-09-01T01:16:30.309+0530] {logging_mixin.py:190} INFO - [2024-09-01T01:16:30.309+0530] {dagbag.py:587} INFO - Filling up the DagBag from /Users/ravipal/Desktop/Workspace/airflow_tutorial/py_env/lib/python3.12/site-packages/airflow/example_dags/example_complex.py
[2024-09-01T01:16:30.315+0530] {processor.py:925} INFO - DAG(s) 'example_complex' retrieved from /Users/ravipal/Desktop/Workspace/airflow_tutorial/py_env/lib/python3.12/site-packages/airflow/example_dags/example_complex.py
[2024-09-01T01:16:30.354+0530] {logging_mixin.py:190} INFO - [2024-09-01T01:16:30.354+0530] {dag.py:3211} INFO - Sync 1 DAGs
[2024-09-01T01:16:30.357+0530] {logging_mixin.py:190} INFO - [2024-09-01T01:16:30.357+0530] {dag.py:4138} INFO - Setting next_dagrun for example_complex to None, run_after=None
[2024-09-01T01:16:30.364+0530] {processor.py:208} INFO - Processing /Users/ravipal/Desktop/Workspace/airflow_tutorial/py_env/lib/python3.12/site-packages/airflow/example_dags/example_complex.py took 0.057 seconds
[2024-09-01T01:18:41.179+0530] {processor.py:186} INFO - Started process (PID=5026) to work on /Users/ravipal/Desktop/Workspace/airflow_tutorial/py_env/lib/python3.12/site-packages/airflow/example_dags/example_complex.py
[2024-09-01T01:18:41.180+0530] {processor.py:914} INFO - Processing file /Users/ravipal/Desktop/Workspace/airflow_tutorial/py_env/lib/python3.12/site-packages/airflow/example_dags/example_complex.py for tasks to queue
[2024-09-01T01:18:41.180+0530] {logging_mixin.py:190} INFO - [2024-09-01T01:18:41.180+0530] {dagbag.py:587} INFO - Filling up the DagBag from /Users/ravipal/Desktop/Workspace/airflow_tutorial/py_env/lib/python3.12/site-packages/airflow/example_dags/example_complex.py
[2024-09-01T01:18:41.186+0530] {processor.py:925} INFO - DAG(s) 'example_complex' retrieved from /Users/ravipal/Desktop/Workspace/airflow_tutorial/py_env/lib/python3.12/site-packages/airflow/example_dags/example_complex.py
[2024-09-01T01:18:41.225+0530] {logging_mixin.py:190} INFO - [2024-09-01T01:18:41.225+0530] {dag.py:3211} INFO - Sync 1 DAGs
[2024-09-01T01:18:41.228+0530] {logging_mixin.py:190} INFO - [2024-09-01T01:18:41.228+0530] {dag.py:4138} INFO - Setting next_dagrun for example_complex to None, run_after=None
[2024-09-01T01:18:41.235+0530] {processor.py:208} INFO - Processing /Users/ravipal/Desktop/Workspace/airflow_tutorial/py_env/lib/python3.12/site-packages/airflow/example_dags/example_complex.py took 0.057 seconds
