[2024-09-01T00:23:06.299+0530] {processor.py:186} INFO - Started process (PID=1431) to work on /Users/ravipal/Desktop/Workspace/airflow_tutorial/py_env/lib/python3.12/site-packages/airflow/example_dags/example_task_group.py
[2024-09-01T00:23:06.300+0530] {processor.py:914} INFO - Processing file /Users/ravipal/Desktop/Workspace/airflow_tutorial/py_env/lib/python3.12/site-packages/airflow/example_dags/example_task_group.py for tasks to queue
[2024-09-01T00:23:06.300+0530] {logging_mixin.py:190} INFO - [2024-09-01T00:23:06.300+0530] {dagbag.py:587} INFO - Filling up the DagBag from /Users/ravipal/Desktop/Workspace/airflow_tutorial/py_env/lib/python3.12/site-packages/airflow/example_dags/example_task_group.py
[2024-09-01T00:23:06.304+0530] {processor.py:925} INFO - DAG(s) 'example_task_group' retrieved from /Users/ravipal/Desktop/Workspace/airflow_tutorial/py_env/lib/python3.12/site-packages/airflow/example_dags/example_task_group.py
[2024-09-01T00:23:06.369+0530] {logging_mixin.py:190} INFO - [2024-09-01T00:23:06.369+0530] {override.py:1858} INFO - Created Permission View: can edit on DAG:example_task_group
[2024-09-01T00:23:06.372+0530] {logging_mixin.py:190} INFO - [2024-09-01T00:23:06.372+0530] {override.py:1858} INFO - Created Permission View: can delete on DAG:example_task_group
[2024-09-01T00:23:06.374+0530] {logging_mixin.py:190} INFO - [2024-09-01T00:23:06.374+0530] {override.py:1858} INFO - Created Permission View: can read on DAG:example_task_group
[2024-09-01T00:23:06.375+0530] {logging_mixin.py:190} INFO - [2024-09-01T00:23:06.374+0530] {dag.py:3211} INFO - Sync 1 DAGs
[2024-09-01T00:23:06.379+0530] {logging_mixin.py:190} INFO - [2024-09-01T00:23:06.378+0530] {dag.py:3234} INFO - Creating ORM DAG for example_task_group
[2024-09-01T00:23:06.382+0530] {logging_mixin.py:190} INFO - [2024-09-01T00:23:06.382+0530] {dag.py:4138} INFO - Setting next_dagrun for example_task_group to 2024-08-30 00:00:00+00:00, run_after=2024-08-31 00:00:00+00:00
[2024-09-01T00:23:06.414+0530] {processor.py:208} INFO - Processing /Users/ravipal/Desktop/Workspace/airflow_tutorial/py_env/lib/python3.12/site-packages/airflow/example_dags/example_task_group.py took 0.117 seconds
[2024-09-01T00:24:46.848+0530] {processor.py:186} INFO - Started process (PID=1533) to work on /Users/ravipal/Desktop/Workspace/airflow_tutorial/py_env/lib/python3.12/site-packages/airflow/example_dags/example_task_group.py
[2024-09-01T00:24:46.849+0530] {processor.py:914} INFO - Processing file /Users/ravipal/Desktop/Workspace/airflow_tutorial/py_env/lib/python3.12/site-packages/airflow/example_dags/example_task_group.py for tasks to queue
[2024-09-01T00:24:46.849+0530] {logging_mixin.py:190} INFO - [2024-09-01T00:24:46.849+0530] {dagbag.py:587} INFO - Filling up the DagBag from /Users/ravipal/Desktop/Workspace/airflow_tutorial/py_env/lib/python3.12/site-packages/airflow/example_dags/example_task_group.py
[2024-09-01T00:24:46.853+0530] {processor.py:925} INFO - DAG(s) 'example_task_group' retrieved from /Users/ravipal/Desktop/Workspace/airflow_tutorial/py_env/lib/python3.12/site-packages/airflow/example_dags/example_task_group.py
[2024-09-01T00:24:46.889+0530] {logging_mixin.py:190} INFO - [2024-09-01T00:24:46.889+0530] {dag.py:3211} INFO - Sync 1 DAGs
[2024-09-01T00:24:46.895+0530] {logging_mixin.py:190} INFO - [2024-09-01T00:24:46.895+0530] {dag.py:4138} INFO - Setting next_dagrun for example_task_group to 2024-08-30 00:00:00+00:00, run_after=2024-08-31 00:00:00+00:00
[2024-09-01T00:24:46.902+0530] {processor.py:208} INFO - Processing /Users/ravipal/Desktop/Workspace/airflow_tutorial/py_env/lib/python3.12/site-packages/airflow/example_dags/example_task_group.py took 0.055 seconds
[2024-09-01T00:25:53.370+0530] {processor.py:186} INFO - Started process (PID=1600) to work on /Users/ravipal/Desktop/Workspace/airflow_tutorial/py_env/lib/python3.12/site-packages/airflow/example_dags/example_task_group.py
[2024-09-01T00:25:53.370+0530] {processor.py:914} INFO - Processing file /Users/ravipal/Desktop/Workspace/airflow_tutorial/py_env/lib/python3.12/site-packages/airflow/example_dags/example_task_group.py for tasks to queue
[2024-09-01T00:25:53.371+0530] {logging_mixin.py:190} INFO - [2024-09-01T00:25:53.371+0530] {dagbag.py:587} INFO - Filling up the DagBag from /Users/ravipal/Desktop/Workspace/airflow_tutorial/py_env/lib/python3.12/site-packages/airflow/example_dags/example_task_group.py
[2024-09-01T00:25:53.374+0530] {processor.py:925} INFO - DAG(s) 'example_task_group' retrieved from /Users/ravipal/Desktop/Workspace/airflow_tutorial/py_env/lib/python3.12/site-packages/airflow/example_dags/example_task_group.py
[2024-09-01T00:25:53.409+0530] {logging_mixin.py:190} INFO - [2024-09-01T00:25:53.409+0530] {dag.py:3211} INFO - Sync 1 DAGs
[2024-09-01T00:25:53.415+0530] {logging_mixin.py:190} INFO - [2024-09-01T00:25:53.415+0530] {dag.py:4138} INFO - Setting next_dagrun for example_task_group to 2024-08-30 00:00:00+00:00, run_after=2024-08-31 00:00:00+00:00
[2024-09-01T00:25:53.421+0530] {processor.py:208} INFO - Processing /Users/ravipal/Desktop/Workspace/airflow_tutorial/py_env/lib/python3.12/site-packages/airflow/example_dags/example_task_group.py took 0.053 seconds
[2024-09-01T00:27:01.002+0530] {processor.py:186} INFO - Started process (PID=1686) to work on /Users/ravipal/Desktop/Workspace/airflow_tutorial/py_env/lib/python3.12/site-packages/airflow/example_dags/example_task_group.py
[2024-09-01T00:27:01.002+0530] {processor.py:914} INFO - Processing file /Users/ravipal/Desktop/Workspace/airflow_tutorial/py_env/lib/python3.12/site-packages/airflow/example_dags/example_task_group.py for tasks to queue
[2024-09-01T00:27:01.002+0530] {logging_mixin.py:190} INFO - [2024-09-01T00:27:01.002+0530] {dagbag.py:587} INFO - Filling up the DagBag from /Users/ravipal/Desktop/Workspace/airflow_tutorial/py_env/lib/python3.12/site-packages/airflow/example_dags/example_task_group.py
[2024-09-01T00:27:01.007+0530] {processor.py:925} INFO - DAG(s) 'example_task_group' retrieved from /Users/ravipal/Desktop/Workspace/airflow_tutorial/py_env/lib/python3.12/site-packages/airflow/example_dags/example_task_group.py
[2024-09-01T00:27:01.043+0530] {logging_mixin.py:190} INFO - [2024-09-01T00:27:01.043+0530] {dag.py:3211} INFO - Sync 1 DAGs
[2024-09-01T00:27:01.049+0530] {logging_mixin.py:190} INFO - [2024-09-01T00:27:01.049+0530] {dag.py:4138} INFO - Setting next_dagrun for example_task_group to 2024-08-30 00:00:00+00:00, run_after=2024-08-31 00:00:00+00:00
[2024-09-01T00:27:01.055+0530] {processor.py:208} INFO - Processing /Users/ravipal/Desktop/Workspace/airflow_tutorial/py_env/lib/python3.12/site-packages/airflow/example_dags/example_task_group.py took 0.055 seconds
[2024-09-01T00:28:12.446+0530] {processor.py:186} INFO - Started process (PID=1929) to work on /Users/ravipal/Desktop/Workspace/airflow_tutorial/py_env/lib/python3.12/site-packages/airflow/example_dags/example_task_group.py
[2024-09-01T00:28:12.447+0530] {processor.py:914} INFO - Processing file /Users/ravipal/Desktop/Workspace/airflow_tutorial/py_env/lib/python3.12/site-packages/airflow/example_dags/example_task_group.py for tasks to queue
[2024-09-01T00:28:12.447+0530] {logging_mixin.py:190} INFO - [2024-09-01T00:28:12.447+0530] {dagbag.py:587} INFO - Filling up the DagBag from /Users/ravipal/Desktop/Workspace/airflow_tutorial/py_env/lib/python3.12/site-packages/airflow/example_dags/example_task_group.py
[2024-09-01T00:28:12.451+0530] {processor.py:925} INFO - DAG(s) 'example_task_group' retrieved from /Users/ravipal/Desktop/Workspace/airflow_tutorial/py_env/lib/python3.12/site-packages/airflow/example_dags/example_task_group.py
[2024-09-01T00:28:12.488+0530] {logging_mixin.py:190} INFO - [2024-09-01T00:28:12.488+0530] {dag.py:3211} INFO - Sync 1 DAGs
[2024-09-01T00:28:12.494+0530] {logging_mixin.py:190} INFO - [2024-09-01T00:28:12.493+0530] {dag.py:4138} INFO - Setting next_dagrun for example_task_group to 2024-08-30 00:00:00+00:00, run_after=2024-08-31 00:00:00+00:00
[2024-09-01T00:28:12.500+0530] {processor.py:208} INFO - Processing /Users/ravipal/Desktop/Workspace/airflow_tutorial/py_env/lib/python3.12/site-packages/airflow/example_dags/example_task_group.py took 0.056 seconds
[2024-09-01T00:29:19.448+0530] {processor.py:186} INFO - Started process (PID=1997) to work on /Users/ravipal/Desktop/Workspace/airflow_tutorial/py_env/lib/python3.12/site-packages/airflow/example_dags/example_task_group.py
[2024-09-01T00:29:19.449+0530] {processor.py:914} INFO - Processing file /Users/ravipal/Desktop/Workspace/airflow_tutorial/py_env/lib/python3.12/site-packages/airflow/example_dags/example_task_group.py for tasks to queue
[2024-09-01T00:29:19.449+0530] {logging_mixin.py:190} INFO - [2024-09-01T00:29:19.449+0530] {dagbag.py:587} INFO - Filling up the DagBag from /Users/ravipal/Desktop/Workspace/airflow_tutorial/py_env/lib/python3.12/site-packages/airflow/example_dags/example_task_group.py
[2024-09-01T00:29:19.453+0530] {processor.py:925} INFO - DAG(s) 'example_task_group' retrieved from /Users/ravipal/Desktop/Workspace/airflow_tutorial/py_env/lib/python3.12/site-packages/airflow/example_dags/example_task_group.py
[2024-09-01T00:29:19.487+0530] {logging_mixin.py:190} INFO - [2024-09-01T00:29:19.486+0530] {dag.py:3211} INFO - Sync 1 DAGs
[2024-09-01T00:29:19.492+0530] {logging_mixin.py:190} INFO - [2024-09-01T00:29:19.492+0530] {dag.py:4138} INFO - Setting next_dagrun for example_task_group to 2024-08-30 00:00:00+00:00, run_after=2024-08-31 00:00:00+00:00
[2024-09-01T00:29:19.499+0530] {processor.py:208} INFO - Processing /Users/ravipal/Desktop/Workspace/airflow_tutorial/py_env/lib/python3.12/site-packages/airflow/example_dags/example_task_group.py took 0.053 seconds
[2024-09-01T00:30:22.006+0530] {processor.py:186} INFO - Started process (PID=2064) to work on /Users/ravipal/Desktop/Workspace/airflow_tutorial/py_env/lib/python3.12/site-packages/airflow/example_dags/example_task_group.py
[2024-09-01T00:30:22.006+0530] {processor.py:914} INFO - Processing file /Users/ravipal/Desktop/Workspace/airflow_tutorial/py_env/lib/python3.12/site-packages/airflow/example_dags/example_task_group.py for tasks to queue
[2024-09-01T00:30:22.007+0530] {logging_mixin.py:190} INFO - [2024-09-01T00:30:22.007+0530] {dagbag.py:587} INFO - Filling up the DagBag from /Users/ravipal/Desktop/Workspace/airflow_tutorial/py_env/lib/python3.12/site-packages/airflow/example_dags/example_task_group.py
[2024-09-01T00:30:22.010+0530] {processor.py:925} INFO - DAG(s) 'example_task_group' retrieved from /Users/ravipal/Desktop/Workspace/airflow_tutorial/py_env/lib/python3.12/site-packages/airflow/example_dags/example_task_group.py
[2024-09-01T00:30:22.045+0530] {logging_mixin.py:190} INFO - [2024-09-01T00:30:22.045+0530] {dag.py:3211} INFO - Sync 1 DAGs
[2024-09-01T00:30:22.051+0530] {logging_mixin.py:190} INFO - [2024-09-01T00:30:22.051+0530] {dag.py:4138} INFO - Setting next_dagrun for example_task_group to 2024-08-30 00:00:00+00:00, run_after=2024-08-31 00:00:00+00:00
[2024-09-01T00:30:22.058+0530] {processor.py:208} INFO - Processing /Users/ravipal/Desktop/Workspace/airflow_tutorial/py_env/lib/python3.12/site-packages/airflow/example_dags/example_task_group.py took 0.054 seconds
[2024-09-01T00:31:28.916+0530] {processor.py:186} INFO - Started process (PID=2129) to work on /Users/ravipal/Desktop/Workspace/airflow_tutorial/py_env/lib/python3.12/site-packages/airflow/example_dags/example_task_group.py
[2024-09-01T00:31:28.917+0530] {processor.py:914} INFO - Processing file /Users/ravipal/Desktop/Workspace/airflow_tutorial/py_env/lib/python3.12/site-packages/airflow/example_dags/example_task_group.py for tasks to queue
[2024-09-01T00:31:28.917+0530] {logging_mixin.py:190} INFO - [2024-09-01T00:31:28.917+0530] {dagbag.py:587} INFO - Filling up the DagBag from /Users/ravipal/Desktop/Workspace/airflow_tutorial/py_env/lib/python3.12/site-packages/airflow/example_dags/example_task_group.py
[2024-09-01T00:31:28.921+0530] {processor.py:925} INFO - DAG(s) 'example_task_group' retrieved from /Users/ravipal/Desktop/Workspace/airflow_tutorial/py_env/lib/python3.12/site-packages/airflow/example_dags/example_task_group.py
[2024-09-01T00:31:28.957+0530] {logging_mixin.py:190} INFO - [2024-09-01T00:31:28.957+0530] {dag.py:3211} INFO - Sync 1 DAGs
[2024-09-01T00:31:28.963+0530] {logging_mixin.py:190} INFO - [2024-09-01T00:31:28.963+0530] {dag.py:4138} INFO - Setting next_dagrun for example_task_group to 2024-08-30 00:00:00+00:00, run_after=2024-08-31 00:00:00+00:00
[2024-09-01T00:31:28.970+0530] {processor.py:208} INFO - Processing /Users/ravipal/Desktop/Workspace/airflow_tutorial/py_env/lib/python3.12/site-packages/airflow/example_dags/example_task_group.py took 0.055 seconds
[2024-09-01T00:32:34.913+0530] {processor.py:186} INFO - Started process (PID=2195) to work on /Users/ravipal/Desktop/Workspace/airflow_tutorial/py_env/lib/python3.12/site-packages/airflow/example_dags/example_task_group.py
[2024-09-01T00:32:34.913+0530] {processor.py:914} INFO - Processing file /Users/ravipal/Desktop/Workspace/airflow_tutorial/py_env/lib/python3.12/site-packages/airflow/example_dags/example_task_group.py for tasks to queue
[2024-09-01T00:32:34.913+0530] {logging_mixin.py:190} INFO - [2024-09-01T00:32:34.913+0530] {dagbag.py:587} INFO - Filling up the DagBag from /Users/ravipal/Desktop/Workspace/airflow_tutorial/py_env/lib/python3.12/site-packages/airflow/example_dags/example_task_group.py
[2024-09-01T00:32:34.917+0530] {processor.py:925} INFO - DAG(s) 'example_task_group' retrieved from /Users/ravipal/Desktop/Workspace/airflow_tutorial/py_env/lib/python3.12/site-packages/airflow/example_dags/example_task_group.py
[2024-09-01T00:32:34.952+0530] {logging_mixin.py:190} INFO - [2024-09-01T00:32:34.952+0530] {dag.py:3211} INFO - Sync 1 DAGs
[2024-09-01T00:32:34.958+0530] {logging_mixin.py:190} INFO - [2024-09-01T00:32:34.958+0530] {dag.py:4138} INFO - Setting next_dagrun for example_task_group to 2024-08-30 00:00:00+00:00, run_after=2024-08-31 00:00:00+00:00
[2024-09-01T00:32:34.964+0530] {processor.py:208} INFO - Processing /Users/ravipal/Desktop/Workspace/airflow_tutorial/py_env/lib/python3.12/site-packages/airflow/example_dags/example_task_group.py took 0.053 seconds
[2024-09-01T00:33:41.154+0530] {processor.py:186} INFO - Started process (PID=2262) to work on /Users/ravipal/Desktop/Workspace/airflow_tutorial/py_env/lib/python3.12/site-packages/airflow/example_dags/example_task_group.py
[2024-09-01T00:33:41.155+0530] {processor.py:914} INFO - Processing file /Users/ravipal/Desktop/Workspace/airflow_tutorial/py_env/lib/python3.12/site-packages/airflow/example_dags/example_task_group.py for tasks to queue
[2024-09-01T00:33:41.155+0530] {logging_mixin.py:190} INFO - [2024-09-01T00:33:41.155+0530] {dagbag.py:587} INFO - Filling up the DagBag from /Users/ravipal/Desktop/Workspace/airflow_tutorial/py_env/lib/python3.12/site-packages/airflow/example_dags/example_task_group.py
[2024-09-01T00:33:41.159+0530] {processor.py:925} INFO - DAG(s) 'example_task_group' retrieved from /Users/ravipal/Desktop/Workspace/airflow_tutorial/py_env/lib/python3.12/site-packages/airflow/example_dags/example_task_group.py
[2024-09-01T00:33:41.195+0530] {logging_mixin.py:190} INFO - [2024-09-01T00:33:41.195+0530] {dag.py:3211} INFO - Sync 1 DAGs
[2024-09-01T00:33:41.201+0530] {logging_mixin.py:190} INFO - [2024-09-01T00:33:41.201+0530] {dag.py:4138} INFO - Setting next_dagrun for example_task_group to 2024-08-30 00:00:00+00:00, run_after=2024-08-31 00:00:00+00:00
[2024-09-01T00:33:41.207+0530] {processor.py:208} INFO - Processing /Users/ravipal/Desktop/Workspace/airflow_tutorial/py_env/lib/python3.12/site-packages/airflow/example_dags/example_task_group.py took 0.055 seconds
[2024-09-01T00:34:49.818+0530] {processor.py:186} INFO - Started process (PID=2328) to work on /Users/ravipal/Desktop/Workspace/airflow_tutorial/py_env/lib/python3.12/site-packages/airflow/example_dags/example_task_group.py
[2024-09-01T00:34:49.819+0530] {processor.py:914} INFO - Processing file /Users/ravipal/Desktop/Workspace/airflow_tutorial/py_env/lib/python3.12/site-packages/airflow/example_dags/example_task_group.py for tasks to queue
[2024-09-01T00:34:49.819+0530] {logging_mixin.py:190} INFO - [2024-09-01T00:34:49.819+0530] {dagbag.py:587} INFO - Filling up the DagBag from /Users/ravipal/Desktop/Workspace/airflow_tutorial/py_env/lib/python3.12/site-packages/airflow/example_dags/example_task_group.py
[2024-09-01T00:34:49.823+0530] {processor.py:925} INFO - DAG(s) 'example_task_group' retrieved from /Users/ravipal/Desktop/Workspace/airflow_tutorial/py_env/lib/python3.12/site-packages/airflow/example_dags/example_task_group.py
[2024-09-01T00:34:49.866+0530] {logging_mixin.py:190} INFO - [2024-09-01T00:34:49.866+0530] {dag.py:3211} INFO - Sync 1 DAGs
[2024-09-01T00:34:49.874+0530] {logging_mixin.py:190} INFO - [2024-09-01T00:34:49.874+0530] {dag.py:4138} INFO - Setting next_dagrun for example_task_group to 2024-08-30 00:00:00+00:00, run_after=2024-08-31 00:00:00+00:00
[2024-09-01T00:34:49.882+0530] {processor.py:208} INFO - Processing /Users/ravipal/Desktop/Workspace/airflow_tutorial/py_env/lib/python3.12/site-packages/airflow/example_dags/example_task_group.py took 0.066 seconds
[2024-09-01T00:35:57.287+0530] {processor.py:186} INFO - Started process (PID=2398) to work on /Users/ravipal/Desktop/Workspace/airflow_tutorial/py_env/lib/python3.12/site-packages/airflow/example_dags/example_task_group.py
[2024-09-01T00:35:57.287+0530] {processor.py:914} INFO - Processing file /Users/ravipal/Desktop/Workspace/airflow_tutorial/py_env/lib/python3.12/site-packages/airflow/example_dags/example_task_group.py for tasks to queue
[2024-09-01T00:35:57.288+0530] {logging_mixin.py:190} INFO - [2024-09-01T00:35:57.288+0530] {dagbag.py:587} INFO - Filling up the DagBag from /Users/ravipal/Desktop/Workspace/airflow_tutorial/py_env/lib/python3.12/site-packages/airflow/example_dags/example_task_group.py
[2024-09-01T00:35:57.291+0530] {processor.py:925} INFO - DAG(s) 'example_task_group' retrieved from /Users/ravipal/Desktop/Workspace/airflow_tutorial/py_env/lib/python3.12/site-packages/airflow/example_dags/example_task_group.py
[2024-09-01T00:35:57.327+0530] {logging_mixin.py:190} INFO - [2024-09-01T00:35:57.327+0530] {dag.py:3211} INFO - Sync 1 DAGs
[2024-09-01T00:35:57.332+0530] {logging_mixin.py:190} INFO - [2024-09-01T00:35:57.332+0530] {dag.py:4138} INFO - Setting next_dagrun for example_task_group to 2024-08-30 00:00:00+00:00, run_after=2024-08-31 00:00:00+00:00
[2024-09-01T00:35:57.339+0530] {processor.py:208} INFO - Processing /Users/ravipal/Desktop/Workspace/airflow_tutorial/py_env/lib/python3.12/site-packages/airflow/example_dags/example_task_group.py took 0.054 seconds
[2024-09-01T00:37:04.872+0530] {processor.py:186} INFO - Started process (PID=2464) to work on /Users/ravipal/Desktop/Workspace/airflow_tutorial/py_env/lib/python3.12/site-packages/airflow/example_dags/example_task_group.py
[2024-09-01T00:37:04.872+0530] {processor.py:914} INFO - Processing file /Users/ravipal/Desktop/Workspace/airflow_tutorial/py_env/lib/python3.12/site-packages/airflow/example_dags/example_task_group.py for tasks to queue
[2024-09-01T00:37:04.873+0530] {logging_mixin.py:190} INFO - [2024-09-01T00:37:04.873+0530] {dagbag.py:587} INFO - Filling up the DagBag from /Users/ravipal/Desktop/Workspace/airflow_tutorial/py_env/lib/python3.12/site-packages/airflow/example_dags/example_task_group.py
[2024-09-01T00:37:04.877+0530] {processor.py:925} INFO - DAG(s) 'example_task_group' retrieved from /Users/ravipal/Desktop/Workspace/airflow_tutorial/py_env/lib/python3.12/site-packages/airflow/example_dags/example_task_group.py
[2024-09-01T00:37:04.912+0530] {logging_mixin.py:190} INFO - [2024-09-01T00:37:04.911+0530] {dag.py:3211} INFO - Sync 1 DAGs
[2024-09-01T00:37:04.917+0530] {logging_mixin.py:190} INFO - [2024-09-01T00:37:04.917+0530] {dag.py:4138} INFO - Setting next_dagrun for example_task_group to 2024-08-30 00:00:00+00:00, run_after=2024-08-31 00:00:00+00:00
[2024-09-01T00:37:04.924+0530] {processor.py:208} INFO - Processing /Users/ravipal/Desktop/Workspace/airflow_tutorial/py_env/lib/python3.12/site-packages/airflow/example_dags/example_task_group.py took 0.054 seconds
[2024-09-01T00:38:11.851+0530] {processor.py:186} INFO - Started process (PID=2532) to work on /Users/ravipal/Desktop/Workspace/airflow_tutorial/py_env/lib/python3.12/site-packages/airflow/example_dags/example_task_group.py
[2024-09-01T00:38:11.851+0530] {processor.py:914} INFO - Processing file /Users/ravipal/Desktop/Workspace/airflow_tutorial/py_env/lib/python3.12/site-packages/airflow/example_dags/example_task_group.py for tasks to queue
[2024-09-01T00:38:11.852+0530] {logging_mixin.py:190} INFO - [2024-09-01T00:38:11.852+0530] {dagbag.py:587} INFO - Filling up the DagBag from /Users/ravipal/Desktop/Workspace/airflow_tutorial/py_env/lib/python3.12/site-packages/airflow/example_dags/example_task_group.py
[2024-09-01T00:38:11.856+0530] {processor.py:925} INFO - DAG(s) 'example_task_group' retrieved from /Users/ravipal/Desktop/Workspace/airflow_tutorial/py_env/lib/python3.12/site-packages/airflow/example_dags/example_task_group.py
[2024-09-01T00:38:11.891+0530] {logging_mixin.py:190} INFO - [2024-09-01T00:38:11.891+0530] {dag.py:3211} INFO - Sync 1 DAGs
[2024-09-01T00:38:11.898+0530] {logging_mixin.py:190} INFO - [2024-09-01T00:38:11.897+0530] {dag.py:4138} INFO - Setting next_dagrun for example_task_group to 2024-08-30 00:00:00+00:00, run_after=2024-08-31 00:00:00+00:00
[2024-09-01T00:38:11.905+0530] {processor.py:208} INFO - Processing /Users/ravipal/Desktop/Workspace/airflow_tutorial/py_env/lib/python3.12/site-packages/airflow/example_dags/example_task_group.py took 0.056 seconds
[2024-09-01T00:39:13.716+0530] {processor.py:186} INFO - Started process (PID=2595) to work on /Users/ravipal/Desktop/Workspace/airflow_tutorial/py_env/lib/python3.12/site-packages/airflow/example_dags/example_task_group.py
[2024-09-01T00:39:13.716+0530] {processor.py:914} INFO - Processing file /Users/ravipal/Desktop/Workspace/airflow_tutorial/py_env/lib/python3.12/site-packages/airflow/example_dags/example_task_group.py for tasks to queue
[2024-09-01T00:39:13.717+0530] {logging_mixin.py:190} INFO - [2024-09-01T00:39:13.717+0530] {dagbag.py:587} INFO - Filling up the DagBag from /Users/ravipal/Desktop/Workspace/airflow_tutorial/py_env/lib/python3.12/site-packages/airflow/example_dags/example_task_group.py
[2024-09-01T00:39:13.721+0530] {processor.py:925} INFO - DAG(s) 'example_task_group' retrieved from /Users/ravipal/Desktop/Workspace/airflow_tutorial/py_env/lib/python3.12/site-packages/airflow/example_dags/example_task_group.py
[2024-09-01T00:39:13.757+0530] {logging_mixin.py:190} INFO - [2024-09-01T00:39:13.757+0530] {dag.py:3211} INFO - Sync 1 DAGs
[2024-09-01T00:39:13.763+0530] {logging_mixin.py:190} INFO - [2024-09-01T00:39:13.762+0530] {dag.py:4138} INFO - Setting next_dagrun for example_task_group to 2024-08-30 00:00:00+00:00, run_after=2024-08-31 00:00:00+00:00
[2024-09-01T00:39:13.769+0530] {processor.py:208} INFO - Processing /Users/ravipal/Desktop/Workspace/airflow_tutorial/py_env/lib/python3.12/site-packages/airflow/example_dags/example_task_group.py took 0.055 seconds
[2024-09-01T00:40:16.240+0530] {processor.py:186} INFO - Started process (PID=2659) to work on /Users/ravipal/Desktop/Workspace/airflow_tutorial/py_env/lib/python3.12/site-packages/airflow/example_dags/example_task_group.py
[2024-09-01T00:40:16.241+0530] {processor.py:914} INFO - Processing file /Users/ravipal/Desktop/Workspace/airflow_tutorial/py_env/lib/python3.12/site-packages/airflow/example_dags/example_task_group.py for tasks to queue
[2024-09-01T00:40:16.241+0530] {logging_mixin.py:190} INFO - [2024-09-01T00:40:16.241+0530] {dagbag.py:587} INFO - Filling up the DagBag from /Users/ravipal/Desktop/Workspace/airflow_tutorial/py_env/lib/python3.12/site-packages/airflow/example_dags/example_task_group.py
[2024-09-01T00:40:16.245+0530] {processor.py:925} INFO - DAG(s) 'example_task_group' retrieved from /Users/ravipal/Desktop/Workspace/airflow_tutorial/py_env/lib/python3.12/site-packages/airflow/example_dags/example_task_group.py
[2024-09-01T00:40:16.280+0530] {logging_mixin.py:190} INFO - [2024-09-01T00:40:16.280+0530] {dag.py:3211} INFO - Sync 1 DAGs
[2024-09-01T00:40:16.286+0530] {logging_mixin.py:190} INFO - [2024-09-01T00:40:16.286+0530] {dag.py:4138} INFO - Setting next_dagrun for example_task_group to 2024-08-30 00:00:00+00:00, run_after=2024-08-31 00:00:00+00:00
[2024-09-01T00:40:16.292+0530] {processor.py:208} INFO - Processing /Users/ravipal/Desktop/Workspace/airflow_tutorial/py_env/lib/python3.12/site-packages/airflow/example_dags/example_task_group.py took 0.054 seconds
[2024-09-01T00:41:23.336+0530] {processor.py:186} INFO - Started process (PID=2723) to work on /Users/ravipal/Desktop/Workspace/airflow_tutorial/py_env/lib/python3.12/site-packages/airflow/example_dags/example_task_group.py
[2024-09-01T00:41:23.336+0530] {processor.py:914} INFO - Processing file /Users/ravipal/Desktop/Workspace/airflow_tutorial/py_env/lib/python3.12/site-packages/airflow/example_dags/example_task_group.py for tasks to queue
[2024-09-01T00:41:23.337+0530] {logging_mixin.py:190} INFO - [2024-09-01T00:41:23.336+0530] {dagbag.py:587} INFO - Filling up the DagBag from /Users/ravipal/Desktop/Workspace/airflow_tutorial/py_env/lib/python3.12/site-packages/airflow/example_dags/example_task_group.py
[2024-09-01T00:41:23.340+0530] {processor.py:925} INFO - DAG(s) 'example_task_group' retrieved from /Users/ravipal/Desktop/Workspace/airflow_tutorial/py_env/lib/python3.12/site-packages/airflow/example_dags/example_task_group.py
[2024-09-01T00:41:23.376+0530] {logging_mixin.py:190} INFO - [2024-09-01T00:41:23.376+0530] {dag.py:3211} INFO - Sync 1 DAGs
[2024-09-01T00:41:23.381+0530] {logging_mixin.py:190} INFO - [2024-09-01T00:41:23.381+0530] {dag.py:4138} INFO - Setting next_dagrun for example_task_group to 2024-08-30 00:00:00+00:00, run_after=2024-08-31 00:00:00+00:00
[2024-09-01T00:41:23.388+0530] {processor.py:208} INFO - Processing /Users/ravipal/Desktop/Workspace/airflow_tutorial/py_env/lib/python3.12/site-packages/airflow/example_dags/example_task_group.py took 0.054 seconds
[2024-09-01T00:42:29.586+0530] {processor.py:186} INFO - Started process (PID=2789) to work on /Users/ravipal/Desktop/Workspace/airflow_tutorial/py_env/lib/python3.12/site-packages/airflow/example_dags/example_task_group.py
[2024-09-01T00:42:29.586+0530] {processor.py:914} INFO - Processing file /Users/ravipal/Desktop/Workspace/airflow_tutorial/py_env/lib/python3.12/site-packages/airflow/example_dags/example_task_group.py for tasks to queue
[2024-09-01T00:42:29.586+0530] {logging_mixin.py:190} INFO - [2024-09-01T00:42:29.586+0530] {dagbag.py:587} INFO - Filling up the DagBag from /Users/ravipal/Desktop/Workspace/airflow_tutorial/py_env/lib/python3.12/site-packages/airflow/example_dags/example_task_group.py
[2024-09-01T00:42:29.590+0530] {processor.py:925} INFO - DAG(s) 'example_task_group' retrieved from /Users/ravipal/Desktop/Workspace/airflow_tutorial/py_env/lib/python3.12/site-packages/airflow/example_dags/example_task_group.py
[2024-09-01T00:42:29.626+0530] {logging_mixin.py:190} INFO - [2024-09-01T00:42:29.626+0530] {dag.py:3211} INFO - Sync 1 DAGs
[2024-09-01T00:42:29.632+0530] {logging_mixin.py:190} INFO - [2024-09-01T00:42:29.632+0530] {dag.py:4138} INFO - Setting next_dagrun for example_task_group to 2024-08-30 00:00:00+00:00, run_after=2024-08-31 00:00:00+00:00
[2024-09-01T00:42:29.638+0530] {processor.py:208} INFO - Processing /Users/ravipal/Desktop/Workspace/airflow_tutorial/py_env/lib/python3.12/site-packages/airflow/example_dags/example_task_group.py took 0.055 seconds
[2024-09-01T00:43:36.142+0530] {processor.py:186} INFO - Started process (PID=2853) to work on /Users/ravipal/Desktop/Workspace/airflow_tutorial/py_env/lib/python3.12/site-packages/airflow/example_dags/example_task_group.py
[2024-09-01T00:43:36.142+0530] {processor.py:914} INFO - Processing file /Users/ravipal/Desktop/Workspace/airflow_tutorial/py_env/lib/python3.12/site-packages/airflow/example_dags/example_task_group.py for tasks to queue
[2024-09-01T00:43:36.143+0530] {logging_mixin.py:190} INFO - [2024-09-01T00:43:36.143+0530] {dagbag.py:587} INFO - Filling up the DagBag from /Users/ravipal/Desktop/Workspace/airflow_tutorial/py_env/lib/python3.12/site-packages/airflow/example_dags/example_task_group.py
[2024-09-01T00:43:36.147+0530] {processor.py:925} INFO - DAG(s) 'example_task_group' retrieved from /Users/ravipal/Desktop/Workspace/airflow_tutorial/py_env/lib/python3.12/site-packages/airflow/example_dags/example_task_group.py
[2024-09-01T00:43:36.182+0530] {logging_mixin.py:190} INFO - [2024-09-01T00:43:36.182+0530] {dag.py:3211} INFO - Sync 1 DAGs
[2024-09-01T00:43:36.188+0530] {logging_mixin.py:190} INFO - [2024-09-01T00:43:36.188+0530] {dag.py:4138} INFO - Setting next_dagrun for example_task_group to 2024-08-30 00:00:00+00:00, run_after=2024-08-31 00:00:00+00:00
[2024-09-01T00:43:36.194+0530] {processor.py:208} INFO - Processing /Users/ravipal/Desktop/Workspace/airflow_tutorial/py_env/lib/python3.12/site-packages/airflow/example_dags/example_task_group.py took 0.054 seconds
[2024-09-01T00:44:44.473+0530] {processor.py:186} INFO - Started process (PID=2922) to work on /Users/ravipal/Desktop/Workspace/airflow_tutorial/py_env/lib/python3.12/site-packages/airflow/example_dags/example_task_group.py
[2024-09-01T00:44:44.473+0530] {processor.py:914} INFO - Processing file /Users/ravipal/Desktop/Workspace/airflow_tutorial/py_env/lib/python3.12/site-packages/airflow/example_dags/example_task_group.py for tasks to queue
[2024-09-01T00:44:44.474+0530] {logging_mixin.py:190} INFO - [2024-09-01T00:44:44.474+0530] {dagbag.py:587} INFO - Filling up the DagBag from /Users/ravipal/Desktop/Workspace/airflow_tutorial/py_env/lib/python3.12/site-packages/airflow/example_dags/example_task_group.py
[2024-09-01T00:44:44.478+0530] {processor.py:925} INFO - DAG(s) 'example_task_group' retrieved from /Users/ravipal/Desktop/Workspace/airflow_tutorial/py_env/lib/python3.12/site-packages/airflow/example_dags/example_task_group.py
[2024-09-01T00:44:44.513+0530] {logging_mixin.py:190} INFO - [2024-09-01T00:44:44.513+0530] {dag.py:3211} INFO - Sync 1 DAGs
[2024-09-01T00:44:44.519+0530] {logging_mixin.py:190} INFO - [2024-09-01T00:44:44.519+0530] {dag.py:4138} INFO - Setting next_dagrun for example_task_group to 2024-08-30 00:00:00+00:00, run_after=2024-08-31 00:00:00+00:00
[2024-09-01T00:44:44.525+0530] {processor.py:208} INFO - Processing /Users/ravipal/Desktop/Workspace/airflow_tutorial/py_env/lib/python3.12/site-packages/airflow/example_dags/example_task_group.py took 0.055 seconds
[2024-09-01T00:45:51.779+0530] {processor.py:186} INFO - Started process (PID=2990) to work on /Users/ravipal/Desktop/Workspace/airflow_tutorial/py_env/lib/python3.12/site-packages/airflow/example_dags/example_task_group.py
[2024-09-01T00:45:51.779+0530] {processor.py:914} INFO - Processing file /Users/ravipal/Desktop/Workspace/airflow_tutorial/py_env/lib/python3.12/site-packages/airflow/example_dags/example_task_group.py for tasks to queue
[2024-09-01T00:45:51.779+0530] {logging_mixin.py:190} INFO - [2024-09-01T00:45:51.779+0530] {dagbag.py:587} INFO - Filling up the DagBag from /Users/ravipal/Desktop/Workspace/airflow_tutorial/py_env/lib/python3.12/site-packages/airflow/example_dags/example_task_group.py
[2024-09-01T00:45:51.783+0530] {processor.py:925} INFO - DAG(s) 'example_task_group' retrieved from /Users/ravipal/Desktop/Workspace/airflow_tutorial/py_env/lib/python3.12/site-packages/airflow/example_dags/example_task_group.py
[2024-09-01T00:45:51.819+0530] {logging_mixin.py:190} INFO - [2024-09-01T00:45:51.819+0530] {dag.py:3211} INFO - Sync 1 DAGs
[2024-09-01T00:45:51.825+0530] {logging_mixin.py:190} INFO - [2024-09-01T00:45:51.825+0530] {dag.py:4138} INFO - Setting next_dagrun for example_task_group to 2024-08-30 00:00:00+00:00, run_after=2024-08-31 00:00:00+00:00
[2024-09-01T00:45:51.832+0530] {processor.py:208} INFO - Processing /Users/ravipal/Desktop/Workspace/airflow_tutorial/py_env/lib/python3.12/site-packages/airflow/example_dags/example_task_group.py took 0.055 seconds
[2024-09-01T00:46:58.797+0530] {processor.py:186} INFO - Started process (PID=3055) to work on /Users/ravipal/Desktop/Workspace/airflow_tutorial/py_env/lib/python3.12/site-packages/airflow/example_dags/example_task_group.py
[2024-09-01T00:46:58.797+0530] {processor.py:914} INFO - Processing file /Users/ravipal/Desktop/Workspace/airflow_tutorial/py_env/lib/python3.12/site-packages/airflow/example_dags/example_task_group.py for tasks to queue
[2024-09-01T00:46:58.797+0530] {logging_mixin.py:190} INFO - [2024-09-01T00:46:58.797+0530] {dagbag.py:587} INFO - Filling up the DagBag from /Users/ravipal/Desktop/Workspace/airflow_tutorial/py_env/lib/python3.12/site-packages/airflow/example_dags/example_task_group.py
[2024-09-01T00:46:58.801+0530] {processor.py:925} INFO - DAG(s) 'example_task_group' retrieved from /Users/ravipal/Desktop/Workspace/airflow_tutorial/py_env/lib/python3.12/site-packages/airflow/example_dags/example_task_group.py
[2024-09-01T00:46:58.837+0530] {logging_mixin.py:190} INFO - [2024-09-01T00:46:58.837+0530] {dag.py:3211} INFO - Sync 1 DAGs
[2024-09-01T00:46:58.842+0530] {logging_mixin.py:190} INFO - [2024-09-01T00:46:58.842+0530] {dag.py:4138} INFO - Setting next_dagrun for example_task_group to 2024-08-30 00:00:00+00:00, run_after=2024-08-31 00:00:00+00:00
[2024-09-01T00:46:58.849+0530] {processor.py:208} INFO - Processing /Users/ravipal/Desktop/Workspace/airflow_tutorial/py_env/lib/python3.12/site-packages/airflow/example_dags/example_task_group.py took 0.054 seconds
[2024-09-01T00:48:01.464+0530] {processor.py:186} INFO - Started process (PID=3121) to work on /Users/ravipal/Desktop/Workspace/airflow_tutorial/py_env/lib/python3.12/site-packages/airflow/example_dags/example_task_group.py
[2024-09-01T00:48:01.464+0530] {processor.py:914} INFO - Processing file /Users/ravipal/Desktop/Workspace/airflow_tutorial/py_env/lib/python3.12/site-packages/airflow/example_dags/example_task_group.py for tasks to queue
[2024-09-01T00:48:01.465+0530] {logging_mixin.py:190} INFO - [2024-09-01T00:48:01.464+0530] {dagbag.py:587} INFO - Filling up the DagBag from /Users/ravipal/Desktop/Workspace/airflow_tutorial/py_env/lib/python3.12/site-packages/airflow/example_dags/example_task_group.py
[2024-09-01T00:48:01.468+0530] {processor.py:925} INFO - DAG(s) 'example_task_group' retrieved from /Users/ravipal/Desktop/Workspace/airflow_tutorial/py_env/lib/python3.12/site-packages/airflow/example_dags/example_task_group.py
[2024-09-01T00:48:01.504+0530] {logging_mixin.py:190} INFO - [2024-09-01T00:48:01.504+0530] {dag.py:3211} INFO - Sync 1 DAGs
[2024-09-01T00:48:01.510+0530] {logging_mixin.py:190} INFO - [2024-09-01T00:48:01.509+0530] {dag.py:4138} INFO - Setting next_dagrun for example_task_group to 2024-08-30 00:00:00+00:00, run_after=2024-08-31 00:00:00+00:00
[2024-09-01T00:48:01.516+0530] {processor.py:208} INFO - Processing /Users/ravipal/Desktop/Workspace/airflow_tutorial/py_env/lib/python3.12/site-packages/airflow/example_dags/example_task_group.py took 0.054 seconds
[2024-09-01T00:49:04.415+0530] {processor.py:186} INFO - Started process (PID=3185) to work on /Users/ravipal/Desktop/Workspace/airflow_tutorial/py_env/lib/python3.12/site-packages/airflow/example_dags/example_task_group.py
[2024-09-01T00:49:04.416+0530] {processor.py:914} INFO - Processing file /Users/ravipal/Desktop/Workspace/airflow_tutorial/py_env/lib/python3.12/site-packages/airflow/example_dags/example_task_group.py for tasks to queue
[2024-09-01T00:49:04.416+0530] {logging_mixin.py:190} INFO - [2024-09-01T00:49:04.416+0530] {dagbag.py:587} INFO - Filling up the DagBag from /Users/ravipal/Desktop/Workspace/airflow_tutorial/py_env/lib/python3.12/site-packages/airflow/example_dags/example_task_group.py
[2024-09-01T00:49:04.421+0530] {processor.py:925} INFO - DAG(s) 'example_task_group' retrieved from /Users/ravipal/Desktop/Workspace/airflow_tutorial/py_env/lib/python3.12/site-packages/airflow/example_dags/example_task_group.py
[2024-09-01T00:49:04.458+0530] {logging_mixin.py:190} INFO - [2024-09-01T00:49:04.457+0530] {dag.py:3211} INFO - Sync 1 DAGs
[2024-09-01T00:49:04.464+0530] {logging_mixin.py:190} INFO - [2024-09-01T00:49:04.464+0530] {dag.py:4138} INFO - Setting next_dagrun for example_task_group to 2024-08-30 00:00:00+00:00, run_after=2024-08-31 00:00:00+00:00
[2024-09-01T00:49:04.470+0530] {processor.py:208} INFO - Processing /Users/ravipal/Desktop/Workspace/airflow_tutorial/py_env/lib/python3.12/site-packages/airflow/example_dags/example_task_group.py took 0.057 seconds
[2024-09-01T00:50:10.128+0530] {processor.py:186} INFO - Started process (PID=3266) to work on /Users/ravipal/Desktop/Workspace/airflow_tutorial/py_env/lib/python3.12/site-packages/airflow/example_dags/example_task_group.py
[2024-09-01T00:50:10.130+0530] {processor.py:914} INFO - Processing file /Users/ravipal/Desktop/Workspace/airflow_tutorial/py_env/lib/python3.12/site-packages/airflow/example_dags/example_task_group.py for tasks to queue
[2024-09-01T00:50:10.130+0530] {logging_mixin.py:190} INFO - [2024-09-01T00:50:10.130+0530] {dagbag.py:587} INFO - Filling up the DagBag from /Users/ravipal/Desktop/Workspace/airflow_tutorial/py_env/lib/python3.12/site-packages/airflow/example_dags/example_task_group.py
[2024-09-01T00:50:10.134+0530] {processor.py:925} INFO - DAG(s) 'example_task_group' retrieved from /Users/ravipal/Desktop/Workspace/airflow_tutorial/py_env/lib/python3.12/site-packages/airflow/example_dags/example_task_group.py
[2024-09-01T00:50:10.170+0530] {logging_mixin.py:190} INFO - [2024-09-01T00:50:10.170+0530] {dag.py:3211} INFO - Sync 1 DAGs
[2024-09-01T00:50:10.176+0530] {logging_mixin.py:190} INFO - [2024-09-01T00:50:10.176+0530] {dag.py:4138} INFO - Setting next_dagrun for example_task_group to 2024-08-30 00:00:00+00:00, run_after=2024-08-31 00:00:00+00:00
[2024-09-01T00:50:10.182+0530] {processor.py:208} INFO - Processing /Users/ravipal/Desktop/Workspace/airflow_tutorial/py_env/lib/python3.12/site-packages/airflow/example_dags/example_task_group.py took 0.056 seconds
[2024-09-01T00:51:20.469+0530] {processor.py:186} INFO - Started process (PID=3343) to work on /Users/ravipal/Desktop/Workspace/airflow_tutorial/py_env/lib/python3.12/site-packages/airflow/example_dags/example_task_group.py
[2024-09-01T00:51:20.470+0530] {processor.py:914} INFO - Processing file /Users/ravipal/Desktop/Workspace/airflow_tutorial/py_env/lib/python3.12/site-packages/airflow/example_dags/example_task_group.py for tasks to queue
[2024-09-01T00:51:20.470+0530] {logging_mixin.py:190} INFO - [2024-09-01T00:51:20.470+0530] {dagbag.py:587} INFO - Filling up the DagBag from /Users/ravipal/Desktop/Workspace/airflow_tutorial/py_env/lib/python3.12/site-packages/airflow/example_dags/example_task_group.py
[2024-09-01T00:51:20.474+0530] {processor.py:925} INFO - DAG(s) 'example_task_group' retrieved from /Users/ravipal/Desktop/Workspace/airflow_tutorial/py_env/lib/python3.12/site-packages/airflow/example_dags/example_task_group.py
[2024-09-01T00:51:20.510+0530] {logging_mixin.py:190} INFO - [2024-09-01T00:51:20.510+0530] {dag.py:3211} INFO - Sync 1 DAGs
[2024-09-01T00:51:20.516+0530] {logging_mixin.py:190} INFO - [2024-09-01T00:51:20.516+0530] {dag.py:4138} INFO - Setting next_dagrun for example_task_group to 2024-08-30 00:00:00+00:00, run_after=2024-08-31 00:00:00+00:00
[2024-09-01T00:51:20.522+0530] {processor.py:208} INFO - Processing /Users/ravipal/Desktop/Workspace/airflow_tutorial/py_env/lib/python3.12/site-packages/airflow/example_dags/example_task_group.py took 0.055 seconds
[2024-09-01T00:52:26.659+0530] {processor.py:186} INFO - Started process (PID=3409) to work on /Users/ravipal/Desktop/Workspace/airflow_tutorial/py_env/lib/python3.12/site-packages/airflow/example_dags/example_task_group.py
[2024-09-01T00:52:26.660+0530] {processor.py:914} INFO - Processing file /Users/ravipal/Desktop/Workspace/airflow_tutorial/py_env/lib/python3.12/site-packages/airflow/example_dags/example_task_group.py for tasks to queue
[2024-09-01T00:52:26.660+0530] {logging_mixin.py:190} INFO - [2024-09-01T00:52:26.660+0530] {dagbag.py:587} INFO - Filling up the DagBag from /Users/ravipal/Desktop/Workspace/airflow_tutorial/py_env/lib/python3.12/site-packages/airflow/example_dags/example_task_group.py
[2024-09-01T00:52:26.664+0530] {processor.py:925} INFO - DAG(s) 'example_task_group' retrieved from /Users/ravipal/Desktop/Workspace/airflow_tutorial/py_env/lib/python3.12/site-packages/airflow/example_dags/example_task_group.py
[2024-09-01T00:52:26.699+0530] {logging_mixin.py:190} INFO - [2024-09-01T00:52:26.699+0530] {dag.py:3211} INFO - Sync 1 DAGs
[2024-09-01T00:52:26.705+0530] {logging_mixin.py:190} INFO - [2024-09-01T00:52:26.705+0530] {dag.py:4138} INFO - Setting next_dagrun for example_task_group to 2024-08-30 00:00:00+00:00, run_after=2024-08-31 00:00:00+00:00
[2024-09-01T00:52:26.712+0530] {processor.py:208} INFO - Processing /Users/ravipal/Desktop/Workspace/airflow_tutorial/py_env/lib/python3.12/site-packages/airflow/example_dags/example_task_group.py took 0.055 seconds
[2024-09-01T00:53:31.732+0530] {processor.py:186} INFO - Started process (PID=3477) to work on /Users/ravipal/Desktop/Workspace/airflow_tutorial/py_env/lib/python3.12/site-packages/airflow/example_dags/example_task_group.py
[2024-09-01T00:53:31.733+0530] {processor.py:914} INFO - Processing file /Users/ravipal/Desktop/Workspace/airflow_tutorial/py_env/lib/python3.12/site-packages/airflow/example_dags/example_task_group.py for tasks to queue
[2024-09-01T00:53:31.733+0530] {logging_mixin.py:190} INFO - [2024-09-01T00:53:31.733+0530] {dagbag.py:587} INFO - Filling up the DagBag from /Users/ravipal/Desktop/Workspace/airflow_tutorial/py_env/lib/python3.12/site-packages/airflow/example_dags/example_task_group.py
[2024-09-01T00:53:31.737+0530] {processor.py:925} INFO - DAG(s) 'example_task_group' retrieved from /Users/ravipal/Desktop/Workspace/airflow_tutorial/py_env/lib/python3.12/site-packages/airflow/example_dags/example_task_group.py
[2024-09-01T00:53:31.772+0530] {logging_mixin.py:190} INFO - [2024-09-01T00:53:31.772+0530] {dag.py:3211} INFO - Sync 1 DAGs
[2024-09-01T00:53:31.778+0530] {logging_mixin.py:190} INFO - [2024-09-01T00:53:31.778+0530] {dag.py:4138} INFO - Setting next_dagrun for example_task_group to 2024-08-30 00:00:00+00:00, run_after=2024-08-31 00:00:00+00:00
[2024-09-01T00:53:31.785+0530] {processor.py:208} INFO - Processing /Users/ravipal/Desktop/Workspace/airflow_tutorial/py_env/lib/python3.12/site-packages/airflow/example_dags/example_task_group.py took 0.055 seconds
[2024-09-01T00:54:38.508+0530] {processor.py:186} INFO - Started process (PID=3542) to work on /Users/ravipal/Desktop/Workspace/airflow_tutorial/py_env/lib/python3.12/site-packages/airflow/example_dags/example_task_group.py
[2024-09-01T00:54:38.508+0530] {processor.py:914} INFO - Processing file /Users/ravipal/Desktop/Workspace/airflow_tutorial/py_env/lib/python3.12/site-packages/airflow/example_dags/example_task_group.py for tasks to queue
[2024-09-01T00:54:38.509+0530] {logging_mixin.py:190} INFO - [2024-09-01T00:54:38.509+0530] {dagbag.py:587} INFO - Filling up the DagBag from /Users/ravipal/Desktop/Workspace/airflow_tutorial/py_env/lib/python3.12/site-packages/airflow/example_dags/example_task_group.py
[2024-09-01T00:54:38.513+0530] {processor.py:925} INFO - DAG(s) 'example_task_group' retrieved from /Users/ravipal/Desktop/Workspace/airflow_tutorial/py_env/lib/python3.12/site-packages/airflow/example_dags/example_task_group.py
[2024-09-01T00:54:38.548+0530] {logging_mixin.py:190} INFO - [2024-09-01T00:54:38.548+0530] {dag.py:3211} INFO - Sync 1 DAGs
[2024-09-01T00:54:38.554+0530] {logging_mixin.py:190} INFO - [2024-09-01T00:54:38.554+0530] {dag.py:4138} INFO - Setting next_dagrun for example_task_group to 2024-08-30 00:00:00+00:00, run_after=2024-08-31 00:00:00+00:00
[2024-09-01T00:54:38.560+0530] {processor.py:208} INFO - Processing /Users/ravipal/Desktop/Workspace/airflow_tutorial/py_env/lib/python3.12/site-packages/airflow/example_dags/example_task_group.py took 0.054 seconds
[2024-09-01T00:55:44.819+0530] {processor.py:186} INFO - Started process (PID=3609) to work on /Users/ravipal/Desktop/Workspace/airflow_tutorial/py_env/lib/python3.12/site-packages/airflow/example_dags/example_task_group.py
[2024-09-01T00:55:44.819+0530] {processor.py:914} INFO - Processing file /Users/ravipal/Desktop/Workspace/airflow_tutorial/py_env/lib/python3.12/site-packages/airflow/example_dags/example_task_group.py for tasks to queue
[2024-09-01T00:55:44.819+0530] {logging_mixin.py:190} INFO - [2024-09-01T00:55:44.819+0530] {dagbag.py:587} INFO - Filling up the DagBag from /Users/ravipal/Desktop/Workspace/airflow_tutorial/py_env/lib/python3.12/site-packages/airflow/example_dags/example_task_group.py
[2024-09-01T00:55:44.823+0530] {processor.py:925} INFO - DAG(s) 'example_task_group' retrieved from /Users/ravipal/Desktop/Workspace/airflow_tutorial/py_env/lib/python3.12/site-packages/airflow/example_dags/example_task_group.py
[2024-09-01T00:55:44.858+0530] {logging_mixin.py:190} INFO - [2024-09-01T00:55:44.858+0530] {dag.py:3211} INFO - Sync 1 DAGs
[2024-09-01T00:55:44.864+0530] {logging_mixin.py:190} INFO - [2024-09-01T00:55:44.864+0530] {dag.py:4138} INFO - Setting next_dagrun for example_task_group to 2024-08-30 00:00:00+00:00, run_after=2024-08-31 00:00:00+00:00
[2024-09-01T00:55:44.871+0530] {processor.py:208} INFO - Processing /Users/ravipal/Desktop/Workspace/airflow_tutorial/py_env/lib/python3.12/site-packages/airflow/example_dags/example_task_group.py took 0.054 seconds
[2024-09-01T00:56:46.950+0530] {processor.py:186} INFO - Started process (PID=3672) to work on /Users/ravipal/Desktop/Workspace/airflow_tutorial/py_env/lib/python3.12/site-packages/airflow/example_dags/example_task_group.py
[2024-09-01T00:56:46.951+0530] {processor.py:914} INFO - Processing file /Users/ravipal/Desktop/Workspace/airflow_tutorial/py_env/lib/python3.12/site-packages/airflow/example_dags/example_task_group.py for tasks to queue
[2024-09-01T00:56:46.951+0530] {logging_mixin.py:190} INFO - [2024-09-01T00:56:46.951+0530] {dagbag.py:587} INFO - Filling up the DagBag from /Users/ravipal/Desktop/Workspace/airflow_tutorial/py_env/lib/python3.12/site-packages/airflow/example_dags/example_task_group.py
[2024-09-01T00:56:46.955+0530] {processor.py:925} INFO - DAG(s) 'example_task_group' retrieved from /Users/ravipal/Desktop/Workspace/airflow_tutorial/py_env/lib/python3.12/site-packages/airflow/example_dags/example_task_group.py
[2024-09-01T00:56:46.990+0530] {logging_mixin.py:190} INFO - [2024-09-01T00:56:46.990+0530] {dag.py:3211} INFO - Sync 1 DAGs
[2024-09-01T00:56:46.996+0530] {logging_mixin.py:190} INFO - [2024-09-01T00:56:46.996+0530] {dag.py:4138} INFO - Setting next_dagrun for example_task_group to 2024-08-30 00:00:00+00:00, run_after=2024-08-31 00:00:00+00:00
[2024-09-01T00:56:47.002+0530] {processor.py:208} INFO - Processing /Users/ravipal/Desktop/Workspace/airflow_tutorial/py_env/lib/python3.12/site-packages/airflow/example_dags/example_task_group.py took 0.054 seconds
[2024-09-01T00:57:55.042+0530] {processor.py:186} INFO - Started process (PID=3737) to work on /Users/ravipal/Desktop/Workspace/airflow_tutorial/py_env/lib/python3.12/site-packages/airflow/example_dags/example_task_group.py
[2024-09-01T00:57:55.042+0530] {processor.py:914} INFO - Processing file /Users/ravipal/Desktop/Workspace/airflow_tutorial/py_env/lib/python3.12/site-packages/airflow/example_dags/example_task_group.py for tasks to queue
[2024-09-01T00:57:55.043+0530] {logging_mixin.py:190} INFO - [2024-09-01T00:57:55.043+0530] {dagbag.py:587} INFO - Filling up the DagBag from /Users/ravipal/Desktop/Workspace/airflow_tutorial/py_env/lib/python3.12/site-packages/airflow/example_dags/example_task_group.py
[2024-09-01T00:57:55.047+0530] {processor.py:925} INFO - DAG(s) 'example_task_group' retrieved from /Users/ravipal/Desktop/Workspace/airflow_tutorial/py_env/lib/python3.12/site-packages/airflow/example_dags/example_task_group.py
[2024-09-01T00:57:55.082+0530] {logging_mixin.py:190} INFO - [2024-09-01T00:57:55.082+0530] {dag.py:3211} INFO - Sync 1 DAGs
[2024-09-01T00:57:55.088+0530] {logging_mixin.py:190} INFO - [2024-09-01T00:57:55.087+0530] {dag.py:4138} INFO - Setting next_dagrun for example_task_group to 2024-08-30 00:00:00+00:00, run_after=2024-08-31 00:00:00+00:00
[2024-09-01T00:57:55.094+0530] {processor.py:208} INFO - Processing /Users/ravipal/Desktop/Workspace/airflow_tutorial/py_env/lib/python3.12/site-packages/airflow/example_dags/example_task_group.py took 0.054 seconds
[2024-09-01T00:58:58.529+0530] {processor.py:186} INFO - Started process (PID=3803) to work on /Users/ravipal/Desktop/Workspace/airflow_tutorial/py_env/lib/python3.12/site-packages/airflow/example_dags/example_task_group.py
[2024-09-01T00:58:58.530+0530] {processor.py:914} INFO - Processing file /Users/ravipal/Desktop/Workspace/airflow_tutorial/py_env/lib/python3.12/site-packages/airflow/example_dags/example_task_group.py for tasks to queue
[2024-09-01T00:58:58.530+0530] {logging_mixin.py:190} INFO - [2024-09-01T00:58:58.530+0530] {dagbag.py:587} INFO - Filling up the DagBag from /Users/ravipal/Desktop/Workspace/airflow_tutorial/py_env/lib/python3.12/site-packages/airflow/example_dags/example_task_group.py
[2024-09-01T00:58:58.534+0530] {processor.py:925} INFO - DAG(s) 'example_task_group' retrieved from /Users/ravipal/Desktop/Workspace/airflow_tutorial/py_env/lib/python3.12/site-packages/airflow/example_dags/example_task_group.py
[2024-09-01T00:58:58.569+0530] {logging_mixin.py:190} INFO - [2024-09-01T00:58:58.569+0530] {dag.py:3211} INFO - Sync 1 DAGs
[2024-09-01T00:58:58.575+0530] {logging_mixin.py:190} INFO - [2024-09-01T00:58:58.575+0530] {dag.py:4138} INFO - Setting next_dagrun for example_task_group to 2024-08-30 00:00:00+00:00, run_after=2024-08-31 00:00:00+00:00
[2024-09-01T00:58:58.582+0530] {processor.py:208} INFO - Processing /Users/ravipal/Desktop/Workspace/airflow_tutorial/py_env/lib/python3.12/site-packages/airflow/example_dags/example_task_group.py took 0.054 seconds
[2024-09-01T01:00:05.438+0530] {processor.py:186} INFO - Started process (PID=3869) to work on /Users/ravipal/Desktop/Workspace/airflow_tutorial/py_env/lib/python3.12/site-packages/airflow/example_dags/example_task_group.py
[2024-09-01T01:00:05.438+0530] {processor.py:914} INFO - Processing file /Users/ravipal/Desktop/Workspace/airflow_tutorial/py_env/lib/python3.12/site-packages/airflow/example_dags/example_task_group.py for tasks to queue
[2024-09-01T01:00:05.439+0530] {logging_mixin.py:190} INFO - [2024-09-01T01:00:05.439+0530] {dagbag.py:587} INFO - Filling up the DagBag from /Users/ravipal/Desktop/Workspace/airflow_tutorial/py_env/lib/python3.12/site-packages/airflow/example_dags/example_task_group.py
[2024-09-01T01:00:05.443+0530] {processor.py:925} INFO - DAG(s) 'example_task_group' retrieved from /Users/ravipal/Desktop/Workspace/airflow_tutorial/py_env/lib/python3.12/site-packages/airflow/example_dags/example_task_group.py
[2024-09-01T01:00:05.478+0530] {logging_mixin.py:190} INFO - [2024-09-01T01:00:05.478+0530] {dag.py:3211} INFO - Sync 1 DAGs
[2024-09-01T01:00:05.484+0530] {logging_mixin.py:190} INFO - [2024-09-01T01:00:05.484+0530] {dag.py:4138} INFO - Setting next_dagrun for example_task_group to 2024-08-30 00:00:00+00:00, run_after=2024-08-31 00:00:00+00:00
[2024-09-01T01:00:05.491+0530] {processor.py:208} INFO - Processing /Users/ravipal/Desktop/Workspace/airflow_tutorial/py_env/lib/python3.12/site-packages/airflow/example_dags/example_task_group.py took 0.055 seconds
[2024-09-01T01:01:08.554+0530] {processor.py:186} INFO - Started process (PID=3933) to work on /Users/ravipal/Desktop/Workspace/airflow_tutorial/py_env/lib/python3.12/site-packages/airflow/example_dags/example_task_group.py
[2024-09-01T01:01:08.554+0530] {processor.py:914} INFO - Processing file /Users/ravipal/Desktop/Workspace/airflow_tutorial/py_env/lib/python3.12/site-packages/airflow/example_dags/example_task_group.py for tasks to queue
[2024-09-01T01:01:08.555+0530] {logging_mixin.py:190} INFO - [2024-09-01T01:01:08.555+0530] {dagbag.py:587} INFO - Filling up the DagBag from /Users/ravipal/Desktop/Workspace/airflow_tutorial/py_env/lib/python3.12/site-packages/airflow/example_dags/example_task_group.py
[2024-09-01T01:01:08.558+0530] {processor.py:925} INFO - DAG(s) 'example_task_group' retrieved from /Users/ravipal/Desktop/Workspace/airflow_tutorial/py_env/lib/python3.12/site-packages/airflow/example_dags/example_task_group.py
[2024-09-01T01:01:08.594+0530] {logging_mixin.py:190} INFO - [2024-09-01T01:01:08.594+0530] {dag.py:3211} INFO - Sync 1 DAGs
[2024-09-01T01:01:08.600+0530] {logging_mixin.py:190} INFO - [2024-09-01T01:01:08.599+0530] {dag.py:4138} INFO - Setting next_dagrun for example_task_group to 2024-08-30 00:00:00+00:00, run_after=2024-08-31 00:00:00+00:00
[2024-09-01T01:01:08.606+0530] {processor.py:208} INFO - Processing /Users/ravipal/Desktop/Workspace/airflow_tutorial/py_env/lib/python3.12/site-packages/airflow/example_dags/example_task_group.py took 0.054 seconds
[2024-09-01T01:02:13.266+0530] {processor.py:186} INFO - Started process (PID=3998) to work on /Users/ravipal/Desktop/Workspace/airflow_tutorial/py_env/lib/python3.12/site-packages/airflow/example_dags/example_task_group.py
[2024-09-01T01:02:13.267+0530] {processor.py:914} INFO - Processing file /Users/ravipal/Desktop/Workspace/airflow_tutorial/py_env/lib/python3.12/site-packages/airflow/example_dags/example_task_group.py for tasks to queue
[2024-09-01T01:02:13.267+0530] {logging_mixin.py:190} INFO - [2024-09-01T01:02:13.267+0530] {dagbag.py:587} INFO - Filling up the DagBag from /Users/ravipal/Desktop/Workspace/airflow_tutorial/py_env/lib/python3.12/site-packages/airflow/example_dags/example_task_group.py
[2024-09-01T01:02:13.271+0530] {processor.py:925} INFO - DAG(s) 'example_task_group' retrieved from /Users/ravipal/Desktop/Workspace/airflow_tutorial/py_env/lib/python3.12/site-packages/airflow/example_dags/example_task_group.py
[2024-09-01T01:02:13.307+0530] {logging_mixin.py:190} INFO - [2024-09-01T01:02:13.307+0530] {dag.py:3211} INFO - Sync 1 DAGs
[2024-09-01T01:02:13.313+0530] {logging_mixin.py:190} INFO - [2024-09-01T01:02:13.313+0530] {dag.py:4138} INFO - Setting next_dagrun for example_task_group to 2024-08-30 00:00:00+00:00, run_after=2024-08-31 00:00:00+00:00
[2024-09-01T01:02:13.320+0530] {processor.py:208} INFO - Processing /Users/ravipal/Desktop/Workspace/airflow_tutorial/py_env/lib/python3.12/site-packages/airflow/example_dags/example_task_group.py took 0.056 seconds
[2024-09-01T01:03:14.659+0530] {processor.py:186} INFO - Started process (PID=4066) to work on /Users/ravipal/Desktop/Workspace/airflow_tutorial/py_env/lib/python3.12/site-packages/airflow/example_dags/example_task_group.py
[2024-09-01T01:03:14.659+0530] {processor.py:914} INFO - Processing file /Users/ravipal/Desktop/Workspace/airflow_tutorial/py_env/lib/python3.12/site-packages/airflow/example_dags/example_task_group.py for tasks to queue
[2024-09-01T01:03:14.660+0530] {logging_mixin.py:190} INFO - [2024-09-01T01:03:14.660+0530] {dagbag.py:587} INFO - Filling up the DagBag from /Users/ravipal/Desktop/Workspace/airflow_tutorial/py_env/lib/python3.12/site-packages/airflow/example_dags/example_task_group.py
[2024-09-01T01:03:14.664+0530] {processor.py:925} INFO - DAG(s) 'example_task_group' retrieved from /Users/ravipal/Desktop/Workspace/airflow_tutorial/py_env/lib/python3.12/site-packages/airflow/example_dags/example_task_group.py
[2024-09-01T01:03:14.699+0530] {logging_mixin.py:190} INFO - [2024-09-01T01:03:14.699+0530] {dag.py:3211} INFO - Sync 1 DAGs
[2024-09-01T01:03:14.705+0530] {logging_mixin.py:190} INFO - [2024-09-01T01:03:14.705+0530] {dag.py:4138} INFO - Setting next_dagrun for example_task_group to 2024-08-30 00:00:00+00:00, run_after=2024-08-31 00:00:00+00:00
[2024-09-01T01:03:14.712+0530] {processor.py:208} INFO - Processing /Users/ravipal/Desktop/Workspace/airflow_tutorial/py_env/lib/python3.12/site-packages/airflow/example_dags/example_task_group.py took 0.055 seconds
[2024-09-01T01:04:20.002+0530] {processor.py:186} INFO - Started process (PID=4133) to work on /Users/ravipal/Desktop/Workspace/airflow_tutorial/py_env/lib/python3.12/site-packages/airflow/example_dags/example_task_group.py
[2024-09-01T01:04:20.003+0530] {processor.py:914} INFO - Processing file /Users/ravipal/Desktop/Workspace/airflow_tutorial/py_env/lib/python3.12/site-packages/airflow/example_dags/example_task_group.py for tasks to queue
[2024-09-01T01:04:20.003+0530] {logging_mixin.py:190} INFO - [2024-09-01T01:04:20.003+0530] {dagbag.py:587} INFO - Filling up the DagBag from /Users/ravipal/Desktop/Workspace/airflow_tutorial/py_env/lib/python3.12/site-packages/airflow/example_dags/example_task_group.py
[2024-09-01T01:04:20.007+0530] {processor.py:925} INFO - DAG(s) 'example_task_group' retrieved from /Users/ravipal/Desktop/Workspace/airflow_tutorial/py_env/lib/python3.12/site-packages/airflow/example_dags/example_task_group.py
[2024-09-01T01:04:20.041+0530] {logging_mixin.py:190} INFO - [2024-09-01T01:04:20.041+0530] {dag.py:3211} INFO - Sync 1 DAGs
[2024-09-01T01:04:20.047+0530] {logging_mixin.py:190} INFO - [2024-09-01T01:04:20.047+0530] {dag.py:4138} INFO - Setting next_dagrun for example_task_group to 2024-08-30 00:00:00+00:00, run_after=2024-08-31 00:00:00+00:00
[2024-09-01T01:04:20.053+0530] {processor.py:208} INFO - Processing /Users/ravipal/Desktop/Workspace/airflow_tutorial/py_env/lib/python3.12/site-packages/airflow/example_dags/example_task_group.py took 0.053 seconds
[2024-09-01T01:05:23.173+0530] {processor.py:186} INFO - Started process (PID=4217) to work on /Users/ravipal/Desktop/Workspace/airflow_tutorial/py_env/lib/python3.12/site-packages/airflow/example_dags/example_task_group.py
[2024-09-01T01:05:23.174+0530] {processor.py:914} INFO - Processing file /Users/ravipal/Desktop/Workspace/airflow_tutorial/py_env/lib/python3.12/site-packages/airflow/example_dags/example_task_group.py for tasks to queue
[2024-09-01T01:05:23.174+0530] {logging_mixin.py:190} INFO - [2024-09-01T01:05:23.174+0530] {dagbag.py:587} INFO - Filling up the DagBag from /Users/ravipal/Desktop/Workspace/airflow_tutorial/py_env/lib/python3.12/site-packages/airflow/example_dags/example_task_group.py
[2024-09-01T01:05:23.178+0530] {processor.py:925} INFO - DAG(s) 'example_task_group' retrieved from /Users/ravipal/Desktop/Workspace/airflow_tutorial/py_env/lib/python3.12/site-packages/airflow/example_dags/example_task_group.py
[2024-09-01T01:05:23.215+0530] {logging_mixin.py:190} INFO - [2024-09-01T01:05:23.215+0530] {dag.py:3211} INFO - Sync 1 DAGs
[2024-09-01T01:05:23.221+0530] {logging_mixin.py:190} INFO - [2024-09-01T01:05:23.221+0530] {dag.py:4138} INFO - Setting next_dagrun for example_task_group to 2024-08-30 00:00:00+00:00, run_after=2024-08-31 00:00:00+00:00
[2024-09-01T01:05:23.227+0530] {processor.py:208} INFO - Processing /Users/ravipal/Desktop/Workspace/airflow_tutorial/py_env/lib/python3.12/site-packages/airflow/example_dags/example_task_group.py took 0.056 seconds
[2024-09-01T01:06:27.630+0530] {processor.py:186} INFO - Started process (PID=4289) to work on /Users/ravipal/Desktop/Workspace/airflow_tutorial/py_env/lib/python3.12/site-packages/airflow/example_dags/example_task_group.py
[2024-09-01T01:06:27.631+0530] {processor.py:914} INFO - Processing file /Users/ravipal/Desktop/Workspace/airflow_tutorial/py_env/lib/python3.12/site-packages/airflow/example_dags/example_task_group.py for tasks to queue
[2024-09-01T01:06:27.631+0530] {logging_mixin.py:190} INFO - [2024-09-01T01:06:27.631+0530] {dagbag.py:587} INFO - Filling up the DagBag from /Users/ravipal/Desktop/Workspace/airflow_tutorial/py_env/lib/python3.12/site-packages/airflow/example_dags/example_task_group.py
[2024-09-01T01:06:27.635+0530] {processor.py:925} INFO - DAG(s) 'example_task_group' retrieved from /Users/ravipal/Desktop/Workspace/airflow_tutorial/py_env/lib/python3.12/site-packages/airflow/example_dags/example_task_group.py
[2024-09-01T01:06:27.670+0530] {logging_mixin.py:190} INFO - [2024-09-01T01:06:27.670+0530] {dag.py:3211} INFO - Sync 1 DAGs
[2024-09-01T01:06:27.676+0530] {logging_mixin.py:190} INFO - [2024-09-01T01:06:27.676+0530] {dag.py:4138} INFO - Setting next_dagrun for example_task_group to 2024-08-30 00:00:00+00:00, run_after=2024-08-31 00:00:00+00:00
[2024-09-01T01:06:27.682+0530] {processor.py:208} INFO - Processing /Users/ravipal/Desktop/Workspace/airflow_tutorial/py_env/lib/python3.12/site-packages/airflow/example_dags/example_task_group.py took 0.054 seconds
[2024-09-01T01:07:33.869+0530] {processor.py:186} INFO - Started process (PID=4356) to work on /Users/ravipal/Desktop/Workspace/airflow_tutorial/py_env/lib/python3.12/site-packages/airflow/example_dags/example_task_group.py
[2024-09-01T01:07:33.870+0530] {processor.py:914} INFO - Processing file /Users/ravipal/Desktop/Workspace/airflow_tutorial/py_env/lib/python3.12/site-packages/airflow/example_dags/example_task_group.py for tasks to queue
[2024-09-01T01:07:33.870+0530] {logging_mixin.py:190} INFO - [2024-09-01T01:07:33.870+0530] {dagbag.py:587} INFO - Filling up the DagBag from /Users/ravipal/Desktop/Workspace/airflow_tutorial/py_env/lib/python3.12/site-packages/airflow/example_dags/example_task_group.py
[2024-09-01T01:07:33.874+0530] {processor.py:925} INFO - DAG(s) 'example_task_group' retrieved from /Users/ravipal/Desktop/Workspace/airflow_tutorial/py_env/lib/python3.12/site-packages/airflow/example_dags/example_task_group.py
[2024-09-01T01:07:33.910+0530] {logging_mixin.py:190} INFO - [2024-09-01T01:07:33.910+0530] {dag.py:3211} INFO - Sync 1 DAGs
[2024-09-01T01:07:33.915+0530] {logging_mixin.py:190} INFO - [2024-09-01T01:07:33.915+0530] {dag.py:4138} INFO - Setting next_dagrun for example_task_group to 2024-08-30 00:00:00+00:00, run_after=2024-08-31 00:00:00+00:00
[2024-09-01T01:07:33.922+0530] {processor.py:208} INFO - Processing /Users/ravipal/Desktop/Workspace/airflow_tutorial/py_env/lib/python3.12/site-packages/airflow/example_dags/example_task_group.py took 0.055 seconds
[2024-09-01T01:08:38.770+0530] {processor.py:186} INFO - Started process (PID=4422) to work on /Users/ravipal/Desktop/Workspace/airflow_tutorial/py_env/lib/python3.12/site-packages/airflow/example_dags/example_task_group.py
[2024-09-01T01:08:38.771+0530] {processor.py:914} INFO - Processing file /Users/ravipal/Desktop/Workspace/airflow_tutorial/py_env/lib/python3.12/site-packages/airflow/example_dags/example_task_group.py for tasks to queue
[2024-09-01T01:08:38.771+0530] {logging_mixin.py:190} INFO - [2024-09-01T01:08:38.771+0530] {dagbag.py:587} INFO - Filling up the DagBag from /Users/ravipal/Desktop/Workspace/airflow_tutorial/py_env/lib/python3.12/site-packages/airflow/example_dags/example_task_group.py
[2024-09-01T01:08:38.775+0530] {processor.py:925} INFO - DAG(s) 'example_task_group' retrieved from /Users/ravipal/Desktop/Workspace/airflow_tutorial/py_env/lib/python3.12/site-packages/airflow/example_dags/example_task_group.py
[2024-09-01T01:08:38.810+0530] {logging_mixin.py:190} INFO - [2024-09-01T01:08:38.810+0530] {dag.py:3211} INFO - Sync 1 DAGs
[2024-09-01T01:08:38.816+0530] {logging_mixin.py:190} INFO - [2024-09-01T01:08:38.816+0530] {dag.py:4138} INFO - Setting next_dagrun for example_task_group to 2024-08-30 00:00:00+00:00, run_after=2024-08-31 00:00:00+00:00
[2024-09-01T01:08:38.822+0530] {processor.py:208} INFO - Processing /Users/ravipal/Desktop/Workspace/airflow_tutorial/py_env/lib/python3.12/site-packages/airflow/example_dags/example_task_group.py took 0.054 seconds
[2024-09-01T01:09:44.089+0530] {processor.py:186} INFO - Started process (PID=4487) to work on /Users/ravipal/Desktop/Workspace/airflow_tutorial/py_env/lib/python3.12/site-packages/airflow/example_dags/example_task_group.py
[2024-09-01T01:09:44.089+0530] {processor.py:914} INFO - Processing file /Users/ravipal/Desktop/Workspace/airflow_tutorial/py_env/lib/python3.12/site-packages/airflow/example_dags/example_task_group.py for tasks to queue
[2024-09-01T01:09:44.089+0530] {logging_mixin.py:190} INFO - [2024-09-01T01:09:44.089+0530] {dagbag.py:587} INFO - Filling up the DagBag from /Users/ravipal/Desktop/Workspace/airflow_tutorial/py_env/lib/python3.12/site-packages/airflow/example_dags/example_task_group.py
[2024-09-01T01:09:44.093+0530] {processor.py:925} INFO - DAG(s) 'example_task_group' retrieved from /Users/ravipal/Desktop/Workspace/airflow_tutorial/py_env/lib/python3.12/site-packages/airflow/example_dags/example_task_group.py
[2024-09-01T01:09:44.129+0530] {logging_mixin.py:190} INFO - [2024-09-01T01:09:44.128+0530] {dag.py:3211} INFO - Sync 1 DAGs
[2024-09-01T01:09:44.134+0530] {logging_mixin.py:190} INFO - [2024-09-01T01:09:44.134+0530] {dag.py:4138} INFO - Setting next_dagrun for example_task_group to 2024-08-30 00:00:00+00:00, run_after=2024-08-31 00:00:00+00:00
[2024-09-01T01:09:44.141+0530] {processor.py:208} INFO - Processing /Users/ravipal/Desktop/Workspace/airflow_tutorial/py_env/lib/python3.12/site-packages/airflow/example_dags/example_task_group.py took 0.055 seconds
[2024-09-01T01:10:44.981+0530] {processor.py:186} INFO - Started process (PID=4549) to work on /Users/ravipal/Desktop/Workspace/airflow_tutorial/py_env/lib/python3.12/site-packages/airflow/example_dags/example_task_group.py
[2024-09-01T01:10:44.981+0530] {processor.py:914} INFO - Processing file /Users/ravipal/Desktop/Workspace/airflow_tutorial/py_env/lib/python3.12/site-packages/airflow/example_dags/example_task_group.py for tasks to queue
[2024-09-01T01:10:44.982+0530] {logging_mixin.py:190} INFO - [2024-09-01T01:10:44.982+0530] {dagbag.py:587} INFO - Filling up the DagBag from /Users/ravipal/Desktop/Workspace/airflow_tutorial/py_env/lib/python3.12/site-packages/airflow/example_dags/example_task_group.py
[2024-09-01T01:10:44.986+0530] {processor.py:925} INFO - DAG(s) 'example_task_group' retrieved from /Users/ravipal/Desktop/Workspace/airflow_tutorial/py_env/lib/python3.12/site-packages/airflow/example_dags/example_task_group.py
[2024-09-01T01:10:45.021+0530] {logging_mixin.py:190} INFO - [2024-09-01T01:10:45.021+0530] {dag.py:3211} INFO - Sync 1 DAGs
[2024-09-01T01:10:45.027+0530] {logging_mixin.py:190} INFO - [2024-09-01T01:10:45.027+0530] {dag.py:4138} INFO - Setting next_dagrun for example_task_group to 2024-08-30 00:00:00+00:00, run_after=2024-08-31 00:00:00+00:00
[2024-09-01T01:10:45.033+0530] {processor.py:208} INFO - Processing /Users/ravipal/Desktop/Workspace/airflow_tutorial/py_env/lib/python3.12/site-packages/airflow/example_dags/example_task_group.py took 0.054 seconds
[2024-09-01T01:11:48.838+0530] {processor.py:186} INFO - Started process (PID=4613) to work on /Users/ravipal/Desktop/Workspace/airflow_tutorial/py_env/lib/python3.12/site-packages/airflow/example_dags/example_task_group.py
[2024-09-01T01:11:48.839+0530] {processor.py:914} INFO - Processing file /Users/ravipal/Desktop/Workspace/airflow_tutorial/py_env/lib/python3.12/site-packages/airflow/example_dags/example_task_group.py for tasks to queue
[2024-09-01T01:11:48.839+0530] {logging_mixin.py:190} INFO - [2024-09-01T01:11:48.839+0530] {dagbag.py:587} INFO - Filling up the DagBag from /Users/ravipal/Desktop/Workspace/airflow_tutorial/py_env/lib/python3.12/site-packages/airflow/example_dags/example_task_group.py
[2024-09-01T01:11:48.843+0530] {processor.py:925} INFO - DAG(s) 'example_task_group' retrieved from /Users/ravipal/Desktop/Workspace/airflow_tutorial/py_env/lib/python3.12/site-packages/airflow/example_dags/example_task_group.py
[2024-09-01T01:11:48.878+0530] {logging_mixin.py:190} INFO - [2024-09-01T01:11:48.878+0530] {dag.py:3211} INFO - Sync 1 DAGs
[2024-09-01T01:11:48.884+0530] {logging_mixin.py:190} INFO - [2024-09-01T01:11:48.884+0530] {dag.py:4138} INFO - Setting next_dagrun for example_task_group to 2024-08-30 00:00:00+00:00, run_after=2024-08-31 00:00:00+00:00
[2024-09-01T01:11:48.891+0530] {processor.py:208} INFO - Processing /Users/ravipal/Desktop/Workspace/airflow_tutorial/py_env/lib/python3.12/site-packages/airflow/example_dags/example_task_group.py took 0.055 seconds
[2024-09-01T01:12:51.578+0530] {processor.py:186} INFO - Started process (PID=4677) to work on /Users/ravipal/Desktop/Workspace/airflow_tutorial/py_env/lib/python3.12/site-packages/airflow/example_dags/example_task_group.py
[2024-09-01T01:12:51.579+0530] {processor.py:914} INFO - Processing file /Users/ravipal/Desktop/Workspace/airflow_tutorial/py_env/lib/python3.12/site-packages/airflow/example_dags/example_task_group.py for tasks to queue
[2024-09-01T01:12:51.579+0530] {logging_mixin.py:190} INFO - [2024-09-01T01:12:51.579+0530] {dagbag.py:587} INFO - Filling up the DagBag from /Users/ravipal/Desktop/Workspace/airflow_tutorial/py_env/lib/python3.12/site-packages/airflow/example_dags/example_task_group.py
[2024-09-01T01:12:51.583+0530] {processor.py:925} INFO - DAG(s) 'example_task_group' retrieved from /Users/ravipal/Desktop/Workspace/airflow_tutorial/py_env/lib/python3.12/site-packages/airflow/example_dags/example_task_group.py
[2024-09-01T01:12:51.618+0530] {logging_mixin.py:190} INFO - [2024-09-01T01:12:51.618+0530] {dag.py:3211} INFO - Sync 1 DAGs
[2024-09-01T01:12:51.624+0530] {logging_mixin.py:190} INFO - [2024-09-01T01:12:51.624+0530] {dag.py:4138} INFO - Setting next_dagrun for example_task_group to 2024-08-30 00:00:00+00:00, run_after=2024-08-31 00:00:00+00:00
[2024-09-01T01:12:51.630+0530] {processor.py:208} INFO - Processing /Users/ravipal/Desktop/Workspace/airflow_tutorial/py_env/lib/python3.12/site-packages/airflow/example_dags/example_task_group.py took 0.054 seconds
[2024-09-01T01:13:56.302+0530] {processor.py:186} INFO - Started process (PID=4740) to work on /Users/ravipal/Desktop/Workspace/airflow_tutorial/py_env/lib/python3.12/site-packages/airflow/example_dags/example_task_group.py
[2024-09-01T01:13:56.302+0530] {processor.py:914} INFO - Processing file /Users/ravipal/Desktop/Workspace/airflow_tutorial/py_env/lib/python3.12/site-packages/airflow/example_dags/example_task_group.py for tasks to queue
[2024-09-01T01:13:56.302+0530] {logging_mixin.py:190} INFO - [2024-09-01T01:13:56.302+0530] {dagbag.py:587} INFO - Filling up the DagBag from /Users/ravipal/Desktop/Workspace/airflow_tutorial/py_env/lib/python3.12/site-packages/airflow/example_dags/example_task_group.py
[2024-09-01T01:13:56.306+0530] {processor.py:925} INFO - DAG(s) 'example_task_group' retrieved from /Users/ravipal/Desktop/Workspace/airflow_tutorial/py_env/lib/python3.12/site-packages/airflow/example_dags/example_task_group.py
[2024-09-01T01:13:56.342+0530] {logging_mixin.py:190} INFO - [2024-09-01T01:13:56.342+0530] {dag.py:3211} INFO - Sync 1 DAGs
[2024-09-01T01:13:56.348+0530] {logging_mixin.py:190} INFO - [2024-09-01T01:13:56.348+0530] {dag.py:4138} INFO - Setting next_dagrun for example_task_group to 2024-08-30 00:00:00+00:00, run_after=2024-08-31 00:00:00+00:00
[2024-09-01T01:13:56.354+0530] {processor.py:208} INFO - Processing /Users/ravipal/Desktop/Workspace/airflow_tutorial/py_env/lib/python3.12/site-packages/airflow/example_dags/example_task_group.py took 0.055 seconds
[2024-09-01T01:15:02.671+0530] {processor.py:186} INFO - Started process (PID=4807) to work on /Users/ravipal/Desktop/Workspace/airflow_tutorial/py_env/lib/python3.12/site-packages/airflow/example_dags/example_task_group.py
[2024-09-01T01:15:02.671+0530] {processor.py:914} INFO - Processing file /Users/ravipal/Desktop/Workspace/airflow_tutorial/py_env/lib/python3.12/site-packages/airflow/example_dags/example_task_group.py for tasks to queue
[2024-09-01T01:15:02.671+0530] {logging_mixin.py:190} INFO - [2024-09-01T01:15:02.671+0530] {dagbag.py:587} INFO - Filling up the DagBag from /Users/ravipal/Desktop/Workspace/airflow_tutorial/py_env/lib/python3.12/site-packages/airflow/example_dags/example_task_group.py
[2024-09-01T01:15:02.675+0530] {processor.py:925} INFO - DAG(s) 'example_task_group' retrieved from /Users/ravipal/Desktop/Workspace/airflow_tutorial/py_env/lib/python3.12/site-packages/airflow/example_dags/example_task_group.py
[2024-09-01T01:15:02.712+0530] {logging_mixin.py:190} INFO - [2024-09-01T01:15:02.712+0530] {dag.py:3211} INFO - Sync 1 DAGs
[2024-09-01T01:15:02.719+0530] {logging_mixin.py:190} INFO - [2024-09-01T01:15:02.719+0530] {dag.py:4138} INFO - Setting next_dagrun for example_task_group to 2024-08-30 00:00:00+00:00, run_after=2024-08-31 00:00:00+00:00
[2024-09-01T01:15:02.726+0530] {processor.py:208} INFO - Processing /Users/ravipal/Desktop/Workspace/airflow_tutorial/py_env/lib/python3.12/site-packages/airflow/example_dags/example_task_group.py took 0.058 seconds
[2024-09-01T01:16:08.472+0530] {processor.py:186} INFO - Started process (PID=4874) to work on /Users/ravipal/Desktop/Workspace/airflow_tutorial/py_env/lib/python3.12/site-packages/airflow/example_dags/example_task_group.py
[2024-09-01T01:16:08.473+0530] {processor.py:914} INFO - Processing file /Users/ravipal/Desktop/Workspace/airflow_tutorial/py_env/lib/python3.12/site-packages/airflow/example_dags/example_task_group.py for tasks to queue
[2024-09-01T01:16:08.473+0530] {logging_mixin.py:190} INFO - [2024-09-01T01:16:08.473+0530] {dagbag.py:587} INFO - Filling up the DagBag from /Users/ravipal/Desktop/Workspace/airflow_tutorial/py_env/lib/python3.12/site-packages/airflow/example_dags/example_task_group.py
[2024-09-01T01:16:08.477+0530] {processor.py:925} INFO - DAG(s) 'example_task_group' retrieved from /Users/ravipal/Desktop/Workspace/airflow_tutorial/py_env/lib/python3.12/site-packages/airflow/example_dags/example_task_group.py
[2024-09-01T01:16:08.513+0530] {logging_mixin.py:190} INFO - [2024-09-01T01:16:08.513+0530] {dag.py:3211} INFO - Sync 1 DAGs
[2024-09-01T01:16:08.519+0530] {logging_mixin.py:190} INFO - [2024-09-01T01:16:08.519+0530] {dag.py:4138} INFO - Setting next_dagrun for example_task_group to 2024-08-30 00:00:00+00:00, run_after=2024-08-31 00:00:00+00:00
[2024-09-01T01:16:08.525+0530] {processor.py:208} INFO - Processing /Users/ravipal/Desktop/Workspace/airflow_tutorial/py_env/lib/python3.12/site-packages/airflow/example_dags/example_task_group.py took 0.055 seconds
[2024-09-01T01:17:13.265+0530] {processor.py:186} INFO - Started process (PID=4937) to work on /Users/ravipal/Desktop/Workspace/airflow_tutorial/py_env/lib/python3.12/site-packages/airflow/example_dags/example_task_group.py
[2024-09-01T01:17:13.266+0530] {processor.py:914} INFO - Processing file /Users/ravipal/Desktop/Workspace/airflow_tutorial/py_env/lib/python3.12/site-packages/airflow/example_dags/example_task_group.py for tasks to queue
[2024-09-01T01:17:13.266+0530] {logging_mixin.py:190} INFO - [2024-09-01T01:17:13.266+0530] {dagbag.py:587} INFO - Filling up the DagBag from /Users/ravipal/Desktop/Workspace/airflow_tutorial/py_env/lib/python3.12/site-packages/airflow/example_dags/example_task_group.py
[2024-09-01T01:17:13.270+0530] {processor.py:925} INFO - DAG(s) 'example_task_group' retrieved from /Users/ravipal/Desktop/Workspace/airflow_tutorial/py_env/lib/python3.12/site-packages/airflow/example_dags/example_task_group.py
[2024-09-01T01:17:13.306+0530] {logging_mixin.py:190} INFO - [2024-09-01T01:17:13.306+0530] {dag.py:3211} INFO - Sync 1 DAGs
[2024-09-01T01:17:13.312+0530] {logging_mixin.py:190} INFO - [2024-09-01T01:17:13.312+0530] {dag.py:4138} INFO - Setting next_dagrun for example_task_group to 2024-08-30 00:00:00+00:00, run_after=2024-08-31 00:00:00+00:00
[2024-09-01T01:17:13.318+0530] {processor.py:208} INFO - Processing /Users/ravipal/Desktop/Workspace/airflow_tutorial/py_env/lib/python3.12/site-packages/airflow/example_dags/example_task_group.py took 0.055 seconds
[2024-09-01T01:18:18.506+0530] {processor.py:186} INFO - Started process (PID=5003) to work on /Users/ravipal/Desktop/Workspace/airflow_tutorial/py_env/lib/python3.12/site-packages/airflow/example_dags/example_task_group.py
[2024-09-01T01:18:18.506+0530] {processor.py:914} INFO - Processing file /Users/ravipal/Desktop/Workspace/airflow_tutorial/py_env/lib/python3.12/site-packages/airflow/example_dags/example_task_group.py for tasks to queue
[2024-09-01T01:18:18.506+0530] {logging_mixin.py:190} INFO - [2024-09-01T01:18:18.506+0530] {dagbag.py:587} INFO - Filling up the DagBag from /Users/ravipal/Desktop/Workspace/airflow_tutorial/py_env/lib/python3.12/site-packages/airflow/example_dags/example_task_group.py
[2024-09-01T01:18:18.510+0530] {processor.py:925} INFO - DAG(s) 'example_task_group' retrieved from /Users/ravipal/Desktop/Workspace/airflow_tutorial/py_env/lib/python3.12/site-packages/airflow/example_dags/example_task_group.py
[2024-09-01T01:18:18.546+0530] {logging_mixin.py:190} INFO - [2024-09-01T01:18:18.546+0530] {dag.py:3211} INFO - Sync 1 DAGs
[2024-09-01T01:18:18.552+0530] {logging_mixin.py:190} INFO - [2024-09-01T01:18:18.552+0530] {dag.py:4138} INFO - Setting next_dagrun for example_task_group to 2024-08-30 00:00:00+00:00, run_after=2024-08-31 00:00:00+00:00
[2024-09-01T01:18:18.558+0530] {processor.py:208} INFO - Processing /Users/ravipal/Desktop/Workspace/airflow_tutorial/py_env/lib/python3.12/site-packages/airflow/example_dags/example_task_group.py took 0.055 seconds
