[2024-09-01T00:23:44.866+0530] {processor.py:186} INFO - Started process (PID=1470) to work on /Users/ravipal/Desktop/Workspace/airflow_tutorial/py_env/lib/python3.12/site-packages/airflow/example_dags/example_inlet_event_extra.py
[2024-09-01T00:23:44.867+0530] {processor.py:914} INFO - Processing file /Users/ravipal/Desktop/Workspace/airflow_tutorial/py_env/lib/python3.12/site-packages/airflow/example_dags/example_inlet_event_extra.py for tasks to queue
[2024-09-01T00:23:44.867+0530] {logging_mixin.py:190} INFO - [2024-09-01T00:23:44.867+0530] {dagbag.py:587} INFO - Filling up the DagBag from /Users/ravipal/Desktop/Workspace/airflow_tutorial/py_env/lib/python3.12/site-packages/airflow/example_dags/example_inlet_event_extra.py
[2024-09-01T00:23:44.896+0530] {processor.py:925} INFO - DAG(s) 'read_dataset_event_from_classic', 'read_dataset_event' retrieved from /Users/ravipal/Desktop/Workspace/airflow_tutorial/py_env/lib/python3.12/site-packages/airflow/example_dags/example_inlet_event_extra.py
[2024-09-01T00:23:44.991+0530] {logging_mixin.py:190} INFO - [2024-09-01T00:23:44.991+0530] {override.py:1858} INFO - Created Permission View: can edit on DAG:read_dataset_event_from_classic
[2024-09-01T00:23:44.995+0530] {logging_mixin.py:190} INFO - [2024-09-01T00:23:44.994+0530] {override.py:1858} INFO - Created Permission View: can read on DAG:read_dataset_event_from_classic
[2024-09-01T00:23:44.996+0530] {logging_mixin.py:190} INFO - [2024-09-01T00:23:44.996+0530] {override.py:1858} INFO - Created Permission View: can delete on DAG:read_dataset_event_from_classic
[2024-09-01T00:23:45.002+0530] {logging_mixin.py:190} INFO - [2024-09-01T00:23:45.001+0530] {override.py:1858} INFO - Created Permission View: can edit on DAG:read_dataset_event
[2024-09-01T00:23:45.004+0530] {logging_mixin.py:190} INFO - [2024-09-01T00:23:45.003+0530] {override.py:1858} INFO - Created Permission View: can read on DAG:read_dataset_event
[2024-09-01T00:23:45.005+0530] {logging_mixin.py:190} INFO - [2024-09-01T00:23:45.005+0530] {override.py:1858} INFO - Created Permission View: can delete on DAG:read_dataset_event
[2024-09-01T00:23:45.005+0530] {logging_mixin.py:190} INFO - [2024-09-01T00:23:45.005+0530] {dag.py:3211} INFO - Sync 2 DAGs
[2024-09-01T00:23:45.009+0530] {logging_mixin.py:190} INFO - [2024-09-01T00:23:45.009+0530] {dag.py:3234} INFO - Creating ORM DAG for read_dataset_event_from_classic
[2024-09-01T00:23:45.010+0530] {logging_mixin.py:190} INFO - [2024-09-01T00:23:45.010+0530] {dag.py:3234} INFO - Creating ORM DAG for read_dataset_event
[2024-09-01T00:23:45.013+0530] {logging_mixin.py:190} INFO - [2024-09-01T00:23:45.013+0530] {dag.py:4138} INFO - Setting next_dagrun for read_dataset_event to 2024-08-30 00:00:00+00:00, run_after=2024-08-31 00:00:00+00:00
[2024-09-01T00:23:45.013+0530] {logging_mixin.py:190} INFO - [2024-09-01T00:23:45.013+0530] {dag.py:4138} INFO - Setting next_dagrun for read_dataset_event_from_classic to 2024-08-30 00:00:00+00:00, run_after=2024-08-31 00:00:00+00:00
[2024-09-01T00:23:45.020+0530] {processor.py:208} INFO - Processing /Users/ravipal/Desktop/Workspace/airflow_tutorial/py_env/lib/python3.12/site-packages/airflow/example_dags/example_inlet_event_extra.py took 0.156 seconds
[2024-09-01T00:25:23.212+0530] {processor.py:186} INFO - Started process (PID=1569) to work on /Users/ravipal/Desktop/Workspace/airflow_tutorial/py_env/lib/python3.12/site-packages/airflow/example_dags/example_inlet_event_extra.py
[2024-09-01T00:25:23.213+0530] {processor.py:914} INFO - Processing file /Users/ravipal/Desktop/Workspace/airflow_tutorial/py_env/lib/python3.12/site-packages/airflow/example_dags/example_inlet_event_extra.py for tasks to queue
[2024-09-01T00:25:23.213+0530] {logging_mixin.py:190} INFO - [2024-09-01T00:25:23.213+0530] {dagbag.py:587} INFO - Filling up the DagBag from /Users/ravipal/Desktop/Workspace/airflow_tutorial/py_env/lib/python3.12/site-packages/airflow/example_dags/example_inlet_event_extra.py
[2024-09-01T00:25:23.240+0530] {processor.py:925} INFO - DAG(s) 'read_dataset_event_from_classic', 'read_dataset_event' retrieved from /Users/ravipal/Desktop/Workspace/airflow_tutorial/py_env/lib/python3.12/site-packages/airflow/example_dags/example_inlet_event_extra.py
[2024-09-01T00:25:23.273+0530] {logging_mixin.py:190} INFO - [2024-09-01T00:25:23.273+0530] {dag.py:3211} INFO - Sync 2 DAGs
[2024-09-01T00:25:23.279+0530] {logging_mixin.py:190} INFO - [2024-09-01T00:25:23.279+0530] {dag.py:4138} INFO - Setting next_dagrun for read_dataset_event to 2024-08-30 00:00:00+00:00, run_after=2024-08-31 00:00:00+00:00
[2024-09-01T00:25:23.281+0530] {logging_mixin.py:190} INFO - [2024-09-01T00:25:23.281+0530] {dag.py:4138} INFO - Setting next_dagrun for read_dataset_event_from_classic to 2024-08-30 00:00:00+00:00, run_after=2024-08-31 00:00:00+00:00
[2024-09-01T00:25:23.287+0530] {processor.py:208} INFO - Processing /Users/ravipal/Desktop/Workspace/airflow_tutorial/py_env/lib/python3.12/site-packages/airflow/example_dags/example_inlet_event_extra.py took 0.076 seconds
[2024-09-01T00:27:38.317+0530] {processor.py:186} INFO - Started process (PID=1886) to work on /Users/ravipal/Desktop/Workspace/airflow_tutorial/py_env/lib/python3.12/site-packages/airflow/example_dags/example_inlet_event_extra.py
[2024-09-01T00:27:38.317+0530] {processor.py:914} INFO - Processing file /Users/ravipal/Desktop/Workspace/airflow_tutorial/py_env/lib/python3.12/site-packages/airflow/example_dags/example_inlet_event_extra.py for tasks to queue
[2024-09-01T00:27:38.317+0530] {logging_mixin.py:190} INFO - [2024-09-01T00:27:38.317+0530] {dagbag.py:587} INFO - Filling up the DagBag from /Users/ravipal/Desktop/Workspace/airflow_tutorial/py_env/lib/python3.12/site-packages/airflow/example_dags/example_inlet_event_extra.py
[2024-09-01T00:27:38.344+0530] {processor.py:925} INFO - DAG(s) 'read_dataset_event', 'read_dataset_event_from_classic' retrieved from /Users/ravipal/Desktop/Workspace/airflow_tutorial/py_env/lib/python3.12/site-packages/airflow/example_dags/example_inlet_event_extra.py
[2024-09-01T00:27:38.378+0530] {logging_mixin.py:190} INFO - [2024-09-01T00:27:38.378+0530] {dag.py:3211} INFO - Sync 2 DAGs
[2024-09-01T00:27:38.385+0530] {logging_mixin.py:190} INFO - [2024-09-01T00:27:38.385+0530] {dag.py:4138} INFO - Setting next_dagrun for read_dataset_event to 2024-08-30 00:00:00+00:00, run_after=2024-08-31 00:00:00+00:00
[2024-09-01T00:27:38.386+0530] {logging_mixin.py:190} INFO - [2024-09-01T00:27:38.386+0530] {dag.py:4138} INFO - Setting next_dagrun for read_dataset_event_from_classic to 2024-08-30 00:00:00+00:00, run_after=2024-08-31 00:00:00+00:00
[2024-09-01T00:27:38.392+0530] {processor.py:208} INFO - Processing /Users/ravipal/Desktop/Workspace/airflow_tutorial/py_env/lib/python3.12/site-packages/airflow/example_dags/example_inlet_event_extra.py took 0.078 seconds
[2024-09-01T00:29:48.552+0530] {processor.py:186} INFO - Started process (PID=2027) to work on /Users/ravipal/Desktop/Workspace/airflow_tutorial/py_env/lib/python3.12/site-packages/airflow/example_dags/example_inlet_event_extra.py
[2024-09-01T00:29:48.553+0530] {processor.py:914} INFO - Processing file /Users/ravipal/Desktop/Workspace/airflow_tutorial/py_env/lib/python3.12/site-packages/airflow/example_dags/example_inlet_event_extra.py for tasks to queue
[2024-09-01T00:29:48.553+0530] {logging_mixin.py:190} INFO - [2024-09-01T00:29:48.553+0530] {dagbag.py:587} INFO - Filling up the DagBag from /Users/ravipal/Desktop/Workspace/airflow_tutorial/py_env/lib/python3.12/site-packages/airflow/example_dags/example_inlet_event_extra.py
[2024-09-01T00:29:48.581+0530] {processor.py:925} INFO - DAG(s) 'read_dataset_event_from_classic', 'read_dataset_event' retrieved from /Users/ravipal/Desktop/Workspace/airflow_tutorial/py_env/lib/python3.12/site-packages/airflow/example_dags/example_inlet_event_extra.py
[2024-09-01T00:29:48.615+0530] {logging_mixin.py:190} INFO - [2024-09-01T00:29:48.615+0530] {dag.py:3211} INFO - Sync 2 DAGs
[2024-09-01T00:29:48.621+0530] {logging_mixin.py:190} INFO - [2024-09-01T00:29:48.621+0530] {dag.py:4138} INFO - Setting next_dagrun for read_dataset_event to 2024-08-30 00:00:00+00:00, run_after=2024-08-31 00:00:00+00:00
[2024-09-01T00:29:48.623+0530] {logging_mixin.py:190} INFO - [2024-09-01T00:29:48.623+0530] {dag.py:4138} INFO - Setting next_dagrun for read_dataset_event_from_classic to 2024-08-30 00:00:00+00:00, run_after=2024-08-31 00:00:00+00:00
[2024-09-01T00:29:48.629+0530] {processor.py:208} INFO - Processing /Users/ravipal/Desktop/Workspace/airflow_tutorial/py_env/lib/python3.12/site-packages/airflow/example_dags/example_inlet_event_extra.py took 0.079 seconds
[2024-09-01T00:32:01.735+0530] {processor.py:186} INFO - Started process (PID=2164) to work on /Users/ravipal/Desktop/Workspace/airflow_tutorial/py_env/lib/python3.12/site-packages/airflow/example_dags/example_inlet_event_extra.py
[2024-09-01T00:32:01.735+0530] {processor.py:914} INFO - Processing file /Users/ravipal/Desktop/Workspace/airflow_tutorial/py_env/lib/python3.12/site-packages/airflow/example_dags/example_inlet_event_extra.py for tasks to queue
[2024-09-01T00:32:01.735+0530] {logging_mixin.py:190} INFO - [2024-09-01T00:32:01.735+0530] {dagbag.py:587} INFO - Filling up the DagBag from /Users/ravipal/Desktop/Workspace/airflow_tutorial/py_env/lib/python3.12/site-packages/airflow/example_dags/example_inlet_event_extra.py
[2024-09-01T00:32:01.761+0530] {processor.py:925} INFO - DAG(s) 'read_dataset_event_from_classic', 'read_dataset_event' retrieved from /Users/ravipal/Desktop/Workspace/airflow_tutorial/py_env/lib/python3.12/site-packages/airflow/example_dags/example_inlet_event_extra.py
[2024-09-01T00:32:01.795+0530] {logging_mixin.py:190} INFO - [2024-09-01T00:32:01.795+0530] {dag.py:3211} INFO - Sync 2 DAGs
[2024-09-01T00:32:01.802+0530] {logging_mixin.py:190} INFO - [2024-09-01T00:32:01.802+0530] {dag.py:4138} INFO - Setting next_dagrun for read_dataset_event to 2024-08-30 00:00:00+00:00, run_after=2024-08-31 00:00:00+00:00
[2024-09-01T00:32:01.803+0530] {logging_mixin.py:190} INFO - [2024-09-01T00:32:01.803+0530] {dag.py:4138} INFO - Setting next_dagrun for read_dataset_event_from_classic to 2024-08-30 00:00:00+00:00, run_after=2024-08-31 00:00:00+00:00
[2024-09-01T00:32:01.809+0530] {processor.py:208} INFO - Processing /Users/ravipal/Desktop/Workspace/airflow_tutorial/py_env/lib/python3.12/site-packages/airflow/example_dags/example_inlet_event_extra.py took 0.077 seconds
[2024-09-01T00:34:17.282+0530] {processor.py:186} INFO - Started process (PID=2296) to work on /Users/ravipal/Desktop/Workspace/airflow_tutorial/py_env/lib/python3.12/site-packages/airflow/example_dags/example_inlet_event_extra.py
[2024-09-01T00:34:17.282+0530] {processor.py:914} INFO - Processing file /Users/ravipal/Desktop/Workspace/airflow_tutorial/py_env/lib/python3.12/site-packages/airflow/example_dags/example_inlet_event_extra.py for tasks to queue
[2024-09-01T00:34:17.283+0530] {logging_mixin.py:190} INFO - [2024-09-01T00:34:17.283+0530] {dagbag.py:587} INFO - Filling up the DagBag from /Users/ravipal/Desktop/Workspace/airflow_tutorial/py_env/lib/python3.12/site-packages/airflow/example_dags/example_inlet_event_extra.py
[2024-09-01T00:34:17.310+0530] {processor.py:925} INFO - DAG(s) 'read_dataset_event_from_classic', 'read_dataset_event' retrieved from /Users/ravipal/Desktop/Workspace/airflow_tutorial/py_env/lib/python3.12/site-packages/airflow/example_dags/example_inlet_event_extra.py
[2024-09-01T00:34:17.346+0530] {logging_mixin.py:190} INFO - [2024-09-01T00:34:17.346+0530] {dag.py:3211} INFO - Sync 2 DAGs
[2024-09-01T00:34:17.354+0530] {logging_mixin.py:190} INFO - [2024-09-01T00:34:17.354+0530] {dag.py:4138} INFO - Setting next_dagrun for read_dataset_event to 2024-08-30 00:00:00+00:00, run_after=2024-08-31 00:00:00+00:00
[2024-09-01T00:34:17.357+0530] {logging_mixin.py:190} INFO - [2024-09-01T00:34:17.356+0530] {dag.py:4138} INFO - Setting next_dagrun for read_dataset_event_from_classic to 2024-08-30 00:00:00+00:00, run_after=2024-08-31 00:00:00+00:00
[2024-09-01T00:34:17.366+0530] {processor.py:208} INFO - Processing /Users/ravipal/Desktop/Workspace/airflow_tutorial/py_env/lib/python3.12/site-packages/airflow/example_dags/example_inlet_event_extra.py took 0.086 seconds
[2024-09-01T00:36:32.039+0530] {processor.py:186} INFO - Started process (PID=2433) to work on /Users/ravipal/Desktop/Workspace/airflow_tutorial/py_env/lib/python3.12/site-packages/airflow/example_dags/example_inlet_event_extra.py
[2024-09-01T00:36:32.040+0530] {processor.py:914} INFO - Processing file /Users/ravipal/Desktop/Workspace/airflow_tutorial/py_env/lib/python3.12/site-packages/airflow/example_dags/example_inlet_event_extra.py for tasks to queue
[2024-09-01T00:36:32.041+0530] {logging_mixin.py:190} INFO - [2024-09-01T00:36:32.040+0530] {dagbag.py:587} INFO - Filling up the DagBag from /Users/ravipal/Desktop/Workspace/airflow_tutorial/py_env/lib/python3.12/site-packages/airflow/example_dags/example_inlet_event_extra.py
[2024-09-01T00:36:32.068+0530] {processor.py:925} INFO - DAG(s) 'read_dataset_event', 'read_dataset_event_from_classic' retrieved from /Users/ravipal/Desktop/Workspace/airflow_tutorial/py_env/lib/python3.12/site-packages/airflow/example_dags/example_inlet_event_extra.py
[2024-09-01T00:36:32.101+0530] {logging_mixin.py:190} INFO - [2024-09-01T00:36:32.101+0530] {dag.py:3211} INFO - Sync 2 DAGs
[2024-09-01T00:36:32.108+0530] {logging_mixin.py:190} INFO - [2024-09-01T00:36:32.108+0530] {dag.py:4138} INFO - Setting next_dagrun for read_dataset_event to 2024-08-30 00:00:00+00:00, run_after=2024-08-31 00:00:00+00:00
[2024-09-01T00:36:32.109+0530] {logging_mixin.py:190} INFO - [2024-09-01T00:36:32.109+0530] {dag.py:4138} INFO - Setting next_dagrun for read_dataset_event_from_classic to 2024-08-30 00:00:00+00:00, run_after=2024-08-31 00:00:00+00:00
[2024-09-01T00:36:32.115+0530] {processor.py:208} INFO - Processing /Users/ravipal/Desktop/Workspace/airflow_tutorial/py_env/lib/python3.12/site-packages/airflow/example_dags/example_inlet_event_extra.py took 0.078 seconds
[2024-09-01T00:38:41.974+0530] {processor.py:186} INFO - Started process (PID=2563) to work on /Users/ravipal/Desktop/Workspace/airflow_tutorial/py_env/lib/python3.12/site-packages/airflow/example_dags/example_inlet_event_extra.py
[2024-09-01T00:38:41.974+0530] {processor.py:914} INFO - Processing file /Users/ravipal/Desktop/Workspace/airflow_tutorial/py_env/lib/python3.12/site-packages/airflow/example_dags/example_inlet_event_extra.py for tasks to queue
[2024-09-01T00:38:41.974+0530] {logging_mixin.py:190} INFO - [2024-09-01T00:38:41.974+0530] {dagbag.py:587} INFO - Filling up the DagBag from /Users/ravipal/Desktop/Workspace/airflow_tutorial/py_env/lib/python3.12/site-packages/airflow/example_dags/example_inlet_event_extra.py
[2024-09-01T00:38:42.001+0530] {processor.py:925} INFO - DAG(s) 'read_dataset_event_from_classic', 'read_dataset_event' retrieved from /Users/ravipal/Desktop/Workspace/airflow_tutorial/py_env/lib/python3.12/site-packages/airflow/example_dags/example_inlet_event_extra.py
[2024-09-01T00:38:42.034+0530] {logging_mixin.py:190} INFO - [2024-09-01T00:38:42.034+0530] {dag.py:3211} INFO - Sync 2 DAGs
[2024-09-01T00:38:42.041+0530] {logging_mixin.py:190} INFO - [2024-09-01T00:38:42.040+0530] {dag.py:4138} INFO - Setting next_dagrun for read_dataset_event to 2024-08-30 00:00:00+00:00, run_after=2024-08-31 00:00:00+00:00
[2024-09-01T00:38:42.042+0530] {logging_mixin.py:190} INFO - [2024-09-01T00:38:42.042+0530] {dag.py:4138} INFO - Setting next_dagrun for read_dataset_event_from_classic to 2024-08-30 00:00:00+00:00, run_after=2024-08-31 00:00:00+00:00
[2024-09-01T00:38:42.048+0530] {processor.py:208} INFO - Processing /Users/ravipal/Desktop/Workspace/airflow_tutorial/py_env/lib/python3.12/site-packages/airflow/example_dags/example_inlet_event_extra.py took 0.076 seconds
[2024-09-01T00:40:49.309+0530] {processor.py:186} INFO - Started process (PID=2690) to work on /Users/ravipal/Desktop/Workspace/airflow_tutorial/py_env/lib/python3.12/site-packages/airflow/example_dags/example_inlet_event_extra.py
[2024-09-01T00:40:49.309+0530] {processor.py:914} INFO - Processing file /Users/ravipal/Desktop/Workspace/airflow_tutorial/py_env/lib/python3.12/site-packages/airflow/example_dags/example_inlet_event_extra.py for tasks to queue
[2024-09-01T00:40:49.309+0530] {logging_mixin.py:190} INFO - [2024-09-01T00:40:49.309+0530] {dagbag.py:587} INFO - Filling up the DagBag from /Users/ravipal/Desktop/Workspace/airflow_tutorial/py_env/lib/python3.12/site-packages/airflow/example_dags/example_inlet_event_extra.py
[2024-09-01T00:40:49.337+0530] {processor.py:925} INFO - DAG(s) 'read_dataset_event_from_classic', 'read_dataset_event' retrieved from /Users/ravipal/Desktop/Workspace/airflow_tutorial/py_env/lib/python3.12/site-packages/airflow/example_dags/example_inlet_event_extra.py
[2024-09-01T00:40:49.370+0530] {logging_mixin.py:190} INFO - [2024-09-01T00:40:49.370+0530] {dag.py:3211} INFO - Sync 2 DAGs
[2024-09-01T00:40:49.377+0530] {logging_mixin.py:190} INFO - [2024-09-01T00:40:49.377+0530] {dag.py:4138} INFO - Setting next_dagrun for read_dataset_event to 2024-08-30 00:00:00+00:00, run_after=2024-08-31 00:00:00+00:00
[2024-09-01T00:40:49.378+0530] {logging_mixin.py:190} INFO - [2024-09-01T00:40:49.378+0530] {dag.py:4138} INFO - Setting next_dagrun for read_dataset_event_from_classic to 2024-08-30 00:00:00+00:00, run_after=2024-08-31 00:00:00+00:00
[2024-09-01T00:40:49.384+0530] {processor.py:208} INFO - Processing /Users/ravipal/Desktop/Workspace/airflow_tutorial/py_env/lib/python3.12/site-packages/airflow/example_dags/example_inlet_event_extra.py took 0.078 seconds
[2024-09-01T00:43:03.022+0530] {processor.py:186} INFO - Started process (PID=2822) to work on /Users/ravipal/Desktop/Workspace/airflow_tutorial/py_env/lib/python3.12/site-packages/airflow/example_dags/example_inlet_event_extra.py
[2024-09-01T00:43:03.023+0530] {processor.py:914} INFO - Processing file /Users/ravipal/Desktop/Workspace/airflow_tutorial/py_env/lib/python3.12/site-packages/airflow/example_dags/example_inlet_event_extra.py for tasks to queue
[2024-09-01T00:43:03.023+0530] {logging_mixin.py:190} INFO - [2024-09-01T00:43:03.023+0530] {dagbag.py:587} INFO - Filling up the DagBag from /Users/ravipal/Desktop/Workspace/airflow_tutorial/py_env/lib/python3.12/site-packages/airflow/example_dags/example_inlet_event_extra.py
[2024-09-01T00:43:03.050+0530] {processor.py:925} INFO - DAG(s) 'read_dataset_event_from_classic', 'read_dataset_event' retrieved from /Users/ravipal/Desktop/Workspace/airflow_tutorial/py_env/lib/python3.12/site-packages/airflow/example_dags/example_inlet_event_extra.py
[2024-09-01T00:43:03.083+0530] {logging_mixin.py:190} INFO - [2024-09-01T00:43:03.083+0530] {dag.py:3211} INFO - Sync 2 DAGs
[2024-09-01T00:43:03.090+0530] {logging_mixin.py:190} INFO - [2024-09-01T00:43:03.090+0530] {dag.py:4138} INFO - Setting next_dagrun for read_dataset_event to 2024-08-30 00:00:00+00:00, run_after=2024-08-31 00:00:00+00:00
[2024-09-01T00:43:03.091+0530] {logging_mixin.py:190} INFO - [2024-09-01T00:43:03.091+0530] {dag.py:4138} INFO - Setting next_dagrun for read_dataset_event_from_classic to 2024-08-30 00:00:00+00:00, run_after=2024-08-31 00:00:00+00:00
[2024-09-01T00:43:03.097+0530] {processor.py:208} INFO - Processing /Users/ravipal/Desktop/Workspace/airflow_tutorial/py_env/lib/python3.12/site-packages/airflow/example_dags/example_inlet_event_extra.py took 0.077 seconds
[2024-09-01T00:45:19.469+0530] {processor.py:186} INFO - Started process (PID=2956) to work on /Users/ravipal/Desktop/Workspace/airflow_tutorial/py_env/lib/python3.12/site-packages/airflow/example_dags/example_inlet_event_extra.py
[2024-09-01T00:45:19.469+0530] {processor.py:914} INFO - Processing file /Users/ravipal/Desktop/Workspace/airflow_tutorial/py_env/lib/python3.12/site-packages/airflow/example_dags/example_inlet_event_extra.py for tasks to queue
[2024-09-01T00:45:19.470+0530] {logging_mixin.py:190} INFO - [2024-09-01T00:45:19.470+0530] {dagbag.py:587} INFO - Filling up the DagBag from /Users/ravipal/Desktop/Workspace/airflow_tutorial/py_env/lib/python3.12/site-packages/airflow/example_dags/example_inlet_event_extra.py
[2024-09-01T00:45:19.497+0530] {processor.py:925} INFO - DAG(s) 'read_dataset_event', 'read_dataset_event_from_classic' retrieved from /Users/ravipal/Desktop/Workspace/airflow_tutorial/py_env/lib/python3.12/site-packages/airflow/example_dags/example_inlet_event_extra.py
[2024-09-01T00:45:19.530+0530] {logging_mixin.py:190} INFO - [2024-09-01T00:45:19.530+0530] {dag.py:3211} INFO - Sync 2 DAGs
[2024-09-01T00:45:19.537+0530] {logging_mixin.py:190} INFO - [2024-09-01T00:45:19.537+0530] {dag.py:4138} INFO - Setting next_dagrun for read_dataset_event to 2024-08-30 00:00:00+00:00, run_after=2024-08-31 00:00:00+00:00
[2024-09-01T00:45:19.538+0530] {logging_mixin.py:190} INFO - [2024-09-01T00:45:19.538+0530] {dag.py:4138} INFO - Setting next_dagrun for read_dataset_event_from_classic to 2024-08-30 00:00:00+00:00, run_after=2024-08-31 00:00:00+00:00
[2024-09-01T00:45:19.544+0530] {processor.py:208} INFO - Processing /Users/ravipal/Desktop/Workspace/airflow_tutorial/py_env/lib/python3.12/site-packages/airflow/example_dags/example_inlet_event_extra.py took 0.077 seconds
[2024-09-01T00:47:32.497+0530] {processor.py:186} INFO - Started process (PID=3089) to work on /Users/ravipal/Desktop/Workspace/airflow_tutorial/py_env/lib/python3.12/site-packages/airflow/example_dags/example_inlet_event_extra.py
[2024-09-01T00:47:32.497+0530] {processor.py:914} INFO - Processing file /Users/ravipal/Desktop/Workspace/airflow_tutorial/py_env/lib/python3.12/site-packages/airflow/example_dags/example_inlet_event_extra.py for tasks to queue
[2024-09-01T00:47:32.498+0530] {logging_mixin.py:190} INFO - [2024-09-01T00:47:32.497+0530] {dagbag.py:587} INFO - Filling up the DagBag from /Users/ravipal/Desktop/Workspace/airflow_tutorial/py_env/lib/python3.12/site-packages/airflow/example_dags/example_inlet_event_extra.py
[2024-09-01T00:47:32.525+0530] {processor.py:925} INFO - DAG(s) 'read_dataset_event_from_classic', 'read_dataset_event' retrieved from /Users/ravipal/Desktop/Workspace/airflow_tutorial/py_env/lib/python3.12/site-packages/airflow/example_dags/example_inlet_event_extra.py
[2024-09-01T00:47:32.558+0530] {logging_mixin.py:190} INFO - [2024-09-01T00:47:32.558+0530] {dag.py:3211} INFO - Sync 2 DAGs
[2024-09-01T00:47:32.564+0530] {logging_mixin.py:190} INFO - [2024-09-01T00:47:32.564+0530] {dag.py:4138} INFO - Setting next_dagrun for read_dataset_event to 2024-08-30 00:00:00+00:00, run_after=2024-08-31 00:00:00+00:00
[2024-09-01T00:47:32.566+0530] {logging_mixin.py:190} INFO - [2024-09-01T00:47:32.566+0530] {dag.py:4138} INFO - Setting next_dagrun for read_dataset_event_from_classic to 2024-08-30 00:00:00+00:00, run_after=2024-08-31 00:00:00+00:00
[2024-09-01T00:47:32.572+0530] {processor.py:208} INFO - Processing /Users/ravipal/Desktop/Workspace/airflow_tutorial/py_env/lib/python3.12/site-packages/airflow/example_dags/example_inlet_event_extra.py took 0.077 seconds
[2024-09-01T00:49:38.273+0530] {processor.py:186} INFO - Started process (PID=3224) to work on /Users/ravipal/Desktop/Workspace/airflow_tutorial/py_env/lib/python3.12/site-packages/airflow/example_dags/example_inlet_event_extra.py
[2024-09-01T00:49:38.273+0530] {processor.py:914} INFO - Processing file /Users/ravipal/Desktop/Workspace/airflow_tutorial/py_env/lib/python3.12/site-packages/airflow/example_dags/example_inlet_event_extra.py for tasks to queue
[2024-09-01T00:49:38.274+0530] {logging_mixin.py:190} INFO - [2024-09-01T00:49:38.274+0530] {dagbag.py:587} INFO - Filling up the DagBag from /Users/ravipal/Desktop/Workspace/airflow_tutorial/py_env/lib/python3.12/site-packages/airflow/example_dags/example_inlet_event_extra.py
[2024-09-01T00:49:38.302+0530] {processor.py:925} INFO - DAG(s) 'read_dataset_event_from_classic', 'read_dataset_event' retrieved from /Users/ravipal/Desktop/Workspace/airflow_tutorial/py_env/lib/python3.12/site-packages/airflow/example_dags/example_inlet_event_extra.py
[2024-09-01T00:49:38.337+0530] {logging_mixin.py:190} INFO - [2024-09-01T00:49:38.337+0530] {dag.py:3211} INFO - Sync 2 DAGs
[2024-09-01T00:49:38.344+0530] {logging_mixin.py:190} INFO - [2024-09-01T00:49:38.344+0530] {dag.py:4138} INFO - Setting next_dagrun for read_dataset_event to 2024-08-30 00:00:00+00:00, run_after=2024-08-31 00:00:00+00:00
[2024-09-01T00:49:38.346+0530] {logging_mixin.py:190} INFO - [2024-09-01T00:49:38.346+0530] {dag.py:4138} INFO - Setting next_dagrun for read_dataset_event_from_classic to 2024-08-30 00:00:00+00:00, run_after=2024-08-31 00:00:00+00:00
[2024-09-01T00:49:38.352+0530] {processor.py:208} INFO - Processing /Users/ravipal/Desktop/Workspace/airflow_tutorial/py_env/lib/python3.12/site-packages/airflow/example_dags/example_inlet_event_extra.py took 0.082 seconds
[2024-09-01T00:51:54.989+0530] {processor.py:186} INFO - Started process (PID=3377) to work on /Users/ravipal/Desktop/Workspace/airflow_tutorial/py_env/lib/python3.12/site-packages/airflow/example_dags/example_inlet_event_extra.py
[2024-09-01T00:51:54.990+0530] {processor.py:914} INFO - Processing file /Users/ravipal/Desktop/Workspace/airflow_tutorial/py_env/lib/python3.12/site-packages/airflow/example_dags/example_inlet_event_extra.py for tasks to queue
[2024-09-01T00:51:54.990+0530] {logging_mixin.py:190} INFO - [2024-09-01T00:51:54.990+0530] {dagbag.py:587} INFO - Filling up the DagBag from /Users/ravipal/Desktop/Workspace/airflow_tutorial/py_env/lib/python3.12/site-packages/airflow/example_dags/example_inlet_event_extra.py
[2024-09-01T00:51:55.018+0530] {processor.py:925} INFO - DAG(s) 'read_dataset_event_from_classic', 'read_dataset_event' retrieved from /Users/ravipal/Desktop/Workspace/airflow_tutorial/py_env/lib/python3.12/site-packages/airflow/example_dags/example_inlet_event_extra.py
[2024-09-01T00:51:55.051+0530] {logging_mixin.py:190} INFO - [2024-09-01T00:51:55.051+0530] {dag.py:3211} INFO - Sync 2 DAGs
[2024-09-01T00:51:55.057+0530] {logging_mixin.py:190} INFO - [2024-09-01T00:51:55.057+0530] {dag.py:4138} INFO - Setting next_dagrun for read_dataset_event to 2024-08-30 00:00:00+00:00, run_after=2024-08-31 00:00:00+00:00
[2024-09-01T00:51:55.059+0530] {logging_mixin.py:190} INFO - [2024-09-01T00:51:55.059+0530] {dag.py:4138} INFO - Setting next_dagrun for read_dataset_event_from_classic to 2024-08-30 00:00:00+00:00, run_after=2024-08-31 00:00:00+00:00
[2024-09-01T00:51:55.065+0530] {processor.py:208} INFO - Processing /Users/ravipal/Desktop/Workspace/airflow_tutorial/py_env/lib/python3.12/site-packages/airflow/example_dags/example_inlet_event_extra.py took 0.078 seconds
[2024-09-01T00:54:05.989+0530] {processor.py:186} INFO - Started process (PID=3509) to work on /Users/ravipal/Desktop/Workspace/airflow_tutorial/py_env/lib/python3.12/site-packages/airflow/example_dags/example_inlet_event_extra.py
[2024-09-01T00:54:05.989+0530] {processor.py:914} INFO - Processing file /Users/ravipal/Desktop/Workspace/airflow_tutorial/py_env/lib/python3.12/site-packages/airflow/example_dags/example_inlet_event_extra.py for tasks to queue
[2024-09-01T00:54:05.990+0530] {logging_mixin.py:190} INFO - [2024-09-01T00:54:05.989+0530] {dagbag.py:587} INFO - Filling up the DagBag from /Users/ravipal/Desktop/Workspace/airflow_tutorial/py_env/lib/python3.12/site-packages/airflow/example_dags/example_inlet_event_extra.py
[2024-09-01T00:54:06.016+0530] {processor.py:925} INFO - DAG(s) 'read_dataset_event', 'read_dataset_event_from_classic' retrieved from /Users/ravipal/Desktop/Workspace/airflow_tutorial/py_env/lib/python3.12/site-packages/airflow/example_dags/example_inlet_event_extra.py
[2024-09-01T00:54:06.049+0530] {logging_mixin.py:190} INFO - [2024-09-01T00:54:06.049+0530] {dag.py:3211} INFO - Sync 2 DAGs
[2024-09-01T00:54:06.056+0530] {logging_mixin.py:190} INFO - [2024-09-01T00:54:06.056+0530] {dag.py:4138} INFO - Setting next_dagrun for read_dataset_event to 2024-08-30 00:00:00+00:00, run_after=2024-08-31 00:00:00+00:00
[2024-09-01T00:54:06.057+0530] {logging_mixin.py:190} INFO - [2024-09-01T00:54:06.057+0530] {dag.py:4138} INFO - Setting next_dagrun for read_dataset_event_from_classic to 2024-08-30 00:00:00+00:00, run_after=2024-08-31 00:00:00+00:00
[2024-09-01T00:54:06.063+0530] {processor.py:208} INFO - Processing /Users/ravipal/Desktop/Workspace/airflow_tutorial/py_env/lib/python3.12/site-packages/airflow/example_dags/example_inlet_event_extra.py took 0.077 seconds
[2024-09-01T00:56:16.266+0530] {processor.py:186} INFO - Started process (PID=3639) to work on /Users/ravipal/Desktop/Workspace/airflow_tutorial/py_env/lib/python3.12/site-packages/airflow/example_dags/example_inlet_event_extra.py
[2024-09-01T00:56:16.266+0530] {processor.py:914} INFO - Processing file /Users/ravipal/Desktop/Workspace/airflow_tutorial/py_env/lib/python3.12/site-packages/airflow/example_dags/example_inlet_event_extra.py for tasks to queue
[2024-09-01T00:56:16.267+0530] {logging_mixin.py:190} INFO - [2024-09-01T00:56:16.266+0530] {dagbag.py:587} INFO - Filling up the DagBag from /Users/ravipal/Desktop/Workspace/airflow_tutorial/py_env/lib/python3.12/site-packages/airflow/example_dags/example_inlet_event_extra.py
[2024-09-01T00:56:16.296+0530] {processor.py:925} INFO - DAG(s) 'read_dataset_event', 'read_dataset_event_from_classic' retrieved from /Users/ravipal/Desktop/Workspace/airflow_tutorial/py_env/lib/python3.12/site-packages/airflow/example_dags/example_inlet_event_extra.py
[2024-09-01T00:56:16.330+0530] {logging_mixin.py:190} INFO - [2024-09-01T00:56:16.330+0530] {dag.py:3211} INFO - Sync 2 DAGs
[2024-09-01T00:56:16.337+0530] {logging_mixin.py:190} INFO - [2024-09-01T00:56:16.337+0530] {dag.py:4138} INFO - Setting next_dagrun for read_dataset_event to 2024-08-30 00:00:00+00:00, run_after=2024-08-31 00:00:00+00:00
[2024-09-01T00:56:16.338+0530] {logging_mixin.py:190} INFO - [2024-09-01T00:56:16.338+0530] {dag.py:4138} INFO - Setting next_dagrun for read_dataset_event_from_classic to 2024-08-30 00:00:00+00:00, run_after=2024-08-31 00:00:00+00:00
[2024-09-01T00:56:16.344+0530] {processor.py:208} INFO - Processing /Users/ravipal/Desktop/Workspace/airflow_tutorial/py_env/lib/python3.12/site-packages/airflow/example_dags/example_inlet_event_extra.py took 0.081 seconds
[2024-09-01T00:58:28.101+0530] {processor.py:186} INFO - Started process (PID=3772) to work on /Users/ravipal/Desktop/Workspace/airflow_tutorial/py_env/lib/python3.12/site-packages/airflow/example_dags/example_inlet_event_extra.py
[2024-09-01T00:58:28.101+0530] {processor.py:914} INFO - Processing file /Users/ravipal/Desktop/Workspace/airflow_tutorial/py_env/lib/python3.12/site-packages/airflow/example_dags/example_inlet_event_extra.py for tasks to queue
[2024-09-01T00:58:28.101+0530] {logging_mixin.py:190} INFO - [2024-09-01T00:58:28.101+0530] {dagbag.py:587} INFO - Filling up the DagBag from /Users/ravipal/Desktop/Workspace/airflow_tutorial/py_env/lib/python3.12/site-packages/airflow/example_dags/example_inlet_event_extra.py
[2024-09-01T00:58:28.130+0530] {processor.py:925} INFO - DAG(s) 'read_dataset_event', 'read_dataset_event_from_classic' retrieved from /Users/ravipal/Desktop/Workspace/airflow_tutorial/py_env/lib/python3.12/site-packages/airflow/example_dags/example_inlet_event_extra.py
[2024-09-01T00:58:28.162+0530] {logging_mixin.py:190} INFO - [2024-09-01T00:58:28.162+0530] {dag.py:3211} INFO - Sync 2 DAGs
[2024-09-01T00:58:28.169+0530] {logging_mixin.py:190} INFO - [2024-09-01T00:58:28.169+0530] {dag.py:4138} INFO - Setting next_dagrun for read_dataset_event to 2024-08-30 00:00:00+00:00, run_after=2024-08-31 00:00:00+00:00
[2024-09-01T00:58:28.171+0530] {logging_mixin.py:190} INFO - [2024-09-01T00:58:28.171+0530] {dag.py:4138} INFO - Setting next_dagrun for read_dataset_event_from_classic to 2024-08-30 00:00:00+00:00, run_after=2024-08-31 00:00:00+00:00
[2024-09-01T00:58:28.176+0530] {processor.py:208} INFO - Processing /Users/ravipal/Desktop/Workspace/airflow_tutorial/py_env/lib/python3.12/site-packages/airflow/example_dags/example_inlet_event_extra.py took 0.077 seconds
[2024-09-01T01:00:37.186+0530] {processor.py:186} INFO - Started process (PID=3900) to work on /Users/ravipal/Desktop/Workspace/airflow_tutorial/py_env/lib/python3.12/site-packages/airflow/example_dags/example_inlet_event_extra.py
[2024-09-01T01:00:37.186+0530] {processor.py:914} INFO - Processing file /Users/ravipal/Desktop/Workspace/airflow_tutorial/py_env/lib/python3.12/site-packages/airflow/example_dags/example_inlet_event_extra.py for tasks to queue
[2024-09-01T01:00:37.187+0530] {logging_mixin.py:190} INFO - [2024-09-01T01:00:37.187+0530] {dagbag.py:587} INFO - Filling up the DagBag from /Users/ravipal/Desktop/Workspace/airflow_tutorial/py_env/lib/python3.12/site-packages/airflow/example_dags/example_inlet_event_extra.py
[2024-09-01T01:00:37.214+0530] {processor.py:925} INFO - DAG(s) 'read_dataset_event_from_classic', 'read_dataset_event' retrieved from /Users/ravipal/Desktop/Workspace/airflow_tutorial/py_env/lib/python3.12/site-packages/airflow/example_dags/example_inlet_event_extra.py
[2024-09-01T01:00:37.247+0530] {logging_mixin.py:190} INFO - [2024-09-01T01:00:37.247+0530] {dag.py:3211} INFO - Sync 2 DAGs
[2024-09-01T01:00:37.254+0530] {logging_mixin.py:190} INFO - [2024-09-01T01:00:37.253+0530] {dag.py:4138} INFO - Setting next_dagrun for read_dataset_event to 2024-08-30 00:00:00+00:00, run_after=2024-08-31 00:00:00+00:00
[2024-09-01T01:00:37.255+0530] {logging_mixin.py:190} INFO - [2024-09-01T01:00:37.255+0530] {dag.py:4138} INFO - Setting next_dagrun for read_dataset_event_from_classic to 2024-08-30 00:00:00+00:00, run_after=2024-08-31 00:00:00+00:00
[2024-09-01T01:00:37.261+0530] {processor.py:208} INFO - Processing /Users/ravipal/Desktop/Workspace/airflow_tutorial/py_env/lib/python3.12/site-packages/airflow/example_dags/example_inlet_event_extra.py took 0.077 seconds
[2024-09-01T01:02:44.576+0530] {processor.py:186} INFO - Started process (PID=4029) to work on /Users/ravipal/Desktop/Workspace/airflow_tutorial/py_env/lib/python3.12/site-packages/airflow/example_dags/example_inlet_event_extra.py
[2024-09-01T01:02:44.576+0530] {processor.py:914} INFO - Processing file /Users/ravipal/Desktop/Workspace/airflow_tutorial/py_env/lib/python3.12/site-packages/airflow/example_dags/example_inlet_event_extra.py for tasks to queue
[2024-09-01T01:02:44.577+0530] {logging_mixin.py:190} INFO - [2024-09-01T01:02:44.577+0530] {dagbag.py:587} INFO - Filling up the DagBag from /Users/ravipal/Desktop/Workspace/airflow_tutorial/py_env/lib/python3.12/site-packages/airflow/example_dags/example_inlet_event_extra.py
[2024-09-01T01:02:44.603+0530] {processor.py:925} INFO - DAG(s) 'read_dataset_event_from_classic', 'read_dataset_event' retrieved from /Users/ravipal/Desktop/Workspace/airflow_tutorial/py_env/lib/python3.12/site-packages/airflow/example_dags/example_inlet_event_extra.py
[2024-09-01T01:02:44.636+0530] {logging_mixin.py:190} INFO - [2024-09-01T01:02:44.636+0530] {dag.py:3211} INFO - Sync 2 DAGs
[2024-09-01T01:02:44.643+0530] {logging_mixin.py:190} INFO - [2024-09-01T01:02:44.643+0530] {dag.py:4138} INFO - Setting next_dagrun for read_dataset_event to 2024-08-30 00:00:00+00:00, run_after=2024-08-31 00:00:00+00:00
[2024-09-01T01:02:44.644+0530] {logging_mixin.py:190} INFO - [2024-09-01T01:02:44.644+0530] {dag.py:4138} INFO - Setting next_dagrun for read_dataset_event_from_classic to 2024-08-30 00:00:00+00:00, run_after=2024-08-31 00:00:00+00:00
[2024-09-01T01:02:44.650+0530] {processor.py:208} INFO - Processing /Users/ravipal/Desktop/Workspace/airflow_tutorial/py_env/lib/python3.12/site-packages/airflow/example_dags/example_inlet_event_extra.py took 0.076 seconds
[2024-09-01T01:04:51.109+0530] {processor.py:186} INFO - Started process (PID=4173) to work on /Users/ravipal/Desktop/Workspace/airflow_tutorial/py_env/lib/python3.12/site-packages/airflow/example_dags/example_inlet_event_extra.py
[2024-09-01T01:04:51.110+0530] {processor.py:914} INFO - Processing file /Users/ravipal/Desktop/Workspace/airflow_tutorial/py_env/lib/python3.12/site-packages/airflow/example_dags/example_inlet_event_extra.py for tasks to queue
[2024-09-01T01:04:51.110+0530] {logging_mixin.py:190} INFO - [2024-09-01T01:04:51.110+0530] {dagbag.py:587} INFO - Filling up the DagBag from /Users/ravipal/Desktop/Workspace/airflow_tutorial/py_env/lib/python3.12/site-packages/airflow/example_dags/example_inlet_event_extra.py
[2024-09-01T01:04:51.138+0530] {processor.py:925} INFO - DAG(s) 'read_dataset_event_from_classic', 'read_dataset_event' retrieved from /Users/ravipal/Desktop/Workspace/airflow_tutorial/py_env/lib/python3.12/site-packages/airflow/example_dags/example_inlet_event_extra.py
[2024-09-01T01:04:51.171+0530] {logging_mixin.py:190} INFO - [2024-09-01T01:04:51.170+0530] {dag.py:3211} INFO - Sync 2 DAGs
[2024-09-01T01:04:51.177+0530] {logging_mixin.py:190} INFO - [2024-09-01T01:04:51.177+0530] {dag.py:4138} INFO - Setting next_dagrun for read_dataset_event to 2024-08-30 00:00:00+00:00, run_after=2024-08-31 00:00:00+00:00
[2024-09-01T01:04:51.179+0530] {logging_mixin.py:190} INFO - [2024-09-01T01:04:51.179+0530] {dag.py:4138} INFO - Setting next_dagrun for read_dataset_event_from_classic to 2024-08-30 00:00:00+00:00, run_after=2024-08-31 00:00:00+00:00
[2024-09-01T01:04:51.185+0530] {processor.py:208} INFO - Processing /Users/ravipal/Desktop/Workspace/airflow_tutorial/py_env/lib/python3.12/site-packages/airflow/example_dags/example_inlet_event_extra.py took 0.078 seconds
[2024-09-01T01:07:01.185+0530] {processor.py:186} INFO - Started process (PID=4323) to work on /Users/ravipal/Desktop/Workspace/airflow_tutorial/py_env/lib/python3.12/site-packages/airflow/example_dags/example_inlet_event_extra.py
[2024-09-01T01:07:01.186+0530] {processor.py:914} INFO - Processing file /Users/ravipal/Desktop/Workspace/airflow_tutorial/py_env/lib/python3.12/site-packages/airflow/example_dags/example_inlet_event_extra.py for tasks to queue
[2024-09-01T01:07:01.186+0530] {logging_mixin.py:190} INFO - [2024-09-01T01:07:01.186+0530] {dagbag.py:587} INFO - Filling up the DagBag from /Users/ravipal/Desktop/Workspace/airflow_tutorial/py_env/lib/python3.12/site-packages/airflow/example_dags/example_inlet_event_extra.py
[2024-09-01T01:07:01.214+0530] {processor.py:925} INFO - DAG(s) 'read_dataset_event', 'read_dataset_event_from_classic' retrieved from /Users/ravipal/Desktop/Workspace/airflow_tutorial/py_env/lib/python3.12/site-packages/airflow/example_dags/example_inlet_event_extra.py
[2024-09-01T01:07:01.246+0530] {logging_mixin.py:190} INFO - [2024-09-01T01:07:01.246+0530] {dag.py:3211} INFO - Sync 2 DAGs
[2024-09-01T01:07:01.253+0530] {logging_mixin.py:190} INFO - [2024-09-01T01:07:01.253+0530] {dag.py:4138} INFO - Setting next_dagrun for read_dataset_event to 2024-08-30 00:00:00+00:00, run_after=2024-08-31 00:00:00+00:00
[2024-09-01T01:07:01.255+0530] {logging_mixin.py:190} INFO - [2024-09-01T01:07:01.255+0530] {dag.py:4138} INFO - Setting next_dagrun for read_dataset_event_from_classic to 2024-08-30 00:00:00+00:00, run_after=2024-08-31 00:00:00+00:00
[2024-09-01T01:07:01.260+0530] {processor.py:208} INFO - Processing /Users/ravipal/Desktop/Workspace/airflow_tutorial/py_env/lib/python3.12/site-packages/airflow/example_dags/example_inlet_event_extra.py took 0.078 seconds
[2024-09-01T01:09:11.084+0530] {processor.py:186} INFO - Started process (PID=4454) to work on /Users/ravipal/Desktop/Workspace/airflow_tutorial/py_env/lib/python3.12/site-packages/airflow/example_dags/example_inlet_event_extra.py
[2024-09-01T01:09:11.084+0530] {processor.py:914} INFO - Processing file /Users/ravipal/Desktop/Workspace/airflow_tutorial/py_env/lib/python3.12/site-packages/airflow/example_dags/example_inlet_event_extra.py for tasks to queue
[2024-09-01T01:09:11.085+0530] {logging_mixin.py:190} INFO - [2024-09-01T01:09:11.085+0530] {dagbag.py:587} INFO - Filling up the DagBag from /Users/ravipal/Desktop/Workspace/airflow_tutorial/py_env/lib/python3.12/site-packages/airflow/example_dags/example_inlet_event_extra.py
[2024-09-01T01:09:11.112+0530] {processor.py:925} INFO - DAG(s) 'read_dataset_event', 'read_dataset_event_from_classic' retrieved from /Users/ravipal/Desktop/Workspace/airflow_tutorial/py_env/lib/python3.12/site-packages/airflow/example_dags/example_inlet_event_extra.py
[2024-09-01T01:09:11.145+0530] {logging_mixin.py:190} INFO - [2024-09-01T01:09:11.145+0530] {dag.py:3211} INFO - Sync 2 DAGs
[2024-09-01T01:09:11.151+0530] {logging_mixin.py:190} INFO - [2024-09-01T01:09:11.151+0530] {dag.py:4138} INFO - Setting next_dagrun for read_dataset_event to 2024-08-30 00:00:00+00:00, run_after=2024-08-31 00:00:00+00:00
[2024-09-01T01:09:11.153+0530] {logging_mixin.py:190} INFO - [2024-09-01T01:09:11.153+0530] {dag.py:4138} INFO - Setting next_dagrun for read_dataset_event_from_classic to 2024-08-30 00:00:00+00:00, run_after=2024-08-31 00:00:00+00:00
[2024-09-01T01:09:11.159+0530] {processor.py:208} INFO - Processing /Users/ravipal/Desktop/Workspace/airflow_tutorial/py_env/lib/python3.12/site-packages/airflow/example_dags/example_inlet_event_extra.py took 0.077 seconds
[2024-09-01T01:11:17.148+0530] {processor.py:186} INFO - Started process (PID=4580) to work on /Users/ravipal/Desktop/Workspace/airflow_tutorial/py_env/lib/python3.12/site-packages/airflow/example_dags/example_inlet_event_extra.py
[2024-09-01T01:11:17.148+0530] {processor.py:914} INFO - Processing file /Users/ravipal/Desktop/Workspace/airflow_tutorial/py_env/lib/python3.12/site-packages/airflow/example_dags/example_inlet_event_extra.py for tasks to queue
[2024-09-01T01:11:17.148+0530] {logging_mixin.py:190} INFO - [2024-09-01T01:11:17.148+0530] {dagbag.py:587} INFO - Filling up the DagBag from /Users/ravipal/Desktop/Workspace/airflow_tutorial/py_env/lib/python3.12/site-packages/airflow/example_dags/example_inlet_event_extra.py
[2024-09-01T01:11:17.175+0530] {processor.py:925} INFO - DAG(s) 'read_dataset_event', 'read_dataset_event_from_classic' retrieved from /Users/ravipal/Desktop/Workspace/airflow_tutorial/py_env/lib/python3.12/site-packages/airflow/example_dags/example_inlet_event_extra.py
[2024-09-01T01:11:17.208+0530] {logging_mixin.py:190} INFO - [2024-09-01T01:11:17.208+0530] {dag.py:3211} INFO - Sync 2 DAGs
[2024-09-01T01:11:17.215+0530] {logging_mixin.py:190} INFO - [2024-09-01T01:11:17.214+0530] {dag.py:4138} INFO - Setting next_dagrun for read_dataset_event to 2024-08-30 00:00:00+00:00, run_after=2024-08-31 00:00:00+00:00
[2024-09-01T01:11:17.216+0530] {logging_mixin.py:190} INFO - [2024-09-01T01:11:17.216+0530] {dag.py:4138} INFO - Setting next_dagrun for read_dataset_event_from_classic to 2024-08-30 00:00:00+00:00, run_after=2024-08-31 00:00:00+00:00
[2024-09-01T01:11:17.222+0530] {processor.py:208} INFO - Processing /Users/ravipal/Desktop/Workspace/airflow_tutorial/py_env/lib/python3.12/site-packages/airflow/example_dags/example_inlet_event_extra.py took 0.076 seconds
[2024-09-01T01:13:23.022+0530] {processor.py:186} INFO - Started process (PID=4707) to work on /Users/ravipal/Desktop/Workspace/airflow_tutorial/py_env/lib/python3.12/site-packages/airflow/example_dags/example_inlet_event_extra.py
[2024-09-01T01:13:23.023+0530] {processor.py:914} INFO - Processing file /Users/ravipal/Desktop/Workspace/airflow_tutorial/py_env/lib/python3.12/site-packages/airflow/example_dags/example_inlet_event_extra.py for tasks to queue
[2024-09-01T01:13:23.023+0530] {logging_mixin.py:190} INFO - [2024-09-01T01:13:23.023+0530] {dagbag.py:587} INFO - Filling up the DagBag from /Users/ravipal/Desktop/Workspace/airflow_tutorial/py_env/lib/python3.12/site-packages/airflow/example_dags/example_inlet_event_extra.py
[2024-09-01T01:13:23.050+0530] {processor.py:925} INFO - DAG(s) 'read_dataset_event', 'read_dataset_event_from_classic' retrieved from /Users/ravipal/Desktop/Workspace/airflow_tutorial/py_env/lib/python3.12/site-packages/airflow/example_dags/example_inlet_event_extra.py
[2024-09-01T01:13:23.083+0530] {logging_mixin.py:190} INFO - [2024-09-01T01:13:23.083+0530] {dag.py:3211} INFO - Sync 2 DAGs
[2024-09-01T01:13:23.089+0530] {logging_mixin.py:190} INFO - [2024-09-01T01:13:23.089+0530] {dag.py:4138} INFO - Setting next_dagrun for read_dataset_event to 2024-08-30 00:00:00+00:00, run_after=2024-08-31 00:00:00+00:00
[2024-09-01T01:13:23.091+0530] {logging_mixin.py:190} INFO - [2024-09-01T01:13:23.091+0530] {dag.py:4138} INFO - Setting next_dagrun for read_dataset_event_from_classic to 2024-08-30 00:00:00+00:00, run_after=2024-08-31 00:00:00+00:00
[2024-09-01T01:13:23.097+0530] {processor.py:208} INFO - Processing /Users/ravipal/Desktop/Workspace/airflow_tutorial/py_env/lib/python3.12/site-packages/airflow/example_dags/example_inlet_event_extra.py took 0.076 seconds
[2024-09-01T01:15:34.921+0530] {processor.py:186} INFO - Started process (PID=4841) to work on /Users/ravipal/Desktop/Workspace/airflow_tutorial/py_env/lib/python3.12/site-packages/airflow/example_dags/example_inlet_event_extra.py
[2024-09-01T01:15:34.921+0530] {processor.py:914} INFO - Processing file /Users/ravipal/Desktop/Workspace/airflow_tutorial/py_env/lib/python3.12/site-packages/airflow/example_dags/example_inlet_event_extra.py for tasks to queue
[2024-09-01T01:15:34.921+0530] {logging_mixin.py:190} INFO - [2024-09-01T01:15:34.921+0530] {dagbag.py:587} INFO - Filling up the DagBag from /Users/ravipal/Desktop/Workspace/airflow_tutorial/py_env/lib/python3.12/site-packages/airflow/example_dags/example_inlet_event_extra.py
[2024-09-01T01:15:34.949+0530] {processor.py:925} INFO - DAG(s) 'read_dataset_event', 'read_dataset_event_from_classic' retrieved from /Users/ravipal/Desktop/Workspace/airflow_tutorial/py_env/lib/python3.12/site-packages/airflow/example_dags/example_inlet_event_extra.py
[2024-09-01T01:15:34.981+0530] {logging_mixin.py:190} INFO - [2024-09-01T01:15:34.981+0530] {dag.py:3211} INFO - Sync 2 DAGs
[2024-09-01T01:15:34.988+0530] {logging_mixin.py:190} INFO - [2024-09-01T01:15:34.988+0530] {dag.py:4138} INFO - Setting next_dagrun for read_dataset_event to 2024-08-30 00:00:00+00:00, run_after=2024-08-31 00:00:00+00:00
[2024-09-01T01:15:34.989+0530] {logging_mixin.py:190} INFO - [2024-09-01T01:15:34.989+0530] {dag.py:4138} INFO - Setting next_dagrun for read_dataset_event_from_classic to 2024-08-30 00:00:00+00:00, run_after=2024-08-31 00:00:00+00:00
[2024-09-01T01:15:34.995+0530] {processor.py:208} INFO - Processing /Users/ravipal/Desktop/Workspace/airflow_tutorial/py_env/lib/python3.12/site-packages/airflow/example_dags/example_inlet_event_extra.py took 0.077 seconds
[2024-09-01T01:17:46.108+0530] {processor.py:186} INFO - Started process (PID=4971) to work on /Users/ravipal/Desktop/Workspace/airflow_tutorial/py_env/lib/python3.12/site-packages/airflow/example_dags/example_inlet_event_extra.py
[2024-09-01T01:17:46.109+0530] {processor.py:914} INFO - Processing file /Users/ravipal/Desktop/Workspace/airflow_tutorial/py_env/lib/python3.12/site-packages/airflow/example_dags/example_inlet_event_extra.py for tasks to queue
[2024-09-01T01:17:46.109+0530] {logging_mixin.py:190} INFO - [2024-09-01T01:17:46.109+0530] {dagbag.py:587} INFO - Filling up the DagBag from /Users/ravipal/Desktop/Workspace/airflow_tutorial/py_env/lib/python3.12/site-packages/airflow/example_dags/example_inlet_event_extra.py
[2024-09-01T01:17:46.136+0530] {processor.py:925} INFO - DAG(s) 'read_dataset_event_from_classic', 'read_dataset_event' retrieved from /Users/ravipal/Desktop/Workspace/airflow_tutorial/py_env/lib/python3.12/site-packages/airflow/example_dags/example_inlet_event_extra.py
[2024-09-01T01:17:46.169+0530] {logging_mixin.py:190} INFO - [2024-09-01T01:17:46.169+0530] {dag.py:3211} INFO - Sync 2 DAGs
[2024-09-01T01:17:46.176+0530] {logging_mixin.py:190} INFO - [2024-09-01T01:17:46.176+0530] {dag.py:4138} INFO - Setting next_dagrun for read_dataset_event to 2024-08-30 00:00:00+00:00, run_after=2024-08-31 00:00:00+00:00
[2024-09-01T01:17:46.178+0530] {logging_mixin.py:190} INFO - [2024-09-01T01:17:46.178+0530] {dag.py:4138} INFO - Setting next_dagrun for read_dataset_event_from_classic to 2024-08-30 00:00:00+00:00, run_after=2024-08-31 00:00:00+00:00
[2024-09-01T01:17:46.184+0530] {processor.py:208} INFO - Processing /Users/ravipal/Desktop/Workspace/airflow_tutorial/py_env/lib/python3.12/site-packages/airflow/example_dags/example_inlet_event_extra.py took 0.078 seconds
