[2024-09-01T00:24:11.468+0530] {processor.py:186} INFO - Started process (PID=1497) to work on /Users/ravipal/Desktop/Workspace/airflow_tutorial/py_env/lib/python3.12/site-packages/airflow/example_dags/example_branch_datetime_operator.py
[2024-09-01T00:24:11.468+0530] {processor.py:914} INFO - Processing file /Users/ravipal/Desktop/Workspace/airflow_tutorial/py_env/lib/python3.12/site-packages/airflow/example_dags/example_branch_datetime_operator.py for tasks to queue
[2024-09-01T00:24:11.469+0530] {logging_mixin.py:190} INFO - [2024-09-01T00:24:11.469+0530] {dagbag.py:587} INFO - Filling up the DagBag from /Users/ravipal/Desktop/Workspace/airflow_tutorial/py_env/lib/python3.12/site-packages/airflow/example_dags/example_branch_datetime_operator.py
[2024-09-01T00:24:11.474+0530] {processor.py:925} INFO - DAG(s) 'example_branch_datetime_operator', 'example_branch_datetime_operator_3', 'example_branch_datetime_operator_2' retrieved from /Users/ravipal/Desktop/Workspace/airflow_tutorial/py_env/lib/python3.12/site-packages/airflow/example_dags/example_branch_datetime_operator.py
[2024-09-01T00:24:11.543+0530] {logging_mixin.py:190} INFO - [2024-09-01T00:24:11.543+0530] {override.py:1858} INFO - Created Permission View: can edit on DAG:example_branch_datetime_operator
[2024-09-01T00:24:11.546+0530] {logging_mixin.py:190} INFO - [2024-09-01T00:24:11.546+0530] {override.py:1858} INFO - Created Permission View: can delete on DAG:example_branch_datetime_operator
[2024-09-01T00:24:11.548+0530] {logging_mixin.py:190} INFO - [2024-09-01T00:24:11.548+0530] {override.py:1858} INFO - Created Permission View: can read on DAG:example_branch_datetime_operator
[2024-09-01T00:24:11.554+0530] {logging_mixin.py:190} INFO - [2024-09-01T00:24:11.554+0530] {override.py:1858} INFO - Created Permission View: can edit on DAG:example_branch_datetime_operator_3
[2024-09-01T00:24:11.556+0530] {logging_mixin.py:190} INFO - [2024-09-01T00:24:11.556+0530] {override.py:1858} INFO - Created Permission View: can delete on DAG:example_branch_datetime_operator_3
[2024-09-01T00:24:11.559+0530] {logging_mixin.py:190} INFO - [2024-09-01T00:24:11.559+0530] {override.py:1858} INFO - Created Permission View: can read on DAG:example_branch_datetime_operator_3
[2024-09-01T00:24:11.563+0530] {logging_mixin.py:190} INFO - [2024-09-01T00:24:11.563+0530] {override.py:1858} INFO - Created Permission View: can edit on DAG:example_branch_datetime_operator_2
[2024-09-01T00:24:11.565+0530] {logging_mixin.py:190} INFO - [2024-09-01T00:24:11.565+0530] {override.py:1858} INFO - Created Permission View: can delete on DAG:example_branch_datetime_operator_2
[2024-09-01T00:24:11.567+0530] {logging_mixin.py:190} INFO - [2024-09-01T00:24:11.567+0530] {override.py:1858} INFO - Created Permission View: can read on DAG:example_branch_datetime_operator_2
[2024-09-01T00:24:11.568+0530] {logging_mixin.py:190} INFO - [2024-09-01T00:24:11.568+0530] {dag.py:3211} INFO - Sync 3 DAGs
[2024-09-01T00:24:11.572+0530] {logging_mixin.py:190} INFO - [2024-09-01T00:24:11.572+0530] {dag.py:3234} INFO - Creating ORM DAG for example_branch_datetime_operator
[2024-09-01T00:24:11.572+0530] {logging_mixin.py:190} INFO - [2024-09-01T00:24:11.572+0530] {dag.py:3234} INFO - Creating ORM DAG for example_branch_datetime_operator_2
[2024-09-01T00:24:11.572+0530] {logging_mixin.py:190} INFO - [2024-09-01T00:24:11.572+0530] {dag.py:3234} INFO - Creating ORM DAG for example_branch_datetime_operator_3
[2024-09-01T00:24:11.576+0530] {logging_mixin.py:190} INFO - [2024-09-01T00:24:11.576+0530] {dag.py:4138} INFO - Setting next_dagrun for example_branch_datetime_operator to 2024-08-30 00:00:00+00:00, run_after=2024-08-31 00:00:00+00:00
[2024-09-01T00:24:11.577+0530] {logging_mixin.py:190} INFO - [2024-09-01T00:24:11.577+0530] {dag.py:4138} INFO - Setting next_dagrun for example_branch_datetime_operator_2 to 2024-08-30 00:00:00+00:00, run_after=2024-08-31 00:00:00+00:00
[2024-09-01T00:24:11.577+0530] {logging_mixin.py:190} INFO - [2024-09-01T00:24:11.577+0530] {dag.py:4138} INFO - Setting next_dagrun for example_branch_datetime_operator_3 to 2024-08-30 00:00:00+00:00, run_after=2024-08-31 00:00:00+00:00
[2024-09-01T00:24:11.613+0530] {processor.py:208} INFO - Processing /Users/ravipal/Desktop/Workspace/airflow_tutorial/py_env/lib/python3.12/site-packages/airflow/example_dags/example_branch_datetime_operator.py took 0.148 seconds
[2024-09-01T00:26:27.244+0530] {processor.py:186} INFO - Started process (PID=1634) to work on /Users/ravipal/Desktop/Workspace/airflow_tutorial/py_env/lib/python3.12/site-packages/airflow/example_dags/example_branch_datetime_operator.py
[2024-09-01T00:26:27.245+0530] {processor.py:914} INFO - Processing file /Users/ravipal/Desktop/Workspace/airflow_tutorial/py_env/lib/python3.12/site-packages/airflow/example_dags/example_branch_datetime_operator.py for tasks to queue
[2024-09-01T00:26:27.245+0530] {logging_mixin.py:190} INFO - [2024-09-01T00:26:27.245+0530] {dagbag.py:587} INFO - Filling up the DagBag from /Users/ravipal/Desktop/Workspace/airflow_tutorial/py_env/lib/python3.12/site-packages/airflow/example_dags/example_branch_datetime_operator.py
[2024-09-01T00:26:27.250+0530] {processor.py:925} INFO - DAG(s) 'example_branch_datetime_operator_2', 'example_branch_datetime_operator_3', 'example_branch_datetime_operator' retrieved from /Users/ravipal/Desktop/Workspace/airflow_tutorial/py_env/lib/python3.12/site-packages/airflow/example_dags/example_branch_datetime_operator.py
[2024-09-01T00:26:27.288+0530] {logging_mixin.py:190} INFO - [2024-09-01T00:26:27.288+0530] {dag.py:3211} INFO - Sync 3 DAGs
[2024-09-01T00:26:27.295+0530] {logging_mixin.py:190} INFO - [2024-09-01T00:26:27.294+0530] {dag.py:4138} INFO - Setting next_dagrun for example_branch_datetime_operator to 2024-08-30 00:00:00+00:00, run_after=2024-08-31 00:00:00+00:00
[2024-09-01T00:26:27.296+0530] {logging_mixin.py:190} INFO - [2024-09-01T00:26:27.296+0530] {dag.py:4138} INFO - Setting next_dagrun for example_branch_datetime_operator_2 to 2024-08-30 00:00:00+00:00, run_after=2024-08-31 00:00:00+00:00
[2024-09-01T00:26:27.297+0530] {logging_mixin.py:190} INFO - [2024-09-01T00:26:27.297+0530] {dag.py:4138} INFO - Setting next_dagrun for example_branch_datetime_operator_3 to 2024-08-30 00:00:00+00:00, run_after=2024-08-31 00:00:00+00:00
[2024-09-01T00:26:27.303+0530] {processor.py:208} INFO - Processing /Users/ravipal/Desktop/Workspace/airflow_tutorial/py_env/lib/python3.12/site-packages/airflow/example_dags/example_branch_datetime_operator.py took 0.061 seconds
[2024-09-01T00:28:44.990+0530] {processor.py:186} INFO - Started process (PID=1962) to work on /Users/ravipal/Desktop/Workspace/airflow_tutorial/py_env/lib/python3.12/site-packages/airflow/example_dags/example_branch_datetime_operator.py
[2024-09-01T00:28:44.991+0530] {processor.py:914} INFO - Processing file /Users/ravipal/Desktop/Workspace/airflow_tutorial/py_env/lib/python3.12/site-packages/airflow/example_dags/example_branch_datetime_operator.py for tasks to queue
[2024-09-01T00:28:44.991+0530] {logging_mixin.py:190} INFO - [2024-09-01T00:28:44.991+0530] {dagbag.py:587} INFO - Filling up the DagBag from /Users/ravipal/Desktop/Workspace/airflow_tutorial/py_env/lib/python3.12/site-packages/airflow/example_dags/example_branch_datetime_operator.py
[2024-09-01T00:28:44.997+0530] {processor.py:925} INFO - DAG(s) 'example_branch_datetime_operator_2', 'example_branch_datetime_operator_3', 'example_branch_datetime_operator' retrieved from /Users/ravipal/Desktop/Workspace/airflow_tutorial/py_env/lib/python3.12/site-packages/airflow/example_dags/example_branch_datetime_operator.py
[2024-09-01T00:28:45.037+0530] {logging_mixin.py:190} INFO - [2024-09-01T00:28:45.037+0530] {dag.py:3211} INFO - Sync 3 DAGs
[2024-09-01T00:28:45.044+0530] {logging_mixin.py:190} INFO - [2024-09-01T00:28:45.044+0530] {dag.py:4138} INFO - Setting next_dagrun for example_branch_datetime_operator to 2024-08-30 00:00:00+00:00, run_after=2024-08-31 00:00:00+00:00
[2024-09-01T00:28:45.045+0530] {logging_mixin.py:190} INFO - [2024-09-01T00:28:45.045+0530] {dag.py:4138} INFO - Setting next_dagrun for example_branch_datetime_operator_2 to 2024-08-30 00:00:00+00:00, run_after=2024-08-31 00:00:00+00:00
[2024-09-01T00:28:45.046+0530] {logging_mixin.py:190} INFO - [2024-09-01T00:28:45.046+0530] {dag.py:4138} INFO - Setting next_dagrun for example_branch_datetime_operator_3 to 2024-08-30 00:00:00+00:00, run_after=2024-08-31 00:00:00+00:00
[2024-09-01T00:28:45.052+0530] {processor.py:208} INFO - Processing /Users/ravipal/Desktop/Workspace/airflow_tutorial/py_env/lib/python3.12/site-packages/airflow/example_dags/example_branch_datetime_operator.py took 0.065 seconds
[2024-09-01T00:30:52.264+0530] {processor.py:186} INFO - Started process (PID=2094) to work on /Users/ravipal/Desktop/Workspace/airflow_tutorial/py_env/lib/python3.12/site-packages/airflow/example_dags/example_branch_datetime_operator.py
[2024-09-01T00:30:52.265+0530] {processor.py:914} INFO - Processing file /Users/ravipal/Desktop/Workspace/airflow_tutorial/py_env/lib/python3.12/site-packages/airflow/example_dags/example_branch_datetime_operator.py for tasks to queue
[2024-09-01T00:30:52.265+0530] {logging_mixin.py:190} INFO - [2024-09-01T00:30:52.265+0530] {dagbag.py:587} INFO - Filling up the DagBag from /Users/ravipal/Desktop/Workspace/airflow_tutorial/py_env/lib/python3.12/site-packages/airflow/example_dags/example_branch_datetime_operator.py
[2024-09-01T00:30:52.270+0530] {processor.py:925} INFO - DAG(s) 'example_branch_datetime_operator_2', 'example_branch_datetime_operator_3', 'example_branch_datetime_operator' retrieved from /Users/ravipal/Desktop/Workspace/airflow_tutorial/py_env/lib/python3.12/site-packages/airflow/example_dags/example_branch_datetime_operator.py
[2024-09-01T00:30:52.307+0530] {logging_mixin.py:190} INFO - [2024-09-01T00:30:52.307+0530] {dag.py:3211} INFO - Sync 3 DAGs
[2024-09-01T00:30:52.313+0530] {logging_mixin.py:190} INFO - [2024-09-01T00:30:52.313+0530] {dag.py:4138} INFO - Setting next_dagrun for example_branch_datetime_operator to 2024-08-30 00:00:00+00:00, run_after=2024-08-31 00:00:00+00:00
[2024-09-01T00:30:52.315+0530] {logging_mixin.py:190} INFO - [2024-09-01T00:30:52.314+0530] {dag.py:4138} INFO - Setting next_dagrun for example_branch_datetime_operator_2 to 2024-08-30 00:00:00+00:00, run_after=2024-08-31 00:00:00+00:00
[2024-09-01T00:30:52.315+0530] {logging_mixin.py:190} INFO - [2024-09-01T00:30:52.315+0530] {dag.py:4138} INFO - Setting next_dagrun for example_branch_datetime_operator_3 to 2024-08-30 00:00:00+00:00, run_after=2024-08-31 00:00:00+00:00
[2024-09-01T00:30:52.321+0530] {processor.py:208} INFO - Processing /Users/ravipal/Desktop/Workspace/airflow_tutorial/py_env/lib/python3.12/site-packages/airflow/example_dags/example_branch_datetime_operator.py took 0.059 seconds
[2024-09-01T00:33:07.074+0530] {processor.py:186} INFO - Started process (PID=2227) to work on /Users/ravipal/Desktop/Workspace/airflow_tutorial/py_env/lib/python3.12/site-packages/airflow/example_dags/example_branch_datetime_operator.py
[2024-09-01T00:33:07.075+0530] {processor.py:914} INFO - Processing file /Users/ravipal/Desktop/Workspace/airflow_tutorial/py_env/lib/python3.12/site-packages/airflow/example_dags/example_branch_datetime_operator.py for tasks to queue
[2024-09-01T00:33:07.075+0530] {logging_mixin.py:190} INFO - [2024-09-01T00:33:07.075+0530] {dagbag.py:587} INFO - Filling up the DagBag from /Users/ravipal/Desktop/Workspace/airflow_tutorial/py_env/lib/python3.12/site-packages/airflow/example_dags/example_branch_datetime_operator.py
[2024-09-01T00:33:07.081+0530] {processor.py:925} INFO - DAG(s) 'example_branch_datetime_operator_2', 'example_branch_datetime_operator', 'example_branch_datetime_operator_3' retrieved from /Users/ravipal/Desktop/Workspace/airflow_tutorial/py_env/lib/python3.12/site-packages/airflow/example_dags/example_branch_datetime_operator.py
[2024-09-01T00:33:07.119+0530] {logging_mixin.py:190} INFO - [2024-09-01T00:33:07.119+0530] {dag.py:3211} INFO - Sync 3 DAGs
[2024-09-01T00:33:07.125+0530] {logging_mixin.py:190} INFO - [2024-09-01T00:33:07.125+0530] {dag.py:4138} INFO - Setting next_dagrun for example_branch_datetime_operator to 2024-08-30 00:00:00+00:00, run_after=2024-08-31 00:00:00+00:00
[2024-09-01T00:33:07.127+0530] {logging_mixin.py:190} INFO - [2024-09-01T00:33:07.127+0530] {dag.py:4138} INFO - Setting next_dagrun for example_branch_datetime_operator_2 to 2024-08-30 00:00:00+00:00, run_after=2024-08-31 00:00:00+00:00
[2024-09-01T00:33:07.128+0530] {logging_mixin.py:190} INFO - [2024-09-01T00:33:07.127+0530] {dag.py:4138} INFO - Setting next_dagrun for example_branch_datetime_operator_3 to 2024-08-30 00:00:00+00:00, run_after=2024-08-31 00:00:00+00:00
[2024-09-01T00:33:07.133+0530] {processor.py:208} INFO - Processing /Users/ravipal/Desktop/Workspace/airflow_tutorial/py_env/lib/python3.12/site-packages/airflow/example_dags/example_branch_datetime_operator.py took 0.061 seconds
[2024-09-01T00:35:24.592+0530] {processor.py:186} INFO - Started process (PID=2364) to work on /Users/ravipal/Desktop/Workspace/airflow_tutorial/py_env/lib/python3.12/site-packages/airflow/example_dags/example_branch_datetime_operator.py
[2024-09-01T00:35:24.592+0530] {processor.py:914} INFO - Processing file /Users/ravipal/Desktop/Workspace/airflow_tutorial/py_env/lib/python3.12/site-packages/airflow/example_dags/example_branch_datetime_operator.py for tasks to queue
[2024-09-01T00:35:24.593+0530] {logging_mixin.py:190} INFO - [2024-09-01T00:35:24.593+0530] {dagbag.py:587} INFO - Filling up the DagBag from /Users/ravipal/Desktop/Workspace/airflow_tutorial/py_env/lib/python3.12/site-packages/airflow/example_dags/example_branch_datetime_operator.py
[2024-09-01T00:35:24.598+0530] {processor.py:925} INFO - DAG(s) 'example_branch_datetime_operator_3', 'example_branch_datetime_operator', 'example_branch_datetime_operator_2' retrieved from /Users/ravipal/Desktop/Workspace/airflow_tutorial/py_env/lib/python3.12/site-packages/airflow/example_dags/example_branch_datetime_operator.py
[2024-09-01T00:35:24.634+0530] {logging_mixin.py:190} INFO - [2024-09-01T00:35:24.634+0530] {dag.py:3211} INFO - Sync 3 DAGs
[2024-09-01T00:35:24.640+0530] {logging_mixin.py:190} INFO - [2024-09-01T00:35:24.640+0530] {dag.py:4138} INFO - Setting next_dagrun for example_branch_datetime_operator to 2024-08-30 00:00:00+00:00, run_after=2024-08-31 00:00:00+00:00
[2024-09-01T00:35:24.642+0530] {logging_mixin.py:190} INFO - [2024-09-01T00:35:24.642+0530] {dag.py:4138} INFO - Setting next_dagrun for example_branch_datetime_operator_2 to 2024-08-30 00:00:00+00:00, run_after=2024-08-31 00:00:00+00:00
[2024-09-01T00:35:24.642+0530] {logging_mixin.py:190} INFO - [2024-09-01T00:35:24.642+0530] {dag.py:4138} INFO - Setting next_dagrun for example_branch_datetime_operator_3 to 2024-08-30 00:00:00+00:00, run_after=2024-08-31 00:00:00+00:00
[2024-09-01T00:35:24.648+0530] {processor.py:208} INFO - Processing /Users/ravipal/Desktop/Workspace/airflow_tutorial/py_env/lib/python3.12/site-packages/airflow/example_dags/example_branch_datetime_operator.py took 0.058 seconds
[2024-09-01T00:37:37.499+0530] {processor.py:186} INFO - Started process (PID=2497) to work on /Users/ravipal/Desktop/Workspace/airflow_tutorial/py_env/lib/python3.12/site-packages/airflow/example_dags/example_branch_datetime_operator.py
[2024-09-01T00:37:37.499+0530] {processor.py:914} INFO - Processing file /Users/ravipal/Desktop/Workspace/airflow_tutorial/py_env/lib/python3.12/site-packages/airflow/example_dags/example_branch_datetime_operator.py for tasks to queue
[2024-09-01T00:37:37.499+0530] {logging_mixin.py:190} INFO - [2024-09-01T00:37:37.499+0530] {dagbag.py:587} INFO - Filling up the DagBag from /Users/ravipal/Desktop/Workspace/airflow_tutorial/py_env/lib/python3.12/site-packages/airflow/example_dags/example_branch_datetime_operator.py
[2024-09-01T00:37:37.504+0530] {processor.py:925} INFO - DAG(s) 'example_branch_datetime_operator_2', 'example_branch_datetime_operator', 'example_branch_datetime_operator_3' retrieved from /Users/ravipal/Desktop/Workspace/airflow_tutorial/py_env/lib/python3.12/site-packages/airflow/example_dags/example_branch_datetime_operator.py
[2024-09-01T00:37:37.539+0530] {logging_mixin.py:190} INFO - [2024-09-01T00:37:37.539+0530] {dag.py:3211} INFO - Sync 3 DAGs
[2024-09-01T00:37:37.545+0530] {logging_mixin.py:190} INFO - [2024-09-01T00:37:37.545+0530] {dag.py:4138} INFO - Setting next_dagrun for example_branch_datetime_operator to 2024-08-30 00:00:00+00:00, run_after=2024-08-31 00:00:00+00:00
[2024-09-01T00:37:37.547+0530] {logging_mixin.py:190} INFO - [2024-09-01T00:37:37.547+0530] {dag.py:4138} INFO - Setting next_dagrun for example_branch_datetime_operator_2 to 2024-08-30 00:00:00+00:00, run_after=2024-08-31 00:00:00+00:00
[2024-09-01T00:37:37.547+0530] {logging_mixin.py:190} INFO - [2024-09-01T00:37:37.547+0530] {dag.py:4138} INFO - Setting next_dagrun for example_branch_datetime_operator_3 to 2024-08-30 00:00:00+00:00, run_after=2024-08-31 00:00:00+00:00
[2024-09-01T00:37:37.553+0530] {processor.py:208} INFO - Processing /Users/ravipal/Desktop/Workspace/airflow_tutorial/py_env/lib/python3.12/site-packages/airflow/example_dags/example_branch_datetime_operator.py took 0.057 seconds
[2024-09-01T00:39:42.971+0530] {processor.py:186} INFO - Started process (PID=2624) to work on /Users/ravipal/Desktop/Workspace/airflow_tutorial/py_env/lib/python3.12/site-packages/airflow/example_dags/example_branch_datetime_operator.py
[2024-09-01T00:39:42.971+0530] {processor.py:914} INFO - Processing file /Users/ravipal/Desktop/Workspace/airflow_tutorial/py_env/lib/python3.12/site-packages/airflow/example_dags/example_branch_datetime_operator.py for tasks to queue
[2024-09-01T00:39:42.972+0530] {logging_mixin.py:190} INFO - [2024-09-01T00:39:42.972+0530] {dagbag.py:587} INFO - Filling up the DagBag from /Users/ravipal/Desktop/Workspace/airflow_tutorial/py_env/lib/python3.12/site-packages/airflow/example_dags/example_branch_datetime_operator.py
[2024-09-01T00:39:42.977+0530] {processor.py:925} INFO - DAG(s) 'example_branch_datetime_operator_3', 'example_branch_datetime_operator', 'example_branch_datetime_operator_2' retrieved from /Users/ravipal/Desktop/Workspace/airflow_tutorial/py_env/lib/python3.12/site-packages/airflow/example_dags/example_branch_datetime_operator.py
[2024-09-01T00:39:43.014+0530] {logging_mixin.py:190} INFO - [2024-09-01T00:39:43.014+0530] {dag.py:3211} INFO - Sync 3 DAGs
[2024-09-01T00:39:43.021+0530] {logging_mixin.py:190} INFO - [2024-09-01T00:39:43.021+0530] {dag.py:4138} INFO - Setting next_dagrun for example_branch_datetime_operator to 2024-08-30 00:00:00+00:00, run_after=2024-08-31 00:00:00+00:00
[2024-09-01T00:39:43.022+0530] {logging_mixin.py:190} INFO - [2024-09-01T00:39:43.022+0530] {dag.py:4138} INFO - Setting next_dagrun for example_branch_datetime_operator_2 to 2024-08-30 00:00:00+00:00, run_after=2024-08-31 00:00:00+00:00
[2024-09-01T00:39:43.023+0530] {logging_mixin.py:190} INFO - [2024-09-01T00:39:43.023+0530] {dag.py:4138} INFO - Setting next_dagrun for example_branch_datetime_operator_3 to 2024-08-30 00:00:00+00:00, run_after=2024-08-31 00:00:00+00:00
[2024-09-01T00:39:43.029+0530] {processor.py:208} INFO - Processing /Users/ravipal/Desktop/Workspace/airflow_tutorial/py_env/lib/python3.12/site-packages/airflow/example_dags/example_branch_datetime_operator.py took 0.060 seconds
[2024-09-01T00:41:54.677+0530] {processor.py:186} INFO - Started process (PID=2754) to work on /Users/ravipal/Desktop/Workspace/airflow_tutorial/py_env/lib/python3.12/site-packages/airflow/example_dags/example_branch_datetime_operator.py
[2024-09-01T00:41:54.677+0530] {processor.py:914} INFO - Processing file /Users/ravipal/Desktop/Workspace/airflow_tutorial/py_env/lib/python3.12/site-packages/airflow/example_dags/example_branch_datetime_operator.py for tasks to queue
[2024-09-01T00:41:54.678+0530] {logging_mixin.py:190} INFO - [2024-09-01T00:41:54.678+0530] {dagbag.py:587} INFO - Filling up the DagBag from /Users/ravipal/Desktop/Workspace/airflow_tutorial/py_env/lib/python3.12/site-packages/airflow/example_dags/example_branch_datetime_operator.py
[2024-09-01T00:41:54.683+0530] {processor.py:925} INFO - DAG(s) 'example_branch_datetime_operator', 'example_branch_datetime_operator_3', 'example_branch_datetime_operator_2' retrieved from /Users/ravipal/Desktop/Workspace/airflow_tutorial/py_env/lib/python3.12/site-packages/airflow/example_dags/example_branch_datetime_operator.py
[2024-09-01T00:41:54.720+0530] {logging_mixin.py:190} INFO - [2024-09-01T00:41:54.720+0530] {dag.py:3211} INFO - Sync 3 DAGs
[2024-09-01T00:41:54.727+0530] {logging_mixin.py:190} INFO - [2024-09-01T00:41:54.727+0530] {dag.py:4138} INFO - Setting next_dagrun for example_branch_datetime_operator to 2024-08-30 00:00:00+00:00, run_after=2024-08-31 00:00:00+00:00
[2024-09-01T00:41:54.728+0530] {logging_mixin.py:190} INFO - [2024-09-01T00:41:54.728+0530] {dag.py:4138} INFO - Setting next_dagrun for example_branch_datetime_operator_2 to 2024-08-30 00:00:00+00:00, run_after=2024-08-31 00:00:00+00:00
[2024-09-01T00:41:54.729+0530] {logging_mixin.py:190} INFO - [2024-09-01T00:41:54.729+0530] {dag.py:4138} INFO - Setting next_dagrun for example_branch_datetime_operator_3 to 2024-08-30 00:00:00+00:00, run_after=2024-08-31 00:00:00+00:00
[2024-09-01T00:41:54.735+0530] {processor.py:208} INFO - Processing /Users/ravipal/Desktop/Workspace/airflow_tutorial/py_env/lib/python3.12/site-packages/airflow/example_dags/example_branch_datetime_operator.py took 0.060 seconds
[2024-09-01T00:44:09.368+0530] {processor.py:186} INFO - Started process (PID=2887) to work on /Users/ravipal/Desktop/Workspace/airflow_tutorial/py_env/lib/python3.12/site-packages/airflow/example_dags/example_branch_datetime_operator.py
[2024-09-01T00:44:09.369+0530] {processor.py:914} INFO - Processing file /Users/ravipal/Desktop/Workspace/airflow_tutorial/py_env/lib/python3.12/site-packages/airflow/example_dags/example_branch_datetime_operator.py for tasks to queue
[2024-09-01T00:44:09.369+0530] {logging_mixin.py:190} INFO - [2024-09-01T00:44:09.369+0530] {dagbag.py:587} INFO - Filling up the DagBag from /Users/ravipal/Desktop/Workspace/airflow_tutorial/py_env/lib/python3.12/site-packages/airflow/example_dags/example_branch_datetime_operator.py
[2024-09-01T00:44:09.374+0530] {processor.py:925} INFO - DAG(s) 'example_branch_datetime_operator_3', 'example_branch_datetime_operator', 'example_branch_datetime_operator_2' retrieved from /Users/ravipal/Desktop/Workspace/airflow_tutorial/py_env/lib/python3.12/site-packages/airflow/example_dags/example_branch_datetime_operator.py
[2024-09-01T00:44:09.411+0530] {logging_mixin.py:190} INFO - [2024-09-01T00:44:09.411+0530] {dag.py:3211} INFO - Sync 3 DAGs
[2024-09-01T00:44:09.417+0530] {logging_mixin.py:190} INFO - [2024-09-01T00:44:09.417+0530] {dag.py:4138} INFO - Setting next_dagrun for example_branch_datetime_operator to 2024-08-30 00:00:00+00:00, run_after=2024-08-31 00:00:00+00:00
[2024-09-01T00:44:09.418+0530] {logging_mixin.py:190} INFO - [2024-09-01T00:44:09.418+0530] {dag.py:4138} INFO - Setting next_dagrun for example_branch_datetime_operator_2 to 2024-08-30 00:00:00+00:00, run_after=2024-08-31 00:00:00+00:00
[2024-09-01T00:44:09.419+0530] {logging_mixin.py:190} INFO - [2024-09-01T00:44:09.419+0530] {dag.py:4138} INFO - Setting next_dagrun for example_branch_datetime_operator_3 to 2024-08-30 00:00:00+00:00, run_after=2024-08-31 00:00:00+00:00
[2024-09-01T00:44:09.425+0530] {processor.py:208} INFO - Processing /Users/ravipal/Desktop/Workspace/airflow_tutorial/py_env/lib/python3.12/site-packages/airflow/example_dags/example_branch_datetime_operator.py took 0.059 seconds
[2024-09-01T00:46:24.449+0530] {processor.py:186} INFO - Started process (PID=3021) to work on /Users/ravipal/Desktop/Workspace/airflow_tutorial/py_env/lib/python3.12/site-packages/airflow/example_dags/example_branch_datetime_operator.py
[2024-09-01T00:46:24.449+0530] {processor.py:914} INFO - Processing file /Users/ravipal/Desktop/Workspace/airflow_tutorial/py_env/lib/python3.12/site-packages/airflow/example_dags/example_branch_datetime_operator.py for tasks to queue
[2024-09-01T00:46:24.450+0530] {logging_mixin.py:190} INFO - [2024-09-01T00:46:24.450+0530] {dagbag.py:587} INFO - Filling up the DagBag from /Users/ravipal/Desktop/Workspace/airflow_tutorial/py_env/lib/python3.12/site-packages/airflow/example_dags/example_branch_datetime_operator.py
[2024-09-01T00:46:24.455+0530] {processor.py:925} INFO - DAG(s) 'example_branch_datetime_operator', 'example_branch_datetime_operator_2', 'example_branch_datetime_operator_3' retrieved from /Users/ravipal/Desktop/Workspace/airflow_tutorial/py_env/lib/python3.12/site-packages/airflow/example_dags/example_branch_datetime_operator.py
[2024-09-01T00:46:24.492+0530] {logging_mixin.py:190} INFO - [2024-09-01T00:46:24.492+0530] {dag.py:3211} INFO - Sync 3 DAGs
[2024-09-01T00:46:24.498+0530] {logging_mixin.py:190} INFO - [2024-09-01T00:46:24.498+0530] {dag.py:4138} INFO - Setting next_dagrun for example_branch_datetime_operator to 2024-08-30 00:00:00+00:00, run_after=2024-08-31 00:00:00+00:00
[2024-09-01T00:46:24.499+0530] {logging_mixin.py:190} INFO - [2024-09-01T00:46:24.499+0530] {dag.py:4138} INFO - Setting next_dagrun for example_branch_datetime_operator_2 to 2024-08-30 00:00:00+00:00, run_after=2024-08-31 00:00:00+00:00
[2024-09-01T00:46:24.500+0530] {logging_mixin.py:190} INFO - [2024-09-01T00:46:24.500+0530] {dag.py:4138} INFO - Setting next_dagrun for example_branch_datetime_operator_3 to 2024-08-30 00:00:00+00:00, run_after=2024-08-31 00:00:00+00:00
[2024-09-01T00:46:24.506+0530] {processor.py:208} INFO - Processing /Users/ravipal/Desktop/Workspace/airflow_tutorial/py_env/lib/python3.12/site-packages/airflow/example_dags/example_branch_datetime_operator.py took 0.059 seconds
[2024-09-01T00:48:32.491+0530] {processor.py:186} INFO - Started process (PID=3151) to work on /Users/ravipal/Desktop/Workspace/airflow_tutorial/py_env/lib/python3.12/site-packages/airflow/example_dags/example_branch_datetime_operator.py
[2024-09-01T00:48:32.491+0530] {processor.py:914} INFO - Processing file /Users/ravipal/Desktop/Workspace/airflow_tutorial/py_env/lib/python3.12/site-packages/airflow/example_dags/example_branch_datetime_operator.py for tasks to queue
[2024-09-01T00:48:32.492+0530] {logging_mixin.py:190} INFO - [2024-09-01T00:48:32.491+0530] {dagbag.py:587} INFO - Filling up the DagBag from /Users/ravipal/Desktop/Workspace/airflow_tutorial/py_env/lib/python3.12/site-packages/airflow/example_dags/example_branch_datetime_operator.py
[2024-09-01T00:48:32.497+0530] {processor.py:925} INFO - DAG(s) 'example_branch_datetime_operator_2', 'example_branch_datetime_operator_3', 'example_branch_datetime_operator' retrieved from /Users/ravipal/Desktop/Workspace/airflow_tutorial/py_env/lib/python3.12/site-packages/airflow/example_dags/example_branch_datetime_operator.py
[2024-09-01T00:48:32.534+0530] {logging_mixin.py:190} INFO - [2024-09-01T00:48:32.534+0530] {dag.py:3211} INFO - Sync 3 DAGs
[2024-09-01T00:48:32.540+0530] {logging_mixin.py:190} INFO - [2024-09-01T00:48:32.540+0530] {dag.py:4138} INFO - Setting next_dagrun for example_branch_datetime_operator to 2024-08-30 00:00:00+00:00, run_after=2024-08-31 00:00:00+00:00
[2024-09-01T00:48:32.542+0530] {logging_mixin.py:190} INFO - [2024-09-01T00:48:32.542+0530] {dag.py:4138} INFO - Setting next_dagrun for example_branch_datetime_operator_2 to 2024-08-30 00:00:00+00:00, run_after=2024-08-31 00:00:00+00:00
[2024-09-01T00:48:32.542+0530] {logging_mixin.py:190} INFO - [2024-09-01T00:48:32.542+0530] {dag.py:4138} INFO - Setting next_dagrun for example_branch_datetime_operator_3 to 2024-08-30 00:00:00+00:00, run_after=2024-08-31 00:00:00+00:00
[2024-09-01T00:48:32.548+0530] {processor.py:208} INFO - Processing /Users/ravipal/Desktop/Workspace/airflow_tutorial/py_env/lib/python3.12/site-packages/airflow/example_dags/example_branch_datetime_operator.py took 0.060 seconds
[2024-09-01T00:50:45.298+0530] {processor.py:186} INFO - Started process (PID=3307) to work on /Users/ravipal/Desktop/Workspace/airflow_tutorial/py_env/lib/python3.12/site-packages/airflow/example_dags/example_branch_datetime_operator.py
[2024-09-01T00:50:45.298+0530] {processor.py:914} INFO - Processing file /Users/ravipal/Desktop/Workspace/airflow_tutorial/py_env/lib/python3.12/site-packages/airflow/example_dags/example_branch_datetime_operator.py for tasks to queue
[2024-09-01T00:50:45.299+0530] {logging_mixin.py:190} INFO - [2024-09-01T00:50:45.298+0530] {dagbag.py:587} INFO - Filling up the DagBag from /Users/ravipal/Desktop/Workspace/airflow_tutorial/py_env/lib/python3.12/site-packages/airflow/example_dags/example_branch_datetime_operator.py
[2024-09-01T00:50:45.304+0530] {processor.py:925} INFO - DAG(s) 'example_branch_datetime_operator', 'example_branch_datetime_operator_2', 'example_branch_datetime_operator_3' retrieved from /Users/ravipal/Desktop/Workspace/airflow_tutorial/py_env/lib/python3.12/site-packages/airflow/example_dags/example_branch_datetime_operator.py
[2024-09-01T00:50:45.342+0530] {logging_mixin.py:190} INFO - [2024-09-01T00:50:45.342+0530] {dag.py:3211} INFO - Sync 3 DAGs
[2024-09-01T00:50:45.348+0530] {logging_mixin.py:190} INFO - [2024-09-01T00:50:45.348+0530] {dag.py:4138} INFO - Setting next_dagrun for example_branch_datetime_operator to 2024-08-30 00:00:00+00:00, run_after=2024-08-31 00:00:00+00:00
[2024-09-01T00:50:45.350+0530] {logging_mixin.py:190} INFO - [2024-09-01T00:50:45.350+0530] {dag.py:4138} INFO - Setting next_dagrun for example_branch_datetime_operator_2 to 2024-08-30 00:00:00+00:00, run_after=2024-08-31 00:00:00+00:00
[2024-09-01T00:50:45.350+0530] {logging_mixin.py:190} INFO - [2024-09-01T00:50:45.350+0530] {dag.py:4138} INFO - Setting next_dagrun for example_branch_datetime_operator_3 to 2024-08-30 00:00:00+00:00, run_after=2024-08-31 00:00:00+00:00
[2024-09-01T00:50:45.356+0530] {processor.py:208} INFO - Processing /Users/ravipal/Desktop/Workspace/airflow_tutorial/py_env/lib/python3.12/site-packages/airflow/example_dags/example_branch_datetime_operator.py took 0.060 seconds
[2024-09-01T00:52:56.876+0530] {processor.py:186} INFO - Started process (PID=3443) to work on /Users/ravipal/Desktop/Workspace/airflow_tutorial/py_env/lib/python3.12/site-packages/airflow/example_dags/example_branch_datetime_operator.py
[2024-09-01T00:52:56.877+0530] {processor.py:914} INFO - Processing file /Users/ravipal/Desktop/Workspace/airflow_tutorial/py_env/lib/python3.12/site-packages/airflow/example_dags/example_branch_datetime_operator.py for tasks to queue
[2024-09-01T00:52:56.877+0530] {logging_mixin.py:190} INFO - [2024-09-01T00:52:56.877+0530] {dagbag.py:587} INFO - Filling up the DagBag from /Users/ravipal/Desktop/Workspace/airflow_tutorial/py_env/lib/python3.12/site-packages/airflow/example_dags/example_branch_datetime_operator.py
[2024-09-01T00:52:56.882+0530] {processor.py:925} INFO - DAG(s) 'example_branch_datetime_operator', 'example_branch_datetime_operator_3', 'example_branch_datetime_operator_2' retrieved from /Users/ravipal/Desktop/Workspace/airflow_tutorial/py_env/lib/python3.12/site-packages/airflow/example_dags/example_branch_datetime_operator.py
[2024-09-01T00:52:56.919+0530] {logging_mixin.py:190} INFO - [2024-09-01T00:52:56.919+0530] {dag.py:3211} INFO - Sync 3 DAGs
[2024-09-01T00:52:56.925+0530] {logging_mixin.py:190} INFO - [2024-09-01T00:52:56.925+0530] {dag.py:4138} INFO - Setting next_dagrun for example_branch_datetime_operator to 2024-08-30 00:00:00+00:00, run_after=2024-08-31 00:00:00+00:00
[2024-09-01T00:52:56.927+0530] {logging_mixin.py:190} INFO - [2024-09-01T00:52:56.927+0530] {dag.py:4138} INFO - Setting next_dagrun for example_branch_datetime_operator_2 to 2024-08-30 00:00:00+00:00, run_after=2024-08-31 00:00:00+00:00
[2024-09-01T00:52:56.928+0530] {logging_mixin.py:190} INFO - [2024-09-01T00:52:56.927+0530] {dag.py:4138} INFO - Setting next_dagrun for example_branch_datetime_operator_3 to 2024-08-30 00:00:00+00:00, run_after=2024-08-31 00:00:00+00:00
[2024-09-01T00:52:56.933+0530] {processor.py:208} INFO - Processing /Users/ravipal/Desktop/Workspace/airflow_tutorial/py_env/lib/python3.12/site-packages/airflow/example_dags/example_branch_datetime_operator.py took 0.059 seconds
[2024-09-01T00:55:08.684+0530] {processor.py:186} INFO - Started process (PID=3574) to work on /Users/ravipal/Desktop/Workspace/airflow_tutorial/py_env/lib/python3.12/site-packages/airflow/example_dags/example_branch_datetime_operator.py
[2024-09-01T00:55:08.685+0530] {processor.py:914} INFO - Processing file /Users/ravipal/Desktop/Workspace/airflow_tutorial/py_env/lib/python3.12/site-packages/airflow/example_dags/example_branch_datetime_operator.py for tasks to queue
[2024-09-01T00:55:08.685+0530] {logging_mixin.py:190} INFO - [2024-09-01T00:55:08.685+0530] {dagbag.py:587} INFO - Filling up the DagBag from /Users/ravipal/Desktop/Workspace/airflow_tutorial/py_env/lib/python3.12/site-packages/airflow/example_dags/example_branch_datetime_operator.py
[2024-09-01T00:55:08.690+0530] {processor.py:925} INFO - DAG(s) 'example_branch_datetime_operator_2', 'example_branch_datetime_operator', 'example_branch_datetime_operator_3' retrieved from /Users/ravipal/Desktop/Workspace/airflow_tutorial/py_env/lib/python3.12/site-packages/airflow/example_dags/example_branch_datetime_operator.py
[2024-09-01T00:55:08.727+0530] {logging_mixin.py:190} INFO - [2024-09-01T00:55:08.727+0530] {dag.py:3211} INFO - Sync 3 DAGs
[2024-09-01T00:55:08.734+0530] {logging_mixin.py:190} INFO - [2024-09-01T00:55:08.734+0530] {dag.py:4138} INFO - Setting next_dagrun for example_branch_datetime_operator to 2024-08-30 00:00:00+00:00, run_after=2024-08-31 00:00:00+00:00
[2024-09-01T00:55:08.735+0530] {logging_mixin.py:190} INFO - [2024-09-01T00:55:08.735+0530] {dag.py:4138} INFO - Setting next_dagrun for example_branch_datetime_operator_2 to 2024-08-30 00:00:00+00:00, run_after=2024-08-31 00:00:00+00:00
[2024-09-01T00:55:08.736+0530] {logging_mixin.py:190} INFO - [2024-09-01T00:55:08.736+0530] {dag.py:4138} INFO - Setting next_dagrun for example_branch_datetime_operator_3 to 2024-08-30 00:00:00+00:00, run_after=2024-08-31 00:00:00+00:00
[2024-09-01T00:55:08.742+0530] {processor.py:208} INFO - Processing /Users/ravipal/Desktop/Workspace/airflow_tutorial/py_env/lib/python3.12/site-packages/airflow/example_dags/example_branch_datetime_operator.py took 0.059 seconds
[2024-09-01T00:57:20.798+0530] {processor.py:186} INFO - Started process (PID=3703) to work on /Users/ravipal/Desktop/Workspace/airflow_tutorial/py_env/lib/python3.12/site-packages/airflow/example_dags/example_branch_datetime_operator.py
[2024-09-01T00:57:20.798+0530] {processor.py:914} INFO - Processing file /Users/ravipal/Desktop/Workspace/airflow_tutorial/py_env/lib/python3.12/site-packages/airflow/example_dags/example_branch_datetime_operator.py for tasks to queue
[2024-09-01T00:57:20.798+0530] {logging_mixin.py:190} INFO - [2024-09-01T00:57:20.798+0530] {dagbag.py:587} INFO - Filling up the DagBag from /Users/ravipal/Desktop/Workspace/airflow_tutorial/py_env/lib/python3.12/site-packages/airflow/example_dags/example_branch_datetime_operator.py
[2024-09-01T00:57:20.804+0530] {processor.py:925} INFO - DAG(s) 'example_branch_datetime_operator_2', 'example_branch_datetime_operator_3', 'example_branch_datetime_operator' retrieved from /Users/ravipal/Desktop/Workspace/airflow_tutorial/py_env/lib/python3.12/site-packages/airflow/example_dags/example_branch_datetime_operator.py
[2024-09-01T00:57:20.840+0530] {logging_mixin.py:190} INFO - [2024-09-01T00:57:20.840+0530] {dag.py:3211} INFO - Sync 3 DAGs
[2024-09-01T00:57:20.847+0530] {logging_mixin.py:190} INFO - [2024-09-01T00:57:20.847+0530] {dag.py:4138} INFO - Setting next_dagrun for example_branch_datetime_operator to 2024-08-30 00:00:00+00:00, run_after=2024-08-31 00:00:00+00:00
[2024-09-01T00:57:20.848+0530] {logging_mixin.py:190} INFO - [2024-09-01T00:57:20.848+0530] {dag.py:4138} INFO - Setting next_dagrun for example_branch_datetime_operator_2 to 2024-08-30 00:00:00+00:00, run_after=2024-08-31 00:00:00+00:00
[2024-09-01T00:57:20.849+0530] {logging_mixin.py:190} INFO - [2024-09-01T00:57:20.849+0530] {dag.py:4138} INFO - Setting next_dagrun for example_branch_datetime_operator_3 to 2024-08-30 00:00:00+00:00, run_after=2024-08-31 00:00:00+00:00
[2024-09-01T00:57:20.854+0530] {processor.py:208} INFO - Processing /Users/ravipal/Desktop/Workspace/airflow_tutorial/py_env/lib/python3.12/site-packages/airflow/example_dags/example_branch_datetime_operator.py took 0.059 seconds
[2024-09-01T00:59:31.593+0530] {processor.py:186} INFO - Started process (PID=3834) to work on /Users/ravipal/Desktop/Workspace/airflow_tutorial/py_env/lib/python3.12/site-packages/airflow/example_dags/example_branch_datetime_operator.py
[2024-09-01T00:59:31.594+0530] {processor.py:914} INFO - Processing file /Users/ravipal/Desktop/Workspace/airflow_tutorial/py_env/lib/python3.12/site-packages/airflow/example_dags/example_branch_datetime_operator.py for tasks to queue
[2024-09-01T00:59:31.594+0530] {logging_mixin.py:190} INFO - [2024-09-01T00:59:31.594+0530] {dagbag.py:587} INFO - Filling up the DagBag from /Users/ravipal/Desktop/Workspace/airflow_tutorial/py_env/lib/python3.12/site-packages/airflow/example_dags/example_branch_datetime_operator.py
[2024-09-01T00:59:31.599+0530] {processor.py:925} INFO - DAG(s) 'example_branch_datetime_operator_3', 'example_branch_datetime_operator_2', 'example_branch_datetime_operator' retrieved from /Users/ravipal/Desktop/Workspace/airflow_tutorial/py_env/lib/python3.12/site-packages/airflow/example_dags/example_branch_datetime_operator.py
[2024-09-01T00:59:31.638+0530] {logging_mixin.py:190} INFO - [2024-09-01T00:59:31.637+0530] {dag.py:3211} INFO - Sync 3 DAGs
[2024-09-01T00:59:31.645+0530] {logging_mixin.py:190} INFO - [2024-09-01T00:59:31.644+0530] {dag.py:4138} INFO - Setting next_dagrun for example_branch_datetime_operator to 2024-08-30 00:00:00+00:00, run_after=2024-08-31 00:00:00+00:00
[2024-09-01T00:59:31.646+0530] {logging_mixin.py:190} INFO - [2024-09-01T00:59:31.646+0530] {dag.py:4138} INFO - Setting next_dagrun for example_branch_datetime_operator_2 to 2024-08-30 00:00:00+00:00, run_after=2024-08-31 00:00:00+00:00
[2024-09-01T00:59:31.647+0530] {logging_mixin.py:190} INFO - [2024-09-01T00:59:31.647+0530] {dag.py:4138} INFO - Setting next_dagrun for example_branch_datetime_operator_3 to 2024-08-30 00:00:00+00:00, run_after=2024-08-31 00:00:00+00:00
[2024-09-01T00:59:31.653+0530] {processor.py:208} INFO - Processing /Users/ravipal/Desktop/Workspace/airflow_tutorial/py_env/lib/python3.12/site-packages/airflow/example_dags/example_branch_datetime_operator.py took 0.062 seconds
[2024-09-01T01:01:40.021+0530] {processor.py:186} INFO - Started process (PID=3963) to work on /Users/ravipal/Desktop/Workspace/airflow_tutorial/py_env/lib/python3.12/site-packages/airflow/example_dags/example_branch_datetime_operator.py
[2024-09-01T01:01:40.022+0530] {processor.py:914} INFO - Processing file /Users/ravipal/Desktop/Workspace/airflow_tutorial/py_env/lib/python3.12/site-packages/airflow/example_dags/example_branch_datetime_operator.py for tasks to queue
[2024-09-01T01:01:40.022+0530] {logging_mixin.py:190} INFO - [2024-09-01T01:01:40.022+0530] {dagbag.py:587} INFO - Filling up the DagBag from /Users/ravipal/Desktop/Workspace/airflow_tutorial/py_env/lib/python3.12/site-packages/airflow/example_dags/example_branch_datetime_operator.py
[2024-09-01T01:01:40.027+0530] {processor.py:925} INFO - DAG(s) 'example_branch_datetime_operator_3', 'example_branch_datetime_operator_2', 'example_branch_datetime_operator' retrieved from /Users/ravipal/Desktop/Workspace/airflow_tutorial/py_env/lib/python3.12/site-packages/airflow/example_dags/example_branch_datetime_operator.py
[2024-09-01T01:01:40.065+0530] {logging_mixin.py:190} INFO - [2024-09-01T01:01:40.065+0530] {dag.py:3211} INFO - Sync 3 DAGs
[2024-09-01T01:01:40.072+0530] {logging_mixin.py:190} INFO - [2024-09-01T01:01:40.072+0530] {dag.py:4138} INFO - Setting next_dagrun for example_branch_datetime_operator to 2024-08-30 00:00:00+00:00, run_after=2024-08-31 00:00:00+00:00
[2024-09-01T01:01:40.073+0530] {logging_mixin.py:190} INFO - [2024-09-01T01:01:40.073+0530] {dag.py:4138} INFO - Setting next_dagrun for example_branch_datetime_operator_2 to 2024-08-30 00:00:00+00:00, run_after=2024-08-31 00:00:00+00:00
[2024-09-01T01:01:40.074+0530] {logging_mixin.py:190} INFO - [2024-09-01T01:01:40.074+0530] {dag.py:4138} INFO - Setting next_dagrun for example_branch_datetime_operator_3 to 2024-08-30 00:00:00+00:00, run_after=2024-08-31 00:00:00+00:00
[2024-09-01T01:01:40.080+0530] {processor.py:208} INFO - Processing /Users/ravipal/Desktop/Workspace/airflow_tutorial/py_env/lib/python3.12/site-packages/airflow/example_dags/example_branch_datetime_operator.py took 0.061 seconds
[2024-09-01T01:03:44.220+0530] {processor.py:186} INFO - Started process (PID=4095) to work on /Users/ravipal/Desktop/Workspace/airflow_tutorial/py_env/lib/python3.12/site-packages/airflow/example_dags/example_branch_datetime_operator.py
[2024-09-01T01:03:44.220+0530] {processor.py:914} INFO - Processing file /Users/ravipal/Desktop/Workspace/airflow_tutorial/py_env/lib/python3.12/site-packages/airflow/example_dags/example_branch_datetime_operator.py for tasks to queue
[2024-09-01T01:03:44.221+0530] {logging_mixin.py:190} INFO - [2024-09-01T01:03:44.221+0530] {dagbag.py:587} INFO - Filling up the DagBag from /Users/ravipal/Desktop/Workspace/airflow_tutorial/py_env/lib/python3.12/site-packages/airflow/example_dags/example_branch_datetime_operator.py
[2024-09-01T01:03:44.226+0530] {processor.py:925} INFO - DAG(s) 'example_branch_datetime_operator_3', 'example_branch_datetime_operator_2', 'example_branch_datetime_operator' retrieved from /Users/ravipal/Desktop/Workspace/airflow_tutorial/py_env/lib/python3.12/site-packages/airflow/example_dags/example_branch_datetime_operator.py
[2024-09-01T01:03:44.263+0530] {logging_mixin.py:190} INFO - [2024-09-01T01:03:44.263+0530] {dag.py:3211} INFO - Sync 3 DAGs
[2024-09-01T01:03:44.270+0530] {logging_mixin.py:190} INFO - [2024-09-01T01:03:44.270+0530] {dag.py:4138} INFO - Setting next_dagrun for example_branch_datetime_operator to 2024-08-30 00:00:00+00:00, run_after=2024-08-31 00:00:00+00:00
[2024-09-01T01:03:44.272+0530] {logging_mixin.py:190} INFO - [2024-09-01T01:03:44.272+0530] {dag.py:4138} INFO - Setting next_dagrun for example_branch_datetime_operator_2 to 2024-08-30 00:00:00+00:00, run_after=2024-08-31 00:00:00+00:00
[2024-09-01T01:03:44.272+0530] {logging_mixin.py:190} INFO - [2024-09-01T01:03:44.272+0530] {dag.py:4138} INFO - Setting next_dagrun for example_branch_datetime_operator_3 to 2024-08-30 00:00:00+00:00, run_after=2024-08-31 00:00:00+00:00
[2024-09-01T01:03:44.278+0530] {processor.py:208} INFO - Processing /Users/ravipal/Desktop/Workspace/airflow_tutorial/py_env/lib/python3.12/site-packages/airflow/example_dags/example_branch_datetime_operator.py took 0.061 seconds
[2024-09-01T01:05:53.797+0530] {processor.py:186} INFO - Started process (PID=4253) to work on /Users/ravipal/Desktop/Workspace/airflow_tutorial/py_env/lib/python3.12/site-packages/airflow/example_dags/example_branch_datetime_operator.py
[2024-09-01T01:05:53.799+0530] {processor.py:914} INFO - Processing file /Users/ravipal/Desktop/Workspace/airflow_tutorial/py_env/lib/python3.12/site-packages/airflow/example_dags/example_branch_datetime_operator.py for tasks to queue
[2024-09-01T01:05:53.799+0530] {logging_mixin.py:190} INFO - [2024-09-01T01:05:53.799+0530] {dagbag.py:587} INFO - Filling up the DagBag from /Users/ravipal/Desktop/Workspace/airflow_tutorial/py_env/lib/python3.12/site-packages/airflow/example_dags/example_branch_datetime_operator.py
[2024-09-01T01:05:53.805+0530] {processor.py:925} INFO - DAG(s) 'example_branch_datetime_operator_3', 'example_branch_datetime_operator', 'example_branch_datetime_operator_2' retrieved from /Users/ravipal/Desktop/Workspace/airflow_tutorial/py_env/lib/python3.12/site-packages/airflow/example_dags/example_branch_datetime_operator.py
[2024-09-01T01:05:53.842+0530] {logging_mixin.py:190} INFO - [2024-09-01T01:05:53.842+0530] {dag.py:3211} INFO - Sync 3 DAGs
[2024-09-01T01:05:53.848+0530] {logging_mixin.py:190} INFO - [2024-09-01T01:05:53.848+0530] {dag.py:4138} INFO - Setting next_dagrun for example_branch_datetime_operator to 2024-08-30 00:00:00+00:00, run_after=2024-08-31 00:00:00+00:00
[2024-09-01T01:05:53.850+0530] {logging_mixin.py:190} INFO - [2024-09-01T01:05:53.850+0530] {dag.py:4138} INFO - Setting next_dagrun for example_branch_datetime_operator_2 to 2024-08-30 00:00:00+00:00, run_after=2024-08-31 00:00:00+00:00
[2024-09-01T01:05:53.850+0530] {logging_mixin.py:190} INFO - [2024-09-01T01:05:53.850+0530] {dag.py:4138} INFO - Setting next_dagrun for example_branch_datetime_operator_3 to 2024-08-30 00:00:00+00:00, run_after=2024-08-31 00:00:00+00:00
[2024-09-01T01:05:53.856+0530] {processor.py:208} INFO - Processing /Users/ravipal/Desktop/Workspace/airflow_tutorial/py_env/lib/python3.12/site-packages/airflow/example_dags/example_branch_datetime_operator.py took 0.060 seconds
[2024-09-01T01:08:04.874+0530] {processor.py:186} INFO - Started process (PID=4388) to work on /Users/ravipal/Desktop/Workspace/airflow_tutorial/py_env/lib/python3.12/site-packages/airflow/example_dags/example_branch_datetime_operator.py
[2024-09-01T01:08:04.875+0530] {processor.py:914} INFO - Processing file /Users/ravipal/Desktop/Workspace/airflow_tutorial/py_env/lib/python3.12/site-packages/airflow/example_dags/example_branch_datetime_operator.py for tasks to queue
[2024-09-01T01:08:04.875+0530] {logging_mixin.py:190} INFO - [2024-09-01T01:08:04.875+0530] {dagbag.py:587} INFO - Filling up the DagBag from /Users/ravipal/Desktop/Workspace/airflow_tutorial/py_env/lib/python3.12/site-packages/airflow/example_dags/example_branch_datetime_operator.py
[2024-09-01T01:08:04.880+0530] {processor.py:925} INFO - DAG(s) 'example_branch_datetime_operator_2', 'example_branch_datetime_operator_3', 'example_branch_datetime_operator' retrieved from /Users/ravipal/Desktop/Workspace/airflow_tutorial/py_env/lib/python3.12/site-packages/airflow/example_dags/example_branch_datetime_operator.py
[2024-09-01T01:08:04.917+0530] {logging_mixin.py:190} INFO - [2024-09-01T01:08:04.917+0530] {dag.py:3211} INFO - Sync 3 DAGs
[2024-09-01T01:08:04.923+0530] {logging_mixin.py:190} INFO - [2024-09-01T01:08:04.923+0530] {dag.py:4138} INFO - Setting next_dagrun for example_branch_datetime_operator to 2024-08-30 00:00:00+00:00, run_after=2024-08-31 00:00:00+00:00
[2024-09-01T01:08:04.925+0530] {logging_mixin.py:190} INFO - [2024-09-01T01:08:04.925+0530] {dag.py:4138} INFO - Setting next_dagrun for example_branch_datetime_operator_2 to 2024-08-30 00:00:00+00:00, run_after=2024-08-31 00:00:00+00:00
[2024-09-01T01:08:04.925+0530] {logging_mixin.py:190} INFO - [2024-09-01T01:08:04.925+0530] {dag.py:4138} INFO - Setting next_dagrun for example_branch_datetime_operator_3 to 2024-08-30 00:00:00+00:00, run_after=2024-08-31 00:00:00+00:00
[2024-09-01T01:08:04.931+0530] {processor.py:208} INFO - Processing /Users/ravipal/Desktop/Workspace/airflow_tutorial/py_env/lib/python3.12/site-packages/airflow/example_dags/example_branch_datetime_operator.py took 0.059 seconds
[2024-09-01T01:10:13.255+0530] {processor.py:186} INFO - Started process (PID=4517) to work on /Users/ravipal/Desktop/Workspace/airflow_tutorial/py_env/lib/python3.12/site-packages/airflow/example_dags/example_branch_datetime_operator.py
[2024-09-01T01:10:13.256+0530] {processor.py:914} INFO - Processing file /Users/ravipal/Desktop/Workspace/airflow_tutorial/py_env/lib/python3.12/site-packages/airflow/example_dags/example_branch_datetime_operator.py for tasks to queue
[2024-09-01T01:10:13.256+0530] {logging_mixin.py:190} INFO - [2024-09-01T01:10:13.256+0530] {dagbag.py:587} INFO - Filling up the DagBag from /Users/ravipal/Desktop/Workspace/airflow_tutorial/py_env/lib/python3.12/site-packages/airflow/example_dags/example_branch_datetime_operator.py
[2024-09-01T01:10:13.261+0530] {processor.py:925} INFO - DAG(s) 'example_branch_datetime_operator_2', 'example_branch_datetime_operator', 'example_branch_datetime_operator_3' retrieved from /Users/ravipal/Desktop/Workspace/airflow_tutorial/py_env/lib/python3.12/site-packages/airflow/example_dags/example_branch_datetime_operator.py
[2024-09-01T01:10:13.298+0530] {logging_mixin.py:190} INFO - [2024-09-01T01:10:13.298+0530] {dag.py:3211} INFO - Sync 3 DAGs
[2024-09-01T01:10:13.305+0530] {logging_mixin.py:190} INFO - [2024-09-01T01:10:13.305+0530] {dag.py:4138} INFO - Setting next_dagrun for example_branch_datetime_operator to 2024-08-30 00:00:00+00:00, run_after=2024-08-31 00:00:00+00:00
[2024-09-01T01:10:13.306+0530] {logging_mixin.py:190} INFO - [2024-09-01T01:10:13.306+0530] {dag.py:4138} INFO - Setting next_dagrun for example_branch_datetime_operator_2 to 2024-08-30 00:00:00+00:00, run_after=2024-08-31 00:00:00+00:00
[2024-09-01T01:10:13.307+0530] {logging_mixin.py:190} INFO - [2024-09-01T01:10:13.307+0530] {dag.py:4138} INFO - Setting next_dagrun for example_branch_datetime_operator_3 to 2024-08-30 00:00:00+00:00, run_after=2024-08-31 00:00:00+00:00
[2024-09-01T01:10:13.313+0530] {processor.py:208} INFO - Processing /Users/ravipal/Desktop/Workspace/airflow_tutorial/py_env/lib/python3.12/site-packages/airflow/example_dags/example_branch_datetime_operator.py took 0.059 seconds
[2024-09-01T01:12:19.641+0530] {processor.py:186} INFO - Started process (PID=4645) to work on /Users/ravipal/Desktop/Workspace/airflow_tutorial/py_env/lib/python3.12/site-packages/airflow/example_dags/example_branch_datetime_operator.py
[2024-09-01T01:12:19.641+0530] {processor.py:914} INFO - Processing file /Users/ravipal/Desktop/Workspace/airflow_tutorial/py_env/lib/python3.12/site-packages/airflow/example_dags/example_branch_datetime_operator.py for tasks to queue
[2024-09-01T01:12:19.642+0530] {logging_mixin.py:190} INFO - [2024-09-01T01:12:19.642+0530] {dagbag.py:587} INFO - Filling up the DagBag from /Users/ravipal/Desktop/Workspace/airflow_tutorial/py_env/lib/python3.12/site-packages/airflow/example_dags/example_branch_datetime_operator.py
[2024-09-01T01:12:19.647+0530] {processor.py:925} INFO - DAG(s) 'example_branch_datetime_operator_2', 'example_branch_datetime_operator', 'example_branch_datetime_operator_3' retrieved from /Users/ravipal/Desktop/Workspace/airflow_tutorial/py_env/lib/python3.12/site-packages/airflow/example_dags/example_branch_datetime_operator.py
[2024-09-01T01:12:19.685+0530] {logging_mixin.py:190} INFO - [2024-09-01T01:12:19.684+0530] {dag.py:3211} INFO - Sync 3 DAGs
[2024-09-01T01:12:19.691+0530] {logging_mixin.py:190} INFO - [2024-09-01T01:12:19.691+0530] {dag.py:4138} INFO - Setting next_dagrun for example_branch_datetime_operator to 2024-08-30 00:00:00+00:00, run_after=2024-08-31 00:00:00+00:00
[2024-09-01T01:12:19.692+0530] {logging_mixin.py:190} INFO - [2024-09-01T01:12:19.692+0530] {dag.py:4138} INFO - Setting next_dagrun for example_branch_datetime_operator_2 to 2024-08-30 00:00:00+00:00, run_after=2024-08-31 00:00:00+00:00
[2024-09-01T01:12:19.693+0530] {logging_mixin.py:190} INFO - [2024-09-01T01:12:19.693+0530] {dag.py:4138} INFO - Setting next_dagrun for example_branch_datetime_operator_3 to 2024-08-30 00:00:00+00:00, run_after=2024-08-31 00:00:00+00:00
[2024-09-01T01:12:19.699+0530] {processor.py:208} INFO - Processing /Users/ravipal/Desktop/Workspace/airflow_tutorial/py_env/lib/python3.12/site-packages/airflow/example_dags/example_branch_datetime_operator.py took 0.060 seconds
[2024-09-01T01:14:28.600+0530] {processor.py:186} INFO - Started process (PID=4774) to work on /Users/ravipal/Desktop/Workspace/airflow_tutorial/py_env/lib/python3.12/site-packages/airflow/example_dags/example_branch_datetime_operator.py
[2024-09-01T01:14:28.601+0530] {processor.py:914} INFO - Processing file /Users/ravipal/Desktop/Workspace/airflow_tutorial/py_env/lib/python3.12/site-packages/airflow/example_dags/example_branch_datetime_operator.py for tasks to queue
[2024-09-01T01:14:28.601+0530] {logging_mixin.py:190} INFO - [2024-09-01T01:14:28.601+0530] {dagbag.py:587} INFO - Filling up the DagBag from /Users/ravipal/Desktop/Workspace/airflow_tutorial/py_env/lib/python3.12/site-packages/airflow/example_dags/example_branch_datetime_operator.py
[2024-09-01T01:14:28.606+0530] {processor.py:925} INFO - DAG(s) 'example_branch_datetime_operator_3', 'example_branch_datetime_operator_2', 'example_branch_datetime_operator' retrieved from /Users/ravipal/Desktop/Workspace/airflow_tutorial/py_env/lib/python3.12/site-packages/airflow/example_dags/example_branch_datetime_operator.py
[2024-09-01T01:14:28.644+0530] {logging_mixin.py:190} INFO - [2024-09-01T01:14:28.644+0530] {dag.py:3211} INFO - Sync 3 DAGs
[2024-09-01T01:14:28.650+0530] {logging_mixin.py:190} INFO - [2024-09-01T01:14:28.650+0530] {dag.py:4138} INFO - Setting next_dagrun for example_branch_datetime_operator to 2024-08-30 00:00:00+00:00, run_after=2024-08-31 00:00:00+00:00
[2024-09-01T01:14:28.651+0530] {logging_mixin.py:190} INFO - [2024-09-01T01:14:28.651+0530] {dag.py:4138} INFO - Setting next_dagrun for example_branch_datetime_operator_2 to 2024-08-30 00:00:00+00:00, run_after=2024-08-31 00:00:00+00:00
[2024-09-01T01:14:28.652+0530] {logging_mixin.py:190} INFO - [2024-09-01T01:14:28.652+0530] {dag.py:4138} INFO - Setting next_dagrun for example_branch_datetime_operator_3 to 2024-08-30 00:00:00+00:00, run_after=2024-08-31 00:00:00+00:00
[2024-09-01T01:14:28.658+0530] {processor.py:208} INFO - Processing /Users/ravipal/Desktop/Workspace/airflow_tutorial/py_env/lib/python3.12/site-packages/airflow/example_dags/example_branch_datetime_operator.py took 0.059 seconds
[2024-09-01T01:16:40.485+0530] {processor.py:186} INFO - Started process (PID=4905) to work on /Users/ravipal/Desktop/Workspace/airflow_tutorial/py_env/lib/python3.12/site-packages/airflow/example_dags/example_branch_datetime_operator.py
[2024-09-01T01:16:40.485+0530] {processor.py:914} INFO - Processing file /Users/ravipal/Desktop/Workspace/airflow_tutorial/py_env/lib/python3.12/site-packages/airflow/example_dags/example_branch_datetime_operator.py for tasks to queue
[2024-09-01T01:16:40.485+0530] {logging_mixin.py:190} INFO - [2024-09-01T01:16:40.485+0530] {dagbag.py:587} INFO - Filling up the DagBag from /Users/ravipal/Desktop/Workspace/airflow_tutorial/py_env/lib/python3.12/site-packages/airflow/example_dags/example_branch_datetime_operator.py
[2024-09-01T01:16:40.491+0530] {processor.py:925} INFO - DAG(s) 'example_branch_datetime_operator', 'example_branch_datetime_operator_2', 'example_branch_datetime_operator_3' retrieved from /Users/ravipal/Desktop/Workspace/airflow_tutorial/py_env/lib/python3.12/site-packages/airflow/example_dags/example_branch_datetime_operator.py
[2024-09-01T01:16:40.528+0530] {logging_mixin.py:190} INFO - [2024-09-01T01:16:40.527+0530] {dag.py:3211} INFO - Sync 3 DAGs
[2024-09-01T01:16:40.534+0530] {logging_mixin.py:190} INFO - [2024-09-01T01:16:40.534+0530] {dag.py:4138} INFO - Setting next_dagrun for example_branch_datetime_operator to 2024-08-30 00:00:00+00:00, run_after=2024-08-31 00:00:00+00:00
[2024-09-01T01:16:40.536+0530] {logging_mixin.py:190} INFO - [2024-09-01T01:16:40.536+0530] {dag.py:4138} INFO - Setting next_dagrun for example_branch_datetime_operator_2 to 2024-08-30 00:00:00+00:00, run_after=2024-08-31 00:00:00+00:00
[2024-09-01T01:16:40.536+0530] {logging_mixin.py:190} INFO - [2024-09-01T01:16:40.536+0530] {dag.py:4138} INFO - Setting next_dagrun for example_branch_datetime_operator_3 to 2024-08-30 00:00:00+00:00, run_after=2024-08-31 00:00:00+00:00
[2024-09-01T01:16:40.542+0530] {processor.py:208} INFO - Processing /Users/ravipal/Desktop/Workspace/airflow_tutorial/py_env/lib/python3.12/site-packages/airflow/example_dags/example_branch_datetime_operator.py took 0.059 seconds
[2024-09-01T01:18:52.045+0530] {processor.py:186} INFO - Started process (PID=5039) to work on /Users/ravipal/Desktop/Workspace/airflow_tutorial/py_env/lib/python3.12/site-packages/airflow/example_dags/example_branch_datetime_operator.py
[2024-09-01T01:18:52.045+0530] {processor.py:914} INFO - Processing file /Users/ravipal/Desktop/Workspace/airflow_tutorial/py_env/lib/python3.12/site-packages/airflow/example_dags/example_branch_datetime_operator.py for tasks to queue
[2024-09-01T01:18:52.045+0530] {logging_mixin.py:190} INFO - [2024-09-01T01:18:52.045+0530] {dagbag.py:587} INFO - Filling up the DagBag from /Users/ravipal/Desktop/Workspace/airflow_tutorial/py_env/lib/python3.12/site-packages/airflow/example_dags/example_branch_datetime_operator.py
[2024-09-01T01:18:52.050+0530] {processor.py:925} INFO - DAG(s) 'example_branch_datetime_operator_2', 'example_branch_datetime_operator', 'example_branch_datetime_operator_3' retrieved from /Users/ravipal/Desktop/Workspace/airflow_tutorial/py_env/lib/python3.12/site-packages/airflow/example_dags/example_branch_datetime_operator.py
[2024-09-01T01:18:52.088+0530] {logging_mixin.py:190} INFO - [2024-09-01T01:18:52.087+0530] {dag.py:3211} INFO - Sync 3 DAGs
[2024-09-01T01:18:52.094+0530] {logging_mixin.py:190} INFO - [2024-09-01T01:18:52.094+0530] {dag.py:4138} INFO - Setting next_dagrun for example_branch_datetime_operator to 2024-08-30 00:00:00+00:00, run_after=2024-08-31 00:00:00+00:00
[2024-09-01T01:18:52.095+0530] {logging_mixin.py:190} INFO - [2024-09-01T01:18:52.095+0530] {dag.py:4138} INFO - Setting next_dagrun for example_branch_datetime_operator_2 to 2024-08-30 00:00:00+00:00, run_after=2024-08-31 00:00:00+00:00
[2024-09-01T01:18:52.096+0530] {logging_mixin.py:190} INFO - [2024-09-01T01:18:52.096+0530] {dag.py:4138} INFO - Setting next_dagrun for example_branch_datetime_operator_3 to 2024-08-30 00:00:00+00:00, run_after=2024-08-31 00:00:00+00:00
[2024-09-01T01:18:52.102+0530] {processor.py:208} INFO - Processing /Users/ravipal/Desktop/Workspace/airflow_tutorial/py_env/lib/python3.12/site-packages/airflow/example_dags/example_branch_datetime_operator.py took 0.060 seconds
