[2024-09-01T00:23:56.078+0530] {processor.py:186} INFO - Started process (PID=1482) to work on /Users/ravipal/Desktop/Workspace/airflow_tutorial/py_env/lib/python3.12/site-packages/airflow/example_dags/example_dataset_alias_with_no_taskflow.py
[2024-09-01T00:23:56.078+0530] {processor.py:914} INFO - Processing file /Users/ravipal/Desktop/Workspace/airflow_tutorial/py_env/lib/python3.12/site-packages/airflow/example_dags/example_dataset_alias_with_no_taskflow.py for tasks to queue
[2024-09-01T00:23:56.079+0530] {logging_mixin.py:190} INFO - [2024-09-01T00:23:56.078+0530] {dagbag.py:587} INFO - Filling up the DagBag from /Users/ravipal/Desktop/Workspace/airflow_tutorial/py_env/lib/python3.12/site-packages/airflow/example_dags/example_dataset_alias_with_no_taskflow.py
[2024-09-01T00:23:56.131+0530] {processor.py:925} INFO - DAG(s) 'dataset_alias_example_alias_producer_with_no_taskflow', 'dataset_alias_example_alias_consumer_with_no_taskflow', 'dataset_s3_bucket_producer_with_no_taskflow', 'dataset_s3_bucket_consumer_with_no_taskflow' retrieved from /Users/ravipal/Desktop/Workspace/airflow_tutorial/py_env/lib/python3.12/site-packages/airflow/example_dags/example_dataset_alias_with_no_taskflow.py
[2024-09-01T00:23:56.200+0530] {logging_mixin.py:190} INFO - [2024-09-01T00:23:56.171+0530] {override.py:1858} INFO - Created Permission View: can read on DAG:dataset_alias_example_alias_producer_with_no_taskflow
[2024-09-01T00:23:56.204+0530] {logging_mixin.py:190} INFO - [2024-09-01T00:23:56.204+0530] {override.py:1858} INFO - Created Permission View: can edit on DAG:dataset_alias_example_alias_producer_with_no_taskflow
[2024-09-01T00:23:56.206+0530] {logging_mixin.py:190} INFO - [2024-09-01T00:23:56.206+0530] {override.py:1858} INFO - Created Permission View: can delete on DAG:dataset_alias_example_alias_producer_with_no_taskflow
[2024-09-01T00:23:56.210+0530] {logging_mixin.py:190} INFO - [2024-09-01T00:23:56.210+0530] {override.py:1858} INFO - Created Permission View: can read on DAG:dataset_alias_example_alias_consumer_with_no_taskflow
[2024-09-01T00:23:56.212+0530] {logging_mixin.py:190} INFO - [2024-09-01T00:23:56.212+0530] {override.py:1858} INFO - Created Permission View: can edit on DAG:dataset_alias_example_alias_consumer_with_no_taskflow
[2024-09-01T00:23:56.214+0530] {logging_mixin.py:190} INFO - [2024-09-01T00:23:56.214+0530] {override.py:1858} INFO - Created Permission View: can delete on DAG:dataset_alias_example_alias_consumer_with_no_taskflow
[2024-09-01T00:23:56.220+0530] {logging_mixin.py:190} INFO - [2024-09-01T00:23:56.219+0530] {override.py:1858} INFO - Created Permission View: can read on DAG:dataset_s3_bucket_producer_with_no_taskflow
[2024-09-01T00:23:56.222+0530] {logging_mixin.py:190} INFO - [2024-09-01T00:23:56.222+0530] {override.py:1858} INFO - Created Permission View: can edit on DAG:dataset_s3_bucket_producer_with_no_taskflow
[2024-09-01T00:23:56.224+0530] {logging_mixin.py:190} INFO - [2024-09-01T00:23:56.224+0530] {override.py:1858} INFO - Created Permission View: can delete on DAG:dataset_s3_bucket_producer_with_no_taskflow
[2024-09-01T00:23:56.228+0530] {logging_mixin.py:190} INFO - [2024-09-01T00:23:56.228+0530] {override.py:1858} INFO - Created Permission View: can read on DAG:dataset_s3_bucket_consumer_with_no_taskflow
[2024-09-01T00:23:56.230+0530] {logging_mixin.py:190} INFO - [2024-09-01T00:23:56.230+0530] {override.py:1858} INFO - Created Permission View: can edit on DAG:dataset_s3_bucket_consumer_with_no_taskflow
[2024-09-01T00:23:56.232+0530] {logging_mixin.py:190} INFO - [2024-09-01T00:23:56.232+0530] {override.py:1858} INFO - Created Permission View: can delete on DAG:dataset_s3_bucket_consumer_with_no_taskflow
[2024-09-01T00:23:56.232+0530] {logging_mixin.py:190} INFO - [2024-09-01T00:23:56.232+0530] {dag.py:3211} INFO - Sync 4 DAGs
[2024-09-01T00:23:56.237+0530] {logging_mixin.py:190} INFO - [2024-09-01T00:23:56.237+0530] {dag.py:3234} INFO - Creating ORM DAG for dataset_alias_example_alias_consumer_with_no_taskflow
[2024-09-01T00:23:56.237+0530] {logging_mixin.py:190} INFO - [2024-09-01T00:23:56.237+0530] {dag.py:3234} INFO - Creating ORM DAG for dataset_s3_bucket_producer_with_no_taskflow
[2024-09-01T00:23:56.237+0530] {logging_mixin.py:190} INFO - [2024-09-01T00:23:56.237+0530] {dag.py:3234} INFO - Creating ORM DAG for dataset_alias_example_alias_producer_with_no_taskflow
[2024-09-01T00:23:56.237+0530] {logging_mixin.py:190} INFO - [2024-09-01T00:23:56.237+0530] {dag.py:3234} INFO - Creating ORM DAG for dataset_s3_bucket_consumer_with_no_taskflow
[2024-09-01T00:23:56.240+0530] {logging_mixin.py:190} INFO - [2024-09-01T00:23:56.240+0530] {dag.py:4138} INFO - Setting next_dagrun for dataset_alias_example_alias_consumer_with_no_taskflow to None, run_after=None
[2024-09-01T00:23:56.240+0530] {logging_mixin.py:190} INFO - [2024-09-01T00:23:56.240+0530] {dag.py:4138} INFO - Setting next_dagrun for dataset_alias_example_alias_producer_with_no_taskflow to None, run_after=None
[2024-09-01T00:23:56.240+0530] {logging_mixin.py:190} INFO - [2024-09-01T00:23:56.240+0530] {dag.py:4138} INFO - Setting next_dagrun for dataset_s3_bucket_consumer_with_no_taskflow to None, run_after=None
[2024-09-01T00:23:56.241+0530] {logging_mixin.py:190} INFO - [2024-09-01T00:23:56.240+0530] {dag.py:4138} INFO - Setting next_dagrun for dataset_s3_bucket_producer_with_no_taskflow to None, run_after=None
[2024-09-01T00:23:56.245+0530] {logging_mixin.py:190} INFO - [2024-09-01T00:23:56.245+0530] {workday.py:41} WARNING - Could not import pandas. Holidays will not be considered.
[2024-09-01T00:23:56.252+0530] {processor.py:208} INFO - Processing /Users/ravipal/Desktop/Workspace/airflow_tutorial/py_env/lib/python3.12/site-packages/airflow/example_dags/example_dataset_alias_with_no_taskflow.py took 0.176 seconds
[2024-09-01T00:26:10.813+0530] {processor.py:186} INFO - Started process (PID=1618) to work on /Users/ravipal/Desktop/Workspace/airflow_tutorial/py_env/lib/python3.12/site-packages/airflow/example_dags/example_dataset_alias_with_no_taskflow.py
[2024-09-01T00:26:10.813+0530] {processor.py:914} INFO - Processing file /Users/ravipal/Desktop/Workspace/airflow_tutorial/py_env/lib/python3.12/site-packages/airflow/example_dags/example_dataset_alias_with_no_taskflow.py for tasks to queue
[2024-09-01T00:26:10.814+0530] {logging_mixin.py:190} INFO - [2024-09-01T00:26:10.814+0530] {dagbag.py:587} INFO - Filling up the DagBag from /Users/ravipal/Desktop/Workspace/airflow_tutorial/py_env/lib/python3.12/site-packages/airflow/example_dags/example_dataset_alias_with_no_taskflow.py
[2024-09-01T00:26:10.865+0530] {processor.py:925} INFO - DAG(s) 'dataset_s3_bucket_producer_with_no_taskflow', 'dataset_alias_example_alias_producer_with_no_taskflow', 'dataset_alias_example_alias_consumer_with_no_taskflow', 'dataset_s3_bucket_consumer_with_no_taskflow' retrieved from /Users/ravipal/Desktop/Workspace/airflow_tutorial/py_env/lib/python3.12/site-packages/airflow/example_dags/example_dataset_alias_with_no_taskflow.py
[2024-09-01T00:26:10.874+0530] {logging_mixin.py:190} INFO - [2024-09-01T00:26:10.873+0530] {dag.py:3211} INFO - Sync 4 DAGs
[2024-09-01T00:26:10.880+0530] {logging_mixin.py:190} INFO - [2024-09-01T00:26:10.880+0530] {dag.py:4138} INFO - Setting next_dagrun for dataset_alias_example_alias_consumer_with_no_taskflow to None, run_after=None
[2024-09-01T00:26:10.881+0530] {logging_mixin.py:190} INFO - [2024-09-01T00:26:10.881+0530] {dag.py:4138} INFO - Setting next_dagrun for dataset_alias_example_alias_producer_with_no_taskflow to None, run_after=None
[2024-09-01T00:26:10.881+0530] {logging_mixin.py:190} INFO - [2024-09-01T00:26:10.881+0530] {dag.py:4138} INFO - Setting next_dagrun for dataset_s3_bucket_consumer_with_no_taskflow to None, run_after=None
[2024-09-01T00:26:10.881+0530] {logging_mixin.py:190} INFO - [2024-09-01T00:26:10.881+0530] {dag.py:4138} INFO - Setting next_dagrun for dataset_s3_bucket_producer_with_no_taskflow to None, run_after=None
[2024-09-01T00:26:10.889+0530] {processor.py:208} INFO - Processing /Users/ravipal/Desktop/Workspace/airflow_tutorial/py_env/lib/python3.12/site-packages/airflow/example_dags/example_dataset_alias_with_no_taskflow.py took 0.078 seconds
[2024-09-01T00:28:30.551+0530] {processor.py:186} INFO - Started process (PID=1947) to work on /Users/ravipal/Desktop/Workspace/airflow_tutorial/py_env/lib/python3.12/site-packages/airflow/example_dags/example_dataset_alias_with_no_taskflow.py
[2024-09-01T00:28:30.552+0530] {processor.py:914} INFO - Processing file /Users/ravipal/Desktop/Workspace/airflow_tutorial/py_env/lib/python3.12/site-packages/airflow/example_dags/example_dataset_alias_with_no_taskflow.py for tasks to queue
[2024-09-01T00:28:30.552+0530] {logging_mixin.py:190} INFO - [2024-09-01T00:28:30.552+0530] {dagbag.py:587} INFO - Filling up the DagBag from /Users/ravipal/Desktop/Workspace/airflow_tutorial/py_env/lib/python3.12/site-packages/airflow/example_dags/example_dataset_alias_with_no_taskflow.py
[2024-09-01T00:28:30.604+0530] {processor.py:925} INFO - DAG(s) 'dataset_s3_bucket_producer_with_no_taskflow', 'dataset_s3_bucket_consumer_with_no_taskflow', 'dataset_alias_example_alias_producer_with_no_taskflow', 'dataset_alias_example_alias_consumer_with_no_taskflow' retrieved from /Users/ravipal/Desktop/Workspace/airflow_tutorial/py_env/lib/python3.12/site-packages/airflow/example_dags/example_dataset_alias_with_no_taskflow.py
[2024-09-01T00:28:30.612+0530] {logging_mixin.py:190} INFO - [2024-09-01T00:28:30.612+0530] {dag.py:3211} INFO - Sync 4 DAGs
[2024-09-01T00:28:30.619+0530] {logging_mixin.py:190} INFO - [2024-09-01T00:28:30.619+0530] {dag.py:4138} INFO - Setting next_dagrun for dataset_alias_example_alias_consumer_with_no_taskflow to None, run_after=None
[2024-09-01T00:28:30.619+0530] {logging_mixin.py:190} INFO - [2024-09-01T00:28:30.619+0530] {dag.py:4138} INFO - Setting next_dagrun for dataset_alias_example_alias_producer_with_no_taskflow to None, run_after=None
[2024-09-01T00:28:30.620+0530] {logging_mixin.py:190} INFO - [2024-09-01T00:28:30.620+0530] {dag.py:4138} INFO - Setting next_dagrun for dataset_s3_bucket_consumer_with_no_taskflow to None, run_after=None
[2024-09-01T00:28:30.620+0530] {logging_mixin.py:190} INFO - [2024-09-01T00:28:30.620+0530] {dag.py:4138} INFO - Setting next_dagrun for dataset_s3_bucket_producer_with_no_taskflow to None, run_after=None
[2024-09-01T00:28:30.628+0530] {processor.py:208} INFO - Processing /Users/ravipal/Desktop/Workspace/airflow_tutorial/py_env/lib/python3.12/site-packages/airflow/example_dags/example_dataset_alias_with_no_taskflow.py took 0.078 seconds
[2024-09-01T00:30:37.694+0530] {processor.py:186} INFO - Started process (PID=2079) to work on /Users/ravipal/Desktop/Workspace/airflow_tutorial/py_env/lib/python3.12/site-packages/airflow/example_dags/example_dataset_alias_with_no_taskflow.py
[2024-09-01T00:30:37.694+0530] {processor.py:914} INFO - Processing file /Users/ravipal/Desktop/Workspace/airflow_tutorial/py_env/lib/python3.12/site-packages/airflow/example_dags/example_dataset_alias_with_no_taskflow.py for tasks to queue
[2024-09-01T00:30:37.695+0530] {logging_mixin.py:190} INFO - [2024-09-01T00:30:37.695+0530] {dagbag.py:587} INFO - Filling up the DagBag from /Users/ravipal/Desktop/Workspace/airflow_tutorial/py_env/lib/python3.12/site-packages/airflow/example_dags/example_dataset_alias_with_no_taskflow.py
[2024-09-01T00:30:37.747+0530] {processor.py:925} INFO - DAG(s) 'dataset_s3_bucket_consumer_with_no_taskflow', 'dataset_alias_example_alias_producer_with_no_taskflow', 'dataset_alias_example_alias_consumer_with_no_taskflow', 'dataset_s3_bucket_producer_with_no_taskflow' retrieved from /Users/ravipal/Desktop/Workspace/airflow_tutorial/py_env/lib/python3.12/site-packages/airflow/example_dags/example_dataset_alias_with_no_taskflow.py
[2024-09-01T00:30:37.756+0530] {logging_mixin.py:190} INFO - [2024-09-01T00:30:37.756+0530] {dag.py:3211} INFO - Sync 4 DAGs
[2024-09-01T00:30:37.762+0530] {logging_mixin.py:190} INFO - [2024-09-01T00:30:37.762+0530] {dag.py:4138} INFO - Setting next_dagrun for dataset_alias_example_alias_consumer_with_no_taskflow to None, run_after=None
[2024-09-01T00:30:37.763+0530] {logging_mixin.py:190} INFO - [2024-09-01T00:30:37.763+0530] {dag.py:4138} INFO - Setting next_dagrun for dataset_alias_example_alias_producer_with_no_taskflow to None, run_after=None
[2024-09-01T00:30:37.763+0530] {logging_mixin.py:190} INFO - [2024-09-01T00:30:37.763+0530] {dag.py:4138} INFO - Setting next_dagrun for dataset_s3_bucket_consumer_with_no_taskflow to None, run_after=None
[2024-09-01T00:30:37.763+0530] {logging_mixin.py:190} INFO - [2024-09-01T00:30:37.763+0530] {dag.py:4138} INFO - Setting next_dagrun for dataset_s3_bucket_producer_with_no_taskflow to None, run_after=None
[2024-09-01T00:30:37.770+0530] {processor.py:208} INFO - Processing /Users/ravipal/Desktop/Workspace/airflow_tutorial/py_env/lib/python3.12/site-packages/airflow/example_dags/example_dataset_alias_with_no_taskflow.py took 0.078 seconds
[2024-09-01T00:32:51.251+0530] {processor.py:186} INFO - Started process (PID=2212) to work on /Users/ravipal/Desktop/Workspace/airflow_tutorial/py_env/lib/python3.12/site-packages/airflow/example_dags/example_dataset_alias_with_no_taskflow.py
[2024-09-01T00:32:51.251+0530] {processor.py:914} INFO - Processing file /Users/ravipal/Desktop/Workspace/airflow_tutorial/py_env/lib/python3.12/site-packages/airflow/example_dags/example_dataset_alias_with_no_taskflow.py for tasks to queue
[2024-09-01T00:32:51.251+0530] {logging_mixin.py:190} INFO - [2024-09-01T00:32:51.251+0530] {dagbag.py:587} INFO - Filling up the DagBag from /Users/ravipal/Desktop/Workspace/airflow_tutorial/py_env/lib/python3.12/site-packages/airflow/example_dags/example_dataset_alias_with_no_taskflow.py
[2024-09-01T00:32:51.303+0530] {processor.py:925} INFO - DAG(s) 'dataset_s3_bucket_consumer_with_no_taskflow', 'dataset_alias_example_alias_consumer_with_no_taskflow', 'dataset_s3_bucket_producer_with_no_taskflow', 'dataset_alias_example_alias_producer_with_no_taskflow' retrieved from /Users/ravipal/Desktop/Workspace/airflow_tutorial/py_env/lib/python3.12/site-packages/airflow/example_dags/example_dataset_alias_with_no_taskflow.py
[2024-09-01T00:32:51.312+0530] {logging_mixin.py:190} INFO - [2024-09-01T00:32:51.312+0530] {dag.py:3211} INFO - Sync 4 DAGs
[2024-09-01T00:32:51.318+0530] {logging_mixin.py:190} INFO - [2024-09-01T00:32:51.318+0530] {dag.py:4138} INFO - Setting next_dagrun for dataset_alias_example_alias_consumer_with_no_taskflow to None, run_after=None
[2024-09-01T00:32:51.319+0530] {logging_mixin.py:190} INFO - [2024-09-01T00:32:51.319+0530] {dag.py:4138} INFO - Setting next_dagrun for dataset_alias_example_alias_producer_with_no_taskflow to None, run_after=None
[2024-09-01T00:32:51.319+0530] {logging_mixin.py:190} INFO - [2024-09-01T00:32:51.319+0530] {dag.py:4138} INFO - Setting next_dagrun for dataset_s3_bucket_consumer_with_no_taskflow to None, run_after=None
[2024-09-01T00:32:51.319+0530] {logging_mixin.py:190} INFO - [2024-09-01T00:32:51.319+0530] {dag.py:4138} INFO - Setting next_dagrun for dataset_s3_bucket_producer_with_no_taskflow to None, run_after=None
[2024-09-01T00:32:51.327+0530] {processor.py:208} INFO - Processing /Users/ravipal/Desktop/Workspace/airflow_tutorial/py_env/lib/python3.12/site-packages/airflow/example_dags/example_dataset_alias_with_no_taskflow.py took 0.078 seconds
[2024-09-01T00:35:08.727+0530] {processor.py:186} INFO - Started process (PID=2347) to work on /Users/ravipal/Desktop/Workspace/airflow_tutorial/py_env/lib/python3.12/site-packages/airflow/example_dags/example_dataset_alias_with_no_taskflow.py
[2024-09-01T00:35:08.727+0530] {processor.py:914} INFO - Processing file /Users/ravipal/Desktop/Workspace/airflow_tutorial/py_env/lib/python3.12/site-packages/airflow/example_dags/example_dataset_alias_with_no_taskflow.py for tasks to queue
[2024-09-01T00:35:08.728+0530] {logging_mixin.py:190} INFO - [2024-09-01T00:35:08.728+0530] {dagbag.py:587} INFO - Filling up the DagBag from /Users/ravipal/Desktop/Workspace/airflow_tutorial/py_env/lib/python3.12/site-packages/airflow/example_dags/example_dataset_alias_with_no_taskflow.py
[2024-09-01T00:35:08.779+0530] {processor.py:925} INFO - DAG(s) 'dataset_alias_example_alias_producer_with_no_taskflow', 'dataset_s3_bucket_producer_with_no_taskflow', 'dataset_s3_bucket_consumer_with_no_taskflow', 'dataset_alias_example_alias_consumer_with_no_taskflow' retrieved from /Users/ravipal/Desktop/Workspace/airflow_tutorial/py_env/lib/python3.12/site-packages/airflow/example_dags/example_dataset_alias_with_no_taskflow.py
[2024-09-01T00:35:08.788+0530] {logging_mixin.py:190} INFO - [2024-09-01T00:35:08.788+0530] {dag.py:3211} INFO - Sync 4 DAGs
[2024-09-01T00:35:08.794+0530] {logging_mixin.py:190} INFO - [2024-09-01T00:35:08.794+0530] {dag.py:4138} INFO - Setting next_dagrun for dataset_alias_example_alias_consumer_with_no_taskflow to None, run_after=None
[2024-09-01T00:35:08.795+0530] {logging_mixin.py:190} INFO - [2024-09-01T00:35:08.795+0530] {dag.py:4138} INFO - Setting next_dagrun for dataset_alias_example_alias_producer_with_no_taskflow to None, run_after=None
[2024-09-01T00:35:08.795+0530] {logging_mixin.py:190} INFO - [2024-09-01T00:35:08.795+0530] {dag.py:4138} INFO - Setting next_dagrun for dataset_s3_bucket_consumer_with_no_taskflow to None, run_after=None
[2024-09-01T00:35:08.796+0530] {logging_mixin.py:190} INFO - [2024-09-01T00:35:08.796+0530] {dag.py:4138} INFO - Setting next_dagrun for dataset_s3_bucket_producer_with_no_taskflow to None, run_after=None
[2024-09-01T00:35:08.803+0530] {processor.py:208} INFO - Processing /Users/ravipal/Desktop/Workspace/airflow_tutorial/py_env/lib/python3.12/site-packages/airflow/example_dags/example_dataset_alias_with_no_taskflow.py took 0.078 seconds
[2024-09-01T00:37:23.245+0530] {processor.py:186} INFO - Started process (PID=2482) to work on /Users/ravipal/Desktop/Workspace/airflow_tutorial/py_env/lib/python3.12/site-packages/airflow/example_dags/example_dataset_alias_with_no_taskflow.py
[2024-09-01T00:37:23.245+0530] {processor.py:914} INFO - Processing file /Users/ravipal/Desktop/Workspace/airflow_tutorial/py_env/lib/python3.12/site-packages/airflow/example_dags/example_dataset_alias_with_no_taskflow.py for tasks to queue
[2024-09-01T00:37:23.246+0530] {logging_mixin.py:190} INFO - [2024-09-01T00:37:23.246+0530] {dagbag.py:587} INFO - Filling up the DagBag from /Users/ravipal/Desktop/Workspace/airflow_tutorial/py_env/lib/python3.12/site-packages/airflow/example_dags/example_dataset_alias_with_no_taskflow.py
[2024-09-01T00:37:23.295+0530] {processor.py:925} INFO - DAG(s) 'dataset_alias_example_alias_consumer_with_no_taskflow', 'dataset_s3_bucket_producer_with_no_taskflow', 'dataset_s3_bucket_consumer_with_no_taskflow', 'dataset_alias_example_alias_producer_with_no_taskflow' retrieved from /Users/ravipal/Desktop/Workspace/airflow_tutorial/py_env/lib/python3.12/site-packages/airflow/example_dags/example_dataset_alias_with_no_taskflow.py
[2024-09-01T00:37:23.303+0530] {logging_mixin.py:190} INFO - [2024-09-01T00:37:23.303+0530] {dag.py:3211} INFO - Sync 4 DAGs
[2024-09-01T00:37:23.309+0530] {logging_mixin.py:190} INFO - [2024-09-01T00:37:23.309+0530] {dag.py:4138} INFO - Setting next_dagrun for dataset_alias_example_alias_consumer_with_no_taskflow to None, run_after=None
[2024-09-01T00:37:23.310+0530] {logging_mixin.py:190} INFO - [2024-09-01T00:37:23.310+0530] {dag.py:4138} INFO - Setting next_dagrun for dataset_alias_example_alias_producer_with_no_taskflow to None, run_after=None
[2024-09-01T00:37:23.310+0530] {logging_mixin.py:190} INFO - [2024-09-01T00:37:23.310+0530] {dag.py:4138} INFO - Setting next_dagrun for dataset_s3_bucket_consumer_with_no_taskflow to None, run_after=None
[2024-09-01T00:37:23.311+0530] {logging_mixin.py:190} INFO - [2024-09-01T00:37:23.311+0530] {dag.py:4138} INFO - Setting next_dagrun for dataset_s3_bucket_producer_with_no_taskflow to None, run_after=None
[2024-09-01T00:37:23.318+0530] {processor.py:208} INFO - Processing /Users/ravipal/Desktop/Workspace/airflow_tutorial/py_env/lib/python3.12/site-packages/airflow/example_dags/example_dataset_alias_with_no_taskflow.py took 0.075 seconds
[2024-09-01T00:39:27.967+0530] {processor.py:186} INFO - Started process (PID=2609) to work on /Users/ravipal/Desktop/Workspace/airflow_tutorial/py_env/lib/python3.12/site-packages/airflow/example_dags/example_dataset_alias_with_no_taskflow.py
[2024-09-01T00:39:27.967+0530] {processor.py:914} INFO - Processing file /Users/ravipal/Desktop/Workspace/airflow_tutorial/py_env/lib/python3.12/site-packages/airflow/example_dags/example_dataset_alias_with_no_taskflow.py for tasks to queue
[2024-09-01T00:39:27.968+0530] {logging_mixin.py:190} INFO - [2024-09-01T00:39:27.968+0530] {dagbag.py:587} INFO - Filling up the DagBag from /Users/ravipal/Desktop/Workspace/airflow_tutorial/py_env/lib/python3.12/site-packages/airflow/example_dags/example_dataset_alias_with_no_taskflow.py
[2024-09-01T00:39:28.019+0530] {processor.py:925} INFO - DAG(s) 'dataset_s3_bucket_consumer_with_no_taskflow', 'dataset_s3_bucket_producer_with_no_taskflow', 'dataset_alias_example_alias_consumer_with_no_taskflow', 'dataset_alias_example_alias_producer_with_no_taskflow' retrieved from /Users/ravipal/Desktop/Workspace/airflow_tutorial/py_env/lib/python3.12/site-packages/airflow/example_dags/example_dataset_alias_with_no_taskflow.py
[2024-09-01T00:39:28.027+0530] {logging_mixin.py:190} INFO - [2024-09-01T00:39:28.027+0530] {dag.py:3211} INFO - Sync 4 DAGs
[2024-09-01T00:39:28.034+0530] {logging_mixin.py:190} INFO - [2024-09-01T00:39:28.034+0530] {dag.py:4138} INFO - Setting next_dagrun for dataset_alias_example_alias_consumer_with_no_taskflow to None, run_after=None
[2024-09-01T00:39:28.034+0530] {logging_mixin.py:190} INFO - [2024-09-01T00:39:28.034+0530] {dag.py:4138} INFO - Setting next_dagrun for dataset_alias_example_alias_producer_with_no_taskflow to None, run_after=None
[2024-09-01T00:39:28.035+0530] {logging_mixin.py:190} INFO - [2024-09-01T00:39:28.035+0530] {dag.py:4138} INFO - Setting next_dagrun for dataset_s3_bucket_consumer_with_no_taskflow to None, run_after=None
[2024-09-01T00:39:28.035+0530] {logging_mixin.py:190} INFO - [2024-09-01T00:39:28.035+0530] {dag.py:4138} INFO - Setting next_dagrun for dataset_s3_bucket_producer_with_no_taskflow to None, run_after=None
[2024-09-01T00:39:28.042+0530] {processor.py:208} INFO - Processing /Users/ravipal/Desktop/Workspace/airflow_tutorial/py_env/lib/python3.12/site-packages/airflow/example_dags/example_dataset_alias_with_no_taskflow.py took 0.077 seconds
[2024-09-01T00:41:40.447+0530] {processor.py:186} INFO - Started process (PID=2739) to work on /Users/ravipal/Desktop/Workspace/airflow_tutorial/py_env/lib/python3.12/site-packages/airflow/example_dags/example_dataset_alias_with_no_taskflow.py
[2024-09-01T00:41:40.447+0530] {processor.py:914} INFO - Processing file /Users/ravipal/Desktop/Workspace/airflow_tutorial/py_env/lib/python3.12/site-packages/airflow/example_dags/example_dataset_alias_with_no_taskflow.py for tasks to queue
[2024-09-01T00:41:40.447+0530] {logging_mixin.py:190} INFO - [2024-09-01T00:41:40.447+0530] {dagbag.py:587} INFO - Filling up the DagBag from /Users/ravipal/Desktop/Workspace/airflow_tutorial/py_env/lib/python3.12/site-packages/airflow/example_dags/example_dataset_alias_with_no_taskflow.py
[2024-09-01T00:41:40.500+0530] {processor.py:925} INFO - DAG(s) 'dataset_alias_example_alias_consumer_with_no_taskflow', 'dataset_s3_bucket_producer_with_no_taskflow', 'dataset_s3_bucket_consumer_with_no_taskflow', 'dataset_alias_example_alias_producer_with_no_taskflow' retrieved from /Users/ravipal/Desktop/Workspace/airflow_tutorial/py_env/lib/python3.12/site-packages/airflow/example_dags/example_dataset_alias_with_no_taskflow.py
[2024-09-01T00:41:40.510+0530] {logging_mixin.py:190} INFO - [2024-09-01T00:41:40.510+0530] {dag.py:3211} INFO - Sync 4 DAGs
[2024-09-01T00:41:40.517+0530] {logging_mixin.py:190} INFO - [2024-09-01T00:41:40.516+0530] {dag.py:4138} INFO - Setting next_dagrun for dataset_alias_example_alias_consumer_with_no_taskflow to None, run_after=None
[2024-09-01T00:41:40.517+0530] {logging_mixin.py:190} INFO - [2024-09-01T00:41:40.517+0530] {dag.py:4138} INFO - Setting next_dagrun for dataset_alias_example_alias_producer_with_no_taskflow to None, run_after=None
[2024-09-01T00:41:40.518+0530] {logging_mixin.py:190} INFO - [2024-09-01T00:41:40.518+0530] {dag.py:4138} INFO - Setting next_dagrun for dataset_s3_bucket_consumer_with_no_taskflow to None, run_after=None
[2024-09-01T00:41:40.518+0530] {logging_mixin.py:190} INFO - [2024-09-01T00:41:40.518+0530] {dag.py:4138} INFO - Setting next_dagrun for dataset_s3_bucket_producer_with_no_taskflow to None, run_after=None
[2024-09-01T00:41:40.525+0530] {processor.py:208} INFO - Processing /Users/ravipal/Desktop/Workspace/airflow_tutorial/py_env/lib/python3.12/site-packages/airflow/example_dags/example_dataset_alias_with_no_taskflow.py took 0.081 seconds
[2024-09-01T00:43:53.061+0530] {processor.py:186} INFO - Started process (PID=2872) to work on /Users/ravipal/Desktop/Workspace/airflow_tutorial/py_env/lib/python3.12/site-packages/airflow/example_dags/example_dataset_alias_with_no_taskflow.py
[2024-09-01T00:43:53.061+0530] {processor.py:914} INFO - Processing file /Users/ravipal/Desktop/Workspace/airflow_tutorial/py_env/lib/python3.12/site-packages/airflow/example_dags/example_dataset_alias_with_no_taskflow.py for tasks to queue
[2024-09-01T00:43:53.061+0530] {logging_mixin.py:190} INFO - [2024-09-01T00:43:53.061+0530] {dagbag.py:587} INFO - Filling up the DagBag from /Users/ravipal/Desktop/Workspace/airflow_tutorial/py_env/lib/python3.12/site-packages/airflow/example_dags/example_dataset_alias_with_no_taskflow.py
[2024-09-01T00:43:53.113+0530] {processor.py:925} INFO - DAG(s) 'dataset_s3_bucket_consumer_with_no_taskflow', 'dataset_s3_bucket_producer_with_no_taskflow', 'dataset_alias_example_alias_consumer_with_no_taskflow', 'dataset_alias_example_alias_producer_with_no_taskflow' retrieved from /Users/ravipal/Desktop/Workspace/airflow_tutorial/py_env/lib/python3.12/site-packages/airflow/example_dags/example_dataset_alias_with_no_taskflow.py
[2024-09-01T00:43:53.121+0530] {logging_mixin.py:190} INFO - [2024-09-01T00:43:53.121+0530] {dag.py:3211} INFO - Sync 4 DAGs
[2024-09-01T00:43:53.128+0530] {logging_mixin.py:190} INFO - [2024-09-01T00:43:53.128+0530] {dag.py:4138} INFO - Setting next_dagrun for dataset_alias_example_alias_consumer_with_no_taskflow to None, run_after=None
[2024-09-01T00:43:53.128+0530] {logging_mixin.py:190} INFO - [2024-09-01T00:43:53.128+0530] {dag.py:4138} INFO - Setting next_dagrun for dataset_alias_example_alias_producer_with_no_taskflow to None, run_after=None
[2024-09-01T00:43:53.129+0530] {logging_mixin.py:190} INFO - [2024-09-01T00:43:53.129+0530] {dag.py:4138} INFO - Setting next_dagrun for dataset_s3_bucket_consumer_with_no_taskflow to None, run_after=None
[2024-09-01T00:43:53.129+0530] {logging_mixin.py:190} INFO - [2024-09-01T00:43:53.129+0530] {dag.py:4138} INFO - Setting next_dagrun for dataset_s3_bucket_producer_with_no_taskflow to None, run_after=None
[2024-09-01T00:43:53.136+0530] {processor.py:208} INFO - Processing /Users/ravipal/Desktop/Workspace/airflow_tutorial/py_env/lib/python3.12/site-packages/airflow/example_dags/example_dataset_alias_with_no_taskflow.py took 0.078 seconds
[2024-09-01T00:46:08.646+0530] {processor.py:186} INFO - Started process (PID=3006) to work on /Users/ravipal/Desktop/Workspace/airflow_tutorial/py_env/lib/python3.12/site-packages/airflow/example_dags/example_dataset_alias_with_no_taskflow.py
[2024-09-01T00:46:08.646+0530] {processor.py:914} INFO - Processing file /Users/ravipal/Desktop/Workspace/airflow_tutorial/py_env/lib/python3.12/site-packages/airflow/example_dags/example_dataset_alias_with_no_taskflow.py for tasks to queue
[2024-09-01T00:46:08.647+0530] {logging_mixin.py:190} INFO - [2024-09-01T00:46:08.646+0530] {dagbag.py:587} INFO - Filling up the DagBag from /Users/ravipal/Desktop/Workspace/airflow_tutorial/py_env/lib/python3.12/site-packages/airflow/example_dags/example_dataset_alias_with_no_taskflow.py
[2024-09-01T00:46:08.699+0530] {processor.py:925} INFO - DAG(s) 'dataset_alias_example_alias_producer_with_no_taskflow', 'dataset_s3_bucket_consumer_with_no_taskflow', 'dataset_s3_bucket_producer_with_no_taskflow', 'dataset_alias_example_alias_consumer_with_no_taskflow' retrieved from /Users/ravipal/Desktop/Workspace/airflow_tutorial/py_env/lib/python3.12/site-packages/airflow/example_dags/example_dataset_alias_with_no_taskflow.py
[2024-09-01T00:46:08.707+0530] {logging_mixin.py:190} INFO - [2024-09-01T00:46:08.707+0530] {dag.py:3211} INFO - Sync 4 DAGs
[2024-09-01T00:46:08.714+0530] {logging_mixin.py:190} INFO - [2024-09-01T00:46:08.714+0530] {dag.py:4138} INFO - Setting next_dagrun for dataset_alias_example_alias_consumer_with_no_taskflow to None, run_after=None
[2024-09-01T00:46:08.714+0530] {logging_mixin.py:190} INFO - [2024-09-01T00:46:08.714+0530] {dag.py:4138} INFO - Setting next_dagrun for dataset_alias_example_alias_producer_with_no_taskflow to None, run_after=None
[2024-09-01T00:46:08.715+0530] {logging_mixin.py:190} INFO - [2024-09-01T00:46:08.715+0530] {dag.py:4138} INFO - Setting next_dagrun for dataset_s3_bucket_consumer_with_no_taskflow to None, run_after=None
[2024-09-01T00:46:08.715+0530] {logging_mixin.py:190} INFO - [2024-09-01T00:46:08.715+0530] {dag.py:4138} INFO - Setting next_dagrun for dataset_s3_bucket_producer_with_no_taskflow to None, run_after=None
[2024-09-01T00:46:08.723+0530] {processor.py:208} INFO - Processing /Users/ravipal/Desktop/Workspace/airflow_tutorial/py_env/lib/python3.12/site-packages/airflow/example_dags/example_dataset_alias_with_no_taskflow.py took 0.079 seconds
[2024-09-01T00:48:18.131+0530] {processor.py:186} INFO - Started process (PID=3136) to work on /Users/ravipal/Desktop/Workspace/airflow_tutorial/py_env/lib/python3.12/site-packages/airflow/example_dags/example_dataset_alias_with_no_taskflow.py
[2024-09-01T00:48:18.131+0530] {processor.py:914} INFO - Processing file /Users/ravipal/Desktop/Workspace/airflow_tutorial/py_env/lib/python3.12/site-packages/airflow/example_dags/example_dataset_alias_with_no_taskflow.py for tasks to queue
[2024-09-01T00:48:18.132+0530] {logging_mixin.py:190} INFO - [2024-09-01T00:48:18.132+0530] {dagbag.py:587} INFO - Filling up the DagBag from /Users/ravipal/Desktop/Workspace/airflow_tutorial/py_env/lib/python3.12/site-packages/airflow/example_dags/example_dataset_alias_with_no_taskflow.py
[2024-09-01T00:48:18.184+0530] {processor.py:925} INFO - DAG(s) 'dataset_alias_example_alias_consumer_with_no_taskflow', 'dataset_s3_bucket_producer_with_no_taskflow', 'dataset_s3_bucket_consumer_with_no_taskflow', 'dataset_alias_example_alias_producer_with_no_taskflow' retrieved from /Users/ravipal/Desktop/Workspace/airflow_tutorial/py_env/lib/python3.12/site-packages/airflow/example_dags/example_dataset_alias_with_no_taskflow.py
[2024-09-01T00:48:18.192+0530] {logging_mixin.py:190} INFO - [2024-09-01T00:48:18.192+0530] {dag.py:3211} INFO - Sync 4 DAGs
[2024-09-01T00:48:18.198+0530] {logging_mixin.py:190} INFO - [2024-09-01T00:48:18.198+0530] {dag.py:4138} INFO - Setting next_dagrun for dataset_alias_example_alias_consumer_with_no_taskflow to None, run_after=None
[2024-09-01T00:48:18.199+0530] {logging_mixin.py:190} INFO - [2024-09-01T00:48:18.199+0530] {dag.py:4138} INFO - Setting next_dagrun for dataset_alias_example_alias_producer_with_no_taskflow to None, run_after=None
[2024-09-01T00:48:18.199+0530] {logging_mixin.py:190} INFO - [2024-09-01T00:48:18.199+0530] {dag.py:4138} INFO - Setting next_dagrun for dataset_s3_bucket_consumer_with_no_taskflow to None, run_after=None
[2024-09-01T00:48:18.200+0530] {logging_mixin.py:190} INFO - [2024-09-01T00:48:18.200+0530] {dag.py:4138} INFO - Setting next_dagrun for dataset_s3_bucket_producer_with_no_taskflow to None, run_after=None
[2024-09-01T00:48:18.207+0530] {processor.py:208} INFO - Processing /Users/ravipal/Desktop/Workspace/airflow_tutorial/py_env/lib/python3.12/site-packages/airflow/example_dags/example_dataset_alias_with_no_taskflow.py took 0.078 seconds
[2024-09-01T00:50:28.984+0530] {processor.py:186} INFO - Started process (PID=3290) to work on /Users/ravipal/Desktop/Workspace/airflow_tutorial/py_env/lib/python3.12/site-packages/airflow/example_dags/example_dataset_alias_with_no_taskflow.py
[2024-09-01T00:50:28.986+0530] {processor.py:914} INFO - Processing file /Users/ravipal/Desktop/Workspace/airflow_tutorial/py_env/lib/python3.12/site-packages/airflow/example_dags/example_dataset_alias_with_no_taskflow.py for tasks to queue
[2024-09-01T00:50:28.986+0530] {logging_mixin.py:190} INFO - [2024-09-01T00:50:28.986+0530] {dagbag.py:587} INFO - Filling up the DagBag from /Users/ravipal/Desktop/Workspace/airflow_tutorial/py_env/lib/python3.12/site-packages/airflow/example_dags/example_dataset_alias_with_no_taskflow.py
[2024-09-01T00:50:29.039+0530] {processor.py:925} INFO - DAG(s) 'dataset_s3_bucket_consumer_with_no_taskflow', 'dataset_alias_example_alias_consumer_with_no_taskflow', 'dataset_alias_example_alias_producer_with_no_taskflow', 'dataset_s3_bucket_producer_with_no_taskflow' retrieved from /Users/ravipal/Desktop/Workspace/airflow_tutorial/py_env/lib/python3.12/site-packages/airflow/example_dags/example_dataset_alias_with_no_taskflow.py
[2024-09-01T00:50:29.048+0530] {logging_mixin.py:190} INFO - [2024-09-01T00:50:29.048+0530] {dag.py:3211} INFO - Sync 4 DAGs
[2024-09-01T00:50:29.055+0530] {logging_mixin.py:190} INFO - [2024-09-01T00:50:29.055+0530] {dag.py:4138} INFO - Setting next_dagrun for dataset_alias_example_alias_consumer_with_no_taskflow to None, run_after=None
[2024-09-01T00:50:29.056+0530] {logging_mixin.py:190} INFO - [2024-09-01T00:50:29.055+0530] {dag.py:4138} INFO - Setting next_dagrun for dataset_alias_example_alias_producer_with_no_taskflow to None, run_after=None
[2024-09-01T00:50:29.056+0530] {logging_mixin.py:190} INFO - [2024-09-01T00:50:29.056+0530] {dag.py:4138} INFO - Setting next_dagrun for dataset_s3_bucket_consumer_with_no_taskflow to None, run_after=None
[2024-09-01T00:50:29.056+0530] {logging_mixin.py:190} INFO - [2024-09-01T00:50:29.056+0530] {dag.py:4138} INFO - Setting next_dagrun for dataset_s3_bucket_producer_with_no_taskflow to None, run_after=None
[2024-09-01T00:50:29.063+0530] {processor.py:208} INFO - Processing /Users/ravipal/Desktop/Workspace/airflow_tutorial/py_env/lib/python3.12/site-packages/airflow/example_dags/example_dataset_alias_with_no_taskflow.py took 0.082 seconds
[2024-09-01T00:52:42.772+0530] {processor.py:186} INFO - Started process (PID=3427) to work on /Users/ravipal/Desktop/Workspace/airflow_tutorial/py_env/lib/python3.12/site-packages/airflow/example_dags/example_dataset_alias_with_no_taskflow.py
[2024-09-01T00:52:42.773+0530] {processor.py:914} INFO - Processing file /Users/ravipal/Desktop/Workspace/airflow_tutorial/py_env/lib/python3.12/site-packages/airflow/example_dags/example_dataset_alias_with_no_taskflow.py for tasks to queue
[2024-09-01T00:52:42.774+0530] {logging_mixin.py:190} INFO - [2024-09-01T00:52:42.774+0530] {dagbag.py:587} INFO - Filling up the DagBag from /Users/ravipal/Desktop/Workspace/airflow_tutorial/py_env/lib/python3.12/site-packages/airflow/example_dags/example_dataset_alias_with_no_taskflow.py
[2024-09-01T00:52:42.826+0530] {processor.py:925} INFO - DAG(s) 'dataset_s3_bucket_consumer_with_no_taskflow', 'dataset_s3_bucket_producer_with_no_taskflow', 'dataset_alias_example_alias_producer_with_no_taskflow', 'dataset_alias_example_alias_consumer_with_no_taskflow' retrieved from /Users/ravipal/Desktop/Workspace/airflow_tutorial/py_env/lib/python3.12/site-packages/airflow/example_dags/example_dataset_alias_with_no_taskflow.py
[2024-09-01T00:52:42.835+0530] {logging_mixin.py:190} INFO - [2024-09-01T00:52:42.834+0530] {dag.py:3211} INFO - Sync 4 DAGs
[2024-09-01T00:52:42.841+0530] {logging_mixin.py:190} INFO - [2024-09-01T00:52:42.841+0530] {dag.py:4138} INFO - Setting next_dagrun for dataset_alias_example_alias_consumer_with_no_taskflow to None, run_after=None
[2024-09-01T00:52:42.842+0530] {logging_mixin.py:190} INFO - [2024-09-01T00:52:42.842+0530] {dag.py:4138} INFO - Setting next_dagrun for dataset_alias_example_alias_producer_with_no_taskflow to None, run_after=None
[2024-09-01T00:52:42.842+0530] {logging_mixin.py:190} INFO - [2024-09-01T00:52:42.842+0530] {dag.py:4138} INFO - Setting next_dagrun for dataset_s3_bucket_consumer_with_no_taskflow to None, run_after=None
[2024-09-01T00:52:42.842+0530] {logging_mixin.py:190} INFO - [2024-09-01T00:52:42.842+0530] {dag.py:4138} INFO - Setting next_dagrun for dataset_s3_bucket_producer_with_no_taskflow to None, run_after=None
[2024-09-01T00:52:42.850+0530] {processor.py:208} INFO - Processing /Users/ravipal/Desktop/Workspace/airflow_tutorial/py_env/lib/python3.12/site-packages/airflow/example_dags/example_dataset_alias_with_no_taskflow.py took 0.079 seconds
[2024-09-01T00:54:54.672+0530] {processor.py:186} INFO - Started process (PID=3558) to work on /Users/ravipal/Desktop/Workspace/airflow_tutorial/py_env/lib/python3.12/site-packages/airflow/example_dags/example_dataset_alias_with_no_taskflow.py
[2024-09-01T00:54:54.672+0530] {processor.py:914} INFO - Processing file /Users/ravipal/Desktop/Workspace/airflow_tutorial/py_env/lib/python3.12/site-packages/airflow/example_dags/example_dataset_alias_with_no_taskflow.py for tasks to queue
[2024-09-01T00:54:54.672+0530] {logging_mixin.py:190} INFO - [2024-09-01T00:54:54.672+0530] {dagbag.py:587} INFO - Filling up the DagBag from /Users/ravipal/Desktop/Workspace/airflow_tutorial/py_env/lib/python3.12/site-packages/airflow/example_dags/example_dataset_alias_with_no_taskflow.py
[2024-09-01T00:54:54.724+0530] {processor.py:925} INFO - DAG(s) 'dataset_s3_bucket_consumer_with_no_taskflow', 'dataset_s3_bucket_producer_with_no_taskflow', 'dataset_alias_example_alias_consumer_with_no_taskflow', 'dataset_alias_example_alias_producer_with_no_taskflow' retrieved from /Users/ravipal/Desktop/Workspace/airflow_tutorial/py_env/lib/python3.12/site-packages/airflow/example_dags/example_dataset_alias_with_no_taskflow.py
[2024-09-01T00:54:54.732+0530] {logging_mixin.py:190} INFO - [2024-09-01T00:54:54.732+0530] {dag.py:3211} INFO - Sync 4 DAGs
[2024-09-01T00:54:54.738+0530] {logging_mixin.py:190} INFO - [2024-09-01T00:54:54.738+0530] {dag.py:4138} INFO - Setting next_dagrun for dataset_alias_example_alias_consumer_with_no_taskflow to None, run_after=None
[2024-09-01T00:54:54.739+0530] {logging_mixin.py:190} INFO - [2024-09-01T00:54:54.739+0530] {dag.py:4138} INFO - Setting next_dagrun for dataset_alias_example_alias_producer_with_no_taskflow to None, run_after=None
[2024-09-01T00:54:54.739+0530] {logging_mixin.py:190} INFO - [2024-09-01T00:54:54.739+0530] {dag.py:4138} INFO - Setting next_dagrun for dataset_s3_bucket_consumer_with_no_taskflow to None, run_after=None
[2024-09-01T00:54:54.739+0530] {logging_mixin.py:190} INFO - [2024-09-01T00:54:54.739+0530] {dag.py:4138} INFO - Setting next_dagrun for dataset_s3_bucket_producer_with_no_taskflow to None, run_after=None
[2024-09-01T00:54:54.747+0530] {processor.py:208} INFO - Processing /Users/ravipal/Desktop/Workspace/airflow_tutorial/py_env/lib/python3.12/site-packages/airflow/example_dags/example_dataset_alias_with_no_taskflow.py took 0.077 seconds
[2024-09-01T00:57:04.478+0530] {processor.py:186} INFO - Started process (PID=3688) to work on /Users/ravipal/Desktop/Workspace/airflow_tutorial/py_env/lib/python3.12/site-packages/airflow/example_dags/example_dataset_alias_with_no_taskflow.py
[2024-09-01T00:57:04.479+0530] {processor.py:914} INFO - Processing file /Users/ravipal/Desktop/Workspace/airflow_tutorial/py_env/lib/python3.12/site-packages/airflow/example_dags/example_dataset_alias_with_no_taskflow.py for tasks to queue
[2024-09-01T00:57:04.479+0530] {logging_mixin.py:190} INFO - [2024-09-01T00:57:04.479+0530] {dagbag.py:587} INFO - Filling up the DagBag from /Users/ravipal/Desktop/Workspace/airflow_tutorial/py_env/lib/python3.12/site-packages/airflow/example_dags/example_dataset_alias_with_no_taskflow.py
[2024-09-01T00:57:04.531+0530] {processor.py:925} INFO - DAG(s) 'dataset_alias_example_alias_producer_with_no_taskflow', 'dataset_s3_bucket_consumer_with_no_taskflow', 'dataset_s3_bucket_producer_with_no_taskflow', 'dataset_alias_example_alias_consumer_with_no_taskflow' retrieved from /Users/ravipal/Desktop/Workspace/airflow_tutorial/py_env/lib/python3.12/site-packages/airflow/example_dags/example_dataset_alias_with_no_taskflow.py
[2024-09-01T00:57:04.539+0530] {logging_mixin.py:190} INFO - [2024-09-01T00:57:04.539+0530] {dag.py:3211} INFO - Sync 4 DAGs
[2024-09-01T00:57:04.546+0530] {logging_mixin.py:190} INFO - [2024-09-01T00:57:04.546+0530] {dag.py:4138} INFO - Setting next_dagrun for dataset_alias_example_alias_consumer_with_no_taskflow to None, run_after=None
[2024-09-01T00:57:04.546+0530] {logging_mixin.py:190} INFO - [2024-09-01T00:57:04.546+0530] {dag.py:4138} INFO - Setting next_dagrun for dataset_alias_example_alias_producer_with_no_taskflow to None, run_after=None
[2024-09-01T00:57:04.547+0530] {logging_mixin.py:190} INFO - [2024-09-01T00:57:04.547+0530] {dag.py:4138} INFO - Setting next_dagrun for dataset_s3_bucket_consumer_with_no_taskflow to None, run_after=None
[2024-09-01T00:57:04.547+0530] {logging_mixin.py:190} INFO - [2024-09-01T00:57:04.547+0530] {dag.py:4138} INFO - Setting next_dagrun for dataset_s3_bucket_producer_with_no_taskflow to None, run_after=None
[2024-09-01T00:57:04.555+0530] {processor.py:208} INFO - Processing /Users/ravipal/Desktop/Workspace/airflow_tutorial/py_env/lib/python3.12/site-packages/airflow/example_dags/example_dataset_alias_with_no_taskflow.py took 0.078 seconds
[2024-09-01T00:59:16.798+0530] {processor.py:186} INFO - Started process (PID=3819) to work on /Users/ravipal/Desktop/Workspace/airflow_tutorial/py_env/lib/python3.12/site-packages/airflow/example_dags/example_dataset_alias_with_no_taskflow.py
[2024-09-01T00:59:16.798+0530] {processor.py:914} INFO - Processing file /Users/ravipal/Desktop/Workspace/airflow_tutorial/py_env/lib/python3.12/site-packages/airflow/example_dags/example_dataset_alias_with_no_taskflow.py for tasks to queue
[2024-09-01T00:59:16.799+0530] {logging_mixin.py:190} INFO - [2024-09-01T00:59:16.798+0530] {dagbag.py:587} INFO - Filling up the DagBag from /Users/ravipal/Desktop/Workspace/airflow_tutorial/py_env/lib/python3.12/site-packages/airflow/example_dags/example_dataset_alias_with_no_taskflow.py
[2024-09-01T00:59:16.850+0530] {processor.py:925} INFO - DAG(s) 'dataset_alias_example_alias_consumer_with_no_taskflow', 'dataset_s3_bucket_consumer_with_no_taskflow', 'dataset_alias_example_alias_producer_with_no_taskflow', 'dataset_s3_bucket_producer_with_no_taskflow' retrieved from /Users/ravipal/Desktop/Workspace/airflow_tutorial/py_env/lib/python3.12/site-packages/airflow/example_dags/example_dataset_alias_with_no_taskflow.py
[2024-09-01T00:59:16.858+0530] {logging_mixin.py:190} INFO - [2024-09-01T00:59:16.858+0530] {dag.py:3211} INFO - Sync 4 DAGs
[2024-09-01T00:59:16.864+0530] {logging_mixin.py:190} INFO - [2024-09-01T00:59:16.864+0530] {dag.py:4138} INFO - Setting next_dagrun for dataset_alias_example_alias_consumer_with_no_taskflow to None, run_after=None
[2024-09-01T00:59:16.865+0530] {logging_mixin.py:190} INFO - [2024-09-01T00:59:16.865+0530] {dag.py:4138} INFO - Setting next_dagrun for dataset_alias_example_alias_producer_with_no_taskflow to None, run_after=None
[2024-09-01T00:59:16.865+0530] {logging_mixin.py:190} INFO - [2024-09-01T00:59:16.865+0530] {dag.py:4138} INFO - Setting next_dagrun for dataset_s3_bucket_consumer_with_no_taskflow to None, run_after=None
[2024-09-01T00:59:16.866+0530] {logging_mixin.py:190} INFO - [2024-09-01T00:59:16.866+0530] {dag.py:4138} INFO - Setting next_dagrun for dataset_s3_bucket_producer_with_no_taskflow to None, run_after=None
[2024-09-01T00:59:16.873+0530] {processor.py:208} INFO - Processing /Users/ravipal/Desktop/Workspace/airflow_tutorial/py_env/lib/python3.12/site-packages/airflow/example_dags/example_dataset_alias_with_no_taskflow.py took 0.077 seconds
[2024-09-01T01:01:24.939+0530] {processor.py:186} INFO - Started process (PID=3948) to work on /Users/ravipal/Desktop/Workspace/airflow_tutorial/py_env/lib/python3.12/site-packages/airflow/example_dags/example_dataset_alias_with_no_taskflow.py
[2024-09-01T01:01:24.939+0530] {processor.py:914} INFO - Processing file /Users/ravipal/Desktop/Workspace/airflow_tutorial/py_env/lib/python3.12/site-packages/airflow/example_dags/example_dataset_alias_with_no_taskflow.py for tasks to queue
[2024-09-01T01:01:24.940+0530] {logging_mixin.py:190} INFO - [2024-09-01T01:01:24.940+0530] {dagbag.py:587} INFO - Filling up the DagBag from /Users/ravipal/Desktop/Workspace/airflow_tutorial/py_env/lib/python3.12/site-packages/airflow/example_dags/example_dataset_alias_with_no_taskflow.py
[2024-09-01T01:01:24.992+0530] {processor.py:925} INFO - DAG(s) 'dataset_s3_bucket_producer_with_no_taskflow', 'dataset_alias_example_alias_producer_with_no_taskflow', 'dataset_alias_example_alias_consumer_with_no_taskflow', 'dataset_s3_bucket_consumer_with_no_taskflow' retrieved from /Users/ravipal/Desktop/Workspace/airflow_tutorial/py_env/lib/python3.12/site-packages/airflow/example_dags/example_dataset_alias_with_no_taskflow.py
[2024-09-01T01:01:25.000+0530] {logging_mixin.py:190} INFO - [2024-09-01T01:01:25.000+0530] {dag.py:3211} INFO - Sync 4 DAGs
[2024-09-01T01:01:25.006+0530] {logging_mixin.py:190} INFO - [2024-09-01T01:01:25.006+0530] {dag.py:4138} INFO - Setting next_dagrun for dataset_alias_example_alias_consumer_with_no_taskflow to None, run_after=None
[2024-09-01T01:01:25.007+0530] {logging_mixin.py:190} INFO - [2024-09-01T01:01:25.007+0530] {dag.py:4138} INFO - Setting next_dagrun for dataset_alias_example_alias_producer_with_no_taskflow to None, run_after=None
[2024-09-01T01:01:25.007+0530] {logging_mixin.py:190} INFO - [2024-09-01T01:01:25.007+0530] {dag.py:4138} INFO - Setting next_dagrun for dataset_s3_bucket_consumer_with_no_taskflow to None, run_after=None
[2024-09-01T01:01:25.008+0530] {logging_mixin.py:190} INFO - [2024-09-01T01:01:25.008+0530] {dag.py:4138} INFO - Setting next_dagrun for dataset_s3_bucket_producer_with_no_taskflow to None, run_after=None
[2024-09-01T01:01:25.015+0530] {processor.py:208} INFO - Processing /Users/ravipal/Desktop/Workspace/airflow_tutorial/py_env/lib/python3.12/site-packages/airflow/example_dags/example_dataset_alias_with_no_taskflow.py took 0.078 seconds
[2024-09-01T01:03:28.983+0530] {processor.py:186} INFO - Started process (PID=4080) to work on /Users/ravipal/Desktop/Workspace/airflow_tutorial/py_env/lib/python3.12/site-packages/airflow/example_dags/example_dataset_alias_with_no_taskflow.py
[2024-09-01T01:03:28.984+0530] {processor.py:914} INFO - Processing file /Users/ravipal/Desktop/Workspace/airflow_tutorial/py_env/lib/python3.12/site-packages/airflow/example_dags/example_dataset_alias_with_no_taskflow.py for tasks to queue
[2024-09-01T01:03:28.984+0530] {logging_mixin.py:190} INFO - [2024-09-01T01:03:28.984+0530] {dagbag.py:587} INFO - Filling up the DagBag from /Users/ravipal/Desktop/Workspace/airflow_tutorial/py_env/lib/python3.12/site-packages/airflow/example_dags/example_dataset_alias_with_no_taskflow.py
[2024-09-01T01:03:29.036+0530] {processor.py:925} INFO - DAG(s) 'dataset_alias_example_alias_consumer_with_no_taskflow', 'dataset_s3_bucket_consumer_with_no_taskflow', 'dataset_s3_bucket_producer_with_no_taskflow', 'dataset_alias_example_alias_producer_with_no_taskflow' retrieved from /Users/ravipal/Desktop/Workspace/airflow_tutorial/py_env/lib/python3.12/site-packages/airflow/example_dags/example_dataset_alias_with_no_taskflow.py
[2024-09-01T01:03:29.044+0530] {logging_mixin.py:190} INFO - [2024-09-01T01:03:29.044+0530] {dag.py:3211} INFO - Sync 4 DAGs
[2024-09-01T01:03:29.050+0530] {logging_mixin.py:190} INFO - [2024-09-01T01:03:29.050+0530] {dag.py:4138} INFO - Setting next_dagrun for dataset_alias_example_alias_consumer_with_no_taskflow to None, run_after=None
[2024-09-01T01:03:29.051+0530] {logging_mixin.py:190} INFO - [2024-09-01T01:03:29.051+0530] {dag.py:4138} INFO - Setting next_dagrun for dataset_alias_example_alias_producer_with_no_taskflow to None, run_after=None
[2024-09-01T01:03:29.051+0530] {logging_mixin.py:190} INFO - [2024-09-01T01:03:29.051+0530] {dag.py:4138} INFO - Setting next_dagrun for dataset_s3_bucket_consumer_with_no_taskflow to None, run_after=None
[2024-09-01T01:03:29.052+0530] {logging_mixin.py:190} INFO - [2024-09-01T01:03:29.052+0530] {dag.py:4138} INFO - Setting next_dagrun for dataset_s3_bucket_producer_with_no_taskflow to None, run_after=None
[2024-09-01T01:03:29.059+0530] {processor.py:208} INFO - Processing /Users/ravipal/Desktop/Workspace/airflow_tutorial/py_env/lib/python3.12/site-packages/airflow/example_dags/example_dataset_alias_with_no_taskflow.py took 0.078 seconds
[2024-09-01T01:05:37.436+0530] {processor.py:186} INFO - Started process (PID=4232) to work on /Users/ravipal/Desktop/Workspace/airflow_tutorial/py_env/lib/python3.12/site-packages/airflow/example_dags/example_dataset_alias_with_no_taskflow.py
[2024-09-01T01:05:37.437+0530] {processor.py:914} INFO - Processing file /Users/ravipal/Desktop/Workspace/airflow_tutorial/py_env/lib/python3.12/site-packages/airflow/example_dags/example_dataset_alias_with_no_taskflow.py for tasks to queue
[2024-09-01T01:05:37.437+0530] {logging_mixin.py:190} INFO - [2024-09-01T01:05:37.437+0530] {dagbag.py:587} INFO - Filling up the DagBag from /Users/ravipal/Desktop/Workspace/airflow_tutorial/py_env/lib/python3.12/site-packages/airflow/example_dags/example_dataset_alias_with_no_taskflow.py
[2024-09-01T01:05:37.489+0530] {processor.py:925} INFO - DAG(s) 'dataset_alias_example_alias_producer_with_no_taskflow', 'dataset_alias_example_alias_consumer_with_no_taskflow', 'dataset_s3_bucket_consumer_with_no_taskflow', 'dataset_s3_bucket_producer_with_no_taskflow' retrieved from /Users/ravipal/Desktop/Workspace/airflow_tutorial/py_env/lib/python3.12/site-packages/airflow/example_dags/example_dataset_alias_with_no_taskflow.py
[2024-09-01T01:05:37.497+0530] {logging_mixin.py:190} INFO - [2024-09-01T01:05:37.497+0530] {dag.py:3211} INFO - Sync 4 DAGs
[2024-09-01T01:05:37.503+0530] {logging_mixin.py:190} INFO - [2024-09-01T01:05:37.503+0530] {dag.py:4138} INFO - Setting next_dagrun for dataset_alias_example_alias_consumer_with_no_taskflow to None, run_after=None
[2024-09-01T01:05:37.504+0530] {logging_mixin.py:190} INFO - [2024-09-01T01:05:37.504+0530] {dag.py:4138} INFO - Setting next_dagrun for dataset_alias_example_alias_producer_with_no_taskflow to None, run_after=None
[2024-09-01T01:05:37.504+0530] {logging_mixin.py:190} INFO - [2024-09-01T01:05:37.504+0530] {dag.py:4138} INFO - Setting next_dagrun for dataset_s3_bucket_consumer_with_no_taskflow to None, run_after=None
[2024-09-01T01:05:37.504+0530] {logging_mixin.py:190} INFO - [2024-09-01T01:05:37.504+0530] {dag.py:4138} INFO - Setting next_dagrun for dataset_s3_bucket_producer_with_no_taskflow to None, run_after=None
[2024-09-01T01:05:37.512+0530] {processor.py:208} INFO - Processing /Users/ravipal/Desktop/Workspace/airflow_tutorial/py_env/lib/python3.12/site-packages/airflow/example_dags/example_dataset_alias_with_no_taskflow.py took 0.078 seconds
[2024-09-01T01:07:49.501+0530] {processor.py:186} INFO - Started process (PID=4371) to work on /Users/ravipal/Desktop/Workspace/airflow_tutorial/py_env/lib/python3.12/site-packages/airflow/example_dags/example_dataset_alias_with_no_taskflow.py
[2024-09-01T01:07:49.501+0530] {processor.py:914} INFO - Processing file /Users/ravipal/Desktop/Workspace/airflow_tutorial/py_env/lib/python3.12/site-packages/airflow/example_dags/example_dataset_alias_with_no_taskflow.py for tasks to queue
[2024-09-01T01:07:49.501+0530] {logging_mixin.py:190} INFO - [2024-09-01T01:07:49.501+0530] {dagbag.py:587} INFO - Filling up the DagBag from /Users/ravipal/Desktop/Workspace/airflow_tutorial/py_env/lib/python3.12/site-packages/airflow/example_dags/example_dataset_alias_with_no_taskflow.py
[2024-09-01T01:07:49.553+0530] {processor.py:925} INFO - DAG(s) 'dataset_s3_bucket_consumer_with_no_taskflow', 'dataset_s3_bucket_producer_with_no_taskflow', 'dataset_alias_example_alias_consumer_with_no_taskflow', 'dataset_alias_example_alias_producer_with_no_taskflow' retrieved from /Users/ravipal/Desktop/Workspace/airflow_tutorial/py_env/lib/python3.12/site-packages/airflow/example_dags/example_dataset_alias_with_no_taskflow.py
[2024-09-01T01:07:49.561+0530] {logging_mixin.py:190} INFO - [2024-09-01T01:07:49.561+0530] {dag.py:3211} INFO - Sync 4 DAGs
[2024-09-01T01:07:49.567+0530] {logging_mixin.py:190} INFO - [2024-09-01T01:07:49.567+0530] {dag.py:4138} INFO - Setting next_dagrun for dataset_alias_example_alias_consumer_with_no_taskflow to None, run_after=None
[2024-09-01T01:07:49.568+0530] {logging_mixin.py:190} INFO - [2024-09-01T01:07:49.568+0530] {dag.py:4138} INFO - Setting next_dagrun for dataset_alias_example_alias_producer_with_no_taskflow to None, run_after=None
[2024-09-01T01:07:49.568+0530] {logging_mixin.py:190} INFO - [2024-09-01T01:07:49.568+0530] {dag.py:4138} INFO - Setting next_dagrun for dataset_s3_bucket_consumer_with_no_taskflow to None, run_after=None
[2024-09-01T01:07:49.569+0530] {logging_mixin.py:190} INFO - [2024-09-01T01:07:49.569+0530] {dag.py:4138} INFO - Setting next_dagrun for dataset_s3_bucket_producer_with_no_taskflow to None, run_after=None
[2024-09-01T01:07:49.576+0530] {processor.py:208} INFO - Processing /Users/ravipal/Desktop/Workspace/airflow_tutorial/py_env/lib/python3.12/site-packages/airflow/example_dags/example_dataset_alias_with_no_taskflow.py took 0.077 seconds
[2024-09-01T01:09:58.873+0530] {processor.py:186} INFO - Started process (PID=4501) to work on /Users/ravipal/Desktop/Workspace/airflow_tutorial/py_env/lib/python3.12/site-packages/airflow/example_dags/example_dataset_alias_with_no_taskflow.py
[2024-09-01T01:09:58.874+0530] {processor.py:914} INFO - Processing file /Users/ravipal/Desktop/Workspace/airflow_tutorial/py_env/lib/python3.12/site-packages/airflow/example_dags/example_dataset_alias_with_no_taskflow.py for tasks to queue
[2024-09-01T01:09:58.874+0530] {logging_mixin.py:190} INFO - [2024-09-01T01:09:58.874+0530] {dagbag.py:587} INFO - Filling up the DagBag from /Users/ravipal/Desktop/Workspace/airflow_tutorial/py_env/lib/python3.12/site-packages/airflow/example_dags/example_dataset_alias_with_no_taskflow.py
[2024-09-01T01:09:58.926+0530] {processor.py:925} INFO - DAG(s) 'dataset_alias_example_alias_producer_with_no_taskflow', 'dataset_alias_example_alias_consumer_with_no_taskflow', 'dataset_s3_bucket_consumer_with_no_taskflow', 'dataset_s3_bucket_producer_with_no_taskflow' retrieved from /Users/ravipal/Desktop/Workspace/airflow_tutorial/py_env/lib/python3.12/site-packages/airflow/example_dags/example_dataset_alias_with_no_taskflow.py
[2024-09-01T01:09:58.935+0530] {logging_mixin.py:190} INFO - [2024-09-01T01:09:58.934+0530] {dag.py:3211} INFO - Sync 4 DAGs
[2024-09-01T01:09:58.941+0530] {logging_mixin.py:190} INFO - [2024-09-01T01:09:58.941+0530] {dag.py:4138} INFO - Setting next_dagrun for dataset_alias_example_alias_consumer_with_no_taskflow to None, run_after=None
[2024-09-01T01:09:58.942+0530] {logging_mixin.py:190} INFO - [2024-09-01T01:09:58.941+0530] {dag.py:4138} INFO - Setting next_dagrun for dataset_alias_example_alias_producer_with_no_taskflow to None, run_after=None
[2024-09-01T01:09:58.942+0530] {logging_mixin.py:190} INFO - [2024-09-01T01:09:58.942+0530] {dag.py:4138} INFO - Setting next_dagrun for dataset_s3_bucket_consumer_with_no_taskflow to None, run_after=None
[2024-09-01T01:09:58.942+0530] {logging_mixin.py:190} INFO - [2024-09-01T01:09:58.942+0530] {dag.py:4138} INFO - Setting next_dagrun for dataset_s3_bucket_producer_with_no_taskflow to None, run_after=None
[2024-09-01T01:09:58.950+0530] {processor.py:208} INFO - Processing /Users/ravipal/Desktop/Workspace/airflow_tutorial/py_env/lib/python3.12/site-packages/airflow/example_dags/example_dataset_alias_with_no_taskflow.py took 0.078 seconds
[2024-09-01T01:12:05.805+0530] {processor.py:186} INFO - Started process (PID=4630) to work on /Users/ravipal/Desktop/Workspace/airflow_tutorial/py_env/lib/python3.12/site-packages/airflow/example_dags/example_dataset_alias_with_no_taskflow.py
[2024-09-01T01:12:05.806+0530] {processor.py:914} INFO - Processing file /Users/ravipal/Desktop/Workspace/airflow_tutorial/py_env/lib/python3.12/site-packages/airflow/example_dags/example_dataset_alias_with_no_taskflow.py for tasks to queue
[2024-09-01T01:12:05.806+0530] {logging_mixin.py:190} INFO - [2024-09-01T01:12:05.806+0530] {dagbag.py:587} INFO - Filling up the DagBag from /Users/ravipal/Desktop/Workspace/airflow_tutorial/py_env/lib/python3.12/site-packages/airflow/example_dags/example_dataset_alias_with_no_taskflow.py
[2024-09-01T01:12:05.857+0530] {processor.py:925} INFO - DAG(s) 'dataset_s3_bucket_producer_with_no_taskflow', 'dataset_alias_example_alias_consumer_with_no_taskflow', 'dataset_alias_example_alias_producer_with_no_taskflow', 'dataset_s3_bucket_consumer_with_no_taskflow' retrieved from /Users/ravipal/Desktop/Workspace/airflow_tutorial/py_env/lib/python3.12/site-packages/airflow/example_dags/example_dataset_alias_with_no_taskflow.py
[2024-09-01T01:12:05.865+0530] {logging_mixin.py:190} INFO - [2024-09-01T01:12:05.865+0530] {dag.py:3211} INFO - Sync 4 DAGs
[2024-09-01T01:12:05.872+0530] {logging_mixin.py:190} INFO - [2024-09-01T01:12:05.872+0530] {dag.py:4138} INFO - Setting next_dagrun for dataset_alias_example_alias_consumer_with_no_taskflow to None, run_after=None
[2024-09-01T01:12:05.872+0530] {logging_mixin.py:190} INFO - [2024-09-01T01:12:05.872+0530] {dag.py:4138} INFO - Setting next_dagrun for dataset_alias_example_alias_producer_with_no_taskflow to None, run_after=None
[2024-09-01T01:12:05.873+0530] {logging_mixin.py:190} INFO - [2024-09-01T01:12:05.873+0530] {dag.py:4138} INFO - Setting next_dagrun for dataset_s3_bucket_consumer_with_no_taskflow to None, run_after=None
[2024-09-01T01:12:05.873+0530] {logging_mixin.py:190} INFO - [2024-09-01T01:12:05.873+0530] {dag.py:4138} INFO - Setting next_dagrun for dataset_s3_bucket_producer_with_no_taskflow to None, run_after=None
[2024-09-01T01:12:05.880+0530] {processor.py:208} INFO - Processing /Users/ravipal/Desktop/Workspace/airflow_tutorial/py_env/lib/python3.12/site-packages/airflow/example_dags/example_dataset_alias_with_no_taskflow.py took 0.077 seconds
[2024-09-01T01:14:14.306+0530] {processor.py:186} INFO - Started process (PID=4759) to work on /Users/ravipal/Desktop/Workspace/airflow_tutorial/py_env/lib/python3.12/site-packages/airflow/example_dags/example_dataset_alias_with_no_taskflow.py
[2024-09-01T01:14:14.306+0530] {processor.py:914} INFO - Processing file /Users/ravipal/Desktop/Workspace/airflow_tutorial/py_env/lib/python3.12/site-packages/airflow/example_dags/example_dataset_alias_with_no_taskflow.py for tasks to queue
[2024-09-01T01:14:14.307+0530] {logging_mixin.py:190} INFO - [2024-09-01T01:14:14.307+0530] {dagbag.py:587} INFO - Filling up the DagBag from /Users/ravipal/Desktop/Workspace/airflow_tutorial/py_env/lib/python3.12/site-packages/airflow/example_dags/example_dataset_alias_with_no_taskflow.py
[2024-09-01T01:14:14.358+0530] {processor.py:925} INFO - DAG(s) 'dataset_alias_example_alias_producer_with_no_taskflow', 'dataset_s3_bucket_consumer_with_no_taskflow', 'dataset_alias_example_alias_consumer_with_no_taskflow', 'dataset_s3_bucket_producer_with_no_taskflow' retrieved from /Users/ravipal/Desktop/Workspace/airflow_tutorial/py_env/lib/python3.12/site-packages/airflow/example_dags/example_dataset_alias_with_no_taskflow.py
[2024-09-01T01:14:14.367+0530] {logging_mixin.py:190} INFO - [2024-09-01T01:14:14.366+0530] {dag.py:3211} INFO - Sync 4 DAGs
[2024-09-01T01:14:14.373+0530] {logging_mixin.py:190} INFO - [2024-09-01T01:14:14.373+0530] {dag.py:4138} INFO - Setting next_dagrun for dataset_alias_example_alias_consumer_with_no_taskflow to None, run_after=None
[2024-09-01T01:14:14.374+0530] {logging_mixin.py:190} INFO - [2024-09-01T01:14:14.374+0530] {dag.py:4138} INFO - Setting next_dagrun for dataset_alias_example_alias_producer_with_no_taskflow to None, run_after=None
[2024-09-01T01:14:14.374+0530] {logging_mixin.py:190} INFO - [2024-09-01T01:14:14.374+0530] {dag.py:4138} INFO - Setting next_dagrun for dataset_s3_bucket_consumer_with_no_taskflow to None, run_after=None
[2024-09-01T01:14:14.374+0530] {logging_mixin.py:190} INFO - [2024-09-01T01:14:14.374+0530] {dag.py:4138} INFO - Setting next_dagrun for dataset_s3_bucket_producer_with_no_taskflow to None, run_after=None
[2024-09-01T01:14:14.381+0530] {processor.py:208} INFO - Processing /Users/ravipal/Desktop/Workspace/airflow_tutorial/py_env/lib/python3.12/site-packages/airflow/example_dags/example_dataset_alias_with_no_taskflow.py took 0.078 seconds
[2024-09-01T01:16:24.612+0530] {processor.py:186} INFO - Started process (PID=4890) to work on /Users/ravipal/Desktop/Workspace/airflow_tutorial/py_env/lib/python3.12/site-packages/airflow/example_dags/example_dataset_alias_with_no_taskflow.py
[2024-09-01T01:16:24.612+0530] {processor.py:914} INFO - Processing file /Users/ravipal/Desktop/Workspace/airflow_tutorial/py_env/lib/python3.12/site-packages/airflow/example_dags/example_dataset_alias_with_no_taskflow.py for tasks to queue
[2024-09-01T01:16:24.613+0530] {logging_mixin.py:190} INFO - [2024-09-01T01:16:24.612+0530] {dagbag.py:587} INFO - Filling up the DagBag from /Users/ravipal/Desktop/Workspace/airflow_tutorial/py_env/lib/python3.12/site-packages/airflow/example_dags/example_dataset_alias_with_no_taskflow.py
[2024-09-01T01:16:24.664+0530] {processor.py:925} INFO - DAG(s) 'dataset_alias_example_alias_consumer_with_no_taskflow', 'dataset_alias_example_alias_producer_with_no_taskflow', 'dataset_s3_bucket_producer_with_no_taskflow', 'dataset_s3_bucket_consumer_with_no_taskflow' retrieved from /Users/ravipal/Desktop/Workspace/airflow_tutorial/py_env/lib/python3.12/site-packages/airflow/example_dags/example_dataset_alias_with_no_taskflow.py
[2024-09-01T01:16:24.672+0530] {logging_mixin.py:190} INFO - [2024-09-01T01:16:24.672+0530] {dag.py:3211} INFO - Sync 4 DAGs
[2024-09-01T01:16:24.679+0530] {logging_mixin.py:190} INFO - [2024-09-01T01:16:24.679+0530] {dag.py:4138} INFO - Setting next_dagrun for dataset_alias_example_alias_consumer_with_no_taskflow to None, run_after=None
[2024-09-01T01:16:24.680+0530] {logging_mixin.py:190} INFO - [2024-09-01T01:16:24.680+0530] {dag.py:4138} INFO - Setting next_dagrun for dataset_alias_example_alias_producer_with_no_taskflow to None, run_after=None
[2024-09-01T01:16:24.680+0530] {logging_mixin.py:190} INFO - [2024-09-01T01:16:24.680+0530] {dag.py:4138} INFO - Setting next_dagrun for dataset_s3_bucket_consumer_with_no_taskflow to None, run_after=None
[2024-09-01T01:16:24.680+0530] {logging_mixin.py:190} INFO - [2024-09-01T01:16:24.680+0530] {dag.py:4138} INFO - Setting next_dagrun for dataset_s3_bucket_producer_with_no_taskflow to None, run_after=None
[2024-09-01T01:16:24.688+0530] {processor.py:208} INFO - Processing /Users/ravipal/Desktop/Workspace/airflow_tutorial/py_env/lib/python3.12/site-packages/airflow/example_dags/example_dataset_alias_with_no_taskflow.py took 0.078 seconds
[2024-09-01T01:18:35.469+0530] {processor.py:186} INFO - Started process (PID=5021) to work on /Users/ravipal/Desktop/Workspace/airflow_tutorial/py_env/lib/python3.12/site-packages/airflow/example_dags/example_dataset_alias_with_no_taskflow.py
[2024-09-01T01:18:35.470+0530] {processor.py:914} INFO - Processing file /Users/ravipal/Desktop/Workspace/airflow_tutorial/py_env/lib/python3.12/site-packages/airflow/example_dags/example_dataset_alias_with_no_taskflow.py for tasks to queue
[2024-09-01T01:18:35.470+0530] {logging_mixin.py:190} INFO - [2024-09-01T01:18:35.470+0530] {dagbag.py:587} INFO - Filling up the DagBag from /Users/ravipal/Desktop/Workspace/airflow_tutorial/py_env/lib/python3.12/site-packages/airflow/example_dags/example_dataset_alias_with_no_taskflow.py
[2024-09-01T01:18:35.521+0530] {processor.py:925} INFO - DAG(s) 'dataset_s3_bucket_consumer_with_no_taskflow', 'dataset_s3_bucket_producer_with_no_taskflow', 'dataset_alias_example_alias_consumer_with_no_taskflow', 'dataset_alias_example_alias_producer_with_no_taskflow' retrieved from /Users/ravipal/Desktop/Workspace/airflow_tutorial/py_env/lib/python3.12/site-packages/airflow/example_dags/example_dataset_alias_with_no_taskflow.py
[2024-09-01T01:18:35.529+0530] {logging_mixin.py:190} INFO - [2024-09-01T01:18:35.529+0530] {dag.py:3211} INFO - Sync 4 DAGs
[2024-09-01T01:18:35.536+0530] {logging_mixin.py:190} INFO - [2024-09-01T01:18:35.536+0530] {dag.py:4138} INFO - Setting next_dagrun for dataset_alias_example_alias_consumer_with_no_taskflow to None, run_after=None
[2024-09-01T01:18:35.536+0530] {logging_mixin.py:190} INFO - [2024-09-01T01:18:35.536+0530] {dag.py:4138} INFO - Setting next_dagrun for dataset_alias_example_alias_producer_with_no_taskflow to None, run_after=None
[2024-09-01T01:18:35.537+0530] {logging_mixin.py:190} INFO - [2024-09-01T01:18:35.537+0530] {dag.py:4138} INFO - Setting next_dagrun for dataset_s3_bucket_consumer_with_no_taskflow to None, run_after=None
[2024-09-01T01:18:35.537+0530] {logging_mixin.py:190} INFO - [2024-09-01T01:18:35.537+0530] {dag.py:4138} INFO - Setting next_dagrun for dataset_s3_bucket_producer_with_no_taskflow to None, run_after=None
[2024-09-01T01:18:35.544+0530] {processor.py:208} INFO - Processing /Users/ravipal/Desktop/Workspace/airflow_tutorial/py_env/lib/python3.12/site-packages/airflow/example_dags/example_dataset_alias_with_no_taskflow.py took 0.077 seconds
