[2024-09-01T00:23:46.870+0530] {processor.py:186} INFO - Started process (PID=1473) to work on /Users/ravipal/Desktop/Workspace/airflow_tutorial/py_env/lib/python3.12/site-packages/airflow/example_dags/example_external_task_marker_dag.py
[2024-09-01T00:23:46.871+0530] {processor.py:914} INFO - Processing file /Users/ravipal/Desktop/Workspace/airflow_tutorial/py_env/lib/python3.12/site-packages/airflow/example_dags/example_external_task_marker_dag.py for tasks to queue
[2024-09-01T00:23:46.871+0530] {logging_mixin.py:190} INFO - [2024-09-01T00:23:46.871+0530] {dagbag.py:587} INFO - Filling up the DagBag from /Users/ravipal/Desktop/Workspace/airflow_tutorial/py_env/lib/python3.12/site-packages/airflow/example_dags/example_external_task_marker_dag.py
[2024-09-01T00:23:46.876+0530] {processor.py:925} INFO - DAG(s) 'example_external_task_marker_child', 'example_external_task_marker_parent' retrieved from /Users/ravipal/Desktop/Workspace/airflow_tutorial/py_env/lib/python3.12/site-packages/airflow/example_dags/example_external_task_marker_dag.py
[2024-09-01T00:23:46.909+0530] {logging_mixin.py:190} INFO - [2024-09-01T00:23:46.909+0530] {workday.py:41} WARNING - Could not import pandas. Holidays will not be considered.
[2024-09-01T00:23:46.947+0530] {logging_mixin.py:190} INFO - [2024-09-01T00:23:46.946+0530] {override.py:1858} INFO - Created Permission View: can read on DAG:example_external_task_marker_child
[2024-09-01T00:23:46.950+0530] {logging_mixin.py:190} INFO - [2024-09-01T00:23:46.950+0530] {override.py:1858} INFO - Created Permission View: can edit on DAG:example_external_task_marker_child
[2024-09-01T00:23:46.952+0530] {logging_mixin.py:190} INFO - [2024-09-01T00:23:46.952+0530] {override.py:1858} INFO - Created Permission View: can delete on DAG:example_external_task_marker_child
[2024-09-01T00:23:46.957+0530] {logging_mixin.py:190} INFO - [2024-09-01T00:23:46.957+0530] {override.py:1858} INFO - Created Permission View: can read on DAG:example_external_task_marker_parent
[2024-09-01T00:23:46.959+0530] {logging_mixin.py:190} INFO - [2024-09-01T00:23:46.959+0530] {override.py:1858} INFO - Created Permission View: can edit on DAG:example_external_task_marker_parent
[2024-09-01T00:23:46.961+0530] {logging_mixin.py:190} INFO - [2024-09-01T00:23:46.961+0530] {override.py:1858} INFO - Created Permission View: can delete on DAG:example_external_task_marker_parent
[2024-09-01T00:23:46.962+0530] {logging_mixin.py:190} INFO - [2024-09-01T00:23:46.961+0530] {dag.py:3211} INFO - Sync 2 DAGs
[2024-09-01T00:23:46.966+0530] {logging_mixin.py:190} INFO - [2024-09-01T00:23:46.966+0530] {dag.py:3234} INFO - Creating ORM DAG for example_external_task_marker_parent
[2024-09-01T00:23:46.967+0530] {logging_mixin.py:190} INFO - [2024-09-01T00:23:46.967+0530] {dag.py:3234} INFO - Creating ORM DAG for example_external_task_marker_child
[2024-09-01T00:23:46.967+0530] {logging_mixin.py:190} INFO - [2024-09-01T00:23:46.967+0530] {dag.py:4138} INFO - Setting next_dagrun for example_external_task_marker_child to None, run_after=None
[2024-09-01T00:23:46.967+0530] {logging_mixin.py:190} INFO - [2024-09-01T00:23:46.967+0530] {dag.py:4138} INFO - Setting next_dagrun for example_external_task_marker_parent to None, run_after=None
[2024-09-01T00:23:47.003+0530] {processor.py:208} INFO - Processing /Users/ravipal/Desktop/Workspace/airflow_tutorial/py_env/lib/python3.12/site-packages/airflow/example_dags/example_external_task_marker_dag.py took 0.135 seconds
[2024-09-01T00:26:01.082+0530] {processor.py:186} INFO - Started process (PID=1609) to work on /Users/ravipal/Desktop/Workspace/airflow_tutorial/py_env/lib/python3.12/site-packages/airflow/example_dags/example_external_task_marker_dag.py
[2024-09-01T00:26:01.082+0530] {processor.py:914} INFO - Processing file /Users/ravipal/Desktop/Workspace/airflow_tutorial/py_env/lib/python3.12/site-packages/airflow/example_dags/example_external_task_marker_dag.py for tasks to queue
[2024-09-01T00:26:01.083+0530] {logging_mixin.py:190} INFO - [2024-09-01T00:26:01.083+0530] {dagbag.py:587} INFO - Filling up the DagBag from /Users/ravipal/Desktop/Workspace/airflow_tutorial/py_env/lib/python3.12/site-packages/airflow/example_dags/example_external_task_marker_dag.py
[2024-09-01T00:26:01.088+0530] {processor.py:925} INFO - DAG(s) 'example_external_task_marker_child', 'example_external_task_marker_parent' retrieved from /Users/ravipal/Desktop/Workspace/airflow_tutorial/py_env/lib/python3.12/site-packages/airflow/example_dags/example_external_task_marker_dag.py
[2024-09-01T00:26:01.120+0530] {logging_mixin.py:190} INFO - [2024-09-01T00:26:01.120+0530] {workday.py:41} WARNING - Could not import pandas. Holidays will not be considered.
[2024-09-01T00:26:01.127+0530] {logging_mixin.py:190} INFO - [2024-09-01T00:26:01.127+0530] {dag.py:3211} INFO - Sync 2 DAGs
[2024-09-01T00:26:01.130+0530] {logging_mixin.py:190} INFO - [2024-09-01T00:26:01.130+0530] {dag.py:4138} INFO - Setting next_dagrun for example_external_task_marker_child to None, run_after=None
[2024-09-01T00:26:01.131+0530] {logging_mixin.py:190} INFO - [2024-09-01T00:26:01.131+0530] {dag.py:4138} INFO - Setting next_dagrun for example_external_task_marker_parent to None, run_after=None
[2024-09-01T00:26:01.137+0530] {processor.py:208} INFO - Processing /Users/ravipal/Desktop/Workspace/airflow_tutorial/py_env/lib/python3.12/site-packages/airflow/example_dags/example_external_task_marker_dag.py took 0.057 seconds
[2024-09-01T00:27:40.312+0530] {processor.py:186} INFO - Started process (PID=1887) to work on /Users/ravipal/Desktop/Workspace/airflow_tutorial/py_env/lib/python3.12/site-packages/airflow/example_dags/example_external_task_marker_dag.py
[2024-09-01T00:27:40.312+0530] {processor.py:914} INFO - Processing file /Users/ravipal/Desktop/Workspace/airflow_tutorial/py_env/lib/python3.12/site-packages/airflow/example_dags/example_external_task_marker_dag.py for tasks to queue
[2024-09-01T00:27:40.313+0530] {logging_mixin.py:190} INFO - [2024-09-01T00:27:40.313+0530] {dagbag.py:587} INFO - Filling up the DagBag from /Users/ravipal/Desktop/Workspace/airflow_tutorial/py_env/lib/python3.12/site-packages/airflow/example_dags/example_external_task_marker_dag.py
[2024-09-01T00:27:40.318+0530] {processor.py:925} INFO - DAG(s) 'example_external_task_marker_parent', 'example_external_task_marker_child' retrieved from /Users/ravipal/Desktop/Workspace/airflow_tutorial/py_env/lib/python3.12/site-packages/airflow/example_dags/example_external_task_marker_dag.py
[2024-09-01T00:27:40.354+0530] {logging_mixin.py:190} INFO - [2024-09-01T00:27:40.354+0530] {workday.py:41} WARNING - Could not import pandas. Holidays will not be considered.
[2024-09-01T00:27:40.360+0530] {logging_mixin.py:190} INFO - [2024-09-01T00:27:40.360+0530] {dag.py:3211} INFO - Sync 2 DAGs
[2024-09-01T00:27:40.364+0530] {logging_mixin.py:190} INFO - [2024-09-01T00:27:40.364+0530] {dag.py:4138} INFO - Setting next_dagrun for example_external_task_marker_child to None, run_after=None
[2024-09-01T00:27:40.365+0530] {logging_mixin.py:190} INFO - [2024-09-01T00:27:40.365+0530] {dag.py:4138} INFO - Setting next_dagrun for example_external_task_marker_parent to None, run_after=None
[2024-09-01T00:27:40.372+0530] {processor.py:208} INFO - Processing /Users/ravipal/Desktop/Workspace/airflow_tutorial/py_env/lib/python3.12/site-packages/airflow/example_dags/example_external_task_marker_dag.py took 0.062 seconds
[2024-09-01T00:29:50.431+0530] {processor.py:186} INFO - Started process (PID=2028) to work on /Users/ravipal/Desktop/Workspace/airflow_tutorial/py_env/lib/python3.12/site-packages/airflow/example_dags/example_external_task_marker_dag.py
[2024-09-01T00:29:50.432+0530] {processor.py:914} INFO - Processing file /Users/ravipal/Desktop/Workspace/airflow_tutorial/py_env/lib/python3.12/site-packages/airflow/example_dags/example_external_task_marker_dag.py for tasks to queue
[2024-09-01T00:29:50.432+0530] {logging_mixin.py:190} INFO - [2024-09-01T00:29:50.432+0530] {dagbag.py:587} INFO - Filling up the DagBag from /Users/ravipal/Desktop/Workspace/airflow_tutorial/py_env/lib/python3.12/site-packages/airflow/example_dags/example_external_task_marker_dag.py
[2024-09-01T00:29:50.438+0530] {processor.py:925} INFO - DAG(s) 'example_external_task_marker_child', 'example_external_task_marker_parent' retrieved from /Users/ravipal/Desktop/Workspace/airflow_tutorial/py_env/lib/python3.12/site-packages/airflow/example_dags/example_external_task_marker_dag.py
[2024-09-01T00:29:50.469+0530] {logging_mixin.py:190} INFO - [2024-09-01T00:29:50.469+0530] {workday.py:41} WARNING - Could not import pandas. Holidays will not be considered.
[2024-09-01T00:29:50.476+0530] {logging_mixin.py:190} INFO - [2024-09-01T00:29:50.476+0530] {dag.py:3211} INFO - Sync 2 DAGs
[2024-09-01T00:29:50.479+0530] {logging_mixin.py:190} INFO - [2024-09-01T00:29:50.479+0530] {dag.py:4138} INFO - Setting next_dagrun for example_external_task_marker_child to None, run_after=None
[2024-09-01T00:29:50.481+0530] {logging_mixin.py:190} INFO - [2024-09-01T00:29:50.480+0530] {dag.py:4138} INFO - Setting next_dagrun for example_external_task_marker_parent to None, run_after=None
[2024-09-01T00:29:50.486+0530] {processor.py:208} INFO - Processing /Users/ravipal/Desktop/Workspace/airflow_tutorial/py_env/lib/python3.12/site-packages/airflow/example_dags/example_external_task_marker_dag.py took 0.057 seconds
[2024-09-01T00:32:02.919+0530] {processor.py:186} INFO - Started process (PID=2165) to work on /Users/ravipal/Desktop/Workspace/airflow_tutorial/py_env/lib/python3.12/site-packages/airflow/example_dags/example_external_task_marker_dag.py
[2024-09-01T00:32:02.919+0530] {processor.py:914} INFO - Processing file /Users/ravipal/Desktop/Workspace/airflow_tutorial/py_env/lib/python3.12/site-packages/airflow/example_dags/example_external_task_marker_dag.py for tasks to queue
[2024-09-01T00:32:02.920+0530] {logging_mixin.py:190} INFO - [2024-09-01T00:32:02.920+0530] {dagbag.py:587} INFO - Filling up the DagBag from /Users/ravipal/Desktop/Workspace/airflow_tutorial/py_env/lib/python3.12/site-packages/airflow/example_dags/example_external_task_marker_dag.py
[2024-09-01T00:32:02.926+0530] {processor.py:925} INFO - DAG(s) 'example_external_task_marker_child', 'example_external_task_marker_parent' retrieved from /Users/ravipal/Desktop/Workspace/airflow_tutorial/py_env/lib/python3.12/site-packages/airflow/example_dags/example_external_task_marker_dag.py
[2024-09-01T00:32:02.958+0530] {logging_mixin.py:190} INFO - [2024-09-01T00:32:02.958+0530] {workday.py:41} WARNING - Could not import pandas. Holidays will not be considered.
[2024-09-01T00:32:02.965+0530] {logging_mixin.py:190} INFO - [2024-09-01T00:32:02.965+0530] {dag.py:3211} INFO - Sync 2 DAGs
[2024-09-01T00:32:02.968+0530] {logging_mixin.py:190} INFO - [2024-09-01T00:32:02.968+0530] {dag.py:4138} INFO - Setting next_dagrun for example_external_task_marker_child to None, run_after=None
[2024-09-01T00:32:02.969+0530] {logging_mixin.py:190} INFO - [2024-09-01T00:32:02.969+0530] {dag.py:4138} INFO - Setting next_dagrun for example_external_task_marker_parent to None, run_after=None
[2024-09-01T00:32:02.975+0530] {processor.py:208} INFO - Processing /Users/ravipal/Desktop/Workspace/airflow_tutorial/py_env/lib/python3.12/site-packages/airflow/example_dags/example_external_task_marker_dag.py took 0.058 seconds
[2024-09-01T00:34:19.271+0530] {processor.py:186} INFO - Started process (PID=2297) to work on /Users/ravipal/Desktop/Workspace/airflow_tutorial/py_env/lib/python3.12/site-packages/airflow/example_dags/example_external_task_marker_dag.py
[2024-09-01T00:34:19.272+0530] {processor.py:914} INFO - Processing file /Users/ravipal/Desktop/Workspace/airflow_tutorial/py_env/lib/python3.12/site-packages/airflow/example_dags/example_external_task_marker_dag.py for tasks to queue
[2024-09-01T00:34:19.272+0530] {logging_mixin.py:190} INFO - [2024-09-01T00:34:19.272+0530] {dagbag.py:587} INFO - Filling up the DagBag from /Users/ravipal/Desktop/Workspace/airflow_tutorial/py_env/lib/python3.12/site-packages/airflow/example_dags/example_external_task_marker_dag.py
[2024-09-01T00:34:19.278+0530] {processor.py:925} INFO - DAG(s) 'example_external_task_marker_parent', 'example_external_task_marker_child' retrieved from /Users/ravipal/Desktop/Workspace/airflow_tutorial/py_env/lib/python3.12/site-packages/airflow/example_dags/example_external_task_marker_dag.py
[2024-09-01T00:34:19.312+0530] {logging_mixin.py:190} INFO - [2024-09-01T00:34:19.312+0530] {workday.py:41} WARNING - Could not import pandas. Holidays will not be considered.
[2024-09-01T00:34:19.317+0530] {logging_mixin.py:190} INFO - [2024-09-01T00:34:19.317+0530] {dag.py:3211} INFO - Sync 2 DAGs
[2024-09-01T00:34:19.321+0530] {logging_mixin.py:190} INFO - [2024-09-01T00:34:19.321+0530] {dag.py:4138} INFO - Setting next_dagrun for example_external_task_marker_child to None, run_after=None
[2024-09-01T00:34:19.322+0530] {logging_mixin.py:190} INFO - [2024-09-01T00:34:19.322+0530] {dag.py:4138} INFO - Setting next_dagrun for example_external_task_marker_parent to None, run_after=None
[2024-09-01T00:34:19.328+0530] {processor.py:208} INFO - Processing /Users/ravipal/Desktop/Workspace/airflow_tutorial/py_env/lib/python3.12/site-packages/airflow/example_dags/example_external_task_marker_dag.py took 0.058 seconds
[2024-09-01T00:36:34.016+0530] {processor.py:186} INFO - Started process (PID=2434) to work on /Users/ravipal/Desktop/Workspace/airflow_tutorial/py_env/lib/python3.12/site-packages/airflow/example_dags/example_external_task_marker_dag.py
[2024-09-01T00:36:34.017+0530] {processor.py:914} INFO - Processing file /Users/ravipal/Desktop/Workspace/airflow_tutorial/py_env/lib/python3.12/site-packages/airflow/example_dags/example_external_task_marker_dag.py for tasks to queue
[2024-09-01T00:36:34.017+0530] {logging_mixin.py:190} INFO - [2024-09-01T00:36:34.017+0530] {dagbag.py:587} INFO - Filling up the DagBag from /Users/ravipal/Desktop/Workspace/airflow_tutorial/py_env/lib/python3.12/site-packages/airflow/example_dags/example_external_task_marker_dag.py
[2024-09-01T00:36:34.022+0530] {processor.py:925} INFO - DAG(s) 'example_external_task_marker_child', 'example_external_task_marker_parent' retrieved from /Users/ravipal/Desktop/Workspace/airflow_tutorial/py_env/lib/python3.12/site-packages/airflow/example_dags/example_external_task_marker_dag.py
[2024-09-01T00:36:34.055+0530] {logging_mixin.py:190} INFO - [2024-09-01T00:36:34.055+0530] {workday.py:41} WARNING - Could not import pandas. Holidays will not be considered.
[2024-09-01T00:36:34.062+0530] {logging_mixin.py:190} INFO - [2024-09-01T00:36:34.062+0530] {dag.py:3211} INFO - Sync 2 DAGs
[2024-09-01T00:36:34.067+0530] {logging_mixin.py:190} INFO - [2024-09-01T00:36:34.067+0530] {dag.py:4138} INFO - Setting next_dagrun for example_external_task_marker_child to None, run_after=None
[2024-09-01T00:36:34.068+0530] {logging_mixin.py:190} INFO - [2024-09-01T00:36:34.068+0530] {dag.py:4138} INFO - Setting next_dagrun for example_external_task_marker_parent to None, run_after=None
[2024-09-01T00:36:34.074+0530] {processor.py:208} INFO - Processing /Users/ravipal/Desktop/Workspace/airflow_tutorial/py_env/lib/python3.12/site-packages/airflow/example_dags/example_external_task_marker_dag.py took 0.059 seconds
[2024-09-01T00:38:42.932+0530] {processor.py:186} INFO - Started process (PID=2564) to work on /Users/ravipal/Desktop/Workspace/airflow_tutorial/py_env/lib/python3.12/site-packages/airflow/example_dags/example_external_task_marker_dag.py
[2024-09-01T00:38:42.933+0530] {processor.py:914} INFO - Processing file /Users/ravipal/Desktop/Workspace/airflow_tutorial/py_env/lib/python3.12/site-packages/airflow/example_dags/example_external_task_marker_dag.py for tasks to queue
[2024-09-01T00:38:42.933+0530] {logging_mixin.py:190} INFO - [2024-09-01T00:38:42.933+0530] {dagbag.py:587} INFO - Filling up the DagBag from /Users/ravipal/Desktop/Workspace/airflow_tutorial/py_env/lib/python3.12/site-packages/airflow/example_dags/example_external_task_marker_dag.py
[2024-09-01T00:38:42.939+0530] {processor.py:925} INFO - DAG(s) 'example_external_task_marker_child', 'example_external_task_marker_parent' retrieved from /Users/ravipal/Desktop/Workspace/airflow_tutorial/py_env/lib/python3.12/site-packages/airflow/example_dags/example_external_task_marker_dag.py
[2024-09-01T00:38:42.971+0530] {logging_mixin.py:190} INFO - [2024-09-01T00:38:42.971+0530] {workday.py:41} WARNING - Could not import pandas. Holidays will not be considered.
[2024-09-01T00:38:42.978+0530] {logging_mixin.py:190} INFO - [2024-09-01T00:38:42.977+0530] {dag.py:3211} INFO - Sync 2 DAGs
[2024-09-01T00:38:42.981+0530] {logging_mixin.py:190} INFO - [2024-09-01T00:38:42.981+0530] {dag.py:4138} INFO - Setting next_dagrun for example_external_task_marker_child to None, run_after=None
[2024-09-01T00:38:42.982+0530] {logging_mixin.py:190} INFO - [2024-09-01T00:38:42.982+0530] {dag.py:4138} INFO - Setting next_dagrun for example_external_task_marker_parent to None, run_after=None
[2024-09-01T00:38:42.989+0530] {processor.py:208} INFO - Processing /Users/ravipal/Desktop/Workspace/airflow_tutorial/py_env/lib/python3.12/site-packages/airflow/example_dags/example_external_task_marker_dag.py took 0.058 seconds
[2024-09-01T00:40:51.143+0530] {processor.py:186} INFO - Started process (PID=2693) to work on /Users/ravipal/Desktop/Workspace/airflow_tutorial/py_env/lib/python3.12/site-packages/airflow/example_dags/example_external_task_marker_dag.py
[2024-09-01T00:40:51.144+0530] {processor.py:914} INFO - Processing file /Users/ravipal/Desktop/Workspace/airflow_tutorial/py_env/lib/python3.12/site-packages/airflow/example_dags/example_external_task_marker_dag.py for tasks to queue
[2024-09-01T00:40:51.144+0530] {logging_mixin.py:190} INFO - [2024-09-01T00:40:51.144+0530] {dagbag.py:587} INFO - Filling up the DagBag from /Users/ravipal/Desktop/Workspace/airflow_tutorial/py_env/lib/python3.12/site-packages/airflow/example_dags/example_external_task_marker_dag.py
[2024-09-01T00:40:51.149+0530] {processor.py:925} INFO - DAG(s) 'example_external_task_marker_parent', 'example_external_task_marker_child' retrieved from /Users/ravipal/Desktop/Workspace/airflow_tutorial/py_env/lib/python3.12/site-packages/airflow/example_dags/example_external_task_marker_dag.py
[2024-09-01T00:40:51.183+0530] {logging_mixin.py:190} INFO - [2024-09-01T00:40:51.183+0530] {workday.py:41} WARNING - Could not import pandas. Holidays will not be considered.
[2024-09-01T00:40:51.188+0530] {logging_mixin.py:190} INFO - [2024-09-01T00:40:51.188+0530] {dag.py:3211} INFO - Sync 2 DAGs
[2024-09-01T00:40:51.191+0530] {logging_mixin.py:190} INFO - [2024-09-01T00:40:51.191+0530] {dag.py:4138} INFO - Setting next_dagrun for example_external_task_marker_child to None, run_after=None
[2024-09-01T00:40:51.192+0530] {logging_mixin.py:190} INFO - [2024-09-01T00:40:51.192+0530] {dag.py:4138} INFO - Setting next_dagrun for example_external_task_marker_parent to None, run_after=None
[2024-09-01T00:40:51.198+0530] {processor.py:208} INFO - Processing /Users/ravipal/Desktop/Workspace/airflow_tutorial/py_env/lib/python3.12/site-packages/airflow/example_dags/example_external_task_marker_dag.py took 0.057 seconds
[2024-09-01T00:43:04.884+0530] {processor.py:186} INFO - Started process (PID=2823) to work on /Users/ravipal/Desktop/Workspace/airflow_tutorial/py_env/lib/python3.12/site-packages/airflow/example_dags/example_external_task_marker_dag.py
[2024-09-01T00:43:04.885+0530] {processor.py:914} INFO - Processing file /Users/ravipal/Desktop/Workspace/airflow_tutorial/py_env/lib/python3.12/site-packages/airflow/example_dags/example_external_task_marker_dag.py for tasks to queue
[2024-09-01T00:43:04.885+0530] {logging_mixin.py:190} INFO - [2024-09-01T00:43:04.885+0530] {dagbag.py:587} INFO - Filling up the DagBag from /Users/ravipal/Desktop/Workspace/airflow_tutorial/py_env/lib/python3.12/site-packages/airflow/example_dags/example_external_task_marker_dag.py
[2024-09-01T00:43:04.890+0530] {processor.py:925} INFO - DAG(s) 'example_external_task_marker_child', 'example_external_task_marker_parent' retrieved from /Users/ravipal/Desktop/Workspace/airflow_tutorial/py_env/lib/python3.12/site-packages/airflow/example_dags/example_external_task_marker_dag.py
[2024-09-01T00:43:04.922+0530] {logging_mixin.py:190} INFO - [2024-09-01T00:43:04.922+0530] {workday.py:41} WARNING - Could not import pandas. Holidays will not be considered.
[2024-09-01T00:43:04.928+0530] {logging_mixin.py:190} INFO - [2024-09-01T00:43:04.928+0530] {dag.py:3211} INFO - Sync 2 DAGs
[2024-09-01T00:43:04.932+0530] {logging_mixin.py:190} INFO - [2024-09-01T00:43:04.932+0530] {dag.py:4138} INFO - Setting next_dagrun for example_external_task_marker_child to None, run_after=None
[2024-09-01T00:43:04.933+0530] {logging_mixin.py:190} INFO - [2024-09-01T00:43:04.933+0530] {dag.py:4138} INFO - Setting next_dagrun for example_external_task_marker_parent to None, run_after=None
[2024-09-01T00:43:04.939+0530] {processor.py:208} INFO - Processing /Users/ravipal/Desktop/Workspace/airflow_tutorial/py_env/lib/python3.12/site-packages/airflow/example_dags/example_external_task_marker_dag.py took 0.057 seconds
[2024-09-01T00:45:20.836+0530] {processor.py:186} INFO - Started process (PID=2957) to work on /Users/ravipal/Desktop/Workspace/airflow_tutorial/py_env/lib/python3.12/site-packages/airflow/example_dags/example_external_task_marker_dag.py
[2024-09-01T00:45:20.836+0530] {processor.py:914} INFO - Processing file /Users/ravipal/Desktop/Workspace/airflow_tutorial/py_env/lib/python3.12/site-packages/airflow/example_dags/example_external_task_marker_dag.py for tasks to queue
[2024-09-01T00:45:20.836+0530] {logging_mixin.py:190} INFO - [2024-09-01T00:45:20.836+0530] {dagbag.py:587} INFO - Filling up the DagBag from /Users/ravipal/Desktop/Workspace/airflow_tutorial/py_env/lib/python3.12/site-packages/airflow/example_dags/example_external_task_marker_dag.py
[2024-09-01T00:45:20.842+0530] {processor.py:925} INFO - DAG(s) 'example_external_task_marker_child', 'example_external_task_marker_parent' retrieved from /Users/ravipal/Desktop/Workspace/airflow_tutorial/py_env/lib/python3.12/site-packages/airflow/example_dags/example_external_task_marker_dag.py
[2024-09-01T00:45:20.874+0530] {logging_mixin.py:190} INFO - [2024-09-01T00:45:20.874+0530] {workday.py:41} WARNING - Could not import pandas. Holidays will not be considered.
[2024-09-01T00:45:20.881+0530] {logging_mixin.py:190} INFO - [2024-09-01T00:45:20.881+0530] {dag.py:3211} INFO - Sync 2 DAGs
[2024-09-01T00:45:20.884+0530] {logging_mixin.py:190} INFO - [2024-09-01T00:45:20.884+0530] {dag.py:4138} INFO - Setting next_dagrun for example_external_task_marker_child to None, run_after=None
[2024-09-01T00:45:20.885+0530] {logging_mixin.py:190} INFO - [2024-09-01T00:45:20.885+0530] {dag.py:4138} INFO - Setting next_dagrun for example_external_task_marker_parent to None, run_after=None
[2024-09-01T00:45:20.891+0530] {processor.py:208} INFO - Processing /Users/ravipal/Desktop/Workspace/airflow_tutorial/py_env/lib/python3.12/site-packages/airflow/example_dags/example_external_task_marker_dag.py took 0.058 seconds
[2024-09-01T00:47:34.348+0530] {processor.py:186} INFO - Started process (PID=3090) to work on /Users/ravipal/Desktop/Workspace/airflow_tutorial/py_env/lib/python3.12/site-packages/airflow/example_dags/example_external_task_marker_dag.py
[2024-09-01T00:47:34.348+0530] {processor.py:914} INFO - Processing file /Users/ravipal/Desktop/Workspace/airflow_tutorial/py_env/lib/python3.12/site-packages/airflow/example_dags/example_external_task_marker_dag.py for tasks to queue
[2024-09-01T00:47:34.348+0530] {logging_mixin.py:190} INFO - [2024-09-01T00:47:34.348+0530] {dagbag.py:587} INFO - Filling up the DagBag from /Users/ravipal/Desktop/Workspace/airflow_tutorial/py_env/lib/python3.12/site-packages/airflow/example_dags/example_external_task_marker_dag.py
[2024-09-01T00:47:34.354+0530] {processor.py:925} INFO - DAG(s) 'example_external_task_marker_parent', 'example_external_task_marker_child' retrieved from /Users/ravipal/Desktop/Workspace/airflow_tutorial/py_env/lib/python3.12/site-packages/airflow/example_dags/example_external_task_marker_dag.py
[2024-09-01T00:47:34.386+0530] {logging_mixin.py:190} INFO - [2024-09-01T00:47:34.386+0530] {workday.py:41} WARNING - Could not import pandas. Holidays will not be considered.
[2024-09-01T00:47:34.391+0530] {logging_mixin.py:190} INFO - [2024-09-01T00:47:34.391+0530] {dag.py:3211} INFO - Sync 2 DAGs
[2024-09-01T00:47:34.395+0530] {logging_mixin.py:190} INFO - [2024-09-01T00:47:34.395+0530] {dag.py:4138} INFO - Setting next_dagrun for example_external_task_marker_child to None, run_after=None
[2024-09-01T00:47:34.396+0530] {logging_mixin.py:190} INFO - [2024-09-01T00:47:34.396+0530] {dag.py:4138} INFO - Setting next_dagrun for example_external_task_marker_parent to None, run_after=None
[2024-09-01T00:47:34.402+0530] {processor.py:208} INFO - Processing /Users/ravipal/Desktop/Workspace/airflow_tutorial/py_env/lib/python3.12/site-packages/airflow/example_dags/example_external_task_marker_dag.py took 0.056 seconds
[2024-09-01T00:49:40.153+0530] {processor.py:186} INFO - Started process (PID=3225) to work on /Users/ravipal/Desktop/Workspace/airflow_tutorial/py_env/lib/python3.12/site-packages/airflow/example_dags/example_external_task_marker_dag.py
[2024-09-01T00:49:40.153+0530] {processor.py:914} INFO - Processing file /Users/ravipal/Desktop/Workspace/airflow_tutorial/py_env/lib/python3.12/site-packages/airflow/example_dags/example_external_task_marker_dag.py for tasks to queue
[2024-09-01T00:49:40.154+0530] {logging_mixin.py:190} INFO - [2024-09-01T00:49:40.154+0530] {dagbag.py:587} INFO - Filling up the DagBag from /Users/ravipal/Desktop/Workspace/airflow_tutorial/py_env/lib/python3.12/site-packages/airflow/example_dags/example_external_task_marker_dag.py
[2024-09-01T00:49:40.160+0530] {processor.py:925} INFO - DAG(s) 'example_external_task_marker_child', 'example_external_task_marker_parent' retrieved from /Users/ravipal/Desktop/Workspace/airflow_tutorial/py_env/lib/python3.12/site-packages/airflow/example_dags/example_external_task_marker_dag.py
[2024-09-01T00:49:40.192+0530] {logging_mixin.py:190} INFO - [2024-09-01T00:49:40.192+0530] {workday.py:41} WARNING - Could not import pandas. Holidays will not be considered.
[2024-09-01T00:49:40.199+0530] {logging_mixin.py:190} INFO - [2024-09-01T00:49:40.199+0530] {dag.py:3211} INFO - Sync 2 DAGs
[2024-09-01T00:49:40.202+0530] {logging_mixin.py:190} INFO - [2024-09-01T00:49:40.202+0530] {dag.py:4138} INFO - Setting next_dagrun for example_external_task_marker_child to None, run_after=None
[2024-09-01T00:49:40.203+0530] {logging_mixin.py:190} INFO - [2024-09-01T00:49:40.203+0530] {dag.py:4138} INFO - Setting next_dagrun for example_external_task_marker_parent to None, run_after=None
[2024-09-01T00:49:40.209+0530] {processor.py:208} INFO - Processing /Users/ravipal/Desktop/Workspace/airflow_tutorial/py_env/lib/python3.12/site-packages/airflow/example_dags/example_external_task_marker_dag.py took 0.058 seconds
[2024-09-01T00:51:55.810+0530] {processor.py:186} INFO - Started process (PID=3378) to work on /Users/ravipal/Desktop/Workspace/airflow_tutorial/py_env/lib/python3.12/site-packages/airflow/example_dags/example_external_task_marker_dag.py
[2024-09-01T00:51:55.811+0530] {processor.py:914} INFO - Processing file /Users/ravipal/Desktop/Workspace/airflow_tutorial/py_env/lib/python3.12/site-packages/airflow/example_dags/example_external_task_marker_dag.py for tasks to queue
[2024-09-01T00:51:55.811+0530] {logging_mixin.py:190} INFO - [2024-09-01T00:51:55.811+0530] {dagbag.py:587} INFO - Filling up the DagBag from /Users/ravipal/Desktop/Workspace/airflow_tutorial/py_env/lib/python3.12/site-packages/airflow/example_dags/example_external_task_marker_dag.py
[2024-09-01T00:51:55.816+0530] {processor.py:925} INFO - DAG(s) 'example_external_task_marker_child', 'example_external_task_marker_parent' retrieved from /Users/ravipal/Desktop/Workspace/airflow_tutorial/py_env/lib/python3.12/site-packages/airflow/example_dags/example_external_task_marker_dag.py
[2024-09-01T00:51:55.846+0530] {logging_mixin.py:190} INFO - [2024-09-01T00:51:55.846+0530] {workday.py:41} WARNING - Could not import pandas. Holidays will not be considered.
[2024-09-01T00:51:55.853+0530] {logging_mixin.py:190} INFO - [2024-09-01T00:51:55.853+0530] {dag.py:3211} INFO - Sync 2 DAGs
[2024-09-01T00:51:55.856+0530] {logging_mixin.py:190} INFO - [2024-09-01T00:51:55.856+0530] {dag.py:4138} INFO - Setting next_dagrun for example_external_task_marker_child to None, run_after=None
[2024-09-01T00:51:55.858+0530] {logging_mixin.py:190} INFO - [2024-09-01T00:51:55.857+0530] {dag.py:4138} INFO - Setting next_dagrun for example_external_task_marker_parent to None, run_after=None
[2024-09-01T00:51:55.863+0530] {processor.py:208} INFO - Processing /Users/ravipal/Desktop/Workspace/airflow_tutorial/py_env/lib/python3.12/site-packages/airflow/example_dags/example_external_task_marker_dag.py took 0.055 seconds
[2024-09-01T00:54:07.854+0530] {processor.py:186} INFO - Started process (PID=3512) to work on /Users/ravipal/Desktop/Workspace/airflow_tutorial/py_env/lib/python3.12/site-packages/airflow/example_dags/example_external_task_marker_dag.py
[2024-09-01T00:54:07.854+0530] {processor.py:914} INFO - Processing file /Users/ravipal/Desktop/Workspace/airflow_tutorial/py_env/lib/python3.12/site-packages/airflow/example_dags/example_external_task_marker_dag.py for tasks to queue
[2024-09-01T00:54:07.854+0530] {logging_mixin.py:190} INFO - [2024-09-01T00:54:07.854+0530] {dagbag.py:587} INFO - Filling up the DagBag from /Users/ravipal/Desktop/Workspace/airflow_tutorial/py_env/lib/python3.12/site-packages/airflow/example_dags/example_external_task_marker_dag.py
[2024-09-01T00:54:07.860+0530] {processor.py:925} INFO - DAG(s) 'example_external_task_marker_child', 'example_external_task_marker_parent' retrieved from /Users/ravipal/Desktop/Workspace/airflow_tutorial/py_env/lib/python3.12/site-packages/airflow/example_dags/example_external_task_marker_dag.py
[2024-09-01T00:54:07.891+0530] {logging_mixin.py:190} INFO - [2024-09-01T00:54:07.891+0530] {workday.py:41} WARNING - Could not import pandas. Holidays will not be considered.
[2024-09-01T00:54:07.897+0530] {logging_mixin.py:190} INFO - [2024-09-01T00:54:07.897+0530] {dag.py:3211} INFO - Sync 2 DAGs
[2024-09-01T00:54:07.901+0530] {logging_mixin.py:190} INFO - [2024-09-01T00:54:07.901+0530] {dag.py:4138} INFO - Setting next_dagrun for example_external_task_marker_child to None, run_after=None
[2024-09-01T00:54:07.902+0530] {logging_mixin.py:190} INFO - [2024-09-01T00:54:07.902+0530] {dag.py:4138} INFO - Setting next_dagrun for example_external_task_marker_parent to None, run_after=None
[2024-09-01T00:54:07.908+0530] {processor.py:208} INFO - Processing /Users/ravipal/Desktop/Workspace/airflow_tutorial/py_env/lib/python3.12/site-packages/airflow/example_dags/example_external_task_marker_dag.py took 0.056 seconds
[2024-09-01T00:56:18.141+0530] {processor.py:186} INFO - Started process (PID=3642) to work on /Users/ravipal/Desktop/Workspace/airflow_tutorial/py_env/lib/python3.12/site-packages/airflow/example_dags/example_external_task_marker_dag.py
[2024-09-01T00:56:18.142+0530] {processor.py:914} INFO - Processing file /Users/ravipal/Desktop/Workspace/airflow_tutorial/py_env/lib/python3.12/site-packages/airflow/example_dags/example_external_task_marker_dag.py for tasks to queue
[2024-09-01T00:56:18.142+0530] {logging_mixin.py:190} INFO - [2024-09-01T00:56:18.142+0530] {dagbag.py:587} INFO - Filling up the DagBag from /Users/ravipal/Desktop/Workspace/airflow_tutorial/py_env/lib/python3.12/site-packages/airflow/example_dags/example_external_task_marker_dag.py
[2024-09-01T00:56:18.147+0530] {processor.py:925} INFO - DAG(s) 'example_external_task_marker_child', 'example_external_task_marker_parent' retrieved from /Users/ravipal/Desktop/Workspace/airflow_tutorial/py_env/lib/python3.12/site-packages/airflow/example_dags/example_external_task_marker_dag.py
[2024-09-01T00:56:18.179+0530] {logging_mixin.py:190} INFO - [2024-09-01T00:56:18.179+0530] {workday.py:41} WARNING - Could not import pandas. Holidays will not be considered.
[2024-09-01T00:56:18.186+0530] {logging_mixin.py:190} INFO - [2024-09-01T00:56:18.185+0530] {dag.py:3211} INFO - Sync 2 DAGs
[2024-09-01T00:56:18.189+0530] {logging_mixin.py:190} INFO - [2024-09-01T00:56:18.189+0530] {dag.py:4138} INFO - Setting next_dagrun for example_external_task_marker_child to None, run_after=None
[2024-09-01T00:56:18.190+0530] {logging_mixin.py:190} INFO - [2024-09-01T00:56:18.190+0530] {dag.py:4138} INFO - Setting next_dagrun for example_external_task_marker_parent to None, run_after=None
[2024-09-01T00:56:18.196+0530] {processor.py:208} INFO - Processing /Users/ravipal/Desktop/Workspace/airflow_tutorial/py_env/lib/python3.12/site-packages/airflow/example_dags/example_external_task_marker_dag.py took 0.057 seconds
[2024-09-01T00:58:29.968+0530] {processor.py:186} INFO - Started process (PID=3773) to work on /Users/ravipal/Desktop/Workspace/airflow_tutorial/py_env/lib/python3.12/site-packages/airflow/example_dags/example_external_task_marker_dag.py
[2024-09-01T00:58:29.969+0530] {processor.py:914} INFO - Processing file /Users/ravipal/Desktop/Workspace/airflow_tutorial/py_env/lib/python3.12/site-packages/airflow/example_dags/example_external_task_marker_dag.py for tasks to queue
[2024-09-01T00:58:29.969+0530] {logging_mixin.py:190} INFO - [2024-09-01T00:58:29.969+0530] {dagbag.py:587} INFO - Filling up the DagBag from /Users/ravipal/Desktop/Workspace/airflow_tutorial/py_env/lib/python3.12/site-packages/airflow/example_dags/example_external_task_marker_dag.py
[2024-09-01T00:58:29.974+0530] {processor.py:925} INFO - DAG(s) 'example_external_task_marker_child', 'example_external_task_marker_parent' retrieved from /Users/ravipal/Desktop/Workspace/airflow_tutorial/py_env/lib/python3.12/site-packages/airflow/example_dags/example_external_task_marker_dag.py
[2024-09-01T00:58:30.006+0530] {logging_mixin.py:190} INFO - [2024-09-01T00:58:30.006+0530] {workday.py:41} WARNING - Could not import pandas. Holidays will not be considered.
[2024-09-01T00:58:30.012+0530] {logging_mixin.py:190} INFO - [2024-09-01T00:58:30.012+0530] {dag.py:3211} INFO - Sync 2 DAGs
[2024-09-01T00:58:30.016+0530] {logging_mixin.py:190} INFO - [2024-09-01T00:58:30.016+0530] {dag.py:4138} INFO - Setting next_dagrun for example_external_task_marker_child to None, run_after=None
[2024-09-01T00:58:30.017+0530] {logging_mixin.py:190} INFO - [2024-09-01T00:58:30.017+0530] {dag.py:4138} INFO - Setting next_dagrun for example_external_task_marker_parent to None, run_after=None
[2024-09-01T00:58:30.023+0530] {processor.py:208} INFO - Processing /Users/ravipal/Desktop/Workspace/airflow_tutorial/py_env/lib/python3.12/site-packages/airflow/example_dags/example_external_task_marker_dag.py took 0.057 seconds
[2024-09-01T01:00:39.061+0530] {processor.py:186} INFO - Started process (PID=3903) to work on /Users/ravipal/Desktop/Workspace/airflow_tutorial/py_env/lib/python3.12/site-packages/airflow/example_dags/example_external_task_marker_dag.py
[2024-09-01T01:00:39.061+0530] {processor.py:914} INFO - Processing file /Users/ravipal/Desktop/Workspace/airflow_tutorial/py_env/lib/python3.12/site-packages/airflow/example_dags/example_external_task_marker_dag.py for tasks to queue
[2024-09-01T01:00:39.061+0530] {logging_mixin.py:190} INFO - [2024-09-01T01:00:39.061+0530] {dagbag.py:587} INFO - Filling up the DagBag from /Users/ravipal/Desktop/Workspace/airflow_tutorial/py_env/lib/python3.12/site-packages/airflow/example_dags/example_external_task_marker_dag.py
[2024-09-01T01:00:39.067+0530] {processor.py:925} INFO - DAG(s) 'example_external_task_marker_parent', 'example_external_task_marker_child' retrieved from /Users/ravipal/Desktop/Workspace/airflow_tutorial/py_env/lib/python3.12/site-packages/airflow/example_dags/example_external_task_marker_dag.py
[2024-09-01T01:00:39.100+0530] {logging_mixin.py:190} INFO - [2024-09-01T01:00:39.100+0530] {workday.py:41} WARNING - Could not import pandas. Holidays will not be considered.
[2024-09-01T01:00:39.105+0530] {logging_mixin.py:190} INFO - [2024-09-01T01:00:39.105+0530] {dag.py:3211} INFO - Sync 2 DAGs
[2024-09-01T01:00:39.109+0530] {logging_mixin.py:190} INFO - [2024-09-01T01:00:39.109+0530] {dag.py:4138} INFO - Setting next_dagrun for example_external_task_marker_child to None, run_after=None
[2024-09-01T01:00:39.110+0530] {logging_mixin.py:190} INFO - [2024-09-01T01:00:39.110+0530] {dag.py:4138} INFO - Setting next_dagrun for example_external_task_marker_parent to None, run_after=None
[2024-09-01T01:00:39.116+0530] {processor.py:208} INFO - Processing /Users/ravipal/Desktop/Workspace/airflow_tutorial/py_env/lib/python3.12/site-packages/airflow/example_dags/example_external_task_marker_dag.py took 0.057 seconds
[2024-09-01T01:02:45.834+0530] {processor.py:186} INFO - Started process (PID=4030) to work on /Users/ravipal/Desktop/Workspace/airflow_tutorial/py_env/lib/python3.12/site-packages/airflow/example_dags/example_external_task_marker_dag.py
[2024-09-01T01:02:45.834+0530] {processor.py:914} INFO - Processing file /Users/ravipal/Desktop/Workspace/airflow_tutorial/py_env/lib/python3.12/site-packages/airflow/example_dags/example_external_task_marker_dag.py for tasks to queue
[2024-09-01T01:02:45.835+0530] {logging_mixin.py:190} INFO - [2024-09-01T01:02:45.834+0530] {dagbag.py:587} INFO - Filling up the DagBag from /Users/ravipal/Desktop/Workspace/airflow_tutorial/py_env/lib/python3.12/site-packages/airflow/example_dags/example_external_task_marker_dag.py
[2024-09-01T01:02:45.840+0530] {processor.py:925} INFO - DAG(s) 'example_external_task_marker_child', 'example_external_task_marker_parent' retrieved from /Users/ravipal/Desktop/Workspace/airflow_tutorial/py_env/lib/python3.12/site-packages/airflow/example_dags/example_external_task_marker_dag.py
[2024-09-01T01:02:45.871+0530] {logging_mixin.py:190} INFO - [2024-09-01T01:02:45.871+0530] {workday.py:41} WARNING - Could not import pandas. Holidays will not be considered.
[2024-09-01T01:02:45.878+0530] {logging_mixin.py:190} INFO - [2024-09-01T01:02:45.878+0530] {dag.py:3211} INFO - Sync 2 DAGs
[2024-09-01T01:02:45.882+0530] {logging_mixin.py:190} INFO - [2024-09-01T01:02:45.881+0530] {dag.py:4138} INFO - Setting next_dagrun for example_external_task_marker_child to None, run_after=None
[2024-09-01T01:02:45.883+0530] {logging_mixin.py:190} INFO - [2024-09-01T01:02:45.883+0530] {dag.py:4138} INFO - Setting next_dagrun for example_external_task_marker_parent to None, run_after=None
[2024-09-01T01:02:45.888+0530] {processor.py:208} INFO - Processing /Users/ravipal/Desktop/Workspace/airflow_tutorial/py_env/lib/python3.12/site-packages/airflow/example_dags/example_external_task_marker_dag.py took 0.057 seconds
[2024-09-01T01:04:52.983+0530] {processor.py:186} INFO - Started process (PID=4176) to work on /Users/ravipal/Desktop/Workspace/airflow_tutorial/py_env/lib/python3.12/site-packages/airflow/example_dags/example_external_task_marker_dag.py
[2024-09-01T01:04:52.984+0530] {processor.py:914} INFO - Processing file /Users/ravipal/Desktop/Workspace/airflow_tutorial/py_env/lib/python3.12/site-packages/airflow/example_dags/example_external_task_marker_dag.py for tasks to queue
[2024-09-01T01:04:52.984+0530] {logging_mixin.py:190} INFO - [2024-09-01T01:04:52.984+0530] {dagbag.py:587} INFO - Filling up the DagBag from /Users/ravipal/Desktop/Workspace/airflow_tutorial/py_env/lib/python3.12/site-packages/airflow/example_dags/example_external_task_marker_dag.py
[2024-09-01T01:04:52.989+0530] {processor.py:925} INFO - DAG(s) 'example_external_task_marker_child', 'example_external_task_marker_parent' retrieved from /Users/ravipal/Desktop/Workspace/airflow_tutorial/py_env/lib/python3.12/site-packages/airflow/example_dags/example_external_task_marker_dag.py
[2024-09-01T01:04:53.021+0530] {logging_mixin.py:190} INFO - [2024-09-01T01:04:53.021+0530] {workday.py:41} WARNING - Could not import pandas. Holidays will not be considered.
[2024-09-01T01:04:53.028+0530] {logging_mixin.py:190} INFO - [2024-09-01T01:04:53.027+0530] {dag.py:3211} INFO - Sync 2 DAGs
[2024-09-01T01:04:53.031+0530] {logging_mixin.py:190} INFO - [2024-09-01T01:04:53.031+0530] {dag.py:4138} INFO - Setting next_dagrun for example_external_task_marker_child to None, run_after=None
[2024-09-01T01:04:53.032+0530] {logging_mixin.py:190} INFO - [2024-09-01T01:04:53.032+0530] {dag.py:4138} INFO - Setting next_dagrun for example_external_task_marker_parent to None, run_after=None
[2024-09-01T01:04:53.038+0530] {processor.py:208} INFO - Processing /Users/ravipal/Desktop/Workspace/airflow_tutorial/py_env/lib/python3.12/site-packages/airflow/example_dags/example_external_task_marker_dag.py took 0.057 seconds
[2024-09-01T01:07:02.208+0530] {processor.py:186} INFO - Started process (PID=4324) to work on /Users/ravipal/Desktop/Workspace/airflow_tutorial/py_env/lib/python3.12/site-packages/airflow/example_dags/example_external_task_marker_dag.py
[2024-09-01T01:07:02.210+0530] {processor.py:914} INFO - Processing file /Users/ravipal/Desktop/Workspace/airflow_tutorial/py_env/lib/python3.12/site-packages/airflow/example_dags/example_external_task_marker_dag.py for tasks to queue
[2024-09-01T01:07:02.210+0530] {logging_mixin.py:190} INFO - [2024-09-01T01:07:02.210+0530] {dagbag.py:587} INFO - Filling up the DagBag from /Users/ravipal/Desktop/Workspace/airflow_tutorial/py_env/lib/python3.12/site-packages/airflow/example_dags/example_external_task_marker_dag.py
[2024-09-01T01:07:02.215+0530] {processor.py:925} INFO - DAG(s) 'example_external_task_marker_parent', 'example_external_task_marker_child' retrieved from /Users/ravipal/Desktop/Workspace/airflow_tutorial/py_env/lib/python3.12/site-packages/airflow/example_dags/example_external_task_marker_dag.py
[2024-09-01T01:07:02.246+0530] {logging_mixin.py:190} INFO - [2024-09-01T01:07:02.246+0530] {workday.py:41} WARNING - Could not import pandas. Holidays will not be considered.
[2024-09-01T01:07:02.250+0530] {logging_mixin.py:190} INFO - [2024-09-01T01:07:02.250+0530] {dag.py:3211} INFO - Sync 2 DAGs
[2024-09-01T01:07:02.254+0530] {logging_mixin.py:190} INFO - [2024-09-01T01:07:02.254+0530] {dag.py:4138} INFO - Setting next_dagrun for example_external_task_marker_child to None, run_after=None
[2024-09-01T01:07:02.255+0530] {logging_mixin.py:190} INFO - [2024-09-01T01:07:02.255+0530] {dag.py:4138} INFO - Setting next_dagrun for example_external_task_marker_parent to None, run_after=None
[2024-09-01T01:07:02.261+0530] {processor.py:208} INFO - Processing /Users/ravipal/Desktop/Workspace/airflow_tutorial/py_env/lib/python3.12/site-packages/airflow/example_dags/example_external_task_marker_dag.py took 0.054 seconds
[2024-09-01T01:09:12.912+0530] {processor.py:186} INFO - Started process (PID=4457) to work on /Users/ravipal/Desktop/Workspace/airflow_tutorial/py_env/lib/python3.12/site-packages/airflow/example_dags/example_external_task_marker_dag.py
[2024-09-01T01:09:12.913+0530] {processor.py:914} INFO - Processing file /Users/ravipal/Desktop/Workspace/airflow_tutorial/py_env/lib/python3.12/site-packages/airflow/example_dags/example_external_task_marker_dag.py for tasks to queue
[2024-09-01T01:09:12.913+0530] {logging_mixin.py:190} INFO - [2024-09-01T01:09:12.913+0530] {dagbag.py:587} INFO - Filling up the DagBag from /Users/ravipal/Desktop/Workspace/airflow_tutorial/py_env/lib/python3.12/site-packages/airflow/example_dags/example_external_task_marker_dag.py
[2024-09-01T01:09:12.918+0530] {processor.py:925} INFO - DAG(s) 'example_external_task_marker_parent', 'example_external_task_marker_child' retrieved from /Users/ravipal/Desktop/Workspace/airflow_tutorial/py_env/lib/python3.12/site-packages/airflow/example_dags/example_external_task_marker_dag.py
[2024-09-01T01:09:12.951+0530] {logging_mixin.py:190} INFO - [2024-09-01T01:09:12.951+0530] {workday.py:41} WARNING - Could not import pandas. Holidays will not be considered.
[2024-09-01T01:09:12.956+0530] {logging_mixin.py:190} INFO - [2024-09-01T01:09:12.956+0530] {dag.py:3211} INFO - Sync 2 DAGs
[2024-09-01T01:09:12.959+0530] {logging_mixin.py:190} INFO - [2024-09-01T01:09:12.959+0530] {dag.py:4138} INFO - Setting next_dagrun for example_external_task_marker_child to None, run_after=None
[2024-09-01T01:09:12.960+0530] {logging_mixin.py:190} INFO - [2024-09-01T01:09:12.960+0530] {dag.py:4138} INFO - Setting next_dagrun for example_external_task_marker_parent to None, run_after=None
[2024-09-01T01:09:12.966+0530] {processor.py:208} INFO - Processing /Users/ravipal/Desktop/Workspace/airflow_tutorial/py_env/lib/python3.12/site-packages/airflow/example_dags/example_external_task_marker_dag.py took 0.056 seconds
[2024-09-01T01:11:19.011+0530] {processor.py:186} INFO - Started process (PID=4583) to work on /Users/ravipal/Desktop/Workspace/airflow_tutorial/py_env/lib/python3.12/site-packages/airflow/example_dags/example_external_task_marker_dag.py
[2024-09-01T01:11:19.012+0530] {processor.py:914} INFO - Processing file /Users/ravipal/Desktop/Workspace/airflow_tutorial/py_env/lib/python3.12/site-packages/airflow/example_dags/example_external_task_marker_dag.py for tasks to queue
[2024-09-01T01:11:19.012+0530] {logging_mixin.py:190} INFO - [2024-09-01T01:11:19.012+0530] {dagbag.py:587} INFO - Filling up the DagBag from /Users/ravipal/Desktop/Workspace/airflow_tutorial/py_env/lib/python3.12/site-packages/airflow/example_dags/example_external_task_marker_dag.py
[2024-09-01T01:11:19.018+0530] {processor.py:925} INFO - DAG(s) 'example_external_task_marker_parent', 'example_external_task_marker_child' retrieved from /Users/ravipal/Desktop/Workspace/airflow_tutorial/py_env/lib/python3.12/site-packages/airflow/example_dags/example_external_task_marker_dag.py
[2024-09-01T01:11:19.052+0530] {logging_mixin.py:190} INFO - [2024-09-01T01:11:19.051+0530] {workday.py:41} WARNING - Could not import pandas. Holidays will not be considered.
[2024-09-01T01:11:19.056+0530] {logging_mixin.py:190} INFO - [2024-09-01T01:11:19.056+0530] {dag.py:3211} INFO - Sync 2 DAGs
[2024-09-01T01:11:19.060+0530] {logging_mixin.py:190} INFO - [2024-09-01T01:11:19.060+0530] {dag.py:4138} INFO - Setting next_dagrun for example_external_task_marker_child to None, run_after=None
[2024-09-01T01:11:19.061+0530] {logging_mixin.py:190} INFO - [2024-09-01T01:11:19.061+0530] {dag.py:4138} INFO - Setting next_dagrun for example_external_task_marker_parent to None, run_after=None
[2024-09-01T01:11:19.067+0530] {processor.py:208} INFO - Processing /Users/ravipal/Desktop/Workspace/airflow_tutorial/py_env/lib/python3.12/site-packages/airflow/example_dags/example_external_task_marker_dag.py took 0.057 seconds
[2024-09-01T01:13:24.892+0530] {processor.py:186} INFO - Started process (PID=4710) to work on /Users/ravipal/Desktop/Workspace/airflow_tutorial/py_env/lib/python3.12/site-packages/airflow/example_dags/example_external_task_marker_dag.py
[2024-09-01T01:13:24.892+0530] {processor.py:914} INFO - Processing file /Users/ravipal/Desktop/Workspace/airflow_tutorial/py_env/lib/python3.12/site-packages/airflow/example_dags/example_external_task_marker_dag.py for tasks to queue
[2024-09-01T01:13:24.893+0530] {logging_mixin.py:190} INFO - [2024-09-01T01:13:24.893+0530] {dagbag.py:587} INFO - Filling up the DagBag from /Users/ravipal/Desktop/Workspace/airflow_tutorial/py_env/lib/python3.12/site-packages/airflow/example_dags/example_external_task_marker_dag.py
[2024-09-01T01:13:24.898+0530] {processor.py:925} INFO - DAG(s) 'example_external_task_marker_parent', 'example_external_task_marker_child' retrieved from /Users/ravipal/Desktop/Workspace/airflow_tutorial/py_env/lib/python3.12/site-packages/airflow/example_dags/example_external_task_marker_dag.py
[2024-09-01T01:13:24.931+0530] {logging_mixin.py:190} INFO - [2024-09-01T01:13:24.931+0530] {workday.py:41} WARNING - Could not import pandas. Holidays will not be considered.
[2024-09-01T01:13:24.936+0530] {logging_mixin.py:190} INFO - [2024-09-01T01:13:24.936+0530] {dag.py:3211} INFO - Sync 2 DAGs
[2024-09-01T01:13:24.939+0530] {logging_mixin.py:190} INFO - [2024-09-01T01:13:24.939+0530] {dag.py:4138} INFO - Setting next_dagrun for example_external_task_marker_child to None, run_after=None
[2024-09-01T01:13:24.940+0530] {logging_mixin.py:190} INFO - [2024-09-01T01:13:24.940+0530] {dag.py:4138} INFO - Setting next_dagrun for example_external_task_marker_parent to None, run_after=None
[2024-09-01T01:13:24.946+0530] {processor.py:208} INFO - Processing /Users/ravipal/Desktop/Workspace/airflow_tutorial/py_env/lib/python3.12/site-packages/airflow/example_dags/example_external_task_marker_dag.py took 0.057 seconds
[2024-09-01T01:15:36.783+0530] {processor.py:186} INFO - Started process (PID=4842) to work on /Users/ravipal/Desktop/Workspace/airflow_tutorial/py_env/lib/python3.12/site-packages/airflow/example_dags/example_external_task_marker_dag.py
[2024-09-01T01:15:36.783+0530] {processor.py:914} INFO - Processing file /Users/ravipal/Desktop/Workspace/airflow_tutorial/py_env/lib/python3.12/site-packages/airflow/example_dags/example_external_task_marker_dag.py for tasks to queue
[2024-09-01T01:15:36.784+0530] {logging_mixin.py:190} INFO - [2024-09-01T01:15:36.784+0530] {dagbag.py:587} INFO - Filling up the DagBag from /Users/ravipal/Desktop/Workspace/airflow_tutorial/py_env/lib/python3.12/site-packages/airflow/example_dags/example_external_task_marker_dag.py
[2024-09-01T01:15:36.789+0530] {processor.py:925} INFO - DAG(s) 'example_external_task_marker_parent', 'example_external_task_marker_child' retrieved from /Users/ravipal/Desktop/Workspace/airflow_tutorial/py_env/lib/python3.12/site-packages/airflow/example_dags/example_external_task_marker_dag.py
[2024-09-01T01:15:36.822+0530] {logging_mixin.py:190} INFO - [2024-09-01T01:15:36.822+0530] {workday.py:41} WARNING - Could not import pandas. Holidays will not be considered.
[2024-09-01T01:15:36.827+0530] {logging_mixin.py:190} INFO - [2024-09-01T01:15:36.827+0530] {dag.py:3211} INFO - Sync 2 DAGs
[2024-09-01T01:15:36.830+0530] {logging_mixin.py:190} INFO - [2024-09-01T01:15:36.830+0530] {dag.py:4138} INFO - Setting next_dagrun for example_external_task_marker_child to None, run_after=None
[2024-09-01T01:15:36.831+0530] {logging_mixin.py:190} INFO - [2024-09-01T01:15:36.831+0530] {dag.py:4138} INFO - Setting next_dagrun for example_external_task_marker_parent to None, run_after=None
[2024-09-01T01:15:36.837+0530] {processor.py:208} INFO - Processing /Users/ravipal/Desktop/Workspace/airflow_tutorial/py_env/lib/python3.12/site-packages/airflow/example_dags/example_external_task_marker_dag.py took 0.056 seconds
[2024-09-01T01:17:47.976+0530] {processor.py:186} INFO - Started process (PID=4972) to work on /Users/ravipal/Desktop/Workspace/airflow_tutorial/py_env/lib/python3.12/site-packages/airflow/example_dags/example_external_task_marker_dag.py
[2024-09-01T01:17:47.976+0530] {processor.py:914} INFO - Processing file /Users/ravipal/Desktop/Workspace/airflow_tutorial/py_env/lib/python3.12/site-packages/airflow/example_dags/example_external_task_marker_dag.py for tasks to queue
[2024-09-01T01:17:47.977+0530] {logging_mixin.py:190} INFO - [2024-09-01T01:17:47.977+0530] {dagbag.py:587} INFO - Filling up the DagBag from /Users/ravipal/Desktop/Workspace/airflow_tutorial/py_env/lib/python3.12/site-packages/airflow/example_dags/example_external_task_marker_dag.py
[2024-09-01T01:17:47.982+0530] {processor.py:925} INFO - DAG(s) 'example_external_task_marker_parent', 'example_external_task_marker_child' retrieved from /Users/ravipal/Desktop/Workspace/airflow_tutorial/py_env/lib/python3.12/site-packages/airflow/example_dags/example_external_task_marker_dag.py
[2024-09-01T01:17:48.016+0530] {logging_mixin.py:190} INFO - [2024-09-01T01:17:48.016+0530] {workday.py:41} WARNING - Could not import pandas. Holidays will not be considered.
[2024-09-01T01:17:48.021+0530] {logging_mixin.py:190} INFO - [2024-09-01T01:17:48.021+0530] {dag.py:3211} INFO - Sync 2 DAGs
[2024-09-01T01:17:48.025+0530] {logging_mixin.py:190} INFO - [2024-09-01T01:17:48.025+0530] {dag.py:4138} INFO - Setting next_dagrun for example_external_task_marker_child to None, run_after=None
[2024-09-01T01:17:48.027+0530] {logging_mixin.py:190} INFO - [2024-09-01T01:17:48.027+0530] {dag.py:4138} INFO - Setting next_dagrun for example_external_task_marker_parent to None, run_after=None
[2024-09-01T01:17:48.033+0530] {processor.py:208} INFO - Processing /Users/ravipal/Desktop/Workspace/airflow_tutorial/py_env/lib/python3.12/site-packages/airflow/example_dags/example_external_task_marker_dag.py took 0.059 seconds
