[2024-09-01T00:23:09.169+0530] {processor.py:186} INFO - Started process (PID=1433) to work on /Users/ravipal/Desktop/Workspace/airflow_tutorial/py_env/lib/python3.12/site-packages/airflow/example_dags/example_sla_dag.py
[2024-09-01T00:23:09.169+0530] {processor.py:914} INFO - Processing file /Users/ravipal/Desktop/Workspace/airflow_tutorial/py_env/lib/python3.12/site-packages/airflow/example_dags/example_sla_dag.py for tasks to queue
[2024-09-01T00:23:09.169+0530] {logging_mixin.py:190} INFO - [2024-09-01T00:23:09.169+0530] {dagbag.py:587} INFO - Filling up the DagBag from /Users/ravipal/Desktop/Workspace/airflow_tutorial/py_env/lib/python3.12/site-packages/airflow/example_dags/example_sla_dag.py
[2024-09-01T00:23:09.186+0530] {processor.py:925} INFO - DAG(s) 'example_sla_dag' retrieved from /Users/ravipal/Desktop/Workspace/airflow_tutorial/py_env/lib/python3.12/site-packages/airflow/example_dags/example_sla_dag.py
[2024-09-01T00:23:09.255+0530] {logging_mixin.py:190} INFO - [2024-09-01T00:23:09.255+0530] {override.py:1858} INFO - Created Permission View: can delete on DAG:example_sla_dag
[2024-09-01T00:23:09.287+0530] {logging_mixin.py:190} INFO - [2024-09-01T00:23:09.287+0530] {override.py:1858} INFO - Created Permission View: can read on DAG:example_sla_dag
[2024-09-01T00:23:09.289+0530] {logging_mixin.py:190} INFO - [2024-09-01T00:23:09.289+0530] {override.py:1858} INFO - Created Permission View: can edit on DAG:example_sla_dag
[2024-09-01T00:23:09.290+0530] {logging_mixin.py:190} INFO - [2024-09-01T00:23:09.289+0530] {dag.py:3211} INFO - Sync 1 DAGs
[2024-09-01T00:23:09.293+0530] {logging_mixin.py:190} INFO - [2024-09-01T00:23:09.293+0530] {dag.py:3234} INFO - Creating ORM DAG for example_sla_dag
[2024-09-01T00:23:09.297+0530] {logging_mixin.py:190} INFO - [2024-09-01T00:23:09.297+0530] {dag.py:4138} INFO - Setting next_dagrun for example_sla_dag to 2024-08-31 18:50:00+00:00, run_after=2024-08-31 18:52:00+00:00
[2024-09-01T00:23:09.304+0530] {processor.py:208} INFO - Processing /Users/ravipal/Desktop/Workspace/airflow_tutorial/py_env/lib/python3.12/site-packages/airflow/example_dags/example_sla_dag.py took 0.137 seconds
[2024-09-01T00:24:50.550+0530] {processor.py:186} INFO - Started process (PID=1537) to work on /Users/ravipal/Desktop/Workspace/airflow_tutorial/py_env/lib/python3.12/site-packages/airflow/example_dags/example_sla_dag.py
[2024-09-01T00:24:50.550+0530] {processor.py:914} INFO - Processing file /Users/ravipal/Desktop/Workspace/airflow_tutorial/py_env/lib/python3.12/site-packages/airflow/example_dags/example_sla_dag.py for tasks to queue
[2024-09-01T00:24:50.551+0530] {logging_mixin.py:190} INFO - [2024-09-01T00:24:50.551+0530] {dagbag.py:587} INFO - Filling up the DagBag from /Users/ravipal/Desktop/Workspace/airflow_tutorial/py_env/lib/python3.12/site-packages/airflow/example_dags/example_sla_dag.py
[2024-09-01T00:24:50.566+0530] {processor.py:925} INFO - DAG(s) 'example_sla_dag' retrieved from /Users/ravipal/Desktop/Workspace/airflow_tutorial/py_env/lib/python3.12/site-packages/airflow/example_dags/example_sla_dag.py
[2024-09-01T00:24:50.599+0530] {logging_mixin.py:190} INFO - [2024-09-01T00:24:50.598+0530] {dag.py:3211} INFO - Sync 1 DAGs
[2024-09-01T00:24:50.605+0530] {logging_mixin.py:190} INFO - [2024-09-01T00:24:50.605+0530] {dag.py:4138} INFO - Setting next_dagrun for example_sla_dag to 2024-08-31 18:52:00+00:00, run_after=2024-08-31 18:54:00+00:00
[2024-09-01T00:24:50.612+0530] {processor.py:208} INFO - Processing /Users/ravipal/Desktop/Workspace/airflow_tutorial/py_env/lib/python3.12/site-packages/airflow/example_dags/example_sla_dag.py took 0.064 seconds
[2024-09-01T00:25:57.115+0530] {processor.py:186} INFO - Started process (PID=1604) to work on /Users/ravipal/Desktop/Workspace/airflow_tutorial/py_env/lib/python3.12/site-packages/airflow/example_dags/example_sla_dag.py
[2024-09-01T00:25:57.116+0530] {processor.py:914} INFO - Processing file /Users/ravipal/Desktop/Workspace/airflow_tutorial/py_env/lib/python3.12/site-packages/airflow/example_dags/example_sla_dag.py for tasks to queue
[2024-09-01T00:25:57.116+0530] {logging_mixin.py:190} INFO - [2024-09-01T00:25:57.116+0530] {dagbag.py:587} INFO - Filling up the DagBag from /Users/ravipal/Desktop/Workspace/airflow_tutorial/py_env/lib/python3.12/site-packages/airflow/example_dags/example_sla_dag.py
[2024-09-01T00:25:57.132+0530] {processor.py:925} INFO - DAG(s) 'example_sla_dag' retrieved from /Users/ravipal/Desktop/Workspace/airflow_tutorial/py_env/lib/python3.12/site-packages/airflow/example_dags/example_sla_dag.py
[2024-09-01T00:25:57.164+0530] {logging_mixin.py:190} INFO - [2024-09-01T00:25:57.164+0530] {dag.py:3211} INFO - Sync 1 DAGs
[2024-09-01T00:25:57.171+0530] {logging_mixin.py:190} INFO - [2024-09-01T00:25:57.171+0530] {dag.py:4138} INFO - Setting next_dagrun for example_sla_dag to 2024-08-31 18:52:00+00:00, run_after=2024-08-31 18:54:00+00:00
[2024-09-01T00:25:57.178+0530] {processor.py:208} INFO - Processing /Users/ravipal/Desktop/Workspace/airflow_tutorial/py_env/lib/python3.12/site-packages/airflow/example_dags/example_sla_dag.py took 0.064 seconds
[2024-09-01T00:27:03.094+0530] {processor.py:186} INFO - Started process (PID=1688) to work on /Users/ravipal/Desktop/Workspace/airflow_tutorial/py_env/lib/python3.12/site-packages/airflow/example_dags/example_sla_dag.py
[2024-09-01T00:27:03.095+0530] {processor.py:914} INFO - Processing file /Users/ravipal/Desktop/Workspace/airflow_tutorial/py_env/lib/python3.12/site-packages/airflow/example_dags/example_sla_dag.py for tasks to queue
[2024-09-01T00:27:03.095+0530] {logging_mixin.py:190} INFO - [2024-09-01T00:27:03.095+0530] {dagbag.py:587} INFO - Filling up the DagBag from /Users/ravipal/Desktop/Workspace/airflow_tutorial/py_env/lib/python3.12/site-packages/airflow/example_dags/example_sla_dag.py
[2024-09-01T00:27:03.111+0530] {processor.py:925} INFO - DAG(s) 'example_sla_dag' retrieved from /Users/ravipal/Desktop/Workspace/airflow_tutorial/py_env/lib/python3.12/site-packages/airflow/example_dags/example_sla_dag.py
[2024-09-01T00:27:03.145+0530] {logging_mixin.py:190} INFO - [2024-09-01T00:27:03.145+0530] {dag.py:3211} INFO - Sync 1 DAGs
[2024-09-01T00:27:03.152+0530] {logging_mixin.py:190} INFO - [2024-09-01T00:27:03.152+0530] {dag.py:4138} INFO - Setting next_dagrun for example_sla_dag to 2024-08-31 18:54:00+00:00, run_after=2024-08-31 18:56:00+00:00
[2024-09-01T00:27:03.159+0530] {processor.py:208} INFO - Processing /Users/ravipal/Desktop/Workspace/airflow_tutorial/py_env/lib/python3.12/site-packages/airflow/example_dags/example_sla_dag.py took 0.066 seconds
[2024-09-01T00:28:16.179+0530] {processor.py:186} INFO - Started process (PID=1933) to work on /Users/ravipal/Desktop/Workspace/airflow_tutorial/py_env/lib/python3.12/site-packages/airflow/example_dags/example_sla_dag.py
[2024-09-01T00:28:16.179+0530] {processor.py:914} INFO - Processing file /Users/ravipal/Desktop/Workspace/airflow_tutorial/py_env/lib/python3.12/site-packages/airflow/example_dags/example_sla_dag.py for tasks to queue
[2024-09-01T00:28:16.180+0530] {logging_mixin.py:190} INFO - [2024-09-01T00:28:16.180+0530] {dagbag.py:587} INFO - Filling up the DagBag from /Users/ravipal/Desktop/Workspace/airflow_tutorial/py_env/lib/python3.12/site-packages/airflow/example_dags/example_sla_dag.py
[2024-09-01T00:28:16.195+0530] {processor.py:925} INFO - DAG(s) 'example_sla_dag' retrieved from /Users/ravipal/Desktop/Workspace/airflow_tutorial/py_env/lib/python3.12/site-packages/airflow/example_dags/example_sla_dag.py
[2024-09-01T00:28:16.227+0530] {logging_mixin.py:190} INFO - [2024-09-01T00:28:16.227+0530] {dag.py:3211} INFO - Sync 1 DAGs
[2024-09-01T00:28:16.234+0530] {logging_mixin.py:190} INFO - [2024-09-01T00:28:16.234+0530] {dag.py:4138} INFO - Setting next_dagrun for example_sla_dag to 2024-08-31 18:56:00+00:00, run_after=2024-08-31 18:58:00+00:00
[2024-09-01T00:28:16.241+0530] {processor.py:208} INFO - Processing /Users/ravipal/Desktop/Workspace/airflow_tutorial/py_env/lib/python3.12/site-packages/airflow/example_dags/example_sla_dag.py took 0.064 seconds
[2024-09-01T00:29:22.915+0530] {processor.py:186} INFO - Started process (PID=2001) to work on /Users/ravipal/Desktop/Workspace/airflow_tutorial/py_env/lib/python3.12/site-packages/airflow/example_dags/example_sla_dag.py
[2024-09-01T00:29:22.916+0530] {processor.py:914} INFO - Processing file /Users/ravipal/Desktop/Workspace/airflow_tutorial/py_env/lib/python3.12/site-packages/airflow/example_dags/example_sla_dag.py for tasks to queue
[2024-09-01T00:29:22.916+0530] {logging_mixin.py:190} INFO - [2024-09-01T00:29:22.916+0530] {dagbag.py:587} INFO - Filling up the DagBag from /Users/ravipal/Desktop/Workspace/airflow_tutorial/py_env/lib/python3.12/site-packages/airflow/example_dags/example_sla_dag.py
[2024-09-01T00:29:22.932+0530] {processor.py:925} INFO - DAG(s) 'example_sla_dag' retrieved from /Users/ravipal/Desktop/Workspace/airflow_tutorial/py_env/lib/python3.12/site-packages/airflow/example_dags/example_sla_dag.py
[2024-09-01T00:29:22.967+0530] {logging_mixin.py:190} INFO - [2024-09-01T00:29:22.967+0530] {dag.py:3211} INFO - Sync 1 DAGs
[2024-09-01T00:29:22.974+0530] {logging_mixin.py:190} INFO - [2024-09-01T00:29:22.974+0530] {dag.py:4138} INFO - Setting next_dagrun for example_sla_dag to 2024-08-31 18:56:00+00:00, run_after=2024-08-31 18:58:00+00:00
[2024-09-01T00:29:22.980+0530] {processor.py:208} INFO - Processing /Users/ravipal/Desktop/Workspace/airflow_tutorial/py_env/lib/python3.12/site-packages/airflow/example_dags/example_sla_dag.py took 0.067 seconds
[2024-09-01T00:31:32.230+0530] {processor.py:186} INFO - Started process (PID=2135) to work on /Users/ravipal/Desktop/Workspace/airflow_tutorial/py_env/lib/python3.12/site-packages/airflow/example_dags/example_sla_dag.py
[2024-09-01T00:31:32.230+0530] {processor.py:914} INFO - Processing file /Users/ravipal/Desktop/Workspace/airflow_tutorial/py_env/lib/python3.12/site-packages/airflow/example_dags/example_sla_dag.py for tasks to queue
[2024-09-01T00:31:32.230+0530] {logging_mixin.py:190} INFO - [2024-09-01T00:31:32.230+0530] {dagbag.py:587} INFO - Filling up the DagBag from /Users/ravipal/Desktop/Workspace/airflow_tutorial/py_env/lib/python3.12/site-packages/airflow/example_dags/example_sla_dag.py
[2024-09-01T00:31:32.254+0530] {processor.py:925} INFO - DAG(s) 'example_sla_dag' retrieved from /Users/ravipal/Desktop/Workspace/airflow_tutorial/py_env/lib/python3.12/site-packages/airflow/example_dags/example_sla_dag.py
[2024-09-01T00:31:32.291+0530] {logging_mixin.py:190} INFO - [2024-09-01T00:31:32.291+0530] {dag.py:3211} INFO - Sync 1 DAGs
[2024-09-01T00:31:32.299+0530] {logging_mixin.py:190} INFO - [2024-09-01T00:31:32.299+0530] {dag.py:4138} INFO - Setting next_dagrun for example_sla_dag to 2024-08-31 18:58:00+00:00, run_after=2024-08-31 19:00:00+00:00
[2024-09-01T00:31:32.305+0530] {processor.py:208} INFO - Processing /Users/ravipal/Desktop/Workspace/airflow_tutorial/py_env/lib/python3.12/site-packages/airflow/example_dags/example_sla_dag.py took 0.078 seconds
[2024-09-01T00:32:38.706+0530] {processor.py:186} INFO - Started process (PID=2199) to work on /Users/ravipal/Desktop/Workspace/airflow_tutorial/py_env/lib/python3.12/site-packages/airflow/example_dags/example_sla_dag.py
[2024-09-01T00:32:38.706+0530] {processor.py:914} INFO - Processing file /Users/ravipal/Desktop/Workspace/airflow_tutorial/py_env/lib/python3.12/site-packages/airflow/example_dags/example_sla_dag.py for tasks to queue
[2024-09-01T00:32:38.707+0530] {logging_mixin.py:190} INFO - [2024-09-01T00:32:38.707+0530] {dagbag.py:587} INFO - Filling up the DagBag from /Users/ravipal/Desktop/Workspace/airflow_tutorial/py_env/lib/python3.12/site-packages/airflow/example_dags/example_sla_dag.py
[2024-09-01T00:32:38.724+0530] {processor.py:925} INFO - DAG(s) 'example_sla_dag' retrieved from /Users/ravipal/Desktop/Workspace/airflow_tutorial/py_env/lib/python3.12/site-packages/airflow/example_dags/example_sla_dag.py
[2024-09-01T00:32:38.757+0530] {logging_mixin.py:190} INFO - [2024-09-01T00:32:38.757+0530] {dag.py:3211} INFO - Sync 1 DAGs
[2024-09-01T00:32:38.764+0530] {logging_mixin.py:190} INFO - [2024-09-01T00:32:38.764+0530] {dag.py:4138} INFO - Setting next_dagrun for example_sla_dag to 2024-08-31 19:00:00+00:00, run_after=2024-08-31 19:02:00+00:00
[2024-09-01T00:32:38.770+0530] {processor.py:208} INFO - Processing /Users/ravipal/Desktop/Workspace/airflow_tutorial/py_env/lib/python3.12/site-packages/airflow/example_dags/example_sla_dag.py took 0.066 seconds
[2024-09-01T00:33:44.882+0530] {processor.py:186} INFO - Started process (PID=2264) to work on /Users/ravipal/Desktop/Workspace/airflow_tutorial/py_env/lib/python3.12/site-packages/airflow/example_dags/example_sla_dag.py
[2024-09-01T00:33:44.883+0530] {processor.py:914} INFO - Processing file /Users/ravipal/Desktop/Workspace/airflow_tutorial/py_env/lib/python3.12/site-packages/airflow/example_dags/example_sla_dag.py for tasks to queue
[2024-09-01T00:33:44.883+0530] {logging_mixin.py:190} INFO - [2024-09-01T00:33:44.883+0530] {dagbag.py:587} INFO - Filling up the DagBag from /Users/ravipal/Desktop/Workspace/airflow_tutorial/py_env/lib/python3.12/site-packages/airflow/example_dags/example_sla_dag.py
[2024-09-01T00:33:44.899+0530] {processor.py:925} INFO - DAG(s) 'example_sla_dag' retrieved from /Users/ravipal/Desktop/Workspace/airflow_tutorial/py_env/lib/python3.12/site-packages/airflow/example_dags/example_sla_dag.py
[2024-09-01T00:33:44.933+0530] {logging_mixin.py:190} INFO - [2024-09-01T00:33:44.933+0530] {dag.py:3211} INFO - Sync 1 DAGs
[2024-09-01T00:33:44.940+0530] {logging_mixin.py:190} INFO - [2024-09-01T00:33:44.940+0530] {dag.py:4138} INFO - Setting next_dagrun for example_sla_dag to 2024-08-31 19:00:00+00:00, run_after=2024-08-31 19:02:00+00:00
[2024-09-01T00:33:44.946+0530] {processor.py:208} INFO - Processing /Users/ravipal/Desktop/Workspace/airflow_tutorial/py_env/lib/python3.12/site-packages/airflow/example_dags/example_sla_dag.py took 0.066 seconds
[2024-09-01T00:34:52.837+0530] {processor.py:186} INFO - Started process (PID=2332) to work on /Users/ravipal/Desktop/Workspace/airflow_tutorial/py_env/lib/python3.12/site-packages/airflow/example_dags/example_sla_dag.py
[2024-09-01T00:34:52.837+0530] {processor.py:914} INFO - Processing file /Users/ravipal/Desktop/Workspace/airflow_tutorial/py_env/lib/python3.12/site-packages/airflow/example_dags/example_sla_dag.py for tasks to queue
[2024-09-01T00:34:52.838+0530] {logging_mixin.py:190} INFO - [2024-09-01T00:34:52.838+0530] {dagbag.py:587} INFO - Filling up the DagBag from /Users/ravipal/Desktop/Workspace/airflow_tutorial/py_env/lib/python3.12/site-packages/airflow/example_dags/example_sla_dag.py
[2024-09-01T00:34:52.856+0530] {processor.py:925} INFO - DAG(s) 'example_sla_dag' retrieved from /Users/ravipal/Desktop/Workspace/airflow_tutorial/py_env/lib/python3.12/site-packages/airflow/example_dags/example_sla_dag.py
[2024-09-01T00:34:52.889+0530] {logging_mixin.py:190} INFO - [2024-09-01T00:34:52.889+0530] {dag.py:3211} INFO - Sync 1 DAGs
[2024-09-01T00:34:52.896+0530] {logging_mixin.py:190} INFO - [2024-09-01T00:34:52.896+0530] {dag.py:4138} INFO - Setting next_dagrun for example_sla_dag to 2024-08-31 19:02:00+00:00, run_after=2024-08-31 19:04:00+00:00
[2024-09-01T00:34:52.903+0530] {processor.py:208} INFO - Processing /Users/ravipal/Desktop/Workspace/airflow_tutorial/py_env/lib/python3.12/site-packages/airflow/example_dags/example_sla_dag.py took 0.069 seconds
[2024-09-01T00:36:00.668+0530] {processor.py:186} INFO - Started process (PID=2400) to work on /Users/ravipal/Desktop/Workspace/airflow_tutorial/py_env/lib/python3.12/site-packages/airflow/example_dags/example_sla_dag.py
[2024-09-01T00:36:00.668+0530] {processor.py:914} INFO - Processing file /Users/ravipal/Desktop/Workspace/airflow_tutorial/py_env/lib/python3.12/site-packages/airflow/example_dags/example_sla_dag.py for tasks to queue
[2024-09-01T00:36:00.669+0530] {logging_mixin.py:190} INFO - [2024-09-01T00:36:00.669+0530] {dagbag.py:587} INFO - Filling up the DagBag from /Users/ravipal/Desktop/Workspace/airflow_tutorial/py_env/lib/python3.12/site-packages/airflow/example_dags/example_sla_dag.py
[2024-09-01T00:36:00.685+0530] {processor.py:925} INFO - DAG(s) 'example_sla_dag' retrieved from /Users/ravipal/Desktop/Workspace/airflow_tutorial/py_env/lib/python3.12/site-packages/airflow/example_dags/example_sla_dag.py
[2024-09-01T00:36:00.718+0530] {logging_mixin.py:190} INFO - [2024-09-01T00:36:00.718+0530] {dag.py:3211} INFO - Sync 1 DAGs
[2024-09-01T00:36:00.725+0530] {logging_mixin.py:190} INFO - [2024-09-01T00:36:00.725+0530] {dag.py:4138} INFO - Setting next_dagrun for example_sla_dag to 2024-08-31 19:04:00+00:00, run_after=2024-08-31 19:06:00+00:00
[2024-09-01T00:36:00.733+0530] {processor.py:208} INFO - Processing /Users/ravipal/Desktop/Workspace/airflow_tutorial/py_env/lib/python3.12/site-packages/airflow/example_dags/example_sla_dag.py took 0.066 seconds
[2024-09-01T00:37:08.575+0530] {processor.py:186} INFO - Started process (PID=2468) to work on /Users/ravipal/Desktop/Workspace/airflow_tutorial/py_env/lib/python3.12/site-packages/airflow/example_dags/example_sla_dag.py
[2024-09-01T00:37:08.576+0530] {processor.py:914} INFO - Processing file /Users/ravipal/Desktop/Workspace/airflow_tutorial/py_env/lib/python3.12/site-packages/airflow/example_dags/example_sla_dag.py for tasks to queue
[2024-09-01T00:37:08.576+0530] {logging_mixin.py:190} INFO - [2024-09-01T00:37:08.576+0530] {dagbag.py:587} INFO - Filling up the DagBag from /Users/ravipal/Desktop/Workspace/airflow_tutorial/py_env/lib/python3.12/site-packages/airflow/example_dags/example_sla_dag.py
[2024-09-01T00:37:08.592+0530] {processor.py:925} INFO - DAG(s) 'example_sla_dag' retrieved from /Users/ravipal/Desktop/Workspace/airflow_tutorial/py_env/lib/python3.12/site-packages/airflow/example_dags/example_sla_dag.py
[2024-09-01T00:37:08.624+0530] {logging_mixin.py:190} INFO - [2024-09-01T00:37:08.624+0530] {dag.py:3211} INFO - Sync 1 DAGs
[2024-09-01T00:37:08.631+0530] {logging_mixin.py:190} INFO - [2024-09-01T00:37:08.631+0530] {dag.py:4138} INFO - Setting next_dagrun for example_sla_dag to 2024-08-31 19:04:00+00:00, run_after=2024-08-31 19:06:00+00:00
[2024-09-01T00:37:08.637+0530] {processor.py:208} INFO - Processing /Users/ravipal/Desktop/Workspace/airflow_tutorial/py_env/lib/python3.12/site-packages/airflow/example_dags/example_sla_dag.py took 0.064 seconds
[2024-09-01T00:38:15.559+0530] {processor.py:186} INFO - Started process (PID=2534) to work on /Users/ravipal/Desktop/Workspace/airflow_tutorial/py_env/lib/python3.12/site-packages/airflow/example_dags/example_sla_dag.py
[2024-09-01T00:38:15.559+0530] {processor.py:914} INFO - Processing file /Users/ravipal/Desktop/Workspace/airflow_tutorial/py_env/lib/python3.12/site-packages/airflow/example_dags/example_sla_dag.py for tasks to queue
[2024-09-01T00:38:15.560+0530] {logging_mixin.py:190} INFO - [2024-09-01T00:38:15.559+0530] {dagbag.py:587} INFO - Filling up the DagBag from /Users/ravipal/Desktop/Workspace/airflow_tutorial/py_env/lib/python3.12/site-packages/airflow/example_dags/example_sla_dag.py
[2024-09-01T00:38:15.575+0530] {processor.py:925} INFO - DAG(s) 'example_sla_dag' retrieved from /Users/ravipal/Desktop/Workspace/airflow_tutorial/py_env/lib/python3.12/site-packages/airflow/example_dags/example_sla_dag.py
[2024-09-01T00:38:15.607+0530] {logging_mixin.py:190} INFO - [2024-09-01T00:38:15.607+0530] {dag.py:3211} INFO - Sync 1 DAGs
[2024-09-01T00:38:15.614+0530] {logging_mixin.py:190} INFO - [2024-09-01T00:38:15.614+0530] {dag.py:4138} INFO - Setting next_dagrun for example_sla_dag to 2024-08-31 19:06:00+00:00, run_after=2024-08-31 19:08:00+00:00
[2024-09-01T00:38:15.621+0530] {processor.py:208} INFO - Processing /Users/ravipal/Desktop/Workspace/airflow_tutorial/py_env/lib/python3.12/site-packages/airflow/example_dags/example_sla_dag.py took 0.064 seconds
[2024-09-01T00:40:19.977+0530] {processor.py:186} INFO - Started process (PID=2661) to work on /Users/ravipal/Desktop/Workspace/airflow_tutorial/py_env/lib/python3.12/site-packages/airflow/example_dags/example_sla_dag.py
[2024-09-01T00:40:19.978+0530] {processor.py:914} INFO - Processing file /Users/ravipal/Desktop/Workspace/airflow_tutorial/py_env/lib/python3.12/site-packages/airflow/example_dags/example_sla_dag.py for tasks to queue
[2024-09-01T00:40:19.978+0530] {logging_mixin.py:190} INFO - [2024-09-01T00:40:19.978+0530] {dagbag.py:587} INFO - Filling up the DagBag from /Users/ravipal/Desktop/Workspace/airflow_tutorial/py_env/lib/python3.12/site-packages/airflow/example_dags/example_sla_dag.py
[2024-09-01T00:40:19.995+0530] {processor.py:925} INFO - DAG(s) 'example_sla_dag' retrieved from /Users/ravipal/Desktop/Workspace/airflow_tutorial/py_env/lib/python3.12/site-packages/airflow/example_dags/example_sla_dag.py
[2024-09-01T00:40:20.031+0530] {logging_mixin.py:190} INFO - [2024-09-01T00:40:20.030+0530] {dag.py:3211} INFO - Sync 1 DAGs
[2024-09-01T00:40:20.038+0530] {logging_mixin.py:190} INFO - [2024-09-01T00:40:20.038+0530] {dag.py:4138} INFO - Setting next_dagrun for example_sla_dag to 2024-08-31 19:08:00+00:00, run_after=2024-08-31 19:10:00+00:00
[2024-09-01T00:40:20.046+0530] {processor.py:208} INFO - Processing /Users/ravipal/Desktop/Workspace/airflow_tutorial/py_env/lib/python3.12/site-packages/airflow/example_dags/example_sla_dag.py took 0.071 seconds
[2024-09-01T00:41:26.441+0530] {processor.py:186} INFO - Started process (PID=2727) to work on /Users/ravipal/Desktop/Workspace/airflow_tutorial/py_env/lib/python3.12/site-packages/airflow/example_dags/example_sla_dag.py
[2024-09-01T00:41:26.442+0530] {processor.py:914} INFO - Processing file /Users/ravipal/Desktop/Workspace/airflow_tutorial/py_env/lib/python3.12/site-packages/airflow/example_dags/example_sla_dag.py for tasks to queue
[2024-09-01T00:41:26.442+0530] {logging_mixin.py:190} INFO - [2024-09-01T00:41:26.442+0530] {dagbag.py:587} INFO - Filling up the DagBag from /Users/ravipal/Desktop/Workspace/airflow_tutorial/py_env/lib/python3.12/site-packages/airflow/example_dags/example_sla_dag.py
[2024-09-01T00:41:26.458+0530] {processor.py:925} INFO - DAG(s) 'example_sla_dag' retrieved from /Users/ravipal/Desktop/Workspace/airflow_tutorial/py_env/lib/python3.12/site-packages/airflow/example_dags/example_sla_dag.py
[2024-09-01T00:41:26.490+0530] {logging_mixin.py:190} INFO - [2024-09-01T00:41:26.490+0530] {dag.py:3211} INFO - Sync 1 DAGs
[2024-09-01T00:41:26.497+0530] {logging_mixin.py:190} INFO - [2024-09-01T00:41:26.497+0530] {dag.py:4138} INFO - Setting next_dagrun for example_sla_dag to 2024-08-31 19:08:00+00:00, run_after=2024-08-31 19:10:00+00:00
[2024-09-01T00:41:26.503+0530] {processor.py:208} INFO - Processing /Users/ravipal/Desktop/Workspace/airflow_tutorial/py_env/lib/python3.12/site-packages/airflow/example_dags/example_sla_dag.py took 0.064 seconds
[2024-09-01T00:42:33.032+0530] {processor.py:186} INFO - Started process (PID=2793) to work on /Users/ravipal/Desktop/Workspace/airflow_tutorial/py_env/lib/python3.12/site-packages/airflow/example_dags/example_sla_dag.py
[2024-09-01T00:42:33.033+0530] {processor.py:914} INFO - Processing file /Users/ravipal/Desktop/Workspace/airflow_tutorial/py_env/lib/python3.12/site-packages/airflow/example_dags/example_sla_dag.py for tasks to queue
[2024-09-01T00:42:33.033+0530] {logging_mixin.py:190} INFO - [2024-09-01T00:42:33.033+0530] {dagbag.py:587} INFO - Filling up the DagBag from /Users/ravipal/Desktop/Workspace/airflow_tutorial/py_env/lib/python3.12/site-packages/airflow/example_dags/example_sla_dag.py
[2024-09-01T00:42:33.049+0530] {processor.py:925} INFO - DAG(s) 'example_sla_dag' retrieved from /Users/ravipal/Desktop/Workspace/airflow_tutorial/py_env/lib/python3.12/site-packages/airflow/example_dags/example_sla_dag.py
[2024-09-01T00:42:33.082+0530] {logging_mixin.py:190} INFO - [2024-09-01T00:42:33.082+0530] {dag.py:3211} INFO - Sync 1 DAGs
[2024-09-01T00:42:33.089+0530] {logging_mixin.py:190} INFO - [2024-09-01T00:42:33.089+0530] {dag.py:4138} INFO - Setting next_dagrun for example_sla_dag to 2024-08-31 19:10:00+00:00, run_after=2024-08-31 19:12:00+00:00
[2024-09-01T00:42:33.096+0530] {processor.py:208} INFO - Processing /Users/ravipal/Desktop/Workspace/airflow_tutorial/py_env/lib/python3.12/site-packages/airflow/example_dags/example_sla_dag.py took 0.065 seconds
[2024-09-01T00:43:39.820+0530] {processor.py:186} INFO - Started process (PID=2857) to work on /Users/ravipal/Desktop/Workspace/airflow_tutorial/py_env/lib/python3.12/site-packages/airflow/example_dags/example_sla_dag.py
[2024-09-01T00:43:39.821+0530] {processor.py:914} INFO - Processing file /Users/ravipal/Desktop/Workspace/airflow_tutorial/py_env/lib/python3.12/site-packages/airflow/example_dags/example_sla_dag.py for tasks to queue
[2024-09-01T00:43:39.821+0530] {logging_mixin.py:190} INFO - [2024-09-01T00:43:39.821+0530] {dagbag.py:587} INFO - Filling up the DagBag from /Users/ravipal/Desktop/Workspace/airflow_tutorial/py_env/lib/python3.12/site-packages/airflow/example_dags/example_sla_dag.py
[2024-09-01T00:43:39.837+0530] {processor.py:925} INFO - DAG(s) 'example_sla_dag' retrieved from /Users/ravipal/Desktop/Workspace/airflow_tutorial/py_env/lib/python3.12/site-packages/airflow/example_dags/example_sla_dag.py
[2024-09-01T00:43:39.870+0530] {logging_mixin.py:190} INFO - [2024-09-01T00:43:39.870+0530] {dag.py:3211} INFO - Sync 1 DAGs
[2024-09-01T00:43:39.877+0530] {logging_mixin.py:190} INFO - [2024-09-01T00:43:39.877+0530] {dag.py:4138} INFO - Setting next_dagrun for example_sla_dag to 2024-08-31 19:10:00+00:00, run_after=2024-08-31 19:12:00+00:00
[2024-09-01T00:43:39.884+0530] {processor.py:208} INFO - Processing /Users/ravipal/Desktop/Workspace/airflow_tutorial/py_env/lib/python3.12/site-packages/airflow/example_dags/example_sla_dag.py took 0.065 seconds
[2024-09-01T00:44:48.153+0530] {processor.py:186} INFO - Started process (PID=2926) to work on /Users/ravipal/Desktop/Workspace/airflow_tutorial/py_env/lib/python3.12/site-packages/airflow/example_dags/example_sla_dag.py
[2024-09-01T00:44:48.153+0530] {processor.py:914} INFO - Processing file /Users/ravipal/Desktop/Workspace/airflow_tutorial/py_env/lib/python3.12/site-packages/airflow/example_dags/example_sla_dag.py for tasks to queue
[2024-09-01T00:44:48.154+0530] {logging_mixin.py:190} INFO - [2024-09-01T00:44:48.154+0530] {dagbag.py:587} INFO - Filling up the DagBag from /Users/ravipal/Desktop/Workspace/airflow_tutorial/py_env/lib/python3.12/site-packages/airflow/example_dags/example_sla_dag.py
[2024-09-01T00:44:48.170+0530] {processor.py:925} INFO - DAG(s) 'example_sla_dag' retrieved from /Users/ravipal/Desktop/Workspace/airflow_tutorial/py_env/lib/python3.12/site-packages/airflow/example_dags/example_sla_dag.py
[2024-09-01T00:44:48.203+0530] {logging_mixin.py:190} INFO - [2024-09-01T00:44:48.203+0530] {dag.py:3211} INFO - Sync 1 DAGs
[2024-09-01T00:44:48.210+0530] {logging_mixin.py:190} INFO - [2024-09-01T00:44:48.209+0530] {dag.py:4138} INFO - Setting next_dagrun for example_sla_dag to 2024-08-31 19:12:00+00:00, run_after=2024-08-31 19:14:00+00:00
[2024-09-01T00:44:48.216+0530] {processor.py:208} INFO - Processing /Users/ravipal/Desktop/Workspace/airflow_tutorial/py_env/lib/python3.12/site-packages/airflow/example_dags/example_sla_dag.py took 0.065 seconds
[2024-09-01T00:45:53.870+0530] {processor.py:186} INFO - Started process (PID=2992) to work on /Users/ravipal/Desktop/Workspace/airflow_tutorial/py_env/lib/python3.12/site-packages/airflow/example_dags/example_sla_dag.py
[2024-09-01T00:45:53.871+0530] {processor.py:914} INFO - Processing file /Users/ravipal/Desktop/Workspace/airflow_tutorial/py_env/lib/python3.12/site-packages/airflow/example_dags/example_sla_dag.py for tasks to queue
[2024-09-01T00:45:53.871+0530] {logging_mixin.py:190} INFO - [2024-09-01T00:45:53.871+0530] {dagbag.py:587} INFO - Filling up the DagBag from /Users/ravipal/Desktop/Workspace/airflow_tutorial/py_env/lib/python3.12/site-packages/airflow/example_dags/example_sla_dag.py
[2024-09-01T00:45:53.887+0530] {processor.py:925} INFO - DAG(s) 'example_sla_dag' retrieved from /Users/ravipal/Desktop/Workspace/airflow_tutorial/py_env/lib/python3.12/site-packages/airflow/example_dags/example_sla_dag.py
[2024-09-01T00:45:53.920+0530] {logging_mixin.py:190} INFO - [2024-09-01T00:45:53.919+0530] {dag.py:3211} INFO - Sync 1 DAGs
[2024-09-01T00:45:53.926+0530] {logging_mixin.py:190} INFO - [2024-09-01T00:45:53.926+0530] {dag.py:4138} INFO - Setting next_dagrun for example_sla_dag to 2024-08-31 19:12:00+00:00, run_after=2024-08-31 19:14:00+00:00
[2024-09-01T00:45:53.933+0530] {processor.py:208} INFO - Processing /Users/ravipal/Desktop/Workspace/airflow_tutorial/py_env/lib/python3.12/site-packages/airflow/example_dags/example_sla_dag.py took 0.065 seconds
[2024-09-01T00:47:02.476+0530] {processor.py:186} INFO - Started process (PID=3059) to work on /Users/ravipal/Desktop/Workspace/airflow_tutorial/py_env/lib/python3.12/site-packages/airflow/example_dags/example_sla_dag.py
[2024-09-01T00:47:02.477+0530] {processor.py:914} INFO - Processing file /Users/ravipal/Desktop/Workspace/airflow_tutorial/py_env/lib/python3.12/site-packages/airflow/example_dags/example_sla_dag.py for tasks to queue
[2024-09-01T00:47:02.477+0530] {logging_mixin.py:190} INFO - [2024-09-01T00:47:02.477+0530] {dagbag.py:587} INFO - Filling up the DagBag from /Users/ravipal/Desktop/Workspace/airflow_tutorial/py_env/lib/python3.12/site-packages/airflow/example_dags/example_sla_dag.py
[2024-09-01T00:47:02.493+0530] {processor.py:925} INFO - DAG(s) 'example_sla_dag' retrieved from /Users/ravipal/Desktop/Workspace/airflow_tutorial/py_env/lib/python3.12/site-packages/airflow/example_dags/example_sla_dag.py
[2024-09-01T00:47:02.525+0530] {logging_mixin.py:190} INFO - [2024-09-01T00:47:02.525+0530] {dag.py:3211} INFO - Sync 1 DAGs
[2024-09-01T00:47:02.532+0530] {logging_mixin.py:190} INFO - [2024-09-01T00:47:02.532+0530] {dag.py:4138} INFO - Setting next_dagrun for example_sla_dag to 2024-08-31 19:14:00+00:00, run_after=2024-08-31 19:16:00+00:00
[2024-09-01T00:47:02.539+0530] {processor.py:208} INFO - Processing /Users/ravipal/Desktop/Workspace/airflow_tutorial/py_env/lib/python3.12/site-packages/airflow/example_dags/example_sla_dag.py took 0.065 seconds
[2024-09-01T00:48:05.132+0530] {processor.py:186} INFO - Started process (PID=3123) to work on /Users/ravipal/Desktop/Workspace/airflow_tutorial/py_env/lib/python3.12/site-packages/airflow/example_dags/example_sla_dag.py
[2024-09-01T00:48:05.133+0530] {processor.py:914} INFO - Processing file /Users/ravipal/Desktop/Workspace/airflow_tutorial/py_env/lib/python3.12/site-packages/airflow/example_dags/example_sla_dag.py for tasks to queue
[2024-09-01T00:48:05.133+0530] {logging_mixin.py:190} INFO - [2024-09-01T00:48:05.133+0530] {dagbag.py:587} INFO - Filling up the DagBag from /Users/ravipal/Desktop/Workspace/airflow_tutorial/py_env/lib/python3.12/site-packages/airflow/example_dags/example_sla_dag.py
[2024-09-01T00:48:05.149+0530] {processor.py:925} INFO - DAG(s) 'example_sla_dag' retrieved from /Users/ravipal/Desktop/Workspace/airflow_tutorial/py_env/lib/python3.12/site-packages/airflow/example_dags/example_sla_dag.py
[2024-09-01T00:48:05.182+0530] {logging_mixin.py:190} INFO - [2024-09-01T00:48:05.181+0530] {dag.py:3211} INFO - Sync 1 DAGs
[2024-09-01T00:48:05.189+0530] {logging_mixin.py:190} INFO - [2024-09-01T00:48:05.188+0530] {dag.py:4138} INFO - Setting next_dagrun for example_sla_dag to 2024-08-31 19:16:00+00:00, run_after=2024-08-31 19:18:00+00:00
[2024-09-01T00:48:05.195+0530] {processor.py:208} INFO - Processing /Users/ravipal/Desktop/Workspace/airflow_tutorial/py_env/lib/python3.12/site-packages/airflow/example_dags/example_sla_dag.py took 0.065 seconds
[2024-09-01T00:49:08.175+0530] {processor.py:186} INFO - Started process (PID=3189) to work on /Users/ravipal/Desktop/Workspace/airflow_tutorial/py_env/lib/python3.12/site-packages/airflow/example_dags/example_sla_dag.py
[2024-09-01T00:49:08.176+0530] {processor.py:914} INFO - Processing file /Users/ravipal/Desktop/Workspace/airflow_tutorial/py_env/lib/python3.12/site-packages/airflow/example_dags/example_sla_dag.py for tasks to queue
[2024-09-01T00:49:08.176+0530] {logging_mixin.py:190} INFO - [2024-09-01T00:49:08.176+0530] {dagbag.py:587} INFO - Filling up the DagBag from /Users/ravipal/Desktop/Workspace/airflow_tutorial/py_env/lib/python3.12/site-packages/airflow/example_dags/example_sla_dag.py
[2024-09-01T00:49:08.192+0530] {processor.py:925} INFO - DAG(s) 'example_sla_dag' retrieved from /Users/ravipal/Desktop/Workspace/airflow_tutorial/py_env/lib/python3.12/site-packages/airflow/example_dags/example_sla_dag.py
[2024-09-01T00:49:08.225+0530] {logging_mixin.py:190} INFO - [2024-09-01T00:49:08.225+0530] {dag.py:3211} INFO - Sync 1 DAGs
[2024-09-01T00:49:08.232+0530] {logging_mixin.py:190} INFO - [2024-09-01T00:49:08.232+0530] {dag.py:4138} INFO - Setting next_dagrun for example_sla_dag to 2024-08-31 19:16:00+00:00, run_after=2024-08-31 19:18:00+00:00
[2024-09-01T00:49:08.238+0530] {processor.py:208} INFO - Processing /Users/ravipal/Desktop/Workspace/airflow_tutorial/py_env/lib/python3.12/site-packages/airflow/example_dags/example_sla_dag.py took 0.065 seconds
[2024-09-01T00:50:13.829+0530] {processor.py:186} INFO - Started process (PID=3272) to work on /Users/ravipal/Desktop/Workspace/airflow_tutorial/py_env/lib/python3.12/site-packages/airflow/example_dags/example_sla_dag.py
[2024-09-01T00:50:13.830+0530] {processor.py:914} INFO - Processing file /Users/ravipal/Desktop/Workspace/airflow_tutorial/py_env/lib/python3.12/site-packages/airflow/example_dags/example_sla_dag.py for tasks to queue
[2024-09-01T00:50:13.831+0530] {logging_mixin.py:190} INFO - [2024-09-01T00:50:13.831+0530] {dagbag.py:587} INFO - Filling up the DagBag from /Users/ravipal/Desktop/Workspace/airflow_tutorial/py_env/lib/python3.12/site-packages/airflow/example_dags/example_sla_dag.py
[2024-09-01T00:50:13.849+0530] {processor.py:925} INFO - DAG(s) 'example_sla_dag' retrieved from /Users/ravipal/Desktop/Workspace/airflow_tutorial/py_env/lib/python3.12/site-packages/airflow/example_dags/example_sla_dag.py
[2024-09-01T00:50:13.882+0530] {logging_mixin.py:190} INFO - [2024-09-01T00:50:13.882+0530] {dag.py:3211} INFO - Sync 1 DAGs
[2024-09-01T00:50:13.890+0530] {logging_mixin.py:190} INFO - [2024-09-01T00:50:13.890+0530] {dag.py:4138} INFO - Setting next_dagrun for example_sla_dag to 2024-08-31 19:18:00+00:00, run_after=2024-08-31 19:20:00+00:00
[2024-09-01T00:50:13.897+0530] {processor.py:208} INFO - Processing /Users/ravipal/Desktop/Workspace/airflow_tutorial/py_env/lib/python3.12/site-packages/airflow/example_dags/example_sla_dag.py took 0.072 seconds
[2024-09-01T00:51:22.562+0530] {processor.py:186} INFO - Started process (PID=3347) to work on /Users/ravipal/Desktop/Workspace/airflow_tutorial/py_env/lib/python3.12/site-packages/airflow/example_dags/example_sla_dag.py
[2024-09-01T00:51:22.564+0530] {processor.py:914} INFO - Processing file /Users/ravipal/Desktop/Workspace/airflow_tutorial/py_env/lib/python3.12/site-packages/airflow/example_dags/example_sla_dag.py for tasks to queue
[2024-09-01T00:51:22.564+0530] {logging_mixin.py:190} INFO - [2024-09-01T00:51:22.564+0530] {dagbag.py:587} INFO - Filling up the DagBag from /Users/ravipal/Desktop/Workspace/airflow_tutorial/py_env/lib/python3.12/site-packages/airflow/example_dags/example_sla_dag.py
[2024-09-01T00:51:22.579+0530] {processor.py:925} INFO - DAG(s) 'example_sla_dag' retrieved from /Users/ravipal/Desktop/Workspace/airflow_tutorial/py_env/lib/python3.12/site-packages/airflow/example_dags/example_sla_dag.py
[2024-09-01T00:51:22.611+0530] {logging_mixin.py:190} INFO - [2024-09-01T00:51:22.611+0530] {dag.py:3211} INFO - Sync 1 DAGs
[2024-09-01T00:51:22.619+0530] {logging_mixin.py:190} INFO - [2024-09-01T00:51:22.619+0530] {dag.py:4138} INFO - Setting next_dagrun for example_sla_dag to 2024-08-31 19:18:00+00:00, run_after=2024-08-31 19:20:00+00:00
[2024-09-01T00:51:22.625+0530] {processor.py:208} INFO - Processing /Users/ravipal/Desktop/Workspace/airflow_tutorial/py_env/lib/python3.12/site-packages/airflow/example_dags/example_sla_dag.py took 0.064 seconds
[2024-09-01T00:52:29.520+0530] {processor.py:186} INFO - Started process (PID=3413) to work on /Users/ravipal/Desktop/Workspace/airflow_tutorial/py_env/lib/python3.12/site-packages/airflow/example_dags/example_sla_dag.py
[2024-09-01T00:52:29.521+0530] {processor.py:914} INFO - Processing file /Users/ravipal/Desktop/Workspace/airflow_tutorial/py_env/lib/python3.12/site-packages/airflow/example_dags/example_sla_dag.py for tasks to queue
[2024-09-01T00:52:29.521+0530] {logging_mixin.py:190} INFO - [2024-09-01T00:52:29.521+0530] {dagbag.py:587} INFO - Filling up the DagBag from /Users/ravipal/Desktop/Workspace/airflow_tutorial/py_env/lib/python3.12/site-packages/airflow/example_dags/example_sla_dag.py
[2024-09-01T00:52:29.537+0530] {processor.py:925} INFO - DAG(s) 'example_sla_dag' retrieved from /Users/ravipal/Desktop/Workspace/airflow_tutorial/py_env/lib/python3.12/site-packages/airflow/example_dags/example_sla_dag.py
[2024-09-01T00:52:29.570+0530] {logging_mixin.py:190} INFO - [2024-09-01T00:52:29.569+0530] {dag.py:3211} INFO - Sync 1 DAGs
[2024-09-01T00:52:29.576+0530] {logging_mixin.py:190} INFO - [2024-09-01T00:52:29.576+0530] {dag.py:4138} INFO - Setting next_dagrun for example_sla_dag to 2024-08-31 19:20:00+00:00, run_after=2024-08-31 19:22:00+00:00
[2024-09-01T00:52:29.583+0530] {processor.py:208} INFO - Processing /Users/ravipal/Desktop/Workspace/airflow_tutorial/py_env/lib/python3.12/site-packages/airflow/example_dags/example_sla_dag.py took 0.065 seconds
[2024-09-01T00:53:35.405+0530] {processor.py:186} INFO - Started process (PID=3479) to work on /Users/ravipal/Desktop/Workspace/airflow_tutorial/py_env/lib/python3.12/site-packages/airflow/example_dags/example_sla_dag.py
[2024-09-01T00:53:35.405+0530] {processor.py:914} INFO - Processing file /Users/ravipal/Desktop/Workspace/airflow_tutorial/py_env/lib/python3.12/site-packages/airflow/example_dags/example_sla_dag.py for tasks to queue
[2024-09-01T00:53:35.406+0530] {logging_mixin.py:190} INFO - [2024-09-01T00:53:35.405+0530] {dagbag.py:587} INFO - Filling up the DagBag from /Users/ravipal/Desktop/Workspace/airflow_tutorial/py_env/lib/python3.12/site-packages/airflow/example_dags/example_sla_dag.py
[2024-09-01T00:53:35.421+0530] {processor.py:925} INFO - DAG(s) 'example_sla_dag' retrieved from /Users/ravipal/Desktop/Workspace/airflow_tutorial/py_env/lib/python3.12/site-packages/airflow/example_dags/example_sla_dag.py
[2024-09-01T00:53:35.453+0530] {logging_mixin.py:190} INFO - [2024-09-01T00:53:35.453+0530] {dag.py:3211} INFO - Sync 1 DAGs
[2024-09-01T00:53:35.460+0530] {logging_mixin.py:190} INFO - [2024-09-01T00:53:35.460+0530] {dag.py:4138} INFO - Setting next_dagrun for example_sla_dag to 2024-08-31 19:20:00+00:00, run_after=2024-08-31 19:22:00+00:00
[2024-09-01T00:53:35.467+0530] {processor.py:208} INFO - Processing /Users/ravipal/Desktop/Workspace/airflow_tutorial/py_env/lib/python3.12/site-packages/airflow/example_dags/example_sla_dag.py took 0.064 seconds
[2024-09-01T00:54:42.183+0530] {processor.py:186} INFO - Started process (PID=3546) to work on /Users/ravipal/Desktop/Workspace/airflow_tutorial/py_env/lib/python3.12/site-packages/airflow/example_dags/example_sla_dag.py
[2024-09-01T00:54:42.183+0530] {processor.py:914} INFO - Processing file /Users/ravipal/Desktop/Workspace/airflow_tutorial/py_env/lib/python3.12/site-packages/airflow/example_dags/example_sla_dag.py for tasks to queue
[2024-09-01T00:54:42.183+0530] {logging_mixin.py:190} INFO - [2024-09-01T00:54:42.183+0530] {dagbag.py:587} INFO - Filling up the DagBag from /Users/ravipal/Desktop/Workspace/airflow_tutorial/py_env/lib/python3.12/site-packages/airflow/example_dags/example_sla_dag.py
[2024-09-01T00:54:42.199+0530] {processor.py:925} INFO - DAG(s) 'example_sla_dag' retrieved from /Users/ravipal/Desktop/Workspace/airflow_tutorial/py_env/lib/python3.12/site-packages/airflow/example_dags/example_sla_dag.py
[2024-09-01T00:54:42.231+0530] {logging_mixin.py:190} INFO - [2024-09-01T00:54:42.231+0530] {dag.py:3211} INFO - Sync 1 DAGs
[2024-09-01T00:54:42.238+0530] {logging_mixin.py:190} INFO - [2024-09-01T00:54:42.238+0530] {dag.py:4138} INFO - Setting next_dagrun for example_sla_dag to 2024-08-31 19:22:00+00:00, run_after=2024-08-31 19:24:00+00:00
[2024-09-01T00:54:42.245+0530] {processor.py:208} INFO - Processing /Users/ravipal/Desktop/Workspace/airflow_tutorial/py_env/lib/python3.12/site-packages/airflow/example_dags/example_sla_dag.py took 0.065 seconds
[2024-09-01T00:55:47.736+0530] {processor.py:186} INFO - Started process (PID=3613) to work on /Users/ravipal/Desktop/Workspace/airflow_tutorial/py_env/lib/python3.12/site-packages/airflow/example_dags/example_sla_dag.py
[2024-09-01T00:55:47.736+0530] {processor.py:914} INFO - Processing file /Users/ravipal/Desktop/Workspace/airflow_tutorial/py_env/lib/python3.12/site-packages/airflow/example_dags/example_sla_dag.py for tasks to queue
[2024-09-01T00:55:47.736+0530] {logging_mixin.py:190} INFO - [2024-09-01T00:55:47.736+0530] {dagbag.py:587} INFO - Filling up the DagBag from /Users/ravipal/Desktop/Workspace/airflow_tutorial/py_env/lib/python3.12/site-packages/airflow/example_dags/example_sla_dag.py
[2024-09-01T00:55:47.752+0530] {processor.py:925} INFO - DAG(s) 'example_sla_dag' retrieved from /Users/ravipal/Desktop/Workspace/airflow_tutorial/py_env/lib/python3.12/site-packages/airflow/example_dags/example_sla_dag.py
[2024-09-01T00:55:47.785+0530] {logging_mixin.py:190} INFO - [2024-09-01T00:55:47.785+0530] {dag.py:3211} INFO - Sync 1 DAGs
[2024-09-01T00:55:47.792+0530] {logging_mixin.py:190} INFO - [2024-09-01T00:55:47.792+0530] {dag.py:4138} INFO - Setting next_dagrun for example_sla_dag to 2024-08-31 19:22:00+00:00, run_after=2024-08-31 19:24:00+00:00
[2024-09-01T00:55:47.799+0530] {processor.py:208} INFO - Processing /Users/ravipal/Desktop/Workspace/airflow_tutorial/py_env/lib/python3.12/site-packages/airflow/example_dags/example_sla_dag.py took 0.065 seconds
[2024-09-01T00:56:50.631+0530] {processor.py:186} INFO - Started process (PID=3674) to work on /Users/ravipal/Desktop/Workspace/airflow_tutorial/py_env/lib/python3.12/site-packages/airflow/example_dags/example_sla_dag.py
[2024-09-01T00:56:50.631+0530] {processor.py:914} INFO - Processing file /Users/ravipal/Desktop/Workspace/airflow_tutorial/py_env/lib/python3.12/site-packages/airflow/example_dags/example_sla_dag.py for tasks to queue
[2024-09-01T00:56:50.632+0530] {logging_mixin.py:190} INFO - [2024-09-01T00:56:50.631+0530] {dagbag.py:587} INFO - Filling up the DagBag from /Users/ravipal/Desktop/Workspace/airflow_tutorial/py_env/lib/python3.12/site-packages/airflow/example_dags/example_sla_dag.py
[2024-09-01T00:56:50.647+0530] {processor.py:925} INFO - DAG(s) 'example_sla_dag' retrieved from /Users/ravipal/Desktop/Workspace/airflow_tutorial/py_env/lib/python3.12/site-packages/airflow/example_dags/example_sla_dag.py
[2024-09-01T00:56:50.680+0530] {logging_mixin.py:190} INFO - [2024-09-01T00:56:50.680+0530] {dag.py:3211} INFO - Sync 1 DAGs
[2024-09-01T00:56:50.687+0530] {logging_mixin.py:190} INFO - [2024-09-01T00:56:50.687+0530] {dag.py:4138} INFO - Setting next_dagrun for example_sla_dag to 2024-08-31 19:24:00+00:00, run_after=2024-08-31 19:26:00+00:00
[2024-09-01T00:56:50.693+0530] {processor.py:208} INFO - Processing /Users/ravipal/Desktop/Workspace/airflow_tutorial/py_env/lib/python3.12/site-packages/airflow/example_dags/example_sla_dag.py took 0.065 seconds
[2024-09-01T00:57:57.176+0530] {processor.py:186} INFO - Started process (PID=3741) to work on /Users/ravipal/Desktop/Workspace/airflow_tutorial/py_env/lib/python3.12/site-packages/airflow/example_dags/example_sla_dag.py
[2024-09-01T00:57:57.177+0530] {processor.py:914} INFO - Processing file /Users/ravipal/Desktop/Workspace/airflow_tutorial/py_env/lib/python3.12/site-packages/airflow/example_dags/example_sla_dag.py for tasks to queue
[2024-09-01T00:57:57.177+0530] {logging_mixin.py:190} INFO - [2024-09-01T00:57:57.177+0530] {dagbag.py:587} INFO - Filling up the DagBag from /Users/ravipal/Desktop/Workspace/airflow_tutorial/py_env/lib/python3.12/site-packages/airflow/example_dags/example_sla_dag.py
[2024-09-01T00:57:57.193+0530] {processor.py:925} INFO - DAG(s) 'example_sla_dag' retrieved from /Users/ravipal/Desktop/Workspace/airflow_tutorial/py_env/lib/python3.12/site-packages/airflow/example_dags/example_sla_dag.py
[2024-09-01T00:57:57.225+0530] {logging_mixin.py:190} INFO - [2024-09-01T00:57:57.225+0530] {dag.py:3211} INFO - Sync 1 DAGs
[2024-09-01T00:57:57.232+0530] {logging_mixin.py:190} INFO - [2024-09-01T00:57:57.232+0530] {dag.py:4138} INFO - Setting next_dagrun for example_sla_dag to 2024-08-31 19:24:00+00:00, run_after=2024-08-31 19:26:00+00:00
[2024-09-01T00:57:57.238+0530] {processor.py:208} INFO - Processing /Users/ravipal/Desktop/Workspace/airflow_tutorial/py_env/lib/python3.12/site-packages/airflow/example_dags/example_sla_dag.py took 0.064 seconds
[2024-09-01T00:59:02.212+0530] {processor.py:186} INFO - Started process (PID=3807) to work on /Users/ravipal/Desktop/Workspace/airflow_tutorial/py_env/lib/python3.12/site-packages/airflow/example_dags/example_sla_dag.py
[2024-09-01T00:59:02.213+0530] {processor.py:914} INFO - Processing file /Users/ravipal/Desktop/Workspace/airflow_tutorial/py_env/lib/python3.12/site-packages/airflow/example_dags/example_sla_dag.py for tasks to queue
[2024-09-01T00:59:02.213+0530] {logging_mixin.py:190} INFO - [2024-09-01T00:59:02.213+0530] {dagbag.py:587} INFO - Filling up the DagBag from /Users/ravipal/Desktop/Workspace/airflow_tutorial/py_env/lib/python3.12/site-packages/airflow/example_dags/example_sla_dag.py
[2024-09-01T00:59:02.229+0530] {processor.py:925} INFO - DAG(s) 'example_sla_dag' retrieved from /Users/ravipal/Desktop/Workspace/airflow_tutorial/py_env/lib/python3.12/site-packages/airflow/example_dags/example_sla_dag.py
[2024-09-01T00:59:02.261+0530] {logging_mixin.py:190} INFO - [2024-09-01T00:59:02.261+0530] {dag.py:3211} INFO - Sync 1 DAGs
[2024-09-01T00:59:02.268+0530] {logging_mixin.py:190} INFO - [2024-09-01T00:59:02.268+0530] {dag.py:4138} INFO - Setting next_dagrun for example_sla_dag to 2024-08-31 19:26:00+00:00, run_after=2024-08-31 19:28:00+00:00
[2024-09-01T00:59:02.275+0530] {processor.py:208} INFO - Processing /Users/ravipal/Desktop/Workspace/airflow_tutorial/py_env/lib/python3.12/site-packages/airflow/example_dags/example_sla_dag.py took 0.064 seconds
[2024-09-01T01:00:09.132+0530] {processor.py:186} INFO - Started process (PID=3873) to work on /Users/ravipal/Desktop/Workspace/airflow_tutorial/py_env/lib/python3.12/site-packages/airflow/example_dags/example_sla_dag.py
[2024-09-01T01:00:09.132+0530] {processor.py:914} INFO - Processing file /Users/ravipal/Desktop/Workspace/airflow_tutorial/py_env/lib/python3.12/site-packages/airflow/example_dags/example_sla_dag.py for tasks to queue
[2024-09-01T01:00:09.133+0530] {logging_mixin.py:190} INFO - [2024-09-01T01:00:09.133+0530] {dagbag.py:587} INFO - Filling up the DagBag from /Users/ravipal/Desktop/Workspace/airflow_tutorial/py_env/lib/python3.12/site-packages/airflow/example_dags/example_sla_dag.py
[2024-09-01T01:00:09.149+0530] {processor.py:925} INFO - DAG(s) 'example_sla_dag' retrieved from /Users/ravipal/Desktop/Workspace/airflow_tutorial/py_env/lib/python3.12/site-packages/airflow/example_dags/example_sla_dag.py
[2024-09-01T01:00:09.181+0530] {logging_mixin.py:190} INFO - [2024-09-01T01:00:09.181+0530] {dag.py:3211} INFO - Sync 1 DAGs
[2024-09-01T01:00:09.188+0530] {logging_mixin.py:190} INFO - [2024-09-01T01:00:09.188+0530] {dag.py:4138} INFO - Setting next_dagrun for example_sla_dag to 2024-08-31 19:28:00+00:00, run_after=2024-08-31 19:30:00+00:00
[2024-09-01T01:00:09.195+0530] {processor.py:208} INFO - Processing /Users/ravipal/Desktop/Workspace/airflow_tutorial/py_env/lib/python3.12/site-packages/airflow/example_dags/example_sla_dag.py took 0.065 seconds
[2024-09-01T01:01:12.247+0530] {processor.py:186} INFO - Started process (PID=3935) to work on /Users/ravipal/Desktop/Workspace/airflow_tutorial/py_env/lib/python3.12/site-packages/airflow/example_dags/example_sla_dag.py
[2024-09-01T01:01:12.247+0530] {processor.py:914} INFO - Processing file /Users/ravipal/Desktop/Workspace/airflow_tutorial/py_env/lib/python3.12/site-packages/airflow/example_dags/example_sla_dag.py for tasks to queue
[2024-09-01T01:01:12.248+0530] {logging_mixin.py:190} INFO - [2024-09-01T01:01:12.247+0530] {dagbag.py:587} INFO - Filling up the DagBag from /Users/ravipal/Desktop/Workspace/airflow_tutorial/py_env/lib/python3.12/site-packages/airflow/example_dags/example_sla_dag.py
[2024-09-01T01:01:12.263+0530] {processor.py:925} INFO - DAG(s) 'example_sla_dag' retrieved from /Users/ravipal/Desktop/Workspace/airflow_tutorial/py_env/lib/python3.12/site-packages/airflow/example_dags/example_sla_dag.py
[2024-09-01T01:01:12.298+0530] {logging_mixin.py:190} INFO - [2024-09-01T01:01:12.298+0530] {dag.py:3211} INFO - Sync 1 DAGs
[2024-09-01T01:01:12.305+0530] {logging_mixin.py:190} INFO - [2024-09-01T01:01:12.305+0530] {dag.py:4138} INFO - Setting next_dagrun for example_sla_dag to 2024-08-31 19:28:00+00:00, run_after=2024-08-31 19:30:00+00:00
[2024-09-01T01:01:12.312+0530] {processor.py:208} INFO - Processing /Users/ravipal/Desktop/Workspace/airflow_tutorial/py_env/lib/python3.12/site-packages/airflow/example_dags/example_sla_dag.py took 0.067 seconds
[2024-09-01T01:02:16.989+0530] {processor.py:186} INFO - Started process (PID=4000) to work on /Users/ravipal/Desktop/Workspace/airflow_tutorial/py_env/lib/python3.12/site-packages/airflow/example_dags/example_sla_dag.py
[2024-09-01T01:02:16.989+0530] {processor.py:914} INFO - Processing file /Users/ravipal/Desktop/Workspace/airflow_tutorial/py_env/lib/python3.12/site-packages/airflow/example_dags/example_sla_dag.py for tasks to queue
[2024-09-01T01:02:16.990+0530] {logging_mixin.py:190} INFO - [2024-09-01T01:02:16.990+0530] {dagbag.py:587} INFO - Filling up the DagBag from /Users/ravipal/Desktop/Workspace/airflow_tutorial/py_env/lib/python3.12/site-packages/airflow/example_dags/example_sla_dag.py
[2024-09-01T01:02:17.005+0530] {processor.py:925} INFO - DAG(s) 'example_sla_dag' retrieved from /Users/ravipal/Desktop/Workspace/airflow_tutorial/py_env/lib/python3.12/site-packages/airflow/example_dags/example_sla_dag.py
[2024-09-01T01:02:17.038+0530] {logging_mixin.py:190} INFO - [2024-09-01T01:02:17.037+0530] {dag.py:3211} INFO - Sync 1 DAGs
[2024-09-01T01:02:17.044+0530] {logging_mixin.py:190} INFO - [2024-09-01T01:02:17.044+0530] {dag.py:4138} INFO - Setting next_dagrun for example_sla_dag to 2024-08-31 19:30:00+00:00, run_after=2024-08-31 19:32:00+00:00
[2024-09-01T01:02:17.051+0530] {processor.py:208} INFO - Processing /Users/ravipal/Desktop/Workspace/airflow_tutorial/py_env/lib/python3.12/site-packages/airflow/example_dags/example_sla_dag.py took 0.064 seconds
[2024-09-01T01:04:22.741+0530] {processor.py:186} INFO - Started process (PID=4137) to work on /Users/ravipal/Desktop/Workspace/airflow_tutorial/py_env/lib/python3.12/site-packages/airflow/example_dags/example_sla_dag.py
[2024-09-01T01:04:22.741+0530] {processor.py:914} INFO - Processing file /Users/ravipal/Desktop/Workspace/airflow_tutorial/py_env/lib/python3.12/site-packages/airflow/example_dags/example_sla_dag.py for tasks to queue
[2024-09-01T01:04:22.742+0530] {logging_mixin.py:190} INFO - [2024-09-01T01:04:22.741+0530] {dagbag.py:587} INFO - Filling up the DagBag from /Users/ravipal/Desktop/Workspace/airflow_tutorial/py_env/lib/python3.12/site-packages/airflow/example_dags/example_sla_dag.py
[2024-09-01T01:04:22.758+0530] {processor.py:925} INFO - DAG(s) 'example_sla_dag' retrieved from /Users/ravipal/Desktop/Workspace/airflow_tutorial/py_env/lib/python3.12/site-packages/airflow/example_dags/example_sla_dag.py
[2024-09-01T01:04:22.790+0530] {logging_mixin.py:190} INFO - [2024-09-01T01:04:22.790+0530] {dag.py:3211} INFO - Sync 1 DAGs
[2024-09-01T01:04:22.798+0530] {logging_mixin.py:190} INFO - [2024-09-01T01:04:22.797+0530] {dag.py:4138} INFO - Setting next_dagrun for example_sla_dag to 2024-08-31 19:32:00+00:00, run_after=2024-08-31 19:34:00+00:00
[2024-09-01T01:04:22.804+0530] {processor.py:208} INFO - Processing /Users/ravipal/Desktop/Workspace/airflow_tutorial/py_env/lib/python3.12/site-packages/airflow/example_dags/example_sla_dag.py took 0.065 seconds
[2024-09-01T01:05:26.580+0530] {processor.py:186} INFO - Started process (PID=4222) to work on /Users/ravipal/Desktop/Workspace/airflow_tutorial/py_env/lib/python3.12/site-packages/airflow/example_dags/example_sla_dag.py
[2024-09-01T01:05:26.581+0530] {processor.py:914} INFO - Processing file /Users/ravipal/Desktop/Workspace/airflow_tutorial/py_env/lib/python3.12/site-packages/airflow/example_dags/example_sla_dag.py for tasks to queue
[2024-09-01T01:05:26.581+0530] {logging_mixin.py:190} INFO - [2024-09-01T01:05:26.581+0530] {dagbag.py:587} INFO - Filling up the DagBag from /Users/ravipal/Desktop/Workspace/airflow_tutorial/py_env/lib/python3.12/site-packages/airflow/example_dags/example_sla_dag.py
[2024-09-01T01:05:26.597+0530] {processor.py:925} INFO - DAG(s) 'example_sla_dag' retrieved from /Users/ravipal/Desktop/Workspace/airflow_tutorial/py_env/lib/python3.12/site-packages/airflow/example_dags/example_sla_dag.py
[2024-09-01T01:05:26.630+0530] {logging_mixin.py:190} INFO - [2024-09-01T01:05:26.629+0530] {dag.py:3211} INFO - Sync 1 DAGs
[2024-09-01T01:05:26.637+0530] {logging_mixin.py:190} INFO - [2024-09-01T01:05:26.637+0530] {dag.py:4138} INFO - Setting next_dagrun for example_sla_dag to 2024-08-31 19:32:00+00:00, run_after=2024-08-31 19:34:00+00:00
[2024-09-01T01:05:26.643+0530] {processor.py:208} INFO - Processing /Users/ravipal/Desktop/Workspace/airflow_tutorial/py_env/lib/python3.12/site-packages/airflow/example_dags/example_sla_dag.py took 0.065 seconds
[2024-09-01T01:06:30.488+0530] {processor.py:186} INFO - Started process (PID=4293) to work on /Users/ravipal/Desktop/Workspace/airflow_tutorial/py_env/lib/python3.12/site-packages/airflow/example_dags/example_sla_dag.py
[2024-09-01T01:06:30.489+0530] {processor.py:914} INFO - Processing file /Users/ravipal/Desktop/Workspace/airflow_tutorial/py_env/lib/python3.12/site-packages/airflow/example_dags/example_sla_dag.py for tasks to queue
[2024-09-01T01:06:30.489+0530] {logging_mixin.py:190} INFO - [2024-09-01T01:06:30.489+0530] {dagbag.py:587} INFO - Filling up the DagBag from /Users/ravipal/Desktop/Workspace/airflow_tutorial/py_env/lib/python3.12/site-packages/airflow/example_dags/example_sla_dag.py
[2024-09-01T01:06:30.505+0530] {processor.py:925} INFO - DAG(s) 'example_sla_dag' retrieved from /Users/ravipal/Desktop/Workspace/airflow_tutorial/py_env/lib/python3.12/site-packages/airflow/example_dags/example_sla_dag.py
[2024-09-01T01:06:30.537+0530] {logging_mixin.py:190} INFO - [2024-09-01T01:06:30.537+0530] {dag.py:3211} INFO - Sync 1 DAGs
[2024-09-01T01:06:30.544+0530] {logging_mixin.py:190} INFO - [2024-09-01T01:06:30.544+0530] {dag.py:4138} INFO - Setting next_dagrun for example_sla_dag to 2024-08-31 19:34:00+00:00, run_after=2024-08-31 19:36:00+00:00
[2024-09-01T01:06:30.550+0530] {processor.py:208} INFO - Processing /Users/ravipal/Desktop/Workspace/airflow_tutorial/py_env/lib/python3.12/site-packages/airflow/example_dags/example_sla_dag.py took 0.064 seconds
[2024-09-01T01:07:36.553+0530] {processor.py:186} INFO - Started process (PID=4358) to work on /Users/ravipal/Desktop/Workspace/airflow_tutorial/py_env/lib/python3.12/site-packages/airflow/example_dags/example_sla_dag.py
[2024-09-01T01:07:36.553+0530] {processor.py:914} INFO - Processing file /Users/ravipal/Desktop/Workspace/airflow_tutorial/py_env/lib/python3.12/site-packages/airflow/example_dags/example_sla_dag.py for tasks to queue
[2024-09-01T01:07:36.553+0530] {logging_mixin.py:190} INFO - [2024-09-01T01:07:36.553+0530] {dagbag.py:587} INFO - Filling up the DagBag from /Users/ravipal/Desktop/Workspace/airflow_tutorial/py_env/lib/python3.12/site-packages/airflow/example_dags/example_sla_dag.py
[2024-09-01T01:07:36.569+0530] {processor.py:925} INFO - DAG(s) 'example_sla_dag' retrieved from /Users/ravipal/Desktop/Workspace/airflow_tutorial/py_env/lib/python3.12/site-packages/airflow/example_dags/example_sla_dag.py
[2024-09-01T01:07:36.601+0530] {logging_mixin.py:190} INFO - [2024-09-01T01:07:36.601+0530] {dag.py:3211} INFO - Sync 1 DAGs
[2024-09-01T01:07:36.608+0530] {logging_mixin.py:190} INFO - [2024-09-01T01:07:36.608+0530] {dag.py:4138} INFO - Setting next_dagrun for example_sla_dag to 2024-08-31 19:34:00+00:00, run_after=2024-08-31 19:36:00+00:00
[2024-09-01T01:07:36.614+0530] {processor.py:208} INFO - Processing /Users/ravipal/Desktop/Workspace/airflow_tutorial/py_env/lib/python3.12/site-packages/airflow/example_dags/example_sla_dag.py took 0.064 seconds
[2024-09-01T01:08:42.471+0530] {processor.py:186} INFO - Started process (PID=4424) to work on /Users/ravipal/Desktop/Workspace/airflow_tutorial/py_env/lib/python3.12/site-packages/airflow/example_dags/example_sla_dag.py
[2024-09-01T01:08:42.472+0530] {processor.py:914} INFO - Processing file /Users/ravipal/Desktop/Workspace/airflow_tutorial/py_env/lib/python3.12/site-packages/airflow/example_dags/example_sla_dag.py for tasks to queue
[2024-09-01T01:08:42.472+0530] {logging_mixin.py:190} INFO - [2024-09-01T01:08:42.472+0530] {dagbag.py:587} INFO - Filling up the DagBag from /Users/ravipal/Desktop/Workspace/airflow_tutorial/py_env/lib/python3.12/site-packages/airflow/example_dags/example_sla_dag.py
[2024-09-01T01:08:42.489+0530] {processor.py:925} INFO - DAG(s) 'example_sla_dag' retrieved from /Users/ravipal/Desktop/Workspace/airflow_tutorial/py_env/lib/python3.12/site-packages/airflow/example_dags/example_sla_dag.py
[2024-09-01T01:08:42.521+0530] {logging_mixin.py:190} INFO - [2024-09-01T01:08:42.521+0530] {dag.py:3211} INFO - Sync 1 DAGs
[2024-09-01T01:08:42.528+0530] {logging_mixin.py:190} INFO - [2024-09-01T01:08:42.528+0530] {dag.py:4138} INFO - Setting next_dagrun for example_sla_dag to 2024-08-31 19:36:00+00:00, run_after=2024-08-31 19:38:00+00:00
[2024-09-01T01:08:42.535+0530] {processor.py:208} INFO - Processing /Users/ravipal/Desktop/Workspace/airflow_tutorial/py_env/lib/python3.12/site-packages/airflow/example_dags/example_sla_dag.py took 0.065 seconds
[2024-09-01T01:09:47.772+0530] {processor.py:186} INFO - Started process (PID=4489) to work on /Users/ravipal/Desktop/Workspace/airflow_tutorial/py_env/lib/python3.12/site-packages/airflow/example_dags/example_sla_dag.py
[2024-09-01T01:09:47.773+0530] {processor.py:914} INFO - Processing file /Users/ravipal/Desktop/Workspace/airflow_tutorial/py_env/lib/python3.12/site-packages/airflow/example_dags/example_sla_dag.py for tasks to queue
[2024-09-01T01:09:47.773+0530] {logging_mixin.py:190} INFO - [2024-09-01T01:09:47.773+0530] {dagbag.py:587} INFO - Filling up the DagBag from /Users/ravipal/Desktop/Workspace/airflow_tutorial/py_env/lib/python3.12/site-packages/airflow/example_dags/example_sla_dag.py
[2024-09-01T01:09:47.789+0530] {processor.py:925} INFO - DAG(s) 'example_sla_dag' retrieved from /Users/ravipal/Desktop/Workspace/airflow_tutorial/py_env/lib/python3.12/site-packages/airflow/example_dags/example_sla_dag.py
[2024-09-01T01:09:47.822+0530] {logging_mixin.py:190} INFO - [2024-09-01T01:09:47.822+0530] {dag.py:3211} INFO - Sync 1 DAGs
[2024-09-01T01:09:47.829+0530] {logging_mixin.py:190} INFO - [2024-09-01T01:09:47.829+0530] {dag.py:4138} INFO - Setting next_dagrun for example_sla_dag to 2024-08-31 19:36:00+00:00, run_after=2024-08-31 19:38:00+00:00
[2024-09-01T01:09:47.836+0530] {processor.py:208} INFO - Processing /Users/ravipal/Desktop/Workspace/airflow_tutorial/py_env/lib/python3.12/site-packages/airflow/example_dags/example_sla_dag.py took 0.065 seconds
[2024-09-01T01:11:52.528+0530] {processor.py:186} INFO - Started process (PID=4615) to work on /Users/ravipal/Desktop/Workspace/airflow_tutorial/py_env/lib/python3.12/site-packages/airflow/example_dags/example_sla_dag.py
[2024-09-01T01:11:52.529+0530] {processor.py:914} INFO - Processing file /Users/ravipal/Desktop/Workspace/airflow_tutorial/py_env/lib/python3.12/site-packages/airflow/example_dags/example_sla_dag.py for tasks to queue
[2024-09-01T01:11:52.529+0530] {logging_mixin.py:190} INFO - [2024-09-01T01:11:52.529+0530] {dagbag.py:587} INFO - Filling up the DagBag from /Users/ravipal/Desktop/Workspace/airflow_tutorial/py_env/lib/python3.12/site-packages/airflow/example_dags/example_sla_dag.py
[2024-09-01T01:11:52.545+0530] {processor.py:925} INFO - DAG(s) 'example_sla_dag' retrieved from /Users/ravipal/Desktop/Workspace/airflow_tutorial/py_env/lib/python3.12/site-packages/airflow/example_dags/example_sla_dag.py
[2024-09-01T01:11:52.578+0530] {logging_mixin.py:190} INFO - [2024-09-01T01:11:52.578+0530] {dag.py:3211} INFO - Sync 1 DAGs
[2024-09-01T01:11:52.585+0530] {logging_mixin.py:190} INFO - [2024-09-01T01:11:52.585+0530] {dag.py:4138} INFO - Setting next_dagrun for example_sla_dag to 2024-08-31 19:38:00+00:00, run_after=2024-08-31 19:40:00+00:00
[2024-09-01T01:11:52.592+0530] {processor.py:208} INFO - Processing /Users/ravipal/Desktop/Workspace/airflow_tutorial/py_env/lib/python3.12/site-packages/airflow/example_dags/example_sla_dag.py took 0.066 seconds
[2024-09-01T01:12:54.264+0530] {processor.py:186} INFO - Started process (PID=4681) to work on /Users/ravipal/Desktop/Workspace/airflow_tutorial/py_env/lib/python3.12/site-packages/airflow/example_dags/example_sla_dag.py
[2024-09-01T01:12:54.265+0530] {processor.py:914} INFO - Processing file /Users/ravipal/Desktop/Workspace/airflow_tutorial/py_env/lib/python3.12/site-packages/airflow/example_dags/example_sla_dag.py for tasks to queue
[2024-09-01T01:12:54.265+0530] {logging_mixin.py:190} INFO - [2024-09-01T01:12:54.265+0530] {dagbag.py:587} INFO - Filling up the DagBag from /Users/ravipal/Desktop/Workspace/airflow_tutorial/py_env/lib/python3.12/site-packages/airflow/example_dags/example_sla_dag.py
[2024-09-01T01:12:54.281+0530] {processor.py:925} INFO - DAG(s) 'example_sla_dag' retrieved from /Users/ravipal/Desktop/Workspace/airflow_tutorial/py_env/lib/python3.12/site-packages/airflow/example_dags/example_sla_dag.py
[2024-09-01T01:12:54.314+0530] {logging_mixin.py:190} INFO - [2024-09-01T01:12:54.314+0530] {dag.py:3211} INFO - Sync 1 DAGs
[2024-09-01T01:12:54.321+0530] {logging_mixin.py:190} INFO - [2024-09-01T01:12:54.321+0530] {dag.py:4138} INFO - Setting next_dagrun for example_sla_dag to 2024-08-31 19:40:00+00:00, run_after=2024-08-31 19:42:00+00:00
[2024-09-01T01:12:54.327+0530] {processor.py:208} INFO - Processing /Users/ravipal/Desktop/Workspace/airflow_tutorial/py_env/lib/python3.12/site-packages/airflow/example_dags/example_sla_dag.py took 0.065 seconds
[2024-09-01T01:13:59.994+0530] {processor.py:186} INFO - Started process (PID=4744) to work on /Users/ravipal/Desktop/Workspace/airflow_tutorial/py_env/lib/python3.12/site-packages/airflow/example_dags/example_sla_dag.py
[2024-09-01T01:13:59.994+0530] {processor.py:914} INFO - Processing file /Users/ravipal/Desktop/Workspace/airflow_tutorial/py_env/lib/python3.12/site-packages/airflow/example_dags/example_sla_dag.py for tasks to queue
[2024-09-01T01:13:59.995+0530] {logging_mixin.py:190} INFO - [2024-09-01T01:13:59.994+0530] {dagbag.py:587} INFO - Filling up the DagBag from /Users/ravipal/Desktop/Workspace/airflow_tutorial/py_env/lib/python3.12/site-packages/airflow/example_dags/example_sla_dag.py
[2024-09-01T01:14:00.010+0530] {processor.py:925} INFO - DAG(s) 'example_sla_dag' retrieved from /Users/ravipal/Desktop/Workspace/airflow_tutorial/py_env/lib/python3.12/site-packages/airflow/example_dags/example_sla_dag.py
[2024-09-01T01:14:00.042+0530] {logging_mixin.py:190} INFO - [2024-09-01T01:14:00.042+0530] {dag.py:3211} INFO - Sync 1 DAGs
[2024-09-01T01:14:00.049+0530] {logging_mixin.py:190} INFO - [2024-09-01T01:14:00.049+0530] {dag.py:4138} INFO - Setting next_dagrun for example_sla_dag to 2024-08-31 19:42:00+00:00, run_after=2024-08-31 19:44:00+00:00
[2024-09-01T01:14:00.055+0530] {processor.py:208} INFO - Processing /Users/ravipal/Desktop/Workspace/airflow_tutorial/py_env/lib/python3.12/site-packages/airflow/example_dags/example_sla_dag.py took 0.063 seconds
[2024-09-01T01:15:06.366+0530] {processor.py:186} INFO - Started process (PID=4811) to work on /Users/ravipal/Desktop/Workspace/airflow_tutorial/py_env/lib/python3.12/site-packages/airflow/example_dags/example_sla_dag.py
[2024-09-01T01:15:06.367+0530] {processor.py:914} INFO - Processing file /Users/ravipal/Desktop/Workspace/airflow_tutorial/py_env/lib/python3.12/site-packages/airflow/example_dags/example_sla_dag.py for tasks to queue
[2024-09-01T01:15:06.367+0530] {logging_mixin.py:190} INFO - [2024-09-01T01:15:06.367+0530] {dagbag.py:587} INFO - Filling up the DagBag from /Users/ravipal/Desktop/Workspace/airflow_tutorial/py_env/lib/python3.12/site-packages/airflow/example_dags/example_sla_dag.py
[2024-09-01T01:15:06.383+0530] {processor.py:925} INFO - DAG(s) 'example_sla_dag' retrieved from /Users/ravipal/Desktop/Workspace/airflow_tutorial/py_env/lib/python3.12/site-packages/airflow/example_dags/example_sla_dag.py
[2024-09-01T01:15:06.415+0530] {logging_mixin.py:190} INFO - [2024-09-01T01:15:06.415+0530] {dag.py:3211} INFO - Sync 1 DAGs
[2024-09-01T01:15:06.422+0530] {logging_mixin.py:190} INFO - [2024-09-01T01:15:06.422+0530] {dag.py:4138} INFO - Setting next_dagrun for example_sla_dag to 2024-08-31 19:42:00+00:00, run_after=2024-08-31 19:44:00+00:00
[2024-09-01T01:15:06.429+0530] {processor.py:208} INFO - Processing /Users/ravipal/Desktop/Workspace/airflow_tutorial/py_env/lib/python3.12/site-packages/airflow/example_dags/example_sla_dag.py took 0.065 seconds
[2024-09-01T01:16:11.385+0530] {processor.py:186} INFO - Started process (PID=4876) to work on /Users/ravipal/Desktop/Workspace/airflow_tutorial/py_env/lib/python3.12/site-packages/airflow/example_dags/example_sla_dag.py
[2024-09-01T01:16:11.386+0530] {processor.py:914} INFO - Processing file /Users/ravipal/Desktop/Workspace/airflow_tutorial/py_env/lib/python3.12/site-packages/airflow/example_dags/example_sla_dag.py for tasks to queue
[2024-09-01T01:16:11.386+0530] {logging_mixin.py:190} INFO - [2024-09-01T01:16:11.386+0530] {dagbag.py:587} INFO - Filling up the DagBag from /Users/ravipal/Desktop/Workspace/airflow_tutorial/py_env/lib/python3.12/site-packages/airflow/example_dags/example_sla_dag.py
[2024-09-01T01:16:11.403+0530] {processor.py:925} INFO - DAG(s) 'example_sla_dag' retrieved from /Users/ravipal/Desktop/Workspace/airflow_tutorial/py_env/lib/python3.12/site-packages/airflow/example_dags/example_sla_dag.py
[2024-09-01T01:16:11.435+0530] {logging_mixin.py:190} INFO - [2024-09-01T01:16:11.435+0530] {dag.py:3211} INFO - Sync 1 DAGs
[2024-09-01T01:16:11.442+0530] {logging_mixin.py:190} INFO - [2024-09-01T01:16:11.442+0530] {dag.py:4138} INFO - Setting next_dagrun for example_sla_dag to 2024-08-31 19:44:00+00:00, run_after=2024-08-31 19:46:00+00:00
[2024-09-01T01:16:11.449+0530] {processor.py:208} INFO - Processing /Users/ravipal/Desktop/Workspace/airflow_tutorial/py_env/lib/python3.12/site-packages/airflow/example_dags/example_sla_dag.py took 0.065 seconds
[2024-09-01T01:17:15.950+0530] {processor.py:186} INFO - Started process (PID=4941) to work on /Users/ravipal/Desktop/Workspace/airflow_tutorial/py_env/lib/python3.12/site-packages/airflow/example_dags/example_sla_dag.py
[2024-09-01T01:17:15.950+0530] {processor.py:914} INFO - Processing file /Users/ravipal/Desktop/Workspace/airflow_tutorial/py_env/lib/python3.12/site-packages/airflow/example_dags/example_sla_dag.py for tasks to queue
[2024-09-01T01:17:15.951+0530] {logging_mixin.py:190} INFO - [2024-09-01T01:17:15.951+0530] {dagbag.py:587} INFO - Filling up the DagBag from /Users/ravipal/Desktop/Workspace/airflow_tutorial/py_env/lib/python3.12/site-packages/airflow/example_dags/example_sla_dag.py
[2024-09-01T01:17:15.967+0530] {processor.py:925} INFO - DAG(s) 'example_sla_dag' retrieved from /Users/ravipal/Desktop/Workspace/airflow_tutorial/py_env/lib/python3.12/site-packages/airflow/example_dags/example_sla_dag.py
[2024-09-01T01:17:16.000+0530] {logging_mixin.py:190} INFO - [2024-09-01T01:17:15.999+0530] {dag.py:3211} INFO - Sync 1 DAGs
[2024-09-01T01:17:16.007+0530] {logging_mixin.py:190} INFO - [2024-09-01T01:17:16.007+0530] {dag.py:4138} INFO - Setting next_dagrun for example_sla_dag to 2024-08-31 19:44:00+00:00, run_after=2024-08-31 19:46:00+00:00
[2024-09-01T01:17:16.013+0530] {processor.py:208} INFO - Processing /Users/ravipal/Desktop/Workspace/airflow_tutorial/py_env/lib/python3.12/site-packages/airflow/example_dags/example_sla_dag.py took 0.065 seconds
[2024-09-01T01:18:22.206+0530] {processor.py:186} INFO - Started process (PID=5007) to work on /Users/ravipal/Desktop/Workspace/airflow_tutorial/py_env/lib/python3.12/site-packages/airflow/example_dags/example_sla_dag.py
[2024-09-01T01:18:22.207+0530] {processor.py:914} INFO - Processing file /Users/ravipal/Desktop/Workspace/airflow_tutorial/py_env/lib/python3.12/site-packages/airflow/example_dags/example_sla_dag.py for tasks to queue
[2024-09-01T01:18:22.207+0530] {logging_mixin.py:190} INFO - [2024-09-01T01:18:22.207+0530] {dagbag.py:587} INFO - Filling up the DagBag from /Users/ravipal/Desktop/Workspace/airflow_tutorial/py_env/lib/python3.12/site-packages/airflow/example_dags/example_sla_dag.py
[2024-09-01T01:18:22.223+0530] {processor.py:925} INFO - DAG(s) 'example_sla_dag' retrieved from /Users/ravipal/Desktop/Workspace/airflow_tutorial/py_env/lib/python3.12/site-packages/airflow/example_dags/example_sla_dag.py
[2024-09-01T01:18:22.256+0530] {logging_mixin.py:190} INFO - [2024-09-01T01:18:22.255+0530] {dag.py:3211} INFO - Sync 1 DAGs
[2024-09-01T01:18:22.262+0530] {logging_mixin.py:190} INFO - [2024-09-01T01:18:22.262+0530] {dag.py:4138} INFO - Setting next_dagrun for example_sla_dag to 2024-08-31 19:46:00+00:00, run_after=2024-08-31 19:48:00+00:00
[2024-09-01T01:18:22.269+0530] {processor.py:208} INFO - Processing /Users/ravipal/Desktop/Workspace/airflow_tutorial/py_env/lib/python3.12/site-packages/airflow/example_dags/example_sla_dag.py took 0.065 seconds
