[2024-09-01T00:23:22.896+0530] {processor.py:186} INFO - Started process (PID=1446) to work on /Users/ravipal/Desktop/Workspace/airflow_tutorial/py_env/lib/python3.12/site-packages/airflow/example_dags/example_sensor_decorator.py
[2024-09-01T00:23:22.897+0530] {processor.py:914} INFO - Processing file /Users/ravipal/Desktop/Workspace/airflow_tutorial/py_env/lib/python3.12/site-packages/airflow/example_dags/example_sensor_decorator.py for tasks to queue
[2024-09-01T00:23:22.897+0530] {logging_mixin.py:190} INFO - [2024-09-01T00:23:22.897+0530] {dagbag.py:587} INFO - Filling up the DagBag from /Users/ravipal/Desktop/Workspace/airflow_tutorial/py_env/lib/python3.12/site-packages/airflow/example_dags/example_sensor_decorator.py
[2024-09-01T00:23:22.914+0530] {processor.py:925} INFO - DAG(s) 'example_sensor_decorator' retrieved from /Users/ravipal/Desktop/Workspace/airflow_tutorial/py_env/lib/python3.12/site-packages/airflow/example_dags/example_sensor_decorator.py
[2024-09-01T00:23:22.944+0530] {logging_mixin.py:190} INFO - [2024-09-01T00:23:22.944+0530] {workday.py:41} WARNING - Could not import pandas. Holidays will not be considered.
[2024-09-01T00:23:23.013+0530] {logging_mixin.py:190} INFO - [2024-09-01T00:23:23.013+0530] {override.py:1858} INFO - Created Permission View: can read on DAG:example_sensor_decorator
[2024-09-01T00:23:23.016+0530] {logging_mixin.py:190} INFO - [2024-09-01T00:23:23.016+0530] {override.py:1858} INFO - Created Permission View: can delete on DAG:example_sensor_decorator
[2024-09-01T00:23:23.018+0530] {logging_mixin.py:190} INFO - [2024-09-01T00:23:23.018+0530] {override.py:1858} INFO - Created Permission View: can edit on DAG:example_sensor_decorator
[2024-09-01T00:23:23.019+0530] {logging_mixin.py:190} INFO - [2024-09-01T00:23:23.019+0530] {dag.py:3211} INFO - Sync 1 DAGs
[2024-09-01T00:23:23.023+0530] {logging_mixin.py:190} INFO - [2024-09-01T00:23:23.023+0530] {dag.py:3234} INFO - Creating ORM DAG for example_sensor_decorator
[2024-09-01T00:23:23.023+0530] {logging_mixin.py:190} INFO - [2024-09-01T00:23:23.023+0530] {dag.py:4138} INFO - Setting next_dagrun for example_sensor_decorator to None, run_after=None
[2024-09-01T00:23:23.029+0530] {processor.py:208} INFO - Processing /Users/ravipal/Desktop/Workspace/airflow_tutorial/py_env/lib/python3.12/site-packages/airflow/example_dags/example_sensor_decorator.py took 0.135 seconds
[2024-09-01T00:25:01.631+0530] {processor.py:186} INFO - Started process (PID=1548) to work on /Users/ravipal/Desktop/Workspace/airflow_tutorial/py_env/lib/python3.12/site-packages/airflow/example_dags/example_sensor_decorator.py
[2024-09-01T00:25:01.632+0530] {processor.py:914} INFO - Processing file /Users/ravipal/Desktop/Workspace/airflow_tutorial/py_env/lib/python3.12/site-packages/airflow/example_dags/example_sensor_decorator.py for tasks to queue
[2024-09-01T00:25:01.632+0530] {logging_mixin.py:190} INFO - [2024-09-01T00:25:01.632+0530] {dagbag.py:587} INFO - Filling up the DagBag from /Users/ravipal/Desktop/Workspace/airflow_tutorial/py_env/lib/python3.12/site-packages/airflow/example_dags/example_sensor_decorator.py
[2024-09-01T00:25:01.646+0530] {processor.py:925} INFO - DAG(s) 'example_sensor_decorator' retrieved from /Users/ravipal/Desktop/Workspace/airflow_tutorial/py_env/lib/python3.12/site-packages/airflow/example_dags/example_sensor_decorator.py
[2024-09-01T00:25:01.676+0530] {logging_mixin.py:190} INFO - [2024-09-01T00:25:01.676+0530] {workday.py:41} WARNING - Could not import pandas. Holidays will not be considered.
[2024-09-01T00:25:01.683+0530] {logging_mixin.py:190} INFO - [2024-09-01T00:25:01.683+0530] {dag.py:3211} INFO - Sync 1 DAGs
[2024-09-01T00:25:01.687+0530] {logging_mixin.py:190} INFO - [2024-09-01T00:25:01.687+0530] {dag.py:4138} INFO - Setting next_dagrun for example_sensor_decorator to None, run_after=None
[2024-09-01T00:25:01.693+0530] {processor.py:208} INFO - Processing /Users/ravipal/Desktop/Workspace/airflow_tutorial/py_env/lib/python3.12/site-packages/airflow/example_dags/example_sensor_decorator.py took 0.064 seconds
[2024-09-01T00:27:16.722+0530] {processor.py:186} INFO - Started process (PID=1835) to work on /Users/ravipal/Desktop/Workspace/airflow_tutorial/py_env/lib/python3.12/site-packages/airflow/example_dags/example_sensor_decorator.py
[2024-09-01T00:27:16.723+0530] {processor.py:914} INFO - Processing file /Users/ravipal/Desktop/Workspace/airflow_tutorial/py_env/lib/python3.12/site-packages/airflow/example_dags/example_sensor_decorator.py for tasks to queue
[2024-09-01T00:27:16.723+0530] {logging_mixin.py:190} INFO - [2024-09-01T00:27:16.723+0530] {dagbag.py:587} INFO - Filling up the DagBag from /Users/ravipal/Desktop/Workspace/airflow_tutorial/py_env/lib/python3.12/site-packages/airflow/example_dags/example_sensor_decorator.py
[2024-09-01T00:27:16.738+0530] {processor.py:925} INFO - DAG(s) 'example_sensor_decorator' retrieved from /Users/ravipal/Desktop/Workspace/airflow_tutorial/py_env/lib/python3.12/site-packages/airflow/example_dags/example_sensor_decorator.py
[2024-09-01T00:27:16.770+0530] {logging_mixin.py:190} INFO - [2024-09-01T00:27:16.769+0530] {workday.py:41} WARNING - Could not import pandas. Holidays will not be considered.
[2024-09-01T00:27:16.778+0530] {logging_mixin.py:190} INFO - [2024-09-01T00:27:16.778+0530] {dag.py:3211} INFO - Sync 1 DAGs
[2024-09-01T00:27:16.783+0530] {logging_mixin.py:190} INFO - [2024-09-01T00:27:16.782+0530] {dag.py:4138} INFO - Setting next_dagrun for example_sensor_decorator to None, run_after=None
[2024-09-01T00:27:16.790+0530] {processor.py:208} INFO - Processing /Users/ravipal/Desktop/Workspace/airflow_tutorial/py_env/lib/python3.12/site-packages/airflow/example_dags/example_sensor_decorator.py took 0.069 seconds
[2024-09-01T00:29:29.103+0530] {processor.py:186} INFO - Started process (PID=2007) to work on /Users/ravipal/Desktop/Workspace/airflow_tutorial/py_env/lib/python3.12/site-packages/airflow/example_dags/example_sensor_decorator.py
[2024-09-01T00:29:29.104+0530] {processor.py:914} INFO - Processing file /Users/ravipal/Desktop/Workspace/airflow_tutorial/py_env/lib/python3.12/site-packages/airflow/example_dags/example_sensor_decorator.py for tasks to queue
[2024-09-01T00:29:29.104+0530] {logging_mixin.py:190} INFO - [2024-09-01T00:29:29.104+0530] {dagbag.py:587} INFO - Filling up the DagBag from /Users/ravipal/Desktop/Workspace/airflow_tutorial/py_env/lib/python3.12/site-packages/airflow/example_dags/example_sensor_decorator.py
[2024-09-01T00:29:29.119+0530] {processor.py:925} INFO - DAG(s) 'example_sensor_decorator' retrieved from /Users/ravipal/Desktop/Workspace/airflow_tutorial/py_env/lib/python3.12/site-packages/airflow/example_dags/example_sensor_decorator.py
[2024-09-01T00:29:29.149+0530] {logging_mixin.py:190} INFO - [2024-09-01T00:29:29.149+0530] {workday.py:41} WARNING - Could not import pandas. Holidays will not be considered.
[2024-09-01T00:29:29.156+0530] {logging_mixin.py:190} INFO - [2024-09-01T00:29:29.156+0530] {dag.py:3211} INFO - Sync 1 DAGs
[2024-09-01T00:29:29.160+0530] {logging_mixin.py:190} INFO - [2024-09-01T00:29:29.160+0530] {dag.py:4138} INFO - Setting next_dagrun for example_sensor_decorator to None, run_after=None
[2024-09-01T00:29:29.167+0530] {processor.py:208} INFO - Processing /Users/ravipal/Desktop/Workspace/airflow_tutorial/py_env/lib/python3.12/site-packages/airflow/example_dags/example_sensor_decorator.py took 0.066 seconds
[2024-09-01T00:31:41.208+0530] {processor.py:186} INFO - Started process (PID=2144) to work on /Users/ravipal/Desktop/Workspace/airflow_tutorial/py_env/lib/python3.12/site-packages/airflow/example_dags/example_sensor_decorator.py
[2024-09-01T00:31:41.209+0530] {processor.py:914} INFO - Processing file /Users/ravipal/Desktop/Workspace/airflow_tutorial/py_env/lib/python3.12/site-packages/airflow/example_dags/example_sensor_decorator.py for tasks to queue
[2024-09-01T00:31:41.209+0530] {logging_mixin.py:190} INFO - [2024-09-01T00:31:41.209+0530] {dagbag.py:587} INFO - Filling up the DagBag from /Users/ravipal/Desktop/Workspace/airflow_tutorial/py_env/lib/python3.12/site-packages/airflow/example_dags/example_sensor_decorator.py
[2024-09-01T00:31:41.224+0530] {processor.py:925} INFO - DAG(s) 'example_sensor_decorator' retrieved from /Users/ravipal/Desktop/Workspace/airflow_tutorial/py_env/lib/python3.12/site-packages/airflow/example_dags/example_sensor_decorator.py
[2024-09-01T00:31:41.254+0530] {logging_mixin.py:190} INFO - [2024-09-01T00:31:41.254+0530] {workday.py:41} WARNING - Could not import pandas. Holidays will not be considered.
[2024-09-01T00:31:41.261+0530] {logging_mixin.py:190} INFO - [2024-09-01T00:31:41.261+0530] {dag.py:3211} INFO - Sync 1 DAGs
[2024-09-01T00:31:41.265+0530] {logging_mixin.py:190} INFO - [2024-09-01T00:31:41.265+0530] {dag.py:4138} INFO - Setting next_dagrun for example_sensor_decorator to None, run_after=None
[2024-09-01T00:31:41.273+0530] {processor.py:208} INFO - Processing /Users/ravipal/Desktop/Workspace/airflow_tutorial/py_env/lib/python3.12/site-packages/airflow/example_dags/example_sensor_decorator.py took 0.066 seconds
[2024-09-01T00:33:55.699+0530] {processor.py:186} INFO - Started process (PID=2274) to work on /Users/ravipal/Desktop/Workspace/airflow_tutorial/py_env/lib/python3.12/site-packages/airflow/example_dags/example_sensor_decorator.py
[2024-09-01T00:33:55.699+0530] {processor.py:914} INFO - Processing file /Users/ravipal/Desktop/Workspace/airflow_tutorial/py_env/lib/python3.12/site-packages/airflow/example_dags/example_sensor_decorator.py for tasks to queue
[2024-09-01T00:33:55.699+0530] {logging_mixin.py:190} INFO - [2024-09-01T00:33:55.699+0530] {dagbag.py:587} INFO - Filling up the DagBag from /Users/ravipal/Desktop/Workspace/airflow_tutorial/py_env/lib/python3.12/site-packages/airflow/example_dags/example_sensor_decorator.py
[2024-09-01T00:33:55.713+0530] {processor.py:925} INFO - DAG(s) 'example_sensor_decorator' retrieved from /Users/ravipal/Desktop/Workspace/airflow_tutorial/py_env/lib/python3.12/site-packages/airflow/example_dags/example_sensor_decorator.py
[2024-09-01T00:33:55.743+0530] {logging_mixin.py:190} INFO - [2024-09-01T00:33:55.743+0530] {workday.py:41} WARNING - Could not import pandas. Holidays will not be considered.
[2024-09-01T00:33:55.751+0530] {logging_mixin.py:190} INFO - [2024-09-01T00:33:55.751+0530] {dag.py:3211} INFO - Sync 1 DAGs
[2024-09-01T00:33:55.755+0530] {logging_mixin.py:190} INFO - [2024-09-01T00:33:55.755+0530] {dag.py:4138} INFO - Setting next_dagrun for example_sensor_decorator to None, run_after=None
[2024-09-01T00:33:55.761+0530] {processor.py:208} INFO - Processing /Users/ravipal/Desktop/Workspace/airflow_tutorial/py_env/lib/python3.12/site-packages/airflow/example_dags/example_sensor_decorator.py took 0.064 seconds
[2024-09-01T00:36:11.311+0530] {processor.py:186} INFO - Started process (PID=2412) to work on /Users/ravipal/Desktop/Workspace/airflow_tutorial/py_env/lib/python3.12/site-packages/airflow/example_dags/example_sensor_decorator.py
[2024-09-01T00:36:11.311+0530] {processor.py:914} INFO - Processing file /Users/ravipal/Desktop/Workspace/airflow_tutorial/py_env/lib/python3.12/site-packages/airflow/example_dags/example_sensor_decorator.py for tasks to queue
[2024-09-01T00:36:11.312+0530] {logging_mixin.py:190} INFO - [2024-09-01T00:36:11.312+0530] {dagbag.py:587} INFO - Filling up the DagBag from /Users/ravipal/Desktop/Workspace/airflow_tutorial/py_env/lib/python3.12/site-packages/airflow/example_dags/example_sensor_decorator.py
[2024-09-01T00:36:11.326+0530] {processor.py:925} INFO - DAG(s) 'example_sensor_decorator' retrieved from /Users/ravipal/Desktop/Workspace/airflow_tutorial/py_env/lib/python3.12/site-packages/airflow/example_dags/example_sensor_decorator.py
[2024-09-01T00:36:11.356+0530] {logging_mixin.py:190} INFO - [2024-09-01T00:36:11.356+0530] {workday.py:41} WARNING - Could not import pandas. Holidays will not be considered.
[2024-09-01T00:36:11.364+0530] {logging_mixin.py:190} INFO - [2024-09-01T00:36:11.363+0530] {dag.py:3211} INFO - Sync 1 DAGs
[2024-09-01T00:36:11.368+0530] {logging_mixin.py:190} INFO - [2024-09-01T00:36:11.368+0530] {dag.py:4138} INFO - Setting next_dagrun for example_sensor_decorator to None, run_after=None
[2024-09-01T00:36:11.374+0530] {processor.py:208} INFO - Processing /Users/ravipal/Desktop/Workspace/airflow_tutorial/py_env/lib/python3.12/site-packages/airflow/example_dags/example_sensor_decorator.py took 0.065 seconds
[2024-09-01T00:38:22.755+0530] {processor.py:186} INFO - Started process (PID=2543) to work on /Users/ravipal/Desktop/Workspace/airflow_tutorial/py_env/lib/python3.12/site-packages/airflow/example_dags/example_sensor_decorator.py
[2024-09-01T00:38:22.756+0530] {processor.py:914} INFO - Processing file /Users/ravipal/Desktop/Workspace/airflow_tutorial/py_env/lib/python3.12/site-packages/airflow/example_dags/example_sensor_decorator.py for tasks to queue
[2024-09-01T00:38:22.756+0530] {logging_mixin.py:190} INFO - [2024-09-01T00:38:22.756+0530] {dagbag.py:587} INFO - Filling up the DagBag from /Users/ravipal/Desktop/Workspace/airflow_tutorial/py_env/lib/python3.12/site-packages/airflow/example_dags/example_sensor_decorator.py
[2024-09-01T00:38:22.771+0530] {processor.py:925} INFO - DAG(s) 'example_sensor_decorator' retrieved from /Users/ravipal/Desktop/Workspace/airflow_tutorial/py_env/lib/python3.12/site-packages/airflow/example_dags/example_sensor_decorator.py
[2024-09-01T00:38:22.801+0530] {logging_mixin.py:190} INFO - [2024-09-01T00:38:22.801+0530] {workday.py:41} WARNING - Could not import pandas. Holidays will not be considered.
[2024-09-01T00:38:22.809+0530] {logging_mixin.py:190} INFO - [2024-09-01T00:38:22.809+0530] {dag.py:3211} INFO - Sync 1 DAGs
[2024-09-01T00:38:22.813+0530] {logging_mixin.py:190} INFO - [2024-09-01T00:38:22.813+0530] {dag.py:4138} INFO - Setting next_dagrun for example_sensor_decorator to None, run_after=None
[2024-09-01T00:38:22.819+0530] {processor.py:208} INFO - Processing /Users/ravipal/Desktop/Workspace/airflow_tutorial/py_env/lib/python3.12/site-packages/airflow/example_dags/example_sensor_decorator.py took 0.066 seconds
[2024-09-01T00:40:28.807+0530] {processor.py:186} INFO - Started process (PID=2670) to work on /Users/ravipal/Desktop/Workspace/airflow_tutorial/py_env/lib/python3.12/site-packages/airflow/example_dags/example_sensor_decorator.py
[2024-09-01T00:40:28.807+0530] {processor.py:914} INFO - Processing file /Users/ravipal/Desktop/Workspace/airflow_tutorial/py_env/lib/python3.12/site-packages/airflow/example_dags/example_sensor_decorator.py for tasks to queue
[2024-09-01T00:40:28.808+0530] {logging_mixin.py:190} INFO - [2024-09-01T00:40:28.807+0530] {dagbag.py:587} INFO - Filling up the DagBag from /Users/ravipal/Desktop/Workspace/airflow_tutorial/py_env/lib/python3.12/site-packages/airflow/example_dags/example_sensor_decorator.py
[2024-09-01T00:40:28.823+0530] {processor.py:925} INFO - DAG(s) 'example_sensor_decorator' retrieved from /Users/ravipal/Desktop/Workspace/airflow_tutorial/py_env/lib/python3.12/site-packages/airflow/example_dags/example_sensor_decorator.py
[2024-09-01T00:40:28.852+0530] {logging_mixin.py:190} INFO - [2024-09-01T00:40:28.852+0530] {workday.py:41} WARNING - Could not import pandas. Holidays will not be considered.
[2024-09-01T00:40:28.860+0530] {logging_mixin.py:190} INFO - [2024-09-01T00:40:28.859+0530] {dag.py:3211} INFO - Sync 1 DAGs
[2024-09-01T00:40:28.863+0530] {logging_mixin.py:190} INFO - [2024-09-01T00:40:28.863+0530] {dag.py:4138} INFO - Setting next_dagrun for example_sensor_decorator to None, run_after=None
[2024-09-01T00:40:28.870+0530] {processor.py:208} INFO - Processing /Users/ravipal/Desktop/Workspace/airflow_tutorial/py_env/lib/python3.12/site-packages/airflow/example_dags/example_sensor_decorator.py took 0.065 seconds
[2024-09-01T00:42:41.692+0530] {processor.py:186} INFO - Started process (PID=2802) to work on /Users/ravipal/Desktop/Workspace/airflow_tutorial/py_env/lib/python3.12/site-packages/airflow/example_dags/example_sensor_decorator.py
[2024-09-01T00:42:41.693+0530] {processor.py:914} INFO - Processing file /Users/ravipal/Desktop/Workspace/airflow_tutorial/py_env/lib/python3.12/site-packages/airflow/example_dags/example_sensor_decorator.py for tasks to queue
[2024-09-01T00:42:41.693+0530] {logging_mixin.py:190} INFO - [2024-09-01T00:42:41.693+0530] {dagbag.py:587} INFO - Filling up the DagBag from /Users/ravipal/Desktop/Workspace/airflow_tutorial/py_env/lib/python3.12/site-packages/airflow/example_dags/example_sensor_decorator.py
[2024-09-01T00:42:41.708+0530] {processor.py:925} INFO - DAG(s) 'example_sensor_decorator' retrieved from /Users/ravipal/Desktop/Workspace/airflow_tutorial/py_env/lib/python3.12/site-packages/airflow/example_dags/example_sensor_decorator.py
[2024-09-01T00:42:41.737+0530] {logging_mixin.py:190} INFO - [2024-09-01T00:42:41.737+0530] {workday.py:41} WARNING - Could not import pandas. Holidays will not be considered.
[2024-09-01T00:42:41.745+0530] {logging_mixin.py:190} INFO - [2024-09-01T00:42:41.744+0530] {dag.py:3211} INFO - Sync 1 DAGs
[2024-09-01T00:42:41.749+0530] {logging_mixin.py:190} INFO - [2024-09-01T00:42:41.749+0530] {dag.py:4138} INFO - Setting next_dagrun for example_sensor_decorator to None, run_after=None
[2024-09-01T00:42:41.755+0530] {processor.py:208} INFO - Processing /Users/ravipal/Desktop/Workspace/airflow_tutorial/py_env/lib/python3.12/site-packages/airflow/example_dags/example_sensor_decorator.py took 0.065 seconds
[2024-09-01T00:44:57.629+0530] {processor.py:186} INFO - Started process (PID=2936) to work on /Users/ravipal/Desktop/Workspace/airflow_tutorial/py_env/lib/python3.12/site-packages/airflow/example_dags/example_sensor_decorator.py
[2024-09-01T00:44:57.629+0530] {processor.py:914} INFO - Processing file /Users/ravipal/Desktop/Workspace/airflow_tutorial/py_env/lib/python3.12/site-packages/airflow/example_dags/example_sensor_decorator.py for tasks to queue
[2024-09-01T00:44:57.630+0530] {logging_mixin.py:190} INFO - [2024-09-01T00:44:57.630+0530] {dagbag.py:587} INFO - Filling up the DagBag from /Users/ravipal/Desktop/Workspace/airflow_tutorial/py_env/lib/python3.12/site-packages/airflow/example_dags/example_sensor_decorator.py
[2024-09-01T00:44:57.645+0530] {processor.py:925} INFO - DAG(s) 'example_sensor_decorator' retrieved from /Users/ravipal/Desktop/Workspace/airflow_tutorial/py_env/lib/python3.12/site-packages/airflow/example_dags/example_sensor_decorator.py
[2024-09-01T00:44:57.675+0530] {logging_mixin.py:190} INFO - [2024-09-01T00:44:57.675+0530] {workday.py:41} WARNING - Could not import pandas. Holidays will not be considered.
[2024-09-01T00:44:57.682+0530] {logging_mixin.py:190} INFO - [2024-09-01T00:44:57.682+0530] {dag.py:3211} INFO - Sync 1 DAGs
[2024-09-01T00:44:57.686+0530] {logging_mixin.py:190} INFO - [2024-09-01T00:44:57.686+0530] {dag.py:4138} INFO - Setting next_dagrun for example_sensor_decorator to None, run_after=None
[2024-09-01T00:44:57.692+0530] {processor.py:208} INFO - Processing /Users/ravipal/Desktop/Workspace/airflow_tutorial/py_env/lib/python3.12/site-packages/airflow/example_dags/example_sensor_decorator.py took 0.065 seconds
[2024-09-01T00:47:11.950+0530] {processor.py:186} INFO - Started process (PID=3069) to work on /Users/ravipal/Desktop/Workspace/airflow_tutorial/py_env/lib/python3.12/site-packages/airflow/example_dags/example_sensor_decorator.py
[2024-09-01T00:47:11.950+0530] {processor.py:914} INFO - Processing file /Users/ravipal/Desktop/Workspace/airflow_tutorial/py_env/lib/python3.12/site-packages/airflow/example_dags/example_sensor_decorator.py for tasks to queue
[2024-09-01T00:47:11.951+0530] {logging_mixin.py:190} INFO - [2024-09-01T00:47:11.951+0530] {dagbag.py:587} INFO - Filling up the DagBag from /Users/ravipal/Desktop/Workspace/airflow_tutorial/py_env/lib/python3.12/site-packages/airflow/example_dags/example_sensor_decorator.py
[2024-09-01T00:47:11.966+0530] {processor.py:925} INFO - DAG(s) 'example_sensor_decorator' retrieved from /Users/ravipal/Desktop/Workspace/airflow_tutorial/py_env/lib/python3.12/site-packages/airflow/example_dags/example_sensor_decorator.py
[2024-09-01T00:47:11.996+0530] {logging_mixin.py:190} INFO - [2024-09-01T00:47:11.996+0530] {workday.py:41} WARNING - Could not import pandas. Holidays will not be considered.
[2024-09-01T00:47:12.003+0530] {logging_mixin.py:190} INFO - [2024-09-01T00:47:12.003+0530] {dag.py:3211} INFO - Sync 1 DAGs
[2024-09-01T00:47:12.007+0530] {logging_mixin.py:190} INFO - [2024-09-01T00:47:12.007+0530] {dag.py:4138} INFO - Setting next_dagrun for example_sensor_decorator to None, run_after=None
[2024-09-01T00:47:12.014+0530] {processor.py:208} INFO - Processing /Users/ravipal/Desktop/Workspace/airflow_tutorial/py_env/lib/python3.12/site-packages/airflow/example_dags/example_sensor_decorator.py took 0.066 seconds
[2024-09-01T00:49:16.070+0530] {processor.py:186} INFO - Started process (PID=3199) to work on /Users/ravipal/Desktop/Workspace/airflow_tutorial/py_env/lib/python3.12/site-packages/airflow/example_dags/example_sensor_decorator.py
[2024-09-01T00:49:16.070+0530] {processor.py:914} INFO - Processing file /Users/ravipal/Desktop/Workspace/airflow_tutorial/py_env/lib/python3.12/site-packages/airflow/example_dags/example_sensor_decorator.py for tasks to queue
[2024-09-01T00:49:16.071+0530] {logging_mixin.py:190} INFO - [2024-09-01T00:49:16.071+0530] {dagbag.py:587} INFO - Filling up the DagBag from /Users/ravipal/Desktop/Workspace/airflow_tutorial/py_env/lib/python3.12/site-packages/airflow/example_dags/example_sensor_decorator.py
[2024-09-01T00:49:16.086+0530] {processor.py:925} INFO - DAG(s) 'example_sensor_decorator' retrieved from /Users/ravipal/Desktop/Workspace/airflow_tutorial/py_env/lib/python3.12/site-packages/airflow/example_dags/example_sensor_decorator.py
[2024-09-01T00:49:16.117+0530] {logging_mixin.py:190} INFO - [2024-09-01T00:49:16.117+0530] {workday.py:41} WARNING - Could not import pandas. Holidays will not be considered.
[2024-09-01T00:49:16.124+0530] {logging_mixin.py:190} INFO - [2024-09-01T00:49:16.124+0530] {dag.py:3211} INFO - Sync 1 DAGs
[2024-09-01T00:49:16.128+0530] {logging_mixin.py:190} INFO - [2024-09-01T00:49:16.128+0530] {dag.py:4138} INFO - Setting next_dagrun for example_sensor_decorator to None, run_after=None
[2024-09-01T00:49:16.135+0530] {processor.py:208} INFO - Processing /Users/ravipal/Desktop/Workspace/airflow_tutorial/py_env/lib/python3.12/site-packages/airflow/example_dags/example_sensor_decorator.py took 0.067 seconds
[2024-09-01T00:51:33.602+0530] {processor.py:186} INFO - Started process (PID=3357) to work on /Users/ravipal/Desktop/Workspace/airflow_tutorial/py_env/lib/python3.12/site-packages/airflow/example_dags/example_sensor_decorator.py
[2024-09-01T00:51:33.603+0530] {processor.py:914} INFO - Processing file /Users/ravipal/Desktop/Workspace/airflow_tutorial/py_env/lib/python3.12/site-packages/airflow/example_dags/example_sensor_decorator.py for tasks to queue
[2024-09-01T00:51:33.603+0530] {logging_mixin.py:190} INFO - [2024-09-01T00:51:33.603+0530] {dagbag.py:587} INFO - Filling up the DagBag from /Users/ravipal/Desktop/Workspace/airflow_tutorial/py_env/lib/python3.12/site-packages/airflow/example_dags/example_sensor_decorator.py
[2024-09-01T00:51:33.618+0530] {processor.py:925} INFO - DAG(s) 'example_sensor_decorator' retrieved from /Users/ravipal/Desktop/Workspace/airflow_tutorial/py_env/lib/python3.12/site-packages/airflow/example_dags/example_sensor_decorator.py
[2024-09-01T00:51:33.647+0530] {logging_mixin.py:190} INFO - [2024-09-01T00:51:33.647+0530] {workday.py:41} WARNING - Could not import pandas. Holidays will not be considered.
[2024-09-01T00:51:33.655+0530] {logging_mixin.py:190} INFO - [2024-09-01T00:51:33.654+0530] {dag.py:3211} INFO - Sync 1 DAGs
[2024-09-01T00:51:33.658+0530] {logging_mixin.py:190} INFO - [2024-09-01T00:51:33.658+0530] {dag.py:4138} INFO - Setting next_dagrun for example_sensor_decorator to None, run_after=None
[2024-09-01T00:51:33.665+0530] {processor.py:208} INFO - Processing /Users/ravipal/Desktop/Workspace/airflow_tutorial/py_env/lib/python3.12/site-packages/airflow/example_dags/example_sensor_decorator.py took 0.065 seconds
[2024-09-01T00:53:44.632+0530] {processor.py:186} INFO - Started process (PID=3488) to work on /Users/ravipal/Desktop/Workspace/airflow_tutorial/py_env/lib/python3.12/site-packages/airflow/example_dags/example_sensor_decorator.py
[2024-09-01T00:53:44.633+0530] {processor.py:914} INFO - Processing file /Users/ravipal/Desktop/Workspace/airflow_tutorial/py_env/lib/python3.12/site-packages/airflow/example_dags/example_sensor_decorator.py for tasks to queue
[2024-09-01T00:53:44.633+0530] {logging_mixin.py:190} INFO - [2024-09-01T00:53:44.633+0530] {dagbag.py:587} INFO - Filling up the DagBag from /Users/ravipal/Desktop/Workspace/airflow_tutorial/py_env/lib/python3.12/site-packages/airflow/example_dags/example_sensor_decorator.py
[2024-09-01T00:53:44.648+0530] {processor.py:925} INFO - DAG(s) 'example_sensor_decorator' retrieved from /Users/ravipal/Desktop/Workspace/airflow_tutorial/py_env/lib/python3.12/site-packages/airflow/example_dags/example_sensor_decorator.py
[2024-09-01T00:53:44.678+0530] {logging_mixin.py:190} INFO - [2024-09-01T00:53:44.678+0530] {workday.py:41} WARNING - Could not import pandas. Holidays will not be considered.
[2024-09-01T00:53:44.686+0530] {logging_mixin.py:190} INFO - [2024-09-01T00:53:44.686+0530] {dag.py:3211} INFO - Sync 1 DAGs
[2024-09-01T00:53:44.690+0530] {logging_mixin.py:190} INFO - [2024-09-01T00:53:44.690+0530] {dag.py:4138} INFO - Setting next_dagrun for example_sensor_decorator to None, run_after=None
[2024-09-01T00:53:44.696+0530] {processor.py:208} INFO - Processing /Users/ravipal/Desktop/Workspace/airflow_tutorial/py_env/lib/python3.12/site-packages/airflow/example_dags/example_sensor_decorator.py took 0.066 seconds
[2024-09-01T00:55:54.357+0530] {processor.py:186} INFO - Started process (PID=3619) to work on /Users/ravipal/Desktop/Workspace/airflow_tutorial/py_env/lib/python3.12/site-packages/airflow/example_dags/example_sensor_decorator.py
[2024-09-01T00:55:54.357+0530] {processor.py:914} INFO - Processing file /Users/ravipal/Desktop/Workspace/airflow_tutorial/py_env/lib/python3.12/site-packages/airflow/example_dags/example_sensor_decorator.py for tasks to queue
[2024-09-01T00:55:54.357+0530] {logging_mixin.py:190} INFO - [2024-09-01T00:55:54.357+0530] {dagbag.py:587} INFO - Filling up the DagBag from /Users/ravipal/Desktop/Workspace/airflow_tutorial/py_env/lib/python3.12/site-packages/airflow/example_dags/example_sensor_decorator.py
[2024-09-01T00:55:54.372+0530] {processor.py:925} INFO - DAG(s) 'example_sensor_decorator' retrieved from /Users/ravipal/Desktop/Workspace/airflow_tutorial/py_env/lib/python3.12/site-packages/airflow/example_dags/example_sensor_decorator.py
[2024-09-01T00:55:54.403+0530] {logging_mixin.py:190} INFO - [2024-09-01T00:55:54.402+0530] {workday.py:41} WARNING - Could not import pandas. Holidays will not be considered.
[2024-09-01T00:55:54.410+0530] {logging_mixin.py:190} INFO - [2024-09-01T00:55:54.410+0530] {dag.py:3211} INFO - Sync 1 DAGs
[2024-09-01T00:55:54.414+0530] {logging_mixin.py:190} INFO - [2024-09-01T00:55:54.414+0530] {dag.py:4138} INFO - Setting next_dagrun for example_sensor_decorator to None, run_after=None
[2024-09-01T00:55:54.421+0530] {processor.py:208} INFO - Processing /Users/ravipal/Desktop/Workspace/airflow_tutorial/py_env/lib/python3.12/site-packages/airflow/example_dags/example_sensor_decorator.py took 0.066 seconds
[2024-09-01T00:58:08.276+0530] {processor.py:186} INFO - Started process (PID=3752) to work on /Users/ravipal/Desktop/Workspace/airflow_tutorial/py_env/lib/python3.12/site-packages/airflow/example_dags/example_sensor_decorator.py
[2024-09-01T00:58:08.276+0530] {processor.py:914} INFO - Processing file /Users/ravipal/Desktop/Workspace/airflow_tutorial/py_env/lib/python3.12/site-packages/airflow/example_dags/example_sensor_decorator.py for tasks to queue
[2024-09-01T00:58:08.277+0530] {logging_mixin.py:190} INFO - [2024-09-01T00:58:08.277+0530] {dagbag.py:587} INFO - Filling up the DagBag from /Users/ravipal/Desktop/Workspace/airflow_tutorial/py_env/lib/python3.12/site-packages/airflow/example_dags/example_sensor_decorator.py
[2024-09-01T00:58:08.293+0530] {processor.py:925} INFO - DAG(s) 'example_sensor_decorator' retrieved from /Users/ravipal/Desktop/Workspace/airflow_tutorial/py_env/lib/python3.12/site-packages/airflow/example_dags/example_sensor_decorator.py
[2024-09-01T00:58:08.323+0530] {logging_mixin.py:190} INFO - [2024-09-01T00:58:08.323+0530] {workday.py:41} WARNING - Could not import pandas. Holidays will not be considered.
[2024-09-01T00:58:08.330+0530] {logging_mixin.py:190} INFO - [2024-09-01T00:58:08.330+0530] {dag.py:3211} INFO - Sync 1 DAGs
[2024-09-01T00:58:08.334+0530] {logging_mixin.py:190} INFO - [2024-09-01T00:58:08.334+0530] {dag.py:4138} INFO - Setting next_dagrun for example_sensor_decorator to None, run_after=None
[2024-09-01T00:58:08.341+0530] {processor.py:208} INFO - Processing /Users/ravipal/Desktop/Workspace/airflow_tutorial/py_env/lib/python3.12/site-packages/airflow/example_dags/example_sensor_decorator.py took 0.067 seconds
[2024-09-01T01:00:17.297+0530] {processor.py:186} INFO - Started process (PID=3880) to work on /Users/ravipal/Desktop/Workspace/airflow_tutorial/py_env/lib/python3.12/site-packages/airflow/example_dags/example_sensor_decorator.py
[2024-09-01T01:00:17.298+0530] {processor.py:914} INFO - Processing file /Users/ravipal/Desktop/Workspace/airflow_tutorial/py_env/lib/python3.12/site-packages/airflow/example_dags/example_sensor_decorator.py for tasks to queue
[2024-09-01T01:00:17.298+0530] {logging_mixin.py:190} INFO - [2024-09-01T01:00:17.298+0530] {dagbag.py:587} INFO - Filling up the DagBag from /Users/ravipal/Desktop/Workspace/airflow_tutorial/py_env/lib/python3.12/site-packages/airflow/example_dags/example_sensor_decorator.py
[2024-09-01T01:00:17.314+0530] {processor.py:925} INFO - DAG(s) 'example_sensor_decorator' retrieved from /Users/ravipal/Desktop/Workspace/airflow_tutorial/py_env/lib/python3.12/site-packages/airflow/example_dags/example_sensor_decorator.py
[2024-09-01T01:00:17.344+0530] {logging_mixin.py:190} INFO - [2024-09-01T01:00:17.344+0530] {workday.py:41} WARNING - Could not import pandas. Holidays will not be considered.
[2024-09-01T01:00:17.351+0530] {logging_mixin.py:190} INFO - [2024-09-01T01:00:17.351+0530] {dag.py:3211} INFO - Sync 1 DAGs
[2024-09-01T01:00:17.355+0530] {logging_mixin.py:190} INFO - [2024-09-01T01:00:17.355+0530] {dag.py:4138} INFO - Setting next_dagrun for example_sensor_decorator to None, run_after=None
[2024-09-01T01:00:17.362+0530] {processor.py:208} INFO - Processing /Users/ravipal/Desktop/Workspace/airflow_tutorial/py_env/lib/python3.12/site-packages/airflow/example_dags/example_sensor_decorator.py took 0.067 seconds
[2024-09-01T01:02:24.103+0530] {processor.py:186} INFO - Started process (PID=4009) to work on /Users/ravipal/Desktop/Workspace/airflow_tutorial/py_env/lib/python3.12/site-packages/airflow/example_dags/example_sensor_decorator.py
[2024-09-01T01:02:24.104+0530] {processor.py:914} INFO - Processing file /Users/ravipal/Desktop/Workspace/airflow_tutorial/py_env/lib/python3.12/site-packages/airflow/example_dags/example_sensor_decorator.py for tasks to queue
[2024-09-01T01:02:24.104+0530] {logging_mixin.py:190} INFO - [2024-09-01T01:02:24.104+0530] {dagbag.py:587} INFO - Filling up the DagBag from /Users/ravipal/Desktop/Workspace/airflow_tutorial/py_env/lib/python3.12/site-packages/airflow/example_dags/example_sensor_decorator.py
[2024-09-01T01:02:24.119+0530] {processor.py:925} INFO - DAG(s) 'example_sensor_decorator' retrieved from /Users/ravipal/Desktop/Workspace/airflow_tutorial/py_env/lib/python3.12/site-packages/airflow/example_dags/example_sensor_decorator.py
[2024-09-01T01:02:24.149+0530] {logging_mixin.py:190} INFO - [2024-09-01T01:02:24.149+0530] {workday.py:41} WARNING - Could not import pandas. Holidays will not be considered.
[2024-09-01T01:02:24.156+0530] {logging_mixin.py:190} INFO - [2024-09-01T01:02:24.156+0530] {dag.py:3211} INFO - Sync 1 DAGs
[2024-09-01T01:02:24.160+0530] {logging_mixin.py:190} INFO - [2024-09-01T01:02:24.160+0530] {dag.py:4138} INFO - Setting next_dagrun for example_sensor_decorator to None, run_after=None
[2024-09-01T01:02:24.167+0530] {processor.py:208} INFO - Processing /Users/ravipal/Desktop/Workspace/airflow_tutorial/py_env/lib/python3.12/site-packages/airflow/example_dags/example_sensor_decorator.py took 0.065 seconds
[2024-09-01T01:04:32.366+0530] {processor.py:186} INFO - Started process (PID=4145) to work on /Users/ravipal/Desktop/Workspace/airflow_tutorial/py_env/lib/python3.12/site-packages/airflow/example_dags/example_sensor_decorator.py
[2024-09-01T01:04:32.367+0530] {processor.py:914} INFO - Processing file /Users/ravipal/Desktop/Workspace/airflow_tutorial/py_env/lib/python3.12/site-packages/airflow/example_dags/example_sensor_decorator.py for tasks to queue
[2024-09-01T01:04:32.367+0530] {logging_mixin.py:190} INFO - [2024-09-01T01:04:32.367+0530] {dagbag.py:587} INFO - Filling up the DagBag from /Users/ravipal/Desktop/Workspace/airflow_tutorial/py_env/lib/python3.12/site-packages/airflow/example_dags/example_sensor_decorator.py
[2024-09-01T01:04:32.382+0530] {processor.py:925} INFO - DAG(s) 'example_sensor_decorator' retrieved from /Users/ravipal/Desktop/Workspace/airflow_tutorial/py_env/lib/python3.12/site-packages/airflow/example_dags/example_sensor_decorator.py
[2024-09-01T01:04:32.413+0530] {logging_mixin.py:190} INFO - [2024-09-01T01:04:32.413+0530] {workday.py:41} WARNING - Could not import pandas. Holidays will not be considered.
[2024-09-01T01:04:32.420+0530] {logging_mixin.py:190} INFO - [2024-09-01T01:04:32.420+0530] {dag.py:3211} INFO - Sync 1 DAGs
[2024-09-01T01:04:32.424+0530] {logging_mixin.py:190} INFO - [2024-09-01T01:04:32.424+0530] {dag.py:4138} INFO - Setting next_dagrun for example_sensor_decorator to None, run_after=None
[2024-09-01T01:04:32.431+0530] {processor.py:208} INFO - Processing /Users/ravipal/Desktop/Workspace/airflow_tutorial/py_env/lib/python3.12/site-packages/airflow/example_dags/example_sensor_decorator.py took 0.067 seconds
[2024-09-01T01:06:40.846+0530] {processor.py:186} INFO - Started process (PID=4303) to work on /Users/ravipal/Desktop/Workspace/airflow_tutorial/py_env/lib/python3.12/site-packages/airflow/example_dags/example_sensor_decorator.py
[2024-09-01T01:06:40.847+0530] {processor.py:914} INFO - Processing file /Users/ravipal/Desktop/Workspace/airflow_tutorial/py_env/lib/python3.12/site-packages/airflow/example_dags/example_sensor_decorator.py for tasks to queue
[2024-09-01T01:06:40.847+0530] {logging_mixin.py:190} INFO - [2024-09-01T01:06:40.847+0530] {dagbag.py:587} INFO - Filling up the DagBag from /Users/ravipal/Desktop/Workspace/airflow_tutorial/py_env/lib/python3.12/site-packages/airflow/example_dags/example_sensor_decorator.py
[2024-09-01T01:06:40.862+0530] {processor.py:925} INFO - DAG(s) 'example_sensor_decorator' retrieved from /Users/ravipal/Desktop/Workspace/airflow_tutorial/py_env/lib/python3.12/site-packages/airflow/example_dags/example_sensor_decorator.py
[2024-09-01T01:06:40.892+0530] {logging_mixin.py:190} INFO - [2024-09-01T01:06:40.892+0530] {workday.py:41} WARNING - Could not import pandas. Holidays will not be considered.
[2024-09-01T01:06:40.899+0530] {logging_mixin.py:190} INFO - [2024-09-01T01:06:40.899+0530] {dag.py:3211} INFO - Sync 1 DAGs
[2024-09-01T01:06:40.903+0530] {logging_mixin.py:190} INFO - [2024-09-01T01:06:40.903+0530] {dag.py:4138} INFO - Setting next_dagrun for example_sensor_decorator to None, run_after=None
[2024-09-01T01:06:40.909+0530] {processor.py:208} INFO - Processing /Users/ravipal/Desktop/Workspace/airflow_tutorial/py_env/lib/python3.12/site-packages/airflow/example_dags/example_sensor_decorator.py took 0.066 seconds
[2024-09-01T01:08:52.009+0530] {processor.py:186} INFO - Started process (PID=4434) to work on /Users/ravipal/Desktop/Workspace/airflow_tutorial/py_env/lib/python3.12/site-packages/airflow/example_dags/example_sensor_decorator.py
[2024-09-01T01:08:52.010+0530] {processor.py:914} INFO - Processing file /Users/ravipal/Desktop/Workspace/airflow_tutorial/py_env/lib/python3.12/site-packages/airflow/example_dags/example_sensor_decorator.py for tasks to queue
[2024-09-01T01:08:52.010+0530] {logging_mixin.py:190} INFO - [2024-09-01T01:08:52.010+0530] {dagbag.py:587} INFO - Filling up the DagBag from /Users/ravipal/Desktop/Workspace/airflow_tutorial/py_env/lib/python3.12/site-packages/airflow/example_dags/example_sensor_decorator.py
[2024-09-01T01:08:52.026+0530] {processor.py:925} INFO - DAG(s) 'example_sensor_decorator' retrieved from /Users/ravipal/Desktop/Workspace/airflow_tutorial/py_env/lib/python3.12/site-packages/airflow/example_dags/example_sensor_decorator.py
[2024-09-01T01:08:52.055+0530] {logging_mixin.py:190} INFO - [2024-09-01T01:08:52.055+0530] {workday.py:41} WARNING - Could not import pandas. Holidays will not be considered.
[2024-09-01T01:08:52.063+0530] {logging_mixin.py:190} INFO - [2024-09-01T01:08:52.062+0530] {dag.py:3211} INFO - Sync 1 DAGs
[2024-09-01T01:08:52.066+0530] {logging_mixin.py:190} INFO - [2024-09-01T01:08:52.066+0530] {dag.py:4138} INFO - Setting next_dagrun for example_sensor_decorator to None, run_after=None
[2024-09-01T01:08:52.073+0530] {processor.py:208} INFO - Processing /Users/ravipal/Desktop/Workspace/airflow_tutorial/py_env/lib/python3.12/site-packages/airflow/example_dags/example_sensor_decorator.py took 0.065 seconds
[2024-09-01T01:10:56.589+0530] {processor.py:186} INFO - Started process (PID=4560) to work on /Users/ravipal/Desktop/Workspace/airflow_tutorial/py_env/lib/python3.12/site-packages/airflow/example_dags/example_sensor_decorator.py
[2024-09-01T01:10:56.590+0530] {processor.py:914} INFO - Processing file /Users/ravipal/Desktop/Workspace/airflow_tutorial/py_env/lib/python3.12/site-packages/airflow/example_dags/example_sensor_decorator.py for tasks to queue
[2024-09-01T01:10:56.590+0530] {logging_mixin.py:190} INFO - [2024-09-01T01:10:56.590+0530] {dagbag.py:587} INFO - Filling up the DagBag from /Users/ravipal/Desktop/Workspace/airflow_tutorial/py_env/lib/python3.12/site-packages/airflow/example_dags/example_sensor_decorator.py
[2024-09-01T01:10:56.605+0530] {processor.py:925} INFO - DAG(s) 'example_sensor_decorator' retrieved from /Users/ravipal/Desktop/Workspace/airflow_tutorial/py_env/lib/python3.12/site-packages/airflow/example_dags/example_sensor_decorator.py
[2024-09-01T01:10:56.636+0530] {logging_mixin.py:190} INFO - [2024-09-01T01:10:56.635+0530] {workday.py:41} WARNING - Could not import pandas. Holidays will not be considered.
[2024-09-01T01:10:56.643+0530] {logging_mixin.py:190} INFO - [2024-09-01T01:10:56.643+0530] {dag.py:3211} INFO - Sync 1 DAGs
[2024-09-01T01:10:56.647+0530] {logging_mixin.py:190} INFO - [2024-09-01T01:10:56.647+0530] {dag.py:4138} INFO - Setting next_dagrun for example_sensor_decorator to None, run_after=None
[2024-09-01T01:10:56.653+0530] {processor.py:208} INFO - Processing /Users/ravipal/Desktop/Workspace/airflow_tutorial/py_env/lib/python3.12/site-packages/airflow/example_dags/example_sensor_decorator.py took 0.066 seconds
[2024-09-01T01:13:01.656+0530] {processor.py:186} INFO - Started process (PID=4687) to work on /Users/ravipal/Desktop/Workspace/airflow_tutorial/py_env/lib/python3.12/site-packages/airflow/example_dags/example_sensor_decorator.py
[2024-09-01T01:13:01.657+0530] {processor.py:914} INFO - Processing file /Users/ravipal/Desktop/Workspace/airflow_tutorial/py_env/lib/python3.12/site-packages/airflow/example_dags/example_sensor_decorator.py for tasks to queue
[2024-09-01T01:13:01.657+0530] {logging_mixin.py:190} INFO - [2024-09-01T01:13:01.657+0530] {dagbag.py:587} INFO - Filling up the DagBag from /Users/ravipal/Desktop/Workspace/airflow_tutorial/py_env/lib/python3.12/site-packages/airflow/example_dags/example_sensor_decorator.py
[2024-09-01T01:13:01.672+0530] {processor.py:925} INFO - DAG(s) 'example_sensor_decorator' retrieved from /Users/ravipal/Desktop/Workspace/airflow_tutorial/py_env/lib/python3.12/site-packages/airflow/example_dags/example_sensor_decorator.py
[2024-09-01T01:13:01.702+0530] {logging_mixin.py:190} INFO - [2024-09-01T01:13:01.702+0530] {workday.py:41} WARNING - Could not import pandas. Holidays will not be considered.
[2024-09-01T01:13:01.710+0530] {logging_mixin.py:190} INFO - [2024-09-01T01:13:01.709+0530] {dag.py:3211} INFO - Sync 1 DAGs
[2024-09-01T01:13:01.714+0530] {logging_mixin.py:190} INFO - [2024-09-01T01:13:01.713+0530] {dag.py:4138} INFO - Setting next_dagrun for example_sensor_decorator to None, run_after=None
[2024-09-01T01:13:01.720+0530] {processor.py:208} INFO - Processing /Users/ravipal/Desktop/Workspace/airflow_tutorial/py_env/lib/python3.12/site-packages/airflow/example_dags/example_sensor_decorator.py took 0.066 seconds
[2024-09-01T01:15:15.037+0530] {processor.py:186} INFO - Started process (PID=4820) to work on /Users/ravipal/Desktop/Workspace/airflow_tutorial/py_env/lib/python3.12/site-packages/airflow/example_dags/example_sensor_decorator.py
[2024-09-01T01:15:15.038+0530] {processor.py:914} INFO - Processing file /Users/ravipal/Desktop/Workspace/airflow_tutorial/py_env/lib/python3.12/site-packages/airflow/example_dags/example_sensor_decorator.py for tasks to queue
[2024-09-01T01:15:15.038+0530] {logging_mixin.py:190} INFO - [2024-09-01T01:15:15.038+0530] {dagbag.py:587} INFO - Filling up the DagBag from /Users/ravipal/Desktop/Workspace/airflow_tutorial/py_env/lib/python3.12/site-packages/airflow/example_dags/example_sensor_decorator.py
[2024-09-01T01:15:15.054+0530] {processor.py:925} INFO - DAG(s) 'example_sensor_decorator' retrieved from /Users/ravipal/Desktop/Workspace/airflow_tutorial/py_env/lib/python3.12/site-packages/airflow/example_dags/example_sensor_decorator.py
[2024-09-01T01:15:15.084+0530] {logging_mixin.py:190} INFO - [2024-09-01T01:15:15.084+0530] {workday.py:41} WARNING - Could not import pandas. Holidays will not be considered.
[2024-09-01T01:15:15.092+0530] {logging_mixin.py:190} INFO - [2024-09-01T01:15:15.091+0530] {dag.py:3211} INFO - Sync 1 DAGs
[2024-09-01T01:15:15.096+0530] {logging_mixin.py:190} INFO - [2024-09-01T01:15:15.095+0530] {dag.py:4138} INFO - Setting next_dagrun for example_sensor_decorator to None, run_after=None
[2024-09-01T01:15:15.102+0530] {processor.py:208} INFO - Processing /Users/ravipal/Desktop/Workspace/airflow_tutorial/py_env/lib/python3.12/site-packages/airflow/example_dags/example_sensor_decorator.py took 0.067 seconds
[2024-09-01T01:17:25.461+0530] {processor.py:186} INFO - Started process (PID=4951) to work on /Users/ravipal/Desktop/Workspace/airflow_tutorial/py_env/lib/python3.12/site-packages/airflow/example_dags/example_sensor_decorator.py
[2024-09-01T01:17:25.461+0530] {processor.py:914} INFO - Processing file /Users/ravipal/Desktop/Workspace/airflow_tutorial/py_env/lib/python3.12/site-packages/airflow/example_dags/example_sensor_decorator.py for tasks to queue
[2024-09-01T01:17:25.462+0530] {logging_mixin.py:190} INFO - [2024-09-01T01:17:25.461+0530] {dagbag.py:587} INFO - Filling up the DagBag from /Users/ravipal/Desktop/Workspace/airflow_tutorial/py_env/lib/python3.12/site-packages/airflow/example_dags/example_sensor_decorator.py
[2024-09-01T01:17:25.477+0530] {processor.py:925} INFO - DAG(s) 'example_sensor_decorator' retrieved from /Users/ravipal/Desktop/Workspace/airflow_tutorial/py_env/lib/python3.12/site-packages/airflow/example_dags/example_sensor_decorator.py
[2024-09-01T01:17:25.507+0530] {logging_mixin.py:190} INFO - [2024-09-01T01:17:25.506+0530] {workday.py:41} WARNING - Could not import pandas. Holidays will not be considered.
[2024-09-01T01:17:25.514+0530] {logging_mixin.py:190} INFO - [2024-09-01T01:17:25.514+0530] {dag.py:3211} INFO - Sync 1 DAGs
[2024-09-01T01:17:25.518+0530] {logging_mixin.py:190} INFO - [2024-09-01T01:17:25.518+0530] {dag.py:4138} INFO - Setting next_dagrun for example_sensor_decorator to None, run_after=None
[2024-09-01T01:17:25.524+0530] {processor.py:208} INFO - Processing /Users/ravipal/Desktop/Workspace/airflow_tutorial/py_env/lib/python3.12/site-packages/airflow/example_dags/example_sensor_decorator.py took 0.065 seconds
