[2024-09-01T00:23:31.977+0530] {processor.py:186} INFO - Started process (PID=1456) to work on /Users/ravipal/Desktop/Workspace/airflow_tutorial/py_env/lib/python3.12/site-packages/airflow/example_dags/example_params_trigger_ui.py
[2024-09-01T00:23:31.977+0530] {processor.py:914} INFO - Processing file /Users/ravipal/Desktop/Workspace/airflow_tutorial/py_env/lib/python3.12/site-packages/airflow/example_dags/example_params_trigger_ui.py for tasks to queue
[2024-09-01T00:23:31.978+0530] {logging_mixin.py:190} INFO - [2024-09-01T00:23:31.978+0530] {dagbag.py:587} INFO - Filling up the DagBag from /Users/ravipal/Desktop/Workspace/airflow_tutorial/py_env/lib/python3.12/site-packages/airflow/example_dags/example_params_trigger_ui.py
[2024-09-01T00:23:31.995+0530] {processor.py:925} INFO - DAG(s) 'example_params_trigger_ui' retrieved from /Users/ravipal/Desktop/Workspace/airflow_tutorial/py_env/lib/python3.12/site-packages/airflow/example_dags/example_params_trigger_ui.py
[2024-09-01T00:23:32.102+0530] {logging_mixin.py:190} INFO - [2024-09-01T00:23:32.102+0530] {override.py:1858} INFO - Created Permission View: can read on DAG:example_params_trigger_ui
[2024-09-01T00:23:32.106+0530] {logging_mixin.py:190} INFO - [2024-09-01T00:23:32.106+0530] {override.py:1858} INFO - Created Permission View: can edit on DAG:example_params_trigger_ui
[2024-09-01T00:23:32.108+0530] {logging_mixin.py:190} INFO - [2024-09-01T00:23:32.108+0530] {override.py:1858} INFO - Created Permission View: can delete on DAG:example_params_trigger_ui
[2024-09-01T00:23:32.108+0530] {logging_mixin.py:190} INFO - [2024-09-01T00:23:32.108+0530] {dag.py:3211} INFO - Sync 1 DAGs
[2024-09-01T00:23:32.112+0530] {logging_mixin.py:190} INFO - [2024-09-01T00:23:32.112+0530] {dag.py:3234} INFO - Creating ORM DAG for example_params_trigger_ui
[2024-09-01T00:23:32.112+0530] {logging_mixin.py:190} INFO - [2024-09-01T00:23:32.112+0530] {dag.py:4138} INFO - Setting next_dagrun for example_params_trigger_ui to None, run_after=None
[2024-09-01T00:23:32.119+0530] {processor.py:208} INFO - Processing /Users/ravipal/Desktop/Workspace/airflow_tutorial/py_env/lib/python3.12/site-packages/airflow/example_dags/example_params_trigger_ui.py took 0.144 seconds
[2024-09-01T00:25:10.510+0530] {processor.py:186} INFO - Started process (PID=1558) to work on /Users/ravipal/Desktop/Workspace/airflow_tutorial/py_env/lib/python3.12/site-packages/airflow/example_dags/example_params_trigger_ui.py
[2024-09-01T00:25:10.510+0530] {processor.py:914} INFO - Processing file /Users/ravipal/Desktop/Workspace/airflow_tutorial/py_env/lib/python3.12/site-packages/airflow/example_dags/example_params_trigger_ui.py for tasks to queue
[2024-09-01T00:25:10.511+0530] {logging_mixin.py:190} INFO - [2024-09-01T00:25:10.510+0530] {dagbag.py:587} INFO - Filling up the DagBag from /Users/ravipal/Desktop/Workspace/airflow_tutorial/py_env/lib/python3.12/site-packages/airflow/example_dags/example_params_trigger_ui.py
[2024-09-01T00:25:10.527+0530] {processor.py:925} INFO - DAG(s) 'example_params_trigger_ui' retrieved from /Users/ravipal/Desktop/Workspace/airflow_tutorial/py_env/lib/python3.12/site-packages/airflow/example_dags/example_params_trigger_ui.py
[2024-09-01T00:25:10.568+0530] {logging_mixin.py:190} INFO - [2024-09-01T00:25:10.567+0530] {dag.py:3211} INFO - Sync 1 DAGs
[2024-09-01T00:25:10.572+0530] {logging_mixin.py:190} INFO - [2024-09-01T00:25:10.572+0530] {dag.py:4138} INFO - Setting next_dagrun for example_params_trigger_ui to None, run_after=None
[2024-09-01T00:25:10.578+0530] {processor.py:208} INFO - Processing /Users/ravipal/Desktop/Workspace/airflow_tutorial/py_env/lib/python3.12/site-packages/airflow/example_dags/example_params_trigger_ui.py took 0.071 seconds
[2024-09-01T00:27:25.760+0530] {processor.py:186} INFO - Started process (PID=1857) to work on /Users/ravipal/Desktop/Workspace/airflow_tutorial/py_env/lib/python3.12/site-packages/airflow/example_dags/example_params_trigger_ui.py
[2024-09-01T00:27:25.761+0530] {processor.py:914} INFO - Processing file /Users/ravipal/Desktop/Workspace/airflow_tutorial/py_env/lib/python3.12/site-packages/airflow/example_dags/example_params_trigger_ui.py for tasks to queue
[2024-09-01T00:27:25.761+0530] {logging_mixin.py:190} INFO - [2024-09-01T00:27:25.761+0530] {dagbag.py:587} INFO - Filling up the DagBag from /Users/ravipal/Desktop/Workspace/airflow_tutorial/py_env/lib/python3.12/site-packages/airflow/example_dags/example_params_trigger_ui.py
[2024-09-01T00:27:25.777+0530] {processor.py:925} INFO - DAG(s) 'example_params_trigger_ui' retrieved from /Users/ravipal/Desktop/Workspace/airflow_tutorial/py_env/lib/python3.12/site-packages/airflow/example_dags/example_params_trigger_ui.py
[2024-09-01T00:27:25.824+0530] {logging_mixin.py:190} INFO - [2024-09-01T00:27:25.823+0530] {dag.py:3211} INFO - Sync 1 DAGs
[2024-09-01T00:27:25.828+0530] {logging_mixin.py:190} INFO - [2024-09-01T00:27:25.828+0530] {dag.py:4138} INFO - Setting next_dagrun for example_params_trigger_ui to None, run_after=None
[2024-09-01T00:27:25.836+0530] {processor.py:208} INFO - Processing /Users/ravipal/Desktop/Workspace/airflow_tutorial/py_env/lib/python3.12/site-packages/airflow/example_dags/example_params_trigger_ui.py took 0.078 seconds
[2024-09-01T00:29:38.764+0530] {processor.py:186} INFO - Started process (PID=2016) to work on /Users/ravipal/Desktop/Workspace/airflow_tutorial/py_env/lib/python3.12/site-packages/airflow/example_dags/example_params_trigger_ui.py
[2024-09-01T00:29:38.764+0530] {processor.py:914} INFO - Processing file /Users/ravipal/Desktop/Workspace/airflow_tutorial/py_env/lib/python3.12/site-packages/airflow/example_dags/example_params_trigger_ui.py for tasks to queue
[2024-09-01T00:29:38.765+0530] {logging_mixin.py:190} INFO - [2024-09-01T00:29:38.764+0530] {dagbag.py:587} INFO - Filling up the DagBag from /Users/ravipal/Desktop/Workspace/airflow_tutorial/py_env/lib/python3.12/site-packages/airflow/example_dags/example_params_trigger_ui.py
[2024-09-01T00:29:38.782+0530] {processor.py:925} INFO - DAG(s) 'example_params_trigger_ui' retrieved from /Users/ravipal/Desktop/Workspace/airflow_tutorial/py_env/lib/python3.12/site-packages/airflow/example_dags/example_params_trigger_ui.py
[2024-09-01T00:29:38.826+0530] {logging_mixin.py:190} INFO - [2024-09-01T00:29:38.826+0530] {dag.py:3211} INFO - Sync 1 DAGs
[2024-09-01T00:29:38.831+0530] {logging_mixin.py:190} INFO - [2024-09-01T00:29:38.831+0530] {dag.py:4138} INFO - Setting next_dagrun for example_params_trigger_ui to None, run_after=None
[2024-09-01T00:29:38.839+0530] {processor.py:208} INFO - Processing /Users/ravipal/Desktop/Workspace/airflow_tutorial/py_env/lib/python3.12/site-packages/airflow/example_dags/example_params_trigger_ui.py took 0.078 seconds
[2024-09-01T00:31:50.390+0530] {processor.py:186} INFO - Started process (PID=2151) to work on /Users/ravipal/Desktop/Workspace/airflow_tutorial/py_env/lib/python3.12/site-packages/airflow/example_dags/example_params_trigger_ui.py
[2024-09-01T00:31:50.390+0530] {processor.py:914} INFO - Processing file /Users/ravipal/Desktop/Workspace/airflow_tutorial/py_env/lib/python3.12/site-packages/airflow/example_dags/example_params_trigger_ui.py for tasks to queue
[2024-09-01T00:31:50.391+0530] {logging_mixin.py:190} INFO - [2024-09-01T00:31:50.391+0530] {dagbag.py:587} INFO - Filling up the DagBag from /Users/ravipal/Desktop/Workspace/airflow_tutorial/py_env/lib/python3.12/site-packages/airflow/example_dags/example_params_trigger_ui.py
[2024-09-01T00:31:50.407+0530] {processor.py:925} INFO - DAG(s) 'example_params_trigger_ui' retrieved from /Users/ravipal/Desktop/Workspace/airflow_tutorial/py_env/lib/python3.12/site-packages/airflow/example_dags/example_params_trigger_ui.py
[2024-09-01T00:31:50.447+0530] {logging_mixin.py:190} INFO - [2024-09-01T00:31:50.447+0530] {dag.py:3211} INFO - Sync 1 DAGs
[2024-09-01T00:31:50.451+0530] {logging_mixin.py:190} INFO - [2024-09-01T00:31:50.451+0530] {dag.py:4138} INFO - Setting next_dagrun for example_params_trigger_ui to None, run_after=None
[2024-09-01T00:31:50.458+0530] {processor.py:208} INFO - Processing /Users/ravipal/Desktop/Workspace/airflow_tutorial/py_env/lib/python3.12/site-packages/airflow/example_dags/example_params_trigger_ui.py took 0.070 seconds
[2024-09-01T00:34:04.745+0530] {processor.py:186} INFO - Started process (PID=2283) to work on /Users/ravipal/Desktop/Workspace/airflow_tutorial/py_env/lib/python3.12/site-packages/airflow/example_dags/example_params_trigger_ui.py
[2024-09-01T00:34:04.746+0530] {processor.py:914} INFO - Processing file /Users/ravipal/Desktop/Workspace/airflow_tutorial/py_env/lib/python3.12/site-packages/airflow/example_dags/example_params_trigger_ui.py for tasks to queue
[2024-09-01T00:34:04.746+0530] {logging_mixin.py:190} INFO - [2024-09-01T00:34:04.746+0530] {dagbag.py:587} INFO - Filling up the DagBag from /Users/ravipal/Desktop/Workspace/airflow_tutorial/py_env/lib/python3.12/site-packages/airflow/example_dags/example_params_trigger_ui.py
[2024-09-01T00:34:04.763+0530] {processor.py:925} INFO - DAG(s) 'example_params_trigger_ui' retrieved from /Users/ravipal/Desktop/Workspace/airflow_tutorial/py_env/lib/python3.12/site-packages/airflow/example_dags/example_params_trigger_ui.py
[2024-09-01T00:34:04.804+0530] {logging_mixin.py:190} INFO - [2024-09-01T00:34:04.804+0530] {dag.py:3211} INFO - Sync 1 DAGs
[2024-09-01T00:34:04.808+0530] {logging_mixin.py:190} INFO - [2024-09-01T00:34:04.808+0530] {dag.py:4138} INFO - Setting next_dagrun for example_params_trigger_ui to None, run_after=None
[2024-09-01T00:34:04.815+0530] {processor.py:208} INFO - Processing /Users/ravipal/Desktop/Workspace/airflow_tutorial/py_env/lib/python3.12/site-packages/airflow/example_dags/example_params_trigger_ui.py took 0.072 seconds
[2024-09-01T00:36:20.545+0530] {processor.py:186} INFO - Started process (PID=2419) to work on /Users/ravipal/Desktop/Workspace/airflow_tutorial/py_env/lib/python3.12/site-packages/airflow/example_dags/example_params_trigger_ui.py
[2024-09-01T00:36:20.546+0530] {processor.py:914} INFO - Processing file /Users/ravipal/Desktop/Workspace/airflow_tutorial/py_env/lib/python3.12/site-packages/airflow/example_dags/example_params_trigger_ui.py for tasks to queue
[2024-09-01T00:36:20.546+0530] {logging_mixin.py:190} INFO - [2024-09-01T00:36:20.546+0530] {dagbag.py:587} INFO - Filling up the DagBag from /Users/ravipal/Desktop/Workspace/airflow_tutorial/py_env/lib/python3.12/site-packages/airflow/example_dags/example_params_trigger_ui.py
[2024-09-01T00:36:20.563+0530] {processor.py:925} INFO - DAG(s) 'example_params_trigger_ui' retrieved from /Users/ravipal/Desktop/Workspace/airflow_tutorial/py_env/lib/python3.12/site-packages/airflow/example_dags/example_params_trigger_ui.py
[2024-09-01T00:36:20.607+0530] {logging_mixin.py:190} INFO - [2024-09-01T00:36:20.607+0530] {dag.py:3211} INFO - Sync 1 DAGs
[2024-09-01T00:36:20.611+0530] {logging_mixin.py:190} INFO - [2024-09-01T00:36:20.611+0530] {dag.py:4138} INFO - Setting next_dagrun for example_params_trigger_ui to None, run_after=None
[2024-09-01T00:36:20.618+0530] {processor.py:208} INFO - Processing /Users/ravipal/Desktop/Workspace/airflow_tutorial/py_env/lib/python3.12/site-packages/airflow/example_dags/example_params_trigger_ui.py took 0.075 seconds
[2024-09-01T00:38:31.757+0530] {processor.py:186} INFO - Started process (PID=2552) to work on /Users/ravipal/Desktop/Workspace/airflow_tutorial/py_env/lib/python3.12/site-packages/airflow/example_dags/example_params_trigger_ui.py
[2024-09-01T00:38:31.758+0530] {processor.py:914} INFO - Processing file /Users/ravipal/Desktop/Workspace/airflow_tutorial/py_env/lib/python3.12/site-packages/airflow/example_dags/example_params_trigger_ui.py for tasks to queue
[2024-09-01T00:38:31.758+0530] {logging_mixin.py:190} INFO - [2024-09-01T00:38:31.758+0530] {dagbag.py:587} INFO - Filling up the DagBag from /Users/ravipal/Desktop/Workspace/airflow_tutorial/py_env/lib/python3.12/site-packages/airflow/example_dags/example_params_trigger_ui.py
[2024-09-01T00:38:31.774+0530] {processor.py:925} INFO - DAG(s) 'example_params_trigger_ui' retrieved from /Users/ravipal/Desktop/Workspace/airflow_tutorial/py_env/lib/python3.12/site-packages/airflow/example_dags/example_params_trigger_ui.py
[2024-09-01T00:38:31.814+0530] {logging_mixin.py:190} INFO - [2024-09-01T00:38:31.814+0530] {dag.py:3211} INFO - Sync 1 DAGs
[2024-09-01T00:38:31.818+0530] {logging_mixin.py:190} INFO - [2024-09-01T00:38:31.818+0530] {dag.py:4138} INFO - Setting next_dagrun for example_params_trigger_ui to None, run_after=None
[2024-09-01T00:38:31.825+0530] {processor.py:208} INFO - Processing /Users/ravipal/Desktop/Workspace/airflow_tutorial/py_env/lib/python3.12/site-packages/airflow/example_dags/example_params_trigger_ui.py took 0.069 seconds
[2024-09-01T00:40:37.152+0530] {processor.py:186} INFO - Started process (PID=2679) to work on /Users/ravipal/Desktop/Workspace/airflow_tutorial/py_env/lib/python3.12/site-packages/airflow/example_dags/example_params_trigger_ui.py
[2024-09-01T00:40:37.152+0530] {processor.py:914} INFO - Processing file /Users/ravipal/Desktop/Workspace/airflow_tutorial/py_env/lib/python3.12/site-packages/airflow/example_dags/example_params_trigger_ui.py for tasks to queue
[2024-09-01T00:40:37.153+0530] {logging_mixin.py:190} INFO - [2024-09-01T00:40:37.153+0530] {dagbag.py:587} INFO - Filling up the DagBag from /Users/ravipal/Desktop/Workspace/airflow_tutorial/py_env/lib/python3.12/site-packages/airflow/example_dags/example_params_trigger_ui.py
[2024-09-01T00:40:37.169+0530] {processor.py:925} INFO - DAG(s) 'example_params_trigger_ui' retrieved from /Users/ravipal/Desktop/Workspace/airflow_tutorial/py_env/lib/python3.12/site-packages/airflow/example_dags/example_params_trigger_ui.py
[2024-09-01T00:40:37.209+0530] {logging_mixin.py:190} INFO - [2024-09-01T00:40:37.208+0530] {dag.py:3211} INFO - Sync 1 DAGs
[2024-09-01T00:40:37.213+0530] {logging_mixin.py:190} INFO - [2024-09-01T00:40:37.213+0530] {dag.py:4138} INFO - Setting next_dagrun for example_params_trigger_ui to None, run_after=None
[2024-09-01T00:40:37.219+0530] {processor.py:208} INFO - Processing /Users/ravipal/Desktop/Workspace/airflow_tutorial/py_env/lib/python3.12/site-packages/airflow/example_dags/example_params_trigger_ui.py took 0.069 seconds
[2024-09-01T00:42:50.956+0530] {processor.py:186} INFO - Started process (PID=2809) to work on /Users/ravipal/Desktop/Workspace/airflow_tutorial/py_env/lib/python3.12/site-packages/airflow/example_dags/example_params_trigger_ui.py
[2024-09-01T00:42:50.956+0530] {processor.py:914} INFO - Processing file /Users/ravipal/Desktop/Workspace/airflow_tutorial/py_env/lib/python3.12/site-packages/airflow/example_dags/example_params_trigger_ui.py for tasks to queue
[2024-09-01T00:42:50.957+0530] {logging_mixin.py:190} INFO - [2024-09-01T00:42:50.957+0530] {dagbag.py:587} INFO - Filling up the DagBag from /Users/ravipal/Desktop/Workspace/airflow_tutorial/py_env/lib/python3.12/site-packages/airflow/example_dags/example_params_trigger_ui.py
[2024-09-01T00:42:50.973+0530] {processor.py:925} INFO - DAG(s) 'example_params_trigger_ui' retrieved from /Users/ravipal/Desktop/Workspace/airflow_tutorial/py_env/lib/python3.12/site-packages/airflow/example_dags/example_params_trigger_ui.py
[2024-09-01T00:42:51.013+0530] {logging_mixin.py:190} INFO - [2024-09-01T00:42:51.013+0530] {dag.py:3211} INFO - Sync 1 DAGs
[2024-09-01T00:42:51.018+0530] {logging_mixin.py:190} INFO - [2024-09-01T00:42:51.017+0530] {dag.py:4138} INFO - Setting next_dagrun for example_params_trigger_ui to None, run_after=None
[2024-09-01T00:42:51.024+0530] {processor.py:208} INFO - Processing /Users/ravipal/Desktop/Workspace/airflow_tutorial/py_env/lib/python3.12/site-packages/airflow/example_dags/example_params_trigger_ui.py took 0.070 seconds
[2024-09-01T00:45:06.810+0530] {processor.py:186} INFO - Started process (PID=2945) to work on /Users/ravipal/Desktop/Workspace/airflow_tutorial/py_env/lib/python3.12/site-packages/airflow/example_dags/example_params_trigger_ui.py
[2024-09-01T00:45:06.810+0530] {processor.py:914} INFO - Processing file /Users/ravipal/Desktop/Workspace/airflow_tutorial/py_env/lib/python3.12/site-packages/airflow/example_dags/example_params_trigger_ui.py for tasks to queue
[2024-09-01T00:45:06.811+0530] {logging_mixin.py:190} INFO - [2024-09-01T00:45:06.811+0530] {dagbag.py:587} INFO - Filling up the DagBag from /Users/ravipal/Desktop/Workspace/airflow_tutorial/py_env/lib/python3.12/site-packages/airflow/example_dags/example_params_trigger_ui.py
[2024-09-01T00:45:06.827+0530] {processor.py:925} INFO - DAG(s) 'example_params_trigger_ui' retrieved from /Users/ravipal/Desktop/Workspace/airflow_tutorial/py_env/lib/python3.12/site-packages/airflow/example_dags/example_params_trigger_ui.py
[2024-09-01T00:45:06.867+0530] {logging_mixin.py:190} INFO - [2024-09-01T00:45:06.867+0530] {dag.py:3211} INFO - Sync 1 DAGs
[2024-09-01T00:45:06.871+0530] {logging_mixin.py:190} INFO - [2024-09-01T00:45:06.871+0530] {dag.py:4138} INFO - Setting next_dagrun for example_params_trigger_ui to None, run_after=None
[2024-09-01T00:45:06.877+0530] {processor.py:208} INFO - Processing /Users/ravipal/Desktop/Workspace/airflow_tutorial/py_env/lib/python3.12/site-packages/airflow/example_dags/example_params_trigger_ui.py took 0.070 seconds
[2024-09-01T00:47:20.505+0530] {processor.py:186} INFO - Started process (PID=3076) to work on /Users/ravipal/Desktop/Workspace/airflow_tutorial/py_env/lib/python3.12/site-packages/airflow/example_dags/example_params_trigger_ui.py
[2024-09-01T00:47:20.505+0530] {processor.py:914} INFO - Processing file /Users/ravipal/Desktop/Workspace/airflow_tutorial/py_env/lib/python3.12/site-packages/airflow/example_dags/example_params_trigger_ui.py for tasks to queue
[2024-09-01T00:47:20.506+0530] {logging_mixin.py:190} INFO - [2024-09-01T00:47:20.506+0530] {dagbag.py:587} INFO - Filling up the DagBag from /Users/ravipal/Desktop/Workspace/airflow_tutorial/py_env/lib/python3.12/site-packages/airflow/example_dags/example_params_trigger_ui.py
[2024-09-01T00:47:20.522+0530] {processor.py:925} INFO - DAG(s) 'example_params_trigger_ui' retrieved from /Users/ravipal/Desktop/Workspace/airflow_tutorial/py_env/lib/python3.12/site-packages/airflow/example_dags/example_params_trigger_ui.py
[2024-09-01T00:47:20.561+0530] {logging_mixin.py:190} INFO - [2024-09-01T00:47:20.561+0530] {dag.py:3211} INFO - Sync 1 DAGs
[2024-09-01T00:47:20.565+0530] {logging_mixin.py:190} INFO - [2024-09-01T00:47:20.565+0530] {dag.py:4138} INFO - Setting next_dagrun for example_params_trigger_ui to None, run_after=None
[2024-09-01T00:47:20.572+0530] {processor.py:208} INFO - Processing /Users/ravipal/Desktop/Workspace/airflow_tutorial/py_env/lib/python3.12/site-packages/airflow/example_dags/example_params_trigger_ui.py took 0.069 seconds
[2024-09-01T00:49:25.531+0530] {processor.py:186} INFO - Started process (PID=3210) to work on /Users/ravipal/Desktop/Workspace/airflow_tutorial/py_env/lib/python3.12/site-packages/airflow/example_dags/example_params_trigger_ui.py
[2024-09-01T00:49:25.532+0530] {processor.py:914} INFO - Processing file /Users/ravipal/Desktop/Workspace/airflow_tutorial/py_env/lib/python3.12/site-packages/airflow/example_dags/example_params_trigger_ui.py for tasks to queue
[2024-09-01T00:49:25.532+0530] {logging_mixin.py:190} INFO - [2024-09-01T00:49:25.532+0530] {dagbag.py:587} INFO - Filling up the DagBag from /Users/ravipal/Desktop/Workspace/airflow_tutorial/py_env/lib/python3.12/site-packages/airflow/example_dags/example_params_trigger_ui.py
[2024-09-01T00:49:25.549+0530] {processor.py:925} INFO - DAG(s) 'example_params_trigger_ui' retrieved from /Users/ravipal/Desktop/Workspace/airflow_tutorial/py_env/lib/python3.12/site-packages/airflow/example_dags/example_params_trigger_ui.py
[2024-09-01T00:49:25.590+0530] {logging_mixin.py:190} INFO - [2024-09-01T00:49:25.590+0530] {dag.py:3211} INFO - Sync 1 DAGs
[2024-09-01T00:49:25.594+0530] {logging_mixin.py:190} INFO - [2024-09-01T00:49:25.594+0530] {dag.py:4138} INFO - Setting next_dagrun for example_params_trigger_ui to None, run_after=None
[2024-09-01T00:49:25.601+0530] {processor.py:208} INFO - Processing /Users/ravipal/Desktop/Workspace/airflow_tutorial/py_env/lib/python3.12/site-packages/airflow/example_dags/example_params_trigger_ui.py took 0.071 seconds
[2024-09-01T00:51:42.616+0530] {processor.py:186} INFO - Started process (PID=3366) to work on /Users/ravipal/Desktop/Workspace/airflow_tutorial/py_env/lib/python3.12/site-packages/airflow/example_dags/example_params_trigger_ui.py
[2024-09-01T00:51:42.617+0530] {processor.py:914} INFO - Processing file /Users/ravipal/Desktop/Workspace/airflow_tutorial/py_env/lib/python3.12/site-packages/airflow/example_dags/example_params_trigger_ui.py for tasks to queue
[2024-09-01T00:51:42.617+0530] {logging_mixin.py:190} INFO - [2024-09-01T00:51:42.617+0530] {dagbag.py:587} INFO - Filling up the DagBag from /Users/ravipal/Desktop/Workspace/airflow_tutorial/py_env/lib/python3.12/site-packages/airflow/example_dags/example_params_trigger_ui.py
[2024-09-01T00:51:42.633+0530] {processor.py:925} INFO - DAG(s) 'example_params_trigger_ui' retrieved from /Users/ravipal/Desktop/Workspace/airflow_tutorial/py_env/lib/python3.12/site-packages/airflow/example_dags/example_params_trigger_ui.py
[2024-09-01T00:51:42.672+0530] {logging_mixin.py:190} INFO - [2024-09-01T00:51:42.672+0530] {dag.py:3211} INFO - Sync 1 DAGs
[2024-09-01T00:51:42.676+0530] {logging_mixin.py:190} INFO - [2024-09-01T00:51:42.676+0530] {dag.py:4138} INFO - Setting next_dagrun for example_params_trigger_ui to None, run_after=None
[2024-09-01T00:51:42.683+0530] {processor.py:208} INFO - Processing /Users/ravipal/Desktop/Workspace/airflow_tutorial/py_env/lib/python3.12/site-packages/airflow/example_dags/example_params_trigger_ui.py took 0.069 seconds
[2024-09-01T00:53:53.500+0530] {processor.py:186} INFO - Started process (PID=3497) to work on /Users/ravipal/Desktop/Workspace/airflow_tutorial/py_env/lib/python3.12/site-packages/airflow/example_dags/example_params_trigger_ui.py
[2024-09-01T00:53:53.500+0530] {processor.py:914} INFO - Processing file /Users/ravipal/Desktop/Workspace/airflow_tutorial/py_env/lib/python3.12/site-packages/airflow/example_dags/example_params_trigger_ui.py for tasks to queue
[2024-09-01T00:53:53.500+0530] {logging_mixin.py:190} INFO - [2024-09-01T00:53:53.500+0530] {dagbag.py:587} INFO - Filling up the DagBag from /Users/ravipal/Desktop/Workspace/airflow_tutorial/py_env/lib/python3.12/site-packages/airflow/example_dags/example_params_trigger_ui.py
[2024-09-01T00:53:53.517+0530] {processor.py:925} INFO - DAG(s) 'example_params_trigger_ui' retrieved from /Users/ravipal/Desktop/Workspace/airflow_tutorial/py_env/lib/python3.12/site-packages/airflow/example_dags/example_params_trigger_ui.py
[2024-09-01T00:53:53.557+0530] {logging_mixin.py:190} INFO - [2024-09-01T00:53:53.557+0530] {dag.py:3211} INFO - Sync 1 DAGs
[2024-09-01T00:53:53.561+0530] {logging_mixin.py:190} INFO - [2024-09-01T00:53:53.561+0530] {dag.py:4138} INFO - Setting next_dagrun for example_params_trigger_ui to None, run_after=None
[2024-09-01T00:53:53.567+0530] {processor.py:208} INFO - Processing /Users/ravipal/Desktop/Workspace/airflow_tutorial/py_env/lib/python3.12/site-packages/airflow/example_dags/example_params_trigger_ui.py took 0.070 seconds
[2024-09-01T00:56:03.599+0530] {processor.py:186} INFO - Started process (PID=3628) to work on /Users/ravipal/Desktop/Workspace/airflow_tutorial/py_env/lib/python3.12/site-packages/airflow/example_dags/example_params_trigger_ui.py
[2024-09-01T00:56:03.599+0530] {processor.py:914} INFO - Processing file /Users/ravipal/Desktop/Workspace/airflow_tutorial/py_env/lib/python3.12/site-packages/airflow/example_dags/example_params_trigger_ui.py for tasks to queue
[2024-09-01T00:56:03.600+0530] {logging_mixin.py:190} INFO - [2024-09-01T00:56:03.600+0530] {dagbag.py:587} INFO - Filling up the DagBag from /Users/ravipal/Desktop/Workspace/airflow_tutorial/py_env/lib/python3.12/site-packages/airflow/example_dags/example_params_trigger_ui.py
[2024-09-01T00:56:03.616+0530] {processor.py:925} INFO - DAG(s) 'example_params_trigger_ui' retrieved from /Users/ravipal/Desktop/Workspace/airflow_tutorial/py_env/lib/python3.12/site-packages/airflow/example_dags/example_params_trigger_ui.py
[2024-09-01T00:56:03.656+0530] {logging_mixin.py:190} INFO - [2024-09-01T00:56:03.656+0530] {dag.py:3211} INFO - Sync 1 DAGs
[2024-09-01T00:56:03.660+0530] {logging_mixin.py:190} INFO - [2024-09-01T00:56:03.660+0530] {dag.py:4138} INFO - Setting next_dagrun for example_params_trigger_ui to None, run_after=None
[2024-09-01T00:56:03.666+0530] {processor.py:208} INFO - Processing /Users/ravipal/Desktop/Workspace/airflow_tutorial/py_env/lib/python3.12/site-packages/airflow/example_dags/example_params_trigger_ui.py took 0.069 seconds
[2024-09-01T00:58:17.258+0530] {processor.py:186} INFO - Started process (PID=3761) to work on /Users/ravipal/Desktop/Workspace/airflow_tutorial/py_env/lib/python3.12/site-packages/airflow/example_dags/example_params_trigger_ui.py
[2024-09-01T00:58:17.258+0530] {processor.py:914} INFO - Processing file /Users/ravipal/Desktop/Workspace/airflow_tutorial/py_env/lib/python3.12/site-packages/airflow/example_dags/example_params_trigger_ui.py for tasks to queue
[2024-09-01T00:58:17.258+0530] {logging_mixin.py:190} INFO - [2024-09-01T00:58:17.258+0530] {dagbag.py:587} INFO - Filling up the DagBag from /Users/ravipal/Desktop/Workspace/airflow_tutorial/py_env/lib/python3.12/site-packages/airflow/example_dags/example_params_trigger_ui.py
[2024-09-01T00:58:17.275+0530] {processor.py:925} INFO - DAG(s) 'example_params_trigger_ui' retrieved from /Users/ravipal/Desktop/Workspace/airflow_tutorial/py_env/lib/python3.12/site-packages/airflow/example_dags/example_params_trigger_ui.py
[2024-09-01T00:58:17.316+0530] {logging_mixin.py:190} INFO - [2024-09-01T00:58:17.315+0530] {dag.py:3211} INFO - Sync 1 DAGs
[2024-09-01T00:58:17.320+0530] {logging_mixin.py:190} INFO - [2024-09-01T00:58:17.320+0530] {dag.py:4138} INFO - Setting next_dagrun for example_params_trigger_ui to None, run_after=None
[2024-09-01T00:58:17.326+0530] {processor.py:208} INFO - Processing /Users/ravipal/Desktop/Workspace/airflow_tutorial/py_env/lib/python3.12/site-packages/airflow/example_dags/example_params_trigger_ui.py took 0.070 seconds
[2024-09-01T01:00:26.317+0530] {processor.py:186} INFO - Started process (PID=3889) to work on /Users/ravipal/Desktop/Workspace/airflow_tutorial/py_env/lib/python3.12/site-packages/airflow/example_dags/example_params_trigger_ui.py
[2024-09-01T01:00:26.317+0530] {processor.py:914} INFO - Processing file /Users/ravipal/Desktop/Workspace/airflow_tutorial/py_env/lib/python3.12/site-packages/airflow/example_dags/example_params_trigger_ui.py for tasks to queue
[2024-09-01T01:00:26.318+0530] {logging_mixin.py:190} INFO - [2024-09-01T01:00:26.318+0530] {dagbag.py:587} INFO - Filling up the DagBag from /Users/ravipal/Desktop/Workspace/airflow_tutorial/py_env/lib/python3.12/site-packages/airflow/example_dags/example_params_trigger_ui.py
[2024-09-01T01:00:26.333+0530] {processor.py:925} INFO - DAG(s) 'example_params_trigger_ui' retrieved from /Users/ravipal/Desktop/Workspace/airflow_tutorial/py_env/lib/python3.12/site-packages/airflow/example_dags/example_params_trigger_ui.py
[2024-09-01T01:00:26.373+0530] {logging_mixin.py:190} INFO - [2024-09-01T01:00:26.373+0530] {dag.py:3211} INFO - Sync 1 DAGs
[2024-09-01T01:00:26.377+0530] {logging_mixin.py:190} INFO - [2024-09-01T01:00:26.377+0530] {dag.py:4138} INFO - Setting next_dagrun for example_params_trigger_ui to None, run_after=None
[2024-09-01T01:00:26.384+0530] {processor.py:208} INFO - Processing /Users/ravipal/Desktop/Workspace/airflow_tutorial/py_env/lib/python3.12/site-packages/airflow/example_dags/example_params_trigger_ui.py took 0.069 seconds
[2024-09-01T01:02:33.400+0530] {processor.py:186} INFO - Started process (PID=4018) to work on /Users/ravipal/Desktop/Workspace/airflow_tutorial/py_env/lib/python3.12/site-packages/airflow/example_dags/example_params_trigger_ui.py
[2024-09-01T01:02:33.400+0530] {processor.py:914} INFO - Processing file /Users/ravipal/Desktop/Workspace/airflow_tutorial/py_env/lib/python3.12/site-packages/airflow/example_dags/example_params_trigger_ui.py for tasks to queue
[2024-09-01T01:02:33.400+0530] {logging_mixin.py:190} INFO - [2024-09-01T01:02:33.400+0530] {dagbag.py:587} INFO - Filling up the DagBag from /Users/ravipal/Desktop/Workspace/airflow_tutorial/py_env/lib/python3.12/site-packages/airflow/example_dags/example_params_trigger_ui.py
[2024-09-01T01:02:33.416+0530] {processor.py:925} INFO - DAG(s) 'example_params_trigger_ui' retrieved from /Users/ravipal/Desktop/Workspace/airflow_tutorial/py_env/lib/python3.12/site-packages/airflow/example_dags/example_params_trigger_ui.py
[2024-09-01T01:02:33.456+0530] {logging_mixin.py:190} INFO - [2024-09-01T01:02:33.456+0530] {dag.py:3211} INFO - Sync 1 DAGs
[2024-09-01T01:02:33.460+0530] {logging_mixin.py:190} INFO - [2024-09-01T01:02:33.460+0530] {dag.py:4138} INFO - Setting next_dagrun for example_params_trigger_ui to None, run_after=None
[2024-09-01T01:02:33.467+0530] {processor.py:208} INFO - Processing /Users/ravipal/Desktop/Workspace/airflow_tutorial/py_env/lib/python3.12/site-packages/airflow/example_dags/example_params_trigger_ui.py took 0.069 seconds
[2024-09-01T01:04:40.505+0530] {processor.py:186} INFO - Started process (PID=4158) to work on /Users/ravipal/Desktop/Workspace/airflow_tutorial/py_env/lib/python3.12/site-packages/airflow/example_dags/example_params_trigger_ui.py
[2024-09-01T01:04:40.505+0530] {processor.py:914} INFO - Processing file /Users/ravipal/Desktop/Workspace/airflow_tutorial/py_env/lib/python3.12/site-packages/airflow/example_dags/example_params_trigger_ui.py for tasks to queue
[2024-09-01T01:04:40.506+0530] {logging_mixin.py:190} INFO - [2024-09-01T01:04:40.506+0530] {dagbag.py:587} INFO - Filling up the DagBag from /Users/ravipal/Desktop/Workspace/airflow_tutorial/py_env/lib/python3.12/site-packages/airflow/example_dags/example_params_trigger_ui.py
[2024-09-01T01:04:40.523+0530] {processor.py:925} INFO - DAG(s) 'example_params_trigger_ui' retrieved from /Users/ravipal/Desktop/Workspace/airflow_tutorial/py_env/lib/python3.12/site-packages/airflow/example_dags/example_params_trigger_ui.py
[2024-09-01T01:04:40.564+0530] {logging_mixin.py:190} INFO - [2024-09-01T01:04:40.563+0530] {dag.py:3211} INFO - Sync 1 DAGs
[2024-09-01T01:04:40.568+0530] {logging_mixin.py:190} INFO - [2024-09-01T01:04:40.568+0530] {dag.py:4138} INFO - Setting next_dagrun for example_params_trigger_ui to None, run_after=None
[2024-09-01T01:04:40.575+0530] {processor.py:208} INFO - Processing /Users/ravipal/Desktop/Workspace/airflow_tutorial/py_env/lib/python3.12/site-packages/airflow/example_dags/example_params_trigger_ui.py took 0.072 seconds
[2024-09-01T01:06:50.030+0530] {processor.py:186} INFO - Started process (PID=4312) to work on /Users/ravipal/Desktop/Workspace/airflow_tutorial/py_env/lib/python3.12/site-packages/airflow/example_dags/example_params_trigger_ui.py
[2024-09-01T01:06:50.030+0530] {processor.py:914} INFO - Processing file /Users/ravipal/Desktop/Workspace/airflow_tutorial/py_env/lib/python3.12/site-packages/airflow/example_dags/example_params_trigger_ui.py for tasks to queue
[2024-09-01T01:06:50.031+0530] {logging_mixin.py:190} INFO - [2024-09-01T01:06:50.031+0530] {dagbag.py:587} INFO - Filling up the DagBag from /Users/ravipal/Desktop/Workspace/airflow_tutorial/py_env/lib/python3.12/site-packages/airflow/example_dags/example_params_trigger_ui.py
[2024-09-01T01:06:50.046+0530] {processor.py:925} INFO - DAG(s) 'example_params_trigger_ui' retrieved from /Users/ravipal/Desktop/Workspace/airflow_tutorial/py_env/lib/python3.12/site-packages/airflow/example_dags/example_params_trigger_ui.py
[2024-09-01T01:06:50.086+0530] {logging_mixin.py:190} INFO - [2024-09-01T01:06:50.086+0530] {dag.py:3211} INFO - Sync 1 DAGs
[2024-09-01T01:06:50.090+0530] {logging_mixin.py:190} INFO - [2024-09-01T01:06:50.090+0530] {dag.py:4138} INFO - Setting next_dagrun for example_params_trigger_ui to None, run_after=None
[2024-09-01T01:06:50.096+0530] {processor.py:208} INFO - Processing /Users/ravipal/Desktop/Workspace/airflow_tutorial/py_env/lib/python3.12/site-packages/airflow/example_dags/example_params_trigger_ui.py took 0.069 seconds
[2024-09-01T01:09:00.438+0530] {processor.py:186} INFO - Started process (PID=4443) to work on /Users/ravipal/Desktop/Workspace/airflow_tutorial/py_env/lib/python3.12/site-packages/airflow/example_dags/example_params_trigger_ui.py
[2024-09-01T01:09:00.438+0530] {processor.py:914} INFO - Processing file /Users/ravipal/Desktop/Workspace/airflow_tutorial/py_env/lib/python3.12/site-packages/airflow/example_dags/example_params_trigger_ui.py for tasks to queue
[2024-09-01T01:09:00.439+0530] {logging_mixin.py:190} INFO - [2024-09-01T01:09:00.439+0530] {dagbag.py:587} INFO - Filling up the DagBag from /Users/ravipal/Desktop/Workspace/airflow_tutorial/py_env/lib/python3.12/site-packages/airflow/example_dags/example_params_trigger_ui.py
[2024-09-01T01:09:00.455+0530] {processor.py:925} INFO - DAG(s) 'example_params_trigger_ui' retrieved from /Users/ravipal/Desktop/Workspace/airflow_tutorial/py_env/lib/python3.12/site-packages/airflow/example_dags/example_params_trigger_ui.py
[2024-09-01T01:09:00.495+0530] {logging_mixin.py:190} INFO - [2024-09-01T01:09:00.494+0530] {dag.py:3211} INFO - Sync 1 DAGs
[2024-09-01T01:09:00.499+0530] {logging_mixin.py:190} INFO - [2024-09-01T01:09:00.499+0530] {dag.py:4138} INFO - Setting next_dagrun for example_params_trigger_ui to None, run_after=None
[2024-09-01T01:09:00.505+0530] {processor.py:208} INFO - Processing /Users/ravipal/Desktop/Workspace/airflow_tutorial/py_env/lib/python3.12/site-packages/airflow/example_dags/example_params_trigger_ui.py took 0.069 seconds
[2024-09-01T01:11:05.090+0530] {processor.py:186} INFO - Started process (PID=4569) to work on /Users/ravipal/Desktop/Workspace/airflow_tutorial/py_env/lib/python3.12/site-packages/airflow/example_dags/example_params_trigger_ui.py
[2024-09-01T01:11:05.091+0530] {processor.py:914} INFO - Processing file /Users/ravipal/Desktop/Workspace/airflow_tutorial/py_env/lib/python3.12/site-packages/airflow/example_dags/example_params_trigger_ui.py for tasks to queue
[2024-09-01T01:11:05.091+0530] {logging_mixin.py:190} INFO - [2024-09-01T01:11:05.091+0530] {dagbag.py:587} INFO - Filling up the DagBag from /Users/ravipal/Desktop/Workspace/airflow_tutorial/py_env/lib/python3.12/site-packages/airflow/example_dags/example_params_trigger_ui.py
[2024-09-01T01:11:05.107+0530] {processor.py:925} INFO - DAG(s) 'example_params_trigger_ui' retrieved from /Users/ravipal/Desktop/Workspace/airflow_tutorial/py_env/lib/python3.12/site-packages/airflow/example_dags/example_params_trigger_ui.py
[2024-09-01T01:11:05.147+0530] {logging_mixin.py:190} INFO - [2024-09-01T01:11:05.147+0530] {dag.py:3211} INFO - Sync 1 DAGs
[2024-09-01T01:11:05.151+0530] {logging_mixin.py:190} INFO - [2024-09-01T01:11:05.151+0530] {dag.py:4138} INFO - Setting next_dagrun for example_params_trigger_ui to None, run_after=None
[2024-09-01T01:11:05.158+0530] {processor.py:208} INFO - Processing /Users/ravipal/Desktop/Workspace/airflow_tutorial/py_env/lib/python3.12/site-packages/airflow/example_dags/example_params_trigger_ui.py took 0.070 seconds
[2024-09-01T01:13:10.400+0530] {processor.py:186} INFO - Started process (PID=4696) to work on /Users/ravipal/Desktop/Workspace/airflow_tutorial/py_env/lib/python3.12/site-packages/airflow/example_dags/example_params_trigger_ui.py
[2024-09-01T01:13:10.401+0530] {processor.py:914} INFO - Processing file /Users/ravipal/Desktop/Workspace/airflow_tutorial/py_env/lib/python3.12/site-packages/airflow/example_dags/example_params_trigger_ui.py for tasks to queue
[2024-09-01T01:13:10.401+0530] {logging_mixin.py:190} INFO - [2024-09-01T01:13:10.401+0530] {dagbag.py:587} INFO - Filling up the DagBag from /Users/ravipal/Desktop/Workspace/airflow_tutorial/py_env/lib/python3.12/site-packages/airflow/example_dags/example_params_trigger_ui.py
[2024-09-01T01:13:10.417+0530] {processor.py:925} INFO - DAG(s) 'example_params_trigger_ui' retrieved from /Users/ravipal/Desktop/Workspace/airflow_tutorial/py_env/lib/python3.12/site-packages/airflow/example_dags/example_params_trigger_ui.py
[2024-09-01T01:13:10.457+0530] {logging_mixin.py:190} INFO - [2024-09-01T01:13:10.457+0530] {dag.py:3211} INFO - Sync 1 DAGs
[2024-09-01T01:13:10.461+0530] {logging_mixin.py:190} INFO - [2024-09-01T01:13:10.461+0530] {dag.py:4138} INFO - Setting next_dagrun for example_params_trigger_ui to None, run_after=None
[2024-09-01T01:13:10.467+0530] {processor.py:208} INFO - Processing /Users/ravipal/Desktop/Workspace/airflow_tutorial/py_env/lib/python3.12/site-packages/airflow/example_dags/example_params_trigger_ui.py took 0.069 seconds
[2024-09-01T01:15:23.502+0530] {processor.py:186} INFO - Started process (PID=4829) to work on /Users/ravipal/Desktop/Workspace/airflow_tutorial/py_env/lib/python3.12/site-packages/airflow/example_dags/example_params_trigger_ui.py
[2024-09-01T01:15:23.502+0530] {processor.py:914} INFO - Processing file /Users/ravipal/Desktop/Workspace/airflow_tutorial/py_env/lib/python3.12/site-packages/airflow/example_dags/example_params_trigger_ui.py for tasks to queue
[2024-09-01T01:15:23.503+0530] {logging_mixin.py:190} INFO - [2024-09-01T01:15:23.503+0530] {dagbag.py:587} INFO - Filling up the DagBag from /Users/ravipal/Desktop/Workspace/airflow_tutorial/py_env/lib/python3.12/site-packages/airflow/example_dags/example_params_trigger_ui.py
[2024-09-01T01:15:23.519+0530] {processor.py:925} INFO - DAG(s) 'example_params_trigger_ui' retrieved from /Users/ravipal/Desktop/Workspace/airflow_tutorial/py_env/lib/python3.12/site-packages/airflow/example_dags/example_params_trigger_ui.py
[2024-09-01T01:15:23.560+0530] {logging_mixin.py:190} INFO - [2024-09-01T01:15:23.560+0530] {dag.py:3211} INFO - Sync 1 DAGs
[2024-09-01T01:15:23.564+0530] {logging_mixin.py:190} INFO - [2024-09-01T01:15:23.564+0530] {dag.py:4138} INFO - Setting next_dagrun for example_params_trigger_ui to None, run_after=None
[2024-09-01T01:15:23.571+0530] {processor.py:208} INFO - Processing /Users/ravipal/Desktop/Workspace/airflow_tutorial/py_env/lib/python3.12/site-packages/airflow/example_dags/example_params_trigger_ui.py took 0.071 seconds
[2024-09-01T01:17:34.659+0530] {processor.py:186} INFO - Started process (PID=4960) to work on /Users/ravipal/Desktop/Workspace/airflow_tutorial/py_env/lib/python3.12/site-packages/airflow/example_dags/example_params_trigger_ui.py
[2024-09-01T01:17:34.659+0530] {processor.py:914} INFO - Processing file /Users/ravipal/Desktop/Workspace/airflow_tutorial/py_env/lib/python3.12/site-packages/airflow/example_dags/example_params_trigger_ui.py for tasks to queue
[2024-09-01T01:17:34.660+0530] {logging_mixin.py:190} INFO - [2024-09-01T01:17:34.660+0530] {dagbag.py:587} INFO - Filling up the DagBag from /Users/ravipal/Desktop/Workspace/airflow_tutorial/py_env/lib/python3.12/site-packages/airflow/example_dags/example_params_trigger_ui.py
[2024-09-01T01:17:34.676+0530] {processor.py:925} INFO - DAG(s) 'example_params_trigger_ui' retrieved from /Users/ravipal/Desktop/Workspace/airflow_tutorial/py_env/lib/python3.12/site-packages/airflow/example_dags/example_params_trigger_ui.py
[2024-09-01T01:17:34.716+0530] {logging_mixin.py:190} INFO - [2024-09-01T01:17:34.716+0530] {dag.py:3211} INFO - Sync 1 DAGs
[2024-09-01T01:17:34.720+0530] {logging_mixin.py:190} INFO - [2024-09-01T01:17:34.720+0530] {dag.py:4138} INFO - Setting next_dagrun for example_params_trigger_ui to None, run_after=None
[2024-09-01T01:17:34.727+0530] {processor.py:208} INFO - Processing /Users/ravipal/Desktop/Workspace/airflow_tutorial/py_env/lib/python3.12/site-packages/airflow/example_dags/example_params_trigger_ui.py took 0.070 seconds
