[2024-09-01T00:24:03.915+0530] {processor.py:186} INFO - Started process (PID=1489) to work on /Users/ravipal/Desktop/Workspace/airflow_tutorial/py_env/lib/python3.12/site-packages/airflow/example_dags/example_branch_operator_decorator.py
[2024-09-01T00:24:03.915+0530] {processor.py:914} INFO - Processing file /Users/ravipal/Desktop/Workspace/airflow_tutorial/py_env/lib/python3.12/site-packages/airflow/example_dags/example_branch_operator_decorator.py for tasks to queue
[2024-09-01T00:24:03.916+0530] {logging_mixin.py:190} INFO - [2024-09-01T00:24:03.916+0530] {dagbag.py:587} INFO - Filling up the DagBag from /Users/ravipal/Desktop/Workspace/airflow_tutorial/py_env/lib/python3.12/site-packages/airflow/example_dags/example_branch_operator_decorator.py
[2024-09-01T00:24:03.925+0530] {processor.py:927} WARNING - No viable dags retrieved from /Users/ravipal/Desktop/Workspace/airflow_tutorial/py_env/lib/python3.12/site-packages/airflow/example_dags/example_branch_operator_decorator.py
[2024-09-01T00:24:03.955+0530] {processor.py:208} INFO - Processing /Users/ravipal/Desktop/Workspace/airflow_tutorial/py_env/lib/python3.12/site-packages/airflow/example_dags/example_branch_operator_decorator.py took 0.042 seconds
[2024-09-01T00:26:19.806+0530] {processor.py:186} INFO - Started process (PID=1626) to work on /Users/ravipal/Desktop/Workspace/airflow_tutorial/py_env/lib/python3.12/site-packages/airflow/example_dags/example_branch_operator_decorator.py
[2024-09-01T00:26:19.806+0530] {processor.py:914} INFO - Processing file /Users/ravipal/Desktop/Workspace/airflow_tutorial/py_env/lib/python3.12/site-packages/airflow/example_dags/example_branch_operator_decorator.py for tasks to queue
[2024-09-01T00:26:19.807+0530] {logging_mixin.py:190} INFO - [2024-09-01T00:26:19.806+0530] {dagbag.py:587} INFO - Filling up the DagBag from /Users/ravipal/Desktop/Workspace/airflow_tutorial/py_env/lib/python3.12/site-packages/airflow/example_dags/example_branch_operator_decorator.py
[2024-09-01T00:26:19.815+0530] {processor.py:927} WARNING - No viable dags retrieved from /Users/ravipal/Desktop/Workspace/airflow_tutorial/py_env/lib/python3.12/site-packages/airflow/example_dags/example_branch_operator_decorator.py
[2024-09-01T00:26:19.845+0530] {processor.py:208} INFO - Processing /Users/ravipal/Desktop/Workspace/airflow_tutorial/py_env/lib/python3.12/site-packages/airflow/example_dags/example_branch_operator_decorator.py took 0.041 seconds
[2024-09-01T00:28:38.588+0530] {processor.py:186} INFO - Started process (PID=1956) to work on /Users/ravipal/Desktop/Workspace/airflow_tutorial/py_env/lib/python3.12/site-packages/airflow/example_dags/example_branch_operator_decorator.py
[2024-09-01T00:28:38.588+0530] {processor.py:914} INFO - Processing file /Users/ravipal/Desktop/Workspace/airflow_tutorial/py_env/lib/python3.12/site-packages/airflow/example_dags/example_branch_operator_decorator.py for tasks to queue
[2024-09-01T00:28:38.588+0530] {logging_mixin.py:190} INFO - [2024-09-01T00:28:38.588+0530] {dagbag.py:587} INFO - Filling up the DagBag from /Users/ravipal/Desktop/Workspace/airflow_tutorial/py_env/lib/python3.12/site-packages/airflow/example_dags/example_branch_operator_decorator.py
[2024-09-01T00:28:38.597+0530] {processor.py:927} WARNING - No viable dags retrieved from /Users/ravipal/Desktop/Workspace/airflow_tutorial/py_env/lib/python3.12/site-packages/airflow/example_dags/example_branch_operator_decorator.py
[2024-09-01T00:28:38.628+0530] {processor.py:208} INFO - Processing /Users/ravipal/Desktop/Workspace/airflow_tutorial/py_env/lib/python3.12/site-packages/airflow/example_dags/example_branch_operator_decorator.py took 0.043 seconds
[2024-09-01T00:30:46.411+0530] {processor.py:186} INFO - Started process (PID=2088) to work on /Users/ravipal/Desktop/Workspace/airflow_tutorial/py_env/lib/python3.12/site-packages/airflow/example_dags/example_branch_operator_decorator.py
[2024-09-01T00:30:46.412+0530] {processor.py:914} INFO - Processing file /Users/ravipal/Desktop/Workspace/airflow_tutorial/py_env/lib/python3.12/site-packages/airflow/example_dags/example_branch_operator_decorator.py for tasks to queue
[2024-09-01T00:30:46.412+0530] {logging_mixin.py:190} INFO - [2024-09-01T00:30:46.412+0530] {dagbag.py:587} INFO - Filling up the DagBag from /Users/ravipal/Desktop/Workspace/airflow_tutorial/py_env/lib/python3.12/site-packages/airflow/example_dags/example_branch_operator_decorator.py
[2024-09-01T00:30:46.421+0530] {processor.py:927} WARNING - No viable dags retrieved from /Users/ravipal/Desktop/Workspace/airflow_tutorial/py_env/lib/python3.12/site-packages/airflow/example_dags/example_branch_operator_decorator.py
[2024-09-01T00:30:46.452+0530] {processor.py:208} INFO - Processing /Users/ravipal/Desktop/Workspace/airflow_tutorial/py_env/lib/python3.12/site-packages/airflow/example_dags/example_branch_operator_decorator.py took 0.042 seconds
[2024-09-01T00:33:00.483+0530] {processor.py:186} INFO - Started process (PID=2219) to work on /Users/ravipal/Desktop/Workspace/airflow_tutorial/py_env/lib/python3.12/site-packages/airflow/example_dags/example_branch_operator_decorator.py
[2024-09-01T00:33:00.483+0530] {processor.py:914} INFO - Processing file /Users/ravipal/Desktop/Workspace/airflow_tutorial/py_env/lib/python3.12/site-packages/airflow/example_dags/example_branch_operator_decorator.py for tasks to queue
[2024-09-01T00:33:00.484+0530] {logging_mixin.py:190} INFO - [2024-09-01T00:33:00.484+0530] {dagbag.py:587} INFO - Filling up the DagBag from /Users/ravipal/Desktop/Workspace/airflow_tutorial/py_env/lib/python3.12/site-packages/airflow/example_dags/example_branch_operator_decorator.py
[2024-09-01T00:33:00.493+0530] {processor.py:927} WARNING - No viable dags retrieved from /Users/ravipal/Desktop/Workspace/airflow_tutorial/py_env/lib/python3.12/site-packages/airflow/example_dags/example_branch_operator_decorator.py
[2024-09-01T00:33:00.523+0530] {processor.py:208} INFO - Processing /Users/ravipal/Desktop/Workspace/airflow_tutorial/py_env/lib/python3.12/site-packages/airflow/example_dags/example_branch_operator_decorator.py took 0.042 seconds
[2024-09-01T00:35:17.833+0530] {processor.py:186} INFO - Started process (PID=2356) to work on /Users/ravipal/Desktop/Workspace/airflow_tutorial/py_env/lib/python3.12/site-packages/airflow/example_dags/example_branch_operator_decorator.py
[2024-09-01T00:35:17.833+0530] {processor.py:914} INFO - Processing file /Users/ravipal/Desktop/Workspace/airflow_tutorial/py_env/lib/python3.12/site-packages/airflow/example_dags/example_branch_operator_decorator.py for tasks to queue
[2024-09-01T00:35:17.834+0530] {logging_mixin.py:190} INFO - [2024-09-01T00:35:17.834+0530] {dagbag.py:587} INFO - Filling up the DagBag from /Users/ravipal/Desktop/Workspace/airflow_tutorial/py_env/lib/python3.12/site-packages/airflow/example_dags/example_branch_operator_decorator.py
[2024-09-01T00:35:17.843+0530] {processor.py:927} WARNING - No viable dags retrieved from /Users/ravipal/Desktop/Workspace/airflow_tutorial/py_env/lib/python3.12/site-packages/airflow/example_dags/example_branch_operator_decorator.py
[2024-09-01T00:35:17.878+0530] {processor.py:208} INFO - Processing /Users/ravipal/Desktop/Workspace/airflow_tutorial/py_env/lib/python3.12/site-packages/airflow/example_dags/example_branch_operator_decorator.py took 0.047 seconds
[2024-09-01T00:37:31.665+0530] {processor.py:186} INFO - Started process (PID=2491) to work on /Users/ravipal/Desktop/Workspace/airflow_tutorial/py_env/lib/python3.12/site-packages/airflow/example_dags/example_branch_operator_decorator.py
[2024-09-01T00:37:31.666+0530] {processor.py:914} INFO - Processing file /Users/ravipal/Desktop/Workspace/airflow_tutorial/py_env/lib/python3.12/site-packages/airflow/example_dags/example_branch_operator_decorator.py for tasks to queue
[2024-09-01T00:37:31.666+0530] {logging_mixin.py:190} INFO - [2024-09-01T00:37:31.666+0530] {dagbag.py:587} INFO - Filling up the DagBag from /Users/ravipal/Desktop/Workspace/airflow_tutorial/py_env/lib/python3.12/site-packages/airflow/example_dags/example_branch_operator_decorator.py
[2024-09-01T00:37:31.675+0530] {processor.py:927} WARNING - No viable dags retrieved from /Users/ravipal/Desktop/Workspace/airflow_tutorial/py_env/lib/python3.12/site-packages/airflow/example_dags/example_branch_operator_decorator.py
[2024-09-01T00:37:31.704+0530] {processor.py:208} INFO - Processing /Users/ravipal/Desktop/Workspace/airflow_tutorial/py_env/lib/python3.12/site-packages/airflow/example_dags/example_branch_operator_decorator.py took 0.041 seconds
[2024-09-01T00:39:35.703+0530] {processor.py:186} INFO - Started process (PID=2616) to work on /Users/ravipal/Desktop/Workspace/airflow_tutorial/py_env/lib/python3.12/site-packages/airflow/example_dags/example_branch_operator_decorator.py
[2024-09-01T00:39:35.704+0530] {processor.py:914} INFO - Processing file /Users/ravipal/Desktop/Workspace/airflow_tutorial/py_env/lib/python3.12/site-packages/airflow/example_dags/example_branch_operator_decorator.py for tasks to queue
[2024-09-01T00:39:35.704+0530] {logging_mixin.py:190} INFO - [2024-09-01T00:39:35.704+0530] {dagbag.py:587} INFO - Filling up the DagBag from /Users/ravipal/Desktop/Workspace/airflow_tutorial/py_env/lib/python3.12/site-packages/airflow/example_dags/example_branch_operator_decorator.py
[2024-09-01T00:39:35.713+0530] {processor.py:927} WARNING - No viable dags retrieved from /Users/ravipal/Desktop/Workspace/airflow_tutorial/py_env/lib/python3.12/site-packages/airflow/example_dags/example_branch_operator_decorator.py
[2024-09-01T00:39:35.742+0530] {processor.py:208} INFO - Processing /Users/ravipal/Desktop/Workspace/airflow_tutorial/py_env/lib/python3.12/site-packages/airflow/example_dags/example_branch_operator_decorator.py took 0.041 seconds
[2024-09-01T00:41:47.314+0530] {processor.py:186} INFO - Started process (PID=2748) to work on /Users/ravipal/Desktop/Workspace/airflow_tutorial/py_env/lib/python3.12/site-packages/airflow/example_dags/example_branch_operator_decorator.py
[2024-09-01T00:41:47.315+0530] {processor.py:914} INFO - Processing file /Users/ravipal/Desktop/Workspace/airflow_tutorial/py_env/lib/python3.12/site-packages/airflow/example_dags/example_branch_operator_decorator.py for tasks to queue
[2024-09-01T00:41:47.315+0530] {logging_mixin.py:190} INFO - [2024-09-01T00:41:47.315+0530] {dagbag.py:587} INFO - Filling up the DagBag from /Users/ravipal/Desktop/Workspace/airflow_tutorial/py_env/lib/python3.12/site-packages/airflow/example_dags/example_branch_operator_decorator.py
[2024-09-01T00:41:47.324+0530] {processor.py:927} WARNING - No viable dags retrieved from /Users/ravipal/Desktop/Workspace/airflow_tutorial/py_env/lib/python3.12/site-packages/airflow/example_dags/example_branch_operator_decorator.py
[2024-09-01T00:41:47.355+0530] {processor.py:208} INFO - Processing /Users/ravipal/Desktop/Workspace/airflow_tutorial/py_env/lib/python3.12/site-packages/airflow/example_dags/example_branch_operator_decorator.py took 0.043 seconds
[2024-09-01T00:44:02.028+0530] {processor.py:186} INFO - Started process (PID=2881) to work on /Users/ravipal/Desktop/Workspace/airflow_tutorial/py_env/lib/python3.12/site-packages/airflow/example_dags/example_branch_operator_decorator.py
[2024-09-01T00:44:02.029+0530] {processor.py:914} INFO - Processing file /Users/ravipal/Desktop/Workspace/airflow_tutorial/py_env/lib/python3.12/site-packages/airflow/example_dags/example_branch_operator_decorator.py for tasks to queue
[2024-09-01T00:44:02.029+0530] {logging_mixin.py:190} INFO - [2024-09-01T00:44:02.029+0530] {dagbag.py:587} INFO - Filling up the DagBag from /Users/ravipal/Desktop/Workspace/airflow_tutorial/py_env/lib/python3.12/site-packages/airflow/example_dags/example_branch_operator_decorator.py
[2024-09-01T00:44:02.038+0530] {processor.py:927} WARNING - No viable dags retrieved from /Users/ravipal/Desktop/Workspace/airflow_tutorial/py_env/lib/python3.12/site-packages/airflow/example_dags/example_branch_operator_decorator.py
[2024-09-01T00:44:02.069+0530] {processor.py:208} INFO - Processing /Users/ravipal/Desktop/Workspace/airflow_tutorial/py_env/lib/python3.12/site-packages/airflow/example_dags/example_branch_operator_decorator.py took 0.043 seconds
[2024-09-01T00:46:17.609+0530] {processor.py:186} INFO - Started process (PID=3015) to work on /Users/ravipal/Desktop/Workspace/airflow_tutorial/py_env/lib/python3.12/site-packages/airflow/example_dags/example_branch_operator_decorator.py
[2024-09-01T00:46:17.609+0530] {processor.py:914} INFO - Processing file /Users/ravipal/Desktop/Workspace/airflow_tutorial/py_env/lib/python3.12/site-packages/airflow/example_dags/example_branch_operator_decorator.py for tasks to queue
[2024-09-01T00:46:17.610+0530] {logging_mixin.py:190} INFO - [2024-09-01T00:46:17.609+0530] {dagbag.py:587} INFO - Filling up the DagBag from /Users/ravipal/Desktop/Workspace/airflow_tutorial/py_env/lib/python3.12/site-packages/airflow/example_dags/example_branch_operator_decorator.py
[2024-09-01T00:46:17.619+0530] {processor.py:927} WARNING - No viable dags retrieved from /Users/ravipal/Desktop/Workspace/airflow_tutorial/py_env/lib/python3.12/site-packages/airflow/example_dags/example_branch_operator_decorator.py
[2024-09-01T00:46:17.649+0530] {processor.py:208} INFO - Processing /Users/ravipal/Desktop/Workspace/airflow_tutorial/py_env/lib/python3.12/site-packages/airflow/example_dags/example_branch_operator_decorator.py took 0.042 seconds
[2024-09-01T00:48:27.194+0530] {processor.py:186} INFO - Started process (PID=3145) to work on /Users/ravipal/Desktop/Workspace/airflow_tutorial/py_env/lib/python3.12/site-packages/airflow/example_dags/example_branch_operator_decorator.py
[2024-09-01T00:48:27.194+0530] {processor.py:914} INFO - Processing file /Users/ravipal/Desktop/Workspace/airflow_tutorial/py_env/lib/python3.12/site-packages/airflow/example_dags/example_branch_operator_decorator.py for tasks to queue
[2024-09-01T00:48:27.194+0530] {logging_mixin.py:190} INFO - [2024-09-01T00:48:27.194+0530] {dagbag.py:587} INFO - Filling up the DagBag from /Users/ravipal/Desktop/Workspace/airflow_tutorial/py_env/lib/python3.12/site-packages/airflow/example_dags/example_branch_operator_decorator.py
[2024-09-01T00:48:27.204+0530] {processor.py:927} WARNING - No viable dags retrieved from /Users/ravipal/Desktop/Workspace/airflow_tutorial/py_env/lib/python3.12/site-packages/airflow/example_dags/example_branch_operator_decorator.py
[2024-09-01T00:48:27.234+0530] {processor.py:208} INFO - Processing /Users/ravipal/Desktop/Workspace/airflow_tutorial/py_env/lib/python3.12/site-packages/airflow/example_dags/example_branch_operator_decorator.py took 0.043 seconds
[2024-09-01T00:50:38.322+0530] {processor.py:186} INFO - Started process (PID=3299) to work on /Users/ravipal/Desktop/Workspace/airflow_tutorial/py_env/lib/python3.12/site-packages/airflow/example_dags/example_branch_operator_decorator.py
[2024-09-01T00:50:38.323+0530] {processor.py:914} INFO - Processing file /Users/ravipal/Desktop/Workspace/airflow_tutorial/py_env/lib/python3.12/site-packages/airflow/example_dags/example_branch_operator_decorator.py for tasks to queue
[2024-09-01T00:50:38.324+0530] {logging_mixin.py:190} INFO - [2024-09-01T00:50:38.324+0530] {dagbag.py:587} INFO - Filling up the DagBag from /Users/ravipal/Desktop/Workspace/airflow_tutorial/py_env/lib/python3.12/site-packages/airflow/example_dags/example_branch_operator_decorator.py
[2024-09-01T00:50:38.333+0530] {processor.py:927} WARNING - No viable dags retrieved from /Users/ravipal/Desktop/Workspace/airflow_tutorial/py_env/lib/python3.12/site-packages/airflow/example_dags/example_branch_operator_decorator.py
[2024-09-01T00:50:38.364+0530] {processor.py:208} INFO - Processing /Users/ravipal/Desktop/Workspace/airflow_tutorial/py_env/lib/python3.12/site-packages/airflow/example_dags/example_branch_operator_decorator.py took 0.045 seconds
[2024-09-01T00:52:51.548+0530] {processor.py:186} INFO - Started process (PID=3434) to work on /Users/ravipal/Desktop/Workspace/airflow_tutorial/py_env/lib/python3.12/site-packages/airflow/example_dags/example_branch_operator_decorator.py
[2024-09-01T00:52:51.549+0530] {processor.py:914} INFO - Processing file /Users/ravipal/Desktop/Workspace/airflow_tutorial/py_env/lib/python3.12/site-packages/airflow/example_dags/example_branch_operator_decorator.py for tasks to queue
[2024-09-01T00:52:51.549+0530] {logging_mixin.py:190} INFO - [2024-09-01T00:52:51.549+0530] {dagbag.py:587} INFO - Filling up the DagBag from /Users/ravipal/Desktop/Workspace/airflow_tutorial/py_env/lib/python3.12/site-packages/airflow/example_dags/example_branch_operator_decorator.py
[2024-09-01T00:52:51.558+0530] {processor.py:927} WARNING - No viable dags retrieved from /Users/ravipal/Desktop/Workspace/airflow_tutorial/py_env/lib/python3.12/site-packages/airflow/example_dags/example_branch_operator_decorator.py
[2024-09-01T00:52:51.588+0530] {processor.py:208} INFO - Processing /Users/ravipal/Desktop/Workspace/airflow_tutorial/py_env/lib/python3.12/site-packages/airflow/example_dags/example_branch_operator_decorator.py took 0.042 seconds
[2024-09-01T00:55:02.832+0530] {processor.py:186} INFO - Started process (PID=3567) to work on /Users/ravipal/Desktop/Workspace/airflow_tutorial/py_env/lib/python3.12/site-packages/airflow/example_dags/example_branch_operator_decorator.py
[2024-09-01T00:55:02.832+0530] {processor.py:914} INFO - Processing file /Users/ravipal/Desktop/Workspace/airflow_tutorial/py_env/lib/python3.12/site-packages/airflow/example_dags/example_branch_operator_decorator.py for tasks to queue
[2024-09-01T00:55:02.832+0530] {logging_mixin.py:190} INFO - [2024-09-01T00:55:02.832+0530] {dagbag.py:587} INFO - Filling up the DagBag from /Users/ravipal/Desktop/Workspace/airflow_tutorial/py_env/lib/python3.12/site-packages/airflow/example_dags/example_branch_operator_decorator.py
[2024-09-01T00:55:02.841+0530] {processor.py:927} WARNING - No viable dags retrieved from /Users/ravipal/Desktop/Workspace/airflow_tutorial/py_env/lib/python3.12/site-packages/airflow/example_dags/example_branch_operator_decorator.py
[2024-09-01T00:55:02.871+0530] {processor.py:208} INFO - Processing /Users/ravipal/Desktop/Workspace/airflow_tutorial/py_env/lib/python3.12/site-packages/airflow/example_dags/example_branch_operator_decorator.py took 0.042 seconds
[2024-09-01T00:57:13.486+0530] {processor.py:186} INFO - Started process (PID=3697) to work on /Users/ravipal/Desktop/Workspace/airflow_tutorial/py_env/lib/python3.12/site-packages/airflow/example_dags/example_branch_operator_decorator.py
[2024-09-01T00:57:13.486+0530] {processor.py:914} INFO - Processing file /Users/ravipal/Desktop/Workspace/airflow_tutorial/py_env/lib/python3.12/site-packages/airflow/example_dags/example_branch_operator_decorator.py for tasks to queue
[2024-09-01T00:57:13.486+0530] {logging_mixin.py:190} INFO - [2024-09-01T00:57:13.486+0530] {dagbag.py:587} INFO - Filling up the DagBag from /Users/ravipal/Desktop/Workspace/airflow_tutorial/py_env/lib/python3.12/site-packages/airflow/example_dags/example_branch_operator_decorator.py
[2024-09-01T00:57:13.495+0530] {processor.py:927} WARNING - No viable dags retrieved from /Users/ravipal/Desktop/Workspace/airflow_tutorial/py_env/lib/python3.12/site-packages/airflow/example_dags/example_branch_operator_decorator.py
[2024-09-01T00:57:13.526+0530] {processor.py:208} INFO - Processing /Users/ravipal/Desktop/Workspace/airflow_tutorial/py_env/lib/python3.12/site-packages/airflow/example_dags/example_branch_operator_decorator.py took 0.042 seconds
[2024-09-01T00:59:25.795+0530] {processor.py:186} INFO - Started process (PID=3828) to work on /Users/ravipal/Desktop/Workspace/airflow_tutorial/py_env/lib/python3.12/site-packages/airflow/example_dags/example_branch_operator_decorator.py
[2024-09-01T00:59:25.795+0530] {processor.py:914} INFO - Processing file /Users/ravipal/Desktop/Workspace/airflow_tutorial/py_env/lib/python3.12/site-packages/airflow/example_dags/example_branch_operator_decorator.py for tasks to queue
[2024-09-01T00:59:25.796+0530] {logging_mixin.py:190} INFO - [2024-09-01T00:59:25.796+0530] {dagbag.py:587} INFO - Filling up the DagBag from /Users/ravipal/Desktop/Workspace/airflow_tutorial/py_env/lib/python3.12/site-packages/airflow/example_dags/example_branch_operator_decorator.py
[2024-09-01T00:59:25.805+0530] {processor.py:927} WARNING - No viable dags retrieved from /Users/ravipal/Desktop/Workspace/airflow_tutorial/py_env/lib/python3.12/site-packages/airflow/example_dags/example_branch_operator_decorator.py
[2024-09-01T00:59:25.835+0530] {processor.py:208} INFO - Processing /Users/ravipal/Desktop/Workspace/airflow_tutorial/py_env/lib/python3.12/site-packages/airflow/example_dags/example_branch_operator_decorator.py took 0.042 seconds
[2024-09-01T01:01:32.680+0530] {processor.py:186} INFO - Started process (PID=3957) to work on /Users/ravipal/Desktop/Workspace/airflow_tutorial/py_env/lib/python3.12/site-packages/airflow/example_dags/example_branch_operator_decorator.py
[2024-09-01T01:01:32.680+0530] {processor.py:914} INFO - Processing file /Users/ravipal/Desktop/Workspace/airflow_tutorial/py_env/lib/python3.12/site-packages/airflow/example_dags/example_branch_operator_decorator.py for tasks to queue
[2024-09-01T01:01:32.681+0530] {logging_mixin.py:190} INFO - [2024-09-01T01:01:32.681+0530] {dagbag.py:587} INFO - Filling up the DagBag from /Users/ravipal/Desktop/Workspace/airflow_tutorial/py_env/lib/python3.12/site-packages/airflow/example_dags/example_branch_operator_decorator.py
[2024-09-01T01:01:32.690+0530] {processor.py:927} WARNING - No viable dags retrieved from /Users/ravipal/Desktop/Workspace/airflow_tutorial/py_env/lib/python3.12/site-packages/airflow/example_dags/example_branch_operator_decorator.py
[2024-09-01T01:01:32.720+0530] {processor.py:208} INFO - Processing /Users/ravipal/Desktop/Workspace/airflow_tutorial/py_env/lib/python3.12/site-packages/airflow/example_dags/example_branch_operator_decorator.py took 0.042 seconds
[2024-09-01T01:03:37.653+0530] {processor.py:186} INFO - Started process (PID=4089) to work on /Users/ravipal/Desktop/Workspace/airflow_tutorial/py_env/lib/python3.12/site-packages/airflow/example_dags/example_branch_operator_decorator.py
[2024-09-01T01:03:37.654+0530] {processor.py:914} INFO - Processing file /Users/ravipal/Desktop/Workspace/airflow_tutorial/py_env/lib/python3.12/site-packages/airflow/example_dags/example_branch_operator_decorator.py for tasks to queue
[2024-09-01T01:03:37.654+0530] {logging_mixin.py:190} INFO - [2024-09-01T01:03:37.654+0530] {dagbag.py:587} INFO - Filling up the DagBag from /Users/ravipal/Desktop/Workspace/airflow_tutorial/py_env/lib/python3.12/site-packages/airflow/example_dags/example_branch_operator_decorator.py
[2024-09-01T01:03:37.663+0530] {processor.py:927} WARNING - No viable dags retrieved from /Users/ravipal/Desktop/Workspace/airflow_tutorial/py_env/lib/python3.12/site-packages/airflow/example_dags/example_branch_operator_decorator.py
[2024-09-01T01:03:37.694+0530] {processor.py:208} INFO - Processing /Users/ravipal/Desktop/Workspace/airflow_tutorial/py_env/lib/python3.12/site-packages/airflow/example_dags/example_branch_operator_decorator.py took 0.042 seconds
[2024-09-01T01:05:46.645+0530] {processor.py:186} INFO - Started process (PID=4245) to work on /Users/ravipal/Desktop/Workspace/airflow_tutorial/py_env/lib/python3.12/site-packages/airflow/example_dags/example_branch_operator_decorator.py
[2024-09-01T01:05:46.646+0530] {processor.py:914} INFO - Processing file /Users/ravipal/Desktop/Workspace/airflow_tutorial/py_env/lib/python3.12/site-packages/airflow/example_dags/example_branch_operator_decorator.py for tasks to queue
[2024-09-01T01:05:46.647+0530] {logging_mixin.py:190} INFO - [2024-09-01T01:05:46.647+0530] {dagbag.py:587} INFO - Filling up the DagBag from /Users/ravipal/Desktop/Workspace/airflow_tutorial/py_env/lib/python3.12/site-packages/airflow/example_dags/example_branch_operator_decorator.py
[2024-09-01T01:05:46.656+0530] {processor.py:927} WARNING - No viable dags retrieved from /Users/ravipal/Desktop/Workspace/airflow_tutorial/py_env/lib/python3.12/site-packages/airflow/example_dags/example_branch_operator_decorator.py
[2024-09-01T01:05:46.687+0530] {processor.py:208} INFO - Processing /Users/ravipal/Desktop/Workspace/airflow_tutorial/py_env/lib/python3.12/site-packages/airflow/example_dags/example_branch_operator_decorator.py took 0.043 seconds
[2024-09-01T01:07:58.443+0530] {processor.py:186} INFO - Started process (PID=4381) to work on /Users/ravipal/Desktop/Workspace/airflow_tutorial/py_env/lib/python3.12/site-packages/airflow/example_dags/example_branch_operator_decorator.py
[2024-09-01T01:07:58.444+0530] {processor.py:914} INFO - Processing file /Users/ravipal/Desktop/Workspace/airflow_tutorial/py_env/lib/python3.12/site-packages/airflow/example_dags/example_branch_operator_decorator.py for tasks to queue
[2024-09-01T01:07:58.444+0530] {logging_mixin.py:190} INFO - [2024-09-01T01:07:58.444+0530] {dagbag.py:587} INFO - Filling up the DagBag from /Users/ravipal/Desktop/Workspace/airflow_tutorial/py_env/lib/python3.12/site-packages/airflow/example_dags/example_branch_operator_decorator.py
[2024-09-01T01:07:58.453+0530] {processor.py:927} WARNING - No viable dags retrieved from /Users/ravipal/Desktop/Workspace/airflow_tutorial/py_env/lib/python3.12/site-packages/airflow/example_dags/example_branch_operator_decorator.py
[2024-09-01T01:07:58.483+0530] {processor.py:208} INFO - Processing /Users/ravipal/Desktop/Workspace/airflow_tutorial/py_env/lib/python3.12/site-packages/airflow/example_dags/example_branch_operator_decorator.py took 0.042 seconds
[2024-09-01T01:10:07.952+0530] {processor.py:186} INFO - Started process (PID=4511) to work on /Users/ravipal/Desktop/Workspace/airflow_tutorial/py_env/lib/python3.12/site-packages/airflow/example_dags/example_branch_operator_decorator.py
[2024-09-01T01:10:07.952+0530] {processor.py:914} INFO - Processing file /Users/ravipal/Desktop/Workspace/airflow_tutorial/py_env/lib/python3.12/site-packages/airflow/example_dags/example_branch_operator_decorator.py for tasks to queue
[2024-09-01T01:10:07.953+0530] {logging_mixin.py:190} INFO - [2024-09-01T01:10:07.953+0530] {dagbag.py:587} INFO - Filling up the DagBag from /Users/ravipal/Desktop/Workspace/airflow_tutorial/py_env/lib/python3.12/site-packages/airflow/example_dags/example_branch_operator_decorator.py
[2024-09-01T01:10:07.962+0530] {processor.py:927} WARNING - No viable dags retrieved from /Users/ravipal/Desktop/Workspace/airflow_tutorial/py_env/lib/python3.12/site-packages/airflow/example_dags/example_branch_operator_decorator.py
[2024-09-01T01:10:07.992+0530] {processor.py:208} INFO - Processing /Users/ravipal/Desktop/Workspace/airflow_tutorial/py_env/lib/python3.12/site-packages/airflow/example_dags/example_branch_operator_decorator.py took 0.042 seconds
[2024-09-01T01:12:13.572+0530] {processor.py:186} INFO - Started process (PID=4639) to work on /Users/ravipal/Desktop/Workspace/airflow_tutorial/py_env/lib/python3.12/site-packages/airflow/example_dags/example_branch_operator_decorator.py
[2024-09-01T01:12:13.572+0530] {processor.py:914} INFO - Processing file /Users/ravipal/Desktop/Workspace/airflow_tutorial/py_env/lib/python3.12/site-packages/airflow/example_dags/example_branch_operator_decorator.py for tasks to queue
[2024-09-01T01:12:13.572+0530] {logging_mixin.py:190} INFO - [2024-09-01T01:12:13.572+0530] {dagbag.py:587} INFO - Filling up the DagBag from /Users/ravipal/Desktop/Workspace/airflow_tutorial/py_env/lib/python3.12/site-packages/airflow/example_dags/example_branch_operator_decorator.py
[2024-09-01T01:12:13.582+0530] {processor.py:927} WARNING - No viable dags retrieved from /Users/ravipal/Desktop/Workspace/airflow_tutorial/py_env/lib/python3.12/site-packages/airflow/example_dags/example_branch_operator_decorator.py
[2024-09-01T01:12:13.612+0530] {processor.py:208} INFO - Processing /Users/ravipal/Desktop/Workspace/airflow_tutorial/py_env/lib/python3.12/site-packages/airflow/example_dags/example_branch_operator_decorator.py took 0.042 seconds
[2024-09-01T01:14:22.759+0530] {processor.py:186} INFO - Started process (PID=4766) to work on /Users/ravipal/Desktop/Workspace/airflow_tutorial/py_env/lib/python3.12/site-packages/airflow/example_dags/example_branch_operator_decorator.py
[2024-09-01T01:14:22.759+0530] {processor.py:914} INFO - Processing file /Users/ravipal/Desktop/Workspace/airflow_tutorial/py_env/lib/python3.12/site-packages/airflow/example_dags/example_branch_operator_decorator.py for tasks to queue
[2024-09-01T01:14:22.760+0530] {logging_mixin.py:190} INFO - [2024-09-01T01:14:22.760+0530] {dagbag.py:587} INFO - Filling up the DagBag from /Users/ravipal/Desktop/Workspace/airflow_tutorial/py_env/lib/python3.12/site-packages/airflow/example_dags/example_branch_operator_decorator.py
[2024-09-01T01:14:22.769+0530] {processor.py:927} WARNING - No viable dags retrieved from /Users/ravipal/Desktop/Workspace/airflow_tutorial/py_env/lib/python3.12/site-packages/airflow/example_dags/example_branch_operator_decorator.py
[2024-09-01T01:14:22.799+0530] {processor.py:208} INFO - Processing /Users/ravipal/Desktop/Workspace/airflow_tutorial/py_env/lib/python3.12/site-packages/airflow/example_dags/example_branch_operator_decorator.py took 0.042 seconds
[2024-09-01T01:16:34.016+0530] {processor.py:186} INFO - Started process (PID=4899) to work on /Users/ravipal/Desktop/Workspace/airflow_tutorial/py_env/lib/python3.12/site-packages/airflow/example_dags/example_branch_operator_decorator.py
[2024-09-01T01:16:34.016+0530] {processor.py:914} INFO - Processing file /Users/ravipal/Desktop/Workspace/airflow_tutorial/py_env/lib/python3.12/site-packages/airflow/example_dags/example_branch_operator_decorator.py for tasks to queue
[2024-09-01T01:16:34.017+0530] {logging_mixin.py:190} INFO - [2024-09-01T01:16:34.017+0530] {dagbag.py:587} INFO - Filling up the DagBag from /Users/ravipal/Desktop/Workspace/airflow_tutorial/py_env/lib/python3.12/site-packages/airflow/example_dags/example_branch_operator_decorator.py
[2024-09-01T01:16:34.026+0530] {processor.py:927} WARNING - No viable dags retrieved from /Users/ravipal/Desktop/Workspace/airflow_tutorial/py_env/lib/python3.12/site-packages/airflow/example_dags/example_branch_operator_decorator.py
[2024-09-01T01:16:34.056+0530] {processor.py:208} INFO - Processing /Users/ravipal/Desktop/Workspace/airflow_tutorial/py_env/lib/python3.12/site-packages/airflow/example_dags/example_branch_operator_decorator.py took 0.042 seconds
[2024-09-01T01:18:44.920+0530] {processor.py:186} INFO - Started process (PID=5031) to work on /Users/ravipal/Desktop/Workspace/airflow_tutorial/py_env/lib/python3.12/site-packages/airflow/example_dags/example_branch_operator_decorator.py
[2024-09-01T01:18:44.921+0530] {processor.py:914} INFO - Processing file /Users/ravipal/Desktop/Workspace/airflow_tutorial/py_env/lib/python3.12/site-packages/airflow/example_dags/example_branch_operator_decorator.py for tasks to queue
[2024-09-01T01:18:44.921+0530] {logging_mixin.py:190} INFO - [2024-09-01T01:18:44.921+0530] {dagbag.py:587} INFO - Filling up the DagBag from /Users/ravipal/Desktop/Workspace/airflow_tutorial/py_env/lib/python3.12/site-packages/airflow/example_dags/example_branch_operator_decorator.py
[2024-09-01T01:18:44.930+0530] {processor.py:927} WARNING - No viable dags retrieved from /Users/ravipal/Desktop/Workspace/airflow_tutorial/py_env/lib/python3.12/site-packages/airflow/example_dags/example_branch_operator_decorator.py
[2024-09-01T01:18:44.963+0530] {processor.py:208} INFO - Processing /Users/ravipal/Desktop/Workspace/airflow_tutorial/py_env/lib/python3.12/site-packages/airflow/example_dags/example_branch_operator_decorator.py took 0.044 seconds
