[2024-09-01T00:23:01.318+0530] {processor.py:186} INFO - Started process (PID=1426) to work on /Users/ravipal/Desktop/Workspace/airflow_tutorial/py_env/lib/python3.12/site-packages/airflow/example_dags/example_trigger_controller_dag.py
[2024-09-01T00:23:01.318+0530] {processor.py:914} INFO - Processing file /Users/ravipal/Desktop/Workspace/airflow_tutorial/py_env/lib/python3.12/site-packages/airflow/example_dags/example_trigger_controller_dag.py for tasks to queue
[2024-09-01T00:23:01.319+0530] {logging_mixin.py:190} INFO - [2024-09-01T00:23:01.319+0530] {dagbag.py:587} INFO - Filling up the DagBag from /Users/ravipal/Desktop/Workspace/airflow_tutorial/py_env/lib/python3.12/site-packages/airflow/example_dags/example_trigger_controller_dag.py
[2024-09-01T00:23:01.323+0530] {processor.py:925} INFO - DAG(s) 'example_trigger_controller_dag' retrieved from /Users/ravipal/Desktop/Workspace/airflow_tutorial/py_env/lib/python3.12/site-packages/airflow/example_dags/example_trigger_controller_dag.py
[2024-09-01T00:23:01.387+0530] {logging_mixin.py:190} INFO - [2024-09-01T00:23:01.387+0530] {override.py:1858} INFO - Created Permission View: can delete on DAG:example_trigger_controller_dag
[2024-09-01T00:23:01.391+0530] {logging_mixin.py:190} INFO - [2024-09-01T00:23:01.390+0530] {override.py:1858} INFO - Created Permission View: can read on DAG:example_trigger_controller_dag
[2024-09-01T00:23:01.393+0530] {logging_mixin.py:190} INFO - [2024-09-01T00:23:01.393+0530] {override.py:1858} INFO - Created Permission View: can edit on DAG:example_trigger_controller_dag
[2024-09-01T00:23:01.393+0530] {logging_mixin.py:190} INFO - [2024-09-01T00:23:01.393+0530] {dag.py:3211} INFO - Sync 1 DAGs
[2024-09-01T00:23:01.397+0530] {logging_mixin.py:190} INFO - [2024-09-01T00:23:01.397+0530] {dag.py:3234} INFO - Creating ORM DAG for example_trigger_controller_dag
[2024-09-01T00:23:01.401+0530] {logging_mixin.py:190} INFO - [2024-09-01T00:23:01.401+0530] {dag.py:4138} INFO - Setting next_dagrun for example_trigger_controller_dag to 2021-01-01 00:00:00+00:00, run_after=2021-01-01 00:00:00+00:00
[2024-09-01T00:23:01.439+0530] {processor.py:208} INFO - Processing /Users/ravipal/Desktop/Workspace/airflow_tutorial/py_env/lib/python3.12/site-packages/airflow/example_dags/example_trigger_controller_dag.py took 0.123 seconds
[2024-09-01T00:24:41.211+0530] {processor.py:186} INFO - Started process (PID=1528) to work on /Users/ravipal/Desktop/Workspace/airflow_tutorial/py_env/lib/python3.12/site-packages/airflow/example_dags/example_trigger_controller_dag.py
[2024-09-01T00:24:41.212+0530] {processor.py:914} INFO - Processing file /Users/ravipal/Desktop/Workspace/airflow_tutorial/py_env/lib/python3.12/site-packages/airflow/example_dags/example_trigger_controller_dag.py for tasks to queue
[2024-09-01T00:24:41.212+0530] {logging_mixin.py:190} INFO - [2024-09-01T00:24:41.212+0530] {dagbag.py:587} INFO - Filling up the DagBag from /Users/ravipal/Desktop/Workspace/airflow_tutorial/py_env/lib/python3.12/site-packages/airflow/example_dags/example_trigger_controller_dag.py
[2024-09-01T00:24:41.217+0530] {processor.py:925} INFO - DAG(s) 'example_trigger_controller_dag' retrieved from /Users/ravipal/Desktop/Workspace/airflow_tutorial/py_env/lib/python3.12/site-packages/airflow/example_dags/example_trigger_controller_dag.py
[2024-09-01T00:24:41.250+0530] {logging_mixin.py:190} INFO - [2024-09-01T00:24:41.250+0530] {dag.py:3211} INFO - Sync 1 DAGs
[2024-09-01T00:24:41.256+0530] {logging_mixin.py:190} INFO - [2024-09-01T00:24:41.256+0530] {dag.py:4138} INFO - Setting next_dagrun for example_trigger_controller_dag to 2021-01-01 00:00:00+00:00, run_after=2021-01-01 00:00:00+00:00
[2024-09-01T00:24:41.263+0530] {processor.py:208} INFO - Processing /Users/ravipal/Desktop/Workspace/airflow_tutorial/py_env/lib/python3.12/site-packages/airflow/example_dags/example_trigger_controller_dag.py took 0.054 seconds
[2024-09-01T00:25:47.656+0530] {processor.py:186} INFO - Started process (PID=1595) to work on /Users/ravipal/Desktop/Workspace/airflow_tutorial/py_env/lib/python3.12/site-packages/airflow/example_dags/example_trigger_controller_dag.py
[2024-09-01T00:25:47.656+0530] {processor.py:914} INFO - Processing file /Users/ravipal/Desktop/Workspace/airflow_tutorial/py_env/lib/python3.12/site-packages/airflow/example_dags/example_trigger_controller_dag.py for tasks to queue
[2024-09-01T00:25:47.657+0530] {logging_mixin.py:190} INFO - [2024-09-01T00:25:47.657+0530] {dagbag.py:587} INFO - Filling up the DagBag from /Users/ravipal/Desktop/Workspace/airflow_tutorial/py_env/lib/python3.12/site-packages/airflow/example_dags/example_trigger_controller_dag.py
[2024-09-01T00:25:47.661+0530] {processor.py:925} INFO - DAG(s) 'example_trigger_controller_dag' retrieved from /Users/ravipal/Desktop/Workspace/airflow_tutorial/py_env/lib/python3.12/site-packages/airflow/example_dags/example_trigger_controller_dag.py
[2024-09-01T00:25:47.696+0530] {logging_mixin.py:190} INFO - [2024-09-01T00:25:47.696+0530] {dag.py:3211} INFO - Sync 1 DAGs
[2024-09-01T00:25:47.703+0530] {logging_mixin.py:190} INFO - [2024-09-01T00:25:47.703+0530] {dag.py:4138} INFO - Setting next_dagrun for example_trigger_controller_dag to 2021-01-01 00:00:00+00:00, run_after=2021-01-01 00:00:00+00:00
[2024-09-01T00:25:47.710+0530] {processor.py:208} INFO - Processing /Users/ravipal/Desktop/Workspace/airflow_tutorial/py_env/lib/python3.12/site-packages/airflow/example_dags/example_trigger_controller_dag.py took 0.056 seconds
[2024-09-01T00:26:55.425+0530] {processor.py:186} INFO - Started process (PID=1670) to work on /Users/ravipal/Desktop/Workspace/airflow_tutorial/py_env/lib/python3.12/site-packages/airflow/example_dags/example_trigger_controller_dag.py
[2024-09-01T00:26:55.426+0530] {processor.py:914} INFO - Processing file /Users/ravipal/Desktop/Workspace/airflow_tutorial/py_env/lib/python3.12/site-packages/airflow/example_dags/example_trigger_controller_dag.py for tasks to queue
[2024-09-01T00:26:55.426+0530] {logging_mixin.py:190} INFO - [2024-09-01T00:26:55.426+0530] {dagbag.py:587} INFO - Filling up the DagBag from /Users/ravipal/Desktop/Workspace/airflow_tutorial/py_env/lib/python3.12/site-packages/airflow/example_dags/example_trigger_controller_dag.py
[2024-09-01T00:26:55.431+0530] {processor.py:925} INFO - DAG(s) 'example_trigger_controller_dag' retrieved from /Users/ravipal/Desktop/Workspace/airflow_tutorial/py_env/lib/python3.12/site-packages/airflow/example_dags/example_trigger_controller_dag.py
[2024-09-01T00:26:55.465+0530] {logging_mixin.py:190} INFO - [2024-09-01T00:26:55.465+0530] {dag.py:3211} INFO - Sync 1 DAGs
[2024-09-01T00:26:55.471+0530] {logging_mixin.py:190} INFO - [2024-09-01T00:26:55.471+0530] {dag.py:4138} INFO - Setting next_dagrun for example_trigger_controller_dag to 2021-01-01 00:00:00+00:00, run_after=2021-01-01 00:00:00+00:00
[2024-09-01T00:26:55.478+0530] {processor.py:208} INFO - Processing /Users/ravipal/Desktop/Workspace/airflow_tutorial/py_env/lib/python3.12/site-packages/airflow/example_dags/example_trigger_controller_dag.py took 0.054 seconds
[2024-09-01T00:28:06.885+0530] {processor.py:186} INFO - Started process (PID=1924) to work on /Users/ravipal/Desktop/Workspace/airflow_tutorial/py_env/lib/python3.12/site-packages/airflow/example_dags/example_trigger_controller_dag.py
[2024-09-01T00:28:06.885+0530] {processor.py:914} INFO - Processing file /Users/ravipal/Desktop/Workspace/airflow_tutorial/py_env/lib/python3.12/site-packages/airflow/example_dags/example_trigger_controller_dag.py for tasks to queue
[2024-09-01T00:28:06.886+0530] {logging_mixin.py:190} INFO - [2024-09-01T00:28:06.885+0530] {dagbag.py:587} INFO - Filling up the DagBag from /Users/ravipal/Desktop/Workspace/airflow_tutorial/py_env/lib/python3.12/site-packages/airflow/example_dags/example_trigger_controller_dag.py
[2024-09-01T00:28:06.890+0530] {processor.py:925} INFO - DAG(s) 'example_trigger_controller_dag' retrieved from /Users/ravipal/Desktop/Workspace/airflow_tutorial/py_env/lib/python3.12/site-packages/airflow/example_dags/example_trigger_controller_dag.py
[2024-09-01T00:28:06.921+0530] {logging_mixin.py:190} INFO - [2024-09-01T00:28:06.921+0530] {dag.py:3211} INFO - Sync 1 DAGs
[2024-09-01T00:28:06.927+0530] {logging_mixin.py:190} INFO - [2024-09-01T00:28:06.927+0530] {dag.py:4138} INFO - Setting next_dagrun for example_trigger_controller_dag to 2021-01-01 00:00:00+00:00, run_after=2021-01-01 00:00:00+00:00
[2024-09-01T00:28:06.933+0530] {processor.py:208} INFO - Processing /Users/ravipal/Desktop/Workspace/airflow_tutorial/py_env/lib/python3.12/site-packages/airflow/example_dags/example_trigger_controller_dag.py took 0.051 seconds
[2024-09-01T00:29:13.885+0530] {processor.py:186} INFO - Started process (PID=1992) to work on /Users/ravipal/Desktop/Workspace/airflow_tutorial/py_env/lib/python3.12/site-packages/airflow/example_dags/example_trigger_controller_dag.py
[2024-09-01T00:29:13.885+0530] {processor.py:914} INFO - Processing file /Users/ravipal/Desktop/Workspace/airflow_tutorial/py_env/lib/python3.12/site-packages/airflow/example_dags/example_trigger_controller_dag.py for tasks to queue
[2024-09-01T00:29:13.886+0530] {logging_mixin.py:190} INFO - [2024-09-01T00:29:13.886+0530] {dagbag.py:587} INFO - Filling up the DagBag from /Users/ravipal/Desktop/Workspace/airflow_tutorial/py_env/lib/python3.12/site-packages/airflow/example_dags/example_trigger_controller_dag.py
[2024-09-01T00:29:13.890+0530] {processor.py:925} INFO - DAG(s) 'example_trigger_controller_dag' retrieved from /Users/ravipal/Desktop/Workspace/airflow_tutorial/py_env/lib/python3.12/site-packages/airflow/example_dags/example_trigger_controller_dag.py
[2024-09-01T00:29:13.923+0530] {logging_mixin.py:190} INFO - [2024-09-01T00:29:13.923+0530] {dag.py:3211} INFO - Sync 1 DAGs
[2024-09-01T00:29:13.929+0530] {logging_mixin.py:190} INFO - [2024-09-01T00:29:13.929+0530] {dag.py:4138} INFO - Setting next_dagrun for example_trigger_controller_dag to 2021-01-01 00:00:00+00:00, run_after=2021-01-01 00:00:00+00:00
[2024-09-01T00:29:13.936+0530] {processor.py:208} INFO - Processing /Users/ravipal/Desktop/Workspace/airflow_tutorial/py_env/lib/python3.12/site-packages/airflow/example_dags/example_trigger_controller_dag.py took 0.053 seconds
[2024-09-01T00:30:16.389+0530] {processor.py:186} INFO - Started process (PID=2059) to work on /Users/ravipal/Desktop/Workspace/airflow_tutorial/py_env/lib/python3.12/site-packages/airflow/example_dags/example_trigger_controller_dag.py
[2024-09-01T00:30:16.389+0530] {processor.py:914} INFO - Processing file /Users/ravipal/Desktop/Workspace/airflow_tutorial/py_env/lib/python3.12/site-packages/airflow/example_dags/example_trigger_controller_dag.py for tasks to queue
[2024-09-01T00:30:16.390+0530] {logging_mixin.py:190} INFO - [2024-09-01T00:30:16.389+0530] {dagbag.py:587} INFO - Filling up the DagBag from /Users/ravipal/Desktop/Workspace/airflow_tutorial/py_env/lib/python3.12/site-packages/airflow/example_dags/example_trigger_controller_dag.py
[2024-09-01T00:30:16.394+0530] {processor.py:925} INFO - DAG(s) 'example_trigger_controller_dag' retrieved from /Users/ravipal/Desktop/Workspace/airflow_tutorial/py_env/lib/python3.12/site-packages/airflow/example_dags/example_trigger_controller_dag.py
[2024-09-01T00:30:16.427+0530] {logging_mixin.py:190} INFO - [2024-09-01T00:30:16.427+0530] {dag.py:3211} INFO - Sync 1 DAGs
[2024-09-01T00:30:16.433+0530] {logging_mixin.py:190} INFO - [2024-09-01T00:30:16.433+0530] {dag.py:4138} INFO - Setting next_dagrun for example_trigger_controller_dag to 2021-01-01 00:00:00+00:00, run_after=2021-01-01 00:00:00+00:00
[2024-09-01T00:30:16.440+0530] {processor.py:208} INFO - Processing /Users/ravipal/Desktop/Workspace/airflow_tutorial/py_env/lib/python3.12/site-packages/airflow/example_dags/example_trigger_controller_dag.py took 0.053 seconds
[2024-09-01T00:31:23.268+0530] {processor.py:186} INFO - Started process (PID=2123) to work on /Users/ravipal/Desktop/Workspace/airflow_tutorial/py_env/lib/python3.12/site-packages/airflow/example_dags/example_trigger_controller_dag.py
[2024-09-01T00:31:23.268+0530] {processor.py:914} INFO - Processing file /Users/ravipal/Desktop/Workspace/airflow_tutorial/py_env/lib/python3.12/site-packages/airflow/example_dags/example_trigger_controller_dag.py for tasks to queue
[2024-09-01T00:31:23.269+0530] {logging_mixin.py:190} INFO - [2024-09-01T00:31:23.268+0530] {dagbag.py:587} INFO - Filling up the DagBag from /Users/ravipal/Desktop/Workspace/airflow_tutorial/py_env/lib/python3.12/site-packages/airflow/example_dags/example_trigger_controller_dag.py
[2024-09-01T00:31:23.273+0530] {processor.py:925} INFO - DAG(s) 'example_trigger_controller_dag' retrieved from /Users/ravipal/Desktop/Workspace/airflow_tutorial/py_env/lib/python3.12/site-packages/airflow/example_dags/example_trigger_controller_dag.py
[2024-09-01T00:31:23.305+0530] {logging_mixin.py:190} INFO - [2024-09-01T00:31:23.305+0530] {dag.py:3211} INFO - Sync 1 DAGs
[2024-09-01T00:31:23.311+0530] {logging_mixin.py:190} INFO - [2024-09-01T00:31:23.311+0530] {dag.py:4138} INFO - Setting next_dagrun for example_trigger_controller_dag to 2021-01-01 00:00:00+00:00, run_after=2021-01-01 00:00:00+00:00
[2024-09-01T00:31:23.317+0530] {processor.py:208} INFO - Processing /Users/ravipal/Desktop/Workspace/airflow_tutorial/py_env/lib/python3.12/site-packages/airflow/example_dags/example_trigger_controller_dag.py took 0.052 seconds
[2024-09-01T00:32:29.677+0530] {processor.py:186} INFO - Started process (PID=2190) to work on /Users/ravipal/Desktop/Workspace/airflow_tutorial/py_env/lib/python3.12/site-packages/airflow/example_dags/example_trigger_controller_dag.py
[2024-09-01T00:32:29.677+0530] {processor.py:914} INFO - Processing file /Users/ravipal/Desktop/Workspace/airflow_tutorial/py_env/lib/python3.12/site-packages/airflow/example_dags/example_trigger_controller_dag.py for tasks to queue
[2024-09-01T00:32:29.678+0530] {logging_mixin.py:190} INFO - [2024-09-01T00:32:29.677+0530] {dagbag.py:587} INFO - Filling up the DagBag from /Users/ravipal/Desktop/Workspace/airflow_tutorial/py_env/lib/python3.12/site-packages/airflow/example_dags/example_trigger_controller_dag.py
[2024-09-01T00:32:29.683+0530] {processor.py:925} INFO - DAG(s) 'example_trigger_controller_dag' retrieved from /Users/ravipal/Desktop/Workspace/airflow_tutorial/py_env/lib/python3.12/site-packages/airflow/example_dags/example_trigger_controller_dag.py
[2024-09-01T00:32:29.717+0530] {logging_mixin.py:190} INFO - [2024-09-01T00:32:29.716+0530] {dag.py:3211} INFO - Sync 1 DAGs
[2024-09-01T00:32:29.723+0530] {logging_mixin.py:190} INFO - [2024-09-01T00:32:29.723+0530] {dag.py:4138} INFO - Setting next_dagrun for example_trigger_controller_dag to 2021-01-01 00:00:00+00:00, run_after=2021-01-01 00:00:00+00:00
[2024-09-01T00:32:29.730+0530] {processor.py:208} INFO - Processing /Users/ravipal/Desktop/Workspace/airflow_tutorial/py_env/lib/python3.12/site-packages/airflow/example_dags/example_trigger_controller_dag.py took 0.056 seconds
[2024-09-01T00:33:36.102+0530] {processor.py:186} INFO - Started process (PID=2256) to work on /Users/ravipal/Desktop/Workspace/airflow_tutorial/py_env/lib/python3.12/site-packages/airflow/example_dags/example_trigger_controller_dag.py
[2024-09-01T00:33:36.102+0530] {processor.py:914} INFO - Processing file /Users/ravipal/Desktop/Workspace/airflow_tutorial/py_env/lib/python3.12/site-packages/airflow/example_dags/example_trigger_controller_dag.py for tasks to queue
[2024-09-01T00:33:36.103+0530] {logging_mixin.py:190} INFO - [2024-09-01T00:33:36.103+0530] {dagbag.py:587} INFO - Filling up the DagBag from /Users/ravipal/Desktop/Workspace/airflow_tutorial/py_env/lib/python3.12/site-packages/airflow/example_dags/example_trigger_controller_dag.py
[2024-09-01T00:33:36.107+0530] {processor.py:925} INFO - DAG(s) 'example_trigger_controller_dag' retrieved from /Users/ravipal/Desktop/Workspace/airflow_tutorial/py_env/lib/python3.12/site-packages/airflow/example_dags/example_trigger_controller_dag.py
[2024-09-01T00:33:36.139+0530] {logging_mixin.py:190} INFO - [2024-09-01T00:33:36.139+0530] {dag.py:3211} INFO - Sync 1 DAGs
[2024-09-01T00:33:36.145+0530] {logging_mixin.py:190} INFO - [2024-09-01T00:33:36.145+0530] {dag.py:4138} INFO - Setting next_dagrun for example_trigger_controller_dag to 2021-01-01 00:00:00+00:00, run_after=2021-01-01 00:00:00+00:00
[2024-09-01T00:33:36.151+0530] {processor.py:208} INFO - Processing /Users/ravipal/Desktop/Workspace/airflow_tutorial/py_env/lib/python3.12/site-packages/airflow/example_dags/example_trigger_controller_dag.py took 0.051 seconds
[2024-09-01T00:34:44.167+0530] {processor.py:186} INFO - Started process (PID=2323) to work on /Users/ravipal/Desktop/Workspace/airflow_tutorial/py_env/lib/python3.12/site-packages/airflow/example_dags/example_trigger_controller_dag.py
[2024-09-01T00:34:44.168+0530] {processor.py:914} INFO - Processing file /Users/ravipal/Desktop/Workspace/airflow_tutorial/py_env/lib/python3.12/site-packages/airflow/example_dags/example_trigger_controller_dag.py for tasks to queue
[2024-09-01T00:34:44.168+0530] {logging_mixin.py:190} INFO - [2024-09-01T00:34:44.168+0530] {dagbag.py:587} INFO - Filling up the DagBag from /Users/ravipal/Desktop/Workspace/airflow_tutorial/py_env/lib/python3.12/site-packages/airflow/example_dags/example_trigger_controller_dag.py
[2024-09-01T00:34:44.173+0530] {processor.py:925} INFO - DAG(s) 'example_trigger_controller_dag' retrieved from /Users/ravipal/Desktop/Workspace/airflow_tutorial/py_env/lib/python3.12/site-packages/airflow/example_dags/example_trigger_controller_dag.py
[2024-09-01T00:34:44.205+0530] {logging_mixin.py:190} INFO - [2024-09-01T00:34:44.205+0530] {dag.py:3211} INFO - Sync 1 DAGs
[2024-09-01T00:34:44.211+0530] {logging_mixin.py:190} INFO - [2024-09-01T00:34:44.211+0530] {dag.py:4138} INFO - Setting next_dagrun for example_trigger_controller_dag to 2021-01-01 00:00:00+00:00, run_after=2021-01-01 00:00:00+00:00
[2024-09-01T00:34:44.217+0530] {processor.py:208} INFO - Processing /Users/ravipal/Desktop/Workspace/airflow_tutorial/py_env/lib/python3.12/site-packages/airflow/example_dags/example_trigger_controller_dag.py took 0.052 seconds
[2024-09-01T00:35:51.670+0530] {processor.py:186} INFO - Started process (PID=2393) to work on /Users/ravipal/Desktop/Workspace/airflow_tutorial/py_env/lib/python3.12/site-packages/airflow/example_dags/example_trigger_controller_dag.py
[2024-09-01T00:35:51.671+0530] {processor.py:914} INFO - Processing file /Users/ravipal/Desktop/Workspace/airflow_tutorial/py_env/lib/python3.12/site-packages/airflow/example_dags/example_trigger_controller_dag.py for tasks to queue
[2024-09-01T00:35:51.671+0530] {logging_mixin.py:190} INFO - [2024-09-01T00:35:51.671+0530] {dagbag.py:587} INFO - Filling up the DagBag from /Users/ravipal/Desktop/Workspace/airflow_tutorial/py_env/lib/python3.12/site-packages/airflow/example_dags/example_trigger_controller_dag.py
[2024-09-01T00:35:51.676+0530] {processor.py:925} INFO - DAG(s) 'example_trigger_controller_dag' retrieved from /Users/ravipal/Desktop/Workspace/airflow_tutorial/py_env/lib/python3.12/site-packages/airflow/example_dags/example_trigger_controller_dag.py
[2024-09-01T00:35:51.708+0530] {logging_mixin.py:190} INFO - [2024-09-01T00:35:51.708+0530] {dag.py:3211} INFO - Sync 1 DAGs
[2024-09-01T00:35:51.714+0530] {logging_mixin.py:190} INFO - [2024-09-01T00:35:51.714+0530] {dag.py:4138} INFO - Setting next_dagrun for example_trigger_controller_dag to 2021-01-01 00:00:00+00:00, run_after=2021-01-01 00:00:00+00:00
[2024-09-01T00:35:51.720+0530] {processor.py:208} INFO - Processing /Users/ravipal/Desktop/Workspace/airflow_tutorial/py_env/lib/python3.12/site-packages/airflow/example_dags/example_trigger_controller_dag.py took 0.052 seconds
[2024-09-01T00:36:59.794+0530] {processor.py:186} INFO - Started process (PID=2459) to work on /Users/ravipal/Desktop/Workspace/airflow_tutorial/py_env/lib/python3.12/site-packages/airflow/example_dags/example_trigger_controller_dag.py
[2024-09-01T00:36:59.794+0530] {processor.py:914} INFO - Processing file /Users/ravipal/Desktop/Workspace/airflow_tutorial/py_env/lib/python3.12/site-packages/airflow/example_dags/example_trigger_controller_dag.py for tasks to queue
[2024-09-01T00:36:59.794+0530] {logging_mixin.py:190} INFO - [2024-09-01T00:36:59.794+0530] {dagbag.py:587} INFO - Filling up the DagBag from /Users/ravipal/Desktop/Workspace/airflow_tutorial/py_env/lib/python3.12/site-packages/airflow/example_dags/example_trigger_controller_dag.py
[2024-09-01T00:36:59.799+0530] {processor.py:925} INFO - DAG(s) 'example_trigger_controller_dag' retrieved from /Users/ravipal/Desktop/Workspace/airflow_tutorial/py_env/lib/python3.12/site-packages/airflow/example_dags/example_trigger_controller_dag.py
[2024-09-01T00:36:59.832+0530] {logging_mixin.py:190} INFO - [2024-09-01T00:36:59.832+0530] {dag.py:3211} INFO - Sync 1 DAGs
[2024-09-01T00:36:59.838+0530] {logging_mixin.py:190} INFO - [2024-09-01T00:36:59.838+0530] {dag.py:4138} INFO - Setting next_dagrun for example_trigger_controller_dag to 2021-01-01 00:00:00+00:00, run_after=2021-01-01 00:00:00+00:00
[2024-09-01T00:36:59.844+0530] {processor.py:208} INFO - Processing /Users/ravipal/Desktop/Workspace/airflow_tutorial/py_env/lib/python3.12/site-packages/airflow/example_dags/example_trigger_controller_dag.py took 0.052 seconds
[2024-09-01T00:38:06.573+0530] {processor.py:186} INFO - Started process (PID=2527) to work on /Users/ravipal/Desktop/Workspace/airflow_tutorial/py_env/lib/python3.12/site-packages/airflow/example_dags/example_trigger_controller_dag.py
[2024-09-01T00:38:06.573+0530] {processor.py:914} INFO - Processing file /Users/ravipal/Desktop/Workspace/airflow_tutorial/py_env/lib/python3.12/site-packages/airflow/example_dags/example_trigger_controller_dag.py for tasks to queue
[2024-09-01T00:38:06.574+0530] {logging_mixin.py:190} INFO - [2024-09-01T00:38:06.573+0530] {dagbag.py:587} INFO - Filling up the DagBag from /Users/ravipal/Desktop/Workspace/airflow_tutorial/py_env/lib/python3.12/site-packages/airflow/example_dags/example_trigger_controller_dag.py
[2024-09-01T00:38:06.578+0530] {processor.py:925} INFO - DAG(s) 'example_trigger_controller_dag' retrieved from /Users/ravipal/Desktop/Workspace/airflow_tutorial/py_env/lib/python3.12/site-packages/airflow/example_dags/example_trigger_controller_dag.py
[2024-09-01T00:38:06.610+0530] {logging_mixin.py:190} INFO - [2024-09-01T00:38:06.610+0530] {dag.py:3211} INFO - Sync 1 DAGs
[2024-09-01T00:38:06.616+0530] {logging_mixin.py:190} INFO - [2024-09-01T00:38:06.616+0530] {dag.py:4138} INFO - Setting next_dagrun for example_trigger_controller_dag to 2021-01-01 00:00:00+00:00, run_after=2021-01-01 00:00:00+00:00
[2024-09-01T00:38:06.623+0530] {processor.py:208} INFO - Processing /Users/ravipal/Desktop/Workspace/airflow_tutorial/py_env/lib/python3.12/site-packages/airflow/example_dags/example_trigger_controller_dag.py took 0.052 seconds
[2024-09-01T00:39:08.442+0530] {processor.py:186} INFO - Started process (PID=2590) to work on /Users/ravipal/Desktop/Workspace/airflow_tutorial/py_env/lib/python3.12/site-packages/airflow/example_dags/example_trigger_controller_dag.py
[2024-09-01T00:39:08.442+0530] {processor.py:914} INFO - Processing file /Users/ravipal/Desktop/Workspace/airflow_tutorial/py_env/lib/python3.12/site-packages/airflow/example_dags/example_trigger_controller_dag.py for tasks to queue
[2024-09-01T00:39:08.443+0530] {logging_mixin.py:190} INFO - [2024-09-01T00:39:08.443+0530] {dagbag.py:587} INFO - Filling up the DagBag from /Users/ravipal/Desktop/Workspace/airflow_tutorial/py_env/lib/python3.12/site-packages/airflow/example_dags/example_trigger_controller_dag.py
[2024-09-01T00:39:08.447+0530] {processor.py:925} INFO - DAG(s) 'example_trigger_controller_dag' retrieved from /Users/ravipal/Desktop/Workspace/airflow_tutorial/py_env/lib/python3.12/site-packages/airflow/example_dags/example_trigger_controller_dag.py
[2024-09-01T00:39:08.480+0530] {logging_mixin.py:190} INFO - [2024-09-01T00:39:08.480+0530] {dag.py:3211} INFO - Sync 1 DAGs
[2024-09-01T00:39:08.486+0530] {logging_mixin.py:190} INFO - [2024-09-01T00:39:08.486+0530] {dag.py:4138} INFO - Setting next_dagrun for example_trigger_controller_dag to 2021-01-01 00:00:00+00:00, run_after=2021-01-01 00:00:00+00:00
[2024-09-01T00:39:08.492+0530] {processor.py:208} INFO - Processing /Users/ravipal/Desktop/Workspace/airflow_tutorial/py_env/lib/python3.12/site-packages/airflow/example_dags/example_trigger_controller_dag.py took 0.053 seconds
[2024-09-01T00:40:10.911+0530] {processor.py:186} INFO - Started process (PID=2652) to work on /Users/ravipal/Desktop/Workspace/airflow_tutorial/py_env/lib/python3.12/site-packages/airflow/example_dags/example_trigger_controller_dag.py
[2024-09-01T00:40:10.912+0530] {processor.py:914} INFO - Processing file /Users/ravipal/Desktop/Workspace/airflow_tutorial/py_env/lib/python3.12/site-packages/airflow/example_dags/example_trigger_controller_dag.py for tasks to queue
[2024-09-01T00:40:10.912+0530] {logging_mixin.py:190} INFO - [2024-09-01T00:40:10.912+0530] {dagbag.py:587} INFO - Filling up the DagBag from /Users/ravipal/Desktop/Workspace/airflow_tutorial/py_env/lib/python3.12/site-packages/airflow/example_dags/example_trigger_controller_dag.py
[2024-09-01T00:40:10.917+0530] {processor.py:925} INFO - DAG(s) 'example_trigger_controller_dag' retrieved from /Users/ravipal/Desktop/Workspace/airflow_tutorial/py_env/lib/python3.12/site-packages/airflow/example_dags/example_trigger_controller_dag.py
[2024-09-01T00:40:10.950+0530] {logging_mixin.py:190} INFO - [2024-09-01T00:40:10.950+0530] {dag.py:3211} INFO - Sync 1 DAGs
[2024-09-01T00:40:10.956+0530] {logging_mixin.py:190} INFO - [2024-09-01T00:40:10.955+0530] {dag.py:4138} INFO - Setting next_dagrun for example_trigger_controller_dag to 2021-01-01 00:00:00+00:00, run_after=2021-01-01 00:00:00+00:00
[2024-09-01T00:40:10.962+0530] {processor.py:208} INFO - Processing /Users/ravipal/Desktop/Workspace/airflow_tutorial/py_env/lib/python3.12/site-packages/airflow/example_dags/example_trigger_controller_dag.py took 0.053 seconds
[2024-09-01T00:41:17.967+0530] {processor.py:186} INFO - Started process (PID=2718) to work on /Users/ravipal/Desktop/Workspace/airflow_tutorial/py_env/lib/python3.12/site-packages/airflow/example_dags/example_trigger_controller_dag.py
[2024-09-01T00:41:17.967+0530] {processor.py:914} INFO - Processing file /Users/ravipal/Desktop/Workspace/airflow_tutorial/py_env/lib/python3.12/site-packages/airflow/example_dags/example_trigger_controller_dag.py for tasks to queue
[2024-09-01T00:41:17.967+0530] {logging_mixin.py:190} INFO - [2024-09-01T00:41:17.967+0530] {dagbag.py:587} INFO - Filling up the DagBag from /Users/ravipal/Desktop/Workspace/airflow_tutorial/py_env/lib/python3.12/site-packages/airflow/example_dags/example_trigger_controller_dag.py
[2024-09-01T00:41:17.972+0530] {processor.py:925} INFO - DAG(s) 'example_trigger_controller_dag' retrieved from /Users/ravipal/Desktop/Workspace/airflow_tutorial/py_env/lib/python3.12/site-packages/airflow/example_dags/example_trigger_controller_dag.py
[2024-09-01T00:41:18.005+0530] {logging_mixin.py:190} INFO - [2024-09-01T00:41:18.005+0530] {dag.py:3211} INFO - Sync 1 DAGs
[2024-09-01T00:41:18.010+0530] {logging_mixin.py:190} INFO - [2024-09-01T00:41:18.010+0530] {dag.py:4138} INFO - Setting next_dagrun for example_trigger_controller_dag to 2021-01-01 00:00:00+00:00, run_after=2021-01-01 00:00:00+00:00
[2024-09-01T00:41:18.017+0530] {processor.py:208} INFO - Processing /Users/ravipal/Desktop/Workspace/airflow_tutorial/py_env/lib/python3.12/site-packages/airflow/example_dags/example_trigger_controller_dag.py took 0.052 seconds
[2024-09-01T00:42:24.029+0530] {processor.py:186} INFO - Started process (PID=2784) to work on /Users/ravipal/Desktop/Workspace/airflow_tutorial/py_env/lib/python3.12/site-packages/airflow/example_dags/example_trigger_controller_dag.py
[2024-09-01T00:42:24.030+0530] {processor.py:914} INFO - Processing file /Users/ravipal/Desktop/Workspace/airflow_tutorial/py_env/lib/python3.12/site-packages/airflow/example_dags/example_trigger_controller_dag.py for tasks to queue
[2024-09-01T00:42:24.030+0530] {logging_mixin.py:190} INFO - [2024-09-01T00:42:24.030+0530] {dagbag.py:587} INFO - Filling up the DagBag from /Users/ravipal/Desktop/Workspace/airflow_tutorial/py_env/lib/python3.12/site-packages/airflow/example_dags/example_trigger_controller_dag.py
[2024-09-01T00:42:24.035+0530] {processor.py:925} INFO - DAG(s) 'example_trigger_controller_dag' retrieved from /Users/ravipal/Desktop/Workspace/airflow_tutorial/py_env/lib/python3.12/site-packages/airflow/example_dags/example_trigger_controller_dag.py
[2024-09-01T00:42:24.068+0530] {logging_mixin.py:190} INFO - [2024-09-01T00:42:24.068+0530] {dag.py:3211} INFO - Sync 1 DAGs
[2024-09-01T00:42:24.074+0530] {logging_mixin.py:190} INFO - [2024-09-01T00:42:24.074+0530] {dag.py:4138} INFO - Setting next_dagrun for example_trigger_controller_dag to 2021-01-01 00:00:00+00:00, run_after=2021-01-01 00:00:00+00:00
[2024-09-01T00:42:24.080+0530] {processor.py:208} INFO - Processing /Users/ravipal/Desktop/Workspace/airflow_tutorial/py_env/lib/python3.12/site-packages/airflow/example_dags/example_trigger_controller_dag.py took 0.053 seconds
[2024-09-01T00:43:30.812+0530] {processor.py:186} INFO - Started process (PID=2848) to work on /Users/ravipal/Desktop/Workspace/airflow_tutorial/py_env/lib/python3.12/site-packages/airflow/example_dags/example_trigger_controller_dag.py
[2024-09-01T00:43:30.813+0530] {processor.py:914} INFO - Processing file /Users/ravipal/Desktop/Workspace/airflow_tutorial/py_env/lib/python3.12/site-packages/airflow/example_dags/example_trigger_controller_dag.py for tasks to queue
[2024-09-01T00:43:30.813+0530] {logging_mixin.py:190} INFO - [2024-09-01T00:43:30.813+0530] {dagbag.py:587} INFO - Filling up the DagBag from /Users/ravipal/Desktop/Workspace/airflow_tutorial/py_env/lib/python3.12/site-packages/airflow/example_dags/example_trigger_controller_dag.py
[2024-09-01T00:43:30.818+0530] {processor.py:925} INFO - DAG(s) 'example_trigger_controller_dag' retrieved from /Users/ravipal/Desktop/Workspace/airflow_tutorial/py_env/lib/python3.12/site-packages/airflow/example_dags/example_trigger_controller_dag.py
[2024-09-01T00:43:30.850+0530] {logging_mixin.py:190} INFO - [2024-09-01T00:43:30.850+0530] {dag.py:3211} INFO - Sync 1 DAGs
[2024-09-01T00:43:30.856+0530] {logging_mixin.py:190} INFO - [2024-09-01T00:43:30.856+0530] {dag.py:4138} INFO - Setting next_dagrun for example_trigger_controller_dag to 2021-01-01 00:00:00+00:00, run_after=2021-01-01 00:00:00+00:00
[2024-09-01T00:43:30.863+0530] {processor.py:208} INFO - Processing /Users/ravipal/Desktop/Workspace/airflow_tutorial/py_env/lib/python3.12/site-packages/airflow/example_dags/example_trigger_controller_dag.py took 0.053 seconds
[2024-09-01T00:44:38.928+0530] {processor.py:186} INFO - Started process (PID=2917) to work on /Users/ravipal/Desktop/Workspace/airflow_tutorial/py_env/lib/python3.12/site-packages/airflow/example_dags/example_trigger_controller_dag.py
[2024-09-01T00:44:38.928+0530] {processor.py:914} INFO - Processing file /Users/ravipal/Desktop/Workspace/airflow_tutorial/py_env/lib/python3.12/site-packages/airflow/example_dags/example_trigger_controller_dag.py for tasks to queue
[2024-09-01T00:44:38.929+0530] {logging_mixin.py:190} INFO - [2024-09-01T00:44:38.929+0530] {dagbag.py:587} INFO - Filling up the DagBag from /Users/ravipal/Desktop/Workspace/airflow_tutorial/py_env/lib/python3.12/site-packages/airflow/example_dags/example_trigger_controller_dag.py
[2024-09-01T00:44:38.934+0530] {processor.py:925} INFO - DAG(s) 'example_trigger_controller_dag' retrieved from /Users/ravipal/Desktop/Workspace/airflow_tutorial/py_env/lib/python3.12/site-packages/airflow/example_dags/example_trigger_controller_dag.py
[2024-09-01T00:44:38.967+0530] {logging_mixin.py:190} INFO - [2024-09-01T00:44:38.967+0530] {dag.py:3211} INFO - Sync 1 DAGs
[2024-09-01T00:44:38.973+0530] {logging_mixin.py:190} INFO - [2024-09-01T00:44:38.973+0530] {dag.py:4138} INFO - Setting next_dagrun for example_trigger_controller_dag to 2021-01-01 00:00:00+00:00, run_after=2021-01-01 00:00:00+00:00
[2024-09-01T00:44:38.979+0530] {processor.py:208} INFO - Processing /Users/ravipal/Desktop/Workspace/airflow_tutorial/py_env/lib/python3.12/site-packages/airflow/example_dags/example_trigger_controller_dag.py took 0.053 seconds
[2024-09-01T00:45:47.122+0530] {processor.py:186} INFO - Started process (PID=2985) to work on /Users/ravipal/Desktop/Workspace/airflow_tutorial/py_env/lib/python3.12/site-packages/airflow/example_dags/example_trigger_controller_dag.py
[2024-09-01T00:45:47.122+0530] {processor.py:914} INFO - Processing file /Users/ravipal/Desktop/Workspace/airflow_tutorial/py_env/lib/python3.12/site-packages/airflow/example_dags/example_trigger_controller_dag.py for tasks to queue
[2024-09-01T00:45:47.122+0530] {logging_mixin.py:190} INFO - [2024-09-01T00:45:47.122+0530] {dagbag.py:587} INFO - Filling up the DagBag from /Users/ravipal/Desktop/Workspace/airflow_tutorial/py_env/lib/python3.12/site-packages/airflow/example_dags/example_trigger_controller_dag.py
[2024-09-01T00:45:47.127+0530] {processor.py:925} INFO - DAG(s) 'example_trigger_controller_dag' retrieved from /Users/ravipal/Desktop/Workspace/airflow_tutorial/py_env/lib/python3.12/site-packages/airflow/example_dags/example_trigger_controller_dag.py
[2024-09-01T00:45:47.160+0530] {logging_mixin.py:190} INFO - [2024-09-01T00:45:47.159+0530] {dag.py:3211} INFO - Sync 1 DAGs
[2024-09-01T00:45:47.165+0530] {logging_mixin.py:190} INFO - [2024-09-01T00:45:47.165+0530] {dag.py:4138} INFO - Setting next_dagrun for example_trigger_controller_dag to 2021-01-01 00:00:00+00:00, run_after=2021-01-01 00:00:00+00:00
[2024-09-01T00:45:47.172+0530] {processor.py:208} INFO - Processing /Users/ravipal/Desktop/Workspace/airflow_tutorial/py_env/lib/python3.12/site-packages/airflow/example_dags/example_trigger_controller_dag.py took 0.052 seconds
[2024-09-01T00:46:53.480+0530] {processor.py:186} INFO - Started process (PID=3050) to work on /Users/ravipal/Desktop/Workspace/airflow_tutorial/py_env/lib/python3.12/site-packages/airflow/example_dags/example_trigger_controller_dag.py
[2024-09-01T00:46:53.480+0530] {processor.py:914} INFO - Processing file /Users/ravipal/Desktop/Workspace/airflow_tutorial/py_env/lib/python3.12/site-packages/airflow/example_dags/example_trigger_controller_dag.py for tasks to queue
[2024-09-01T00:46:53.481+0530] {logging_mixin.py:190} INFO - [2024-09-01T00:46:53.480+0530] {dagbag.py:587} INFO - Filling up the DagBag from /Users/ravipal/Desktop/Workspace/airflow_tutorial/py_env/lib/python3.12/site-packages/airflow/example_dags/example_trigger_controller_dag.py
[2024-09-01T00:46:53.485+0530] {processor.py:925} INFO - DAG(s) 'example_trigger_controller_dag' retrieved from /Users/ravipal/Desktop/Workspace/airflow_tutorial/py_env/lib/python3.12/site-packages/airflow/example_dags/example_trigger_controller_dag.py
[2024-09-01T00:46:53.518+0530] {logging_mixin.py:190} INFO - [2024-09-01T00:46:53.518+0530] {dag.py:3211} INFO - Sync 1 DAGs
[2024-09-01T00:46:53.524+0530] {logging_mixin.py:190} INFO - [2024-09-01T00:46:53.524+0530] {dag.py:4138} INFO - Setting next_dagrun for example_trigger_controller_dag to 2021-01-01 00:00:00+00:00, run_after=2021-01-01 00:00:00+00:00
[2024-09-01T00:46:53.530+0530] {processor.py:208} INFO - Processing /Users/ravipal/Desktop/Workspace/airflow_tutorial/py_env/lib/python3.12/site-packages/airflow/example_dags/example_trigger_controller_dag.py took 0.053 seconds
[2024-09-01T00:47:56.805+0530] {processor.py:186} INFO - Started process (PID=3115) to work on /Users/ravipal/Desktop/Workspace/airflow_tutorial/py_env/lib/python3.12/site-packages/airflow/example_dags/example_trigger_controller_dag.py
[2024-09-01T00:47:56.805+0530] {processor.py:914} INFO - Processing file /Users/ravipal/Desktop/Workspace/airflow_tutorial/py_env/lib/python3.12/site-packages/airflow/example_dags/example_trigger_controller_dag.py for tasks to queue
[2024-09-01T00:47:56.806+0530] {logging_mixin.py:190} INFO - [2024-09-01T00:47:56.806+0530] {dagbag.py:587} INFO - Filling up the DagBag from /Users/ravipal/Desktop/Workspace/airflow_tutorial/py_env/lib/python3.12/site-packages/airflow/example_dags/example_trigger_controller_dag.py
[2024-09-01T00:47:56.810+0530] {processor.py:925} INFO - DAG(s) 'example_trigger_controller_dag' retrieved from /Users/ravipal/Desktop/Workspace/airflow_tutorial/py_env/lib/python3.12/site-packages/airflow/example_dags/example_trigger_controller_dag.py
[2024-09-01T00:47:56.843+0530] {logging_mixin.py:190} INFO - [2024-09-01T00:47:56.843+0530] {dag.py:3211} INFO - Sync 1 DAGs
[2024-09-01T00:47:56.849+0530] {logging_mixin.py:190} INFO - [2024-09-01T00:47:56.849+0530] {dag.py:4138} INFO - Setting next_dagrun for example_trigger_controller_dag to 2021-01-01 00:00:00+00:00, run_after=2021-01-01 00:00:00+00:00
[2024-09-01T00:47:56.855+0530] {processor.py:208} INFO - Processing /Users/ravipal/Desktop/Workspace/airflow_tutorial/py_env/lib/python3.12/site-packages/airflow/example_dags/example_trigger_controller_dag.py took 0.052 seconds
[2024-09-01T00:49:00.158+0530] {processor.py:186} INFO - Started process (PID=3178) to work on /Users/ravipal/Desktop/Workspace/airflow_tutorial/py_env/lib/python3.12/site-packages/airflow/example_dags/example_trigger_controller_dag.py
[2024-09-01T00:49:00.159+0530] {processor.py:914} INFO - Processing file /Users/ravipal/Desktop/Workspace/airflow_tutorial/py_env/lib/python3.12/site-packages/airflow/example_dags/example_trigger_controller_dag.py for tasks to queue
[2024-09-01T00:49:00.159+0530] {logging_mixin.py:190} INFO - [2024-09-01T00:49:00.159+0530] {dagbag.py:587} INFO - Filling up the DagBag from /Users/ravipal/Desktop/Workspace/airflow_tutorial/py_env/lib/python3.12/site-packages/airflow/example_dags/example_trigger_controller_dag.py
[2024-09-01T00:49:00.165+0530] {processor.py:925} INFO - DAG(s) 'example_trigger_controller_dag' retrieved from /Users/ravipal/Desktop/Workspace/airflow_tutorial/py_env/lib/python3.12/site-packages/airflow/example_dags/example_trigger_controller_dag.py
[2024-09-01T00:49:00.200+0530] {logging_mixin.py:190} INFO - [2024-09-01T00:49:00.200+0530] {dag.py:3211} INFO - Sync 1 DAGs
[2024-09-01T00:49:00.205+0530] {logging_mixin.py:190} INFO - [2024-09-01T00:49:00.205+0530] {dag.py:4138} INFO - Setting next_dagrun for example_trigger_controller_dag to 2021-01-01 00:00:00+00:00, run_after=2021-01-01 00:00:00+00:00
[2024-09-01T00:49:00.214+0530] {processor.py:208} INFO - Processing /Users/ravipal/Desktop/Workspace/airflow_tutorial/py_env/lib/python3.12/site-packages/airflow/example_dags/example_trigger_controller_dag.py took 0.058 seconds
[2024-09-01T00:50:04.722+0530] {processor.py:186} INFO - Started process (PID=3261) to work on /Users/ravipal/Desktop/Workspace/airflow_tutorial/py_env/lib/python3.12/site-packages/airflow/example_dags/example_trigger_controller_dag.py
[2024-09-01T00:50:04.723+0530] {processor.py:914} INFO - Processing file /Users/ravipal/Desktop/Workspace/airflow_tutorial/py_env/lib/python3.12/site-packages/airflow/example_dags/example_trigger_controller_dag.py for tasks to queue
[2024-09-01T00:50:04.723+0530] {logging_mixin.py:190} INFO - [2024-09-01T00:50:04.723+0530] {dagbag.py:587} INFO - Filling up the DagBag from /Users/ravipal/Desktop/Workspace/airflow_tutorial/py_env/lib/python3.12/site-packages/airflow/example_dags/example_trigger_controller_dag.py
[2024-09-01T00:50:04.728+0530] {processor.py:925} INFO - DAG(s) 'example_trigger_controller_dag' retrieved from /Users/ravipal/Desktop/Workspace/airflow_tutorial/py_env/lib/python3.12/site-packages/airflow/example_dags/example_trigger_controller_dag.py
[2024-09-01T00:50:04.761+0530] {logging_mixin.py:190} INFO - [2024-09-01T00:50:04.761+0530] {dag.py:3211} INFO - Sync 1 DAGs
[2024-09-01T00:50:04.767+0530] {logging_mixin.py:190} INFO - [2024-09-01T00:50:04.766+0530] {dag.py:4138} INFO - Setting next_dagrun for example_trigger_controller_dag to 2021-01-01 00:00:00+00:00, run_after=2021-01-01 00:00:00+00:00
[2024-09-01T00:50:04.773+0530] {processor.py:208} INFO - Processing /Users/ravipal/Desktop/Workspace/airflow_tutorial/py_env/lib/python3.12/site-packages/airflow/example_dags/example_trigger_controller_dag.py took 0.053 seconds
[2024-09-01T00:51:14.940+0530] {processor.py:186} INFO - Started process (PID=3338) to work on /Users/ravipal/Desktop/Workspace/airflow_tutorial/py_env/lib/python3.12/site-packages/airflow/example_dags/example_trigger_controller_dag.py
[2024-09-01T00:51:14.941+0530] {processor.py:914} INFO - Processing file /Users/ravipal/Desktop/Workspace/airflow_tutorial/py_env/lib/python3.12/site-packages/airflow/example_dags/example_trigger_controller_dag.py for tasks to queue
[2024-09-01T00:51:14.942+0530] {logging_mixin.py:190} INFO - [2024-09-01T00:51:14.942+0530] {dagbag.py:587} INFO - Filling up the DagBag from /Users/ravipal/Desktop/Workspace/airflow_tutorial/py_env/lib/python3.12/site-packages/airflow/example_dags/example_trigger_controller_dag.py
[2024-09-01T00:51:14.946+0530] {processor.py:925} INFO - DAG(s) 'example_trigger_controller_dag' retrieved from /Users/ravipal/Desktop/Workspace/airflow_tutorial/py_env/lib/python3.12/site-packages/airflow/example_dags/example_trigger_controller_dag.py
[2024-09-01T00:51:14.979+0530] {logging_mixin.py:190} INFO - [2024-09-01T00:51:14.979+0530] {dag.py:3211} INFO - Sync 1 DAGs
[2024-09-01T00:51:14.984+0530] {logging_mixin.py:190} INFO - [2024-09-01T00:51:14.984+0530] {dag.py:4138} INFO - Setting next_dagrun for example_trigger_controller_dag to 2021-01-01 00:00:00+00:00, run_after=2021-01-01 00:00:00+00:00
[2024-09-01T00:51:14.991+0530] {processor.py:208} INFO - Processing /Users/ravipal/Desktop/Workspace/airflow_tutorial/py_env/lib/python3.12/site-packages/airflow/example_dags/example_trigger_controller_dag.py took 0.052 seconds
[2024-09-01T00:52:21.836+0530] {processor.py:186} INFO - Started process (PID=3406) to work on /Users/ravipal/Desktop/Workspace/airflow_tutorial/py_env/lib/python3.12/site-packages/airflow/example_dags/example_trigger_controller_dag.py
[2024-09-01T00:52:21.836+0530] {processor.py:914} INFO - Processing file /Users/ravipal/Desktop/Workspace/airflow_tutorial/py_env/lib/python3.12/site-packages/airflow/example_dags/example_trigger_controller_dag.py for tasks to queue
[2024-09-01T00:52:21.837+0530] {logging_mixin.py:190} INFO - [2024-09-01T00:52:21.836+0530] {dagbag.py:587} INFO - Filling up the DagBag from /Users/ravipal/Desktop/Workspace/airflow_tutorial/py_env/lib/python3.12/site-packages/airflow/example_dags/example_trigger_controller_dag.py
[2024-09-01T00:52:21.841+0530] {processor.py:925} INFO - DAG(s) 'example_trigger_controller_dag' retrieved from /Users/ravipal/Desktop/Workspace/airflow_tutorial/py_env/lib/python3.12/site-packages/airflow/example_dags/example_trigger_controller_dag.py
[2024-09-01T00:52:21.874+0530] {logging_mixin.py:190} INFO - [2024-09-01T00:52:21.873+0530] {dag.py:3211} INFO - Sync 1 DAGs
[2024-09-01T00:52:21.879+0530] {logging_mixin.py:190} INFO - [2024-09-01T00:52:21.879+0530] {dag.py:4138} INFO - Setting next_dagrun for example_trigger_controller_dag to 2021-01-01 00:00:00+00:00, run_after=2021-01-01 00:00:00+00:00
[2024-09-01T00:52:21.886+0530] {processor.py:208} INFO - Processing /Users/ravipal/Desktop/Workspace/airflow_tutorial/py_env/lib/python3.12/site-packages/airflow/example_dags/example_trigger_controller_dag.py took 0.052 seconds
[2024-09-01T00:53:27.181+0530] {processor.py:186} INFO - Started process (PID=3472) to work on /Users/ravipal/Desktop/Workspace/airflow_tutorial/py_env/lib/python3.12/site-packages/airflow/example_dags/example_trigger_controller_dag.py
[2024-09-01T00:53:27.182+0530] {processor.py:914} INFO - Processing file /Users/ravipal/Desktop/Workspace/airflow_tutorial/py_env/lib/python3.12/site-packages/airflow/example_dags/example_trigger_controller_dag.py for tasks to queue
[2024-09-01T00:53:27.182+0530] {logging_mixin.py:190} INFO - [2024-09-01T00:53:27.182+0530] {dagbag.py:587} INFO - Filling up the DagBag from /Users/ravipal/Desktop/Workspace/airflow_tutorial/py_env/lib/python3.12/site-packages/airflow/example_dags/example_trigger_controller_dag.py
[2024-09-01T00:53:27.187+0530] {processor.py:925} INFO - DAG(s) 'example_trigger_controller_dag' retrieved from /Users/ravipal/Desktop/Workspace/airflow_tutorial/py_env/lib/python3.12/site-packages/airflow/example_dags/example_trigger_controller_dag.py
[2024-09-01T00:53:27.219+0530] {logging_mixin.py:190} INFO - [2024-09-01T00:53:27.219+0530] {dag.py:3211} INFO - Sync 1 DAGs
[2024-09-01T00:53:27.225+0530] {logging_mixin.py:190} INFO - [2024-09-01T00:53:27.225+0530] {dag.py:4138} INFO - Setting next_dagrun for example_trigger_controller_dag to 2021-01-01 00:00:00+00:00, run_after=2021-01-01 00:00:00+00:00
[2024-09-01T00:53:27.232+0530] {processor.py:208} INFO - Processing /Users/ravipal/Desktop/Workspace/airflow_tutorial/py_env/lib/python3.12/site-packages/airflow/example_dags/example_trigger_controller_dag.py took 0.052 seconds
[2024-09-01T00:54:33.006+0530] {processor.py:186} INFO - Started process (PID=3537) to work on /Users/ravipal/Desktop/Workspace/airflow_tutorial/py_env/lib/python3.12/site-packages/airflow/example_dags/example_trigger_controller_dag.py
[2024-09-01T00:54:33.007+0530] {processor.py:914} INFO - Processing file /Users/ravipal/Desktop/Workspace/airflow_tutorial/py_env/lib/python3.12/site-packages/airflow/example_dags/example_trigger_controller_dag.py for tasks to queue
[2024-09-01T00:54:33.007+0530] {logging_mixin.py:190} INFO - [2024-09-01T00:54:33.007+0530] {dagbag.py:587} INFO - Filling up the DagBag from /Users/ravipal/Desktop/Workspace/airflow_tutorial/py_env/lib/python3.12/site-packages/airflow/example_dags/example_trigger_controller_dag.py
[2024-09-01T00:54:33.012+0530] {processor.py:925} INFO - DAG(s) 'example_trigger_controller_dag' retrieved from /Users/ravipal/Desktop/Workspace/airflow_tutorial/py_env/lib/python3.12/site-packages/airflow/example_dags/example_trigger_controller_dag.py
[2024-09-01T00:54:33.044+0530] {logging_mixin.py:190} INFO - [2024-09-01T00:54:33.044+0530] {dag.py:3211} INFO - Sync 1 DAGs
[2024-09-01T00:54:33.050+0530] {logging_mixin.py:190} INFO - [2024-09-01T00:54:33.050+0530] {dag.py:4138} INFO - Setting next_dagrun for example_trigger_controller_dag to 2021-01-01 00:00:00+00:00, run_after=2021-01-01 00:00:00+00:00
[2024-09-01T00:54:33.056+0530] {processor.py:208} INFO - Processing /Users/ravipal/Desktop/Workspace/airflow_tutorial/py_env/lib/python3.12/site-packages/airflow/example_dags/example_trigger_controller_dag.py took 0.052 seconds
[2024-09-01T00:55:39.269+0530] {processor.py:186} INFO - Started process (PID=3604) to work on /Users/ravipal/Desktop/Workspace/airflow_tutorial/py_env/lib/python3.12/site-packages/airflow/example_dags/example_trigger_controller_dag.py
[2024-09-01T00:55:39.269+0530] {processor.py:914} INFO - Processing file /Users/ravipal/Desktop/Workspace/airflow_tutorial/py_env/lib/python3.12/site-packages/airflow/example_dags/example_trigger_controller_dag.py for tasks to queue
[2024-09-01T00:55:39.270+0530] {logging_mixin.py:190} INFO - [2024-09-01T00:55:39.270+0530] {dagbag.py:587} INFO - Filling up the DagBag from /Users/ravipal/Desktop/Workspace/airflow_tutorial/py_env/lib/python3.12/site-packages/airflow/example_dags/example_trigger_controller_dag.py
[2024-09-01T00:55:39.274+0530] {processor.py:925} INFO - DAG(s) 'example_trigger_controller_dag' retrieved from /Users/ravipal/Desktop/Workspace/airflow_tutorial/py_env/lib/python3.12/site-packages/airflow/example_dags/example_trigger_controller_dag.py
[2024-09-01T00:55:39.308+0530] {logging_mixin.py:190} INFO - [2024-09-01T00:55:39.308+0530] {dag.py:3211} INFO - Sync 1 DAGs
[2024-09-01T00:55:39.314+0530] {logging_mixin.py:190} INFO - [2024-09-01T00:55:39.314+0530] {dag.py:4138} INFO - Setting next_dagrun for example_trigger_controller_dag to 2021-01-01 00:00:00+00:00, run_after=2021-01-01 00:00:00+00:00
[2024-09-01T00:55:39.320+0530] {processor.py:208} INFO - Processing /Users/ravipal/Desktop/Workspace/airflow_tutorial/py_env/lib/python3.12/site-packages/airflow/example_dags/example_trigger_controller_dag.py took 0.053 seconds
[2024-09-01T00:56:42.979+0530] {processor.py:186} INFO - Started process (PID=3667) to work on /Users/ravipal/Desktop/Workspace/airflow_tutorial/py_env/lib/python3.12/site-packages/airflow/example_dags/example_trigger_controller_dag.py
[2024-09-01T00:56:42.979+0530] {processor.py:914} INFO - Processing file /Users/ravipal/Desktop/Workspace/airflow_tutorial/py_env/lib/python3.12/site-packages/airflow/example_dags/example_trigger_controller_dag.py for tasks to queue
[2024-09-01T00:56:42.980+0530] {logging_mixin.py:190} INFO - [2024-09-01T00:56:42.980+0530] {dagbag.py:587} INFO - Filling up the DagBag from /Users/ravipal/Desktop/Workspace/airflow_tutorial/py_env/lib/python3.12/site-packages/airflow/example_dags/example_trigger_controller_dag.py
[2024-09-01T00:56:42.984+0530] {processor.py:925} INFO - DAG(s) 'example_trigger_controller_dag' retrieved from /Users/ravipal/Desktop/Workspace/airflow_tutorial/py_env/lib/python3.12/site-packages/airflow/example_dags/example_trigger_controller_dag.py
[2024-09-01T00:56:43.017+0530] {logging_mixin.py:190} INFO - [2024-09-01T00:56:43.017+0530] {dag.py:3211} INFO - Sync 1 DAGs
[2024-09-01T00:56:43.022+0530] {logging_mixin.py:190} INFO - [2024-09-01T00:56:43.022+0530] {dag.py:4138} INFO - Setting next_dagrun for example_trigger_controller_dag to 2021-01-01 00:00:00+00:00, run_after=2021-01-01 00:00:00+00:00
[2024-09-01T00:56:43.029+0530] {processor.py:208} INFO - Processing /Users/ravipal/Desktop/Workspace/airflow_tutorial/py_env/lib/python3.12/site-packages/airflow/example_dags/example_trigger_controller_dag.py took 0.052 seconds
[2024-09-01T00:57:49.506+0530] {processor.py:186} INFO - Started process (PID=3732) to work on /Users/ravipal/Desktop/Workspace/airflow_tutorial/py_env/lib/python3.12/site-packages/airflow/example_dags/example_trigger_controller_dag.py
[2024-09-01T00:57:49.506+0530] {processor.py:914} INFO - Processing file /Users/ravipal/Desktop/Workspace/airflow_tutorial/py_env/lib/python3.12/site-packages/airflow/example_dags/example_trigger_controller_dag.py for tasks to queue
[2024-09-01T00:57:49.507+0530] {logging_mixin.py:190} INFO - [2024-09-01T00:57:49.507+0530] {dagbag.py:587} INFO - Filling up the DagBag from /Users/ravipal/Desktop/Workspace/airflow_tutorial/py_env/lib/python3.12/site-packages/airflow/example_dags/example_trigger_controller_dag.py
[2024-09-01T00:57:49.511+0530] {processor.py:925} INFO - DAG(s) 'example_trigger_controller_dag' retrieved from /Users/ravipal/Desktop/Workspace/airflow_tutorial/py_env/lib/python3.12/site-packages/airflow/example_dags/example_trigger_controller_dag.py
[2024-09-01T00:57:49.544+0530] {logging_mixin.py:190} INFO - [2024-09-01T00:57:49.544+0530] {dag.py:3211} INFO - Sync 1 DAGs
[2024-09-01T00:57:49.550+0530] {logging_mixin.py:190} INFO - [2024-09-01T00:57:49.550+0530] {dag.py:4138} INFO - Setting next_dagrun for example_trigger_controller_dag to 2021-01-01 00:00:00+00:00, run_after=2021-01-01 00:00:00+00:00
[2024-09-01T00:57:49.556+0530] {processor.py:208} INFO - Processing /Users/ravipal/Desktop/Workspace/airflow_tutorial/py_env/lib/python3.12/site-packages/airflow/example_dags/example_trigger_controller_dag.py took 0.052 seconds
[2024-09-01T00:58:54.522+0530] {processor.py:186} INFO - Started process (PID=3798) to work on /Users/ravipal/Desktop/Workspace/airflow_tutorial/py_env/lib/python3.12/site-packages/airflow/example_dags/example_trigger_controller_dag.py
[2024-09-01T00:58:54.523+0530] {processor.py:914} INFO - Processing file /Users/ravipal/Desktop/Workspace/airflow_tutorial/py_env/lib/python3.12/site-packages/airflow/example_dags/example_trigger_controller_dag.py for tasks to queue
[2024-09-01T00:58:54.523+0530] {logging_mixin.py:190} INFO - [2024-09-01T00:58:54.523+0530] {dagbag.py:587} INFO - Filling up the DagBag from /Users/ravipal/Desktop/Workspace/airflow_tutorial/py_env/lib/python3.12/site-packages/airflow/example_dags/example_trigger_controller_dag.py
[2024-09-01T00:58:54.528+0530] {processor.py:925} INFO - DAG(s) 'example_trigger_controller_dag' retrieved from /Users/ravipal/Desktop/Workspace/airflow_tutorial/py_env/lib/python3.12/site-packages/airflow/example_dags/example_trigger_controller_dag.py
[2024-09-01T00:58:54.561+0530] {logging_mixin.py:190} INFO - [2024-09-01T00:58:54.561+0530] {dag.py:3211} INFO - Sync 1 DAGs
[2024-09-01T00:58:54.566+0530] {logging_mixin.py:190} INFO - [2024-09-01T00:58:54.566+0530] {dag.py:4138} INFO - Setting next_dagrun for example_trigger_controller_dag to 2021-01-01 00:00:00+00:00, run_after=2021-01-01 00:00:00+00:00
[2024-09-01T00:58:54.573+0530] {processor.py:208} INFO - Processing /Users/ravipal/Desktop/Workspace/airflow_tutorial/py_env/lib/python3.12/site-packages/airflow/example_dags/example_trigger_controller_dag.py took 0.053 seconds
[2024-09-01T01:00:00.656+0530] {processor.py:186} INFO - Started process (PID=3864) to work on /Users/ravipal/Desktop/Workspace/airflow_tutorial/py_env/lib/python3.12/site-packages/airflow/example_dags/example_trigger_controller_dag.py
[2024-09-01T01:00:00.657+0530] {processor.py:914} INFO - Processing file /Users/ravipal/Desktop/Workspace/airflow_tutorial/py_env/lib/python3.12/site-packages/airflow/example_dags/example_trigger_controller_dag.py for tasks to queue
[2024-09-01T01:00:00.657+0530] {logging_mixin.py:190} INFO - [2024-09-01T01:00:00.657+0530] {dagbag.py:587} INFO - Filling up the DagBag from /Users/ravipal/Desktop/Workspace/airflow_tutorial/py_env/lib/python3.12/site-packages/airflow/example_dags/example_trigger_controller_dag.py
[2024-09-01T01:00:00.662+0530] {processor.py:925} INFO - DAG(s) 'example_trigger_controller_dag' retrieved from /Users/ravipal/Desktop/Workspace/airflow_tutorial/py_env/lib/python3.12/site-packages/airflow/example_dags/example_trigger_controller_dag.py
[2024-09-01T01:00:00.694+0530] {logging_mixin.py:190} INFO - [2024-09-01T01:00:00.694+0530] {dag.py:3211} INFO - Sync 1 DAGs
[2024-09-01T01:00:00.700+0530] {logging_mixin.py:190} INFO - [2024-09-01T01:00:00.699+0530] {dag.py:4138} INFO - Setting next_dagrun for example_trigger_controller_dag to 2021-01-01 00:00:00+00:00, run_after=2021-01-01 00:00:00+00:00
[2024-09-01T01:00:00.706+0530] {processor.py:208} INFO - Processing /Users/ravipal/Desktop/Workspace/airflow_tutorial/py_env/lib/python3.12/site-packages/airflow/example_dags/example_trigger_controller_dag.py took 0.051 seconds
[2024-09-01T01:01:03.550+0530] {processor.py:186} INFO - Started process (PID=3928) to work on /Users/ravipal/Desktop/Workspace/airflow_tutorial/py_env/lib/python3.12/site-packages/airflow/example_dags/example_trigger_controller_dag.py
[2024-09-01T01:01:03.551+0530] {processor.py:914} INFO - Processing file /Users/ravipal/Desktop/Workspace/airflow_tutorial/py_env/lib/python3.12/site-packages/airflow/example_dags/example_trigger_controller_dag.py for tasks to queue
[2024-09-01T01:01:03.551+0530] {logging_mixin.py:190} INFO - [2024-09-01T01:01:03.551+0530] {dagbag.py:587} INFO - Filling up the DagBag from /Users/ravipal/Desktop/Workspace/airflow_tutorial/py_env/lib/python3.12/site-packages/airflow/example_dags/example_trigger_controller_dag.py
[2024-09-01T01:01:03.556+0530] {processor.py:925} INFO - DAG(s) 'example_trigger_controller_dag' retrieved from /Users/ravipal/Desktop/Workspace/airflow_tutorial/py_env/lib/python3.12/site-packages/airflow/example_dags/example_trigger_controller_dag.py
[2024-09-01T01:01:03.589+0530] {logging_mixin.py:190} INFO - [2024-09-01T01:01:03.589+0530] {dag.py:3211} INFO - Sync 1 DAGs
[2024-09-01T01:01:03.595+0530] {logging_mixin.py:190} INFO - [2024-09-01T01:01:03.594+0530] {dag.py:4138} INFO - Setting next_dagrun for example_trigger_controller_dag to 2021-01-01 00:00:00+00:00, run_after=2021-01-01 00:00:00+00:00
[2024-09-01T01:01:03.601+0530] {processor.py:208} INFO - Processing /Users/ravipal/Desktop/Workspace/airflow_tutorial/py_env/lib/python3.12/site-packages/airflow/example_dags/example_trigger_controller_dag.py took 0.053 seconds
[2024-09-01T01:02:07.974+0530] {processor.py:186} INFO - Started process (PID=3993) to work on /Users/ravipal/Desktop/Workspace/airflow_tutorial/py_env/lib/python3.12/site-packages/airflow/example_dags/example_trigger_controller_dag.py
[2024-09-01T01:02:07.975+0530] {processor.py:914} INFO - Processing file /Users/ravipal/Desktop/Workspace/airflow_tutorial/py_env/lib/python3.12/site-packages/airflow/example_dags/example_trigger_controller_dag.py for tasks to queue
[2024-09-01T01:02:07.975+0530] {logging_mixin.py:190} INFO - [2024-09-01T01:02:07.975+0530] {dagbag.py:587} INFO - Filling up the DagBag from /Users/ravipal/Desktop/Workspace/airflow_tutorial/py_env/lib/python3.12/site-packages/airflow/example_dags/example_trigger_controller_dag.py
[2024-09-01T01:02:07.980+0530] {processor.py:925} INFO - DAG(s) 'example_trigger_controller_dag' retrieved from /Users/ravipal/Desktop/Workspace/airflow_tutorial/py_env/lib/python3.12/site-packages/airflow/example_dags/example_trigger_controller_dag.py
[2024-09-01T01:02:08.012+0530] {logging_mixin.py:190} INFO - [2024-09-01T01:02:08.012+0530] {dag.py:3211} INFO - Sync 1 DAGs
[2024-09-01T01:02:08.018+0530] {logging_mixin.py:190} INFO - [2024-09-01T01:02:08.018+0530] {dag.py:4138} INFO - Setting next_dagrun for example_trigger_controller_dag to 2021-01-01 00:00:00+00:00, run_after=2021-01-01 00:00:00+00:00
[2024-09-01T01:02:08.025+0530] {processor.py:208} INFO - Processing /Users/ravipal/Desktop/Workspace/airflow_tutorial/py_env/lib/python3.12/site-packages/airflow/example_dags/example_trigger_controller_dag.py took 0.052 seconds
[2024-09-01T01:03:09.117+0530] {processor.py:186} INFO - Started process (PID=4059) to work on /Users/ravipal/Desktop/Workspace/airflow_tutorial/py_env/lib/python3.12/site-packages/airflow/example_dags/example_trigger_controller_dag.py
[2024-09-01T01:03:09.117+0530] {processor.py:914} INFO - Processing file /Users/ravipal/Desktop/Workspace/airflow_tutorial/py_env/lib/python3.12/site-packages/airflow/example_dags/example_trigger_controller_dag.py for tasks to queue
[2024-09-01T01:03:09.118+0530] {logging_mixin.py:190} INFO - [2024-09-01T01:03:09.118+0530] {dagbag.py:587} INFO - Filling up the DagBag from /Users/ravipal/Desktop/Workspace/airflow_tutorial/py_env/lib/python3.12/site-packages/airflow/example_dags/example_trigger_controller_dag.py
[2024-09-01T01:03:09.122+0530] {processor.py:925} INFO - DAG(s) 'example_trigger_controller_dag' retrieved from /Users/ravipal/Desktop/Workspace/airflow_tutorial/py_env/lib/python3.12/site-packages/airflow/example_dags/example_trigger_controller_dag.py
[2024-09-01T01:03:09.155+0530] {logging_mixin.py:190} INFO - [2024-09-01T01:03:09.155+0530] {dag.py:3211} INFO - Sync 1 DAGs
[2024-09-01T01:03:09.161+0530] {logging_mixin.py:190} INFO - [2024-09-01T01:03:09.161+0530] {dag.py:4138} INFO - Setting next_dagrun for example_trigger_controller_dag to 2021-01-01 00:00:00+00:00, run_after=2021-01-01 00:00:00+00:00
[2024-09-01T01:03:09.167+0530] {processor.py:208} INFO - Processing /Users/ravipal/Desktop/Workspace/airflow_tutorial/py_env/lib/python3.12/site-packages/airflow/example_dags/example_trigger_controller_dag.py took 0.052 seconds
[2024-09-01T01:04:14.390+0530] {processor.py:186} INFO - Started process (PID=4128) to work on /Users/ravipal/Desktop/Workspace/airflow_tutorial/py_env/lib/python3.12/site-packages/airflow/example_dags/example_trigger_controller_dag.py
[2024-09-01T01:04:14.390+0530] {processor.py:914} INFO - Processing file /Users/ravipal/Desktop/Workspace/airflow_tutorial/py_env/lib/python3.12/site-packages/airflow/example_dags/example_trigger_controller_dag.py for tasks to queue
[2024-09-01T01:04:14.391+0530] {logging_mixin.py:190} INFO - [2024-09-01T01:04:14.391+0530] {dagbag.py:587} INFO - Filling up the DagBag from /Users/ravipal/Desktop/Workspace/airflow_tutorial/py_env/lib/python3.12/site-packages/airflow/example_dags/example_trigger_controller_dag.py
[2024-09-01T01:04:14.396+0530] {processor.py:925} INFO - DAG(s) 'example_trigger_controller_dag' retrieved from /Users/ravipal/Desktop/Workspace/airflow_tutorial/py_env/lib/python3.12/site-packages/airflow/example_dags/example_trigger_controller_dag.py
[2024-09-01T01:04:14.431+0530] {logging_mixin.py:190} INFO - [2024-09-01T01:04:14.431+0530] {dag.py:3211} INFO - Sync 1 DAGs
[2024-09-01T01:04:14.437+0530] {logging_mixin.py:190} INFO - [2024-09-01T01:04:14.437+0530] {dag.py:4138} INFO - Setting next_dagrun for example_trigger_controller_dag to 2021-01-01 00:00:00+00:00, run_after=2021-01-01 00:00:00+00:00
[2024-09-01T01:04:14.444+0530] {processor.py:208} INFO - Processing /Users/ravipal/Desktop/Workspace/airflow_tutorial/py_env/lib/python3.12/site-packages/airflow/example_dags/example_trigger_controller_dag.py took 0.057 seconds
[2024-09-01T01:05:17.564+0530] {processor.py:186} INFO - Started process (PID=4208) to work on /Users/ravipal/Desktop/Workspace/airflow_tutorial/py_env/lib/python3.12/site-packages/airflow/example_dags/example_trigger_controller_dag.py
[2024-09-01T01:05:17.565+0530] {processor.py:914} INFO - Processing file /Users/ravipal/Desktop/Workspace/airflow_tutorial/py_env/lib/python3.12/site-packages/airflow/example_dags/example_trigger_controller_dag.py for tasks to queue
[2024-09-01T01:05:17.565+0530] {logging_mixin.py:190} INFO - [2024-09-01T01:05:17.565+0530] {dagbag.py:587} INFO - Filling up the DagBag from /Users/ravipal/Desktop/Workspace/airflow_tutorial/py_env/lib/python3.12/site-packages/airflow/example_dags/example_trigger_controller_dag.py
[2024-09-01T01:05:17.570+0530] {processor.py:925} INFO - DAG(s) 'example_trigger_controller_dag' retrieved from /Users/ravipal/Desktop/Workspace/airflow_tutorial/py_env/lib/python3.12/site-packages/airflow/example_dags/example_trigger_controller_dag.py
[2024-09-01T01:05:17.602+0530] {logging_mixin.py:190} INFO - [2024-09-01T01:05:17.602+0530] {dag.py:3211} INFO - Sync 1 DAGs
[2024-09-01T01:05:17.608+0530] {logging_mixin.py:190} INFO - [2024-09-01T01:05:17.608+0530] {dag.py:4138} INFO - Setting next_dagrun for example_trigger_controller_dag to 2021-01-01 00:00:00+00:00, run_after=2021-01-01 00:00:00+00:00
[2024-09-01T01:05:17.615+0530] {processor.py:208} INFO - Processing /Users/ravipal/Desktop/Workspace/airflow_tutorial/py_env/lib/python3.12/site-packages/airflow/example_dags/example_trigger_controller_dag.py took 0.053 seconds
[2024-09-01T01:06:22.100+0530] {processor.py:186} INFO - Started process (PID=4282) to work on /Users/ravipal/Desktop/Workspace/airflow_tutorial/py_env/lib/python3.12/site-packages/airflow/example_dags/example_trigger_controller_dag.py
[2024-09-01T01:06:22.101+0530] {processor.py:914} INFO - Processing file /Users/ravipal/Desktop/Workspace/airflow_tutorial/py_env/lib/python3.12/site-packages/airflow/example_dags/example_trigger_controller_dag.py for tasks to queue
[2024-09-01T01:06:22.102+0530] {logging_mixin.py:190} INFO - [2024-09-01T01:06:22.102+0530] {dagbag.py:587} INFO - Filling up the DagBag from /Users/ravipal/Desktop/Workspace/airflow_tutorial/py_env/lib/python3.12/site-packages/airflow/example_dags/example_trigger_controller_dag.py
[2024-09-01T01:06:22.107+0530] {processor.py:925} INFO - DAG(s) 'example_trigger_controller_dag' retrieved from /Users/ravipal/Desktop/Workspace/airflow_tutorial/py_env/lib/python3.12/site-packages/airflow/example_dags/example_trigger_controller_dag.py
[2024-09-01T01:06:22.140+0530] {logging_mixin.py:190} INFO - [2024-09-01T01:06:22.140+0530] {dag.py:3211} INFO - Sync 1 DAGs
[2024-09-01T01:06:22.146+0530] {logging_mixin.py:190} INFO - [2024-09-01T01:06:22.146+0530] {dag.py:4138} INFO - Setting next_dagrun for example_trigger_controller_dag to 2021-01-01 00:00:00+00:00, run_after=2021-01-01 00:00:00+00:00
[2024-09-01T01:06:22.153+0530] {processor.py:208} INFO - Processing /Users/ravipal/Desktop/Workspace/airflow_tutorial/py_env/lib/python3.12/site-packages/airflow/example_dags/example_trigger_controller_dag.py took 0.054 seconds
[2024-09-01T01:07:28.904+0530] {processor.py:186} INFO - Started process (PID=4351) to work on /Users/ravipal/Desktop/Workspace/airflow_tutorial/py_env/lib/python3.12/site-packages/airflow/example_dags/example_trigger_controller_dag.py
[2024-09-01T01:07:28.904+0530] {processor.py:914} INFO - Processing file /Users/ravipal/Desktop/Workspace/airflow_tutorial/py_env/lib/python3.12/site-packages/airflow/example_dags/example_trigger_controller_dag.py for tasks to queue
[2024-09-01T01:07:28.904+0530] {logging_mixin.py:190} INFO - [2024-09-01T01:07:28.904+0530] {dagbag.py:587} INFO - Filling up the DagBag from /Users/ravipal/Desktop/Workspace/airflow_tutorial/py_env/lib/python3.12/site-packages/airflow/example_dags/example_trigger_controller_dag.py
[2024-09-01T01:07:28.909+0530] {processor.py:925} INFO - DAG(s) 'example_trigger_controller_dag' retrieved from /Users/ravipal/Desktop/Workspace/airflow_tutorial/py_env/lib/python3.12/site-packages/airflow/example_dags/example_trigger_controller_dag.py
[2024-09-01T01:07:28.941+0530] {logging_mixin.py:190} INFO - [2024-09-01T01:07:28.941+0530] {dag.py:3211} INFO - Sync 1 DAGs
[2024-09-01T01:07:28.947+0530] {logging_mixin.py:190} INFO - [2024-09-01T01:07:28.947+0530] {dag.py:4138} INFO - Setting next_dagrun for example_trigger_controller_dag to 2021-01-01 00:00:00+00:00, run_after=2021-01-01 00:00:00+00:00
[2024-09-01T01:07:28.954+0530] {processor.py:208} INFO - Processing /Users/ravipal/Desktop/Workspace/airflow_tutorial/py_env/lib/python3.12/site-packages/airflow/example_dags/example_trigger_controller_dag.py took 0.052 seconds
[2024-09-01T01:08:34.675+0530] {processor.py:186} INFO - Started process (PID=4417) to work on /Users/ravipal/Desktop/Workspace/airflow_tutorial/py_env/lib/python3.12/site-packages/airflow/example_dags/example_trigger_controller_dag.py
[2024-09-01T01:08:34.675+0530] {processor.py:914} INFO - Processing file /Users/ravipal/Desktop/Workspace/airflow_tutorial/py_env/lib/python3.12/site-packages/airflow/example_dags/example_trigger_controller_dag.py for tasks to queue
[2024-09-01T01:08:34.675+0530] {logging_mixin.py:190} INFO - [2024-09-01T01:08:34.675+0530] {dagbag.py:587} INFO - Filling up the DagBag from /Users/ravipal/Desktop/Workspace/airflow_tutorial/py_env/lib/python3.12/site-packages/airflow/example_dags/example_trigger_controller_dag.py
[2024-09-01T01:08:34.680+0530] {processor.py:925} INFO - DAG(s) 'example_trigger_controller_dag' retrieved from /Users/ravipal/Desktop/Workspace/airflow_tutorial/py_env/lib/python3.12/site-packages/airflow/example_dags/example_trigger_controller_dag.py
[2024-09-01T01:08:34.713+0530] {logging_mixin.py:190} INFO - [2024-09-01T01:08:34.712+0530] {dag.py:3211} INFO - Sync 1 DAGs
[2024-09-01T01:08:34.718+0530] {logging_mixin.py:190} INFO - [2024-09-01T01:08:34.718+0530] {dag.py:4138} INFO - Setting next_dagrun for example_trigger_controller_dag to 2021-01-01 00:00:00+00:00, run_after=2021-01-01 00:00:00+00:00
[2024-09-01T01:08:34.725+0530] {processor.py:208} INFO - Processing /Users/ravipal/Desktop/Workspace/airflow_tutorial/py_env/lib/python3.12/site-packages/airflow/example_dags/example_trigger_controller_dag.py took 0.052 seconds
[2024-09-01T01:09:39.538+0530] {processor.py:186} INFO - Started process (PID=4482) to work on /Users/ravipal/Desktop/Workspace/airflow_tutorial/py_env/lib/python3.12/site-packages/airflow/example_dags/example_trigger_controller_dag.py
[2024-09-01T01:09:39.539+0530] {processor.py:914} INFO - Processing file /Users/ravipal/Desktop/Workspace/airflow_tutorial/py_env/lib/python3.12/site-packages/airflow/example_dags/example_trigger_controller_dag.py for tasks to queue
[2024-09-01T01:09:39.539+0530] {logging_mixin.py:190} INFO - [2024-09-01T01:09:39.539+0530] {dagbag.py:587} INFO - Filling up the DagBag from /Users/ravipal/Desktop/Workspace/airflow_tutorial/py_env/lib/python3.12/site-packages/airflow/example_dags/example_trigger_controller_dag.py
[2024-09-01T01:09:39.544+0530] {processor.py:925} INFO - DAG(s) 'example_trigger_controller_dag' retrieved from /Users/ravipal/Desktop/Workspace/airflow_tutorial/py_env/lib/python3.12/site-packages/airflow/example_dags/example_trigger_controller_dag.py
[2024-09-01T01:09:39.577+0530] {logging_mixin.py:190} INFO - [2024-09-01T01:09:39.577+0530] {dag.py:3211} INFO - Sync 1 DAGs
[2024-09-01T01:09:39.583+0530] {logging_mixin.py:190} INFO - [2024-09-01T01:09:39.583+0530] {dag.py:4138} INFO - Setting next_dagrun for example_trigger_controller_dag to 2021-01-01 00:00:00+00:00, run_after=2021-01-01 00:00:00+00:00
[2024-09-01T01:09:39.589+0530] {processor.py:208} INFO - Processing /Users/ravipal/Desktop/Workspace/airflow_tutorial/py_env/lib/python3.12/site-packages/airflow/example_dags/example_trigger_controller_dag.py took 0.053 seconds
[2024-09-01T01:10:40.762+0530] {processor.py:186} INFO - Started process (PID=4544) to work on /Users/ravipal/Desktop/Workspace/airflow_tutorial/py_env/lib/python3.12/site-packages/airflow/example_dags/example_trigger_controller_dag.py
[2024-09-01T01:10:40.763+0530] {processor.py:914} INFO - Processing file /Users/ravipal/Desktop/Workspace/airflow_tutorial/py_env/lib/python3.12/site-packages/airflow/example_dags/example_trigger_controller_dag.py for tasks to queue
[2024-09-01T01:10:40.763+0530] {logging_mixin.py:190} INFO - [2024-09-01T01:10:40.763+0530] {dagbag.py:587} INFO - Filling up the DagBag from /Users/ravipal/Desktop/Workspace/airflow_tutorial/py_env/lib/python3.12/site-packages/airflow/example_dags/example_trigger_controller_dag.py
[2024-09-01T01:10:40.768+0530] {processor.py:925} INFO - DAG(s) 'example_trigger_controller_dag' retrieved from /Users/ravipal/Desktop/Workspace/airflow_tutorial/py_env/lib/python3.12/site-packages/airflow/example_dags/example_trigger_controller_dag.py
[2024-09-01T01:10:40.800+0530] {logging_mixin.py:190} INFO - [2024-09-01T01:10:40.800+0530] {dag.py:3211} INFO - Sync 1 DAGs
[2024-09-01T01:10:40.806+0530] {logging_mixin.py:190} INFO - [2024-09-01T01:10:40.806+0530] {dag.py:4138} INFO - Setting next_dagrun for example_trigger_controller_dag to 2021-01-01 00:00:00+00:00, run_after=2021-01-01 00:00:00+00:00
[2024-09-01T01:10:40.812+0530] {processor.py:208} INFO - Processing /Users/ravipal/Desktop/Workspace/airflow_tutorial/py_env/lib/python3.12/site-packages/airflow/example_dags/example_trigger_controller_dag.py took 0.052 seconds
[2024-09-01T01:11:43.283+0530] {processor.py:186} INFO - Started process (PID=4608) to work on /Users/ravipal/Desktop/Workspace/airflow_tutorial/py_env/lib/python3.12/site-packages/airflow/example_dags/example_trigger_controller_dag.py
[2024-09-01T01:11:43.283+0530] {processor.py:914} INFO - Processing file /Users/ravipal/Desktop/Workspace/airflow_tutorial/py_env/lib/python3.12/site-packages/airflow/example_dags/example_trigger_controller_dag.py for tasks to queue
[2024-09-01T01:11:43.283+0530] {logging_mixin.py:190} INFO - [2024-09-01T01:11:43.283+0530] {dagbag.py:587} INFO - Filling up the DagBag from /Users/ravipal/Desktop/Workspace/airflow_tutorial/py_env/lib/python3.12/site-packages/airflow/example_dags/example_trigger_controller_dag.py
[2024-09-01T01:11:43.288+0530] {processor.py:925} INFO - DAG(s) 'example_trigger_controller_dag' retrieved from /Users/ravipal/Desktop/Workspace/airflow_tutorial/py_env/lib/python3.12/site-packages/airflow/example_dags/example_trigger_controller_dag.py
[2024-09-01T01:11:43.320+0530] {logging_mixin.py:190} INFO - [2024-09-01T01:11:43.320+0530] {dag.py:3211} INFO - Sync 1 DAGs
[2024-09-01T01:11:43.326+0530] {logging_mixin.py:190} INFO - [2024-09-01T01:11:43.326+0530] {dag.py:4138} INFO - Setting next_dagrun for example_trigger_controller_dag to 2021-01-01 00:00:00+00:00, run_after=2021-01-01 00:00:00+00:00
[2024-09-01T01:11:43.332+0530] {processor.py:208} INFO - Processing /Users/ravipal/Desktop/Workspace/airflow_tutorial/py_env/lib/python3.12/site-packages/airflow/example_dags/example_trigger_controller_dag.py took 0.051 seconds
[2024-09-01T01:12:46.589+0530] {processor.py:186} INFO - Started process (PID=4672) to work on /Users/ravipal/Desktop/Workspace/airflow_tutorial/py_env/lib/python3.12/site-packages/airflow/example_dags/example_trigger_controller_dag.py
[2024-09-01T01:12:46.590+0530] {processor.py:914} INFO - Processing file /Users/ravipal/Desktop/Workspace/airflow_tutorial/py_env/lib/python3.12/site-packages/airflow/example_dags/example_trigger_controller_dag.py for tasks to queue
[2024-09-01T01:12:46.590+0530] {logging_mixin.py:190} INFO - [2024-09-01T01:12:46.590+0530] {dagbag.py:587} INFO - Filling up the DagBag from /Users/ravipal/Desktop/Workspace/airflow_tutorial/py_env/lib/python3.12/site-packages/airflow/example_dags/example_trigger_controller_dag.py
[2024-09-01T01:12:46.595+0530] {processor.py:925} INFO - DAG(s) 'example_trigger_controller_dag' retrieved from /Users/ravipal/Desktop/Workspace/airflow_tutorial/py_env/lib/python3.12/site-packages/airflow/example_dags/example_trigger_controller_dag.py
[2024-09-01T01:12:46.628+0530] {logging_mixin.py:190} INFO - [2024-09-01T01:12:46.628+0530] {dag.py:3211} INFO - Sync 1 DAGs
[2024-09-01T01:12:46.634+0530] {logging_mixin.py:190} INFO - [2024-09-01T01:12:46.634+0530] {dag.py:4138} INFO - Setting next_dagrun for example_trigger_controller_dag to 2021-01-01 00:00:00+00:00, run_after=2021-01-01 00:00:00+00:00
[2024-09-01T01:12:46.640+0530] {processor.py:208} INFO - Processing /Users/ravipal/Desktop/Workspace/airflow_tutorial/py_env/lib/python3.12/site-packages/airflow/example_dags/example_trigger_controller_dag.py took 0.053 seconds
[2024-09-01T01:13:51.027+0530] {processor.py:186} INFO - Started process (PID=4735) to work on /Users/ravipal/Desktop/Workspace/airflow_tutorial/py_env/lib/python3.12/site-packages/airflow/example_dags/example_trigger_controller_dag.py
[2024-09-01T01:13:51.028+0530] {processor.py:914} INFO - Processing file /Users/ravipal/Desktop/Workspace/airflow_tutorial/py_env/lib/python3.12/site-packages/airflow/example_dags/example_trigger_controller_dag.py for tasks to queue
[2024-09-01T01:13:51.028+0530] {logging_mixin.py:190} INFO - [2024-09-01T01:13:51.028+0530] {dagbag.py:587} INFO - Filling up the DagBag from /Users/ravipal/Desktop/Workspace/airflow_tutorial/py_env/lib/python3.12/site-packages/airflow/example_dags/example_trigger_controller_dag.py
[2024-09-01T01:13:51.033+0530] {processor.py:925} INFO - DAG(s) 'example_trigger_controller_dag' retrieved from /Users/ravipal/Desktop/Workspace/airflow_tutorial/py_env/lib/python3.12/site-packages/airflow/example_dags/example_trigger_controller_dag.py
[2024-09-01T01:13:51.066+0530] {logging_mixin.py:190} INFO - [2024-09-01T01:13:51.066+0530] {dag.py:3211} INFO - Sync 1 DAGs
[2024-09-01T01:13:51.071+0530] {logging_mixin.py:190} INFO - [2024-09-01T01:13:51.071+0530] {dag.py:4138} INFO - Setting next_dagrun for example_trigger_controller_dag to 2021-01-01 00:00:00+00:00, run_after=2021-01-01 00:00:00+00:00
[2024-09-01T01:13:51.078+0530] {processor.py:208} INFO - Processing /Users/ravipal/Desktop/Workspace/airflow_tutorial/py_env/lib/python3.12/site-packages/airflow/example_dags/example_trigger_controller_dag.py took 0.053 seconds
[2024-09-01T01:14:57.377+0530] {processor.py:186} INFO - Started process (PID=4802) to work on /Users/ravipal/Desktop/Workspace/airflow_tutorial/py_env/lib/python3.12/site-packages/airflow/example_dags/example_trigger_controller_dag.py
[2024-09-01T01:14:57.378+0530] {processor.py:914} INFO - Processing file /Users/ravipal/Desktop/Workspace/airflow_tutorial/py_env/lib/python3.12/site-packages/airflow/example_dags/example_trigger_controller_dag.py for tasks to queue
[2024-09-01T01:14:57.378+0530] {logging_mixin.py:190} INFO - [2024-09-01T01:14:57.378+0530] {dagbag.py:587} INFO - Filling up the DagBag from /Users/ravipal/Desktop/Workspace/airflow_tutorial/py_env/lib/python3.12/site-packages/airflow/example_dags/example_trigger_controller_dag.py
[2024-09-01T01:14:57.383+0530] {processor.py:925} INFO - DAG(s) 'example_trigger_controller_dag' retrieved from /Users/ravipal/Desktop/Workspace/airflow_tutorial/py_env/lib/python3.12/site-packages/airflow/example_dags/example_trigger_controller_dag.py
[2024-09-01T01:14:57.416+0530] {logging_mixin.py:190} INFO - [2024-09-01T01:14:57.416+0530] {dag.py:3211} INFO - Sync 1 DAGs
[2024-09-01T01:14:57.421+0530] {logging_mixin.py:190} INFO - [2024-09-01T01:14:57.421+0530] {dag.py:4138} INFO - Setting next_dagrun for example_trigger_controller_dag to 2021-01-01 00:00:00+00:00, run_after=2021-01-01 00:00:00+00:00
[2024-09-01T01:14:57.428+0530] {processor.py:208} INFO - Processing /Users/ravipal/Desktop/Workspace/airflow_tutorial/py_env/lib/python3.12/site-packages/airflow/example_dags/example_trigger_controller_dag.py took 0.053 seconds
[2024-09-01T01:16:03.673+0530] {processor.py:186} INFO - Started process (PID=4869) to work on /Users/ravipal/Desktop/Workspace/airflow_tutorial/py_env/lib/python3.12/site-packages/airflow/example_dags/example_trigger_controller_dag.py
[2024-09-01T01:16:03.673+0530] {processor.py:914} INFO - Processing file /Users/ravipal/Desktop/Workspace/airflow_tutorial/py_env/lib/python3.12/site-packages/airflow/example_dags/example_trigger_controller_dag.py for tasks to queue
[2024-09-01T01:16:03.674+0530] {logging_mixin.py:190} INFO - [2024-09-01T01:16:03.673+0530] {dagbag.py:587} INFO - Filling up the DagBag from /Users/ravipal/Desktop/Workspace/airflow_tutorial/py_env/lib/python3.12/site-packages/airflow/example_dags/example_trigger_controller_dag.py
[2024-09-01T01:16:03.678+0530] {processor.py:925} INFO - DAG(s) 'example_trigger_controller_dag' retrieved from /Users/ravipal/Desktop/Workspace/airflow_tutorial/py_env/lib/python3.12/site-packages/airflow/example_dags/example_trigger_controller_dag.py
[2024-09-01T01:16:03.711+0530] {logging_mixin.py:190} INFO - [2024-09-01T01:16:03.711+0530] {dag.py:3211} INFO - Sync 1 DAGs
[2024-09-01T01:16:03.717+0530] {logging_mixin.py:190} INFO - [2024-09-01T01:16:03.716+0530] {dag.py:4138} INFO - Setting next_dagrun for example_trigger_controller_dag to 2021-01-01 00:00:00+00:00, run_after=2021-01-01 00:00:00+00:00
[2024-09-01T01:16:03.723+0530] {processor.py:208} INFO - Processing /Users/ravipal/Desktop/Workspace/airflow_tutorial/py_env/lib/python3.12/site-packages/airflow/example_dags/example_trigger_controller_dag.py took 0.052 seconds
[2024-09-01T01:17:09.304+0530] {processor.py:186} INFO - Started process (PID=4934) to work on /Users/ravipal/Desktop/Workspace/airflow_tutorial/py_env/lib/python3.12/site-packages/airflow/example_dags/example_trigger_controller_dag.py
[2024-09-01T01:17:09.305+0530] {processor.py:914} INFO - Processing file /Users/ravipal/Desktop/Workspace/airflow_tutorial/py_env/lib/python3.12/site-packages/airflow/example_dags/example_trigger_controller_dag.py for tasks to queue
[2024-09-01T01:17:09.305+0530] {logging_mixin.py:190} INFO - [2024-09-01T01:17:09.305+0530] {dagbag.py:587} INFO - Filling up the DagBag from /Users/ravipal/Desktop/Workspace/airflow_tutorial/py_env/lib/python3.12/site-packages/airflow/example_dags/example_trigger_controller_dag.py
[2024-09-01T01:17:09.310+0530] {processor.py:925} INFO - DAG(s) 'example_trigger_controller_dag' retrieved from /Users/ravipal/Desktop/Workspace/airflow_tutorial/py_env/lib/python3.12/site-packages/airflow/example_dags/example_trigger_controller_dag.py
[2024-09-01T01:17:09.342+0530] {logging_mixin.py:190} INFO - [2024-09-01T01:17:09.342+0530] {dag.py:3211} INFO - Sync 1 DAGs
[2024-09-01T01:17:09.348+0530] {logging_mixin.py:190} INFO - [2024-09-01T01:17:09.348+0530] {dag.py:4138} INFO - Setting next_dagrun for example_trigger_controller_dag to 2021-01-01 00:00:00+00:00, run_after=2021-01-01 00:00:00+00:00
[2024-09-01T01:17:09.354+0530] {processor.py:208} INFO - Processing /Users/ravipal/Desktop/Workspace/airflow_tutorial/py_env/lib/python3.12/site-packages/airflow/example_dags/example_trigger_controller_dag.py took 0.052 seconds
[2024-09-01T01:18:13.483+0530] {processor.py:186} INFO - Started process (PID=4998) to work on /Users/ravipal/Desktop/Workspace/airflow_tutorial/py_env/lib/python3.12/site-packages/airflow/example_dags/example_trigger_controller_dag.py
[2024-09-01T01:18:13.483+0530] {processor.py:914} INFO - Processing file /Users/ravipal/Desktop/Workspace/airflow_tutorial/py_env/lib/python3.12/site-packages/airflow/example_dags/example_trigger_controller_dag.py for tasks to queue
[2024-09-01T01:18:13.483+0530] {logging_mixin.py:190} INFO - [2024-09-01T01:18:13.483+0530] {dagbag.py:587} INFO - Filling up the DagBag from /Users/ravipal/Desktop/Workspace/airflow_tutorial/py_env/lib/python3.12/site-packages/airflow/example_dags/example_trigger_controller_dag.py
[2024-09-01T01:18:13.488+0530] {processor.py:925} INFO - DAG(s) 'example_trigger_controller_dag' retrieved from /Users/ravipal/Desktop/Workspace/airflow_tutorial/py_env/lib/python3.12/site-packages/airflow/example_dags/example_trigger_controller_dag.py
[2024-09-01T01:18:13.520+0530] {logging_mixin.py:190} INFO - [2024-09-01T01:18:13.520+0530] {dag.py:3211} INFO - Sync 1 DAGs
[2024-09-01T01:18:13.526+0530] {logging_mixin.py:190} INFO - [2024-09-01T01:18:13.526+0530] {dag.py:4138} INFO - Setting next_dagrun for example_trigger_controller_dag to 2021-01-01 00:00:00+00:00, run_after=2021-01-01 00:00:00+00:00
[2024-09-01T01:18:13.533+0530] {processor.py:208} INFO - Processing /Users/ravipal/Desktop/Workspace/airflow_tutorial/py_env/lib/python3.12/site-packages/airflow/example_dags/example_trigger_controller_dag.py took 0.052 seconds
