[2024-09-01T00:23:35.946+0530] {processor.py:186} INFO - Started process (PID=1463) to work on /Users/ravipal/Desktop/Workspace/airflow_tutorial/py_env/lib/python3.12/site-packages/airflow/example_dags/example_nested_branch_dag.py
[2024-09-01T00:23:35.947+0530] {processor.py:914} INFO - Processing file /Users/ravipal/Desktop/Workspace/airflow_tutorial/py_env/lib/python3.12/site-packages/airflow/example_dags/example_nested_branch_dag.py for tasks to queue
[2024-09-01T00:23:35.947+0530] {logging_mixin.py:190} INFO - [2024-09-01T00:23:35.947+0530] {dagbag.py:587} INFO - Filling up the DagBag from /Users/ravipal/Desktop/Workspace/airflow_tutorial/py_env/lib/python3.12/site-packages/airflow/example_dags/example_nested_branch_dag.py
[2024-09-01T00:23:35.965+0530] {processor.py:925} INFO - DAG(s) 'example_nested_branch_dag' retrieved from /Users/ravipal/Desktop/Workspace/airflow_tutorial/py_env/lib/python3.12/site-packages/airflow/example_dags/example_nested_branch_dag.py
[2024-09-01T00:23:36.038+0530] {logging_mixin.py:190} INFO - [2024-09-01T00:23:36.038+0530] {override.py:1858} INFO - Created Permission View: can read on DAG:example_nested_branch_dag
[2024-09-01T00:23:36.073+0530] {logging_mixin.py:190} INFO - [2024-09-01T00:23:36.072+0530] {override.py:1858} INFO - Created Permission View: can edit on DAG:example_nested_branch_dag
[2024-09-01T00:23:36.075+0530] {logging_mixin.py:190} INFO - [2024-09-01T00:23:36.075+0530] {override.py:1858} INFO - Created Permission View: can delete on DAG:example_nested_branch_dag
[2024-09-01T00:23:36.075+0530] {logging_mixin.py:190} INFO - [2024-09-01T00:23:36.075+0530] {dag.py:3211} INFO - Sync 1 DAGs
[2024-09-01T00:23:36.079+0530] {logging_mixin.py:190} INFO - [2024-09-01T00:23:36.079+0530] {dag.py:3234} INFO - Creating ORM DAG for example_nested_branch_dag
[2024-09-01T00:23:36.082+0530] {logging_mixin.py:190} INFO - [2024-09-01T00:23:36.082+0530] {dag.py:4138} INFO - Setting next_dagrun for example_nested_branch_dag to 2024-08-30 00:00:00+00:00, run_after=2024-08-31 00:00:00+00:00
[2024-09-01T00:23:36.089+0530] {processor.py:208} INFO - Processing /Users/ravipal/Desktop/Workspace/airflow_tutorial/py_env/lib/python3.12/site-packages/airflow/example_dags/example_nested_branch_dag.py took 0.145 seconds
[2024-09-01T00:25:14.366+0530] {processor.py:186} INFO - Started process (PID=1560) to work on /Users/ravipal/Desktop/Workspace/airflow_tutorial/py_env/lib/python3.12/site-packages/airflow/example_dags/example_nested_branch_dag.py
[2024-09-01T00:25:14.367+0530] {processor.py:914} INFO - Processing file /Users/ravipal/Desktop/Workspace/airflow_tutorial/py_env/lib/python3.12/site-packages/airflow/example_dags/example_nested_branch_dag.py for tasks to queue
[2024-09-01T00:25:14.367+0530] {logging_mixin.py:190} INFO - [2024-09-01T00:25:14.367+0530] {dagbag.py:587} INFO - Filling up the DagBag from /Users/ravipal/Desktop/Workspace/airflow_tutorial/py_env/lib/python3.12/site-packages/airflow/example_dags/example_nested_branch_dag.py
[2024-09-01T00:25:14.384+0530] {processor.py:925} INFO - DAG(s) 'example_nested_branch_dag' retrieved from /Users/ravipal/Desktop/Workspace/airflow_tutorial/py_env/lib/python3.12/site-packages/airflow/example_dags/example_nested_branch_dag.py
[2024-09-01T00:25:14.418+0530] {logging_mixin.py:190} INFO - [2024-09-01T00:25:14.418+0530] {dag.py:3211} INFO - Sync 1 DAGs
[2024-09-01T00:25:14.424+0530] {logging_mixin.py:190} INFO - [2024-09-01T00:25:14.424+0530] {dag.py:4138} INFO - Setting next_dagrun for example_nested_branch_dag to 2024-08-30 00:00:00+00:00, run_after=2024-08-31 00:00:00+00:00
[2024-09-01T00:25:14.431+0530] {processor.py:208} INFO - Processing /Users/ravipal/Desktop/Workspace/airflow_tutorial/py_env/lib/python3.12/site-packages/airflow/example_dags/example_nested_branch_dag.py took 0.067 seconds
[2024-09-01T00:27:29.594+0530] {processor.py:186} INFO - Started process (PID=1871) to work on /Users/ravipal/Desktop/Workspace/airflow_tutorial/py_env/lib/python3.12/site-packages/airflow/example_dags/example_nested_branch_dag.py
[2024-09-01T00:27:29.594+0530] {processor.py:914} INFO - Processing file /Users/ravipal/Desktop/Workspace/airflow_tutorial/py_env/lib/python3.12/site-packages/airflow/example_dags/example_nested_branch_dag.py for tasks to queue
[2024-09-01T00:27:29.595+0530] {logging_mixin.py:190} INFO - [2024-09-01T00:27:29.595+0530] {dagbag.py:587} INFO - Filling up the DagBag from /Users/ravipal/Desktop/Workspace/airflow_tutorial/py_env/lib/python3.12/site-packages/airflow/example_dags/example_nested_branch_dag.py
[2024-09-01T00:27:29.611+0530] {processor.py:925} INFO - DAG(s) 'example_nested_branch_dag' retrieved from /Users/ravipal/Desktop/Workspace/airflow_tutorial/py_env/lib/python3.12/site-packages/airflow/example_dags/example_nested_branch_dag.py
[2024-09-01T00:27:29.647+0530] {logging_mixin.py:190} INFO - [2024-09-01T00:27:29.647+0530] {dag.py:3211} INFO - Sync 1 DAGs
[2024-09-01T00:27:29.653+0530] {logging_mixin.py:190} INFO - [2024-09-01T00:27:29.653+0530] {dag.py:4138} INFO - Setting next_dagrun for example_nested_branch_dag to 2024-08-30 00:00:00+00:00, run_after=2024-08-31 00:00:00+00:00
[2024-09-01T00:27:29.660+0530] {processor.py:208} INFO - Processing /Users/ravipal/Desktop/Workspace/airflow_tutorial/py_env/lib/python3.12/site-packages/airflow/example_dags/example_nested_branch_dag.py took 0.068 seconds
[2024-09-01T00:29:41.663+0530] {processor.py:186} INFO - Started process (PID=2020) to work on /Users/ravipal/Desktop/Workspace/airflow_tutorial/py_env/lib/python3.12/site-packages/airflow/example_dags/example_nested_branch_dag.py
[2024-09-01T00:29:41.664+0530] {processor.py:914} INFO - Processing file /Users/ravipal/Desktop/Workspace/airflow_tutorial/py_env/lib/python3.12/site-packages/airflow/example_dags/example_nested_branch_dag.py for tasks to queue
[2024-09-01T00:29:41.664+0530] {logging_mixin.py:190} INFO - [2024-09-01T00:29:41.664+0530] {dagbag.py:587} INFO - Filling up the DagBag from /Users/ravipal/Desktop/Workspace/airflow_tutorial/py_env/lib/python3.12/site-packages/airflow/example_dags/example_nested_branch_dag.py
[2024-09-01T00:29:41.681+0530] {processor.py:925} INFO - DAG(s) 'example_nested_branch_dag' retrieved from /Users/ravipal/Desktop/Workspace/airflow_tutorial/py_env/lib/python3.12/site-packages/airflow/example_dags/example_nested_branch_dag.py
[2024-09-01T00:29:41.715+0530] {logging_mixin.py:190} INFO - [2024-09-01T00:29:41.715+0530] {dag.py:3211} INFO - Sync 1 DAGs
[2024-09-01T00:29:41.722+0530] {logging_mixin.py:190} INFO - [2024-09-01T00:29:41.722+0530] {dag.py:4138} INFO - Setting next_dagrun for example_nested_branch_dag to 2024-08-30 00:00:00+00:00, run_after=2024-08-31 00:00:00+00:00
[2024-09-01T00:29:41.729+0530] {processor.py:208} INFO - Processing /Users/ravipal/Desktop/Workspace/airflow_tutorial/py_env/lib/python3.12/site-packages/airflow/example_dags/example_nested_branch_dag.py took 0.067 seconds
[2024-09-01T00:31:53.953+0530] {processor.py:186} INFO - Started process (PID=2155) to work on /Users/ravipal/Desktop/Workspace/airflow_tutorial/py_env/lib/python3.12/site-packages/airflow/example_dags/example_nested_branch_dag.py
[2024-09-01T00:31:53.953+0530] {processor.py:914} INFO - Processing file /Users/ravipal/Desktop/Workspace/airflow_tutorial/py_env/lib/python3.12/site-packages/airflow/example_dags/example_nested_branch_dag.py for tasks to queue
[2024-09-01T00:31:53.954+0530] {logging_mixin.py:190} INFO - [2024-09-01T00:31:53.953+0530] {dagbag.py:587} INFO - Filling up the DagBag from /Users/ravipal/Desktop/Workspace/airflow_tutorial/py_env/lib/python3.12/site-packages/airflow/example_dags/example_nested_branch_dag.py
[2024-09-01T00:31:53.971+0530] {processor.py:925} INFO - DAG(s) 'example_nested_branch_dag' retrieved from /Users/ravipal/Desktop/Workspace/airflow_tutorial/py_env/lib/python3.12/site-packages/airflow/example_dags/example_nested_branch_dag.py
[2024-09-01T00:31:54.012+0530] {logging_mixin.py:190} INFO - [2024-09-01T00:31:54.011+0530] {dag.py:3211} INFO - Sync 1 DAGs
[2024-09-01T00:31:54.019+0530] {logging_mixin.py:190} INFO - [2024-09-01T00:31:54.019+0530] {dag.py:4138} INFO - Setting next_dagrun for example_nested_branch_dag to 2024-08-30 00:00:00+00:00, run_after=2024-08-31 00:00:00+00:00
[2024-09-01T00:31:54.026+0530] {processor.py:208} INFO - Processing /Users/ravipal/Desktop/Workspace/airflow_tutorial/py_env/lib/python3.12/site-packages/airflow/example_dags/example_nested_branch_dag.py took 0.075 seconds
[2024-09-01T00:34:07.955+0530] {processor.py:186} INFO - Started process (PID=2287) to work on /Users/ravipal/Desktop/Workspace/airflow_tutorial/py_env/lib/python3.12/site-packages/airflow/example_dags/example_nested_branch_dag.py
[2024-09-01T00:34:07.956+0530] {processor.py:914} INFO - Processing file /Users/ravipal/Desktop/Workspace/airflow_tutorial/py_env/lib/python3.12/site-packages/airflow/example_dags/example_nested_branch_dag.py for tasks to queue
[2024-09-01T00:34:07.956+0530] {logging_mixin.py:190} INFO - [2024-09-01T00:34:07.956+0530] {dagbag.py:587} INFO - Filling up the DagBag from /Users/ravipal/Desktop/Workspace/airflow_tutorial/py_env/lib/python3.12/site-packages/airflow/example_dags/example_nested_branch_dag.py
[2024-09-01T00:34:07.972+0530] {processor.py:925} INFO - DAG(s) 'example_nested_branch_dag' retrieved from /Users/ravipal/Desktop/Workspace/airflow_tutorial/py_env/lib/python3.12/site-packages/airflow/example_dags/example_nested_branch_dag.py
[2024-09-01T00:34:08.006+0530] {logging_mixin.py:190} INFO - [2024-09-01T00:34:08.006+0530] {dag.py:3211} INFO - Sync 1 DAGs
[2024-09-01T00:34:08.013+0530] {logging_mixin.py:190} INFO - [2024-09-01T00:34:08.013+0530] {dag.py:4138} INFO - Setting next_dagrun for example_nested_branch_dag to 2024-08-30 00:00:00+00:00, run_after=2024-08-31 00:00:00+00:00
[2024-09-01T00:34:08.019+0530] {processor.py:208} INFO - Processing /Users/ravipal/Desktop/Workspace/airflow_tutorial/py_env/lib/python3.12/site-packages/airflow/example_dags/example_nested_branch_dag.py took 0.066 seconds
[2024-09-01T00:36:24.310+0530] {processor.py:186} INFO - Started process (PID=2423) to work on /Users/ravipal/Desktop/Workspace/airflow_tutorial/py_env/lib/python3.12/site-packages/airflow/example_dags/example_nested_branch_dag.py
[2024-09-01T00:36:24.310+0530] {processor.py:914} INFO - Processing file /Users/ravipal/Desktop/Workspace/airflow_tutorial/py_env/lib/python3.12/site-packages/airflow/example_dags/example_nested_branch_dag.py for tasks to queue
[2024-09-01T00:36:24.310+0530] {logging_mixin.py:190} INFO - [2024-09-01T00:36:24.310+0530] {dagbag.py:587} INFO - Filling up the DagBag from /Users/ravipal/Desktop/Workspace/airflow_tutorial/py_env/lib/python3.12/site-packages/airflow/example_dags/example_nested_branch_dag.py
[2024-09-01T00:36:24.326+0530] {processor.py:925} INFO - DAG(s) 'example_nested_branch_dag' retrieved from /Users/ravipal/Desktop/Workspace/airflow_tutorial/py_env/lib/python3.12/site-packages/airflow/example_dags/example_nested_branch_dag.py
[2024-09-01T00:36:24.360+0530] {logging_mixin.py:190} INFO - [2024-09-01T00:36:24.360+0530] {dag.py:3211} INFO - Sync 1 DAGs
[2024-09-01T00:36:24.367+0530] {logging_mixin.py:190} INFO - [2024-09-01T00:36:24.367+0530] {dag.py:4138} INFO - Setting next_dagrun for example_nested_branch_dag to 2024-08-30 00:00:00+00:00, run_after=2024-08-31 00:00:00+00:00
[2024-09-01T00:36:24.373+0530] {processor.py:208} INFO - Processing /Users/ravipal/Desktop/Workspace/airflow_tutorial/py_env/lib/python3.12/site-packages/airflow/example_dags/example_nested_branch_dag.py took 0.066 seconds
[2024-09-01T00:38:34.178+0530] {processor.py:186} INFO - Started process (PID=2554) to work on /Users/ravipal/Desktop/Workspace/airflow_tutorial/py_env/lib/python3.12/site-packages/airflow/example_dags/example_nested_branch_dag.py
[2024-09-01T00:38:34.179+0530] {processor.py:914} INFO - Processing file /Users/ravipal/Desktop/Workspace/airflow_tutorial/py_env/lib/python3.12/site-packages/airflow/example_dags/example_nested_branch_dag.py for tasks to queue
[2024-09-01T00:38:34.179+0530] {logging_mixin.py:190} INFO - [2024-09-01T00:38:34.179+0530] {dagbag.py:587} INFO - Filling up the DagBag from /Users/ravipal/Desktop/Workspace/airflow_tutorial/py_env/lib/python3.12/site-packages/airflow/example_dags/example_nested_branch_dag.py
[2024-09-01T00:38:34.195+0530] {processor.py:925} INFO - DAG(s) 'example_nested_branch_dag' retrieved from /Users/ravipal/Desktop/Workspace/airflow_tutorial/py_env/lib/python3.12/site-packages/airflow/example_dags/example_nested_branch_dag.py
[2024-09-01T00:38:34.229+0530] {logging_mixin.py:190} INFO - [2024-09-01T00:38:34.228+0530] {dag.py:3211} INFO - Sync 1 DAGs
[2024-09-01T00:38:34.235+0530] {logging_mixin.py:190} INFO - [2024-09-01T00:38:34.235+0530] {dag.py:4138} INFO - Setting next_dagrun for example_nested_branch_dag to 2024-08-30 00:00:00+00:00, run_after=2024-08-31 00:00:00+00:00
[2024-09-01T00:38:34.241+0530] {processor.py:208} INFO - Processing /Users/ravipal/Desktop/Workspace/airflow_tutorial/py_env/lib/python3.12/site-packages/airflow/example_dags/example_nested_branch_dag.py took 0.065 seconds
[2024-09-01T00:40:40.873+0530] {processor.py:186} INFO - Started process (PID=2681) to work on /Users/ravipal/Desktop/Workspace/airflow_tutorial/py_env/lib/python3.12/site-packages/airflow/example_dags/example_nested_branch_dag.py
[2024-09-01T00:40:40.873+0530] {processor.py:914} INFO - Processing file /Users/ravipal/Desktop/Workspace/airflow_tutorial/py_env/lib/python3.12/site-packages/airflow/example_dags/example_nested_branch_dag.py for tasks to queue
[2024-09-01T00:40:40.873+0530] {logging_mixin.py:190} INFO - [2024-09-01T00:40:40.873+0530] {dagbag.py:587} INFO - Filling up the DagBag from /Users/ravipal/Desktop/Workspace/airflow_tutorial/py_env/lib/python3.12/site-packages/airflow/example_dags/example_nested_branch_dag.py
[2024-09-01T00:40:40.890+0530] {processor.py:925} INFO - DAG(s) 'example_nested_branch_dag' retrieved from /Users/ravipal/Desktop/Workspace/airflow_tutorial/py_env/lib/python3.12/site-packages/airflow/example_dags/example_nested_branch_dag.py
[2024-09-01T00:40:40.923+0530] {logging_mixin.py:190} INFO - [2024-09-01T00:40:40.923+0530] {dag.py:3211} INFO - Sync 1 DAGs
[2024-09-01T00:40:40.929+0530] {logging_mixin.py:190} INFO - [2024-09-01T00:40:40.929+0530] {dag.py:4138} INFO - Setting next_dagrun for example_nested_branch_dag to 2024-08-30 00:00:00+00:00, run_after=2024-08-31 00:00:00+00:00
[2024-09-01T00:40:40.936+0530] {processor.py:208} INFO - Processing /Users/ravipal/Desktop/Workspace/airflow_tutorial/py_env/lib/python3.12/site-packages/airflow/example_dags/example_nested_branch_dag.py took 0.065 seconds
[2024-09-01T00:42:54.374+0530] {processor.py:186} INFO - Started process (PID=2813) to work on /Users/ravipal/Desktop/Workspace/airflow_tutorial/py_env/lib/python3.12/site-packages/airflow/example_dags/example_nested_branch_dag.py
[2024-09-01T00:42:54.374+0530] {processor.py:914} INFO - Processing file /Users/ravipal/Desktop/Workspace/airflow_tutorial/py_env/lib/python3.12/site-packages/airflow/example_dags/example_nested_branch_dag.py for tasks to queue
[2024-09-01T00:42:54.374+0530] {logging_mixin.py:190} INFO - [2024-09-01T00:42:54.374+0530] {dagbag.py:587} INFO - Filling up the DagBag from /Users/ravipal/Desktop/Workspace/airflow_tutorial/py_env/lib/python3.12/site-packages/airflow/example_dags/example_nested_branch_dag.py
[2024-09-01T00:42:54.391+0530] {processor.py:925} INFO - DAG(s) 'example_nested_branch_dag' retrieved from /Users/ravipal/Desktop/Workspace/airflow_tutorial/py_env/lib/python3.12/site-packages/airflow/example_dags/example_nested_branch_dag.py
[2024-09-01T00:42:54.424+0530] {logging_mixin.py:190} INFO - [2024-09-01T00:42:54.424+0530] {dag.py:3211} INFO - Sync 1 DAGs
[2024-09-01T00:42:54.431+0530] {logging_mixin.py:190} INFO - [2024-09-01T00:42:54.431+0530] {dag.py:4138} INFO - Setting next_dagrun for example_nested_branch_dag to 2024-08-30 00:00:00+00:00, run_after=2024-08-31 00:00:00+00:00
[2024-09-01T00:42:54.437+0530] {processor.py:208} INFO - Processing /Users/ravipal/Desktop/Workspace/airflow_tutorial/py_env/lib/python3.12/site-packages/airflow/example_dags/example_nested_branch_dag.py took 0.066 seconds
[2024-09-01T00:45:10.294+0530] {processor.py:186} INFO - Started process (PID=2947) to work on /Users/ravipal/Desktop/Workspace/airflow_tutorial/py_env/lib/python3.12/site-packages/airflow/example_dags/example_nested_branch_dag.py
[2024-09-01T00:45:10.294+0530] {processor.py:914} INFO - Processing file /Users/ravipal/Desktop/Workspace/airflow_tutorial/py_env/lib/python3.12/site-packages/airflow/example_dags/example_nested_branch_dag.py for tasks to queue
[2024-09-01T00:45:10.294+0530] {logging_mixin.py:190} INFO - [2024-09-01T00:45:10.294+0530] {dagbag.py:587} INFO - Filling up the DagBag from /Users/ravipal/Desktop/Workspace/airflow_tutorial/py_env/lib/python3.12/site-packages/airflow/example_dags/example_nested_branch_dag.py
[2024-09-01T00:45:10.311+0530] {processor.py:925} INFO - DAG(s) 'example_nested_branch_dag' retrieved from /Users/ravipal/Desktop/Workspace/airflow_tutorial/py_env/lib/python3.12/site-packages/airflow/example_dags/example_nested_branch_dag.py
[2024-09-01T00:45:10.345+0530] {logging_mixin.py:190} INFO - [2024-09-01T00:45:10.345+0530] {dag.py:3211} INFO - Sync 1 DAGs
[2024-09-01T00:45:10.351+0530] {logging_mixin.py:190} INFO - [2024-09-01T00:45:10.351+0530] {dag.py:4138} INFO - Setting next_dagrun for example_nested_branch_dag to 2024-08-30 00:00:00+00:00, run_after=2024-08-31 00:00:00+00:00
[2024-09-01T00:45:10.358+0530] {processor.py:208} INFO - Processing /Users/ravipal/Desktop/Workspace/airflow_tutorial/py_env/lib/python3.12/site-packages/airflow/example_dags/example_nested_branch_dag.py took 0.066 seconds
[2024-09-01T00:47:23.385+0530] {processor.py:186} INFO - Started process (PID=3080) to work on /Users/ravipal/Desktop/Workspace/airflow_tutorial/py_env/lib/python3.12/site-packages/airflow/example_dags/example_nested_branch_dag.py
[2024-09-01T00:47:23.386+0530] {processor.py:914} INFO - Processing file /Users/ravipal/Desktop/Workspace/airflow_tutorial/py_env/lib/python3.12/site-packages/airflow/example_dags/example_nested_branch_dag.py for tasks to queue
[2024-09-01T00:47:23.386+0530] {logging_mixin.py:190} INFO - [2024-09-01T00:47:23.386+0530] {dagbag.py:587} INFO - Filling up the DagBag from /Users/ravipal/Desktop/Workspace/airflow_tutorial/py_env/lib/python3.12/site-packages/airflow/example_dags/example_nested_branch_dag.py
[2024-09-01T00:47:23.402+0530] {processor.py:925} INFO - DAG(s) 'example_nested_branch_dag' retrieved from /Users/ravipal/Desktop/Workspace/airflow_tutorial/py_env/lib/python3.12/site-packages/airflow/example_dags/example_nested_branch_dag.py
[2024-09-01T00:47:23.436+0530] {logging_mixin.py:190} INFO - [2024-09-01T00:47:23.436+0530] {dag.py:3211} INFO - Sync 1 DAGs
[2024-09-01T00:47:23.443+0530] {logging_mixin.py:190} INFO - [2024-09-01T00:47:23.443+0530] {dag.py:4138} INFO - Setting next_dagrun for example_nested_branch_dag to 2024-08-30 00:00:00+00:00, run_after=2024-08-31 00:00:00+00:00
[2024-09-01T00:47:23.449+0530] {processor.py:208} INFO - Processing /Users/ravipal/Desktop/Workspace/airflow_tutorial/py_env/lib/python3.12/site-packages/airflow/example_dags/example_nested_branch_dag.py took 0.066 seconds
[2024-09-01T00:49:29.300+0530] {processor.py:186} INFO - Started process (PID=3215) to work on /Users/ravipal/Desktop/Workspace/airflow_tutorial/py_env/lib/python3.12/site-packages/airflow/example_dags/example_nested_branch_dag.py
[2024-09-01T00:49:29.301+0530] {processor.py:914} INFO - Processing file /Users/ravipal/Desktop/Workspace/airflow_tutorial/py_env/lib/python3.12/site-packages/airflow/example_dags/example_nested_branch_dag.py for tasks to queue
[2024-09-01T00:49:29.301+0530] {logging_mixin.py:190} INFO - [2024-09-01T00:49:29.301+0530] {dagbag.py:587} INFO - Filling up the DagBag from /Users/ravipal/Desktop/Workspace/airflow_tutorial/py_env/lib/python3.12/site-packages/airflow/example_dags/example_nested_branch_dag.py
[2024-09-01T00:49:29.318+0530] {processor.py:925} INFO - DAG(s) 'example_nested_branch_dag' retrieved from /Users/ravipal/Desktop/Workspace/airflow_tutorial/py_env/lib/python3.12/site-packages/airflow/example_dags/example_nested_branch_dag.py
[2024-09-01T00:49:29.353+0530] {logging_mixin.py:190} INFO - [2024-09-01T00:49:29.352+0530] {dag.py:3211} INFO - Sync 1 DAGs
[2024-09-01T00:49:29.359+0530] {logging_mixin.py:190} INFO - [2024-09-01T00:49:29.359+0530] {dag.py:4138} INFO - Setting next_dagrun for example_nested_branch_dag to 2024-08-30 00:00:00+00:00, run_after=2024-08-31 00:00:00+00:00
[2024-09-01T00:49:29.366+0530] {processor.py:208} INFO - Processing /Users/ravipal/Desktop/Workspace/airflow_tutorial/py_env/lib/python3.12/site-packages/airflow/example_dags/example_nested_branch_dag.py took 0.068 seconds
[2024-09-01T00:51:46.339+0530] {processor.py:186} INFO - Started process (PID=3368) to work on /Users/ravipal/Desktop/Workspace/airflow_tutorial/py_env/lib/python3.12/site-packages/airflow/example_dags/example_nested_branch_dag.py
[2024-09-01T00:51:46.340+0530] {processor.py:914} INFO - Processing file /Users/ravipal/Desktop/Workspace/airflow_tutorial/py_env/lib/python3.12/site-packages/airflow/example_dags/example_nested_branch_dag.py for tasks to queue
[2024-09-01T00:51:46.341+0530] {logging_mixin.py:190} INFO - [2024-09-01T00:51:46.341+0530] {dagbag.py:587} INFO - Filling up the DagBag from /Users/ravipal/Desktop/Workspace/airflow_tutorial/py_env/lib/python3.12/site-packages/airflow/example_dags/example_nested_branch_dag.py
[2024-09-01T00:51:46.357+0530] {processor.py:925} INFO - DAG(s) 'example_nested_branch_dag' retrieved from /Users/ravipal/Desktop/Workspace/airflow_tutorial/py_env/lib/python3.12/site-packages/airflow/example_dags/example_nested_branch_dag.py
[2024-09-01T00:51:46.390+0530] {logging_mixin.py:190} INFO - [2024-09-01T00:51:46.390+0530] {dag.py:3211} INFO - Sync 1 DAGs
[2024-09-01T00:51:46.397+0530] {logging_mixin.py:190} INFO - [2024-09-01T00:51:46.396+0530] {dag.py:4138} INFO - Setting next_dagrun for example_nested_branch_dag to 2024-08-30 00:00:00+00:00, run_after=2024-08-31 00:00:00+00:00
[2024-09-01T00:51:46.403+0530] {processor.py:208} INFO - Processing /Users/ravipal/Desktop/Workspace/airflow_tutorial/py_env/lib/python3.12/site-packages/airflow/example_dags/example_nested_branch_dag.py took 0.066 seconds
[2024-09-01T00:53:57.233+0530] {processor.py:186} INFO - Started process (PID=3501) to work on /Users/ravipal/Desktop/Workspace/airflow_tutorial/py_env/lib/python3.12/site-packages/airflow/example_dags/example_nested_branch_dag.py
[2024-09-01T00:53:57.234+0530] {processor.py:914} INFO - Processing file /Users/ravipal/Desktop/Workspace/airflow_tutorial/py_env/lib/python3.12/site-packages/airflow/example_dags/example_nested_branch_dag.py for tasks to queue
[2024-09-01T00:53:57.234+0530] {logging_mixin.py:190} INFO - [2024-09-01T00:53:57.234+0530] {dagbag.py:587} INFO - Filling up the DagBag from /Users/ravipal/Desktop/Workspace/airflow_tutorial/py_env/lib/python3.12/site-packages/airflow/example_dags/example_nested_branch_dag.py
[2024-09-01T00:53:57.250+0530] {processor.py:925} INFO - DAG(s) 'example_nested_branch_dag' retrieved from /Users/ravipal/Desktop/Workspace/airflow_tutorial/py_env/lib/python3.12/site-packages/airflow/example_dags/example_nested_branch_dag.py
[2024-09-01T00:53:57.284+0530] {logging_mixin.py:190} INFO - [2024-09-01T00:53:57.284+0530] {dag.py:3211} INFO - Sync 1 DAGs
[2024-09-01T00:53:57.291+0530] {logging_mixin.py:190} INFO - [2024-09-01T00:53:57.291+0530] {dag.py:4138} INFO - Setting next_dagrun for example_nested_branch_dag to 2024-08-30 00:00:00+00:00, run_after=2024-08-31 00:00:00+00:00
[2024-09-01T00:53:57.298+0530] {processor.py:208} INFO - Processing /Users/ravipal/Desktop/Workspace/airflow_tutorial/py_env/lib/python3.12/site-packages/airflow/example_dags/example_nested_branch_dag.py took 0.066 seconds
[2024-09-01T00:56:07.323+0530] {processor.py:186} INFO - Started process (PID=3632) to work on /Users/ravipal/Desktop/Workspace/airflow_tutorial/py_env/lib/python3.12/site-packages/airflow/example_dags/example_nested_branch_dag.py
[2024-09-01T00:56:07.323+0530] {processor.py:914} INFO - Processing file /Users/ravipal/Desktop/Workspace/airflow_tutorial/py_env/lib/python3.12/site-packages/airflow/example_dags/example_nested_branch_dag.py for tasks to queue
[2024-09-01T00:56:07.323+0530] {logging_mixin.py:190} INFO - [2024-09-01T00:56:07.323+0530] {dagbag.py:587} INFO - Filling up the DagBag from /Users/ravipal/Desktop/Workspace/airflow_tutorial/py_env/lib/python3.12/site-packages/airflow/example_dags/example_nested_branch_dag.py
[2024-09-01T00:56:07.339+0530] {processor.py:925} INFO - DAG(s) 'example_nested_branch_dag' retrieved from /Users/ravipal/Desktop/Workspace/airflow_tutorial/py_env/lib/python3.12/site-packages/airflow/example_dags/example_nested_branch_dag.py
[2024-09-01T00:56:07.373+0530] {logging_mixin.py:190} INFO - [2024-09-01T00:56:07.373+0530] {dag.py:3211} INFO - Sync 1 DAGs
[2024-09-01T00:56:07.379+0530] {logging_mixin.py:190} INFO - [2024-09-01T00:56:07.379+0530] {dag.py:4138} INFO - Setting next_dagrun for example_nested_branch_dag to 2024-08-30 00:00:00+00:00, run_after=2024-08-31 00:00:00+00:00
[2024-09-01T00:56:07.386+0530] {processor.py:208} INFO - Processing /Users/ravipal/Desktop/Workspace/airflow_tutorial/py_env/lib/python3.12/site-packages/airflow/example_dags/example_nested_branch_dag.py took 0.065 seconds
[2024-09-01T00:58:21.000+0530] {processor.py:186} INFO - Started process (PID=3763) to work on /Users/ravipal/Desktop/Workspace/airflow_tutorial/py_env/lib/python3.12/site-packages/airflow/example_dags/example_nested_branch_dag.py
[2024-09-01T00:58:21.000+0530] {processor.py:914} INFO - Processing file /Users/ravipal/Desktop/Workspace/airflow_tutorial/py_env/lib/python3.12/site-packages/airflow/example_dags/example_nested_branch_dag.py for tasks to queue
[2024-09-01T00:58:21.000+0530] {logging_mixin.py:190} INFO - [2024-09-01T00:58:21.000+0530] {dagbag.py:587} INFO - Filling up the DagBag from /Users/ravipal/Desktop/Workspace/airflow_tutorial/py_env/lib/python3.12/site-packages/airflow/example_dags/example_nested_branch_dag.py
[2024-09-01T00:58:21.017+0530] {processor.py:925} INFO - DAG(s) 'example_nested_branch_dag' retrieved from /Users/ravipal/Desktop/Workspace/airflow_tutorial/py_env/lib/python3.12/site-packages/airflow/example_dags/example_nested_branch_dag.py
[2024-09-01T00:58:21.050+0530] {logging_mixin.py:190} INFO - [2024-09-01T00:58:21.050+0530] {dag.py:3211} INFO - Sync 1 DAGs
[2024-09-01T00:58:21.057+0530] {logging_mixin.py:190} INFO - [2024-09-01T00:58:21.057+0530] {dag.py:4138} INFO - Setting next_dagrun for example_nested_branch_dag to 2024-08-30 00:00:00+00:00, run_after=2024-08-31 00:00:00+00:00
[2024-09-01T00:58:21.064+0530] {processor.py:208} INFO - Processing /Users/ravipal/Desktop/Workspace/airflow_tutorial/py_env/lib/python3.12/site-packages/airflow/example_dags/example_nested_branch_dag.py took 0.066 seconds
[2024-09-01T01:00:29.462+0530] {processor.py:186} INFO - Started process (PID=3893) to work on /Users/ravipal/Desktop/Workspace/airflow_tutorial/py_env/lib/python3.12/site-packages/airflow/example_dags/example_nested_branch_dag.py
[2024-09-01T01:00:29.463+0530] {processor.py:914} INFO - Processing file /Users/ravipal/Desktop/Workspace/airflow_tutorial/py_env/lib/python3.12/site-packages/airflow/example_dags/example_nested_branch_dag.py for tasks to queue
[2024-09-01T01:00:29.463+0530] {logging_mixin.py:190} INFO - [2024-09-01T01:00:29.463+0530] {dagbag.py:587} INFO - Filling up the DagBag from /Users/ravipal/Desktop/Workspace/airflow_tutorial/py_env/lib/python3.12/site-packages/airflow/example_dags/example_nested_branch_dag.py
[2024-09-01T01:00:29.479+0530] {processor.py:925} INFO - DAG(s) 'example_nested_branch_dag' retrieved from /Users/ravipal/Desktop/Workspace/airflow_tutorial/py_env/lib/python3.12/site-packages/airflow/example_dags/example_nested_branch_dag.py
[2024-09-01T01:00:29.513+0530] {logging_mixin.py:190} INFO - [2024-09-01T01:00:29.513+0530] {dag.py:3211} INFO - Sync 1 DAGs
[2024-09-01T01:00:29.519+0530] {logging_mixin.py:190} INFO - [2024-09-01T01:00:29.519+0530] {dag.py:4138} INFO - Setting next_dagrun for example_nested_branch_dag to 2024-08-30 00:00:00+00:00, run_after=2024-08-31 00:00:00+00:00
[2024-09-01T01:00:29.526+0530] {processor.py:208} INFO - Processing /Users/ravipal/Desktop/Workspace/airflow_tutorial/py_env/lib/python3.12/site-packages/airflow/example_dags/example_nested_branch_dag.py took 0.066 seconds
[2024-09-01T01:02:36.857+0530] {processor.py:186} INFO - Started process (PID=4020) to work on /Users/ravipal/Desktop/Workspace/airflow_tutorial/py_env/lib/python3.12/site-packages/airflow/example_dags/example_nested_branch_dag.py
[2024-09-01T01:02:36.857+0530] {processor.py:914} INFO - Processing file /Users/ravipal/Desktop/Workspace/airflow_tutorial/py_env/lib/python3.12/site-packages/airflow/example_dags/example_nested_branch_dag.py for tasks to queue
[2024-09-01T01:02:36.857+0530] {logging_mixin.py:190} INFO - [2024-09-01T01:02:36.857+0530] {dagbag.py:587} INFO - Filling up the DagBag from /Users/ravipal/Desktop/Workspace/airflow_tutorial/py_env/lib/python3.12/site-packages/airflow/example_dags/example_nested_branch_dag.py
[2024-09-01T01:02:36.874+0530] {processor.py:925} INFO - DAG(s) 'example_nested_branch_dag' retrieved from /Users/ravipal/Desktop/Workspace/airflow_tutorial/py_env/lib/python3.12/site-packages/airflow/example_dags/example_nested_branch_dag.py
[2024-09-01T01:02:36.908+0530] {logging_mixin.py:190} INFO - [2024-09-01T01:02:36.907+0530] {dag.py:3211} INFO - Sync 1 DAGs
[2024-09-01T01:02:36.914+0530] {logging_mixin.py:190} INFO - [2024-09-01T01:02:36.914+0530] {dag.py:4138} INFO - Setting next_dagrun for example_nested_branch_dag to 2024-08-30 00:00:00+00:00, run_after=2024-08-31 00:00:00+00:00
[2024-09-01T01:02:36.921+0530] {processor.py:208} INFO - Processing /Users/ravipal/Desktop/Workspace/airflow_tutorial/py_env/lib/python3.12/site-packages/airflow/example_dags/example_nested_branch_dag.py took 0.066 seconds
[2024-09-01T01:04:43.198+0530] {processor.py:186} INFO - Started process (PID=4162) to work on /Users/ravipal/Desktop/Workspace/airflow_tutorial/py_env/lib/python3.12/site-packages/airflow/example_dags/example_nested_branch_dag.py
[2024-09-01T01:04:43.198+0530] {processor.py:914} INFO - Processing file /Users/ravipal/Desktop/Workspace/airflow_tutorial/py_env/lib/python3.12/site-packages/airflow/example_dags/example_nested_branch_dag.py for tasks to queue
[2024-09-01T01:04:43.199+0530] {logging_mixin.py:190} INFO - [2024-09-01T01:04:43.199+0530] {dagbag.py:587} INFO - Filling up the DagBag from /Users/ravipal/Desktop/Workspace/airflow_tutorial/py_env/lib/python3.12/site-packages/airflow/example_dags/example_nested_branch_dag.py
[2024-09-01T01:04:43.215+0530] {processor.py:925} INFO - DAG(s) 'example_nested_branch_dag' retrieved from /Users/ravipal/Desktop/Workspace/airflow_tutorial/py_env/lib/python3.12/site-packages/airflow/example_dags/example_nested_branch_dag.py
[2024-09-01T01:04:43.248+0530] {logging_mixin.py:190} INFO - [2024-09-01T01:04:43.248+0530] {dag.py:3211} INFO - Sync 1 DAGs
[2024-09-01T01:04:43.254+0530] {logging_mixin.py:190} INFO - [2024-09-01T01:04:43.254+0530] {dag.py:4138} INFO - Setting next_dagrun for example_nested_branch_dag to 2024-08-30 00:00:00+00:00, run_after=2024-08-31 00:00:00+00:00
[2024-09-01T01:04:43.261+0530] {processor.py:208} INFO - Processing /Users/ravipal/Desktop/Workspace/airflow_tutorial/py_env/lib/python3.12/site-packages/airflow/example_dags/example_nested_branch_dag.py took 0.064 seconds
[2024-09-01T01:06:53.535+0530] {processor.py:186} INFO - Started process (PID=4316) to work on /Users/ravipal/Desktop/Workspace/airflow_tutorial/py_env/lib/python3.12/site-packages/airflow/example_dags/example_nested_branch_dag.py
[2024-09-01T01:06:53.537+0530] {processor.py:914} INFO - Processing file /Users/ravipal/Desktop/Workspace/airflow_tutorial/py_env/lib/python3.12/site-packages/airflow/example_dags/example_nested_branch_dag.py for tasks to queue
[2024-09-01T01:06:53.537+0530] {logging_mixin.py:190} INFO - [2024-09-01T01:06:53.537+0530] {dagbag.py:587} INFO - Filling up the DagBag from /Users/ravipal/Desktop/Workspace/airflow_tutorial/py_env/lib/python3.12/site-packages/airflow/example_dags/example_nested_branch_dag.py
[2024-09-01T01:06:53.553+0530] {processor.py:925} INFO - DAG(s) 'example_nested_branch_dag' retrieved from /Users/ravipal/Desktop/Workspace/airflow_tutorial/py_env/lib/python3.12/site-packages/airflow/example_dags/example_nested_branch_dag.py
[2024-09-01T01:06:53.587+0530] {logging_mixin.py:190} INFO - [2024-09-01T01:06:53.587+0530] {dag.py:3211} INFO - Sync 1 DAGs
[2024-09-01T01:06:53.593+0530] {logging_mixin.py:190} INFO - [2024-09-01T01:06:53.593+0530] {dag.py:4138} INFO - Setting next_dagrun for example_nested_branch_dag to 2024-08-30 00:00:00+00:00, run_after=2024-08-31 00:00:00+00:00
[2024-09-01T01:06:53.600+0530] {processor.py:208} INFO - Processing /Users/ravipal/Desktop/Workspace/airflow_tutorial/py_env/lib/python3.12/site-packages/airflow/example_dags/example_nested_branch_dag.py took 0.066 seconds
[2024-09-01T01:09:03.401+0530] {processor.py:186} INFO - Started process (PID=4447) to work on /Users/ravipal/Desktop/Workspace/airflow_tutorial/py_env/lib/python3.12/site-packages/airflow/example_dags/example_nested_branch_dag.py
[2024-09-01T01:09:03.402+0530] {processor.py:914} INFO - Processing file /Users/ravipal/Desktop/Workspace/airflow_tutorial/py_env/lib/python3.12/site-packages/airflow/example_dags/example_nested_branch_dag.py for tasks to queue
[2024-09-01T01:09:03.402+0530] {logging_mixin.py:190} INFO - [2024-09-01T01:09:03.402+0530] {dagbag.py:587} INFO - Filling up the DagBag from /Users/ravipal/Desktop/Workspace/airflow_tutorial/py_env/lib/python3.12/site-packages/airflow/example_dags/example_nested_branch_dag.py
[2024-09-01T01:09:03.418+0530] {processor.py:925} INFO - DAG(s) 'example_nested_branch_dag' retrieved from /Users/ravipal/Desktop/Workspace/airflow_tutorial/py_env/lib/python3.12/site-packages/airflow/example_dags/example_nested_branch_dag.py
[2024-09-01T01:09:03.452+0530] {logging_mixin.py:190} INFO - [2024-09-01T01:09:03.452+0530] {dag.py:3211} INFO - Sync 1 DAGs
[2024-09-01T01:09:03.458+0530] {logging_mixin.py:190} INFO - [2024-09-01T01:09:03.458+0530] {dag.py:4138} INFO - Setting next_dagrun for example_nested_branch_dag to 2024-08-30 00:00:00+00:00, run_after=2024-08-31 00:00:00+00:00
[2024-09-01T01:09:03.465+0530] {processor.py:208} INFO - Processing /Users/ravipal/Desktop/Workspace/airflow_tutorial/py_env/lib/python3.12/site-packages/airflow/example_dags/example_nested_branch_dag.py took 0.065 seconds
[2024-09-01T01:11:07.960+0530] {processor.py:186} INFO - Started process (PID=4571) to work on /Users/ravipal/Desktop/Workspace/airflow_tutorial/py_env/lib/python3.12/site-packages/airflow/example_dags/example_nested_branch_dag.py
[2024-09-01T01:11:07.960+0530] {processor.py:914} INFO - Processing file /Users/ravipal/Desktop/Workspace/airflow_tutorial/py_env/lib/python3.12/site-packages/airflow/example_dags/example_nested_branch_dag.py for tasks to queue
[2024-09-01T01:11:07.961+0530] {logging_mixin.py:190} INFO - [2024-09-01T01:11:07.961+0530] {dagbag.py:587} INFO - Filling up the DagBag from /Users/ravipal/Desktop/Workspace/airflow_tutorial/py_env/lib/python3.12/site-packages/airflow/example_dags/example_nested_branch_dag.py
[2024-09-01T01:11:07.977+0530] {processor.py:925} INFO - DAG(s) 'example_nested_branch_dag' retrieved from /Users/ravipal/Desktop/Workspace/airflow_tutorial/py_env/lib/python3.12/site-packages/airflow/example_dags/example_nested_branch_dag.py
[2024-09-01T01:11:08.011+0530] {logging_mixin.py:190} INFO - [2024-09-01T01:11:08.011+0530] {dag.py:3211} INFO - Sync 1 DAGs
[2024-09-01T01:11:08.018+0530] {logging_mixin.py:190} INFO - [2024-09-01T01:11:08.018+0530] {dag.py:4138} INFO - Setting next_dagrun for example_nested_branch_dag to 2024-08-30 00:00:00+00:00, run_after=2024-08-31 00:00:00+00:00
[2024-09-01T01:11:08.024+0530] {processor.py:208} INFO - Processing /Users/ravipal/Desktop/Workspace/airflow_tutorial/py_env/lib/python3.12/site-packages/airflow/example_dags/example_nested_branch_dag.py took 0.066 seconds
[2024-09-01T01:13:14.142+0530] {processor.py:186} INFO - Started process (PID=4700) to work on /Users/ravipal/Desktop/Workspace/airflow_tutorial/py_env/lib/python3.12/site-packages/airflow/example_dags/example_nested_branch_dag.py
[2024-09-01T01:13:14.143+0530] {processor.py:914} INFO - Processing file /Users/ravipal/Desktop/Workspace/airflow_tutorial/py_env/lib/python3.12/site-packages/airflow/example_dags/example_nested_branch_dag.py for tasks to queue
[2024-09-01T01:13:14.143+0530] {logging_mixin.py:190} INFO - [2024-09-01T01:13:14.143+0530] {dagbag.py:587} INFO - Filling up the DagBag from /Users/ravipal/Desktop/Workspace/airflow_tutorial/py_env/lib/python3.12/site-packages/airflow/example_dags/example_nested_branch_dag.py
[2024-09-01T01:13:14.160+0530] {processor.py:925} INFO - DAG(s) 'example_nested_branch_dag' retrieved from /Users/ravipal/Desktop/Workspace/airflow_tutorial/py_env/lib/python3.12/site-packages/airflow/example_dags/example_nested_branch_dag.py
[2024-09-01T01:13:14.193+0530] {logging_mixin.py:190} INFO - [2024-09-01T01:13:14.193+0530] {dag.py:3211} INFO - Sync 1 DAGs
[2024-09-01T01:13:14.200+0530] {logging_mixin.py:190} INFO - [2024-09-01T01:13:14.200+0530] {dag.py:4138} INFO - Setting next_dagrun for example_nested_branch_dag to 2024-08-30 00:00:00+00:00, run_after=2024-08-31 00:00:00+00:00
[2024-09-01T01:13:14.206+0530] {processor.py:208} INFO - Processing /Users/ravipal/Desktop/Workspace/airflow_tutorial/py_env/lib/python3.12/site-packages/airflow/example_dags/example_nested_branch_dag.py took 0.066 seconds
[2024-09-01T01:15:26.191+0530] {processor.py:186} INFO - Started process (PID=4832) to work on /Users/ravipal/Desktop/Workspace/airflow_tutorial/py_env/lib/python3.12/site-packages/airflow/example_dags/example_nested_branch_dag.py
[2024-09-01T01:15:26.191+0530] {processor.py:914} INFO - Processing file /Users/ravipal/Desktop/Workspace/airflow_tutorial/py_env/lib/python3.12/site-packages/airflow/example_dags/example_nested_branch_dag.py for tasks to queue
[2024-09-01T01:15:26.192+0530] {logging_mixin.py:190} INFO - [2024-09-01T01:15:26.192+0530] {dagbag.py:587} INFO - Filling up the DagBag from /Users/ravipal/Desktop/Workspace/airflow_tutorial/py_env/lib/python3.12/site-packages/airflow/example_dags/example_nested_branch_dag.py
[2024-09-01T01:15:26.208+0530] {processor.py:925} INFO - DAG(s) 'example_nested_branch_dag' retrieved from /Users/ravipal/Desktop/Workspace/airflow_tutorial/py_env/lib/python3.12/site-packages/airflow/example_dags/example_nested_branch_dag.py
[2024-09-01T01:15:26.241+0530] {logging_mixin.py:190} INFO - [2024-09-01T01:15:26.241+0530] {dag.py:3211} INFO - Sync 1 DAGs
[2024-09-01T01:15:26.248+0530] {logging_mixin.py:190} INFO - [2024-09-01T01:15:26.248+0530] {dag.py:4138} INFO - Setting next_dagrun for example_nested_branch_dag to 2024-08-30 00:00:00+00:00, run_after=2024-08-31 00:00:00+00:00
[2024-09-01T01:15:26.255+0530] {processor.py:208} INFO - Processing /Users/ravipal/Desktop/Workspace/airflow_tutorial/py_env/lib/python3.12/site-packages/airflow/example_dags/example_nested_branch_dag.py took 0.066 seconds
[2024-09-01T01:17:38.391+0530] {processor.py:186} INFO - Started process (PID=4962) to work on /Users/ravipal/Desktop/Workspace/airflow_tutorial/py_env/lib/python3.12/site-packages/airflow/example_dags/example_nested_branch_dag.py
[2024-09-01T01:17:38.391+0530] {processor.py:914} INFO - Processing file /Users/ravipal/Desktop/Workspace/airflow_tutorial/py_env/lib/python3.12/site-packages/airflow/example_dags/example_nested_branch_dag.py for tasks to queue
[2024-09-01T01:17:38.392+0530] {logging_mixin.py:190} INFO - [2024-09-01T01:17:38.392+0530] {dagbag.py:587} INFO - Filling up the DagBag from /Users/ravipal/Desktop/Workspace/airflow_tutorial/py_env/lib/python3.12/site-packages/airflow/example_dags/example_nested_branch_dag.py
[2024-09-01T01:17:38.408+0530] {processor.py:925} INFO - DAG(s) 'example_nested_branch_dag' retrieved from /Users/ravipal/Desktop/Workspace/airflow_tutorial/py_env/lib/python3.12/site-packages/airflow/example_dags/example_nested_branch_dag.py
[2024-09-01T01:17:38.441+0530] {logging_mixin.py:190} INFO - [2024-09-01T01:17:38.441+0530] {dag.py:3211} INFO - Sync 1 DAGs
[2024-09-01T01:17:38.448+0530] {logging_mixin.py:190} INFO - [2024-09-01T01:17:38.448+0530] {dag.py:4138} INFO - Setting next_dagrun for example_nested_branch_dag to 2024-08-30 00:00:00+00:00, run_after=2024-08-31 00:00:00+00:00
[2024-09-01T01:17:38.455+0530] {processor.py:208} INFO - Processing /Users/ravipal/Desktop/Workspace/airflow_tutorial/py_env/lib/python3.12/site-packages/airflow/example_dags/example_nested_branch_dag.py took 0.066 seconds
