[2024-09-01T00:23:03.257+0530] {processor.py:186} INFO - Started process (PID=1427) to work on /Users/ravipal/Desktop/Workspace/airflow_tutorial/py_env/lib/python3.12/site-packages/airflow/example_dags/example_time_delta_sensor_async.py
[2024-09-01T00:23:03.258+0530] {processor.py:914} INFO - Processing file /Users/ravipal/Desktop/Workspace/airflow_tutorial/py_env/lib/python3.12/site-packages/airflow/example_dags/example_time_delta_sensor_async.py for tasks to queue
[2024-09-01T00:23:03.258+0530] {logging_mixin.py:190} INFO - [2024-09-01T00:23:03.258+0530] {dagbag.py:587} INFO - Filling up the DagBag from /Users/ravipal/Desktop/Workspace/airflow_tutorial/py_env/lib/python3.12/site-packages/airflow/example_dags/example_time_delta_sensor_async.py
[2024-09-01T00:23:03.261+0530] {processor.py:925} INFO - DAG(s) 'example_time_delta_sensor_async' retrieved from /Users/ravipal/Desktop/Workspace/airflow_tutorial/py_env/lib/python3.12/site-packages/airflow/example_dags/example_time_delta_sensor_async.py
[2024-09-01T00:23:03.294+0530] {logging_mixin.py:190} INFO - [2024-09-01T00:23:03.293+0530] {workday.py:41} WARNING - Could not import pandas. Holidays will not be considered.
[2024-09-01T00:23:03.331+0530] {logging_mixin.py:190} INFO - [2024-09-01T00:23:03.331+0530] {override.py:1858} INFO - Created Permission View: can edit on DAG:example_time_delta_sensor_async
[2024-09-01T00:23:03.334+0530] {logging_mixin.py:190} INFO - [2024-09-01T00:23:03.334+0530] {override.py:1858} INFO - Created Permission View: can delete on DAG:example_time_delta_sensor_async
[2024-09-01T00:23:03.336+0530] {logging_mixin.py:190} INFO - [2024-09-01T00:23:03.336+0530] {override.py:1858} INFO - Created Permission View: can read on DAG:example_time_delta_sensor_async
[2024-09-01T00:23:03.336+0530] {logging_mixin.py:190} INFO - [2024-09-01T00:23:03.336+0530] {dag.py:3211} INFO - Sync 1 DAGs
[2024-09-01T00:23:03.340+0530] {logging_mixin.py:190} INFO - [2024-09-01T00:23:03.340+0530] {dag.py:3234} INFO - Creating ORM DAG for example_time_delta_sensor_async
[2024-09-01T00:23:03.340+0530] {logging_mixin.py:190} INFO - [2024-09-01T00:23:03.340+0530] {dag.py:4138} INFO - Setting next_dagrun for example_time_delta_sensor_async to None, run_after=None
[2024-09-01T00:23:03.373+0530] {processor.py:208} INFO - Processing /Users/ravipal/Desktop/Workspace/airflow_tutorial/py_env/lib/python3.12/site-packages/airflow/example_dags/example_time_delta_sensor_async.py took 0.118 seconds
[2024-09-01T00:24:43.071+0530] {processor.py:186} INFO - Started process (PID=1529) to work on /Users/ravipal/Desktop/Workspace/airflow_tutorial/py_env/lib/python3.12/site-packages/airflow/example_dags/example_time_delta_sensor_async.py
[2024-09-01T00:24:43.072+0530] {processor.py:914} INFO - Processing file /Users/ravipal/Desktop/Workspace/airflow_tutorial/py_env/lib/python3.12/site-packages/airflow/example_dags/example_time_delta_sensor_async.py for tasks to queue
[2024-09-01T00:24:43.072+0530] {logging_mixin.py:190} INFO - [2024-09-01T00:24:43.072+0530] {dagbag.py:587} INFO - Filling up the DagBag from /Users/ravipal/Desktop/Workspace/airflow_tutorial/py_env/lib/python3.12/site-packages/airflow/example_dags/example_time_delta_sensor_async.py
[2024-09-01T00:24:43.075+0530] {processor.py:925} INFO - DAG(s) 'example_time_delta_sensor_async' retrieved from /Users/ravipal/Desktop/Workspace/airflow_tutorial/py_env/lib/python3.12/site-packages/airflow/example_dags/example_time_delta_sensor_async.py
[2024-09-01T00:24:43.107+0530] {logging_mixin.py:190} INFO - [2024-09-01T00:24:43.107+0530] {workday.py:41} WARNING - Could not import pandas. Holidays will not be considered.
[2024-09-01T00:24:43.114+0530] {logging_mixin.py:190} INFO - [2024-09-01T00:24:43.114+0530] {dag.py:3211} INFO - Sync 1 DAGs
[2024-09-01T00:24:43.118+0530] {logging_mixin.py:190} INFO - [2024-09-01T00:24:43.118+0530] {dag.py:4138} INFO - Setting next_dagrun for example_time_delta_sensor_async to None, run_after=None
[2024-09-01T00:24:43.124+0530] {processor.py:208} INFO - Processing /Users/ravipal/Desktop/Workspace/airflow_tutorial/py_env/lib/python3.12/site-packages/airflow/example_dags/example_time_delta_sensor_async.py took 0.055 seconds
[2024-09-01T00:25:49.552+0530] {processor.py:186} INFO - Started process (PID=1596) to work on /Users/ravipal/Desktop/Workspace/airflow_tutorial/py_env/lib/python3.12/site-packages/airflow/example_dags/example_time_delta_sensor_async.py
[2024-09-01T00:25:49.553+0530] {processor.py:914} INFO - Processing file /Users/ravipal/Desktop/Workspace/airflow_tutorial/py_env/lib/python3.12/site-packages/airflow/example_dags/example_time_delta_sensor_async.py for tasks to queue
[2024-09-01T00:25:49.553+0530] {logging_mixin.py:190} INFO - [2024-09-01T00:25:49.553+0530] {dagbag.py:587} INFO - Filling up the DagBag from /Users/ravipal/Desktop/Workspace/airflow_tutorial/py_env/lib/python3.12/site-packages/airflow/example_dags/example_time_delta_sensor_async.py
[2024-09-01T00:25:49.556+0530] {processor.py:925} INFO - DAG(s) 'example_time_delta_sensor_async' retrieved from /Users/ravipal/Desktop/Workspace/airflow_tutorial/py_env/lib/python3.12/site-packages/airflow/example_dags/example_time_delta_sensor_async.py
[2024-09-01T00:25:49.589+0530] {logging_mixin.py:190} INFO - [2024-09-01T00:25:49.588+0530] {workday.py:41} WARNING - Could not import pandas. Holidays will not be considered.
[2024-09-01T00:25:49.596+0530] {logging_mixin.py:190} INFO - [2024-09-01T00:25:49.596+0530] {dag.py:3211} INFO - Sync 1 DAGs
[2024-09-01T00:25:49.599+0530] {logging_mixin.py:190} INFO - [2024-09-01T00:25:49.599+0530] {dag.py:4138} INFO - Setting next_dagrun for example_time_delta_sensor_async to None, run_after=None
[2024-09-01T00:25:49.606+0530] {processor.py:208} INFO - Processing /Users/ravipal/Desktop/Workspace/airflow_tutorial/py_env/lib/python3.12/site-packages/airflow/example_dags/example_time_delta_sensor_async.py took 0.056 seconds
[2024-09-01T00:26:57.239+0530] {processor.py:186} INFO - Started process (PID=1681) to work on /Users/ravipal/Desktop/Workspace/airflow_tutorial/py_env/lib/python3.12/site-packages/airflow/example_dags/example_time_delta_sensor_async.py
[2024-09-01T00:26:57.239+0530] {processor.py:914} INFO - Processing file /Users/ravipal/Desktop/Workspace/airflow_tutorial/py_env/lib/python3.12/site-packages/airflow/example_dags/example_time_delta_sensor_async.py for tasks to queue
[2024-09-01T00:26:57.239+0530] {logging_mixin.py:190} INFO - [2024-09-01T00:26:57.239+0530] {dagbag.py:587} INFO - Filling up the DagBag from /Users/ravipal/Desktop/Workspace/airflow_tutorial/py_env/lib/python3.12/site-packages/airflow/example_dags/example_time_delta_sensor_async.py
[2024-09-01T00:26:57.243+0530] {processor.py:925} INFO - DAG(s) 'example_time_delta_sensor_async' retrieved from /Users/ravipal/Desktop/Workspace/airflow_tutorial/py_env/lib/python3.12/site-packages/airflow/example_dags/example_time_delta_sensor_async.py
[2024-09-01T00:26:57.275+0530] {logging_mixin.py:190} INFO - [2024-09-01T00:26:57.274+0530] {workday.py:41} WARNING - Could not import pandas. Holidays will not be considered.
[2024-09-01T00:26:57.282+0530] {logging_mixin.py:190} INFO - [2024-09-01T00:26:57.282+0530] {dag.py:3211} INFO - Sync 1 DAGs
[2024-09-01T00:26:57.286+0530] {logging_mixin.py:190} INFO - [2024-09-01T00:26:57.285+0530] {dag.py:4138} INFO - Setting next_dagrun for example_time_delta_sensor_async to None, run_after=None
[2024-09-01T00:26:57.292+0530] {processor.py:208} INFO - Processing /Users/ravipal/Desktop/Workspace/airflow_tutorial/py_env/lib/python3.12/site-packages/airflow/example_dags/example_time_delta_sensor_async.py took 0.056 seconds
[2024-09-01T00:28:08.752+0530] {processor.py:186} INFO - Started process (PID=1925) to work on /Users/ravipal/Desktop/Workspace/airflow_tutorial/py_env/lib/python3.12/site-packages/airflow/example_dags/example_time_delta_sensor_async.py
[2024-09-01T00:28:08.753+0530] {processor.py:914} INFO - Processing file /Users/ravipal/Desktop/Workspace/airflow_tutorial/py_env/lib/python3.12/site-packages/airflow/example_dags/example_time_delta_sensor_async.py for tasks to queue
[2024-09-01T00:28:08.753+0530] {logging_mixin.py:190} INFO - [2024-09-01T00:28:08.753+0530] {dagbag.py:587} INFO - Filling up the DagBag from /Users/ravipal/Desktop/Workspace/airflow_tutorial/py_env/lib/python3.12/site-packages/airflow/example_dags/example_time_delta_sensor_async.py
[2024-09-01T00:28:08.756+0530] {processor.py:925} INFO - DAG(s) 'example_time_delta_sensor_async' retrieved from /Users/ravipal/Desktop/Workspace/airflow_tutorial/py_env/lib/python3.12/site-packages/airflow/example_dags/example_time_delta_sensor_async.py
[2024-09-01T00:28:08.790+0530] {logging_mixin.py:190} INFO - [2024-09-01T00:28:08.790+0530] {workday.py:41} WARNING - Could not import pandas. Holidays will not be considered.
[2024-09-01T00:28:08.798+0530] {logging_mixin.py:190} INFO - [2024-09-01T00:28:08.798+0530] {dag.py:3211} INFO - Sync 1 DAGs
[2024-09-01T00:28:08.802+0530] {logging_mixin.py:190} INFO - [2024-09-01T00:28:08.802+0530] {dag.py:4138} INFO - Setting next_dagrun for example_time_delta_sensor_async to None, run_after=None
[2024-09-01T00:28:08.809+0530] {processor.py:208} INFO - Processing /Users/ravipal/Desktop/Workspace/airflow_tutorial/py_env/lib/python3.12/site-packages/airflow/example_dags/example_time_delta_sensor_async.py took 0.060 seconds
[2024-09-01T00:29:15.713+0530] {processor.py:186} INFO - Started process (PID=1995) to work on /Users/ravipal/Desktop/Workspace/airflow_tutorial/py_env/lib/python3.12/site-packages/airflow/example_dags/example_time_delta_sensor_async.py
[2024-09-01T00:29:15.714+0530] {processor.py:914} INFO - Processing file /Users/ravipal/Desktop/Workspace/airflow_tutorial/py_env/lib/python3.12/site-packages/airflow/example_dags/example_time_delta_sensor_async.py for tasks to queue
[2024-09-01T00:29:15.714+0530] {logging_mixin.py:190} INFO - [2024-09-01T00:29:15.714+0530] {dagbag.py:587} INFO - Filling up the DagBag from /Users/ravipal/Desktop/Workspace/airflow_tutorial/py_env/lib/python3.12/site-packages/airflow/example_dags/example_time_delta_sensor_async.py
[2024-09-01T00:29:15.718+0530] {processor.py:925} INFO - DAG(s) 'example_time_delta_sensor_async' retrieved from /Users/ravipal/Desktop/Workspace/airflow_tutorial/py_env/lib/python3.12/site-packages/airflow/example_dags/example_time_delta_sensor_async.py
[2024-09-01T00:29:15.755+0530] {logging_mixin.py:190} INFO - [2024-09-01T00:29:15.754+0530] {workday.py:41} WARNING - Could not import pandas. Holidays will not be considered.
[2024-09-01T00:29:15.764+0530] {logging_mixin.py:190} INFO - [2024-09-01T00:29:15.764+0530] {dag.py:3211} INFO - Sync 1 DAGs
[2024-09-01T00:29:15.768+0530] {logging_mixin.py:190} INFO - [2024-09-01T00:29:15.768+0530] {dag.py:4138} INFO - Setting next_dagrun for example_time_delta_sensor_async to None, run_after=None
[2024-09-01T00:29:15.775+0530] {processor.py:208} INFO - Processing /Users/ravipal/Desktop/Workspace/airflow_tutorial/py_env/lib/python3.12/site-packages/airflow/example_dags/example_time_delta_sensor_async.py took 0.064 seconds
[2024-09-01T00:30:18.262+0530] {processor.py:186} INFO - Started process (PID=2060) to work on /Users/ravipal/Desktop/Workspace/airflow_tutorial/py_env/lib/python3.12/site-packages/airflow/example_dags/example_time_delta_sensor_async.py
[2024-09-01T00:30:18.263+0530] {processor.py:914} INFO - Processing file /Users/ravipal/Desktop/Workspace/airflow_tutorial/py_env/lib/python3.12/site-packages/airflow/example_dags/example_time_delta_sensor_async.py for tasks to queue
[2024-09-01T00:30:18.263+0530] {logging_mixin.py:190} INFO - [2024-09-01T00:30:18.263+0530] {dagbag.py:587} INFO - Filling up the DagBag from /Users/ravipal/Desktop/Workspace/airflow_tutorial/py_env/lib/python3.12/site-packages/airflow/example_dags/example_time_delta_sensor_async.py
[2024-09-01T00:30:18.266+0530] {processor.py:925} INFO - DAG(s) 'example_time_delta_sensor_async' retrieved from /Users/ravipal/Desktop/Workspace/airflow_tutorial/py_env/lib/python3.12/site-packages/airflow/example_dags/example_time_delta_sensor_async.py
[2024-09-01T00:30:18.298+0530] {logging_mixin.py:190} INFO - [2024-09-01T00:30:18.297+0530] {workday.py:41} WARNING - Could not import pandas. Holidays will not be considered.
[2024-09-01T00:30:18.305+0530] {logging_mixin.py:190} INFO - [2024-09-01T00:30:18.305+0530] {dag.py:3211} INFO - Sync 1 DAGs
[2024-09-01T00:30:18.309+0530] {logging_mixin.py:190} INFO - [2024-09-01T00:30:18.309+0530] {dag.py:4138} INFO - Setting next_dagrun for example_time_delta_sensor_async to None, run_after=None
[2024-09-01T00:30:18.316+0530] {processor.py:208} INFO - Processing /Users/ravipal/Desktop/Workspace/airflow_tutorial/py_env/lib/python3.12/site-packages/airflow/example_dags/example_time_delta_sensor_async.py took 0.055 seconds
[2024-09-01T00:31:25.167+0530] {processor.py:186} INFO - Started process (PID=2124) to work on /Users/ravipal/Desktop/Workspace/airflow_tutorial/py_env/lib/python3.12/site-packages/airflow/example_dags/example_time_delta_sensor_async.py
[2024-09-01T00:31:25.168+0530] {processor.py:914} INFO - Processing file /Users/ravipal/Desktop/Workspace/airflow_tutorial/py_env/lib/python3.12/site-packages/airflow/example_dags/example_time_delta_sensor_async.py for tasks to queue
[2024-09-01T00:31:25.169+0530] {logging_mixin.py:190} INFO - [2024-09-01T00:31:25.169+0530] {dagbag.py:587} INFO - Filling up the DagBag from /Users/ravipal/Desktop/Workspace/airflow_tutorial/py_env/lib/python3.12/site-packages/airflow/example_dags/example_time_delta_sensor_async.py
[2024-09-01T00:31:25.174+0530] {processor.py:925} INFO - DAG(s) 'example_time_delta_sensor_async' retrieved from /Users/ravipal/Desktop/Workspace/airflow_tutorial/py_env/lib/python3.12/site-packages/airflow/example_dags/example_time_delta_sensor_async.py
[2024-09-01T00:31:25.211+0530] {logging_mixin.py:190} INFO - [2024-09-01T00:31:25.211+0530] {workday.py:41} WARNING - Could not import pandas. Holidays will not be considered.
[2024-09-01T00:31:25.221+0530] {logging_mixin.py:190} INFO - [2024-09-01T00:31:25.220+0530] {dag.py:3211} INFO - Sync 1 DAGs
[2024-09-01T00:31:25.224+0530] {logging_mixin.py:190} INFO - [2024-09-01T00:31:25.224+0530] {dag.py:4138} INFO - Setting next_dagrun for example_time_delta_sensor_async to None, run_after=None
[2024-09-01T00:31:25.231+0530] {processor.py:208} INFO - Processing /Users/ravipal/Desktop/Workspace/airflow_tutorial/py_env/lib/python3.12/site-packages/airflow/example_dags/example_time_delta_sensor_async.py took 0.067 seconds
[2024-09-01T00:32:31.573+0530] {processor.py:186} INFO - Started process (PID=2193) to work on /Users/ravipal/Desktop/Workspace/airflow_tutorial/py_env/lib/python3.12/site-packages/airflow/example_dags/example_time_delta_sensor_async.py
[2024-09-01T00:32:31.574+0530] {processor.py:914} INFO - Processing file /Users/ravipal/Desktop/Workspace/airflow_tutorial/py_env/lib/python3.12/site-packages/airflow/example_dags/example_time_delta_sensor_async.py for tasks to queue
[2024-09-01T00:32:31.574+0530] {logging_mixin.py:190} INFO - [2024-09-01T00:32:31.574+0530] {dagbag.py:587} INFO - Filling up the DagBag from /Users/ravipal/Desktop/Workspace/airflow_tutorial/py_env/lib/python3.12/site-packages/airflow/example_dags/example_time_delta_sensor_async.py
[2024-09-01T00:32:31.577+0530] {processor.py:925} INFO - DAG(s) 'example_time_delta_sensor_async' retrieved from /Users/ravipal/Desktop/Workspace/airflow_tutorial/py_env/lib/python3.12/site-packages/airflow/example_dags/example_time_delta_sensor_async.py
[2024-09-01T00:32:31.609+0530] {logging_mixin.py:190} INFO - [2024-09-01T00:32:31.608+0530] {workday.py:41} WARNING - Could not import pandas. Holidays will not be considered.
[2024-09-01T00:32:31.616+0530] {logging_mixin.py:190} INFO - [2024-09-01T00:32:31.616+0530] {dag.py:3211} INFO - Sync 1 DAGs
[2024-09-01T00:32:31.619+0530] {logging_mixin.py:190} INFO - [2024-09-01T00:32:31.619+0530] {dag.py:4138} INFO - Setting next_dagrun for example_time_delta_sensor_async to None, run_after=None
[2024-09-01T00:32:31.626+0530] {processor.py:208} INFO - Processing /Users/ravipal/Desktop/Workspace/airflow_tutorial/py_env/lib/python3.12/site-packages/airflow/example_dags/example_time_delta_sensor_async.py took 0.054 seconds
[2024-09-01T00:33:37.957+0530] {processor.py:186} INFO - Started process (PID=2258) to work on /Users/ravipal/Desktop/Workspace/airflow_tutorial/py_env/lib/python3.12/site-packages/airflow/example_dags/example_time_delta_sensor_async.py
[2024-09-01T00:33:37.957+0530] {processor.py:914} INFO - Processing file /Users/ravipal/Desktop/Workspace/airflow_tutorial/py_env/lib/python3.12/site-packages/airflow/example_dags/example_time_delta_sensor_async.py for tasks to queue
[2024-09-01T00:33:37.958+0530] {logging_mixin.py:190} INFO - [2024-09-01T00:33:37.958+0530] {dagbag.py:587} INFO - Filling up the DagBag from /Users/ravipal/Desktop/Workspace/airflow_tutorial/py_env/lib/python3.12/site-packages/airflow/example_dags/example_time_delta_sensor_async.py
[2024-09-01T00:33:37.961+0530] {processor.py:925} INFO - DAG(s) 'example_time_delta_sensor_async' retrieved from /Users/ravipal/Desktop/Workspace/airflow_tutorial/py_env/lib/python3.12/site-packages/airflow/example_dags/example_time_delta_sensor_async.py
[2024-09-01T00:33:37.995+0530] {logging_mixin.py:190} INFO - [2024-09-01T00:33:37.995+0530] {workday.py:41} WARNING - Could not import pandas. Holidays will not be considered.
[2024-09-01T00:33:38.002+0530] {logging_mixin.py:190} INFO - [2024-09-01T00:33:38.002+0530] {dag.py:3211} INFO - Sync 1 DAGs
[2024-09-01T00:33:38.006+0530] {logging_mixin.py:190} INFO - [2024-09-01T00:33:38.006+0530] {dag.py:4138} INFO - Setting next_dagrun for example_time_delta_sensor_async to None, run_after=None
[2024-09-01T00:33:38.013+0530] {processor.py:208} INFO - Processing /Users/ravipal/Desktop/Workspace/airflow_tutorial/py_env/lib/python3.12/site-packages/airflow/example_dags/example_time_delta_sensor_async.py took 0.059 seconds
[2024-09-01T00:34:46.071+0530] {processor.py:186} INFO - Started process (PID=2326) to work on /Users/ravipal/Desktop/Workspace/airflow_tutorial/py_env/lib/python3.12/site-packages/airflow/example_dags/example_time_delta_sensor_async.py
[2024-09-01T00:34:46.071+0530] {processor.py:914} INFO - Processing file /Users/ravipal/Desktop/Workspace/airflow_tutorial/py_env/lib/python3.12/site-packages/airflow/example_dags/example_time_delta_sensor_async.py for tasks to queue
[2024-09-01T00:34:46.071+0530] {logging_mixin.py:190} INFO - [2024-09-01T00:34:46.071+0530] {dagbag.py:587} INFO - Filling up the DagBag from /Users/ravipal/Desktop/Workspace/airflow_tutorial/py_env/lib/python3.12/site-packages/airflow/example_dags/example_time_delta_sensor_async.py
[2024-09-01T00:34:46.075+0530] {processor.py:925} INFO - DAG(s) 'example_time_delta_sensor_async' retrieved from /Users/ravipal/Desktop/Workspace/airflow_tutorial/py_env/lib/python3.12/site-packages/airflow/example_dags/example_time_delta_sensor_async.py
[2024-09-01T00:34:46.107+0530] {logging_mixin.py:190} INFO - [2024-09-01T00:34:46.107+0530] {workday.py:41} WARNING - Could not import pandas. Holidays will not be considered.
[2024-09-01T00:34:46.114+0530] {logging_mixin.py:190} INFO - [2024-09-01T00:34:46.114+0530] {dag.py:3211} INFO - Sync 1 DAGs
[2024-09-01T00:34:46.117+0530] {logging_mixin.py:190} INFO - [2024-09-01T00:34:46.117+0530] {dag.py:4138} INFO - Setting next_dagrun for example_time_delta_sensor_async to None, run_after=None
[2024-09-01T00:34:46.124+0530] {processor.py:208} INFO - Processing /Users/ravipal/Desktop/Workspace/airflow_tutorial/py_env/lib/python3.12/site-packages/airflow/example_dags/example_time_delta_sensor_async.py took 0.055 seconds
[2024-09-01T00:35:53.524+0530] {processor.py:186} INFO - Started process (PID=2394) to work on /Users/ravipal/Desktop/Workspace/airflow_tutorial/py_env/lib/python3.12/site-packages/airflow/example_dags/example_time_delta_sensor_async.py
[2024-09-01T00:35:53.525+0530] {processor.py:914} INFO - Processing file /Users/ravipal/Desktop/Workspace/airflow_tutorial/py_env/lib/python3.12/site-packages/airflow/example_dags/example_time_delta_sensor_async.py for tasks to queue
[2024-09-01T00:35:53.525+0530] {logging_mixin.py:190} INFO - [2024-09-01T00:35:53.525+0530] {dagbag.py:587} INFO - Filling up the DagBag from /Users/ravipal/Desktop/Workspace/airflow_tutorial/py_env/lib/python3.12/site-packages/airflow/example_dags/example_time_delta_sensor_async.py
[2024-09-01T00:35:53.528+0530] {processor.py:925} INFO - DAG(s) 'example_time_delta_sensor_async' retrieved from /Users/ravipal/Desktop/Workspace/airflow_tutorial/py_env/lib/python3.12/site-packages/airflow/example_dags/example_time_delta_sensor_async.py
[2024-09-01T00:35:53.560+0530] {logging_mixin.py:190} INFO - [2024-09-01T00:35:53.560+0530] {workday.py:41} WARNING - Could not import pandas. Holidays will not be considered.
[2024-09-01T00:35:53.567+0530] {logging_mixin.py:190} INFO - [2024-09-01T00:35:53.567+0530] {dag.py:3211} INFO - Sync 1 DAGs
[2024-09-01T00:35:53.571+0530] {logging_mixin.py:190} INFO - [2024-09-01T00:35:53.571+0530] {dag.py:4138} INFO - Setting next_dagrun for example_time_delta_sensor_async to None, run_after=None
[2024-09-01T00:35:53.578+0530] {processor.py:208} INFO - Processing /Users/ravipal/Desktop/Workspace/airflow_tutorial/py_env/lib/python3.12/site-packages/airflow/example_dags/example_time_delta_sensor_async.py took 0.055 seconds
[2024-09-01T00:37:01.652+0530] {processor.py:186} INFO - Started process (PID=2462) to work on /Users/ravipal/Desktop/Workspace/airflow_tutorial/py_env/lib/python3.12/site-packages/airflow/example_dags/example_time_delta_sensor_async.py
[2024-09-01T00:37:01.652+0530] {processor.py:914} INFO - Processing file /Users/ravipal/Desktop/Workspace/airflow_tutorial/py_env/lib/python3.12/site-packages/airflow/example_dags/example_time_delta_sensor_async.py for tasks to queue
[2024-09-01T00:37:01.653+0530] {logging_mixin.py:190} INFO - [2024-09-01T00:37:01.653+0530] {dagbag.py:587} INFO - Filling up the DagBag from /Users/ravipal/Desktop/Workspace/airflow_tutorial/py_env/lib/python3.12/site-packages/airflow/example_dags/example_time_delta_sensor_async.py
[2024-09-01T00:37:01.656+0530] {processor.py:925} INFO - DAG(s) 'example_time_delta_sensor_async' retrieved from /Users/ravipal/Desktop/Workspace/airflow_tutorial/py_env/lib/python3.12/site-packages/airflow/example_dags/example_time_delta_sensor_async.py
[2024-09-01T00:37:01.688+0530] {logging_mixin.py:190} INFO - [2024-09-01T00:37:01.688+0530] {workday.py:41} WARNING - Could not import pandas. Holidays will not be considered.
[2024-09-01T00:37:01.696+0530] {logging_mixin.py:190} INFO - [2024-09-01T00:37:01.695+0530] {dag.py:3211} INFO - Sync 1 DAGs
[2024-09-01T00:37:01.699+0530] {logging_mixin.py:190} INFO - [2024-09-01T00:37:01.699+0530] {dag.py:4138} INFO - Setting next_dagrun for example_time_delta_sensor_async to None, run_after=None
[2024-09-01T00:37:01.706+0530] {processor.py:208} INFO - Processing /Users/ravipal/Desktop/Workspace/airflow_tutorial/py_env/lib/python3.12/site-packages/airflow/example_dags/example_time_delta_sensor_async.py took 0.056 seconds
[2024-09-01T00:38:08.137+0530] {processor.py:186} INFO - Started process (PID=2528) to work on /Users/ravipal/Desktop/Workspace/airflow_tutorial/py_env/lib/python3.12/site-packages/airflow/example_dags/example_time_delta_sensor_async.py
[2024-09-01T00:38:08.137+0530] {processor.py:914} INFO - Processing file /Users/ravipal/Desktop/Workspace/airflow_tutorial/py_env/lib/python3.12/site-packages/airflow/example_dags/example_time_delta_sensor_async.py for tasks to queue
[2024-09-01T00:38:08.138+0530] {logging_mixin.py:190} INFO - [2024-09-01T00:38:08.138+0530] {dagbag.py:587} INFO - Filling up the DagBag from /Users/ravipal/Desktop/Workspace/airflow_tutorial/py_env/lib/python3.12/site-packages/airflow/example_dags/example_time_delta_sensor_async.py
[2024-09-01T00:38:08.141+0530] {processor.py:925} INFO - DAG(s) 'example_time_delta_sensor_async' retrieved from /Users/ravipal/Desktop/Workspace/airflow_tutorial/py_env/lib/python3.12/site-packages/airflow/example_dags/example_time_delta_sensor_async.py
[2024-09-01T00:38:08.176+0530] {logging_mixin.py:190} INFO - [2024-09-01T00:38:08.176+0530] {workday.py:41} WARNING - Could not import pandas. Holidays will not be considered.
[2024-09-01T00:38:08.184+0530] {logging_mixin.py:190} INFO - [2024-09-01T00:38:08.184+0530] {dag.py:3211} INFO - Sync 1 DAGs
[2024-09-01T00:38:08.188+0530] {logging_mixin.py:190} INFO - [2024-09-01T00:38:08.188+0530] {dag.py:4138} INFO - Setting next_dagrun for example_time_delta_sensor_async to None, run_after=None
[2024-09-01T00:38:08.194+0530] {processor.py:208} INFO - Processing /Users/ravipal/Desktop/Workspace/airflow_tutorial/py_env/lib/python3.12/site-packages/airflow/example_dags/example_time_delta_sensor_async.py took 0.060 seconds
[2024-09-01T00:39:10.276+0530] {processor.py:186} INFO - Started process (PID=2591) to work on /Users/ravipal/Desktop/Workspace/airflow_tutorial/py_env/lib/python3.12/site-packages/airflow/example_dags/example_time_delta_sensor_async.py
[2024-09-01T00:39:10.276+0530] {processor.py:914} INFO - Processing file /Users/ravipal/Desktop/Workspace/airflow_tutorial/py_env/lib/python3.12/site-packages/airflow/example_dags/example_time_delta_sensor_async.py for tasks to queue
[2024-09-01T00:39:10.277+0530] {logging_mixin.py:190} INFO - [2024-09-01T00:39:10.277+0530] {dagbag.py:587} INFO - Filling up the DagBag from /Users/ravipal/Desktop/Workspace/airflow_tutorial/py_env/lib/python3.12/site-packages/airflow/example_dags/example_time_delta_sensor_async.py
[2024-09-01T00:39:10.280+0530] {processor.py:925} INFO - DAG(s) 'example_time_delta_sensor_async' retrieved from /Users/ravipal/Desktop/Workspace/airflow_tutorial/py_env/lib/python3.12/site-packages/airflow/example_dags/example_time_delta_sensor_async.py
[2024-09-01T00:39:10.312+0530] {logging_mixin.py:190} INFO - [2024-09-01T00:39:10.312+0530] {workday.py:41} WARNING - Could not import pandas. Holidays will not be considered.
[2024-09-01T00:39:10.319+0530] {logging_mixin.py:190} INFO - [2024-09-01T00:39:10.319+0530] {dag.py:3211} INFO - Sync 1 DAGs
[2024-09-01T00:39:10.323+0530] {logging_mixin.py:190} INFO - [2024-09-01T00:39:10.323+0530] {dag.py:4138} INFO - Setting next_dagrun for example_time_delta_sensor_async to None, run_after=None
[2024-09-01T00:39:10.329+0530] {processor.py:208} INFO - Processing /Users/ravipal/Desktop/Workspace/airflow_tutorial/py_env/lib/python3.12/site-packages/airflow/example_dags/example_time_delta_sensor_async.py took 0.055 seconds
[2024-09-01T00:40:12.735+0530] {processor.py:186} INFO - Started process (PID=2655) to work on /Users/ravipal/Desktop/Workspace/airflow_tutorial/py_env/lib/python3.12/site-packages/airflow/example_dags/example_time_delta_sensor_async.py
[2024-09-01T00:40:12.735+0530] {processor.py:914} INFO - Processing file /Users/ravipal/Desktop/Workspace/airflow_tutorial/py_env/lib/python3.12/site-packages/airflow/example_dags/example_time_delta_sensor_async.py for tasks to queue
[2024-09-01T00:40:12.736+0530] {logging_mixin.py:190} INFO - [2024-09-01T00:40:12.736+0530] {dagbag.py:587} INFO - Filling up the DagBag from /Users/ravipal/Desktop/Workspace/airflow_tutorial/py_env/lib/python3.12/site-packages/airflow/example_dags/example_time_delta_sensor_async.py
[2024-09-01T00:40:12.739+0530] {processor.py:925} INFO - DAG(s) 'example_time_delta_sensor_async' retrieved from /Users/ravipal/Desktop/Workspace/airflow_tutorial/py_env/lib/python3.12/site-packages/airflow/example_dags/example_time_delta_sensor_async.py
[2024-09-01T00:40:12.772+0530] {logging_mixin.py:190} INFO - [2024-09-01T00:40:12.772+0530] {workday.py:41} WARNING - Could not import pandas. Holidays will not be considered.
[2024-09-01T00:40:12.779+0530] {logging_mixin.py:190} INFO - [2024-09-01T00:40:12.779+0530] {dag.py:3211} INFO - Sync 1 DAGs
[2024-09-01T00:40:12.782+0530] {logging_mixin.py:190} INFO - [2024-09-01T00:40:12.782+0530] {dag.py:4138} INFO - Setting next_dagrun for example_time_delta_sensor_async to None, run_after=None
[2024-09-01T00:40:12.789+0530] {processor.py:208} INFO - Processing /Users/ravipal/Desktop/Workspace/airflow_tutorial/py_env/lib/python3.12/site-packages/airflow/example_dags/example_time_delta_sensor_async.py took 0.056 seconds
[2024-09-01T00:41:19.621+0530] {processor.py:186} INFO - Started process (PID=2719) to work on /Users/ravipal/Desktop/Workspace/airflow_tutorial/py_env/lib/python3.12/site-packages/airflow/example_dags/example_time_delta_sensor_async.py
[2024-09-01T00:41:19.621+0530] {processor.py:914} INFO - Processing file /Users/ravipal/Desktop/Workspace/airflow_tutorial/py_env/lib/python3.12/site-packages/airflow/example_dags/example_time_delta_sensor_async.py for tasks to queue
[2024-09-01T00:41:19.622+0530] {logging_mixin.py:190} INFO - [2024-09-01T00:41:19.622+0530] {dagbag.py:587} INFO - Filling up the DagBag from /Users/ravipal/Desktop/Workspace/airflow_tutorial/py_env/lib/python3.12/site-packages/airflow/example_dags/example_time_delta_sensor_async.py
[2024-09-01T00:41:19.625+0530] {processor.py:925} INFO - DAG(s) 'example_time_delta_sensor_async' retrieved from /Users/ravipal/Desktop/Workspace/airflow_tutorial/py_env/lib/python3.12/site-packages/airflow/example_dags/example_time_delta_sensor_async.py
[2024-09-01T00:41:19.657+0530] {logging_mixin.py:190} INFO - [2024-09-01T00:41:19.657+0530] {workday.py:41} WARNING - Could not import pandas. Holidays will not be considered.
[2024-09-01T00:41:19.664+0530] {logging_mixin.py:190} INFO - [2024-09-01T00:41:19.664+0530] {dag.py:3211} INFO - Sync 1 DAGs
[2024-09-01T00:41:19.667+0530] {logging_mixin.py:190} INFO - [2024-09-01T00:41:19.667+0530] {dag.py:4138} INFO - Setting next_dagrun for example_time_delta_sensor_async to None, run_after=None
[2024-09-01T00:41:19.674+0530] {processor.py:208} INFO - Processing /Users/ravipal/Desktop/Workspace/airflow_tutorial/py_env/lib/python3.12/site-packages/airflow/example_dags/example_time_delta_sensor_async.py took 0.055 seconds
[2024-09-01T00:42:25.865+0530] {processor.py:186} INFO - Started process (PID=2785) to work on /Users/ravipal/Desktop/Workspace/airflow_tutorial/py_env/lib/python3.12/site-packages/airflow/example_dags/example_time_delta_sensor_async.py
[2024-09-01T00:42:25.865+0530] {processor.py:914} INFO - Processing file /Users/ravipal/Desktop/Workspace/airflow_tutorial/py_env/lib/python3.12/site-packages/airflow/example_dags/example_time_delta_sensor_async.py for tasks to queue
[2024-09-01T00:42:25.866+0530] {logging_mixin.py:190} INFO - [2024-09-01T00:42:25.865+0530] {dagbag.py:587} INFO - Filling up the DagBag from /Users/ravipal/Desktop/Workspace/airflow_tutorial/py_env/lib/python3.12/site-packages/airflow/example_dags/example_time_delta_sensor_async.py
[2024-09-01T00:42:25.869+0530] {processor.py:925} INFO - DAG(s) 'example_time_delta_sensor_async' retrieved from /Users/ravipal/Desktop/Workspace/airflow_tutorial/py_env/lib/python3.12/site-packages/airflow/example_dags/example_time_delta_sensor_async.py
[2024-09-01T00:42:25.901+0530] {logging_mixin.py:190} INFO - [2024-09-01T00:42:25.901+0530] {workday.py:41} WARNING - Could not import pandas. Holidays will not be considered.
[2024-09-01T00:42:25.908+0530] {logging_mixin.py:190} INFO - [2024-09-01T00:42:25.908+0530] {dag.py:3211} INFO - Sync 1 DAGs
[2024-09-01T00:42:25.912+0530] {logging_mixin.py:190} INFO - [2024-09-01T00:42:25.912+0530] {dag.py:4138} INFO - Setting next_dagrun for example_time_delta_sensor_async to None, run_after=None
[2024-09-01T00:42:25.918+0530] {processor.py:208} INFO - Processing /Users/ravipal/Desktop/Workspace/airflow_tutorial/py_env/lib/python3.12/site-packages/airflow/example_dags/example_time_delta_sensor_async.py took 0.055 seconds
[2024-09-01T00:43:32.651+0530] {processor.py:186} INFO - Started process (PID=2851) to work on /Users/ravipal/Desktop/Workspace/airflow_tutorial/py_env/lib/python3.12/site-packages/airflow/example_dags/example_time_delta_sensor_async.py
[2024-09-01T00:43:32.651+0530] {processor.py:914} INFO - Processing file /Users/ravipal/Desktop/Workspace/airflow_tutorial/py_env/lib/python3.12/site-packages/airflow/example_dags/example_time_delta_sensor_async.py for tasks to queue
[2024-09-01T00:43:32.652+0530] {logging_mixin.py:190} INFO - [2024-09-01T00:43:32.651+0530] {dagbag.py:587} INFO - Filling up the DagBag from /Users/ravipal/Desktop/Workspace/airflow_tutorial/py_env/lib/python3.12/site-packages/airflow/example_dags/example_time_delta_sensor_async.py
[2024-09-01T00:43:32.655+0530] {processor.py:925} INFO - DAG(s) 'example_time_delta_sensor_async' retrieved from /Users/ravipal/Desktop/Workspace/airflow_tutorial/py_env/lib/python3.12/site-packages/airflow/example_dags/example_time_delta_sensor_async.py
[2024-09-01T00:43:32.687+0530] {logging_mixin.py:190} INFO - [2024-09-01T00:43:32.687+0530] {workday.py:41} WARNING - Could not import pandas. Holidays will not be considered.
[2024-09-01T00:43:32.694+0530] {logging_mixin.py:190} INFO - [2024-09-01T00:43:32.694+0530] {dag.py:3211} INFO - Sync 1 DAGs
[2024-09-01T00:43:32.697+0530] {logging_mixin.py:190} INFO - [2024-09-01T00:43:32.697+0530] {dag.py:4138} INFO - Setting next_dagrun for example_time_delta_sensor_async to None, run_after=None
[2024-09-01T00:43:32.704+0530] {processor.py:208} INFO - Processing /Users/ravipal/Desktop/Workspace/airflow_tutorial/py_env/lib/python3.12/site-packages/airflow/example_dags/example_time_delta_sensor_async.py took 0.055 seconds
[2024-09-01T00:44:40.766+0530] {processor.py:186} INFO - Started process (PID=2918) to work on /Users/ravipal/Desktop/Workspace/airflow_tutorial/py_env/lib/python3.12/site-packages/airflow/example_dags/example_time_delta_sensor_async.py
[2024-09-01T00:44:40.767+0530] {processor.py:914} INFO - Processing file /Users/ravipal/Desktop/Workspace/airflow_tutorial/py_env/lib/python3.12/site-packages/airflow/example_dags/example_time_delta_sensor_async.py for tasks to queue
[2024-09-01T00:44:40.767+0530] {logging_mixin.py:190} INFO - [2024-09-01T00:44:40.767+0530] {dagbag.py:587} INFO - Filling up the DagBag from /Users/ravipal/Desktop/Workspace/airflow_tutorial/py_env/lib/python3.12/site-packages/airflow/example_dags/example_time_delta_sensor_async.py
[2024-09-01T00:44:40.770+0530] {processor.py:925} INFO - DAG(s) 'example_time_delta_sensor_async' retrieved from /Users/ravipal/Desktop/Workspace/airflow_tutorial/py_env/lib/python3.12/site-packages/airflow/example_dags/example_time_delta_sensor_async.py
[2024-09-01T00:44:40.802+0530] {logging_mixin.py:190} INFO - [2024-09-01T00:44:40.802+0530] {workday.py:41} WARNING - Could not import pandas. Holidays will not be considered.
[2024-09-01T00:44:40.809+0530] {logging_mixin.py:190} INFO - [2024-09-01T00:44:40.809+0530] {dag.py:3211} INFO - Sync 1 DAGs
[2024-09-01T00:44:40.813+0530] {logging_mixin.py:190} INFO - [2024-09-01T00:44:40.813+0530] {dag.py:4138} INFO - Setting next_dagrun for example_time_delta_sensor_async to None, run_after=None
[2024-09-01T00:44:40.819+0530] {processor.py:208} INFO - Processing /Users/ravipal/Desktop/Workspace/airflow_tutorial/py_env/lib/python3.12/site-packages/airflow/example_dags/example_time_delta_sensor_async.py took 0.055 seconds
[2024-09-01T00:45:48.060+0530] {processor.py:186} INFO - Started process (PID=2986) to work on /Users/ravipal/Desktop/Workspace/airflow_tutorial/py_env/lib/python3.12/site-packages/airflow/example_dags/example_time_delta_sensor_async.py
[2024-09-01T00:45:48.060+0530] {processor.py:914} INFO - Processing file /Users/ravipal/Desktop/Workspace/airflow_tutorial/py_env/lib/python3.12/site-packages/airflow/example_dags/example_time_delta_sensor_async.py for tasks to queue
[2024-09-01T00:45:48.060+0530] {logging_mixin.py:190} INFO - [2024-09-01T00:45:48.060+0530] {dagbag.py:587} INFO - Filling up the DagBag from /Users/ravipal/Desktop/Workspace/airflow_tutorial/py_env/lib/python3.12/site-packages/airflow/example_dags/example_time_delta_sensor_async.py
[2024-09-01T00:45:48.064+0530] {processor.py:925} INFO - DAG(s) 'example_time_delta_sensor_async' retrieved from /Users/ravipal/Desktop/Workspace/airflow_tutorial/py_env/lib/python3.12/site-packages/airflow/example_dags/example_time_delta_sensor_async.py
[2024-09-01T00:45:48.098+0530] {logging_mixin.py:190} INFO - [2024-09-01T00:45:48.098+0530] {workday.py:41} WARNING - Could not import pandas. Holidays will not be considered.
[2024-09-01T00:45:48.106+0530] {logging_mixin.py:190} INFO - [2024-09-01T00:45:48.106+0530] {dag.py:3211} INFO - Sync 1 DAGs
[2024-09-01T00:45:48.109+0530] {logging_mixin.py:190} INFO - [2024-09-01T00:45:48.109+0530] {dag.py:4138} INFO - Setting next_dagrun for example_time_delta_sensor_async to None, run_after=None
[2024-09-01T00:45:48.117+0530] {processor.py:208} INFO - Processing /Users/ravipal/Desktop/Workspace/airflow_tutorial/py_env/lib/python3.12/site-packages/airflow/example_dags/example_time_delta_sensor_async.py took 0.059 seconds
[2024-09-01T00:46:55.312+0530] {processor.py:186} INFO - Started process (PID=3051) to work on /Users/ravipal/Desktop/Workspace/airflow_tutorial/py_env/lib/python3.12/site-packages/airflow/example_dags/example_time_delta_sensor_async.py
[2024-09-01T00:46:55.313+0530] {processor.py:914} INFO - Processing file /Users/ravipal/Desktop/Workspace/airflow_tutorial/py_env/lib/python3.12/site-packages/airflow/example_dags/example_time_delta_sensor_async.py for tasks to queue
[2024-09-01T00:46:55.313+0530] {logging_mixin.py:190} INFO - [2024-09-01T00:46:55.313+0530] {dagbag.py:587} INFO - Filling up the DagBag from /Users/ravipal/Desktop/Workspace/airflow_tutorial/py_env/lib/python3.12/site-packages/airflow/example_dags/example_time_delta_sensor_async.py
[2024-09-01T00:46:55.316+0530] {processor.py:925} INFO - DAG(s) 'example_time_delta_sensor_async' retrieved from /Users/ravipal/Desktop/Workspace/airflow_tutorial/py_env/lib/python3.12/site-packages/airflow/example_dags/example_time_delta_sensor_async.py
[2024-09-01T00:46:55.348+0530] {logging_mixin.py:190} INFO - [2024-09-01T00:46:55.348+0530] {workday.py:41} WARNING - Could not import pandas. Holidays will not be considered.
[2024-09-01T00:46:55.356+0530] {logging_mixin.py:190} INFO - [2024-09-01T00:46:55.355+0530] {dag.py:3211} INFO - Sync 1 DAGs
[2024-09-01T00:46:55.359+0530] {logging_mixin.py:190} INFO - [2024-09-01T00:46:55.359+0530] {dag.py:4138} INFO - Setting next_dagrun for example_time_delta_sensor_async to None, run_after=None
[2024-09-01T00:46:55.366+0530] {processor.py:208} INFO - Processing /Users/ravipal/Desktop/Workspace/airflow_tutorial/py_env/lib/python3.12/site-packages/airflow/example_dags/example_time_delta_sensor_async.py took 0.055 seconds
[2024-09-01T00:47:58.646+0530] {processor.py:186} INFO - Started process (PID=3116) to work on /Users/ravipal/Desktop/Workspace/airflow_tutorial/py_env/lib/python3.12/site-packages/airflow/example_dags/example_time_delta_sensor_async.py
[2024-09-01T00:47:58.646+0530] {processor.py:914} INFO - Processing file /Users/ravipal/Desktop/Workspace/airflow_tutorial/py_env/lib/python3.12/site-packages/airflow/example_dags/example_time_delta_sensor_async.py for tasks to queue
[2024-09-01T00:47:58.646+0530] {logging_mixin.py:190} INFO - [2024-09-01T00:47:58.646+0530] {dagbag.py:587} INFO - Filling up the DagBag from /Users/ravipal/Desktop/Workspace/airflow_tutorial/py_env/lib/python3.12/site-packages/airflow/example_dags/example_time_delta_sensor_async.py
[2024-09-01T00:47:58.650+0530] {processor.py:925} INFO - DAG(s) 'example_time_delta_sensor_async' retrieved from /Users/ravipal/Desktop/Workspace/airflow_tutorial/py_env/lib/python3.12/site-packages/airflow/example_dags/example_time_delta_sensor_async.py
[2024-09-01T00:47:58.682+0530] {logging_mixin.py:190} INFO - [2024-09-01T00:47:58.681+0530] {workday.py:41} WARNING - Could not import pandas. Holidays will not be considered.
[2024-09-01T00:47:58.689+0530] {logging_mixin.py:190} INFO - [2024-09-01T00:47:58.689+0530] {dag.py:3211} INFO - Sync 1 DAGs
[2024-09-01T00:47:58.692+0530] {logging_mixin.py:190} INFO - [2024-09-01T00:47:58.692+0530] {dag.py:4138} INFO - Setting next_dagrun for example_time_delta_sensor_async to None, run_after=None
[2024-09-01T00:47:58.699+0530] {processor.py:208} INFO - Processing /Users/ravipal/Desktop/Workspace/airflow_tutorial/py_env/lib/python3.12/site-packages/airflow/example_dags/example_time_delta_sensor_async.py took 0.055 seconds
[2024-09-01T00:49:02.078+0530] {processor.py:186} INFO - Started process (PID=3181) to work on /Users/ravipal/Desktop/Workspace/airflow_tutorial/py_env/lib/python3.12/site-packages/airflow/example_dags/example_time_delta_sensor_async.py
[2024-09-01T00:49:02.079+0530] {processor.py:914} INFO - Processing file /Users/ravipal/Desktop/Workspace/airflow_tutorial/py_env/lib/python3.12/site-packages/airflow/example_dags/example_time_delta_sensor_async.py for tasks to queue
[2024-09-01T00:49:02.079+0530] {logging_mixin.py:190} INFO - [2024-09-01T00:49:02.079+0530] {dagbag.py:587} INFO - Filling up the DagBag from /Users/ravipal/Desktop/Workspace/airflow_tutorial/py_env/lib/python3.12/site-packages/airflow/example_dags/example_time_delta_sensor_async.py
[2024-09-01T00:49:02.082+0530] {processor.py:925} INFO - DAG(s) 'example_time_delta_sensor_async' retrieved from /Users/ravipal/Desktop/Workspace/airflow_tutorial/py_env/lib/python3.12/site-packages/airflow/example_dags/example_time_delta_sensor_async.py
[2024-09-01T00:49:02.115+0530] {logging_mixin.py:190} INFO - [2024-09-01T00:49:02.115+0530] {workday.py:41} WARNING - Could not import pandas. Holidays will not be considered.
[2024-09-01T00:49:02.122+0530] {logging_mixin.py:190} INFO - [2024-09-01T00:49:02.122+0530] {dag.py:3211} INFO - Sync 1 DAGs
[2024-09-01T00:49:02.126+0530] {logging_mixin.py:190} INFO - [2024-09-01T00:49:02.126+0530] {dag.py:4138} INFO - Setting next_dagrun for example_time_delta_sensor_async to None, run_after=None
[2024-09-01T00:49:02.133+0530] {processor.py:208} INFO - Processing /Users/ravipal/Desktop/Workspace/airflow_tutorial/py_env/lib/python3.12/site-packages/airflow/example_dags/example_time_delta_sensor_async.py took 0.056 seconds
[2024-09-01T00:50:06.562+0530] {processor.py:186} INFO - Started process (PID=3263) to work on /Users/ravipal/Desktop/Workspace/airflow_tutorial/py_env/lib/python3.12/site-packages/airflow/example_dags/example_time_delta_sensor_async.py
[2024-09-01T00:50:06.563+0530] {processor.py:914} INFO - Processing file /Users/ravipal/Desktop/Workspace/airflow_tutorial/py_env/lib/python3.12/site-packages/airflow/example_dags/example_time_delta_sensor_async.py for tasks to queue
[2024-09-01T00:50:06.564+0530] {logging_mixin.py:190} INFO - [2024-09-01T00:50:06.563+0530] {dagbag.py:587} INFO - Filling up the DagBag from /Users/ravipal/Desktop/Workspace/airflow_tutorial/py_env/lib/python3.12/site-packages/airflow/example_dags/example_time_delta_sensor_async.py
[2024-09-01T00:50:06.567+0530] {processor.py:925} INFO - DAG(s) 'example_time_delta_sensor_async' retrieved from /Users/ravipal/Desktop/Workspace/airflow_tutorial/py_env/lib/python3.12/site-packages/airflow/example_dags/example_time_delta_sensor_async.py
[2024-09-01T00:50:06.599+0530] {logging_mixin.py:190} INFO - [2024-09-01T00:50:06.599+0530] {workday.py:41} WARNING - Could not import pandas. Holidays will not be considered.
[2024-09-01T00:50:06.606+0530] {logging_mixin.py:190} INFO - [2024-09-01T00:50:06.606+0530] {dag.py:3211} INFO - Sync 1 DAGs
[2024-09-01T00:50:06.610+0530] {logging_mixin.py:190} INFO - [2024-09-01T00:50:06.610+0530] {dag.py:4138} INFO - Setting next_dagrun for example_time_delta_sensor_async to None, run_after=None
[2024-09-01T00:50:06.616+0530] {processor.py:208} INFO - Processing /Users/ravipal/Desktop/Workspace/airflow_tutorial/py_env/lib/python3.12/site-packages/airflow/example_dags/example_time_delta_sensor_async.py took 0.055 seconds
[2024-09-01T00:51:16.766+0530] {processor.py:186} INFO - Started process (PID=3341) to work on /Users/ravipal/Desktop/Workspace/airflow_tutorial/py_env/lib/python3.12/site-packages/airflow/example_dags/example_time_delta_sensor_async.py
[2024-09-01T00:51:16.768+0530] {processor.py:914} INFO - Processing file /Users/ravipal/Desktop/Workspace/airflow_tutorial/py_env/lib/python3.12/site-packages/airflow/example_dags/example_time_delta_sensor_async.py for tasks to queue
[2024-09-01T00:51:16.768+0530] {logging_mixin.py:190} INFO - [2024-09-01T00:51:16.768+0530] {dagbag.py:587} INFO - Filling up the DagBag from /Users/ravipal/Desktop/Workspace/airflow_tutorial/py_env/lib/python3.12/site-packages/airflow/example_dags/example_time_delta_sensor_async.py
[2024-09-01T00:51:16.772+0530] {processor.py:925} INFO - DAG(s) 'example_time_delta_sensor_async' retrieved from /Users/ravipal/Desktop/Workspace/airflow_tutorial/py_env/lib/python3.12/site-packages/airflow/example_dags/example_time_delta_sensor_async.py
[2024-09-01T00:51:16.805+0530] {logging_mixin.py:190} INFO - [2024-09-01T00:51:16.805+0530] {workday.py:41} WARNING - Could not import pandas. Holidays will not be considered.
[2024-09-01T00:51:16.812+0530] {logging_mixin.py:190} INFO - [2024-09-01T00:51:16.812+0530] {dag.py:3211} INFO - Sync 1 DAGs
[2024-09-01T00:51:16.816+0530] {logging_mixin.py:190} INFO - [2024-09-01T00:51:16.816+0530] {dag.py:4138} INFO - Setting next_dagrun for example_time_delta_sensor_async to None, run_after=None
[2024-09-01T00:51:16.822+0530] {processor.py:208} INFO - Processing /Users/ravipal/Desktop/Workspace/airflow_tutorial/py_env/lib/python3.12/site-packages/airflow/example_dags/example_time_delta_sensor_async.py took 0.057 seconds
[2024-09-01T00:52:23.671+0530] {processor.py:186} INFO - Started process (PID=3407) to work on /Users/ravipal/Desktop/Workspace/airflow_tutorial/py_env/lib/python3.12/site-packages/airflow/example_dags/example_time_delta_sensor_async.py
[2024-09-01T00:52:23.672+0530] {processor.py:914} INFO - Processing file /Users/ravipal/Desktop/Workspace/airflow_tutorial/py_env/lib/python3.12/site-packages/airflow/example_dags/example_time_delta_sensor_async.py for tasks to queue
[2024-09-01T00:52:23.672+0530] {logging_mixin.py:190} INFO - [2024-09-01T00:52:23.672+0530] {dagbag.py:587} INFO - Filling up the DagBag from /Users/ravipal/Desktop/Workspace/airflow_tutorial/py_env/lib/python3.12/site-packages/airflow/example_dags/example_time_delta_sensor_async.py
[2024-09-01T00:52:23.675+0530] {processor.py:925} INFO - DAG(s) 'example_time_delta_sensor_async' retrieved from /Users/ravipal/Desktop/Workspace/airflow_tutorial/py_env/lib/python3.12/site-packages/airflow/example_dags/example_time_delta_sensor_async.py
[2024-09-01T00:52:23.708+0530] {logging_mixin.py:190} INFO - [2024-09-01T00:52:23.708+0530] {workday.py:41} WARNING - Could not import pandas. Holidays will not be considered.
[2024-09-01T00:52:23.716+0530] {logging_mixin.py:190} INFO - [2024-09-01T00:52:23.715+0530] {dag.py:3211} INFO - Sync 1 DAGs
[2024-09-01T00:52:23.719+0530] {logging_mixin.py:190} INFO - [2024-09-01T00:52:23.719+0530] {dag.py:4138} INFO - Setting next_dagrun for example_time_delta_sensor_async to None, run_after=None
[2024-09-01T00:52:23.726+0530] {processor.py:208} INFO - Processing /Users/ravipal/Desktop/Workspace/airflow_tutorial/py_env/lib/python3.12/site-packages/airflow/example_dags/example_time_delta_sensor_async.py took 0.057 seconds
[2024-09-01T00:53:29.023+0530] {processor.py:186} INFO - Started process (PID=3473) to work on /Users/ravipal/Desktop/Workspace/airflow_tutorial/py_env/lib/python3.12/site-packages/airflow/example_dags/example_time_delta_sensor_async.py
[2024-09-01T00:53:29.023+0530] {processor.py:914} INFO - Processing file /Users/ravipal/Desktop/Workspace/airflow_tutorial/py_env/lib/python3.12/site-packages/airflow/example_dags/example_time_delta_sensor_async.py for tasks to queue
[2024-09-01T00:53:29.024+0530] {logging_mixin.py:190} INFO - [2024-09-01T00:53:29.024+0530] {dagbag.py:587} INFO - Filling up the DagBag from /Users/ravipal/Desktop/Workspace/airflow_tutorial/py_env/lib/python3.12/site-packages/airflow/example_dags/example_time_delta_sensor_async.py
[2024-09-01T00:53:29.027+0530] {processor.py:925} INFO - DAG(s) 'example_time_delta_sensor_async' retrieved from /Users/ravipal/Desktop/Workspace/airflow_tutorial/py_env/lib/python3.12/site-packages/airflow/example_dags/example_time_delta_sensor_async.py
[2024-09-01T00:53:29.059+0530] {logging_mixin.py:190} INFO - [2024-09-01T00:53:29.059+0530] {workday.py:41} WARNING - Could not import pandas. Holidays will not be considered.
[2024-09-01T00:53:29.066+0530] {logging_mixin.py:190} INFO - [2024-09-01T00:53:29.066+0530] {dag.py:3211} INFO - Sync 1 DAGs
[2024-09-01T00:53:29.070+0530] {logging_mixin.py:190} INFO - [2024-09-01T00:53:29.070+0530] {dag.py:4138} INFO - Setting next_dagrun for example_time_delta_sensor_async to None, run_after=None
[2024-09-01T00:53:29.076+0530] {processor.py:208} INFO - Processing /Users/ravipal/Desktop/Workspace/airflow_tutorial/py_env/lib/python3.12/site-packages/airflow/example_dags/example_time_delta_sensor_async.py took 0.055 seconds
[2024-09-01T00:54:34.818+0530] {processor.py:186} INFO - Started process (PID=3538) to work on /Users/ravipal/Desktop/Workspace/airflow_tutorial/py_env/lib/python3.12/site-packages/airflow/example_dags/example_time_delta_sensor_async.py
[2024-09-01T00:54:34.818+0530] {processor.py:914} INFO - Processing file /Users/ravipal/Desktop/Workspace/airflow_tutorial/py_env/lib/python3.12/site-packages/airflow/example_dags/example_time_delta_sensor_async.py for tasks to queue
[2024-09-01T00:54:34.818+0530] {logging_mixin.py:190} INFO - [2024-09-01T00:54:34.818+0530] {dagbag.py:587} INFO - Filling up the DagBag from /Users/ravipal/Desktop/Workspace/airflow_tutorial/py_env/lib/python3.12/site-packages/airflow/example_dags/example_time_delta_sensor_async.py
[2024-09-01T00:54:34.821+0530] {processor.py:925} INFO - DAG(s) 'example_time_delta_sensor_async' retrieved from /Users/ravipal/Desktop/Workspace/airflow_tutorial/py_env/lib/python3.12/site-packages/airflow/example_dags/example_time_delta_sensor_async.py
[2024-09-01T00:54:34.852+0530] {logging_mixin.py:190} INFO - [2024-09-01T00:54:34.852+0530] {workday.py:41} WARNING - Could not import pandas. Holidays will not be considered.
[2024-09-01T00:54:34.859+0530] {logging_mixin.py:190} INFO - [2024-09-01T00:54:34.859+0530] {dag.py:3211} INFO - Sync 1 DAGs
[2024-09-01T00:54:34.863+0530] {logging_mixin.py:190} INFO - [2024-09-01T00:54:34.863+0530] {dag.py:4138} INFO - Setting next_dagrun for example_time_delta_sensor_async to None, run_after=None
[2024-09-01T00:54:34.869+0530] {processor.py:208} INFO - Processing /Users/ravipal/Desktop/Workspace/airflow_tutorial/py_env/lib/python3.12/site-packages/airflow/example_dags/example_time_delta_sensor_async.py took 0.054 seconds
[2024-09-01T00:55:41.105+0530] {processor.py:186} INFO - Started process (PID=3605) to work on /Users/ravipal/Desktop/Workspace/airflow_tutorial/py_env/lib/python3.12/site-packages/airflow/example_dags/example_time_delta_sensor_async.py
[2024-09-01T00:55:41.106+0530] {processor.py:914} INFO - Processing file /Users/ravipal/Desktop/Workspace/airflow_tutorial/py_env/lib/python3.12/site-packages/airflow/example_dags/example_time_delta_sensor_async.py for tasks to queue
[2024-09-01T00:55:41.106+0530] {logging_mixin.py:190} INFO - [2024-09-01T00:55:41.106+0530] {dagbag.py:587} INFO - Filling up the DagBag from /Users/ravipal/Desktop/Workspace/airflow_tutorial/py_env/lib/python3.12/site-packages/airflow/example_dags/example_time_delta_sensor_async.py
[2024-09-01T00:55:41.109+0530] {processor.py:925} INFO - DAG(s) 'example_time_delta_sensor_async' retrieved from /Users/ravipal/Desktop/Workspace/airflow_tutorial/py_env/lib/python3.12/site-packages/airflow/example_dags/example_time_delta_sensor_async.py
[2024-09-01T00:55:41.141+0530] {logging_mixin.py:190} INFO - [2024-09-01T00:55:41.141+0530] {workday.py:41} WARNING - Could not import pandas. Holidays will not be considered.
[2024-09-01T00:55:41.148+0530] {logging_mixin.py:190} INFO - [2024-09-01T00:55:41.148+0530] {dag.py:3211} INFO - Sync 1 DAGs
[2024-09-01T00:55:41.152+0530] {logging_mixin.py:190} INFO - [2024-09-01T00:55:41.152+0530] {dag.py:4138} INFO - Setting next_dagrun for example_time_delta_sensor_async to None, run_after=None
[2024-09-01T00:55:41.159+0530] {processor.py:208} INFO - Processing /Users/ravipal/Desktop/Workspace/airflow_tutorial/py_env/lib/python3.12/site-packages/airflow/example_dags/example_time_delta_sensor_async.py took 0.055 seconds
[2024-09-01T00:56:44.824+0530] {processor.py:186} INFO - Started process (PID=3668) to work on /Users/ravipal/Desktop/Workspace/airflow_tutorial/py_env/lib/python3.12/site-packages/airflow/example_dags/example_time_delta_sensor_async.py
[2024-09-01T00:56:44.824+0530] {processor.py:914} INFO - Processing file /Users/ravipal/Desktop/Workspace/airflow_tutorial/py_env/lib/python3.12/site-packages/airflow/example_dags/example_time_delta_sensor_async.py for tasks to queue
[2024-09-01T00:56:44.825+0530] {logging_mixin.py:190} INFO - [2024-09-01T00:56:44.825+0530] {dagbag.py:587} INFO - Filling up the DagBag from /Users/ravipal/Desktop/Workspace/airflow_tutorial/py_env/lib/python3.12/site-packages/airflow/example_dags/example_time_delta_sensor_async.py
[2024-09-01T00:56:44.828+0530] {processor.py:925} INFO - DAG(s) 'example_time_delta_sensor_async' retrieved from /Users/ravipal/Desktop/Workspace/airflow_tutorial/py_env/lib/python3.12/site-packages/airflow/example_dags/example_time_delta_sensor_async.py
[2024-09-01T00:56:44.860+0530] {logging_mixin.py:190} INFO - [2024-09-01T00:56:44.860+0530] {workday.py:41} WARNING - Could not import pandas. Holidays will not be considered.
[2024-09-01T00:56:44.867+0530] {logging_mixin.py:190} INFO - [2024-09-01T00:56:44.867+0530] {dag.py:3211} INFO - Sync 1 DAGs
[2024-09-01T00:56:44.871+0530] {logging_mixin.py:190} INFO - [2024-09-01T00:56:44.870+0530] {dag.py:4138} INFO - Setting next_dagrun for example_time_delta_sensor_async to None, run_after=None
[2024-09-01T00:56:44.877+0530] {processor.py:208} INFO - Processing /Users/ravipal/Desktop/Workspace/airflow_tutorial/py_env/lib/python3.12/site-packages/airflow/example_dags/example_time_delta_sensor_async.py took 0.055 seconds
[2024-09-01T00:57:51.342+0530] {processor.py:186} INFO - Started process (PID=3733) to work on /Users/ravipal/Desktop/Workspace/airflow_tutorial/py_env/lib/python3.12/site-packages/airflow/example_dags/example_time_delta_sensor_async.py
[2024-09-01T00:57:51.342+0530] {processor.py:914} INFO - Processing file /Users/ravipal/Desktop/Workspace/airflow_tutorial/py_env/lib/python3.12/site-packages/airflow/example_dags/example_time_delta_sensor_async.py for tasks to queue
[2024-09-01T00:57:51.343+0530] {logging_mixin.py:190} INFO - [2024-09-01T00:57:51.343+0530] {dagbag.py:587} INFO - Filling up the DagBag from /Users/ravipal/Desktop/Workspace/airflow_tutorial/py_env/lib/python3.12/site-packages/airflow/example_dags/example_time_delta_sensor_async.py
[2024-09-01T00:57:51.346+0530] {processor.py:925} INFO - DAG(s) 'example_time_delta_sensor_async' retrieved from /Users/ravipal/Desktop/Workspace/airflow_tutorial/py_env/lib/python3.12/site-packages/airflow/example_dags/example_time_delta_sensor_async.py
[2024-09-01T00:57:51.378+0530] {logging_mixin.py:190} INFO - [2024-09-01T00:57:51.377+0530] {workday.py:41} WARNING - Could not import pandas. Holidays will not be considered.
[2024-09-01T00:57:51.385+0530] {logging_mixin.py:190} INFO - [2024-09-01T00:57:51.385+0530] {dag.py:3211} INFO - Sync 1 DAGs
[2024-09-01T00:57:51.388+0530] {logging_mixin.py:190} INFO - [2024-09-01T00:57:51.388+0530] {dag.py:4138} INFO - Setting next_dagrun for example_time_delta_sensor_async to None, run_after=None
[2024-09-01T00:57:51.395+0530] {processor.py:208} INFO - Processing /Users/ravipal/Desktop/Workspace/airflow_tutorial/py_env/lib/python3.12/site-packages/airflow/example_dags/example_time_delta_sensor_async.py took 0.055 seconds
[2024-09-01T00:58:55.819+0530] {processor.py:186} INFO - Started process (PID=3799) to work on /Users/ravipal/Desktop/Workspace/airflow_tutorial/py_env/lib/python3.12/site-packages/airflow/example_dags/example_time_delta_sensor_async.py
[2024-09-01T00:58:55.819+0530] {processor.py:914} INFO - Processing file /Users/ravipal/Desktop/Workspace/airflow_tutorial/py_env/lib/python3.12/site-packages/airflow/example_dags/example_time_delta_sensor_async.py for tasks to queue
[2024-09-01T00:58:55.820+0530] {logging_mixin.py:190} INFO - [2024-09-01T00:58:55.820+0530] {dagbag.py:587} INFO - Filling up the DagBag from /Users/ravipal/Desktop/Workspace/airflow_tutorial/py_env/lib/python3.12/site-packages/airflow/example_dags/example_time_delta_sensor_async.py
[2024-09-01T00:58:55.823+0530] {processor.py:925} INFO - DAG(s) 'example_time_delta_sensor_async' retrieved from /Users/ravipal/Desktop/Workspace/airflow_tutorial/py_env/lib/python3.12/site-packages/airflow/example_dags/example_time_delta_sensor_async.py
[2024-09-01T00:58:55.855+0530] {logging_mixin.py:190} INFO - [2024-09-01T00:58:55.855+0530] {workday.py:41} WARNING - Could not import pandas. Holidays will not be considered.
[2024-09-01T00:58:55.862+0530] {logging_mixin.py:190} INFO - [2024-09-01T00:58:55.862+0530] {dag.py:3211} INFO - Sync 1 DAGs
[2024-09-01T00:58:55.866+0530] {logging_mixin.py:190} INFO - [2024-09-01T00:58:55.866+0530] {dag.py:4138} INFO - Setting next_dagrun for example_time_delta_sensor_async to None, run_after=None
[2024-09-01T00:58:55.872+0530] {processor.py:208} INFO - Processing /Users/ravipal/Desktop/Workspace/airflow_tutorial/py_env/lib/python3.12/site-packages/airflow/example_dags/example_time_delta_sensor_async.py took 0.055 seconds
[2024-09-01T01:00:02.484+0530] {processor.py:186} INFO - Started process (PID=3867) to work on /Users/ravipal/Desktop/Workspace/airflow_tutorial/py_env/lib/python3.12/site-packages/airflow/example_dags/example_time_delta_sensor_async.py
[2024-09-01T01:00:02.485+0530] {processor.py:914} INFO - Processing file /Users/ravipal/Desktop/Workspace/airflow_tutorial/py_env/lib/python3.12/site-packages/airflow/example_dags/example_time_delta_sensor_async.py for tasks to queue
[2024-09-01T01:00:02.485+0530] {logging_mixin.py:190} INFO - [2024-09-01T01:00:02.485+0530] {dagbag.py:587} INFO - Filling up the DagBag from /Users/ravipal/Desktop/Workspace/airflow_tutorial/py_env/lib/python3.12/site-packages/airflow/example_dags/example_time_delta_sensor_async.py
[2024-09-01T01:00:02.488+0530] {processor.py:925} INFO - DAG(s) 'example_time_delta_sensor_async' retrieved from /Users/ravipal/Desktop/Workspace/airflow_tutorial/py_env/lib/python3.12/site-packages/airflow/example_dags/example_time_delta_sensor_async.py
[2024-09-01T01:00:02.520+0530] {logging_mixin.py:190} INFO - [2024-09-01T01:00:02.520+0530] {workday.py:41} WARNING - Could not import pandas. Holidays will not be considered.
[2024-09-01T01:00:02.528+0530] {logging_mixin.py:190} INFO - [2024-09-01T01:00:02.527+0530] {dag.py:3211} INFO - Sync 1 DAGs
[2024-09-01T01:00:02.531+0530] {logging_mixin.py:190} INFO - [2024-09-01T01:00:02.531+0530] {dag.py:4138} INFO - Setting next_dagrun for example_time_delta_sensor_async to None, run_after=None
[2024-09-01T01:00:02.538+0530] {processor.py:208} INFO - Processing /Users/ravipal/Desktop/Workspace/airflow_tutorial/py_env/lib/python3.12/site-packages/airflow/example_dags/example_time_delta_sensor_async.py took 0.055 seconds
[2024-09-01T01:01:05.387+0530] {processor.py:186} INFO - Started process (PID=3929) to work on /Users/ravipal/Desktop/Workspace/airflow_tutorial/py_env/lib/python3.12/site-packages/airflow/example_dags/example_time_delta_sensor_async.py
[2024-09-01T01:01:05.388+0530] {processor.py:914} INFO - Processing file /Users/ravipal/Desktop/Workspace/airflow_tutorial/py_env/lib/python3.12/site-packages/airflow/example_dags/example_time_delta_sensor_async.py for tasks to queue
[2024-09-01T01:01:05.388+0530] {logging_mixin.py:190} INFO - [2024-09-01T01:01:05.388+0530] {dagbag.py:587} INFO - Filling up the DagBag from /Users/ravipal/Desktop/Workspace/airflow_tutorial/py_env/lib/python3.12/site-packages/airflow/example_dags/example_time_delta_sensor_async.py
[2024-09-01T01:01:05.391+0530] {processor.py:925} INFO - DAG(s) 'example_time_delta_sensor_async' retrieved from /Users/ravipal/Desktop/Workspace/airflow_tutorial/py_env/lib/python3.12/site-packages/airflow/example_dags/example_time_delta_sensor_async.py
[2024-09-01T01:01:05.423+0530] {logging_mixin.py:190} INFO - [2024-09-01T01:01:05.423+0530] {workday.py:41} WARNING - Could not import pandas. Holidays will not be considered.
[2024-09-01T01:01:05.430+0530] {logging_mixin.py:190} INFO - [2024-09-01T01:01:05.430+0530] {dag.py:3211} INFO - Sync 1 DAGs
[2024-09-01T01:01:05.433+0530] {logging_mixin.py:190} INFO - [2024-09-01T01:01:05.433+0530] {dag.py:4138} INFO - Setting next_dagrun for example_time_delta_sensor_async to None, run_after=None
[2024-09-01T01:01:05.440+0530] {processor.py:208} INFO - Processing /Users/ravipal/Desktop/Workspace/airflow_tutorial/py_env/lib/python3.12/site-packages/airflow/example_dags/example_time_delta_sensor_async.py took 0.055 seconds
[2024-09-01T01:02:09.817+0530] {processor.py:186} INFO - Started process (PID=3994) to work on /Users/ravipal/Desktop/Workspace/airflow_tutorial/py_env/lib/python3.12/site-packages/airflow/example_dags/example_time_delta_sensor_async.py
[2024-09-01T01:02:09.818+0530] {processor.py:914} INFO - Processing file /Users/ravipal/Desktop/Workspace/airflow_tutorial/py_env/lib/python3.12/site-packages/airflow/example_dags/example_time_delta_sensor_async.py for tasks to queue
[2024-09-01T01:02:09.818+0530] {logging_mixin.py:190} INFO - [2024-09-01T01:02:09.818+0530] {dagbag.py:587} INFO - Filling up the DagBag from /Users/ravipal/Desktop/Workspace/airflow_tutorial/py_env/lib/python3.12/site-packages/airflow/example_dags/example_time_delta_sensor_async.py
[2024-09-01T01:02:09.821+0530] {processor.py:925} INFO - DAG(s) 'example_time_delta_sensor_async' retrieved from /Users/ravipal/Desktop/Workspace/airflow_tutorial/py_env/lib/python3.12/site-packages/airflow/example_dags/example_time_delta_sensor_async.py
[2024-09-01T01:02:09.853+0530] {logging_mixin.py:190} INFO - [2024-09-01T01:02:09.853+0530] {workday.py:41} WARNING - Could not import pandas. Holidays will not be considered.
[2024-09-01T01:02:09.861+0530] {logging_mixin.py:190} INFO - [2024-09-01T01:02:09.860+0530] {dag.py:3211} INFO - Sync 1 DAGs
[2024-09-01T01:02:09.864+0530] {logging_mixin.py:190} INFO - [2024-09-01T01:02:09.864+0530] {dag.py:4138} INFO - Setting next_dagrun for example_time_delta_sensor_async to None, run_after=None
[2024-09-01T01:02:09.870+0530] {processor.py:208} INFO - Processing /Users/ravipal/Desktop/Workspace/airflow_tutorial/py_env/lib/python3.12/site-packages/airflow/example_dags/example_time_delta_sensor_async.py took 0.055 seconds
[2024-09-01T01:03:10.964+0530] {processor.py:186} INFO - Started process (PID=4060) to work on /Users/ravipal/Desktop/Workspace/airflow_tutorial/py_env/lib/python3.12/site-packages/airflow/example_dags/example_time_delta_sensor_async.py
[2024-09-01T01:03:10.965+0530] {processor.py:914} INFO - Processing file /Users/ravipal/Desktop/Workspace/airflow_tutorial/py_env/lib/python3.12/site-packages/airflow/example_dags/example_time_delta_sensor_async.py for tasks to queue
[2024-09-01T01:03:10.965+0530] {logging_mixin.py:190} INFO - [2024-09-01T01:03:10.965+0530] {dagbag.py:587} INFO - Filling up the DagBag from /Users/ravipal/Desktop/Workspace/airflow_tutorial/py_env/lib/python3.12/site-packages/airflow/example_dags/example_time_delta_sensor_async.py
[2024-09-01T01:03:10.968+0530] {processor.py:925} INFO - DAG(s) 'example_time_delta_sensor_async' retrieved from /Users/ravipal/Desktop/Workspace/airflow_tutorial/py_env/lib/python3.12/site-packages/airflow/example_dags/example_time_delta_sensor_async.py
[2024-09-01T01:03:11.000+0530] {logging_mixin.py:190} INFO - [2024-09-01T01:03:11.000+0530] {workday.py:41} WARNING - Could not import pandas. Holidays will not be considered.
[2024-09-01T01:03:11.008+0530] {logging_mixin.py:190} INFO - [2024-09-01T01:03:11.007+0530] {dag.py:3211} INFO - Sync 1 DAGs
[2024-09-01T01:03:11.011+0530] {logging_mixin.py:190} INFO - [2024-09-01T01:03:11.011+0530] {dag.py:4138} INFO - Setting next_dagrun for example_time_delta_sensor_async to None, run_after=None
[2024-09-01T01:03:11.017+0530] {processor.py:208} INFO - Processing /Users/ravipal/Desktop/Workspace/airflow_tutorial/py_env/lib/python3.12/site-packages/airflow/example_dags/example_time_delta_sensor_async.py took 0.055 seconds
[2024-09-01T01:04:16.270+0530] {processor.py:186} INFO - Started process (PID=4129) to work on /Users/ravipal/Desktop/Workspace/airflow_tutorial/py_env/lib/python3.12/site-packages/airflow/example_dags/example_time_delta_sensor_async.py
[2024-09-01T01:04:16.270+0530] {processor.py:914} INFO - Processing file /Users/ravipal/Desktop/Workspace/airflow_tutorial/py_env/lib/python3.12/site-packages/airflow/example_dags/example_time_delta_sensor_async.py for tasks to queue
[2024-09-01T01:04:16.271+0530] {logging_mixin.py:190} INFO - [2024-09-01T01:04:16.271+0530] {dagbag.py:587} INFO - Filling up the DagBag from /Users/ravipal/Desktop/Workspace/airflow_tutorial/py_env/lib/python3.12/site-packages/airflow/example_dags/example_time_delta_sensor_async.py
[2024-09-01T01:04:16.274+0530] {processor.py:925} INFO - DAG(s) 'example_time_delta_sensor_async' retrieved from /Users/ravipal/Desktop/Workspace/airflow_tutorial/py_env/lib/python3.12/site-packages/airflow/example_dags/example_time_delta_sensor_async.py
[2024-09-01T01:04:16.307+0530] {logging_mixin.py:190} INFO - [2024-09-01T01:04:16.307+0530] {workday.py:41} WARNING - Could not import pandas. Holidays will not be considered.
[2024-09-01T01:04:16.315+0530] {logging_mixin.py:190} INFO - [2024-09-01T01:04:16.315+0530] {dag.py:3211} INFO - Sync 1 DAGs
[2024-09-01T01:04:16.319+0530] {logging_mixin.py:190} INFO - [2024-09-01T01:04:16.319+0530] {dag.py:4138} INFO - Setting next_dagrun for example_time_delta_sensor_async to None, run_after=None
[2024-09-01T01:04:16.326+0530] {processor.py:208} INFO - Processing /Users/ravipal/Desktop/Workspace/airflow_tutorial/py_env/lib/python3.12/site-packages/airflow/example_dags/example_time_delta_sensor_async.py took 0.058 seconds
[2024-09-01T01:05:19.404+0530] {processor.py:186} INFO - Started process (PID=4211) to work on /Users/ravipal/Desktop/Workspace/airflow_tutorial/py_env/lib/python3.12/site-packages/airflow/example_dags/example_time_delta_sensor_async.py
[2024-09-01T01:05:19.405+0530] {processor.py:914} INFO - Processing file /Users/ravipal/Desktop/Workspace/airflow_tutorial/py_env/lib/python3.12/site-packages/airflow/example_dags/example_time_delta_sensor_async.py for tasks to queue
[2024-09-01T01:05:19.405+0530] {logging_mixin.py:190} INFO - [2024-09-01T01:05:19.405+0530] {dagbag.py:587} INFO - Filling up the DagBag from /Users/ravipal/Desktop/Workspace/airflow_tutorial/py_env/lib/python3.12/site-packages/airflow/example_dags/example_time_delta_sensor_async.py
[2024-09-01T01:05:19.409+0530] {processor.py:925} INFO - DAG(s) 'example_time_delta_sensor_async' retrieved from /Users/ravipal/Desktop/Workspace/airflow_tutorial/py_env/lib/python3.12/site-packages/airflow/example_dags/example_time_delta_sensor_async.py
[2024-09-01T01:05:19.442+0530] {logging_mixin.py:190} INFO - [2024-09-01T01:05:19.442+0530] {workday.py:41} WARNING - Could not import pandas. Holidays will not be considered.
[2024-09-01T01:05:19.450+0530] {logging_mixin.py:190} INFO - [2024-09-01T01:05:19.450+0530] {dag.py:3211} INFO - Sync 1 DAGs
[2024-09-01T01:05:19.453+0530] {logging_mixin.py:190} INFO - [2024-09-01T01:05:19.453+0530] {dag.py:4138} INFO - Setting next_dagrun for example_time_delta_sensor_async to None, run_after=None
[2024-09-01T01:05:19.460+0530] {processor.py:208} INFO - Processing /Users/ravipal/Desktop/Workspace/airflow_tutorial/py_env/lib/python3.12/site-packages/airflow/example_dags/example_time_delta_sensor_async.py took 0.058 seconds
[2024-09-01T01:06:23.930+0530] {processor.py:186} INFO - Started process (PID=4285) to work on /Users/ravipal/Desktop/Workspace/airflow_tutorial/py_env/lib/python3.12/site-packages/airflow/example_dags/example_time_delta_sensor_async.py
[2024-09-01T01:06:23.931+0530] {processor.py:914} INFO - Processing file /Users/ravipal/Desktop/Workspace/airflow_tutorial/py_env/lib/python3.12/site-packages/airflow/example_dags/example_time_delta_sensor_async.py for tasks to queue
[2024-09-01T01:06:23.932+0530] {logging_mixin.py:190} INFO - [2024-09-01T01:06:23.931+0530] {dagbag.py:587} INFO - Filling up the DagBag from /Users/ravipal/Desktop/Workspace/airflow_tutorial/py_env/lib/python3.12/site-packages/airflow/example_dags/example_time_delta_sensor_async.py
[2024-09-01T01:06:23.936+0530] {processor.py:925} INFO - DAG(s) 'example_time_delta_sensor_async' retrieved from /Users/ravipal/Desktop/Workspace/airflow_tutorial/py_env/lib/python3.12/site-packages/airflow/example_dags/example_time_delta_sensor_async.py
[2024-09-01T01:06:23.968+0530] {logging_mixin.py:190} INFO - [2024-09-01T01:06:23.967+0530] {workday.py:41} WARNING - Could not import pandas. Holidays will not be considered.
[2024-09-01T01:06:23.975+0530] {logging_mixin.py:190} INFO - [2024-09-01T01:06:23.975+0530] {dag.py:3211} INFO - Sync 1 DAGs
[2024-09-01T01:06:23.978+0530] {logging_mixin.py:190} INFO - [2024-09-01T01:06:23.978+0530] {dag.py:4138} INFO - Setting next_dagrun for example_time_delta_sensor_async to None, run_after=None
[2024-09-01T01:06:23.985+0530] {processor.py:208} INFO - Processing /Users/ravipal/Desktop/Workspace/airflow_tutorial/py_env/lib/python3.12/site-packages/airflow/example_dags/example_time_delta_sensor_async.py took 0.057 seconds
[2024-09-01T01:07:30.725+0530] {processor.py:186} INFO - Started process (PID=4352) to work on /Users/ravipal/Desktop/Workspace/airflow_tutorial/py_env/lib/python3.12/site-packages/airflow/example_dags/example_time_delta_sensor_async.py
[2024-09-01T01:07:30.725+0530] {processor.py:914} INFO - Processing file /Users/ravipal/Desktop/Workspace/airflow_tutorial/py_env/lib/python3.12/site-packages/airflow/example_dags/example_time_delta_sensor_async.py for tasks to queue
[2024-09-01T01:07:30.726+0530] {logging_mixin.py:190} INFO - [2024-09-01T01:07:30.726+0530] {dagbag.py:587} INFO - Filling up the DagBag from /Users/ravipal/Desktop/Workspace/airflow_tutorial/py_env/lib/python3.12/site-packages/airflow/example_dags/example_time_delta_sensor_async.py
[2024-09-01T01:07:30.729+0530] {processor.py:925} INFO - DAG(s) 'example_time_delta_sensor_async' retrieved from /Users/ravipal/Desktop/Workspace/airflow_tutorial/py_env/lib/python3.12/site-packages/airflow/example_dags/example_time_delta_sensor_async.py
[2024-09-01T01:07:30.761+0530] {logging_mixin.py:190} INFO - [2024-09-01T01:07:30.760+0530] {workday.py:41} WARNING - Could not import pandas. Holidays will not be considered.
[2024-09-01T01:07:30.768+0530] {logging_mixin.py:190} INFO - [2024-09-01T01:07:30.768+0530] {dag.py:3211} INFO - Sync 1 DAGs
[2024-09-01T01:07:30.771+0530] {logging_mixin.py:190} INFO - [2024-09-01T01:07:30.771+0530] {dag.py:4138} INFO - Setting next_dagrun for example_time_delta_sensor_async to None, run_after=None
[2024-09-01T01:07:30.778+0530] {processor.py:208} INFO - Processing /Users/ravipal/Desktop/Workspace/airflow_tutorial/py_env/lib/python3.12/site-packages/airflow/example_dags/example_time_delta_sensor_async.py took 0.055 seconds
[2024-09-01T01:08:35.539+0530] {processor.py:186} INFO - Started process (PID=4418) to work on /Users/ravipal/Desktop/Workspace/airflow_tutorial/py_env/lib/python3.12/site-packages/airflow/example_dags/example_time_delta_sensor_async.py
[2024-09-01T01:08:35.539+0530] {processor.py:914} INFO - Processing file /Users/ravipal/Desktop/Workspace/airflow_tutorial/py_env/lib/python3.12/site-packages/airflow/example_dags/example_time_delta_sensor_async.py for tasks to queue
[2024-09-01T01:08:35.540+0530] {logging_mixin.py:190} INFO - [2024-09-01T01:08:35.540+0530] {dagbag.py:587} INFO - Filling up the DagBag from /Users/ravipal/Desktop/Workspace/airflow_tutorial/py_env/lib/python3.12/site-packages/airflow/example_dags/example_time_delta_sensor_async.py
[2024-09-01T01:08:35.543+0530] {processor.py:925} INFO - DAG(s) 'example_time_delta_sensor_async' retrieved from /Users/ravipal/Desktop/Workspace/airflow_tutorial/py_env/lib/python3.12/site-packages/airflow/example_dags/example_time_delta_sensor_async.py
[2024-09-01T01:08:35.575+0530] {logging_mixin.py:190} INFO - [2024-09-01T01:08:35.575+0530] {workday.py:41} WARNING - Could not import pandas. Holidays will not be considered.
[2024-09-01T01:08:35.582+0530] {logging_mixin.py:190} INFO - [2024-09-01T01:08:35.582+0530] {dag.py:3211} INFO - Sync 1 DAGs
[2024-09-01T01:08:35.586+0530] {logging_mixin.py:190} INFO - [2024-09-01T01:08:35.585+0530] {dag.py:4138} INFO - Setting next_dagrun for example_time_delta_sensor_async to None, run_after=None
[2024-09-01T01:08:35.592+0530] {processor.py:208} INFO - Processing /Users/ravipal/Desktop/Workspace/airflow_tutorial/py_env/lib/python3.12/site-packages/airflow/example_dags/example_time_delta_sensor_async.py took 0.055 seconds
[2024-09-01T01:09:41.383+0530] {processor.py:186} INFO - Started process (PID=4483) to work on /Users/ravipal/Desktop/Workspace/airflow_tutorial/py_env/lib/python3.12/site-packages/airflow/example_dags/example_time_delta_sensor_async.py
[2024-09-01T01:09:41.383+0530] {processor.py:914} INFO - Processing file /Users/ravipal/Desktop/Workspace/airflow_tutorial/py_env/lib/python3.12/site-packages/airflow/example_dags/example_time_delta_sensor_async.py for tasks to queue
[2024-09-01T01:09:41.384+0530] {logging_mixin.py:190} INFO - [2024-09-01T01:09:41.384+0530] {dagbag.py:587} INFO - Filling up the DagBag from /Users/ravipal/Desktop/Workspace/airflow_tutorial/py_env/lib/python3.12/site-packages/airflow/example_dags/example_time_delta_sensor_async.py
[2024-09-01T01:09:41.387+0530] {processor.py:925} INFO - DAG(s) 'example_time_delta_sensor_async' retrieved from /Users/ravipal/Desktop/Workspace/airflow_tutorial/py_env/lib/python3.12/site-packages/airflow/example_dags/example_time_delta_sensor_async.py
[2024-09-01T01:09:41.420+0530] {logging_mixin.py:190} INFO - [2024-09-01T01:09:41.419+0530] {workday.py:41} WARNING - Could not import pandas. Holidays will not be considered.
[2024-09-01T01:09:41.427+0530] {logging_mixin.py:190} INFO - [2024-09-01T01:09:41.426+0530] {dag.py:3211} INFO - Sync 1 DAGs
[2024-09-01T01:09:41.430+0530] {logging_mixin.py:190} INFO - [2024-09-01T01:09:41.430+0530] {dag.py:4138} INFO - Setting next_dagrun for example_time_delta_sensor_async to None, run_after=None
[2024-09-01T01:09:41.437+0530] {processor.py:208} INFO - Processing /Users/ravipal/Desktop/Workspace/airflow_tutorial/py_env/lib/python3.12/site-packages/airflow/example_dags/example_time_delta_sensor_async.py took 0.056 seconds
[2024-09-01T01:10:42.592+0530] {processor.py:186} INFO - Started process (PID=4545) to work on /Users/ravipal/Desktop/Workspace/airflow_tutorial/py_env/lib/python3.12/site-packages/airflow/example_dags/example_time_delta_sensor_async.py
[2024-09-01T01:10:42.593+0530] {processor.py:914} INFO - Processing file /Users/ravipal/Desktop/Workspace/airflow_tutorial/py_env/lib/python3.12/site-packages/airflow/example_dags/example_time_delta_sensor_async.py for tasks to queue
[2024-09-01T01:10:42.593+0530] {logging_mixin.py:190} INFO - [2024-09-01T01:10:42.593+0530] {dagbag.py:587} INFO - Filling up the DagBag from /Users/ravipal/Desktop/Workspace/airflow_tutorial/py_env/lib/python3.12/site-packages/airflow/example_dags/example_time_delta_sensor_async.py
[2024-09-01T01:10:42.596+0530] {processor.py:925} INFO - DAG(s) 'example_time_delta_sensor_async' retrieved from /Users/ravipal/Desktop/Workspace/airflow_tutorial/py_env/lib/python3.12/site-packages/airflow/example_dags/example_time_delta_sensor_async.py
[2024-09-01T01:10:42.628+0530] {logging_mixin.py:190} INFO - [2024-09-01T01:10:42.628+0530] {workday.py:41} WARNING - Could not import pandas. Holidays will not be considered.
[2024-09-01T01:10:42.635+0530] {logging_mixin.py:190} INFO - [2024-09-01T01:10:42.635+0530] {dag.py:3211} INFO - Sync 1 DAGs
[2024-09-01T01:10:42.639+0530] {logging_mixin.py:190} INFO - [2024-09-01T01:10:42.639+0530] {dag.py:4138} INFO - Setting next_dagrun for example_time_delta_sensor_async to None, run_after=None
[2024-09-01T01:10:42.645+0530] {processor.py:208} INFO - Processing /Users/ravipal/Desktop/Workspace/airflow_tutorial/py_env/lib/python3.12/site-packages/airflow/example_dags/example_time_delta_sensor_async.py took 0.055 seconds
[2024-09-01T01:11:45.135+0530] {processor.py:186} INFO - Started process (PID=4609) to work on /Users/ravipal/Desktop/Workspace/airflow_tutorial/py_env/lib/python3.12/site-packages/airflow/example_dags/example_time_delta_sensor_async.py
[2024-09-01T01:11:45.135+0530] {processor.py:914} INFO - Processing file /Users/ravipal/Desktop/Workspace/airflow_tutorial/py_env/lib/python3.12/site-packages/airflow/example_dags/example_time_delta_sensor_async.py for tasks to queue
[2024-09-01T01:11:45.135+0530] {logging_mixin.py:190} INFO - [2024-09-01T01:11:45.135+0530] {dagbag.py:587} INFO - Filling up the DagBag from /Users/ravipal/Desktop/Workspace/airflow_tutorial/py_env/lib/python3.12/site-packages/airflow/example_dags/example_time_delta_sensor_async.py
[2024-09-01T01:11:45.139+0530] {processor.py:925} INFO - DAG(s) 'example_time_delta_sensor_async' retrieved from /Users/ravipal/Desktop/Workspace/airflow_tutorial/py_env/lib/python3.12/site-packages/airflow/example_dags/example_time_delta_sensor_async.py
[2024-09-01T01:11:45.171+0530] {logging_mixin.py:190} INFO - [2024-09-01T01:11:45.171+0530] {workday.py:41} WARNING - Could not import pandas. Holidays will not be considered.
[2024-09-01T01:11:45.178+0530] {logging_mixin.py:190} INFO - [2024-09-01T01:11:45.178+0530] {dag.py:3211} INFO - Sync 1 DAGs
[2024-09-01T01:11:45.182+0530] {logging_mixin.py:190} INFO - [2024-09-01T01:11:45.182+0530] {dag.py:4138} INFO - Setting next_dagrun for example_time_delta_sensor_async to None, run_after=None
[2024-09-01T01:11:45.188+0530] {processor.py:208} INFO - Processing /Users/ravipal/Desktop/Workspace/airflow_tutorial/py_env/lib/python3.12/site-packages/airflow/example_dags/example_time_delta_sensor_async.py took 0.056 seconds
[2024-09-01T01:12:48.427+0530] {processor.py:186} INFO - Started process (PID=4675) to work on /Users/ravipal/Desktop/Workspace/airflow_tutorial/py_env/lib/python3.12/site-packages/airflow/example_dags/example_time_delta_sensor_async.py
[2024-09-01T01:12:48.428+0530] {processor.py:914} INFO - Processing file /Users/ravipal/Desktop/Workspace/airflow_tutorial/py_env/lib/python3.12/site-packages/airflow/example_dags/example_time_delta_sensor_async.py for tasks to queue
[2024-09-01T01:12:48.428+0530] {logging_mixin.py:190} INFO - [2024-09-01T01:12:48.428+0530] {dagbag.py:587} INFO - Filling up the DagBag from /Users/ravipal/Desktop/Workspace/airflow_tutorial/py_env/lib/python3.12/site-packages/airflow/example_dags/example_time_delta_sensor_async.py
[2024-09-01T01:12:48.431+0530] {processor.py:925} INFO - DAG(s) 'example_time_delta_sensor_async' retrieved from /Users/ravipal/Desktop/Workspace/airflow_tutorial/py_env/lib/python3.12/site-packages/airflow/example_dags/example_time_delta_sensor_async.py
[2024-09-01T01:12:48.464+0530] {logging_mixin.py:190} INFO - [2024-09-01T01:12:48.464+0530] {workday.py:41} WARNING - Could not import pandas. Holidays will not be considered.
[2024-09-01T01:12:48.471+0530] {logging_mixin.py:190} INFO - [2024-09-01T01:12:48.471+0530] {dag.py:3211} INFO - Sync 1 DAGs
[2024-09-01T01:12:48.474+0530] {logging_mixin.py:190} INFO - [2024-09-01T01:12:48.474+0530] {dag.py:4138} INFO - Setting next_dagrun for example_time_delta_sensor_async to None, run_after=None
[2024-09-01T01:12:48.481+0530] {processor.py:208} INFO - Processing /Users/ravipal/Desktop/Workspace/airflow_tutorial/py_env/lib/python3.12/site-packages/airflow/example_dags/example_time_delta_sensor_async.py took 0.056 seconds
[2024-09-01T01:13:52.874+0530] {processor.py:186} INFO - Started process (PID=4736) to work on /Users/ravipal/Desktop/Workspace/airflow_tutorial/py_env/lib/python3.12/site-packages/airflow/example_dags/example_time_delta_sensor_async.py
[2024-09-01T01:13:52.874+0530] {processor.py:914} INFO - Processing file /Users/ravipal/Desktop/Workspace/airflow_tutorial/py_env/lib/python3.12/site-packages/airflow/example_dags/example_time_delta_sensor_async.py for tasks to queue
[2024-09-01T01:13:52.875+0530] {logging_mixin.py:190} INFO - [2024-09-01T01:13:52.875+0530] {dagbag.py:587} INFO - Filling up the DagBag from /Users/ravipal/Desktop/Workspace/airflow_tutorial/py_env/lib/python3.12/site-packages/airflow/example_dags/example_time_delta_sensor_async.py
[2024-09-01T01:13:52.878+0530] {processor.py:925} INFO - DAG(s) 'example_time_delta_sensor_async' retrieved from /Users/ravipal/Desktop/Workspace/airflow_tutorial/py_env/lib/python3.12/site-packages/airflow/example_dags/example_time_delta_sensor_async.py
[2024-09-01T01:13:52.911+0530] {logging_mixin.py:190} INFO - [2024-09-01T01:13:52.911+0530] {workday.py:41} WARNING - Could not import pandas. Holidays will not be considered.
[2024-09-01T01:13:52.918+0530] {logging_mixin.py:190} INFO - [2024-09-01T01:13:52.918+0530] {dag.py:3211} INFO - Sync 1 DAGs
[2024-09-01T01:13:52.922+0530] {logging_mixin.py:190} INFO - [2024-09-01T01:13:52.922+0530] {dag.py:4138} INFO - Setting next_dagrun for example_time_delta_sensor_async to None, run_after=None
[2024-09-01T01:13:52.928+0530] {processor.py:208} INFO - Processing /Users/ravipal/Desktop/Workspace/airflow_tutorial/py_env/lib/python3.12/site-packages/airflow/example_dags/example_time_delta_sensor_async.py took 0.056 seconds
[2024-09-01T01:14:58.953+0530] {processor.py:186} INFO - Started process (PID=4805) to work on /Users/ravipal/Desktop/Workspace/airflow_tutorial/py_env/lib/python3.12/site-packages/airflow/example_dags/example_time_delta_sensor_async.py
[2024-09-01T01:14:58.954+0530] {processor.py:914} INFO - Processing file /Users/ravipal/Desktop/Workspace/airflow_tutorial/py_env/lib/python3.12/site-packages/airflow/example_dags/example_time_delta_sensor_async.py for tasks to queue
[2024-09-01T01:14:58.954+0530] {logging_mixin.py:190} INFO - [2024-09-01T01:14:58.954+0530] {dagbag.py:587} INFO - Filling up the DagBag from /Users/ravipal/Desktop/Workspace/airflow_tutorial/py_env/lib/python3.12/site-packages/airflow/example_dags/example_time_delta_sensor_async.py
[2024-09-01T01:14:58.957+0530] {processor.py:925} INFO - DAG(s) 'example_time_delta_sensor_async' retrieved from /Users/ravipal/Desktop/Workspace/airflow_tutorial/py_env/lib/python3.12/site-packages/airflow/example_dags/example_time_delta_sensor_async.py
[2024-09-01T01:14:58.990+0530] {logging_mixin.py:190} INFO - [2024-09-01T01:14:58.990+0530] {workday.py:41} WARNING - Could not import pandas. Holidays will not be considered.
[2024-09-01T01:14:58.998+0530] {logging_mixin.py:190} INFO - [2024-09-01T01:14:58.997+0530] {dag.py:3211} INFO - Sync 1 DAGs
[2024-09-01T01:14:59.001+0530] {logging_mixin.py:190} INFO - [2024-09-01T01:14:59.001+0530] {dag.py:4138} INFO - Setting next_dagrun for example_time_delta_sensor_async to None, run_after=None
[2024-09-01T01:14:59.008+0530] {processor.py:208} INFO - Processing /Users/ravipal/Desktop/Workspace/airflow_tutorial/py_env/lib/python3.12/site-packages/airflow/example_dags/example_time_delta_sensor_async.py took 0.056 seconds
[2024-09-01T01:16:05.514+0530] {processor.py:186} INFO - Started process (PID=4870) to work on /Users/ravipal/Desktop/Workspace/airflow_tutorial/py_env/lib/python3.12/site-packages/airflow/example_dags/example_time_delta_sensor_async.py
[2024-09-01T01:16:05.514+0530] {processor.py:914} INFO - Processing file /Users/ravipal/Desktop/Workspace/airflow_tutorial/py_env/lib/python3.12/site-packages/airflow/example_dags/example_time_delta_sensor_async.py for tasks to queue
[2024-09-01T01:16:05.514+0530] {logging_mixin.py:190} INFO - [2024-09-01T01:16:05.514+0530] {dagbag.py:587} INFO - Filling up the DagBag from /Users/ravipal/Desktop/Workspace/airflow_tutorial/py_env/lib/python3.12/site-packages/airflow/example_dags/example_time_delta_sensor_async.py
[2024-09-01T01:16:05.518+0530] {processor.py:925} INFO - DAG(s) 'example_time_delta_sensor_async' retrieved from /Users/ravipal/Desktop/Workspace/airflow_tutorial/py_env/lib/python3.12/site-packages/airflow/example_dags/example_time_delta_sensor_async.py
[2024-09-01T01:16:05.549+0530] {logging_mixin.py:190} INFO - [2024-09-01T01:16:05.549+0530] {workday.py:41} WARNING - Could not import pandas. Holidays will not be considered.
[2024-09-01T01:16:05.557+0530] {logging_mixin.py:190} INFO - [2024-09-01T01:16:05.557+0530] {dag.py:3211} INFO - Sync 1 DAGs
[2024-09-01T01:16:05.560+0530] {logging_mixin.py:190} INFO - [2024-09-01T01:16:05.560+0530] {dag.py:4138} INFO - Setting next_dagrun for example_time_delta_sensor_async to None, run_after=None
[2024-09-01T01:16:05.567+0530] {processor.py:208} INFO - Processing /Users/ravipal/Desktop/Workspace/airflow_tutorial/py_env/lib/python3.12/site-packages/airflow/example_dags/example_time_delta_sensor_async.py took 0.055 seconds
[2024-09-01T01:17:10.138+0530] {processor.py:186} INFO - Started process (PID=4935) to work on /Users/ravipal/Desktop/Workspace/airflow_tutorial/py_env/lib/python3.12/site-packages/airflow/example_dags/example_time_delta_sensor_async.py
[2024-09-01T01:17:10.138+0530] {processor.py:914} INFO - Processing file /Users/ravipal/Desktop/Workspace/airflow_tutorial/py_env/lib/python3.12/site-packages/airflow/example_dags/example_time_delta_sensor_async.py for tasks to queue
[2024-09-01T01:17:10.138+0530] {logging_mixin.py:190} INFO - [2024-09-01T01:17:10.138+0530] {dagbag.py:587} INFO - Filling up the DagBag from /Users/ravipal/Desktop/Workspace/airflow_tutorial/py_env/lib/python3.12/site-packages/airflow/example_dags/example_time_delta_sensor_async.py
[2024-09-01T01:17:10.142+0530] {processor.py:925} INFO - DAG(s) 'example_time_delta_sensor_async' retrieved from /Users/ravipal/Desktop/Workspace/airflow_tutorial/py_env/lib/python3.12/site-packages/airflow/example_dags/example_time_delta_sensor_async.py
[2024-09-01T01:17:10.174+0530] {logging_mixin.py:190} INFO - [2024-09-01T01:17:10.174+0530] {workday.py:41} WARNING - Could not import pandas. Holidays will not be considered.
[2024-09-01T01:17:10.181+0530] {logging_mixin.py:190} INFO - [2024-09-01T01:17:10.181+0530] {dag.py:3211} INFO - Sync 1 DAGs
[2024-09-01T01:17:10.184+0530] {logging_mixin.py:190} INFO - [2024-09-01T01:17:10.184+0530] {dag.py:4138} INFO - Setting next_dagrun for example_time_delta_sensor_async to None, run_after=None
[2024-09-01T01:17:10.191+0530] {processor.py:208} INFO - Processing /Users/ravipal/Desktop/Workspace/airflow_tutorial/py_env/lib/python3.12/site-packages/airflow/example_dags/example_time_delta_sensor_async.py took 0.056 seconds
[2024-09-01T01:18:14.794+0530] {processor.py:186} INFO - Started process (PID=5001) to work on /Users/ravipal/Desktop/Workspace/airflow_tutorial/py_env/lib/python3.12/site-packages/airflow/example_dags/example_time_delta_sensor_async.py
[2024-09-01T01:18:14.795+0530] {processor.py:914} INFO - Processing file /Users/ravipal/Desktop/Workspace/airflow_tutorial/py_env/lib/python3.12/site-packages/airflow/example_dags/example_time_delta_sensor_async.py for tasks to queue
[2024-09-01T01:18:14.795+0530] {logging_mixin.py:190} INFO - [2024-09-01T01:18:14.795+0530] {dagbag.py:587} INFO - Filling up the DagBag from /Users/ravipal/Desktop/Workspace/airflow_tutorial/py_env/lib/python3.12/site-packages/airflow/example_dags/example_time_delta_sensor_async.py
[2024-09-01T01:18:14.799+0530] {processor.py:925} INFO - DAG(s) 'example_time_delta_sensor_async' retrieved from /Users/ravipal/Desktop/Workspace/airflow_tutorial/py_env/lib/python3.12/site-packages/airflow/example_dags/example_time_delta_sensor_async.py
[2024-09-01T01:18:14.831+0530] {logging_mixin.py:190} INFO - [2024-09-01T01:18:14.831+0530] {workday.py:41} WARNING - Could not import pandas. Holidays will not be considered.
[2024-09-01T01:18:14.838+0530] {logging_mixin.py:190} INFO - [2024-09-01T01:18:14.838+0530] {dag.py:3211} INFO - Sync 1 DAGs
[2024-09-01T01:18:14.842+0530] {logging_mixin.py:190} INFO - [2024-09-01T01:18:14.842+0530] {dag.py:4138} INFO - Setting next_dagrun for example_time_delta_sensor_async to None, run_after=None
[2024-09-01T01:18:14.848+0530] {processor.py:208} INFO - Processing /Users/ravipal/Desktop/Workspace/airflow_tutorial/py_env/lib/python3.12/site-packages/airflow/example_dags/example_time_delta_sensor_async.py took 0.056 seconds
