[2024-09-01T00:23:11.311+0530] {processor.py:186} INFO - Started process (PID=1436) to work on /Users/ravipal/Desktop/Workspace/airflow_tutorial/py_env/lib/python3.12/site-packages/airflow/example_dags/example_skip_dag.py
[2024-09-01T00:23:11.311+0530] {processor.py:914} INFO - Processing file /Users/ravipal/Desktop/Workspace/airflow_tutorial/py_env/lib/python3.12/site-packages/airflow/example_dags/example_skip_dag.py for tasks to queue
[2024-09-01T00:23:11.312+0530] {logging_mixin.py:190} INFO - [2024-09-01T00:23:11.312+0530] {dagbag.py:587} INFO - Filling up the DagBag from /Users/ravipal/Desktop/Workspace/airflow_tutorial/py_env/lib/python3.12/site-packages/airflow/example_dags/example_skip_dag.py
[2024-09-01T00:23:11.315+0530] {processor.py:925} INFO - DAG(s) 'example_skip_dag' retrieved from /Users/ravipal/Desktop/Workspace/airflow_tutorial/py_env/lib/python3.12/site-packages/airflow/example_dags/example_skip_dag.py
[2024-09-01T00:23:11.393+0530] {logging_mixin.py:190} INFO - [2024-09-01T00:23:11.393+0530] {override.py:1858} INFO - Created Permission View: can delete on DAG:example_skip_dag
[2024-09-01T00:23:11.396+0530] {logging_mixin.py:190} INFO - [2024-09-01T00:23:11.396+0530] {override.py:1858} INFO - Created Permission View: can edit on DAG:example_skip_dag
[2024-09-01T00:23:11.398+0530] {logging_mixin.py:190} INFO - [2024-09-01T00:23:11.398+0530] {override.py:1858} INFO - Created Permission View: can read on DAG:example_skip_dag
[2024-09-01T00:23:11.399+0530] {logging_mixin.py:190} INFO - [2024-09-01T00:23:11.399+0530] {dag.py:3211} INFO - Sync 1 DAGs
[2024-09-01T00:23:11.403+0530] {logging_mixin.py:190} INFO - [2024-09-01T00:23:11.403+0530] {dag.py:3234} INFO - Creating ORM DAG for example_skip_dag
[2024-09-01T00:23:11.407+0530] {logging_mixin.py:190} INFO - [2024-09-01T00:23:11.407+0530] {dag.py:4138} INFO - Setting next_dagrun for example_skip_dag to 2024-08-30 00:00:00+00:00, run_after=2024-08-31 00:00:00+00:00
[2024-09-01T00:23:11.442+0530] {processor.py:208} INFO - Processing /Users/ravipal/Desktop/Workspace/airflow_tutorial/py_env/lib/python3.12/site-packages/airflow/example_dags/example_skip_dag.py took 0.133 seconds
[2024-09-01T00:24:52.394+0530] {processor.py:186} INFO - Started process (PID=1538) to work on /Users/ravipal/Desktop/Workspace/airflow_tutorial/py_env/lib/python3.12/site-packages/airflow/example_dags/example_skip_dag.py
[2024-09-01T00:24:52.394+0530] {processor.py:914} INFO - Processing file /Users/ravipal/Desktop/Workspace/airflow_tutorial/py_env/lib/python3.12/site-packages/airflow/example_dags/example_skip_dag.py for tasks to queue
[2024-09-01T00:24:52.395+0530] {logging_mixin.py:190} INFO - [2024-09-01T00:24:52.394+0530] {dagbag.py:587} INFO - Filling up the DagBag from /Users/ravipal/Desktop/Workspace/airflow_tutorial/py_env/lib/python3.12/site-packages/airflow/example_dags/example_skip_dag.py
[2024-09-01T00:24:52.398+0530] {processor.py:925} INFO - DAG(s) 'example_skip_dag' retrieved from /Users/ravipal/Desktop/Workspace/airflow_tutorial/py_env/lib/python3.12/site-packages/airflow/example_dags/example_skip_dag.py
[2024-09-01T00:24:52.432+0530] {logging_mixin.py:190} INFO - [2024-09-01T00:24:52.432+0530] {dag.py:3211} INFO - Sync 1 DAGs
[2024-09-01T00:24:52.438+0530] {logging_mixin.py:190} INFO - [2024-09-01T00:24:52.438+0530] {dag.py:4138} INFO - Setting next_dagrun for example_skip_dag to 2024-08-30 00:00:00+00:00, run_after=2024-08-31 00:00:00+00:00
[2024-09-01T00:24:52.444+0530] {processor.py:208} INFO - Processing /Users/ravipal/Desktop/Workspace/airflow_tutorial/py_env/lib/python3.12/site-packages/airflow/example_dags/example_skip_dag.py took 0.052 seconds
[2024-09-01T00:25:58.324+0530] {processor.py:186} INFO - Started process (PID=1605) to work on /Users/ravipal/Desktop/Workspace/airflow_tutorial/py_env/lib/python3.12/site-packages/airflow/example_dags/example_skip_dag.py
[2024-09-01T00:25:58.325+0530] {processor.py:914} INFO - Processing file /Users/ravipal/Desktop/Workspace/airflow_tutorial/py_env/lib/python3.12/site-packages/airflow/example_dags/example_skip_dag.py for tasks to queue
[2024-09-01T00:25:58.325+0530] {logging_mixin.py:190} INFO - [2024-09-01T00:25:58.325+0530] {dagbag.py:587} INFO - Filling up the DagBag from /Users/ravipal/Desktop/Workspace/airflow_tutorial/py_env/lib/python3.12/site-packages/airflow/example_dags/example_skip_dag.py
[2024-09-01T00:25:58.328+0530] {processor.py:925} INFO - DAG(s) 'example_skip_dag' retrieved from /Users/ravipal/Desktop/Workspace/airflow_tutorial/py_env/lib/python3.12/site-packages/airflow/example_dags/example_skip_dag.py
[2024-09-01T00:25:58.364+0530] {logging_mixin.py:190} INFO - [2024-09-01T00:25:58.364+0530] {dag.py:3211} INFO - Sync 1 DAGs
[2024-09-01T00:25:58.370+0530] {logging_mixin.py:190} INFO - [2024-09-01T00:25:58.370+0530] {dag.py:4138} INFO - Setting next_dagrun for example_skip_dag to 2024-08-30 00:00:00+00:00, run_after=2024-08-31 00:00:00+00:00
[2024-09-01T00:25:58.377+0530] {processor.py:208} INFO - Processing /Users/ravipal/Desktop/Workspace/airflow_tutorial/py_env/lib/python3.12/site-packages/airflow/example_dags/example_skip_dag.py took 0.054 seconds
[2024-09-01T00:27:05.079+0530] {processor.py:186} INFO - Started process (PID=1692) to work on /Users/ravipal/Desktop/Workspace/airflow_tutorial/py_env/lib/python3.12/site-packages/airflow/example_dags/example_skip_dag.py
[2024-09-01T00:27:05.080+0530] {processor.py:914} INFO - Processing file /Users/ravipal/Desktop/Workspace/airflow_tutorial/py_env/lib/python3.12/site-packages/airflow/example_dags/example_skip_dag.py for tasks to queue
[2024-09-01T00:27:05.080+0530] {logging_mixin.py:190} INFO - [2024-09-01T00:27:05.080+0530] {dagbag.py:587} INFO - Filling up the DagBag from /Users/ravipal/Desktop/Workspace/airflow_tutorial/py_env/lib/python3.12/site-packages/airflow/example_dags/example_skip_dag.py
[2024-09-01T00:27:05.084+0530] {processor.py:925} INFO - DAG(s) 'example_skip_dag' retrieved from /Users/ravipal/Desktop/Workspace/airflow_tutorial/py_env/lib/python3.12/site-packages/airflow/example_dags/example_skip_dag.py
[2024-09-01T00:27:05.126+0530] {logging_mixin.py:190} INFO - [2024-09-01T00:27:05.126+0530] {dag.py:3211} INFO - Sync 1 DAGs
[2024-09-01T00:27:05.133+0530] {logging_mixin.py:190} INFO - [2024-09-01T00:27:05.133+0530] {dag.py:4138} INFO - Setting next_dagrun for example_skip_dag to 2024-08-30 00:00:00+00:00, run_after=2024-08-31 00:00:00+00:00
[2024-09-01T00:27:05.141+0530] {processor.py:208} INFO - Processing /Users/ravipal/Desktop/Workspace/airflow_tutorial/py_env/lib/python3.12/site-packages/airflow/example_dags/example_skip_dag.py took 0.064 seconds
[2024-09-01T00:28:17.731+0530] {processor.py:186} INFO - Started process (PID=1934) to work on /Users/ravipal/Desktop/Workspace/airflow_tutorial/py_env/lib/python3.12/site-packages/airflow/example_dags/example_skip_dag.py
[2024-09-01T00:28:17.732+0530] {processor.py:914} INFO - Processing file /Users/ravipal/Desktop/Workspace/airflow_tutorial/py_env/lib/python3.12/site-packages/airflow/example_dags/example_skip_dag.py for tasks to queue
[2024-09-01T00:28:17.732+0530] {logging_mixin.py:190} INFO - [2024-09-01T00:28:17.732+0530] {dagbag.py:587} INFO - Filling up the DagBag from /Users/ravipal/Desktop/Workspace/airflow_tutorial/py_env/lib/python3.12/site-packages/airflow/example_dags/example_skip_dag.py
[2024-09-01T00:28:17.735+0530] {processor.py:925} INFO - DAG(s) 'example_skip_dag' retrieved from /Users/ravipal/Desktop/Workspace/airflow_tutorial/py_env/lib/python3.12/site-packages/airflow/example_dags/example_skip_dag.py
[2024-09-01T00:28:17.771+0530] {logging_mixin.py:190} INFO - [2024-09-01T00:28:17.771+0530] {dag.py:3211} INFO - Sync 1 DAGs
[2024-09-01T00:28:17.778+0530] {logging_mixin.py:190} INFO - [2024-09-01T00:28:17.778+0530] {dag.py:4138} INFO - Setting next_dagrun for example_skip_dag to 2024-08-30 00:00:00+00:00, run_after=2024-08-31 00:00:00+00:00
[2024-09-01T00:28:17.787+0530] {processor.py:208} INFO - Processing /Users/ravipal/Desktop/Workspace/airflow_tutorial/py_env/lib/python3.12/site-packages/airflow/example_dags/example_skip_dag.py took 0.057 seconds
[2024-09-01T00:29:23.830+0530] {processor.py:186} INFO - Started process (PID=2002) to work on /Users/ravipal/Desktop/Workspace/airflow_tutorial/py_env/lib/python3.12/site-packages/airflow/example_dags/example_skip_dag.py
[2024-09-01T00:29:23.830+0530] {processor.py:914} INFO - Processing file /Users/ravipal/Desktop/Workspace/airflow_tutorial/py_env/lib/python3.12/site-packages/airflow/example_dags/example_skip_dag.py for tasks to queue
[2024-09-01T00:29:23.831+0530] {logging_mixin.py:190} INFO - [2024-09-01T00:29:23.830+0530] {dagbag.py:587} INFO - Filling up the DagBag from /Users/ravipal/Desktop/Workspace/airflow_tutorial/py_env/lib/python3.12/site-packages/airflow/example_dags/example_skip_dag.py
[2024-09-01T00:29:23.833+0530] {processor.py:925} INFO - DAG(s) 'example_skip_dag' retrieved from /Users/ravipal/Desktop/Workspace/airflow_tutorial/py_env/lib/python3.12/site-packages/airflow/example_dags/example_skip_dag.py
[2024-09-01T00:29:23.867+0530] {logging_mixin.py:190} INFO - [2024-09-01T00:29:23.867+0530] {dag.py:3211} INFO - Sync 1 DAGs
[2024-09-01T00:29:23.873+0530] {logging_mixin.py:190} INFO - [2024-09-01T00:29:23.873+0530] {dag.py:4138} INFO - Setting next_dagrun for example_skip_dag to 2024-08-30 00:00:00+00:00, run_after=2024-08-31 00:00:00+00:00
[2024-09-01T00:29:23.879+0530] {processor.py:208} INFO - Processing /Users/ravipal/Desktop/Workspace/airflow_tutorial/py_env/lib/python3.12/site-packages/airflow/example_dags/example_skip_dag.py took 0.051 seconds
[2024-09-01T00:31:34.131+0530] {processor.py:186} INFO - Started process (PID=2136) to work on /Users/ravipal/Desktop/Workspace/airflow_tutorial/py_env/lib/python3.12/site-packages/airflow/example_dags/example_skip_dag.py
[2024-09-01T00:31:34.131+0530] {processor.py:914} INFO - Processing file /Users/ravipal/Desktop/Workspace/airflow_tutorial/py_env/lib/python3.12/site-packages/airflow/example_dags/example_skip_dag.py for tasks to queue
[2024-09-01T00:31:34.132+0530] {logging_mixin.py:190} INFO - [2024-09-01T00:31:34.132+0530] {dagbag.py:587} INFO - Filling up the DagBag from /Users/ravipal/Desktop/Workspace/airflow_tutorial/py_env/lib/python3.12/site-packages/airflow/example_dags/example_skip_dag.py
[2024-09-01T00:31:34.135+0530] {processor.py:925} INFO - DAG(s) 'example_skip_dag' retrieved from /Users/ravipal/Desktop/Workspace/airflow_tutorial/py_env/lib/python3.12/site-packages/airflow/example_dags/example_skip_dag.py
[2024-09-01T00:31:34.168+0530] {logging_mixin.py:190} INFO - [2024-09-01T00:31:34.168+0530] {dag.py:3211} INFO - Sync 1 DAGs
[2024-09-01T00:31:34.175+0530] {logging_mixin.py:190} INFO - [2024-09-01T00:31:34.174+0530] {dag.py:4138} INFO - Setting next_dagrun for example_skip_dag to 2024-08-30 00:00:00+00:00, run_after=2024-08-31 00:00:00+00:00
[2024-09-01T00:31:34.181+0530] {processor.py:208} INFO - Processing /Users/ravipal/Desktop/Workspace/airflow_tutorial/py_env/lib/python3.12/site-packages/airflow/example_dags/example_skip_dag.py took 0.052 seconds
[2024-09-01T00:33:46.746+0530] {processor.py:186} INFO - Started process (PID=2267) to work on /Users/ravipal/Desktop/Workspace/airflow_tutorial/py_env/lib/python3.12/site-packages/airflow/example_dags/example_skip_dag.py
[2024-09-01T00:33:46.747+0530] {processor.py:914} INFO - Processing file /Users/ravipal/Desktop/Workspace/airflow_tutorial/py_env/lib/python3.12/site-packages/airflow/example_dags/example_skip_dag.py for tasks to queue
[2024-09-01T00:33:46.747+0530] {logging_mixin.py:190} INFO - [2024-09-01T00:33:46.747+0530] {dagbag.py:587} INFO - Filling up the DagBag from /Users/ravipal/Desktop/Workspace/airflow_tutorial/py_env/lib/python3.12/site-packages/airflow/example_dags/example_skip_dag.py
[2024-09-01T00:33:46.750+0530] {processor.py:925} INFO - DAG(s) 'example_skip_dag' retrieved from /Users/ravipal/Desktop/Workspace/airflow_tutorial/py_env/lib/python3.12/site-packages/airflow/example_dags/example_skip_dag.py
[2024-09-01T00:33:46.786+0530] {logging_mixin.py:190} INFO - [2024-09-01T00:33:46.785+0530] {dag.py:3211} INFO - Sync 1 DAGs
[2024-09-01T00:33:46.792+0530] {logging_mixin.py:190} INFO - [2024-09-01T00:33:46.792+0530] {dag.py:4138} INFO - Setting next_dagrun for example_skip_dag to 2024-08-30 00:00:00+00:00, run_after=2024-08-31 00:00:00+00:00
[2024-09-01T00:33:46.799+0530] {processor.py:208} INFO - Processing /Users/ravipal/Desktop/Workspace/airflow_tutorial/py_env/lib/python3.12/site-packages/airflow/example_dags/example_skip_dag.py took 0.054 seconds
[2024-09-01T00:34:54.690+0530] {processor.py:186} INFO - Started process (PID=2333) to work on /Users/ravipal/Desktop/Workspace/airflow_tutorial/py_env/lib/python3.12/site-packages/airflow/example_dags/example_skip_dag.py
[2024-09-01T00:34:54.690+0530] {processor.py:914} INFO - Processing file /Users/ravipal/Desktop/Workspace/airflow_tutorial/py_env/lib/python3.12/site-packages/airflow/example_dags/example_skip_dag.py for tasks to queue
[2024-09-01T00:34:54.691+0530] {logging_mixin.py:190} INFO - [2024-09-01T00:34:54.690+0530] {dagbag.py:587} INFO - Filling up the DagBag from /Users/ravipal/Desktop/Workspace/airflow_tutorial/py_env/lib/python3.12/site-packages/airflow/example_dags/example_skip_dag.py
[2024-09-01T00:34:54.694+0530] {processor.py:925} INFO - DAG(s) 'example_skip_dag' retrieved from /Users/ravipal/Desktop/Workspace/airflow_tutorial/py_env/lib/python3.12/site-packages/airflow/example_dags/example_skip_dag.py
[2024-09-01T00:34:54.729+0530] {logging_mixin.py:190} INFO - [2024-09-01T00:34:54.729+0530] {dag.py:3211} INFO - Sync 1 DAGs
[2024-09-01T00:34:54.734+0530] {logging_mixin.py:190} INFO - [2024-09-01T00:34:54.734+0530] {dag.py:4138} INFO - Setting next_dagrun for example_skip_dag to 2024-08-30 00:00:00+00:00, run_after=2024-08-31 00:00:00+00:00
[2024-09-01T00:34:54.741+0530] {processor.py:208} INFO - Processing /Users/ravipal/Desktop/Workspace/airflow_tutorial/py_env/lib/python3.12/site-packages/airflow/example_dags/example_skip_dag.py took 0.053 seconds
[2024-09-01T00:36:02.554+0530] {processor.py:186} INFO - Started process (PID=2403) to work on /Users/ravipal/Desktop/Workspace/airflow_tutorial/py_env/lib/python3.12/site-packages/airflow/example_dags/example_skip_dag.py
[2024-09-01T00:36:02.555+0530] {processor.py:914} INFO - Processing file /Users/ravipal/Desktop/Workspace/airflow_tutorial/py_env/lib/python3.12/site-packages/airflow/example_dags/example_skip_dag.py for tasks to queue
[2024-09-01T00:36:02.555+0530] {logging_mixin.py:190} INFO - [2024-09-01T00:36:02.555+0530] {dagbag.py:587} INFO - Filling up the DagBag from /Users/ravipal/Desktop/Workspace/airflow_tutorial/py_env/lib/python3.12/site-packages/airflow/example_dags/example_skip_dag.py
[2024-09-01T00:36:02.559+0530] {processor.py:925} INFO - DAG(s) 'example_skip_dag' retrieved from /Users/ravipal/Desktop/Workspace/airflow_tutorial/py_env/lib/python3.12/site-packages/airflow/example_dags/example_skip_dag.py
[2024-09-01T00:36:02.598+0530] {logging_mixin.py:190} INFO - [2024-09-01T00:36:02.598+0530] {dag.py:3211} INFO - Sync 1 DAGs
[2024-09-01T00:36:02.604+0530] {logging_mixin.py:190} INFO - [2024-09-01T00:36:02.604+0530] {dag.py:4138} INFO - Setting next_dagrun for example_skip_dag to 2024-08-30 00:00:00+00:00, run_after=2024-08-31 00:00:00+00:00
[2024-09-01T00:36:02.611+0530] {processor.py:208} INFO - Processing /Users/ravipal/Desktop/Workspace/airflow_tutorial/py_env/lib/python3.12/site-packages/airflow/example_dags/example_skip_dag.py took 0.058 seconds
[2024-09-01T00:37:10.435+0530] {processor.py:186} INFO - Started process (PID=2469) to work on /Users/ravipal/Desktop/Workspace/airflow_tutorial/py_env/lib/python3.12/site-packages/airflow/example_dags/example_skip_dag.py
[2024-09-01T00:37:10.435+0530] {processor.py:914} INFO - Processing file /Users/ravipal/Desktop/Workspace/airflow_tutorial/py_env/lib/python3.12/site-packages/airflow/example_dags/example_skip_dag.py for tasks to queue
[2024-09-01T00:37:10.436+0530] {logging_mixin.py:190} INFO - [2024-09-01T00:37:10.436+0530] {dagbag.py:587} INFO - Filling up the DagBag from /Users/ravipal/Desktop/Workspace/airflow_tutorial/py_env/lib/python3.12/site-packages/airflow/example_dags/example_skip_dag.py
[2024-09-01T00:37:10.439+0530] {processor.py:925} INFO - DAG(s) 'example_skip_dag' retrieved from /Users/ravipal/Desktop/Workspace/airflow_tutorial/py_env/lib/python3.12/site-packages/airflow/example_dags/example_skip_dag.py
[2024-09-01T00:37:10.474+0530] {logging_mixin.py:190} INFO - [2024-09-01T00:37:10.474+0530] {dag.py:3211} INFO - Sync 1 DAGs
[2024-09-01T00:37:10.480+0530] {logging_mixin.py:190} INFO - [2024-09-01T00:37:10.480+0530] {dag.py:4138} INFO - Setting next_dagrun for example_skip_dag to 2024-08-30 00:00:00+00:00, run_after=2024-08-31 00:00:00+00:00
[2024-09-01T00:37:10.487+0530] {processor.py:208} INFO - Processing /Users/ravipal/Desktop/Workspace/airflow_tutorial/py_env/lib/python3.12/site-packages/airflow/example_dags/example_skip_dag.py took 0.054 seconds
[2024-09-01T00:38:16.831+0530] {processor.py:186} INFO - Started process (PID=2537) to work on /Users/ravipal/Desktop/Workspace/airflow_tutorial/py_env/lib/python3.12/site-packages/airflow/example_dags/example_skip_dag.py
[2024-09-01T00:38:16.832+0530] {processor.py:914} INFO - Processing file /Users/ravipal/Desktop/Workspace/airflow_tutorial/py_env/lib/python3.12/site-packages/airflow/example_dags/example_skip_dag.py for tasks to queue
[2024-09-01T00:38:16.832+0530] {logging_mixin.py:190} INFO - [2024-09-01T00:38:16.832+0530] {dagbag.py:587} INFO - Filling up the DagBag from /Users/ravipal/Desktop/Workspace/airflow_tutorial/py_env/lib/python3.12/site-packages/airflow/example_dags/example_skip_dag.py
[2024-09-01T00:38:16.835+0530] {processor.py:925} INFO - DAG(s) 'example_skip_dag' retrieved from /Users/ravipal/Desktop/Workspace/airflow_tutorial/py_env/lib/python3.12/site-packages/airflow/example_dags/example_skip_dag.py
[2024-09-01T00:38:16.871+0530] {logging_mixin.py:190} INFO - [2024-09-01T00:38:16.871+0530] {dag.py:3211} INFO - Sync 1 DAGs
[2024-09-01T00:38:16.877+0530] {logging_mixin.py:190} INFO - [2024-09-01T00:38:16.877+0530] {dag.py:4138} INFO - Setting next_dagrun for example_skip_dag to 2024-08-30 00:00:00+00:00, run_after=2024-08-31 00:00:00+00:00
[2024-09-01T00:38:16.883+0530] {processor.py:208} INFO - Processing /Users/ravipal/Desktop/Workspace/airflow_tutorial/py_env/lib/python3.12/site-packages/airflow/example_dags/example_skip_dag.py took 0.054 seconds
[2024-09-01T00:40:21.286+0530] {processor.py:186} INFO - Started process (PID=2664) to work on /Users/ravipal/Desktop/Workspace/airflow_tutorial/py_env/lib/python3.12/site-packages/airflow/example_dags/example_skip_dag.py
[2024-09-01T00:40:21.286+0530] {processor.py:914} INFO - Processing file /Users/ravipal/Desktop/Workspace/airflow_tutorial/py_env/lib/python3.12/site-packages/airflow/example_dags/example_skip_dag.py for tasks to queue
[2024-09-01T00:40:21.287+0530] {logging_mixin.py:190} INFO - [2024-09-01T00:40:21.287+0530] {dagbag.py:587} INFO - Filling up the DagBag from /Users/ravipal/Desktop/Workspace/airflow_tutorial/py_env/lib/python3.12/site-packages/airflow/example_dags/example_skip_dag.py
[2024-09-01T00:40:21.290+0530] {processor.py:925} INFO - DAG(s) 'example_skip_dag' retrieved from /Users/ravipal/Desktop/Workspace/airflow_tutorial/py_env/lib/python3.12/site-packages/airflow/example_dags/example_skip_dag.py
[2024-09-01T00:40:21.328+0530] {logging_mixin.py:190} INFO - [2024-09-01T00:40:21.328+0530] {dag.py:3211} INFO - Sync 1 DAGs
[2024-09-01T00:40:21.335+0530] {logging_mixin.py:190} INFO - [2024-09-01T00:40:21.335+0530] {dag.py:4138} INFO - Setting next_dagrun for example_skip_dag to 2024-08-30 00:00:00+00:00, run_after=2024-08-31 00:00:00+00:00
[2024-09-01T00:40:21.343+0530] {processor.py:208} INFO - Processing /Users/ravipal/Desktop/Workspace/airflow_tutorial/py_env/lib/python3.12/site-packages/airflow/example_dags/example_skip_dag.py took 0.059 seconds
[2024-09-01T00:41:28.294+0530] {processor.py:186} INFO - Started process (PID=2728) to work on /Users/ravipal/Desktop/Workspace/airflow_tutorial/py_env/lib/python3.12/site-packages/airflow/example_dags/example_skip_dag.py
[2024-09-01T00:41:28.295+0530] {processor.py:914} INFO - Processing file /Users/ravipal/Desktop/Workspace/airflow_tutorial/py_env/lib/python3.12/site-packages/airflow/example_dags/example_skip_dag.py for tasks to queue
[2024-09-01T00:41:28.295+0530] {logging_mixin.py:190} INFO - [2024-09-01T00:41:28.295+0530] {dagbag.py:587} INFO - Filling up the DagBag from /Users/ravipal/Desktop/Workspace/airflow_tutorial/py_env/lib/python3.12/site-packages/airflow/example_dags/example_skip_dag.py
[2024-09-01T00:41:28.298+0530] {processor.py:925} INFO - DAG(s) 'example_skip_dag' retrieved from /Users/ravipal/Desktop/Workspace/airflow_tutorial/py_env/lib/python3.12/site-packages/airflow/example_dags/example_skip_dag.py
[2024-09-01T00:41:28.335+0530] {logging_mixin.py:190} INFO - [2024-09-01T00:41:28.335+0530] {dag.py:3211} INFO - Sync 1 DAGs
[2024-09-01T00:41:28.341+0530] {logging_mixin.py:190} INFO - [2024-09-01T00:41:28.340+0530] {dag.py:4138} INFO - Setting next_dagrun for example_skip_dag to 2024-08-30 00:00:00+00:00, run_after=2024-08-31 00:00:00+00:00
[2024-09-01T00:41:28.347+0530] {processor.py:208} INFO - Processing /Users/ravipal/Desktop/Workspace/airflow_tutorial/py_env/lib/python3.12/site-packages/airflow/example_dags/example_skip_dag.py took 0.055 seconds
[2024-09-01T00:42:34.880+0530] {processor.py:186} INFO - Started process (PID=2794) to work on /Users/ravipal/Desktop/Workspace/airflow_tutorial/py_env/lib/python3.12/site-packages/airflow/example_dags/example_skip_dag.py
[2024-09-01T00:42:34.880+0530] {processor.py:914} INFO - Processing file /Users/ravipal/Desktop/Workspace/airflow_tutorial/py_env/lib/python3.12/site-packages/airflow/example_dags/example_skip_dag.py for tasks to queue
[2024-09-01T00:42:34.880+0530] {logging_mixin.py:190} INFO - [2024-09-01T00:42:34.880+0530] {dagbag.py:587} INFO - Filling up the DagBag from /Users/ravipal/Desktop/Workspace/airflow_tutorial/py_env/lib/python3.12/site-packages/airflow/example_dags/example_skip_dag.py
[2024-09-01T00:42:34.884+0530] {processor.py:925} INFO - DAG(s) 'example_skip_dag' retrieved from /Users/ravipal/Desktop/Workspace/airflow_tutorial/py_env/lib/python3.12/site-packages/airflow/example_dags/example_skip_dag.py
[2024-09-01T00:42:34.919+0530] {logging_mixin.py:190} INFO - [2024-09-01T00:42:34.919+0530] {dag.py:3211} INFO - Sync 1 DAGs
[2024-09-01T00:42:34.925+0530] {logging_mixin.py:190} INFO - [2024-09-01T00:42:34.925+0530] {dag.py:4138} INFO - Setting next_dagrun for example_skip_dag to 2024-08-30 00:00:00+00:00, run_after=2024-08-31 00:00:00+00:00
[2024-09-01T00:42:34.932+0530] {processor.py:208} INFO - Processing /Users/ravipal/Desktop/Workspace/airflow_tutorial/py_env/lib/python3.12/site-packages/airflow/example_dags/example_skip_dag.py took 0.054 seconds
[2024-09-01T00:43:41.655+0530] {processor.py:186} INFO - Started process (PID=2860) to work on /Users/ravipal/Desktop/Workspace/airflow_tutorial/py_env/lib/python3.12/site-packages/airflow/example_dags/example_skip_dag.py
[2024-09-01T00:43:41.655+0530] {processor.py:914} INFO - Processing file /Users/ravipal/Desktop/Workspace/airflow_tutorial/py_env/lib/python3.12/site-packages/airflow/example_dags/example_skip_dag.py for tasks to queue
[2024-09-01T00:43:41.656+0530] {logging_mixin.py:190} INFO - [2024-09-01T00:43:41.656+0530] {dagbag.py:587} INFO - Filling up the DagBag from /Users/ravipal/Desktop/Workspace/airflow_tutorial/py_env/lib/python3.12/site-packages/airflow/example_dags/example_skip_dag.py
[2024-09-01T00:43:41.659+0530] {processor.py:925} INFO - DAG(s) 'example_skip_dag' retrieved from /Users/ravipal/Desktop/Workspace/airflow_tutorial/py_env/lib/python3.12/site-packages/airflow/example_dags/example_skip_dag.py
[2024-09-01T00:43:41.694+0530] {logging_mixin.py:190} INFO - [2024-09-01T00:43:41.694+0530] {dag.py:3211} INFO - Sync 1 DAGs
[2024-09-01T00:43:41.700+0530] {logging_mixin.py:190} INFO - [2024-09-01T00:43:41.700+0530] {dag.py:4138} INFO - Setting next_dagrun for example_skip_dag to 2024-08-30 00:00:00+00:00, run_after=2024-08-31 00:00:00+00:00
[2024-09-01T00:43:41.707+0530] {processor.py:208} INFO - Processing /Users/ravipal/Desktop/Workspace/airflow_tutorial/py_env/lib/python3.12/site-packages/airflow/example_dags/example_skip_dag.py took 0.054 seconds
[2024-09-01T00:44:49.435+0530] {processor.py:186} INFO - Started process (PID=2927) to work on /Users/ravipal/Desktop/Workspace/airflow_tutorial/py_env/lib/python3.12/site-packages/airflow/example_dags/example_skip_dag.py
[2024-09-01T00:44:49.435+0530] {processor.py:914} INFO - Processing file /Users/ravipal/Desktop/Workspace/airflow_tutorial/py_env/lib/python3.12/site-packages/airflow/example_dags/example_skip_dag.py for tasks to queue
[2024-09-01T00:44:49.436+0530] {logging_mixin.py:190} INFO - [2024-09-01T00:44:49.435+0530] {dagbag.py:587} INFO - Filling up the DagBag from /Users/ravipal/Desktop/Workspace/airflow_tutorial/py_env/lib/python3.12/site-packages/airflow/example_dags/example_skip_dag.py
[2024-09-01T00:44:49.439+0530] {processor.py:925} INFO - DAG(s) 'example_skip_dag' retrieved from /Users/ravipal/Desktop/Workspace/airflow_tutorial/py_env/lib/python3.12/site-packages/airflow/example_dags/example_skip_dag.py
[2024-09-01T00:44:49.475+0530] {logging_mixin.py:190} INFO - [2024-09-01T00:44:49.474+0530] {dag.py:3211} INFO - Sync 1 DAGs
[2024-09-01T00:44:49.481+0530] {logging_mixin.py:190} INFO - [2024-09-01T00:44:49.481+0530] {dag.py:4138} INFO - Setting next_dagrun for example_skip_dag to 2024-08-30 00:00:00+00:00, run_after=2024-08-31 00:00:00+00:00
[2024-09-01T00:44:49.488+0530] {processor.py:208} INFO - Processing /Users/ravipal/Desktop/Workspace/airflow_tutorial/py_env/lib/python3.12/site-packages/airflow/example_dags/example_skip_dag.py took 0.055 seconds
[2024-09-01T00:45:55.711+0530] {processor.py:186} INFO - Started process (PID=2993) to work on /Users/ravipal/Desktop/Workspace/airflow_tutorial/py_env/lib/python3.12/site-packages/airflow/example_dags/example_skip_dag.py
[2024-09-01T00:45:55.711+0530] {processor.py:914} INFO - Processing file /Users/ravipal/Desktop/Workspace/airflow_tutorial/py_env/lib/python3.12/site-packages/airflow/example_dags/example_skip_dag.py for tasks to queue
[2024-09-01T00:45:55.712+0530] {logging_mixin.py:190} INFO - [2024-09-01T00:45:55.711+0530] {dagbag.py:587} INFO - Filling up the DagBag from /Users/ravipal/Desktop/Workspace/airflow_tutorial/py_env/lib/python3.12/site-packages/airflow/example_dags/example_skip_dag.py
[2024-09-01T00:45:55.715+0530] {processor.py:925} INFO - DAG(s) 'example_skip_dag' retrieved from /Users/ravipal/Desktop/Workspace/airflow_tutorial/py_env/lib/python3.12/site-packages/airflow/example_dags/example_skip_dag.py
[2024-09-01T00:45:55.751+0530] {logging_mixin.py:190} INFO - [2024-09-01T00:45:55.751+0530] {dag.py:3211} INFO - Sync 1 DAGs
[2024-09-01T00:45:55.757+0530] {logging_mixin.py:190} INFO - [2024-09-01T00:45:55.757+0530] {dag.py:4138} INFO - Setting next_dagrun for example_skip_dag to 2024-08-30 00:00:00+00:00, run_after=2024-08-31 00:00:00+00:00
[2024-09-01T00:45:55.764+0530] {processor.py:208} INFO - Processing /Users/ravipal/Desktop/Workspace/airflow_tutorial/py_env/lib/python3.12/site-packages/airflow/example_dags/example_skip_dag.py took 0.055 seconds
[2024-09-01T00:47:04.318+0530] {processor.py:186} INFO - Started process (PID=3060) to work on /Users/ravipal/Desktop/Workspace/airflow_tutorial/py_env/lib/python3.12/site-packages/airflow/example_dags/example_skip_dag.py
[2024-09-01T00:47:04.319+0530] {processor.py:914} INFO - Processing file /Users/ravipal/Desktop/Workspace/airflow_tutorial/py_env/lib/python3.12/site-packages/airflow/example_dags/example_skip_dag.py for tasks to queue
[2024-09-01T00:47:04.319+0530] {logging_mixin.py:190} INFO - [2024-09-01T00:47:04.319+0530] {dagbag.py:587} INFO - Filling up the DagBag from /Users/ravipal/Desktop/Workspace/airflow_tutorial/py_env/lib/python3.12/site-packages/airflow/example_dags/example_skip_dag.py
[2024-09-01T00:47:04.322+0530] {processor.py:925} INFO - DAG(s) 'example_skip_dag' retrieved from /Users/ravipal/Desktop/Workspace/airflow_tutorial/py_env/lib/python3.12/site-packages/airflow/example_dags/example_skip_dag.py
[2024-09-01T00:47:04.358+0530] {logging_mixin.py:190} INFO - [2024-09-01T00:47:04.358+0530] {dag.py:3211} INFO - Sync 1 DAGs
[2024-09-01T00:47:04.364+0530] {logging_mixin.py:190} INFO - [2024-09-01T00:47:04.364+0530] {dag.py:4138} INFO - Setting next_dagrun for example_skip_dag to 2024-08-30 00:00:00+00:00, run_after=2024-08-31 00:00:00+00:00
[2024-09-01T00:47:04.371+0530] {processor.py:208} INFO - Processing /Users/ravipal/Desktop/Workspace/airflow_tutorial/py_env/lib/python3.12/site-packages/airflow/example_dags/example_skip_dag.py took 0.054 seconds
[2024-09-01T00:48:06.999+0530] {processor.py:186} INFO - Started process (PID=3126) to work on /Users/ravipal/Desktop/Workspace/airflow_tutorial/py_env/lib/python3.12/site-packages/airflow/example_dags/example_skip_dag.py
[2024-09-01T00:48:06.999+0530] {processor.py:914} INFO - Processing file /Users/ravipal/Desktop/Workspace/airflow_tutorial/py_env/lib/python3.12/site-packages/airflow/example_dags/example_skip_dag.py for tasks to queue
[2024-09-01T00:48:07.000+0530] {logging_mixin.py:190} INFO - [2024-09-01T00:48:07.000+0530] {dagbag.py:587} INFO - Filling up the DagBag from /Users/ravipal/Desktop/Workspace/airflow_tutorial/py_env/lib/python3.12/site-packages/airflow/example_dags/example_skip_dag.py
[2024-09-01T00:48:07.003+0530] {processor.py:925} INFO - DAG(s) 'example_skip_dag' retrieved from /Users/ravipal/Desktop/Workspace/airflow_tutorial/py_env/lib/python3.12/site-packages/airflow/example_dags/example_skip_dag.py
[2024-09-01T00:48:07.039+0530] {logging_mixin.py:190} INFO - [2024-09-01T00:48:07.038+0530] {dag.py:3211} INFO - Sync 1 DAGs
[2024-09-01T00:48:07.045+0530] {logging_mixin.py:190} INFO - [2024-09-01T00:48:07.044+0530] {dag.py:4138} INFO - Setting next_dagrun for example_skip_dag to 2024-08-30 00:00:00+00:00, run_after=2024-08-31 00:00:00+00:00
[2024-09-01T00:48:07.051+0530] {processor.py:208} INFO - Processing /Users/ravipal/Desktop/Workspace/airflow_tutorial/py_env/lib/python3.12/site-packages/airflow/example_dags/example_skip_dag.py took 0.054 seconds
[2024-09-01T00:50:15.694+0530] {processor.py:186} INFO - Started process (PID=3273) to work on /Users/ravipal/Desktop/Workspace/airflow_tutorial/py_env/lib/python3.12/site-packages/airflow/example_dags/example_skip_dag.py
[2024-09-01T00:50:15.695+0530] {processor.py:914} INFO - Processing file /Users/ravipal/Desktop/Workspace/airflow_tutorial/py_env/lib/python3.12/site-packages/airflow/example_dags/example_skip_dag.py for tasks to queue
[2024-09-01T00:50:15.695+0530] {logging_mixin.py:190} INFO - [2024-09-01T00:50:15.695+0530] {dagbag.py:587} INFO - Filling up the DagBag from /Users/ravipal/Desktop/Workspace/airflow_tutorial/py_env/lib/python3.12/site-packages/airflow/example_dags/example_skip_dag.py
[2024-09-01T00:50:15.698+0530] {processor.py:925} INFO - DAG(s) 'example_skip_dag' retrieved from /Users/ravipal/Desktop/Workspace/airflow_tutorial/py_env/lib/python3.12/site-packages/airflow/example_dags/example_skip_dag.py
[2024-09-01T00:50:15.734+0530] {logging_mixin.py:190} INFO - [2024-09-01T00:50:15.734+0530] {dag.py:3211} INFO - Sync 1 DAGs
[2024-09-01T00:50:15.740+0530] {logging_mixin.py:190} INFO - [2024-09-01T00:50:15.740+0530] {dag.py:4138} INFO - Setting next_dagrun for example_skip_dag to 2024-08-30 00:00:00+00:00, run_after=2024-08-31 00:00:00+00:00
[2024-09-01T00:50:15.747+0530] {processor.py:208} INFO - Processing /Users/ravipal/Desktop/Workspace/airflow_tutorial/py_env/lib/python3.12/site-packages/airflow/example_dags/example_skip_dag.py took 0.055 seconds
[2024-09-01T00:51:24.416+0530] {processor.py:186} INFO - Started process (PID=3348) to work on /Users/ravipal/Desktop/Workspace/airflow_tutorial/py_env/lib/python3.12/site-packages/airflow/example_dags/example_skip_dag.py
[2024-09-01T00:51:24.417+0530] {processor.py:914} INFO - Processing file /Users/ravipal/Desktop/Workspace/airflow_tutorial/py_env/lib/python3.12/site-packages/airflow/example_dags/example_skip_dag.py for tasks to queue
[2024-09-01T00:51:24.418+0530] {logging_mixin.py:190} INFO - [2024-09-01T00:51:24.418+0530] {dagbag.py:587} INFO - Filling up the DagBag from /Users/ravipal/Desktop/Workspace/airflow_tutorial/py_env/lib/python3.12/site-packages/airflow/example_dags/example_skip_dag.py
[2024-09-01T00:51:24.421+0530] {processor.py:925} INFO - DAG(s) 'example_skip_dag' retrieved from /Users/ravipal/Desktop/Workspace/airflow_tutorial/py_env/lib/python3.12/site-packages/airflow/example_dags/example_skip_dag.py
[2024-09-01T00:51:24.456+0530] {logging_mixin.py:190} INFO - [2024-09-01T00:51:24.456+0530] {dag.py:3211} INFO - Sync 1 DAGs
[2024-09-01T00:51:24.462+0530] {logging_mixin.py:190} INFO - [2024-09-01T00:51:24.462+0530] {dag.py:4138} INFO - Setting next_dagrun for example_skip_dag to 2024-08-30 00:00:00+00:00, run_after=2024-08-31 00:00:00+00:00
[2024-09-01T00:51:24.468+0530] {processor.py:208} INFO - Processing /Users/ravipal/Desktop/Workspace/airflow_tutorial/py_env/lib/python3.12/site-packages/airflow/example_dags/example_skip_dag.py took 0.054 seconds
[2024-09-01T00:52:31.378+0530] {processor.py:186} INFO - Started process (PID=3414) to work on /Users/ravipal/Desktop/Workspace/airflow_tutorial/py_env/lib/python3.12/site-packages/airflow/example_dags/example_skip_dag.py
[2024-09-01T00:52:31.379+0530] {processor.py:914} INFO - Processing file /Users/ravipal/Desktop/Workspace/airflow_tutorial/py_env/lib/python3.12/site-packages/airflow/example_dags/example_skip_dag.py for tasks to queue
[2024-09-01T00:52:31.379+0530] {logging_mixin.py:190} INFO - [2024-09-01T00:52:31.379+0530] {dagbag.py:587} INFO - Filling up the DagBag from /Users/ravipal/Desktop/Workspace/airflow_tutorial/py_env/lib/python3.12/site-packages/airflow/example_dags/example_skip_dag.py
[2024-09-01T00:52:31.382+0530] {processor.py:925} INFO - DAG(s) 'example_skip_dag' retrieved from /Users/ravipal/Desktop/Workspace/airflow_tutorial/py_env/lib/python3.12/site-packages/airflow/example_dags/example_skip_dag.py
[2024-09-01T00:52:31.418+0530] {logging_mixin.py:190} INFO - [2024-09-01T00:52:31.417+0530] {dag.py:3211} INFO - Sync 1 DAGs
[2024-09-01T00:52:31.423+0530] {logging_mixin.py:190} INFO - [2024-09-01T00:52:31.423+0530] {dag.py:4138} INFO - Setting next_dagrun for example_skip_dag to 2024-08-30 00:00:00+00:00, run_after=2024-08-31 00:00:00+00:00
[2024-09-01T00:52:31.430+0530] {processor.py:208} INFO - Processing /Users/ravipal/Desktop/Workspace/airflow_tutorial/py_env/lib/python3.12/site-packages/airflow/example_dags/example_skip_dag.py took 0.053 seconds
[2024-09-01T00:53:37.255+0530] {processor.py:186} INFO - Started process (PID=3482) to work on /Users/ravipal/Desktop/Workspace/airflow_tutorial/py_env/lib/python3.12/site-packages/airflow/example_dags/example_skip_dag.py
[2024-09-01T00:53:37.256+0530] {processor.py:914} INFO - Processing file /Users/ravipal/Desktop/Workspace/airflow_tutorial/py_env/lib/python3.12/site-packages/airflow/example_dags/example_skip_dag.py for tasks to queue
[2024-09-01T00:53:37.256+0530] {logging_mixin.py:190} INFO - [2024-09-01T00:53:37.256+0530] {dagbag.py:587} INFO - Filling up the DagBag from /Users/ravipal/Desktop/Workspace/airflow_tutorial/py_env/lib/python3.12/site-packages/airflow/example_dags/example_skip_dag.py
[2024-09-01T00:53:37.259+0530] {processor.py:925} INFO - DAG(s) 'example_skip_dag' retrieved from /Users/ravipal/Desktop/Workspace/airflow_tutorial/py_env/lib/python3.12/site-packages/airflow/example_dags/example_skip_dag.py
[2024-09-01T00:53:37.296+0530] {logging_mixin.py:190} INFO - [2024-09-01T00:53:37.296+0530] {dag.py:3211} INFO - Sync 1 DAGs
[2024-09-01T00:53:37.302+0530] {logging_mixin.py:190} INFO - [2024-09-01T00:53:37.302+0530] {dag.py:4138} INFO - Setting next_dagrun for example_skip_dag to 2024-08-30 00:00:00+00:00, run_after=2024-08-31 00:00:00+00:00
[2024-09-01T00:53:37.308+0530] {processor.py:208} INFO - Processing /Users/ravipal/Desktop/Workspace/airflow_tutorial/py_env/lib/python3.12/site-packages/airflow/example_dags/example_skip_dag.py took 0.055 seconds
[2024-09-01T00:54:43.839+0530] {processor.py:186} INFO - Started process (PID=3547) to work on /Users/ravipal/Desktop/Workspace/airflow_tutorial/py_env/lib/python3.12/site-packages/airflow/example_dags/example_skip_dag.py
[2024-09-01T00:54:43.840+0530] {processor.py:914} INFO - Processing file /Users/ravipal/Desktop/Workspace/airflow_tutorial/py_env/lib/python3.12/site-packages/airflow/example_dags/example_skip_dag.py for tasks to queue
[2024-09-01T00:54:43.840+0530] {logging_mixin.py:190} INFO - [2024-09-01T00:54:43.840+0530] {dagbag.py:587} INFO - Filling up the DagBag from /Users/ravipal/Desktop/Workspace/airflow_tutorial/py_env/lib/python3.12/site-packages/airflow/example_dags/example_skip_dag.py
[2024-09-01T00:54:43.843+0530] {processor.py:925} INFO - DAG(s) 'example_skip_dag' retrieved from /Users/ravipal/Desktop/Workspace/airflow_tutorial/py_env/lib/python3.12/site-packages/airflow/example_dags/example_skip_dag.py
[2024-09-01T00:54:43.878+0530] {logging_mixin.py:190} INFO - [2024-09-01T00:54:43.878+0530] {dag.py:3211} INFO - Sync 1 DAGs
[2024-09-01T00:54:43.884+0530] {logging_mixin.py:190} INFO - [2024-09-01T00:54:43.884+0530] {dag.py:4138} INFO - Setting next_dagrun for example_skip_dag to 2024-08-30 00:00:00+00:00, run_after=2024-08-31 00:00:00+00:00
[2024-09-01T00:54:43.891+0530] {processor.py:208} INFO - Processing /Users/ravipal/Desktop/Workspace/airflow_tutorial/py_env/lib/python3.12/site-packages/airflow/example_dags/example_skip_dag.py took 0.053 seconds
[2024-09-01T00:56:51.966+0530] {processor.py:186} INFO - Started process (PID=3677) to work on /Users/ravipal/Desktop/Workspace/airflow_tutorial/py_env/lib/python3.12/site-packages/airflow/example_dags/example_skip_dag.py
[2024-09-01T00:56:51.966+0530] {processor.py:914} INFO - Processing file /Users/ravipal/Desktop/Workspace/airflow_tutorial/py_env/lib/python3.12/site-packages/airflow/example_dags/example_skip_dag.py for tasks to queue
[2024-09-01T00:56:51.967+0530] {logging_mixin.py:190} INFO - [2024-09-01T00:56:51.966+0530] {dagbag.py:587} INFO - Filling up the DagBag from /Users/ravipal/Desktop/Workspace/airflow_tutorial/py_env/lib/python3.12/site-packages/airflow/example_dags/example_skip_dag.py
[2024-09-01T00:56:51.970+0530] {processor.py:925} INFO - DAG(s) 'example_skip_dag' retrieved from /Users/ravipal/Desktop/Workspace/airflow_tutorial/py_env/lib/python3.12/site-packages/airflow/example_dags/example_skip_dag.py
[2024-09-01T00:56:52.006+0530] {logging_mixin.py:190} INFO - [2024-09-01T00:56:52.005+0530] {dag.py:3211} INFO - Sync 1 DAGs
[2024-09-01T00:56:52.011+0530] {logging_mixin.py:190} INFO - [2024-09-01T00:56:52.011+0530] {dag.py:4138} INFO - Setting next_dagrun for example_skip_dag to 2024-08-30 00:00:00+00:00, run_after=2024-08-31 00:00:00+00:00
[2024-09-01T00:56:52.018+0530] {processor.py:208} INFO - Processing /Users/ravipal/Desktop/Workspace/airflow_tutorial/py_env/lib/python3.12/site-packages/airflow/example_dags/example_skip_dag.py took 0.054 seconds
[2024-09-01T00:57:59.020+0530] {processor.py:186} INFO - Started process (PID=3742) to work on /Users/ravipal/Desktop/Workspace/airflow_tutorial/py_env/lib/python3.12/site-packages/airflow/example_dags/example_skip_dag.py
[2024-09-01T00:57:59.020+0530] {processor.py:914} INFO - Processing file /Users/ravipal/Desktop/Workspace/airflow_tutorial/py_env/lib/python3.12/site-packages/airflow/example_dags/example_skip_dag.py for tasks to queue
[2024-09-01T00:57:59.020+0530] {logging_mixin.py:190} INFO - [2024-09-01T00:57:59.020+0530] {dagbag.py:587} INFO - Filling up the DagBag from /Users/ravipal/Desktop/Workspace/airflow_tutorial/py_env/lib/python3.12/site-packages/airflow/example_dags/example_skip_dag.py
[2024-09-01T00:57:59.024+0530] {processor.py:925} INFO - DAG(s) 'example_skip_dag' retrieved from /Users/ravipal/Desktop/Workspace/airflow_tutorial/py_env/lib/python3.12/site-packages/airflow/example_dags/example_skip_dag.py
[2024-09-01T00:57:59.060+0530] {logging_mixin.py:190} INFO - [2024-09-01T00:57:59.059+0530] {dag.py:3211} INFO - Sync 1 DAGs
[2024-09-01T00:57:59.065+0530] {logging_mixin.py:190} INFO - [2024-09-01T00:57:59.065+0530] {dag.py:4138} INFO - Setting next_dagrun for example_skip_dag to 2024-08-30 00:00:00+00:00, run_after=2024-08-31 00:00:00+00:00
[2024-09-01T00:57:59.072+0530] {processor.py:208} INFO - Processing /Users/ravipal/Desktop/Workspace/airflow_tutorial/py_env/lib/python3.12/site-packages/airflow/example_dags/example_skip_dag.py took 0.055 seconds
[2024-09-01T00:59:04.071+0530] {processor.py:186} INFO - Started process (PID=3808) to work on /Users/ravipal/Desktop/Workspace/airflow_tutorial/py_env/lib/python3.12/site-packages/airflow/example_dags/example_skip_dag.py
[2024-09-01T00:59:04.071+0530] {processor.py:914} INFO - Processing file /Users/ravipal/Desktop/Workspace/airflow_tutorial/py_env/lib/python3.12/site-packages/airflow/example_dags/example_skip_dag.py for tasks to queue
[2024-09-01T00:59:04.072+0530] {logging_mixin.py:190} INFO - [2024-09-01T00:59:04.072+0530] {dagbag.py:587} INFO - Filling up the DagBag from /Users/ravipal/Desktop/Workspace/airflow_tutorial/py_env/lib/python3.12/site-packages/airflow/example_dags/example_skip_dag.py
[2024-09-01T00:59:04.075+0530] {processor.py:925} INFO - DAG(s) 'example_skip_dag' retrieved from /Users/ravipal/Desktop/Workspace/airflow_tutorial/py_env/lib/python3.12/site-packages/airflow/example_dags/example_skip_dag.py
[2024-09-01T00:59:04.110+0530] {logging_mixin.py:190} INFO - [2024-09-01T00:59:04.110+0530] {dag.py:3211} INFO - Sync 1 DAGs
[2024-09-01T00:59:04.116+0530] {logging_mixin.py:190} INFO - [2024-09-01T00:59:04.116+0530] {dag.py:4138} INFO - Setting next_dagrun for example_skip_dag to 2024-08-30 00:00:00+00:00, run_after=2024-08-31 00:00:00+00:00
[2024-09-01T00:59:04.122+0530] {processor.py:208} INFO - Processing /Users/ravipal/Desktop/Workspace/airflow_tutorial/py_env/lib/python3.12/site-packages/airflow/example_dags/example_skip_dag.py took 0.054 seconds
[2024-09-01T01:00:10.181+0530] {processor.py:186} INFO - Started process (PID=3874) to work on /Users/ravipal/Desktop/Workspace/airflow_tutorial/py_env/lib/python3.12/site-packages/airflow/example_dags/example_skip_dag.py
[2024-09-01T01:00:10.181+0530] {processor.py:914} INFO - Processing file /Users/ravipal/Desktop/Workspace/airflow_tutorial/py_env/lib/python3.12/site-packages/airflow/example_dags/example_skip_dag.py for tasks to queue
[2024-09-01T01:00:10.182+0530] {logging_mixin.py:190} INFO - [2024-09-01T01:00:10.182+0530] {dagbag.py:587} INFO - Filling up the DagBag from /Users/ravipal/Desktop/Workspace/airflow_tutorial/py_env/lib/python3.12/site-packages/airflow/example_dags/example_skip_dag.py
[2024-09-01T01:00:10.185+0530] {processor.py:925} INFO - DAG(s) 'example_skip_dag' retrieved from /Users/ravipal/Desktop/Workspace/airflow_tutorial/py_env/lib/python3.12/site-packages/airflow/example_dags/example_skip_dag.py
[2024-09-01T01:00:10.220+0530] {logging_mixin.py:190} INFO - [2024-09-01T01:00:10.220+0530] {dag.py:3211} INFO - Sync 1 DAGs
[2024-09-01T01:00:10.226+0530] {logging_mixin.py:190} INFO - [2024-09-01T01:00:10.226+0530] {dag.py:4138} INFO - Setting next_dagrun for example_skip_dag to 2024-08-30 00:00:00+00:00, run_after=2024-08-31 00:00:00+00:00
[2024-09-01T01:00:10.232+0530] {processor.py:208} INFO - Processing /Users/ravipal/Desktop/Workspace/airflow_tutorial/py_env/lib/python3.12/site-packages/airflow/example_dags/example_skip_dag.py took 0.054 seconds
[2024-09-01T01:02:18.270+0530] {processor.py:186} INFO - Started process (PID=4003) to work on /Users/ravipal/Desktop/Workspace/airflow_tutorial/py_env/lib/python3.12/site-packages/airflow/example_dags/example_skip_dag.py
[2024-09-01T01:02:18.271+0530] {processor.py:914} INFO - Processing file /Users/ravipal/Desktop/Workspace/airflow_tutorial/py_env/lib/python3.12/site-packages/airflow/example_dags/example_skip_dag.py for tasks to queue
[2024-09-01T01:02:18.271+0530] {logging_mixin.py:190} INFO - [2024-09-01T01:02:18.271+0530] {dagbag.py:587} INFO - Filling up the DagBag from /Users/ravipal/Desktop/Workspace/airflow_tutorial/py_env/lib/python3.12/site-packages/airflow/example_dags/example_skip_dag.py
[2024-09-01T01:02:18.274+0530] {processor.py:925} INFO - DAG(s) 'example_skip_dag' retrieved from /Users/ravipal/Desktop/Workspace/airflow_tutorial/py_env/lib/python3.12/site-packages/airflow/example_dags/example_skip_dag.py
[2024-09-01T01:02:18.311+0530] {logging_mixin.py:190} INFO - [2024-09-01T01:02:18.311+0530] {dag.py:3211} INFO - Sync 1 DAGs
[2024-09-01T01:02:18.317+0530] {logging_mixin.py:190} INFO - [2024-09-01T01:02:18.317+0530] {dag.py:4138} INFO - Setting next_dagrun for example_skip_dag to 2024-08-30 00:00:00+00:00, run_after=2024-08-31 00:00:00+00:00
[2024-09-01T01:02:18.323+0530] {processor.py:208} INFO - Processing /Users/ravipal/Desktop/Workspace/airflow_tutorial/py_env/lib/python3.12/site-packages/airflow/example_dags/example_skip_dag.py took 0.056 seconds
[2024-09-01T01:04:24.607+0530] {processor.py:186} INFO - Started process (PID=4138) to work on /Users/ravipal/Desktop/Workspace/airflow_tutorial/py_env/lib/python3.12/site-packages/airflow/example_dags/example_skip_dag.py
[2024-09-01T01:04:24.608+0530] {processor.py:914} INFO - Processing file /Users/ravipal/Desktop/Workspace/airflow_tutorial/py_env/lib/python3.12/site-packages/airflow/example_dags/example_skip_dag.py for tasks to queue
[2024-09-01T01:04:24.608+0530] {logging_mixin.py:190} INFO - [2024-09-01T01:04:24.608+0530] {dagbag.py:587} INFO - Filling up the DagBag from /Users/ravipal/Desktop/Workspace/airflow_tutorial/py_env/lib/python3.12/site-packages/airflow/example_dags/example_skip_dag.py
[2024-09-01T01:04:24.612+0530] {processor.py:925} INFO - DAG(s) 'example_skip_dag' retrieved from /Users/ravipal/Desktop/Workspace/airflow_tutorial/py_env/lib/python3.12/site-packages/airflow/example_dags/example_skip_dag.py
[2024-09-01T01:04:24.648+0530] {logging_mixin.py:190} INFO - [2024-09-01T01:04:24.648+0530] {dag.py:3211} INFO - Sync 1 DAGs
[2024-09-01T01:04:24.654+0530] {logging_mixin.py:190} INFO - [2024-09-01T01:04:24.654+0530] {dag.py:4138} INFO - Setting next_dagrun for example_skip_dag to 2024-08-30 00:00:00+00:00, run_after=2024-08-31 00:00:00+00:00
[2024-09-01T01:04:24.660+0530] {processor.py:208} INFO - Processing /Users/ravipal/Desktop/Workspace/airflow_tutorial/py_env/lib/python3.12/site-packages/airflow/example_dags/example_skip_dag.py took 0.055 seconds
[2024-09-01T01:06:32.352+0530] {processor.py:186} INFO - Started process (PID=4294) to work on /Users/ravipal/Desktop/Workspace/airflow_tutorial/py_env/lib/python3.12/site-packages/airflow/example_dags/example_skip_dag.py
[2024-09-01T01:06:32.354+0530] {processor.py:914} INFO - Processing file /Users/ravipal/Desktop/Workspace/airflow_tutorial/py_env/lib/python3.12/site-packages/airflow/example_dags/example_skip_dag.py for tasks to queue
[2024-09-01T01:06:32.354+0530] {logging_mixin.py:190} INFO - [2024-09-01T01:06:32.354+0530] {dagbag.py:587} INFO - Filling up the DagBag from /Users/ravipal/Desktop/Workspace/airflow_tutorial/py_env/lib/python3.12/site-packages/airflow/example_dags/example_skip_dag.py
[2024-09-01T01:06:32.358+0530] {processor.py:925} INFO - DAG(s) 'example_skip_dag' retrieved from /Users/ravipal/Desktop/Workspace/airflow_tutorial/py_env/lib/python3.12/site-packages/airflow/example_dags/example_skip_dag.py
[2024-09-01T01:06:32.394+0530] {logging_mixin.py:190} INFO - [2024-09-01T01:06:32.394+0530] {dag.py:3211} INFO - Sync 1 DAGs
[2024-09-01T01:06:32.400+0530] {logging_mixin.py:190} INFO - [2024-09-01T01:06:32.400+0530] {dag.py:4138} INFO - Setting next_dagrun for example_skip_dag to 2024-08-30 00:00:00+00:00, run_after=2024-08-31 00:00:00+00:00
[2024-09-01T01:06:32.406+0530] {processor.py:208} INFO - Processing /Users/ravipal/Desktop/Workspace/airflow_tutorial/py_env/lib/python3.12/site-packages/airflow/example_dags/example_skip_dag.py took 0.056 seconds
[2024-09-01T01:07:38.400+0530] {processor.py:186} INFO - Started process (PID=4361) to work on /Users/ravipal/Desktop/Workspace/airflow_tutorial/py_env/lib/python3.12/site-packages/airflow/example_dags/example_skip_dag.py
[2024-09-01T01:07:38.401+0530] {processor.py:914} INFO - Processing file /Users/ravipal/Desktop/Workspace/airflow_tutorial/py_env/lib/python3.12/site-packages/airflow/example_dags/example_skip_dag.py for tasks to queue
[2024-09-01T01:07:38.401+0530] {logging_mixin.py:190} INFO - [2024-09-01T01:07:38.401+0530] {dagbag.py:587} INFO - Filling up the DagBag from /Users/ravipal/Desktop/Workspace/airflow_tutorial/py_env/lib/python3.12/site-packages/airflow/example_dags/example_skip_dag.py
[2024-09-01T01:07:38.404+0530] {processor.py:925} INFO - DAG(s) 'example_skip_dag' retrieved from /Users/ravipal/Desktop/Workspace/airflow_tutorial/py_env/lib/python3.12/site-packages/airflow/example_dags/example_skip_dag.py
[2024-09-01T01:07:38.439+0530] {logging_mixin.py:190} INFO - [2024-09-01T01:07:38.439+0530] {dag.py:3211} INFO - Sync 1 DAGs
[2024-09-01T01:07:38.445+0530] {logging_mixin.py:190} INFO - [2024-09-01T01:07:38.445+0530] {dag.py:4138} INFO - Setting next_dagrun for example_skip_dag to 2024-08-30 00:00:00+00:00, run_after=2024-08-31 00:00:00+00:00
[2024-09-01T01:07:38.451+0530] {processor.py:208} INFO - Processing /Users/ravipal/Desktop/Workspace/airflow_tutorial/py_env/lib/python3.12/site-packages/airflow/example_dags/example_skip_dag.py took 0.053 seconds
[2024-09-01T01:08:44.334+0530] {processor.py:186} INFO - Started process (PID=4427) to work on /Users/ravipal/Desktop/Workspace/airflow_tutorial/py_env/lib/python3.12/site-packages/airflow/example_dags/example_skip_dag.py
[2024-09-01T01:08:44.334+0530] {processor.py:914} INFO - Processing file /Users/ravipal/Desktop/Workspace/airflow_tutorial/py_env/lib/python3.12/site-packages/airflow/example_dags/example_skip_dag.py for tasks to queue
[2024-09-01T01:08:44.334+0530] {logging_mixin.py:190} INFO - [2024-09-01T01:08:44.334+0530] {dagbag.py:587} INFO - Filling up the DagBag from /Users/ravipal/Desktop/Workspace/airflow_tutorial/py_env/lib/python3.12/site-packages/airflow/example_dags/example_skip_dag.py
[2024-09-01T01:08:44.338+0530] {processor.py:925} INFO - DAG(s) 'example_skip_dag' retrieved from /Users/ravipal/Desktop/Workspace/airflow_tutorial/py_env/lib/python3.12/site-packages/airflow/example_dags/example_skip_dag.py
[2024-09-01T01:08:44.373+0530] {logging_mixin.py:190} INFO - [2024-09-01T01:08:44.373+0530] {dag.py:3211} INFO - Sync 1 DAGs
[2024-09-01T01:08:44.379+0530] {logging_mixin.py:190} INFO - [2024-09-01T01:08:44.379+0530] {dag.py:4138} INFO - Setting next_dagrun for example_skip_dag to 2024-08-30 00:00:00+00:00, run_after=2024-08-31 00:00:00+00:00
[2024-09-01T01:08:44.386+0530] {processor.py:208} INFO - Processing /Users/ravipal/Desktop/Workspace/airflow_tutorial/py_env/lib/python3.12/site-packages/airflow/example_dags/example_skip_dag.py took 0.054 seconds
[2024-09-01T01:10:48.643+0530] {processor.py:186} INFO - Started process (PID=4553) to work on /Users/ravipal/Desktop/Workspace/airflow_tutorial/py_env/lib/python3.12/site-packages/airflow/example_dags/example_skip_dag.py
[2024-09-01T01:10:48.643+0530] {processor.py:914} INFO - Processing file /Users/ravipal/Desktop/Workspace/airflow_tutorial/py_env/lib/python3.12/site-packages/airflow/example_dags/example_skip_dag.py for tasks to queue
[2024-09-01T01:10:48.643+0530] {logging_mixin.py:190} INFO - [2024-09-01T01:10:48.643+0530] {dagbag.py:587} INFO - Filling up the DagBag from /Users/ravipal/Desktop/Workspace/airflow_tutorial/py_env/lib/python3.12/site-packages/airflow/example_dags/example_skip_dag.py
[2024-09-01T01:10:48.647+0530] {processor.py:925} INFO - DAG(s) 'example_skip_dag' retrieved from /Users/ravipal/Desktop/Workspace/airflow_tutorial/py_env/lib/python3.12/site-packages/airflow/example_dags/example_skip_dag.py
[2024-09-01T01:10:48.682+0530] {logging_mixin.py:190} INFO - [2024-09-01T01:10:48.682+0530] {dag.py:3211} INFO - Sync 1 DAGs
[2024-09-01T01:10:48.688+0530] {logging_mixin.py:190} INFO - [2024-09-01T01:10:48.688+0530] {dag.py:4138} INFO - Setting next_dagrun for example_skip_dag to 2024-08-30 00:00:00+00:00, run_after=2024-08-31 00:00:00+00:00
[2024-09-01T01:10:48.694+0530] {processor.py:208} INFO - Processing /Users/ravipal/Desktop/Workspace/airflow_tutorial/py_env/lib/python3.12/site-packages/airflow/example_dags/example_skip_dag.py took 0.054 seconds
[2024-09-01T01:11:54.393+0530] {processor.py:186} INFO - Started process (PID=4618) to work on /Users/ravipal/Desktop/Workspace/airflow_tutorial/py_env/lib/python3.12/site-packages/airflow/example_dags/example_skip_dag.py
[2024-09-01T01:11:54.393+0530] {processor.py:914} INFO - Processing file /Users/ravipal/Desktop/Workspace/airflow_tutorial/py_env/lib/python3.12/site-packages/airflow/example_dags/example_skip_dag.py for tasks to queue
[2024-09-01T01:11:54.394+0530] {logging_mixin.py:190} INFO - [2024-09-01T01:11:54.394+0530] {dagbag.py:587} INFO - Filling up the DagBag from /Users/ravipal/Desktop/Workspace/airflow_tutorial/py_env/lib/python3.12/site-packages/airflow/example_dags/example_skip_dag.py
[2024-09-01T01:11:54.397+0530] {processor.py:925} INFO - DAG(s) 'example_skip_dag' retrieved from /Users/ravipal/Desktop/Workspace/airflow_tutorial/py_env/lib/python3.12/site-packages/airflow/example_dags/example_skip_dag.py
[2024-09-01T01:11:54.433+0530] {logging_mixin.py:190} INFO - [2024-09-01T01:11:54.433+0530] {dag.py:3211} INFO - Sync 1 DAGs
[2024-09-01T01:11:54.439+0530] {logging_mixin.py:190} INFO - [2024-09-01T01:11:54.439+0530] {dag.py:4138} INFO - Setting next_dagrun for example_skip_dag to 2024-08-30 00:00:00+00:00, run_after=2024-08-31 00:00:00+00:00
[2024-09-01T01:11:54.446+0530] {processor.py:208} INFO - Processing /Users/ravipal/Desktop/Workspace/airflow_tutorial/py_env/lib/python3.12/site-packages/airflow/example_dags/example_skip_dag.py took 0.055 seconds
[2024-09-01T01:14:01.845+0530] {processor.py:186} INFO - Started process (PID=4746) to work on /Users/ravipal/Desktop/Workspace/airflow_tutorial/py_env/lib/python3.12/site-packages/airflow/example_dags/example_skip_dag.py
[2024-09-01T01:14:01.846+0530] {processor.py:914} INFO - Processing file /Users/ravipal/Desktop/Workspace/airflow_tutorial/py_env/lib/python3.12/site-packages/airflow/example_dags/example_skip_dag.py for tasks to queue
[2024-09-01T01:14:01.846+0530] {logging_mixin.py:190} INFO - [2024-09-01T01:14:01.846+0530] {dagbag.py:587} INFO - Filling up the DagBag from /Users/ravipal/Desktop/Workspace/airflow_tutorial/py_env/lib/python3.12/site-packages/airflow/example_dags/example_skip_dag.py
[2024-09-01T01:14:01.849+0530] {processor.py:925} INFO - DAG(s) 'example_skip_dag' retrieved from /Users/ravipal/Desktop/Workspace/airflow_tutorial/py_env/lib/python3.12/site-packages/airflow/example_dags/example_skip_dag.py
[2024-09-01T01:14:01.885+0530] {logging_mixin.py:190} INFO - [2024-09-01T01:14:01.885+0530] {dag.py:3211} INFO - Sync 1 DAGs
[2024-09-01T01:14:01.891+0530] {logging_mixin.py:190} INFO - [2024-09-01T01:14:01.891+0530] {dag.py:4138} INFO - Setting next_dagrun for example_skip_dag to 2024-08-30 00:00:00+00:00, run_after=2024-08-31 00:00:00+00:00
[2024-09-01T01:14:01.897+0530] {processor.py:208} INFO - Processing /Users/ravipal/Desktop/Workspace/airflow_tutorial/py_env/lib/python3.12/site-packages/airflow/example_dags/example_skip_dag.py took 0.054 seconds
[2024-09-01T01:15:07.660+0530] {processor.py:186} INFO - Started process (PID=4812) to work on /Users/ravipal/Desktop/Workspace/airflow_tutorial/py_env/lib/python3.12/site-packages/airflow/example_dags/example_skip_dag.py
[2024-09-01T01:15:07.660+0530] {processor.py:914} INFO - Processing file /Users/ravipal/Desktop/Workspace/airflow_tutorial/py_env/lib/python3.12/site-packages/airflow/example_dags/example_skip_dag.py for tasks to queue
[2024-09-01T01:15:07.661+0530] {logging_mixin.py:190} INFO - [2024-09-01T01:15:07.661+0530] {dagbag.py:587} INFO - Filling up the DagBag from /Users/ravipal/Desktop/Workspace/airflow_tutorial/py_env/lib/python3.12/site-packages/airflow/example_dags/example_skip_dag.py
[2024-09-01T01:15:07.664+0530] {processor.py:925} INFO - DAG(s) 'example_skip_dag' retrieved from /Users/ravipal/Desktop/Workspace/airflow_tutorial/py_env/lib/python3.12/site-packages/airflow/example_dags/example_skip_dag.py
[2024-09-01T01:15:07.700+0530] {logging_mixin.py:190} INFO - [2024-09-01T01:15:07.700+0530] {dag.py:3211} INFO - Sync 1 DAGs
[2024-09-01T01:15:07.706+0530] {logging_mixin.py:190} INFO - [2024-09-01T01:15:07.706+0530] {dag.py:4138} INFO - Setting next_dagrun for example_skip_dag to 2024-08-30 00:00:00+00:00, run_after=2024-08-31 00:00:00+00:00
[2024-09-01T01:15:07.713+0530] {processor.py:208} INFO - Processing /Users/ravipal/Desktop/Workspace/airflow_tutorial/py_env/lib/python3.12/site-packages/airflow/example_dags/example_skip_dag.py took 0.055 seconds
[2024-09-01T01:16:13.219+0530] {processor.py:186} INFO - Started process (PID=4877) to work on /Users/ravipal/Desktop/Workspace/airflow_tutorial/py_env/lib/python3.12/site-packages/airflow/example_dags/example_skip_dag.py
[2024-09-01T01:16:13.219+0530] {processor.py:914} INFO - Processing file /Users/ravipal/Desktop/Workspace/airflow_tutorial/py_env/lib/python3.12/site-packages/airflow/example_dags/example_skip_dag.py for tasks to queue
[2024-09-01T01:16:13.220+0530] {logging_mixin.py:190} INFO - [2024-09-01T01:16:13.220+0530] {dagbag.py:587} INFO - Filling up the DagBag from /Users/ravipal/Desktop/Workspace/airflow_tutorial/py_env/lib/python3.12/site-packages/airflow/example_dags/example_skip_dag.py
[2024-09-01T01:16:13.223+0530] {processor.py:925} INFO - DAG(s) 'example_skip_dag' retrieved from /Users/ravipal/Desktop/Workspace/airflow_tutorial/py_env/lib/python3.12/site-packages/airflow/example_dags/example_skip_dag.py
[2024-09-01T01:16:13.258+0530] {logging_mixin.py:190} INFO - [2024-09-01T01:16:13.258+0530] {dag.py:3211} INFO - Sync 1 DAGs
[2024-09-01T01:16:13.264+0530] {logging_mixin.py:190} INFO - [2024-09-01T01:16:13.264+0530] {dag.py:4138} INFO - Setting next_dagrun for example_skip_dag to 2024-08-30 00:00:00+00:00, run_after=2024-08-31 00:00:00+00:00
[2024-09-01T01:16:13.270+0530] {processor.py:208} INFO - Processing /Users/ravipal/Desktop/Workspace/airflow_tutorial/py_env/lib/python3.12/site-packages/airflow/example_dags/example_skip_dag.py took 0.053 seconds
[2024-09-01T01:17:17.808+0530] {processor.py:186} INFO - Started process (PID=4942) to work on /Users/ravipal/Desktop/Workspace/airflow_tutorial/py_env/lib/python3.12/site-packages/airflow/example_dags/example_skip_dag.py
[2024-09-01T01:17:17.808+0530] {processor.py:914} INFO - Processing file /Users/ravipal/Desktop/Workspace/airflow_tutorial/py_env/lib/python3.12/site-packages/airflow/example_dags/example_skip_dag.py for tasks to queue
[2024-09-01T01:17:17.808+0530] {logging_mixin.py:190} INFO - [2024-09-01T01:17:17.808+0530] {dagbag.py:587} INFO - Filling up the DagBag from /Users/ravipal/Desktop/Workspace/airflow_tutorial/py_env/lib/python3.12/site-packages/airflow/example_dags/example_skip_dag.py
[2024-09-01T01:17:17.811+0530] {processor.py:925} INFO - DAG(s) 'example_skip_dag' retrieved from /Users/ravipal/Desktop/Workspace/airflow_tutorial/py_env/lib/python3.12/site-packages/airflow/example_dags/example_skip_dag.py
[2024-09-01T01:17:17.847+0530] {logging_mixin.py:190} INFO - [2024-09-01T01:17:17.846+0530] {dag.py:3211} INFO - Sync 1 DAGs
[2024-09-01T01:17:17.852+0530] {logging_mixin.py:190} INFO - [2024-09-01T01:17:17.852+0530] {dag.py:4138} INFO - Setting next_dagrun for example_skip_dag to 2024-08-30 00:00:00+00:00, run_after=2024-08-31 00:00:00+00:00
[2024-09-01T01:17:17.859+0530] {processor.py:208} INFO - Processing /Users/ravipal/Desktop/Workspace/airflow_tutorial/py_env/lib/python3.12/site-packages/airflow/example_dags/example_skip_dag.py took 0.053 seconds
[2024-09-01T01:18:24.058+0530] {processor.py:186} INFO - Started process (PID=5010) to work on /Users/ravipal/Desktop/Workspace/airflow_tutorial/py_env/lib/python3.12/site-packages/airflow/example_dags/example_skip_dag.py
[2024-09-01T01:18:24.059+0530] {processor.py:914} INFO - Processing file /Users/ravipal/Desktop/Workspace/airflow_tutorial/py_env/lib/python3.12/site-packages/airflow/example_dags/example_skip_dag.py for tasks to queue
[2024-09-01T01:18:24.059+0530] {logging_mixin.py:190} INFO - [2024-09-01T01:18:24.059+0530] {dagbag.py:587} INFO - Filling up the DagBag from /Users/ravipal/Desktop/Workspace/airflow_tutorial/py_env/lib/python3.12/site-packages/airflow/example_dags/example_skip_dag.py
[2024-09-01T01:18:24.062+0530] {processor.py:925} INFO - DAG(s) 'example_skip_dag' retrieved from /Users/ravipal/Desktop/Workspace/airflow_tutorial/py_env/lib/python3.12/site-packages/airflow/example_dags/example_skip_dag.py
[2024-09-01T01:18:24.098+0530] {logging_mixin.py:190} INFO - [2024-09-01T01:18:24.098+0530] {dag.py:3211} INFO - Sync 1 DAGs
[2024-09-01T01:18:24.104+0530] {logging_mixin.py:190} INFO - [2024-09-01T01:18:24.104+0530] {dag.py:4138} INFO - Setting next_dagrun for example_skip_dag to 2024-08-30 00:00:00+00:00, run_after=2024-08-31 00:00:00+00:00
[2024-09-01T01:18:24.110+0530] {processor.py:208} INFO - Processing /Users/ravipal/Desktop/Workspace/airflow_tutorial/py_env/lib/python3.12/site-packages/airflow/example_dags/example_skip_dag.py took 0.054 seconds
