[2024-09-01T00:23:59.912+0530] {processor.py:186} INFO - Started process (PID=1484) to work on /Users/ravipal/Desktop/Workspace/airflow_tutorial/py_env/lib/python3.12/site-packages/airflow/example_dags/example_dag_decorator.py
[2024-09-01T00:23:59.912+0530] {processor.py:914} INFO - Processing file /Users/ravipal/Desktop/Workspace/airflow_tutorial/py_env/lib/python3.12/site-packages/airflow/example_dags/example_dag_decorator.py for tasks to queue
[2024-09-01T00:23:59.913+0530] {logging_mixin.py:190} INFO - [2024-09-01T00:23:59.913+0530] {dagbag.py:587} INFO - Filling up the DagBag from /Users/ravipal/Desktop/Workspace/airflow_tutorial/py_env/lib/python3.12/site-packages/airflow/example_dags/example_dag_decorator.py
[2024-09-01T00:23:59.960+0530] {processor.py:925} INFO - DAG(s) 'example_dag_decorator' retrieved from /Users/ravipal/Desktop/Workspace/airflow_tutorial/py_env/lib/python3.12/site-packages/airflow/example_dags/example_dag_decorator.py
[2024-09-01T00:24:00.050+0530] {logging_mixin.py:190} INFO - [2024-09-01T00:24:00.049+0530] {override.py:1858} INFO - Created Permission View: can delete on DAG:example_dag_decorator
[2024-09-01T00:24:00.053+0530] {logging_mixin.py:190} INFO - [2024-09-01T00:24:00.052+0530] {override.py:1858} INFO - Created Permission View: can read on DAG:example_dag_decorator
[2024-09-01T00:24:00.055+0530] {logging_mixin.py:190} INFO - [2024-09-01T00:24:00.054+0530] {override.py:1858} INFO - Created Permission View: can edit on DAG:example_dag_decorator
[2024-09-01T00:24:00.055+0530] {logging_mixin.py:190} INFO - [2024-09-01T00:24:00.055+0530] {dag.py:3211} INFO - Sync 1 DAGs
[2024-09-01T00:24:00.059+0530] {logging_mixin.py:190} INFO - [2024-09-01T00:24:00.059+0530] {dag.py:3234} INFO - Creating ORM DAG for example_dag_decorator
[2024-09-01T00:24:00.059+0530] {logging_mixin.py:190} INFO - [2024-09-01T00:24:00.059+0530] {dag.py:4138} INFO - Setting next_dagrun for example_dag_decorator to None, run_after=None
[2024-09-01T00:24:00.065+0530] {processor.py:208} INFO - Processing /Users/ravipal/Desktop/Workspace/airflow_tutorial/py_env/lib/python3.12/site-packages/airflow/example_dags/example_dag_decorator.py took 0.155 seconds
[2024-09-01T00:26:14.171+0530] {processor.py:186} INFO - Started process (PID=1621) to work on /Users/ravipal/Desktop/Workspace/airflow_tutorial/py_env/lib/python3.12/site-packages/airflow/example_dags/example_dag_decorator.py
[2024-09-01T00:26:14.172+0530] {processor.py:914} INFO - Processing file /Users/ravipal/Desktop/Workspace/airflow_tutorial/py_env/lib/python3.12/site-packages/airflow/example_dags/example_dag_decorator.py for tasks to queue
[2024-09-01T00:26:14.172+0530] {logging_mixin.py:190} INFO - [2024-09-01T00:26:14.172+0530] {dagbag.py:587} INFO - Filling up the DagBag from /Users/ravipal/Desktop/Workspace/airflow_tutorial/py_env/lib/python3.12/site-packages/airflow/example_dags/example_dag_decorator.py
[2024-09-01T00:26:14.220+0530] {processor.py:925} INFO - DAG(s) 'example_dag_decorator' retrieved from /Users/ravipal/Desktop/Workspace/airflow_tutorial/py_env/lib/python3.12/site-packages/airflow/example_dags/example_dag_decorator.py
[2024-09-01T00:26:14.306+0530] {logging_mixin.py:190} INFO - [2024-09-01T00:26:14.306+0530] {dag.py:3211} INFO - Sync 1 DAGs
[2024-09-01T00:26:14.309+0530] {logging_mixin.py:190} INFO - [2024-09-01T00:26:14.309+0530] {dag.py:4138} INFO - Setting next_dagrun for example_dag_decorator to None, run_after=None
[2024-09-01T00:26:14.316+0530] {processor.py:208} INFO - Processing /Users/ravipal/Desktop/Workspace/airflow_tutorial/py_env/lib/python3.12/site-packages/airflow/example_dags/example_dag_decorator.py took 0.147 seconds
[2024-09-01T00:28:34.328+0530] {processor.py:186} INFO - Started process (PID=1951) to work on /Users/ravipal/Desktop/Workspace/airflow_tutorial/py_env/lib/python3.12/site-packages/airflow/example_dags/example_dag_decorator.py
[2024-09-01T00:28:34.329+0530] {processor.py:914} INFO - Processing file /Users/ravipal/Desktop/Workspace/airflow_tutorial/py_env/lib/python3.12/site-packages/airflow/example_dags/example_dag_decorator.py for tasks to queue
[2024-09-01T00:28:34.329+0530] {logging_mixin.py:190} INFO - [2024-09-01T00:28:34.329+0530] {dagbag.py:587} INFO - Filling up the DagBag from /Users/ravipal/Desktop/Workspace/airflow_tutorial/py_env/lib/python3.12/site-packages/airflow/example_dags/example_dag_decorator.py
[2024-09-01T00:28:34.374+0530] {processor.py:925} INFO - DAG(s) 'example_dag_decorator' retrieved from /Users/ravipal/Desktop/Workspace/airflow_tutorial/py_env/lib/python3.12/site-packages/airflow/example_dags/example_dag_decorator.py
[2024-09-01T00:28:34.460+0530] {logging_mixin.py:190} INFO - [2024-09-01T00:28:34.459+0530] {dag.py:3211} INFO - Sync 1 DAGs
[2024-09-01T00:28:34.463+0530] {logging_mixin.py:190} INFO - [2024-09-01T00:28:34.463+0530] {dag.py:4138} INFO - Setting next_dagrun for example_dag_decorator to None, run_after=None
[2024-09-01T00:28:34.470+0530] {processor.py:208} INFO - Processing /Users/ravipal/Desktop/Workspace/airflow_tutorial/py_env/lib/python3.12/site-packages/airflow/example_dags/example_dag_decorator.py took 0.143 seconds
[2024-09-01T00:30:40.727+0530] {processor.py:186} INFO - Started process (PID=2083) to work on /Users/ravipal/Desktop/Workspace/airflow_tutorial/py_env/lib/python3.12/site-packages/airflow/example_dags/example_dag_decorator.py
[2024-09-01T00:30:40.727+0530] {processor.py:914} INFO - Processing file /Users/ravipal/Desktop/Workspace/airflow_tutorial/py_env/lib/python3.12/site-packages/airflow/example_dags/example_dag_decorator.py for tasks to queue
[2024-09-01T00:30:40.728+0530] {logging_mixin.py:190} INFO - [2024-09-01T00:30:40.728+0530] {dagbag.py:587} INFO - Filling up the DagBag from /Users/ravipal/Desktop/Workspace/airflow_tutorial/py_env/lib/python3.12/site-packages/airflow/example_dags/example_dag_decorator.py
[2024-09-01T00:30:40.778+0530] {processor.py:925} INFO - DAG(s) 'example_dag_decorator' retrieved from /Users/ravipal/Desktop/Workspace/airflow_tutorial/py_env/lib/python3.12/site-packages/airflow/example_dags/example_dag_decorator.py
[2024-09-01T00:30:40.869+0530] {logging_mixin.py:190} INFO - [2024-09-01T00:30:40.869+0530] {dag.py:3211} INFO - Sync 1 DAGs
[2024-09-01T00:30:40.872+0530] {logging_mixin.py:190} INFO - [2024-09-01T00:30:40.872+0530] {dag.py:4138} INFO - Setting next_dagrun for example_dag_decorator to None, run_after=None
[2024-09-01T00:30:40.879+0530] {processor.py:208} INFO - Processing /Users/ravipal/Desktop/Workspace/airflow_tutorial/py_env/lib/python3.12/site-packages/airflow/example_dags/example_dag_decorator.py took 0.155 seconds
[2024-09-01T00:32:55.020+0530] {processor.py:186} INFO - Started process (PID=2214) to work on /Users/ravipal/Desktop/Workspace/airflow_tutorial/py_env/lib/python3.12/site-packages/airflow/example_dags/example_dag_decorator.py
[2024-09-01T00:32:55.021+0530] {processor.py:914} INFO - Processing file /Users/ravipal/Desktop/Workspace/airflow_tutorial/py_env/lib/python3.12/site-packages/airflow/example_dags/example_dag_decorator.py for tasks to queue
[2024-09-01T00:32:55.021+0530] {logging_mixin.py:190} INFO - [2024-09-01T00:32:55.021+0530] {dagbag.py:587} INFO - Filling up the DagBag from /Users/ravipal/Desktop/Workspace/airflow_tutorial/py_env/lib/python3.12/site-packages/airflow/example_dags/example_dag_decorator.py
[2024-09-01T00:32:55.068+0530] {processor.py:925} INFO - DAG(s) 'example_dag_decorator' retrieved from /Users/ravipal/Desktop/Workspace/airflow_tutorial/py_env/lib/python3.12/site-packages/airflow/example_dags/example_dag_decorator.py
[2024-09-01T00:32:55.157+0530] {logging_mixin.py:190} INFO - [2024-09-01T00:32:55.157+0530] {dag.py:3211} INFO - Sync 1 DAGs
[2024-09-01T00:32:55.161+0530] {logging_mixin.py:190} INFO - [2024-09-01T00:32:55.161+0530] {dag.py:4138} INFO - Setting next_dagrun for example_dag_decorator to None, run_after=None
[2024-09-01T00:32:55.168+0530] {processor.py:208} INFO - Processing /Users/ravipal/Desktop/Workspace/airflow_tutorial/py_env/lib/python3.12/site-packages/airflow/example_dags/example_dag_decorator.py took 0.149 seconds
[2024-09-01T00:35:12.507+0530] {processor.py:186} INFO - Started process (PID=2351) to work on /Users/ravipal/Desktop/Workspace/airflow_tutorial/py_env/lib/python3.12/site-packages/airflow/example_dags/example_dag_decorator.py
[2024-09-01T00:35:12.508+0530] {processor.py:914} INFO - Processing file /Users/ravipal/Desktop/Workspace/airflow_tutorial/py_env/lib/python3.12/site-packages/airflow/example_dags/example_dag_decorator.py for tasks to queue
[2024-09-01T00:35:12.508+0530] {logging_mixin.py:190} INFO - [2024-09-01T00:35:12.508+0530] {dagbag.py:587} INFO - Filling up the DagBag from /Users/ravipal/Desktop/Workspace/airflow_tutorial/py_env/lib/python3.12/site-packages/airflow/example_dags/example_dag_decorator.py
[2024-09-01T00:35:12.555+0530] {processor.py:925} INFO - DAG(s) 'example_dag_decorator' retrieved from /Users/ravipal/Desktop/Workspace/airflow_tutorial/py_env/lib/python3.12/site-packages/airflow/example_dags/example_dag_decorator.py
[2024-09-01T00:35:12.641+0530] {logging_mixin.py:190} INFO - [2024-09-01T00:35:12.641+0530] {dag.py:3211} INFO - Sync 1 DAGs
[2024-09-01T00:35:12.644+0530] {logging_mixin.py:190} INFO - [2024-09-01T00:35:12.644+0530] {dag.py:4138} INFO - Setting next_dagrun for example_dag_decorator to None, run_after=None
[2024-09-01T00:35:12.651+0530] {processor.py:208} INFO - Processing /Users/ravipal/Desktop/Workspace/airflow_tutorial/py_env/lib/python3.12/site-packages/airflow/example_dags/example_dag_decorator.py took 0.146 seconds
[2024-09-01T00:37:26.685+0530] {processor.py:186} INFO - Started process (PID=2486) to work on /Users/ravipal/Desktop/Workspace/airflow_tutorial/py_env/lib/python3.12/site-packages/airflow/example_dags/example_dag_decorator.py
[2024-09-01T00:37:26.685+0530] {processor.py:914} INFO - Processing file /Users/ravipal/Desktop/Workspace/airflow_tutorial/py_env/lib/python3.12/site-packages/airflow/example_dags/example_dag_decorator.py for tasks to queue
[2024-09-01T00:37:26.686+0530] {logging_mixin.py:190} INFO - [2024-09-01T00:37:26.686+0530] {dagbag.py:587} INFO - Filling up the DagBag from /Users/ravipal/Desktop/Workspace/airflow_tutorial/py_env/lib/python3.12/site-packages/airflow/example_dags/example_dag_decorator.py
[2024-09-01T00:37:26.751+0530] {processor.py:925} INFO - DAG(s) 'example_dag_decorator' retrieved from /Users/ravipal/Desktop/Workspace/airflow_tutorial/py_env/lib/python3.12/site-packages/airflow/example_dags/example_dag_decorator.py
[2024-09-01T00:37:26.842+0530] {logging_mixin.py:190} INFO - [2024-09-01T00:37:26.842+0530] {dag.py:3211} INFO - Sync 1 DAGs
[2024-09-01T00:37:26.846+0530] {logging_mixin.py:190} INFO - [2024-09-01T00:37:26.846+0530] {dag.py:4138} INFO - Setting next_dagrun for example_dag_decorator to None, run_after=None
[2024-09-01T00:37:26.852+0530] {processor.py:208} INFO - Processing /Users/ravipal/Desktop/Workspace/airflow_tutorial/py_env/lib/python3.12/site-packages/airflow/example_dags/example_dag_decorator.py took 0.170 seconds
[2024-09-01T00:39:31.715+0530] {processor.py:186} INFO - Started process (PID=2613) to work on /Users/ravipal/Desktop/Workspace/airflow_tutorial/py_env/lib/python3.12/site-packages/airflow/example_dags/example_dag_decorator.py
[2024-09-01T00:39:31.715+0530] {processor.py:914} INFO - Processing file /Users/ravipal/Desktop/Workspace/airflow_tutorial/py_env/lib/python3.12/site-packages/airflow/example_dags/example_dag_decorator.py for tasks to queue
[2024-09-01T00:39:31.715+0530] {logging_mixin.py:190} INFO - [2024-09-01T00:39:31.715+0530] {dagbag.py:587} INFO - Filling up the DagBag from /Users/ravipal/Desktop/Workspace/airflow_tutorial/py_env/lib/python3.12/site-packages/airflow/example_dags/example_dag_decorator.py
[2024-09-01T00:39:31.763+0530] {processor.py:925} INFO - DAG(s) 'example_dag_decorator' retrieved from /Users/ravipal/Desktop/Workspace/airflow_tutorial/py_env/lib/python3.12/site-packages/airflow/example_dags/example_dag_decorator.py
[2024-09-01T00:39:31.849+0530] {logging_mixin.py:190} INFO - [2024-09-01T00:39:31.849+0530] {dag.py:3211} INFO - Sync 1 DAGs
[2024-09-01T00:39:31.852+0530] {logging_mixin.py:190} INFO - [2024-09-01T00:39:31.852+0530] {dag.py:4138} INFO - Setting next_dagrun for example_dag_decorator to None, run_after=None
[2024-09-01T00:39:31.859+0530] {processor.py:208} INFO - Processing /Users/ravipal/Desktop/Workspace/airflow_tutorial/py_env/lib/python3.12/site-packages/airflow/example_dags/example_dag_decorator.py took 0.146 seconds
[2024-09-01T00:41:43.358+0530] {processor.py:186} INFO - Started process (PID=2743) to work on /Users/ravipal/Desktop/Workspace/airflow_tutorial/py_env/lib/python3.12/site-packages/airflow/example_dags/example_dag_decorator.py
[2024-09-01T00:41:43.359+0530] {processor.py:914} INFO - Processing file /Users/ravipal/Desktop/Workspace/airflow_tutorial/py_env/lib/python3.12/site-packages/airflow/example_dags/example_dag_decorator.py for tasks to queue
[2024-09-01T00:41:43.359+0530] {logging_mixin.py:190} INFO - [2024-09-01T00:41:43.359+0530] {dagbag.py:587} INFO - Filling up the DagBag from /Users/ravipal/Desktop/Workspace/airflow_tutorial/py_env/lib/python3.12/site-packages/airflow/example_dags/example_dag_decorator.py
[2024-09-01T00:41:43.407+0530] {processor.py:925} INFO - DAG(s) 'example_dag_decorator' retrieved from /Users/ravipal/Desktop/Workspace/airflow_tutorial/py_env/lib/python3.12/site-packages/airflow/example_dags/example_dag_decorator.py
[2024-09-01T00:41:43.493+0530] {logging_mixin.py:190} INFO - [2024-09-01T00:41:43.493+0530] {dag.py:3211} INFO - Sync 1 DAGs
[2024-09-01T00:41:43.496+0530] {logging_mixin.py:190} INFO - [2024-09-01T00:41:43.496+0530] {dag.py:4138} INFO - Setting next_dagrun for example_dag_decorator to None, run_after=None
[2024-09-01T00:41:43.503+0530] {processor.py:208} INFO - Processing /Users/ravipal/Desktop/Workspace/airflow_tutorial/py_env/lib/python3.12/site-packages/airflow/example_dags/example_dag_decorator.py took 0.147 seconds
[2024-09-01T00:43:56.801+0530] {processor.py:186} INFO - Started process (PID=2876) to work on /Users/ravipal/Desktop/Workspace/airflow_tutorial/py_env/lib/python3.12/site-packages/airflow/example_dags/example_dag_decorator.py
[2024-09-01T00:43:56.801+0530] {processor.py:914} INFO - Processing file /Users/ravipal/Desktop/Workspace/airflow_tutorial/py_env/lib/python3.12/site-packages/airflow/example_dags/example_dag_decorator.py for tasks to queue
[2024-09-01T00:43:56.801+0530] {logging_mixin.py:190} INFO - [2024-09-01T00:43:56.801+0530] {dagbag.py:587} INFO - Filling up the DagBag from /Users/ravipal/Desktop/Workspace/airflow_tutorial/py_env/lib/python3.12/site-packages/airflow/example_dags/example_dag_decorator.py
[2024-09-01T00:43:56.849+0530] {processor.py:925} INFO - DAG(s) 'example_dag_decorator' retrieved from /Users/ravipal/Desktop/Workspace/airflow_tutorial/py_env/lib/python3.12/site-packages/airflow/example_dags/example_dag_decorator.py
[2024-09-01T00:43:56.934+0530] {logging_mixin.py:190} INFO - [2024-09-01T00:43:56.934+0530] {dag.py:3211} INFO - Sync 1 DAGs
[2024-09-01T00:43:56.938+0530] {logging_mixin.py:190} INFO - [2024-09-01T00:43:56.938+0530] {dag.py:4138} INFO - Setting next_dagrun for example_dag_decorator to None, run_after=None
[2024-09-01T00:43:56.944+0530] {processor.py:208} INFO - Processing /Users/ravipal/Desktop/Workspace/airflow_tutorial/py_env/lib/python3.12/site-packages/airflow/example_dags/example_dag_decorator.py took 0.146 seconds
[2024-09-01T00:46:12.369+0530] {processor.py:186} INFO - Started process (PID=3010) to work on /Users/ravipal/Desktop/Workspace/airflow_tutorial/py_env/lib/python3.12/site-packages/airflow/example_dags/example_dag_decorator.py
[2024-09-01T00:46:12.370+0530] {processor.py:914} INFO - Processing file /Users/ravipal/Desktop/Workspace/airflow_tutorial/py_env/lib/python3.12/site-packages/airflow/example_dags/example_dag_decorator.py for tasks to queue
[2024-09-01T00:46:12.370+0530] {logging_mixin.py:190} INFO - [2024-09-01T00:46:12.370+0530] {dagbag.py:587} INFO - Filling up the DagBag from /Users/ravipal/Desktop/Workspace/airflow_tutorial/py_env/lib/python3.12/site-packages/airflow/example_dags/example_dag_decorator.py
[2024-09-01T00:46:12.418+0530] {processor.py:925} INFO - DAG(s) 'example_dag_decorator' retrieved from /Users/ravipal/Desktop/Workspace/airflow_tutorial/py_env/lib/python3.12/site-packages/airflow/example_dags/example_dag_decorator.py
[2024-09-01T00:46:12.503+0530] {logging_mixin.py:190} INFO - [2024-09-01T00:46:12.503+0530] {dag.py:3211} INFO - Sync 1 DAGs
[2024-09-01T00:46:12.507+0530] {logging_mixin.py:190} INFO - [2024-09-01T00:46:12.507+0530] {dag.py:4138} INFO - Setting next_dagrun for example_dag_decorator to None, run_after=None
[2024-09-01T00:46:12.513+0530] {processor.py:208} INFO - Processing /Users/ravipal/Desktop/Workspace/airflow_tutorial/py_env/lib/python3.12/site-packages/airflow/example_dags/example_dag_decorator.py took 0.146 seconds
[2024-09-01T00:48:21.529+0530] {processor.py:186} INFO - Started process (PID=3140) to work on /Users/ravipal/Desktop/Workspace/airflow_tutorial/py_env/lib/python3.12/site-packages/airflow/example_dags/example_dag_decorator.py
[2024-09-01T00:48:21.529+0530] {processor.py:914} INFO - Processing file /Users/ravipal/Desktop/Workspace/airflow_tutorial/py_env/lib/python3.12/site-packages/airflow/example_dags/example_dag_decorator.py for tasks to queue
[2024-09-01T00:48:21.529+0530] {logging_mixin.py:190} INFO - [2024-09-01T00:48:21.529+0530] {dagbag.py:587} INFO - Filling up the DagBag from /Users/ravipal/Desktop/Workspace/airflow_tutorial/py_env/lib/python3.12/site-packages/airflow/example_dags/example_dag_decorator.py
[2024-09-01T00:48:21.578+0530] {processor.py:925} INFO - DAG(s) 'example_dag_decorator' retrieved from /Users/ravipal/Desktop/Workspace/airflow_tutorial/py_env/lib/python3.12/site-packages/airflow/example_dags/example_dag_decorator.py
[2024-09-01T00:48:21.663+0530] {logging_mixin.py:190} INFO - [2024-09-01T00:48:21.663+0530] {dag.py:3211} INFO - Sync 1 DAGs
[2024-09-01T00:48:21.666+0530] {logging_mixin.py:190} INFO - [2024-09-01T00:48:21.666+0530] {dag.py:4138} INFO - Setting next_dagrun for example_dag_decorator to None, run_after=None
[2024-09-01T00:48:21.673+0530] {processor.py:208} INFO - Processing /Users/ravipal/Desktop/Workspace/airflow_tutorial/py_env/lib/python3.12/site-packages/airflow/example_dags/example_dag_decorator.py took 0.146 seconds
[2024-09-01T00:50:32.803+0530] {processor.py:186} INFO - Started process (PID=3294) to work on /Users/ravipal/Desktop/Workspace/airflow_tutorial/py_env/lib/python3.12/site-packages/airflow/example_dags/example_dag_decorator.py
[2024-09-01T00:50:32.805+0530] {processor.py:914} INFO - Processing file /Users/ravipal/Desktop/Workspace/airflow_tutorial/py_env/lib/python3.12/site-packages/airflow/example_dags/example_dag_decorator.py for tasks to queue
[2024-09-01T00:50:32.805+0530] {logging_mixin.py:190} INFO - [2024-09-01T00:50:32.805+0530] {dagbag.py:587} INFO - Filling up the DagBag from /Users/ravipal/Desktop/Workspace/airflow_tutorial/py_env/lib/python3.12/site-packages/airflow/example_dags/example_dag_decorator.py
[2024-09-01T00:50:32.870+0530] {processor.py:925} INFO - DAG(s) 'example_dag_decorator' retrieved from /Users/ravipal/Desktop/Workspace/airflow_tutorial/py_env/lib/python3.12/site-packages/airflow/example_dags/example_dag_decorator.py
[2024-09-01T00:50:32.973+0530] {logging_mixin.py:190} INFO - [2024-09-01T00:50:32.973+0530] {dag.py:3211} INFO - Sync 1 DAGs
[2024-09-01T00:50:32.976+0530] {logging_mixin.py:190} INFO - [2024-09-01T00:50:32.976+0530] {dag.py:4138} INFO - Setting next_dagrun for example_dag_decorator to None, run_after=None
[2024-09-01T00:50:32.983+0530] {processor.py:208} INFO - Processing /Users/ravipal/Desktop/Workspace/airflow_tutorial/py_env/lib/python3.12/site-packages/airflow/example_dags/example_dag_decorator.py took 0.182 seconds
[2024-09-01T00:52:45.922+0530] {processor.py:186} INFO - Started process (PID=3429) to work on /Users/ravipal/Desktop/Workspace/airflow_tutorial/py_env/lib/python3.12/site-packages/airflow/example_dags/example_dag_decorator.py
[2024-09-01T00:52:45.923+0530] {processor.py:914} INFO - Processing file /Users/ravipal/Desktop/Workspace/airflow_tutorial/py_env/lib/python3.12/site-packages/airflow/example_dags/example_dag_decorator.py for tasks to queue
[2024-09-01T00:52:45.924+0530] {logging_mixin.py:190} INFO - [2024-09-01T00:52:45.924+0530] {dagbag.py:587} INFO - Filling up the DagBag from /Users/ravipal/Desktop/Workspace/airflow_tutorial/py_env/lib/python3.12/site-packages/airflow/example_dags/example_dag_decorator.py
[2024-09-01T00:52:45.982+0530] {processor.py:925} INFO - DAG(s) 'example_dag_decorator' retrieved from /Users/ravipal/Desktop/Workspace/airflow_tutorial/py_env/lib/python3.12/site-packages/airflow/example_dags/example_dag_decorator.py
[2024-09-01T00:52:46.067+0530] {logging_mixin.py:190} INFO - [2024-09-01T00:52:46.067+0530] {dag.py:3211} INFO - Sync 1 DAGs
[2024-09-01T00:52:46.071+0530] {logging_mixin.py:190} INFO - [2024-09-01T00:52:46.071+0530] {dag.py:4138} INFO - Setting next_dagrun for example_dag_decorator to None, run_after=None
[2024-09-01T00:52:46.078+0530] {processor.py:208} INFO - Processing /Users/ravipal/Desktop/Workspace/airflow_tutorial/py_env/lib/python3.12/site-packages/airflow/example_dags/example_dag_decorator.py took 0.158 seconds
[2024-09-01T00:54:57.525+0530] {processor.py:186} INFO - Started process (PID=3562) to work on /Users/ravipal/Desktop/Workspace/airflow_tutorial/py_env/lib/python3.12/site-packages/airflow/example_dags/example_dag_decorator.py
[2024-09-01T00:54:57.525+0530] {processor.py:914} INFO - Processing file /Users/ravipal/Desktop/Workspace/airflow_tutorial/py_env/lib/python3.12/site-packages/airflow/example_dags/example_dag_decorator.py for tasks to queue
[2024-09-01T00:54:57.526+0530] {logging_mixin.py:190} INFO - [2024-09-01T00:54:57.526+0530] {dagbag.py:587} INFO - Filling up the DagBag from /Users/ravipal/Desktop/Workspace/airflow_tutorial/py_env/lib/python3.12/site-packages/airflow/example_dags/example_dag_decorator.py
[2024-09-01T00:54:57.573+0530] {processor.py:925} INFO - DAG(s) 'example_dag_decorator' retrieved from /Users/ravipal/Desktop/Workspace/airflow_tutorial/py_env/lib/python3.12/site-packages/airflow/example_dags/example_dag_decorator.py
[2024-09-01T00:54:57.658+0530] {logging_mixin.py:190} INFO - [2024-09-01T00:54:57.658+0530] {dag.py:3211} INFO - Sync 1 DAGs
[2024-09-01T00:54:57.662+0530] {logging_mixin.py:190} INFO - [2024-09-01T00:54:57.661+0530] {dag.py:4138} INFO - Setting next_dagrun for example_dag_decorator to None, run_after=None
[2024-09-01T00:54:57.669+0530] {processor.py:208} INFO - Processing /Users/ravipal/Desktop/Workspace/airflow_tutorial/py_env/lib/python3.12/site-packages/airflow/example_dags/example_dag_decorator.py took 0.146 seconds
[2024-09-01T00:57:08.231+0530] {processor.py:186} INFO - Started process (PID=3692) to work on /Users/ravipal/Desktop/Workspace/airflow_tutorial/py_env/lib/python3.12/site-packages/airflow/example_dags/example_dag_decorator.py
[2024-09-01T00:57:08.231+0530] {processor.py:914} INFO - Processing file /Users/ravipal/Desktop/Workspace/airflow_tutorial/py_env/lib/python3.12/site-packages/airflow/example_dags/example_dag_decorator.py for tasks to queue
[2024-09-01T00:57:08.231+0530] {logging_mixin.py:190} INFO - [2024-09-01T00:57:08.231+0530] {dagbag.py:587} INFO - Filling up the DagBag from /Users/ravipal/Desktop/Workspace/airflow_tutorial/py_env/lib/python3.12/site-packages/airflow/example_dags/example_dag_decorator.py
[2024-09-01T00:57:08.280+0530] {processor.py:925} INFO - DAG(s) 'example_dag_decorator' retrieved from /Users/ravipal/Desktop/Workspace/airflow_tutorial/py_env/lib/python3.12/site-packages/airflow/example_dags/example_dag_decorator.py
[2024-09-01T00:57:08.366+0530] {logging_mixin.py:190} INFO - [2024-09-01T00:57:08.366+0530] {dag.py:3211} INFO - Sync 1 DAGs
[2024-09-01T00:57:08.369+0530] {logging_mixin.py:190} INFO - [2024-09-01T00:57:08.369+0530] {dag.py:4138} INFO - Setting next_dagrun for example_dag_decorator to None, run_after=None
[2024-09-01T00:57:08.376+0530] {processor.py:208} INFO - Processing /Users/ravipal/Desktop/Workspace/airflow_tutorial/py_env/lib/python3.12/site-packages/airflow/example_dags/example_dag_decorator.py took 0.148 seconds
[2024-09-01T00:59:20.537+0530] {processor.py:186} INFO - Started process (PID=3823) to work on /Users/ravipal/Desktop/Workspace/airflow_tutorial/py_env/lib/python3.12/site-packages/airflow/example_dags/example_dag_decorator.py
[2024-09-01T00:59:20.538+0530] {processor.py:914} INFO - Processing file /Users/ravipal/Desktop/Workspace/airflow_tutorial/py_env/lib/python3.12/site-packages/airflow/example_dags/example_dag_decorator.py for tasks to queue
[2024-09-01T00:59:20.538+0530] {logging_mixin.py:190} INFO - [2024-09-01T00:59:20.538+0530] {dagbag.py:587} INFO - Filling up the DagBag from /Users/ravipal/Desktop/Workspace/airflow_tutorial/py_env/lib/python3.12/site-packages/airflow/example_dags/example_dag_decorator.py
[2024-09-01T00:59:20.585+0530] {processor.py:925} INFO - DAG(s) 'example_dag_decorator' retrieved from /Users/ravipal/Desktop/Workspace/airflow_tutorial/py_env/lib/python3.12/site-packages/airflow/example_dags/example_dag_decorator.py
[2024-09-01T00:59:20.670+0530] {logging_mixin.py:190} INFO - [2024-09-01T00:59:20.670+0530] {dag.py:3211} INFO - Sync 1 DAGs
[2024-09-01T00:59:20.674+0530] {logging_mixin.py:190} INFO - [2024-09-01T00:59:20.674+0530] {dag.py:4138} INFO - Setting next_dagrun for example_dag_decorator to None, run_after=None
[2024-09-01T00:59:20.681+0530] {processor.py:208} INFO - Processing /Users/ravipal/Desktop/Workspace/airflow_tutorial/py_env/lib/python3.12/site-packages/airflow/example_dags/example_dag_decorator.py took 0.145 seconds
[2024-09-01T01:01:28.684+0530] {processor.py:186} INFO - Started process (PID=3952) to work on /Users/ravipal/Desktop/Workspace/airflow_tutorial/py_env/lib/python3.12/site-packages/airflow/example_dags/example_dag_decorator.py
[2024-09-01T01:01:28.684+0530] {processor.py:914} INFO - Processing file /Users/ravipal/Desktop/Workspace/airflow_tutorial/py_env/lib/python3.12/site-packages/airflow/example_dags/example_dag_decorator.py for tasks to queue
[2024-09-01T01:01:28.685+0530] {logging_mixin.py:190} INFO - [2024-09-01T01:01:28.685+0530] {dagbag.py:587} INFO - Filling up the DagBag from /Users/ravipal/Desktop/Workspace/airflow_tutorial/py_env/lib/python3.12/site-packages/airflow/example_dags/example_dag_decorator.py
[2024-09-01T01:01:28.733+0530] {processor.py:925} INFO - DAG(s) 'example_dag_decorator' retrieved from /Users/ravipal/Desktop/Workspace/airflow_tutorial/py_env/lib/python3.12/site-packages/airflow/example_dags/example_dag_decorator.py
[2024-09-01T01:01:28.818+0530] {logging_mixin.py:190} INFO - [2024-09-01T01:01:28.818+0530] {dag.py:3211} INFO - Sync 1 DAGs
[2024-09-01T01:01:28.822+0530] {logging_mixin.py:190} INFO - [2024-09-01T01:01:28.822+0530] {dag.py:4138} INFO - Setting next_dagrun for example_dag_decorator to None, run_after=None
[2024-09-01T01:01:28.829+0530] {processor.py:208} INFO - Processing /Users/ravipal/Desktop/Workspace/airflow_tutorial/py_env/lib/python3.12/site-packages/airflow/example_dags/example_dag_decorator.py took 0.147 seconds
[2024-09-01T01:03:32.704+0530] {processor.py:186} INFO - Started process (PID=4084) to work on /Users/ravipal/Desktop/Workspace/airflow_tutorial/py_env/lib/python3.12/site-packages/airflow/example_dags/example_dag_decorator.py
[2024-09-01T01:03:32.704+0530] {processor.py:914} INFO - Processing file /Users/ravipal/Desktop/Workspace/airflow_tutorial/py_env/lib/python3.12/site-packages/airflow/example_dags/example_dag_decorator.py for tasks to queue
[2024-09-01T01:03:32.704+0530] {logging_mixin.py:190} INFO - [2024-09-01T01:03:32.704+0530] {dagbag.py:587} INFO - Filling up the DagBag from /Users/ravipal/Desktop/Workspace/airflow_tutorial/py_env/lib/python3.12/site-packages/airflow/example_dags/example_dag_decorator.py
[2024-09-01T01:03:32.752+0530] {processor.py:925} INFO - DAG(s) 'example_dag_decorator' retrieved from /Users/ravipal/Desktop/Workspace/airflow_tutorial/py_env/lib/python3.12/site-packages/airflow/example_dags/example_dag_decorator.py
[2024-09-01T01:03:32.839+0530] {logging_mixin.py:190} INFO - [2024-09-01T01:03:32.839+0530] {dag.py:3211} INFO - Sync 1 DAGs
[2024-09-01T01:03:32.842+0530] {logging_mixin.py:190} INFO - [2024-09-01T01:03:32.842+0530] {dag.py:4138} INFO - Setting next_dagrun for example_dag_decorator to None, run_after=None
[2024-09-01T01:03:32.849+0530] {processor.py:208} INFO - Processing /Users/ravipal/Desktop/Workspace/airflow_tutorial/py_env/lib/python3.12/site-packages/airflow/example_dags/example_dag_decorator.py took 0.148 seconds
[2024-09-01T01:05:40.897+0530] {processor.py:186} INFO - Started process (PID=4238) to work on /Users/ravipal/Desktop/Workspace/airflow_tutorial/py_env/lib/python3.12/site-packages/airflow/example_dags/example_dag_decorator.py
[2024-09-01T01:05:40.897+0530] {processor.py:914} INFO - Processing file /Users/ravipal/Desktop/Workspace/airflow_tutorial/py_env/lib/python3.12/site-packages/airflow/example_dags/example_dag_decorator.py for tasks to queue
[2024-09-01T01:05:40.898+0530] {logging_mixin.py:190} INFO - [2024-09-01T01:05:40.898+0530] {dagbag.py:587} INFO - Filling up the DagBag from /Users/ravipal/Desktop/Workspace/airflow_tutorial/py_env/lib/python3.12/site-packages/airflow/example_dags/example_dag_decorator.py
[2024-09-01T01:05:40.949+0530] {processor.py:925} INFO - DAG(s) 'example_dag_decorator' retrieved from /Users/ravipal/Desktop/Workspace/airflow_tutorial/py_env/lib/python3.12/site-packages/airflow/example_dags/example_dag_decorator.py
[2024-09-01T01:05:41.039+0530] {logging_mixin.py:190} INFO - [2024-09-01T01:05:41.039+0530] {dag.py:3211} INFO - Sync 1 DAGs
[2024-09-01T01:05:41.042+0530] {logging_mixin.py:190} INFO - [2024-09-01T01:05:41.042+0530] {dag.py:4138} INFO - Setting next_dagrun for example_dag_decorator to None, run_after=None
[2024-09-01T01:05:41.049+0530] {processor.py:208} INFO - Processing /Users/ravipal/Desktop/Workspace/airflow_tutorial/py_env/lib/python3.12/site-packages/airflow/example_dags/example_dag_decorator.py took 0.154 seconds
[2024-09-01T01:07:53.231+0530] {processor.py:186} INFO - Started process (PID=4376) to work on /Users/ravipal/Desktop/Workspace/airflow_tutorial/py_env/lib/python3.12/site-packages/airflow/example_dags/example_dag_decorator.py
[2024-09-01T01:07:53.231+0530] {processor.py:914} INFO - Processing file /Users/ravipal/Desktop/Workspace/airflow_tutorial/py_env/lib/python3.12/site-packages/airflow/example_dags/example_dag_decorator.py for tasks to queue
[2024-09-01T01:07:53.231+0530] {logging_mixin.py:190} INFO - [2024-09-01T01:07:53.231+0530] {dagbag.py:587} INFO - Filling up the DagBag from /Users/ravipal/Desktop/Workspace/airflow_tutorial/py_env/lib/python3.12/site-packages/airflow/example_dags/example_dag_decorator.py
[2024-09-01T01:07:53.279+0530] {processor.py:925} INFO - DAG(s) 'example_dag_decorator' retrieved from /Users/ravipal/Desktop/Workspace/airflow_tutorial/py_env/lib/python3.12/site-packages/airflow/example_dags/example_dag_decorator.py
[2024-09-01T01:07:53.365+0530] {logging_mixin.py:190} INFO - [2024-09-01T01:07:53.365+0530] {dag.py:3211} INFO - Sync 1 DAGs
[2024-09-01T01:07:53.368+0530] {logging_mixin.py:190} INFO - [2024-09-01T01:07:53.368+0530] {dag.py:4138} INFO - Setting next_dagrun for example_dag_decorator to None, run_after=None
[2024-09-01T01:07:53.375+0530] {processor.py:208} INFO - Processing /Users/ravipal/Desktop/Workspace/airflow_tutorial/py_env/lib/python3.12/site-packages/airflow/example_dags/example_dag_decorator.py took 0.147 seconds
[2024-09-01T01:10:02.303+0530] {processor.py:186} INFO - Started process (PID=4504) to work on /Users/ravipal/Desktop/Workspace/airflow_tutorial/py_env/lib/python3.12/site-packages/airflow/example_dags/example_dag_decorator.py
[2024-09-01T01:10:02.304+0530] {processor.py:914} INFO - Processing file /Users/ravipal/Desktop/Workspace/airflow_tutorial/py_env/lib/python3.12/site-packages/airflow/example_dags/example_dag_decorator.py for tasks to queue
[2024-09-01T01:10:02.304+0530] {logging_mixin.py:190} INFO - [2024-09-01T01:10:02.304+0530] {dagbag.py:587} INFO - Filling up the DagBag from /Users/ravipal/Desktop/Workspace/airflow_tutorial/py_env/lib/python3.12/site-packages/airflow/example_dags/example_dag_decorator.py
[2024-09-01T01:10:02.355+0530] {processor.py:925} INFO - DAG(s) 'example_dag_decorator' retrieved from /Users/ravipal/Desktop/Workspace/airflow_tutorial/py_env/lib/python3.12/site-packages/airflow/example_dags/example_dag_decorator.py
[2024-09-01T01:10:02.440+0530] {logging_mixin.py:190} INFO - [2024-09-01T01:10:02.439+0530] {dag.py:3211} INFO - Sync 1 DAGs
[2024-09-01T01:10:02.443+0530] {logging_mixin.py:190} INFO - [2024-09-01T01:10:02.443+0530] {dag.py:4138} INFO - Setting next_dagrun for example_dag_decorator to None, run_after=None
[2024-09-01T01:10:02.450+0530] {processor.py:208} INFO - Processing /Users/ravipal/Desktop/Workspace/airflow_tutorial/py_env/lib/python3.12/site-packages/airflow/example_dags/example_dag_decorator.py took 0.148 seconds
[2024-09-01T01:12:08.685+0530] {processor.py:186} INFO - Started process (PID=4634) to work on /Users/ravipal/Desktop/Workspace/airflow_tutorial/py_env/lib/python3.12/site-packages/airflow/example_dags/example_dag_decorator.py
[2024-09-01T01:12:08.686+0530] {processor.py:914} INFO - Processing file /Users/ravipal/Desktop/Workspace/airflow_tutorial/py_env/lib/python3.12/site-packages/airflow/example_dags/example_dag_decorator.py for tasks to queue
[2024-09-01T01:12:08.686+0530] {logging_mixin.py:190} INFO - [2024-09-01T01:12:08.686+0530] {dagbag.py:587} INFO - Filling up the DagBag from /Users/ravipal/Desktop/Workspace/airflow_tutorial/py_env/lib/python3.12/site-packages/airflow/example_dags/example_dag_decorator.py
[2024-09-01T01:12:08.736+0530] {processor.py:925} INFO - DAG(s) 'example_dag_decorator' retrieved from /Users/ravipal/Desktop/Workspace/airflow_tutorial/py_env/lib/python3.12/site-packages/airflow/example_dags/example_dag_decorator.py
[2024-09-01T01:12:08.822+0530] {logging_mixin.py:190} INFO - [2024-09-01T01:12:08.822+0530] {dag.py:3211} INFO - Sync 1 DAGs
[2024-09-01T01:12:08.825+0530] {logging_mixin.py:190} INFO - [2024-09-01T01:12:08.825+0530] {dag.py:4138} INFO - Setting next_dagrun for example_dag_decorator to None, run_after=None
[2024-09-01T01:12:08.832+0530] {processor.py:208} INFO - Processing /Users/ravipal/Desktop/Workspace/airflow_tutorial/py_env/lib/python3.12/site-packages/airflow/example_dags/example_dag_decorator.py took 0.149 seconds
[2024-09-01T01:14:17.752+0530] {processor.py:186} INFO - Started process (PID=4761) to work on /Users/ravipal/Desktop/Workspace/airflow_tutorial/py_env/lib/python3.12/site-packages/airflow/example_dags/example_dag_decorator.py
[2024-09-01T01:14:17.752+0530] {processor.py:914} INFO - Processing file /Users/ravipal/Desktop/Workspace/airflow_tutorial/py_env/lib/python3.12/site-packages/airflow/example_dags/example_dag_decorator.py for tasks to queue
[2024-09-01T01:14:17.752+0530] {logging_mixin.py:190} INFO - [2024-09-01T01:14:17.752+0530] {dagbag.py:587} INFO - Filling up the DagBag from /Users/ravipal/Desktop/Workspace/airflow_tutorial/py_env/lib/python3.12/site-packages/airflow/example_dags/example_dag_decorator.py
[2024-09-01T01:14:17.800+0530] {processor.py:925} INFO - DAG(s) 'example_dag_decorator' retrieved from /Users/ravipal/Desktop/Workspace/airflow_tutorial/py_env/lib/python3.12/site-packages/airflow/example_dags/example_dag_decorator.py
[2024-09-01T01:14:17.885+0530] {logging_mixin.py:190} INFO - [2024-09-01T01:14:17.885+0530] {dag.py:3211} INFO - Sync 1 DAGs
[2024-09-01T01:14:17.888+0530] {logging_mixin.py:190} INFO - [2024-09-01T01:14:17.888+0530] {dag.py:4138} INFO - Setting next_dagrun for example_dag_decorator to None, run_after=None
[2024-09-01T01:14:17.895+0530] {processor.py:208} INFO - Processing /Users/ravipal/Desktop/Workspace/airflow_tutorial/py_env/lib/python3.12/site-packages/airflow/example_dags/example_dag_decorator.py took 0.145 seconds
[2024-09-01T01:16:28.361+0530] {processor.py:186} INFO - Started process (PID=4892) to work on /Users/ravipal/Desktop/Workspace/airflow_tutorial/py_env/lib/python3.12/site-packages/airflow/example_dags/example_dag_decorator.py
[2024-09-01T01:16:28.361+0530] {processor.py:914} INFO - Processing file /Users/ravipal/Desktop/Workspace/airflow_tutorial/py_env/lib/python3.12/site-packages/airflow/example_dags/example_dag_decorator.py for tasks to queue
[2024-09-01T01:16:28.362+0530] {logging_mixin.py:190} INFO - [2024-09-01T01:16:28.362+0530] {dagbag.py:587} INFO - Filling up the DagBag from /Users/ravipal/Desktop/Workspace/airflow_tutorial/py_env/lib/python3.12/site-packages/airflow/example_dags/example_dag_decorator.py
[2024-09-01T01:16:28.409+0530] {processor.py:925} INFO - DAG(s) 'example_dag_decorator' retrieved from /Users/ravipal/Desktop/Workspace/airflow_tutorial/py_env/lib/python3.12/site-packages/airflow/example_dags/example_dag_decorator.py
[2024-09-01T01:16:28.494+0530] {logging_mixin.py:190} INFO - [2024-09-01T01:16:28.494+0530] {dag.py:3211} INFO - Sync 1 DAGs
[2024-09-01T01:16:28.498+0530] {logging_mixin.py:190} INFO - [2024-09-01T01:16:28.498+0530] {dag.py:4138} INFO - Setting next_dagrun for example_dag_decorator to None, run_after=None
[2024-09-01T01:16:28.504+0530] {processor.py:208} INFO - Processing /Users/ravipal/Desktop/Workspace/airflow_tutorial/py_env/lib/python3.12/site-packages/airflow/example_dags/example_dag_decorator.py took 0.145 seconds
[2024-09-01T01:18:39.220+0530] {processor.py:186} INFO - Started process (PID=5025) to work on /Users/ravipal/Desktop/Workspace/airflow_tutorial/py_env/lib/python3.12/site-packages/airflow/example_dags/example_dag_decorator.py
[2024-09-01T01:18:39.220+0530] {processor.py:914} INFO - Processing file /Users/ravipal/Desktop/Workspace/airflow_tutorial/py_env/lib/python3.12/site-packages/airflow/example_dags/example_dag_decorator.py for tasks to queue
[2024-09-01T01:18:39.220+0530] {logging_mixin.py:190} INFO - [2024-09-01T01:18:39.220+0530] {dagbag.py:587} INFO - Filling up the DagBag from /Users/ravipal/Desktop/Workspace/airflow_tutorial/py_env/lib/python3.12/site-packages/airflow/example_dags/example_dag_decorator.py
[2024-09-01T01:18:39.268+0530] {processor.py:925} INFO - DAG(s) 'example_dag_decorator' retrieved from /Users/ravipal/Desktop/Workspace/airflow_tutorial/py_env/lib/python3.12/site-packages/airflow/example_dags/example_dag_decorator.py
[2024-09-01T01:18:39.352+0530] {logging_mixin.py:190} INFO - [2024-09-01T01:18:39.352+0530] {dag.py:3211} INFO - Sync 1 DAGs
[2024-09-01T01:18:39.356+0530] {logging_mixin.py:190} INFO - [2024-09-01T01:18:39.356+0530] {dag.py:4138} INFO - Setting next_dagrun for example_dag_decorator to None, run_after=None
[2024-09-01T01:18:39.362+0530] {processor.py:208} INFO - Processing /Users/ravipal/Desktop/Workspace/airflow_tutorial/py_env/lib/python3.12/site-packages/airflow/example_dags/example_dag_decorator.py took 0.145 seconds
