[2024-09-01T00:24:13.486+0530] {processor.py:186} INFO - Started process (PID=1498) to work on /Users/ravipal/Desktop/Workspace/airflow_tutorial/py_env/lib/python3.12/site-packages/airflow/example_dags/example_bash_operator.py
[2024-09-01T00:24:13.487+0530] {processor.py:914} INFO - Processing file /Users/ravipal/Desktop/Workspace/airflow_tutorial/py_env/lib/python3.12/site-packages/airflow/example_dags/example_bash_operator.py for tasks to queue
[2024-09-01T00:24:13.487+0530] {logging_mixin.py:190} INFO - [2024-09-01T00:24:13.487+0530] {dagbag.py:587} INFO - Filling up the DagBag from /Users/ravipal/Desktop/Workspace/airflow_tutorial/py_env/lib/python3.12/site-packages/airflow/example_dags/example_bash_operator.py
[2024-09-01T00:24:13.492+0530] {processor.py:925} INFO - DAG(s) 'example_bash_operator' retrieved from /Users/ravipal/Desktop/Workspace/airflow_tutorial/py_env/lib/python3.12/site-packages/airflow/example_dags/example_bash_operator.py
[2024-09-01T00:24:13.561+0530] {logging_mixin.py:190} INFO - [2024-09-01T00:24:13.561+0530] {override.py:1858} INFO - Created Permission View: can edit on DAG:example_bash_operator
[2024-09-01T00:24:13.565+0530] {logging_mixin.py:190} INFO - [2024-09-01T00:24:13.564+0530] {override.py:1858} INFO - Created Permission View: can read on DAG:example_bash_operator
[2024-09-01T00:24:13.567+0530] {logging_mixin.py:190} INFO - [2024-09-01T00:24:13.567+0530] {override.py:1858} INFO - Created Permission View: can delete on DAG:example_bash_operator
[2024-09-01T00:24:13.567+0530] {logging_mixin.py:190} INFO - [2024-09-01T00:24:13.567+0530] {dag.py:3211} INFO - Sync 1 DAGs
[2024-09-01T00:24:13.572+0530] {logging_mixin.py:190} INFO - [2024-09-01T00:24:13.572+0530] {dag.py:3234} INFO - Creating ORM DAG for example_bash_operator
[2024-09-01T00:24:13.576+0530] {logging_mixin.py:190} INFO - [2024-09-01T00:24:13.575+0530] {dag.py:4138} INFO - Setting next_dagrun for example_bash_operator to 2024-08-30 00:00:00+00:00, run_after=2024-08-31 00:00:00+00:00
[2024-09-01T00:24:13.611+0530] {processor.py:208} INFO - Processing /Users/ravipal/Desktop/Workspace/airflow_tutorial/py_env/lib/python3.12/site-packages/airflow/example_dags/example_bash_operator.py took 0.127 seconds
[2024-09-01T00:26:29.094+0530] {processor.py:186} INFO - Started process (PID=1638) to work on /Users/ravipal/Desktop/Workspace/airflow_tutorial/py_env/lib/python3.12/site-packages/airflow/example_dags/example_bash_operator.py
[2024-09-01T00:26:29.094+0530] {processor.py:914} INFO - Processing file /Users/ravipal/Desktop/Workspace/airflow_tutorial/py_env/lib/python3.12/site-packages/airflow/example_dags/example_bash_operator.py for tasks to queue
[2024-09-01T00:26:29.094+0530] {logging_mixin.py:190} INFO - [2024-09-01T00:26:29.094+0530] {dagbag.py:587} INFO - Filling up the DagBag from /Users/ravipal/Desktop/Workspace/airflow_tutorial/py_env/lib/python3.12/site-packages/airflow/example_dags/example_bash_operator.py
[2024-09-01T00:26:29.099+0530] {processor.py:925} INFO - DAG(s) 'example_bash_operator' retrieved from /Users/ravipal/Desktop/Workspace/airflow_tutorial/py_env/lib/python3.12/site-packages/airflow/example_dags/example_bash_operator.py
[2024-09-01T00:26:29.136+0530] {logging_mixin.py:190} INFO - [2024-09-01T00:26:29.136+0530] {dag.py:3211} INFO - Sync 1 DAGs
[2024-09-01T00:26:29.142+0530] {logging_mixin.py:190} INFO - [2024-09-01T00:26:29.142+0530] {dag.py:4138} INFO - Setting next_dagrun for example_bash_operator to 2024-08-30 00:00:00+00:00, run_after=2024-08-31 00:00:00+00:00
[2024-09-01T00:26:29.149+0530] {processor.py:208} INFO - Processing /Users/ravipal/Desktop/Workspace/airflow_tutorial/py_env/lib/python3.12/site-packages/airflow/example_dags/example_bash_operator.py took 0.057 seconds
[2024-09-01T00:28:46.864+0530] {processor.py:186} INFO - Started process (PID=1965) to work on /Users/ravipal/Desktop/Workspace/airflow_tutorial/py_env/lib/python3.12/site-packages/airflow/example_dags/example_bash_operator.py
[2024-09-01T00:28:46.864+0530] {processor.py:914} INFO - Processing file /Users/ravipal/Desktop/Workspace/airflow_tutorial/py_env/lib/python3.12/site-packages/airflow/example_dags/example_bash_operator.py for tasks to queue
[2024-09-01T00:28:46.865+0530] {logging_mixin.py:190} INFO - [2024-09-01T00:28:46.865+0530] {dagbag.py:587} INFO - Filling up the DagBag from /Users/ravipal/Desktop/Workspace/airflow_tutorial/py_env/lib/python3.12/site-packages/airflow/example_dags/example_bash_operator.py
[2024-09-01T00:28:46.870+0530] {processor.py:925} INFO - DAG(s) 'example_bash_operator' retrieved from /Users/ravipal/Desktop/Workspace/airflow_tutorial/py_env/lib/python3.12/site-packages/airflow/example_dags/example_bash_operator.py
[2024-09-01T00:28:46.907+0530] {logging_mixin.py:190} INFO - [2024-09-01T00:28:46.906+0530] {dag.py:3211} INFO - Sync 1 DAGs
[2024-09-01T00:28:46.913+0530] {logging_mixin.py:190} INFO - [2024-09-01T00:28:46.913+0530] {dag.py:4138} INFO - Setting next_dagrun for example_bash_operator to 2024-08-30 00:00:00+00:00, run_after=2024-08-31 00:00:00+00:00
[2024-09-01T00:28:46.920+0530] {processor.py:208} INFO - Processing /Users/ravipal/Desktop/Workspace/airflow_tutorial/py_env/lib/python3.12/site-packages/airflow/example_dags/example_bash_operator.py took 0.058 seconds
[2024-09-01T00:30:54.110+0530] {processor.py:186} INFO - Started process (PID=2095) to work on /Users/ravipal/Desktop/Workspace/airflow_tutorial/py_env/lib/python3.12/site-packages/airflow/example_dags/example_bash_operator.py
[2024-09-01T00:30:54.110+0530] {processor.py:914} INFO - Processing file /Users/ravipal/Desktop/Workspace/airflow_tutorial/py_env/lib/python3.12/site-packages/airflow/example_dags/example_bash_operator.py for tasks to queue
[2024-09-01T00:30:54.111+0530] {logging_mixin.py:190} INFO - [2024-09-01T00:30:54.111+0530] {dagbag.py:587} INFO - Filling up the DagBag from /Users/ravipal/Desktop/Workspace/airflow_tutorial/py_env/lib/python3.12/site-packages/airflow/example_dags/example_bash_operator.py
[2024-09-01T00:30:54.116+0530] {processor.py:925} INFO - DAG(s) 'example_bash_operator' retrieved from /Users/ravipal/Desktop/Workspace/airflow_tutorial/py_env/lib/python3.12/site-packages/airflow/example_dags/example_bash_operator.py
[2024-09-01T00:30:54.153+0530] {logging_mixin.py:190} INFO - [2024-09-01T00:30:54.152+0530] {dag.py:3211} INFO - Sync 1 DAGs
[2024-09-01T00:30:54.159+0530] {logging_mixin.py:190} INFO - [2024-09-01T00:30:54.159+0530] {dag.py:4138} INFO - Setting next_dagrun for example_bash_operator to 2024-08-30 00:00:00+00:00, run_after=2024-08-31 00:00:00+00:00
[2024-09-01T00:30:54.166+0530] {processor.py:208} INFO - Processing /Users/ravipal/Desktop/Workspace/airflow_tutorial/py_env/lib/python3.12/site-packages/airflow/example_dags/example_bash_operator.py took 0.058 seconds
[2024-09-01T00:33:08.174+0530] {processor.py:186} INFO - Started process (PID=2228) to work on /Users/ravipal/Desktop/Workspace/airflow_tutorial/py_env/lib/python3.12/site-packages/airflow/example_dags/example_bash_operator.py
[2024-09-01T00:33:08.174+0530] {processor.py:914} INFO - Processing file /Users/ravipal/Desktop/Workspace/airflow_tutorial/py_env/lib/python3.12/site-packages/airflow/example_dags/example_bash_operator.py for tasks to queue
[2024-09-01T00:33:08.175+0530] {logging_mixin.py:190} INFO - [2024-09-01T00:33:08.175+0530] {dagbag.py:587} INFO - Filling up the DagBag from /Users/ravipal/Desktop/Workspace/airflow_tutorial/py_env/lib/python3.12/site-packages/airflow/example_dags/example_bash_operator.py
[2024-09-01T00:33:08.180+0530] {processor.py:925} INFO - DAG(s) 'example_bash_operator' retrieved from /Users/ravipal/Desktop/Workspace/airflow_tutorial/py_env/lib/python3.12/site-packages/airflow/example_dags/example_bash_operator.py
[2024-09-01T00:33:08.216+0530] {logging_mixin.py:190} INFO - [2024-09-01T00:33:08.216+0530] {dag.py:3211} INFO - Sync 1 DAGs
[2024-09-01T00:33:08.223+0530] {logging_mixin.py:190} INFO - [2024-09-01T00:33:08.223+0530] {dag.py:4138} INFO - Setting next_dagrun for example_bash_operator to 2024-08-30 00:00:00+00:00, run_after=2024-08-31 00:00:00+00:00
[2024-09-01T00:33:08.229+0530] {processor.py:208} INFO - Processing /Users/ravipal/Desktop/Workspace/airflow_tutorial/py_env/lib/python3.12/site-packages/airflow/example_dags/example_bash_operator.py took 0.058 seconds
[2024-09-01T00:35:25.544+0530] {processor.py:186} INFO - Started process (PID=2365) to work on /Users/ravipal/Desktop/Workspace/airflow_tutorial/py_env/lib/python3.12/site-packages/airflow/example_dags/example_bash_operator.py
[2024-09-01T00:35:25.545+0530] {processor.py:914} INFO - Processing file /Users/ravipal/Desktop/Workspace/airflow_tutorial/py_env/lib/python3.12/site-packages/airflow/example_dags/example_bash_operator.py for tasks to queue
[2024-09-01T00:35:25.545+0530] {logging_mixin.py:190} INFO - [2024-09-01T00:35:25.545+0530] {dagbag.py:587} INFO - Filling up the DagBag from /Users/ravipal/Desktop/Workspace/airflow_tutorial/py_env/lib/python3.12/site-packages/airflow/example_dags/example_bash_operator.py
[2024-09-01T00:35:25.550+0530] {processor.py:925} INFO - DAG(s) 'example_bash_operator' retrieved from /Users/ravipal/Desktop/Workspace/airflow_tutorial/py_env/lib/python3.12/site-packages/airflow/example_dags/example_bash_operator.py
[2024-09-01T00:35:25.588+0530] {logging_mixin.py:190} INFO - [2024-09-01T00:35:25.588+0530] {dag.py:3211} INFO - Sync 1 DAGs
[2024-09-01T00:35:25.594+0530] {logging_mixin.py:190} INFO - [2024-09-01T00:35:25.594+0530] {dag.py:4138} INFO - Setting next_dagrun for example_bash_operator to 2024-08-30 00:00:00+00:00, run_after=2024-08-31 00:00:00+00:00
[2024-09-01T00:35:25.600+0530] {processor.py:208} INFO - Processing /Users/ravipal/Desktop/Workspace/airflow_tutorial/py_env/lib/python3.12/site-packages/airflow/example_dags/example_bash_operator.py took 0.058 seconds
[2024-09-01T00:37:38.513+0530] {processor.py:186} INFO - Started process (PID=2498) to work on /Users/ravipal/Desktop/Workspace/airflow_tutorial/py_env/lib/python3.12/site-packages/airflow/example_dags/example_bash_operator.py
[2024-09-01T00:37:38.513+0530] {processor.py:914} INFO - Processing file /Users/ravipal/Desktop/Workspace/airflow_tutorial/py_env/lib/python3.12/site-packages/airflow/example_dags/example_bash_operator.py for tasks to queue
[2024-09-01T00:37:38.514+0530] {logging_mixin.py:190} INFO - [2024-09-01T00:37:38.513+0530] {dagbag.py:587} INFO - Filling up the DagBag from /Users/ravipal/Desktop/Workspace/airflow_tutorial/py_env/lib/python3.12/site-packages/airflow/example_dags/example_bash_operator.py
[2024-09-01T00:37:38.519+0530] {processor.py:925} INFO - DAG(s) 'example_bash_operator' retrieved from /Users/ravipal/Desktop/Workspace/airflow_tutorial/py_env/lib/python3.12/site-packages/airflow/example_dags/example_bash_operator.py
[2024-09-01T00:37:38.564+0530] {logging_mixin.py:190} INFO - [2024-09-01T00:37:38.564+0530] {dag.py:3211} INFO - Sync 1 DAGs
[2024-09-01T00:37:38.571+0530] {logging_mixin.py:190} INFO - [2024-09-01T00:37:38.571+0530] {dag.py:4138} INFO - Setting next_dagrun for example_bash_operator to 2024-08-30 00:00:00+00:00, run_after=2024-08-31 00:00:00+00:00
[2024-09-01T00:37:38.578+0530] {processor.py:208} INFO - Processing /Users/ravipal/Desktop/Workspace/airflow_tutorial/py_env/lib/python3.12/site-packages/airflow/example_dags/example_bash_operator.py took 0.068 seconds
[2024-09-01T00:39:44.108+0530] {processor.py:186} INFO - Started process (PID=2625) to work on /Users/ravipal/Desktop/Workspace/airflow_tutorial/py_env/lib/python3.12/site-packages/airflow/example_dags/example_bash_operator.py
[2024-09-01T00:39:44.108+0530] {processor.py:914} INFO - Processing file /Users/ravipal/Desktop/Workspace/airflow_tutorial/py_env/lib/python3.12/site-packages/airflow/example_dags/example_bash_operator.py for tasks to queue
[2024-09-01T00:39:44.109+0530] {logging_mixin.py:190} INFO - [2024-09-01T00:39:44.108+0530] {dagbag.py:587} INFO - Filling up the DagBag from /Users/ravipal/Desktop/Workspace/airflow_tutorial/py_env/lib/python3.12/site-packages/airflow/example_dags/example_bash_operator.py
[2024-09-01T00:39:44.114+0530] {processor.py:925} INFO - DAG(s) 'example_bash_operator' retrieved from /Users/ravipal/Desktop/Workspace/airflow_tutorial/py_env/lib/python3.12/site-packages/airflow/example_dags/example_bash_operator.py
[2024-09-01T00:39:44.151+0530] {logging_mixin.py:190} INFO - [2024-09-01T00:39:44.151+0530] {dag.py:3211} INFO - Sync 1 DAGs
[2024-09-01T00:39:44.157+0530] {logging_mixin.py:190} INFO - [2024-09-01T00:39:44.157+0530] {dag.py:4138} INFO - Setting next_dagrun for example_bash_operator to 2024-08-30 00:00:00+00:00, run_after=2024-08-31 00:00:00+00:00
[2024-09-01T00:39:44.163+0530] {processor.py:208} INFO - Processing /Users/ravipal/Desktop/Workspace/airflow_tutorial/py_env/lib/python3.12/site-packages/airflow/example_dags/example_bash_operator.py took 0.058 seconds
[2024-09-01T00:41:56.320+0530] {processor.py:186} INFO - Started process (PID=2757) to work on /Users/ravipal/Desktop/Workspace/airflow_tutorial/py_env/lib/python3.12/site-packages/airflow/example_dags/example_bash_operator.py
[2024-09-01T00:41:56.321+0530] {processor.py:914} INFO - Processing file /Users/ravipal/Desktop/Workspace/airflow_tutorial/py_env/lib/python3.12/site-packages/airflow/example_dags/example_bash_operator.py for tasks to queue
[2024-09-01T00:41:56.321+0530] {logging_mixin.py:190} INFO - [2024-09-01T00:41:56.321+0530] {dagbag.py:587} INFO - Filling up the DagBag from /Users/ravipal/Desktop/Workspace/airflow_tutorial/py_env/lib/python3.12/site-packages/airflow/example_dags/example_bash_operator.py
[2024-09-01T00:41:56.326+0530] {processor.py:925} INFO - DAG(s) 'example_bash_operator' retrieved from /Users/ravipal/Desktop/Workspace/airflow_tutorial/py_env/lib/python3.12/site-packages/airflow/example_dags/example_bash_operator.py
[2024-09-01T00:41:56.364+0530] {logging_mixin.py:190} INFO - [2024-09-01T00:41:56.364+0530] {dag.py:3211} INFO - Sync 1 DAGs
[2024-09-01T00:41:56.370+0530] {logging_mixin.py:190} INFO - [2024-09-01T00:41:56.370+0530] {dag.py:4138} INFO - Setting next_dagrun for example_bash_operator to 2024-08-30 00:00:00+00:00, run_after=2024-08-31 00:00:00+00:00
[2024-09-01T00:41:56.377+0530] {processor.py:208} INFO - Processing /Users/ravipal/Desktop/Workspace/airflow_tutorial/py_env/lib/python3.12/site-packages/airflow/example_dags/example_bash_operator.py took 0.058 seconds
[2024-09-01T00:44:11.208+0530] {processor.py:186} INFO - Started process (PID=2888) to work on /Users/ravipal/Desktop/Workspace/airflow_tutorial/py_env/lib/python3.12/site-packages/airflow/example_dags/example_bash_operator.py
[2024-09-01T00:44:11.208+0530] {processor.py:914} INFO - Processing file /Users/ravipal/Desktop/Workspace/airflow_tutorial/py_env/lib/python3.12/site-packages/airflow/example_dags/example_bash_operator.py for tasks to queue
[2024-09-01T00:44:11.209+0530] {logging_mixin.py:190} INFO - [2024-09-01T00:44:11.209+0530] {dagbag.py:587} INFO - Filling up the DagBag from /Users/ravipal/Desktop/Workspace/airflow_tutorial/py_env/lib/python3.12/site-packages/airflow/example_dags/example_bash_operator.py
[2024-09-01T00:44:11.214+0530] {processor.py:925} INFO - DAG(s) 'example_bash_operator' retrieved from /Users/ravipal/Desktop/Workspace/airflow_tutorial/py_env/lib/python3.12/site-packages/airflow/example_dags/example_bash_operator.py
[2024-09-01T00:44:11.251+0530] {logging_mixin.py:190} INFO - [2024-09-01T00:44:11.251+0530] {dag.py:3211} INFO - Sync 1 DAGs
[2024-09-01T00:44:11.257+0530] {logging_mixin.py:190} INFO - [2024-09-01T00:44:11.257+0530] {dag.py:4138} INFO - Setting next_dagrun for example_bash_operator to 2024-08-30 00:00:00+00:00, run_after=2024-08-31 00:00:00+00:00
[2024-09-01T00:44:11.264+0530] {processor.py:208} INFO - Processing /Users/ravipal/Desktop/Workspace/airflow_tutorial/py_env/lib/python3.12/site-packages/airflow/example_dags/example_bash_operator.py took 0.058 seconds
[2024-09-01T00:46:26.296+0530] {processor.py:186} INFO - Started process (PID=3022) to work on /Users/ravipal/Desktop/Workspace/airflow_tutorial/py_env/lib/python3.12/site-packages/airflow/example_dags/example_bash_operator.py
[2024-09-01T00:46:26.296+0530] {processor.py:914} INFO - Processing file /Users/ravipal/Desktop/Workspace/airflow_tutorial/py_env/lib/python3.12/site-packages/airflow/example_dags/example_bash_operator.py for tasks to queue
[2024-09-01T00:46:26.296+0530] {logging_mixin.py:190} INFO - [2024-09-01T00:46:26.296+0530] {dagbag.py:587} INFO - Filling up the DagBag from /Users/ravipal/Desktop/Workspace/airflow_tutorial/py_env/lib/python3.12/site-packages/airflow/example_dags/example_bash_operator.py
[2024-09-01T00:46:26.301+0530] {processor.py:925} INFO - DAG(s) 'example_bash_operator' retrieved from /Users/ravipal/Desktop/Workspace/airflow_tutorial/py_env/lib/python3.12/site-packages/airflow/example_dags/example_bash_operator.py
[2024-09-01T00:46:26.338+0530] {logging_mixin.py:190} INFO - [2024-09-01T00:46:26.338+0530] {dag.py:3211} INFO - Sync 1 DAGs
[2024-09-01T00:46:26.344+0530] {logging_mixin.py:190} INFO - [2024-09-01T00:46:26.344+0530] {dag.py:4138} INFO - Setting next_dagrun for example_bash_operator to 2024-08-30 00:00:00+00:00, run_after=2024-08-31 00:00:00+00:00
[2024-09-01T00:46:26.351+0530] {processor.py:208} INFO - Processing /Users/ravipal/Desktop/Workspace/airflow_tutorial/py_env/lib/python3.12/site-packages/airflow/example_dags/example_bash_operator.py took 0.057 seconds
[2024-09-01T00:48:34.330+0530] {processor.py:186} INFO - Started process (PID=3152) to work on /Users/ravipal/Desktop/Workspace/airflow_tutorial/py_env/lib/python3.12/site-packages/airflow/example_dags/example_bash_operator.py
[2024-09-01T00:48:34.330+0530] {processor.py:914} INFO - Processing file /Users/ravipal/Desktop/Workspace/airflow_tutorial/py_env/lib/python3.12/site-packages/airflow/example_dags/example_bash_operator.py for tasks to queue
[2024-09-01T00:48:34.331+0530] {logging_mixin.py:190} INFO - [2024-09-01T00:48:34.331+0530] {dagbag.py:587} INFO - Filling up the DagBag from /Users/ravipal/Desktop/Workspace/airflow_tutorial/py_env/lib/python3.12/site-packages/airflow/example_dags/example_bash_operator.py
[2024-09-01T00:48:34.336+0530] {processor.py:925} INFO - DAG(s) 'example_bash_operator' retrieved from /Users/ravipal/Desktop/Workspace/airflow_tutorial/py_env/lib/python3.12/site-packages/airflow/example_dags/example_bash_operator.py
[2024-09-01T00:48:34.373+0530] {logging_mixin.py:190} INFO - [2024-09-01T00:48:34.373+0530] {dag.py:3211} INFO - Sync 1 DAGs
[2024-09-01T00:48:34.379+0530] {logging_mixin.py:190} INFO - [2024-09-01T00:48:34.379+0530] {dag.py:4138} INFO - Setting next_dagrun for example_bash_operator to 2024-08-30 00:00:00+00:00, run_after=2024-08-31 00:00:00+00:00
[2024-09-01T00:48:34.385+0530] {processor.py:208} INFO - Processing /Users/ravipal/Desktop/Workspace/airflow_tutorial/py_env/lib/python3.12/site-packages/airflow/example_dags/example_bash_operator.py took 0.057 seconds
[2024-09-01T00:50:47.168+0530] {processor.py:186} INFO - Started process (PID=3310) to work on /Users/ravipal/Desktop/Workspace/airflow_tutorial/py_env/lib/python3.12/site-packages/airflow/example_dags/example_bash_operator.py
[2024-09-01T00:50:47.169+0530] {processor.py:914} INFO - Processing file /Users/ravipal/Desktop/Workspace/airflow_tutorial/py_env/lib/python3.12/site-packages/airflow/example_dags/example_bash_operator.py for tasks to queue
[2024-09-01T00:50:47.169+0530] {logging_mixin.py:190} INFO - [2024-09-01T00:50:47.169+0530] {dagbag.py:587} INFO - Filling up the DagBag from /Users/ravipal/Desktop/Workspace/airflow_tutorial/py_env/lib/python3.12/site-packages/airflow/example_dags/example_bash_operator.py
[2024-09-01T00:50:47.175+0530] {processor.py:925} INFO - DAG(s) 'example_bash_operator' retrieved from /Users/ravipal/Desktop/Workspace/airflow_tutorial/py_env/lib/python3.12/site-packages/airflow/example_dags/example_bash_operator.py
[2024-09-01T00:50:47.211+0530] {logging_mixin.py:190} INFO - [2024-09-01T00:50:47.211+0530] {dag.py:3211} INFO - Sync 1 DAGs
[2024-09-01T00:50:47.217+0530] {logging_mixin.py:190} INFO - [2024-09-01T00:50:47.217+0530] {dag.py:4138} INFO - Setting next_dagrun for example_bash_operator to 2024-08-30 00:00:00+00:00, run_after=2024-08-31 00:00:00+00:00
[2024-09-01T00:50:47.224+0530] {processor.py:208} INFO - Processing /Users/ravipal/Desktop/Workspace/airflow_tutorial/py_env/lib/python3.12/site-packages/airflow/example_dags/example_bash_operator.py took 0.058 seconds
[2024-09-01T00:52:58.715+0530] {processor.py:186} INFO - Started process (PID=3444) to work on /Users/ravipal/Desktop/Workspace/airflow_tutorial/py_env/lib/python3.12/site-packages/airflow/example_dags/example_bash_operator.py
[2024-09-01T00:52:58.715+0530] {processor.py:914} INFO - Processing file /Users/ravipal/Desktop/Workspace/airflow_tutorial/py_env/lib/python3.12/site-packages/airflow/example_dags/example_bash_operator.py for tasks to queue
[2024-09-01T00:52:58.715+0530] {logging_mixin.py:190} INFO - [2024-09-01T00:52:58.715+0530] {dagbag.py:587} INFO - Filling up the DagBag from /Users/ravipal/Desktop/Workspace/airflow_tutorial/py_env/lib/python3.12/site-packages/airflow/example_dags/example_bash_operator.py
[2024-09-01T00:52:58.720+0530] {processor.py:925} INFO - DAG(s) 'example_bash_operator' retrieved from /Users/ravipal/Desktop/Workspace/airflow_tutorial/py_env/lib/python3.12/site-packages/airflow/example_dags/example_bash_operator.py
[2024-09-01T00:52:58.757+0530] {logging_mixin.py:190} INFO - [2024-09-01T00:52:58.757+0530] {dag.py:3211} INFO - Sync 1 DAGs
[2024-09-01T00:52:58.763+0530] {logging_mixin.py:190} INFO - [2024-09-01T00:52:58.763+0530] {dag.py:4138} INFO - Setting next_dagrun for example_bash_operator to 2024-08-30 00:00:00+00:00, run_after=2024-08-31 00:00:00+00:00
[2024-09-01T00:52:58.770+0530] {processor.py:208} INFO - Processing /Users/ravipal/Desktop/Workspace/airflow_tutorial/py_env/lib/python3.12/site-packages/airflow/example_dags/example_bash_operator.py took 0.057 seconds
[2024-09-01T00:55:10.523+0530] {processor.py:186} INFO - Started process (PID=3575) to work on /Users/ravipal/Desktop/Workspace/airflow_tutorial/py_env/lib/python3.12/site-packages/airflow/example_dags/example_bash_operator.py
[2024-09-01T00:55:10.523+0530] {processor.py:914} INFO - Processing file /Users/ravipal/Desktop/Workspace/airflow_tutorial/py_env/lib/python3.12/site-packages/airflow/example_dags/example_bash_operator.py for tasks to queue
[2024-09-01T00:55:10.523+0530] {logging_mixin.py:190} INFO - [2024-09-01T00:55:10.523+0530] {dagbag.py:587} INFO - Filling up the DagBag from /Users/ravipal/Desktop/Workspace/airflow_tutorial/py_env/lib/python3.12/site-packages/airflow/example_dags/example_bash_operator.py
[2024-09-01T00:55:10.528+0530] {processor.py:925} INFO - DAG(s) 'example_bash_operator' retrieved from /Users/ravipal/Desktop/Workspace/airflow_tutorial/py_env/lib/python3.12/site-packages/airflow/example_dags/example_bash_operator.py
[2024-09-01T00:55:10.565+0530] {logging_mixin.py:190} INFO - [2024-09-01T00:55:10.565+0530] {dag.py:3211} INFO - Sync 1 DAGs
[2024-09-01T00:55:10.571+0530] {logging_mixin.py:190} INFO - [2024-09-01T00:55:10.571+0530] {dag.py:4138} INFO - Setting next_dagrun for example_bash_operator to 2024-08-30 00:00:00+00:00, run_after=2024-08-31 00:00:00+00:00
[2024-09-01T00:55:10.578+0530] {processor.py:208} INFO - Processing /Users/ravipal/Desktop/Workspace/airflow_tutorial/py_env/lib/python3.12/site-packages/airflow/example_dags/example_bash_operator.py took 0.057 seconds
[2024-09-01T00:57:22.220+0530] {processor.py:186} INFO - Started process (PID=3706) to work on /Users/ravipal/Desktop/Workspace/airflow_tutorial/py_env/lib/python3.12/site-packages/airflow/example_dags/example_bash_operator.py
[2024-09-01T00:57:22.220+0530] {processor.py:914} INFO - Processing file /Users/ravipal/Desktop/Workspace/airflow_tutorial/py_env/lib/python3.12/site-packages/airflow/example_dags/example_bash_operator.py for tasks to queue
[2024-09-01T00:57:22.220+0530] {logging_mixin.py:190} INFO - [2024-09-01T00:57:22.220+0530] {dagbag.py:587} INFO - Filling up the DagBag from /Users/ravipal/Desktop/Workspace/airflow_tutorial/py_env/lib/python3.12/site-packages/airflow/example_dags/example_bash_operator.py
[2024-09-01T00:57:22.225+0530] {processor.py:925} INFO - DAG(s) 'example_bash_operator' retrieved from /Users/ravipal/Desktop/Workspace/airflow_tutorial/py_env/lib/python3.12/site-packages/airflow/example_dags/example_bash_operator.py
[2024-09-01T00:57:22.262+0530] {logging_mixin.py:190} INFO - [2024-09-01T00:57:22.262+0530] {dag.py:3211} INFO - Sync 1 DAGs
[2024-09-01T00:57:22.268+0530] {logging_mixin.py:190} INFO - [2024-09-01T00:57:22.268+0530] {dag.py:4138} INFO - Setting next_dagrun for example_bash_operator to 2024-08-30 00:00:00+00:00, run_after=2024-08-31 00:00:00+00:00
[2024-09-01T00:57:22.275+0530] {processor.py:208} INFO - Processing /Users/ravipal/Desktop/Workspace/airflow_tutorial/py_env/lib/python3.12/site-packages/airflow/example_dags/example_bash_operator.py took 0.057 seconds
[2024-09-01T00:59:32.934+0530] {processor.py:186} INFO - Started process (PID=3837) to work on /Users/ravipal/Desktop/Workspace/airflow_tutorial/py_env/lib/python3.12/site-packages/airflow/example_dags/example_bash_operator.py
[2024-09-01T00:59:32.935+0530] {processor.py:914} INFO - Processing file /Users/ravipal/Desktop/Workspace/airflow_tutorial/py_env/lib/python3.12/site-packages/airflow/example_dags/example_bash_operator.py for tasks to queue
[2024-09-01T00:59:32.935+0530] {logging_mixin.py:190} INFO - [2024-09-01T00:59:32.935+0530] {dagbag.py:587} INFO - Filling up the DagBag from /Users/ravipal/Desktop/Workspace/airflow_tutorial/py_env/lib/python3.12/site-packages/airflow/example_dags/example_bash_operator.py
[2024-09-01T00:59:32.940+0530] {processor.py:925} INFO - DAG(s) 'example_bash_operator' retrieved from /Users/ravipal/Desktop/Workspace/airflow_tutorial/py_env/lib/python3.12/site-packages/airflow/example_dags/example_bash_operator.py
[2024-09-01T00:59:32.977+0530] {logging_mixin.py:190} INFO - [2024-09-01T00:59:32.977+0530] {dag.py:3211} INFO - Sync 1 DAGs
[2024-09-01T00:59:32.983+0530] {logging_mixin.py:190} INFO - [2024-09-01T00:59:32.983+0530] {dag.py:4138} INFO - Setting next_dagrun for example_bash_operator to 2024-08-30 00:00:00+00:00, run_after=2024-08-31 00:00:00+00:00
[2024-09-01T00:59:32.989+0530] {processor.py:208} INFO - Processing /Users/ravipal/Desktop/Workspace/airflow_tutorial/py_env/lib/python3.12/site-packages/airflow/example_dags/example_bash_operator.py took 0.057 seconds
[2024-09-01T01:01:41.050+0530] {processor.py:186} INFO - Started process (PID=3964) to work on /Users/ravipal/Desktop/Workspace/airflow_tutorial/py_env/lib/python3.12/site-packages/airflow/example_dags/example_bash_operator.py
[2024-09-01T01:01:41.050+0530] {processor.py:914} INFO - Processing file /Users/ravipal/Desktop/Workspace/airflow_tutorial/py_env/lib/python3.12/site-packages/airflow/example_dags/example_bash_operator.py for tasks to queue
[2024-09-01T01:01:41.051+0530] {logging_mixin.py:190} INFO - [2024-09-01T01:01:41.051+0530] {dagbag.py:587} INFO - Filling up the DagBag from /Users/ravipal/Desktop/Workspace/airflow_tutorial/py_env/lib/python3.12/site-packages/airflow/example_dags/example_bash_operator.py
[2024-09-01T01:01:41.056+0530] {processor.py:925} INFO - DAG(s) 'example_bash_operator' retrieved from /Users/ravipal/Desktop/Workspace/airflow_tutorial/py_env/lib/python3.12/site-packages/airflow/example_dags/example_bash_operator.py
[2024-09-01T01:01:41.093+0530] {logging_mixin.py:190} INFO - [2024-09-01T01:01:41.092+0530] {dag.py:3211} INFO - Sync 1 DAGs
[2024-09-01T01:01:41.099+0530] {logging_mixin.py:190} INFO - [2024-09-01T01:01:41.098+0530] {dag.py:4138} INFO - Setting next_dagrun for example_bash_operator to 2024-08-30 00:00:00+00:00, run_after=2024-08-31 00:00:00+00:00
[2024-09-01T01:01:41.105+0530] {processor.py:208} INFO - Processing /Users/ravipal/Desktop/Workspace/airflow_tutorial/py_env/lib/python3.12/site-packages/airflow/example_dags/example_bash_operator.py took 0.057 seconds
[2024-09-01T01:03:46.073+0530] {processor.py:186} INFO - Started process (PID=4096) to work on /Users/ravipal/Desktop/Workspace/airflow_tutorial/py_env/lib/python3.12/site-packages/airflow/example_dags/example_bash_operator.py
[2024-09-01T01:03:46.074+0530] {processor.py:914} INFO - Processing file /Users/ravipal/Desktop/Workspace/airflow_tutorial/py_env/lib/python3.12/site-packages/airflow/example_dags/example_bash_operator.py for tasks to queue
[2024-09-01T01:03:46.074+0530] {logging_mixin.py:190} INFO - [2024-09-01T01:03:46.074+0530] {dagbag.py:587} INFO - Filling up the DagBag from /Users/ravipal/Desktop/Workspace/airflow_tutorial/py_env/lib/python3.12/site-packages/airflow/example_dags/example_bash_operator.py
[2024-09-01T01:03:46.079+0530] {processor.py:925} INFO - DAG(s) 'example_bash_operator' retrieved from /Users/ravipal/Desktop/Workspace/airflow_tutorial/py_env/lib/python3.12/site-packages/airflow/example_dags/example_bash_operator.py
[2024-09-01T01:03:46.117+0530] {logging_mixin.py:190} INFO - [2024-09-01T01:03:46.117+0530] {dag.py:3211} INFO - Sync 1 DAGs
[2024-09-01T01:03:46.123+0530] {logging_mixin.py:190} INFO - [2024-09-01T01:03:46.123+0530] {dag.py:4138} INFO - Setting next_dagrun for example_bash_operator to 2024-08-30 00:00:00+00:00, run_after=2024-08-31 00:00:00+00:00
[2024-09-01T01:03:46.129+0530] {processor.py:208} INFO - Processing /Users/ravipal/Desktop/Workspace/airflow_tutorial/py_env/lib/python3.12/site-packages/airflow/example_dags/example_bash_operator.py took 0.058 seconds
[2024-09-01T01:05:55.639+0530] {processor.py:186} INFO - Started process (PID=4254) to work on /Users/ravipal/Desktop/Workspace/airflow_tutorial/py_env/lib/python3.12/site-packages/airflow/example_dags/example_bash_operator.py
[2024-09-01T01:05:55.640+0530] {processor.py:914} INFO - Processing file /Users/ravipal/Desktop/Workspace/airflow_tutorial/py_env/lib/python3.12/site-packages/airflow/example_dags/example_bash_operator.py for tasks to queue
[2024-09-01T01:05:55.641+0530] {logging_mixin.py:190} INFO - [2024-09-01T01:05:55.641+0530] {dagbag.py:587} INFO - Filling up the DagBag from /Users/ravipal/Desktop/Workspace/airflow_tutorial/py_env/lib/python3.12/site-packages/airflow/example_dags/example_bash_operator.py
[2024-09-01T01:05:55.646+0530] {processor.py:925} INFO - DAG(s) 'example_bash_operator' retrieved from /Users/ravipal/Desktop/Workspace/airflow_tutorial/py_env/lib/python3.12/site-packages/airflow/example_dags/example_bash_operator.py
[2024-09-01T01:05:55.683+0530] {logging_mixin.py:190} INFO - [2024-09-01T01:05:55.683+0530] {dag.py:3211} INFO - Sync 1 DAGs
[2024-09-01T01:05:55.689+0530] {logging_mixin.py:190} INFO - [2024-09-01T01:05:55.689+0530] {dag.py:4138} INFO - Setting next_dagrun for example_bash_operator to 2024-08-30 00:00:00+00:00, run_after=2024-08-31 00:00:00+00:00
[2024-09-01T01:05:55.695+0530] {processor.py:208} INFO - Processing /Users/ravipal/Desktop/Workspace/airflow_tutorial/py_env/lib/python3.12/site-packages/airflow/example_dags/example_bash_operator.py took 0.058 seconds
[2024-09-01T01:08:06.713+0530] {processor.py:186} INFO - Started process (PID=4389) to work on /Users/ravipal/Desktop/Workspace/airflow_tutorial/py_env/lib/python3.12/site-packages/airflow/example_dags/example_bash_operator.py
[2024-09-01T01:08:06.714+0530] {processor.py:914} INFO - Processing file /Users/ravipal/Desktop/Workspace/airflow_tutorial/py_env/lib/python3.12/site-packages/airflow/example_dags/example_bash_operator.py for tasks to queue
[2024-09-01T01:08:06.714+0530] {logging_mixin.py:190} INFO - [2024-09-01T01:08:06.714+0530] {dagbag.py:587} INFO - Filling up the DagBag from /Users/ravipal/Desktop/Workspace/airflow_tutorial/py_env/lib/python3.12/site-packages/airflow/example_dags/example_bash_operator.py
[2024-09-01T01:08:06.719+0530] {processor.py:925} INFO - DAG(s) 'example_bash_operator' retrieved from /Users/ravipal/Desktop/Workspace/airflow_tutorial/py_env/lib/python3.12/site-packages/airflow/example_dags/example_bash_operator.py
[2024-09-01T01:08:06.757+0530] {logging_mixin.py:190} INFO - [2024-09-01T01:08:06.757+0530] {dag.py:3211} INFO - Sync 1 DAGs
[2024-09-01T01:08:06.763+0530] {logging_mixin.py:190} INFO - [2024-09-01T01:08:06.763+0530] {dag.py:4138} INFO - Setting next_dagrun for example_bash_operator to 2024-08-30 00:00:00+00:00, run_after=2024-08-31 00:00:00+00:00
[2024-09-01T01:08:06.769+0530] {processor.py:208} INFO - Processing /Users/ravipal/Desktop/Workspace/airflow_tutorial/py_env/lib/python3.12/site-packages/airflow/example_dags/example_bash_operator.py took 0.058 seconds
[2024-09-01T01:10:15.090+0530] {processor.py:186} INFO - Started process (PID=4518) to work on /Users/ravipal/Desktop/Workspace/airflow_tutorial/py_env/lib/python3.12/site-packages/airflow/example_dags/example_bash_operator.py
[2024-09-01T01:10:15.090+0530] {processor.py:914} INFO - Processing file /Users/ravipal/Desktop/Workspace/airflow_tutorial/py_env/lib/python3.12/site-packages/airflow/example_dags/example_bash_operator.py for tasks to queue
[2024-09-01T01:10:15.090+0530] {logging_mixin.py:190} INFO - [2024-09-01T01:10:15.090+0530] {dagbag.py:587} INFO - Filling up the DagBag from /Users/ravipal/Desktop/Workspace/airflow_tutorial/py_env/lib/python3.12/site-packages/airflow/example_dags/example_bash_operator.py
[2024-09-01T01:10:15.095+0530] {processor.py:925} INFO - DAG(s) 'example_bash_operator' retrieved from /Users/ravipal/Desktop/Workspace/airflow_tutorial/py_env/lib/python3.12/site-packages/airflow/example_dags/example_bash_operator.py
[2024-09-01T01:10:15.131+0530] {logging_mixin.py:190} INFO - [2024-09-01T01:10:15.131+0530] {dag.py:3211} INFO - Sync 1 DAGs
[2024-09-01T01:10:15.137+0530] {logging_mixin.py:190} INFO - [2024-09-01T01:10:15.137+0530] {dag.py:4138} INFO - Setting next_dagrun for example_bash_operator to 2024-08-30 00:00:00+00:00, run_after=2024-08-31 00:00:00+00:00
[2024-09-01T01:10:15.144+0530] {processor.py:208} INFO - Processing /Users/ravipal/Desktop/Workspace/airflow_tutorial/py_env/lib/python3.12/site-packages/airflow/example_dags/example_bash_operator.py took 0.056 seconds
[2024-09-01T01:12:21.467+0530] {processor.py:186} INFO - Started process (PID=4646) to work on /Users/ravipal/Desktop/Workspace/airflow_tutorial/py_env/lib/python3.12/site-packages/airflow/example_dags/example_bash_operator.py
[2024-09-01T01:12:21.467+0530] {processor.py:914} INFO - Processing file /Users/ravipal/Desktop/Workspace/airflow_tutorial/py_env/lib/python3.12/site-packages/airflow/example_dags/example_bash_operator.py for tasks to queue
[2024-09-01T01:12:21.468+0530] {logging_mixin.py:190} INFO - [2024-09-01T01:12:21.467+0530] {dagbag.py:587} INFO - Filling up the DagBag from /Users/ravipal/Desktop/Workspace/airflow_tutorial/py_env/lib/python3.12/site-packages/airflow/example_dags/example_bash_operator.py
[2024-09-01T01:12:21.472+0530] {processor.py:925} INFO - DAG(s) 'example_bash_operator' retrieved from /Users/ravipal/Desktop/Workspace/airflow_tutorial/py_env/lib/python3.12/site-packages/airflow/example_dags/example_bash_operator.py
[2024-09-01T01:12:21.509+0530] {logging_mixin.py:190} INFO - [2024-09-01T01:12:21.509+0530] {dag.py:3211} INFO - Sync 1 DAGs
[2024-09-01T01:12:21.515+0530] {logging_mixin.py:190} INFO - [2024-09-01T01:12:21.515+0530] {dag.py:4138} INFO - Setting next_dagrun for example_bash_operator to 2024-08-30 00:00:00+00:00, run_after=2024-08-31 00:00:00+00:00
[2024-09-01T01:12:21.522+0530] {processor.py:208} INFO - Processing /Users/ravipal/Desktop/Workspace/airflow_tutorial/py_env/lib/python3.12/site-packages/airflow/example_dags/example_bash_operator.py took 0.057 seconds
[2024-09-01T01:14:30.450+0530] {processor.py:186} INFO - Started process (PID=4775) to work on /Users/ravipal/Desktop/Workspace/airflow_tutorial/py_env/lib/python3.12/site-packages/airflow/example_dags/example_bash_operator.py
[2024-09-01T01:14:30.450+0530] {processor.py:914} INFO - Processing file /Users/ravipal/Desktop/Workspace/airflow_tutorial/py_env/lib/python3.12/site-packages/airflow/example_dags/example_bash_operator.py for tasks to queue
[2024-09-01T01:14:30.451+0530] {logging_mixin.py:190} INFO - [2024-09-01T01:14:30.451+0530] {dagbag.py:587} INFO - Filling up the DagBag from /Users/ravipal/Desktop/Workspace/airflow_tutorial/py_env/lib/python3.12/site-packages/airflow/example_dags/example_bash_operator.py
[2024-09-01T01:14:30.456+0530] {processor.py:925} INFO - DAG(s) 'example_bash_operator' retrieved from /Users/ravipal/Desktop/Workspace/airflow_tutorial/py_env/lib/python3.12/site-packages/airflow/example_dags/example_bash_operator.py
[2024-09-01T01:14:30.493+0530] {logging_mixin.py:190} INFO - [2024-09-01T01:14:30.492+0530] {dag.py:3211} INFO - Sync 1 DAGs
[2024-09-01T01:14:30.499+0530] {logging_mixin.py:190} INFO - [2024-09-01T01:14:30.499+0530] {dag.py:4138} INFO - Setting next_dagrun for example_bash_operator to 2024-08-30 00:00:00+00:00, run_after=2024-08-31 00:00:00+00:00
[2024-09-01T01:14:30.505+0530] {processor.py:208} INFO - Processing /Users/ravipal/Desktop/Workspace/airflow_tutorial/py_env/lib/python3.12/site-packages/airflow/example_dags/example_bash_operator.py took 0.057 seconds
[2024-09-01T01:16:42.330+0530] {processor.py:186} INFO - Started process (PID=4906) to work on /Users/ravipal/Desktop/Workspace/airflow_tutorial/py_env/lib/python3.12/site-packages/airflow/example_dags/example_bash_operator.py
[2024-09-01T01:16:42.331+0530] {processor.py:914} INFO - Processing file /Users/ravipal/Desktop/Workspace/airflow_tutorial/py_env/lib/python3.12/site-packages/airflow/example_dags/example_bash_operator.py for tasks to queue
[2024-09-01T01:16:42.331+0530] {logging_mixin.py:190} INFO - [2024-09-01T01:16:42.331+0530] {dagbag.py:587} INFO - Filling up the DagBag from /Users/ravipal/Desktop/Workspace/airflow_tutorial/py_env/lib/python3.12/site-packages/airflow/example_dags/example_bash_operator.py
[2024-09-01T01:16:42.336+0530] {processor.py:925} INFO - DAG(s) 'example_bash_operator' retrieved from /Users/ravipal/Desktop/Workspace/airflow_tutorial/py_env/lib/python3.12/site-packages/airflow/example_dags/example_bash_operator.py
[2024-09-01T01:16:42.374+0530] {logging_mixin.py:190} INFO - [2024-09-01T01:16:42.373+0530] {dag.py:3211} INFO - Sync 1 DAGs
[2024-09-01T01:16:42.380+0530] {logging_mixin.py:190} INFO - [2024-09-01T01:16:42.380+0530] {dag.py:4138} INFO - Setting next_dagrun for example_bash_operator to 2024-08-30 00:00:00+00:00, run_after=2024-08-31 00:00:00+00:00
[2024-09-01T01:16:42.386+0530] {processor.py:208} INFO - Processing /Users/ravipal/Desktop/Workspace/airflow_tutorial/py_env/lib/python3.12/site-packages/airflow/example_dags/example_bash_operator.py took 0.058 seconds
[2024-09-01T01:18:53.493+0530] {processor.py:186} INFO - Started process (PID=5042) to work on /Users/ravipal/Desktop/Workspace/airflow_tutorial/py_env/lib/python3.12/site-packages/airflow/example_dags/example_bash_operator.py
[2024-09-01T01:18:53.493+0530] {processor.py:914} INFO - Processing file /Users/ravipal/Desktop/Workspace/airflow_tutorial/py_env/lib/python3.12/site-packages/airflow/example_dags/example_bash_operator.py for tasks to queue
[2024-09-01T01:18:53.494+0530] {logging_mixin.py:190} INFO - [2024-09-01T01:18:53.493+0530] {dagbag.py:587} INFO - Filling up the DagBag from /Users/ravipal/Desktop/Workspace/airflow_tutorial/py_env/lib/python3.12/site-packages/airflow/example_dags/example_bash_operator.py
[2024-09-01T01:18:53.499+0530] {processor.py:925} INFO - DAG(s) 'example_bash_operator' retrieved from /Users/ravipal/Desktop/Workspace/airflow_tutorial/py_env/lib/python3.12/site-packages/airflow/example_dags/example_bash_operator.py
[2024-09-01T01:18:53.536+0530] {logging_mixin.py:190} INFO - [2024-09-01T01:18:53.535+0530] {dag.py:3211} INFO - Sync 1 DAGs
[2024-09-01T01:18:53.542+0530] {logging_mixin.py:190} INFO - [2024-09-01T01:18:53.542+0530] {dag.py:4138} INFO - Setting next_dagrun for example_bash_operator to 2024-08-30 00:00:00+00:00, run_after=2024-08-31 00:00:00+00:00
[2024-09-01T01:18:53.548+0530] {processor.py:208} INFO - Processing /Users/ravipal/Desktop/Workspace/airflow_tutorial/py_env/lib/python3.12/site-packages/airflow/example_dags/example_bash_operator.py took 0.057 seconds
