[2024-09-01T00:23:29.954+0530] {processor.py:186} INFO - Started process (PID=1452) to work on /Users/ravipal/Desktop/Workspace/airflow_tutorial/py_env/lib/python3.12/site-packages/airflow/example_dags/example_params_ui_tutorial.py
[2024-09-01T00:23:29.955+0530] {processor.py:914} INFO - Processing file /Users/ravipal/Desktop/Workspace/airflow_tutorial/py_env/lib/python3.12/site-packages/airflow/example_dags/example_params_ui_tutorial.py for tasks to queue
[2024-09-01T00:23:29.955+0530] {logging_mixin.py:190} INFO - [2024-09-01T00:23:29.955+0530] {dagbag.py:587} INFO - Filling up the DagBag from /Users/ravipal/Desktop/Workspace/airflow_tutorial/py_env/lib/python3.12/site-packages/airflow/example_dags/example_params_ui_tutorial.py
[2024-09-01T00:23:29.973+0530] {processor.py:925} INFO - DAG(s) 'example_params_ui_tutorial' retrieved from /Users/ravipal/Desktop/Workspace/airflow_tutorial/py_env/lib/python3.12/site-packages/airflow/example_dags/example_params_ui_tutorial.py
[2024-09-01T00:23:30.080+0530] {logging_mixin.py:190} INFO - [2024-09-01T00:23:30.080+0530] {override.py:1858} INFO - Created Permission View: can edit on DAG:example_params_ui_tutorial
[2024-09-01T00:23:30.083+0530] {logging_mixin.py:190} INFO - [2024-09-01T00:23:30.083+0530] {override.py:1858} INFO - Created Permission View: can delete on DAG:example_params_ui_tutorial
[2024-09-01T00:23:30.086+0530] {logging_mixin.py:190} INFO - [2024-09-01T00:23:30.086+0530] {override.py:1858} INFO - Created Permission View: can read on DAG:example_params_ui_tutorial
[2024-09-01T00:23:30.086+0530] {logging_mixin.py:190} INFO - [2024-09-01T00:23:30.086+0530] {dag.py:3211} INFO - Sync 1 DAGs
[2024-09-01T00:23:30.090+0530] {logging_mixin.py:190} INFO - [2024-09-01T00:23:30.090+0530] {dag.py:3234} INFO - Creating ORM DAG for example_params_ui_tutorial
[2024-09-01T00:23:30.091+0530] {logging_mixin.py:190} INFO - [2024-09-01T00:23:30.091+0530] {dag.py:4138} INFO - Setting next_dagrun for example_params_ui_tutorial to None, run_after=None
[2024-09-01T00:23:30.097+0530] {processor.py:208} INFO - Processing /Users/ravipal/Desktop/Workspace/airflow_tutorial/py_env/lib/python3.12/site-packages/airflow/example_dags/example_params_ui_tutorial.py took 0.145 seconds
[2024-09-01T00:25:08.645+0530] {processor.py:186} INFO - Started process (PID=1555) to work on /Users/ravipal/Desktop/Workspace/airflow_tutorial/py_env/lib/python3.12/site-packages/airflow/example_dags/example_params_ui_tutorial.py
[2024-09-01T00:25:08.645+0530] {processor.py:914} INFO - Processing file /Users/ravipal/Desktop/Workspace/airflow_tutorial/py_env/lib/python3.12/site-packages/airflow/example_dags/example_params_ui_tutorial.py for tasks to queue
[2024-09-01T00:25:08.646+0530] {logging_mixin.py:190} INFO - [2024-09-01T00:25:08.646+0530] {dagbag.py:587} INFO - Filling up the DagBag from /Users/ravipal/Desktop/Workspace/airflow_tutorial/py_env/lib/python3.12/site-packages/airflow/example_dags/example_params_ui_tutorial.py
[2024-09-01T00:25:08.661+0530] {processor.py:925} INFO - DAG(s) 'example_params_ui_tutorial' retrieved from /Users/ravipal/Desktop/Workspace/airflow_tutorial/py_env/lib/python3.12/site-packages/airflow/example_dags/example_params_ui_tutorial.py
[2024-09-01T00:25:08.701+0530] {logging_mixin.py:190} INFO - [2024-09-01T00:25:08.701+0530] {dag.py:3211} INFO - Sync 1 DAGs
[2024-09-01T00:25:08.705+0530] {logging_mixin.py:190} INFO - [2024-09-01T00:25:08.705+0530] {dag.py:4138} INFO - Setting next_dagrun for example_params_ui_tutorial to None, run_after=None
[2024-09-01T00:25:08.712+0530] {processor.py:208} INFO - Processing /Users/ravipal/Desktop/Workspace/airflow_tutorial/py_env/lib/python3.12/site-packages/airflow/example_dags/example_params_ui_tutorial.py took 0.069 seconds
[2024-09-01T00:27:23.678+0530] {processor.py:186} INFO - Started process (PID=1853) to work on /Users/ravipal/Desktop/Workspace/airflow_tutorial/py_env/lib/python3.12/site-packages/airflow/example_dags/example_params_ui_tutorial.py
[2024-09-01T00:27:23.679+0530] {processor.py:914} INFO - Processing file /Users/ravipal/Desktop/Workspace/airflow_tutorial/py_env/lib/python3.12/site-packages/airflow/example_dags/example_params_ui_tutorial.py for tasks to queue
[2024-09-01T00:27:23.679+0530] {logging_mixin.py:190} INFO - [2024-09-01T00:27:23.679+0530] {dagbag.py:587} INFO - Filling up the DagBag from /Users/ravipal/Desktop/Workspace/airflow_tutorial/py_env/lib/python3.12/site-packages/airflow/example_dags/example_params_ui_tutorial.py
[2024-09-01T00:27:23.695+0530] {processor.py:925} INFO - DAG(s) 'example_params_ui_tutorial' retrieved from /Users/ravipal/Desktop/Workspace/airflow_tutorial/py_env/lib/python3.12/site-packages/airflow/example_dags/example_params_ui_tutorial.py
[2024-09-01T00:27:23.739+0530] {logging_mixin.py:190} INFO - [2024-09-01T00:27:23.739+0530] {dag.py:3211} INFO - Sync 1 DAGs
[2024-09-01T00:27:23.744+0530] {logging_mixin.py:190} INFO - [2024-09-01T00:27:23.744+0530] {dag.py:4138} INFO - Setting next_dagrun for example_params_ui_tutorial to None, run_after=None
[2024-09-01T00:27:23.751+0530] {processor.py:208} INFO - Processing /Users/ravipal/Desktop/Workspace/airflow_tutorial/py_env/lib/python3.12/site-packages/airflow/example_dags/example_params_ui_tutorial.py took 0.075 seconds
[2024-09-01T00:29:36.837+0530] {processor.py:186} INFO - Started process (PID=2015) to work on /Users/ravipal/Desktop/Workspace/airflow_tutorial/py_env/lib/python3.12/site-packages/airflow/example_dags/example_params_ui_tutorial.py
[2024-09-01T00:29:36.838+0530] {processor.py:914} INFO - Processing file /Users/ravipal/Desktop/Workspace/airflow_tutorial/py_env/lib/python3.12/site-packages/airflow/example_dags/example_params_ui_tutorial.py for tasks to queue
[2024-09-01T00:29:36.838+0530] {logging_mixin.py:190} INFO - [2024-09-01T00:29:36.838+0530] {dagbag.py:587} INFO - Filling up the DagBag from /Users/ravipal/Desktop/Workspace/airflow_tutorial/py_env/lib/python3.12/site-packages/airflow/example_dags/example_params_ui_tutorial.py
[2024-09-01T00:29:36.856+0530] {processor.py:925} INFO - DAG(s) 'example_params_ui_tutorial' retrieved from /Users/ravipal/Desktop/Workspace/airflow_tutorial/py_env/lib/python3.12/site-packages/airflow/example_dags/example_params_ui_tutorial.py
[2024-09-01T00:29:36.899+0530] {logging_mixin.py:190} INFO - [2024-09-01T00:29:36.899+0530] {dag.py:3211} INFO - Sync 1 DAGs
[2024-09-01T00:29:36.903+0530] {logging_mixin.py:190} INFO - [2024-09-01T00:29:36.903+0530] {dag.py:4138} INFO - Setting next_dagrun for example_params_ui_tutorial to None, run_after=None
[2024-09-01T00:29:36.910+0530] {processor.py:208} INFO - Processing /Users/ravipal/Desktop/Workspace/airflow_tutorial/py_env/lib/python3.12/site-packages/airflow/example_dags/example_params_ui_tutorial.py took 0.075 seconds
[2024-09-01T00:31:48.497+0530] {processor.py:186} INFO - Started process (PID=2150) to work on /Users/ravipal/Desktop/Workspace/airflow_tutorial/py_env/lib/python3.12/site-packages/airflow/example_dags/example_params_ui_tutorial.py
[2024-09-01T00:31:48.497+0530] {processor.py:914} INFO - Processing file /Users/ravipal/Desktop/Workspace/airflow_tutorial/py_env/lib/python3.12/site-packages/airflow/example_dags/example_params_ui_tutorial.py for tasks to queue
[2024-09-01T00:31:48.497+0530] {logging_mixin.py:190} INFO - [2024-09-01T00:31:48.497+0530] {dagbag.py:587} INFO - Filling up the DagBag from /Users/ravipal/Desktop/Workspace/airflow_tutorial/py_env/lib/python3.12/site-packages/airflow/example_dags/example_params_ui_tutorial.py
[2024-09-01T00:31:48.511+0530] {processor.py:925} INFO - DAG(s) 'example_params_ui_tutorial' retrieved from /Users/ravipal/Desktop/Workspace/airflow_tutorial/py_env/lib/python3.12/site-packages/airflow/example_dags/example_params_ui_tutorial.py
[2024-09-01T00:31:48.551+0530] {logging_mixin.py:190} INFO - [2024-09-01T00:31:48.551+0530] {dag.py:3211} INFO - Sync 1 DAGs
[2024-09-01T00:31:48.555+0530] {logging_mixin.py:190} INFO - [2024-09-01T00:31:48.555+0530] {dag.py:4138} INFO - Setting next_dagrun for example_params_ui_tutorial to None, run_after=None
[2024-09-01T00:31:48.562+0530] {processor.py:208} INFO - Processing /Users/ravipal/Desktop/Workspace/airflow_tutorial/py_env/lib/python3.12/site-packages/airflow/example_dags/example_params_ui_tutorial.py took 0.067 seconds
[2024-09-01T00:34:02.890+0530] {processor.py:186} INFO - Started process (PID=2282) to work on /Users/ravipal/Desktop/Workspace/airflow_tutorial/py_env/lib/python3.12/site-packages/airflow/example_dags/example_params_ui_tutorial.py
[2024-09-01T00:34:02.891+0530] {processor.py:914} INFO - Processing file /Users/ravipal/Desktop/Workspace/airflow_tutorial/py_env/lib/python3.12/site-packages/airflow/example_dags/example_params_ui_tutorial.py for tasks to queue
[2024-09-01T00:34:02.891+0530] {logging_mixin.py:190} INFO - [2024-09-01T00:34:02.891+0530] {dagbag.py:587} INFO - Filling up the DagBag from /Users/ravipal/Desktop/Workspace/airflow_tutorial/py_env/lib/python3.12/site-packages/airflow/example_dags/example_params_ui_tutorial.py
[2024-09-01T00:34:02.907+0530] {processor.py:925} INFO - DAG(s) 'example_params_ui_tutorial' retrieved from /Users/ravipal/Desktop/Workspace/airflow_tutorial/py_env/lib/python3.12/site-packages/airflow/example_dags/example_params_ui_tutorial.py
[2024-09-01T00:34:02.952+0530] {logging_mixin.py:190} INFO - [2024-09-01T00:34:02.952+0530] {dag.py:3211} INFO - Sync 1 DAGs
[2024-09-01T00:34:02.957+0530] {logging_mixin.py:190} INFO - [2024-09-01T00:34:02.957+0530] {dag.py:4138} INFO - Setting next_dagrun for example_params_ui_tutorial to None, run_after=None
[2024-09-01T00:34:02.964+0530] {processor.py:208} INFO - Processing /Users/ravipal/Desktop/Workspace/airflow_tutorial/py_env/lib/python3.12/site-packages/airflow/example_dags/example_params_ui_tutorial.py took 0.075 seconds
[2024-09-01T00:36:18.800+0530] {processor.py:186} INFO - Started process (PID=2418) to work on /Users/ravipal/Desktop/Workspace/airflow_tutorial/py_env/lib/python3.12/site-packages/airflow/example_dags/example_params_ui_tutorial.py
[2024-09-01T00:36:18.801+0530] {processor.py:914} INFO - Processing file /Users/ravipal/Desktop/Workspace/airflow_tutorial/py_env/lib/python3.12/site-packages/airflow/example_dags/example_params_ui_tutorial.py for tasks to queue
[2024-09-01T00:36:18.801+0530] {logging_mixin.py:190} INFO - [2024-09-01T00:36:18.801+0530] {dagbag.py:587} INFO - Filling up the DagBag from /Users/ravipal/Desktop/Workspace/airflow_tutorial/py_env/lib/python3.12/site-packages/airflow/example_dags/example_params_ui_tutorial.py
[2024-09-01T00:36:18.816+0530] {processor.py:925} INFO - DAG(s) 'example_params_ui_tutorial' retrieved from /Users/ravipal/Desktop/Workspace/airflow_tutorial/py_env/lib/python3.12/site-packages/airflow/example_dags/example_params_ui_tutorial.py
[2024-09-01T00:36:18.856+0530] {logging_mixin.py:190} INFO - [2024-09-01T00:36:18.855+0530] {dag.py:3211} INFO - Sync 1 DAGs
[2024-09-01T00:36:18.860+0530] {logging_mixin.py:190} INFO - [2024-09-01T00:36:18.860+0530] {dag.py:4138} INFO - Setting next_dagrun for example_params_ui_tutorial to None, run_after=None
[2024-09-01T00:36:18.866+0530] {processor.py:208} INFO - Processing /Users/ravipal/Desktop/Workspace/airflow_tutorial/py_env/lib/python3.12/site-packages/airflow/example_dags/example_params_ui_tutorial.py took 0.067 seconds
[2024-09-01T00:38:29.866+0530] {processor.py:186} INFO - Started process (PID=2549) to work on /Users/ravipal/Desktop/Workspace/airflow_tutorial/py_env/lib/python3.12/site-packages/airflow/example_dags/example_params_ui_tutorial.py
[2024-09-01T00:38:29.866+0530] {processor.py:914} INFO - Processing file /Users/ravipal/Desktop/Workspace/airflow_tutorial/py_env/lib/python3.12/site-packages/airflow/example_dags/example_params_ui_tutorial.py for tasks to queue
[2024-09-01T00:38:29.866+0530] {logging_mixin.py:190} INFO - [2024-09-01T00:38:29.866+0530] {dagbag.py:587} INFO - Filling up the DagBag from /Users/ravipal/Desktop/Workspace/airflow_tutorial/py_env/lib/python3.12/site-packages/airflow/example_dags/example_params_ui_tutorial.py
[2024-09-01T00:38:29.882+0530] {processor.py:925} INFO - DAG(s) 'example_params_ui_tutorial' retrieved from /Users/ravipal/Desktop/Workspace/airflow_tutorial/py_env/lib/python3.12/site-packages/airflow/example_dags/example_params_ui_tutorial.py
[2024-09-01T00:38:29.922+0530] {logging_mixin.py:190} INFO - [2024-09-01T00:38:29.922+0530] {dag.py:3211} INFO - Sync 1 DAGs
[2024-09-01T00:38:29.926+0530] {logging_mixin.py:190} INFO - [2024-09-01T00:38:29.926+0530] {dag.py:4138} INFO - Setting next_dagrun for example_params_ui_tutorial to None, run_after=None
[2024-09-01T00:38:29.933+0530] {processor.py:208} INFO - Processing /Users/ravipal/Desktop/Workspace/airflow_tutorial/py_env/lib/python3.12/site-packages/airflow/example_dags/example_params_ui_tutorial.py took 0.069 seconds
[2024-09-01T00:40:36.212+0530] {processor.py:186} INFO - Started process (PID=2678) to work on /Users/ravipal/Desktop/Workspace/airflow_tutorial/py_env/lib/python3.12/site-packages/airflow/example_dags/example_params_ui_tutorial.py
[2024-09-01T00:40:36.213+0530] {processor.py:914} INFO - Processing file /Users/ravipal/Desktop/Workspace/airflow_tutorial/py_env/lib/python3.12/site-packages/airflow/example_dags/example_params_ui_tutorial.py for tasks to queue
[2024-09-01T00:40:36.213+0530] {logging_mixin.py:190} INFO - [2024-09-01T00:40:36.213+0530] {dagbag.py:587} INFO - Filling up the DagBag from /Users/ravipal/Desktop/Workspace/airflow_tutorial/py_env/lib/python3.12/site-packages/airflow/example_dags/example_params_ui_tutorial.py
[2024-09-01T00:40:36.229+0530] {processor.py:925} INFO - DAG(s) 'example_params_ui_tutorial' retrieved from /Users/ravipal/Desktop/Workspace/airflow_tutorial/py_env/lib/python3.12/site-packages/airflow/example_dags/example_params_ui_tutorial.py
[2024-09-01T00:40:36.270+0530] {logging_mixin.py:190} INFO - [2024-09-01T00:40:36.270+0530] {dag.py:3211} INFO - Sync 1 DAGs
[2024-09-01T00:40:36.274+0530] {logging_mixin.py:190} INFO - [2024-09-01T00:40:36.274+0530] {dag.py:4138} INFO - Setting next_dagrun for example_params_ui_tutorial to None, run_after=None
[2024-09-01T00:40:36.280+0530] {processor.py:208} INFO - Processing /Users/ravipal/Desktop/Workspace/airflow_tutorial/py_env/lib/python3.12/site-packages/airflow/example_dags/example_params_ui_tutorial.py took 0.070 seconds
[2024-09-01T00:42:49.093+0530] {processor.py:186} INFO - Started process (PID=2808) to work on /Users/ravipal/Desktop/Workspace/airflow_tutorial/py_env/lib/python3.12/site-packages/airflow/example_dags/example_params_ui_tutorial.py
[2024-09-01T00:42:49.093+0530] {processor.py:914} INFO - Processing file /Users/ravipal/Desktop/Workspace/airflow_tutorial/py_env/lib/python3.12/site-packages/airflow/example_dags/example_params_ui_tutorial.py for tasks to queue
[2024-09-01T00:42:49.094+0530] {logging_mixin.py:190} INFO - [2024-09-01T00:42:49.094+0530] {dagbag.py:587} INFO - Filling up the DagBag from /Users/ravipal/Desktop/Workspace/airflow_tutorial/py_env/lib/python3.12/site-packages/airflow/example_dags/example_params_ui_tutorial.py
[2024-09-01T00:42:49.109+0530] {processor.py:925} INFO - DAG(s) 'example_params_ui_tutorial' retrieved from /Users/ravipal/Desktop/Workspace/airflow_tutorial/py_env/lib/python3.12/site-packages/airflow/example_dags/example_params_ui_tutorial.py
[2024-09-01T00:42:49.150+0530] {logging_mixin.py:190} INFO - [2024-09-01T00:42:49.149+0530] {dag.py:3211} INFO - Sync 1 DAGs
[2024-09-01T00:42:49.154+0530] {logging_mixin.py:190} INFO - [2024-09-01T00:42:49.154+0530] {dag.py:4138} INFO - Setting next_dagrun for example_params_ui_tutorial to None, run_after=None
[2024-09-01T00:42:49.160+0530] {processor.py:208} INFO - Processing /Users/ravipal/Desktop/Workspace/airflow_tutorial/py_env/lib/python3.12/site-packages/airflow/example_dags/example_params_ui_tutorial.py took 0.069 seconds
[2024-09-01T00:45:04.970+0530] {processor.py:186} INFO - Started process (PID=2942) to work on /Users/ravipal/Desktop/Workspace/airflow_tutorial/py_env/lib/python3.12/site-packages/airflow/example_dags/example_params_ui_tutorial.py
[2024-09-01T00:45:04.971+0530] {processor.py:914} INFO - Processing file /Users/ravipal/Desktop/Workspace/airflow_tutorial/py_env/lib/python3.12/site-packages/airflow/example_dags/example_params_ui_tutorial.py for tasks to queue
[2024-09-01T00:45:04.971+0530] {logging_mixin.py:190} INFO - [2024-09-01T00:45:04.971+0530] {dagbag.py:587} INFO - Filling up the DagBag from /Users/ravipal/Desktop/Workspace/airflow_tutorial/py_env/lib/python3.12/site-packages/airflow/example_dags/example_params_ui_tutorial.py
[2024-09-01T00:45:04.987+0530] {processor.py:925} INFO - DAG(s) 'example_params_ui_tutorial' retrieved from /Users/ravipal/Desktop/Workspace/airflow_tutorial/py_env/lib/python3.12/site-packages/airflow/example_dags/example_params_ui_tutorial.py
[2024-09-01T00:45:05.027+0530] {logging_mixin.py:190} INFO - [2024-09-01T00:45:05.027+0530] {dag.py:3211} INFO - Sync 1 DAGs
[2024-09-01T00:45:05.031+0530] {logging_mixin.py:190} INFO - [2024-09-01T00:45:05.031+0530] {dag.py:4138} INFO - Setting next_dagrun for example_params_ui_tutorial to None, run_after=None
[2024-09-01T00:45:05.038+0530] {processor.py:208} INFO - Processing /Users/ravipal/Desktop/Workspace/airflow_tutorial/py_env/lib/python3.12/site-packages/airflow/example_dags/example_params_ui_tutorial.py took 0.070 seconds
[2024-09-01T00:47:18.650+0530] {processor.py:186} INFO - Started process (PID=3075) to work on /Users/ravipal/Desktop/Workspace/airflow_tutorial/py_env/lib/python3.12/site-packages/airflow/example_dags/example_params_ui_tutorial.py
[2024-09-01T00:47:18.651+0530] {processor.py:914} INFO - Processing file /Users/ravipal/Desktop/Workspace/airflow_tutorial/py_env/lib/python3.12/site-packages/airflow/example_dags/example_params_ui_tutorial.py for tasks to queue
[2024-09-01T00:47:18.651+0530] {logging_mixin.py:190} INFO - [2024-09-01T00:47:18.651+0530] {dagbag.py:587} INFO - Filling up the DagBag from /Users/ravipal/Desktop/Workspace/airflow_tutorial/py_env/lib/python3.12/site-packages/airflow/example_dags/example_params_ui_tutorial.py
[2024-09-01T00:47:18.667+0530] {processor.py:925} INFO - DAG(s) 'example_params_ui_tutorial' retrieved from /Users/ravipal/Desktop/Workspace/airflow_tutorial/py_env/lib/python3.12/site-packages/airflow/example_dags/example_params_ui_tutorial.py
[2024-09-01T00:47:18.708+0530] {logging_mixin.py:190} INFO - [2024-09-01T00:47:18.707+0530] {dag.py:3211} INFO - Sync 1 DAGs
[2024-09-01T00:47:18.712+0530] {logging_mixin.py:190} INFO - [2024-09-01T00:47:18.711+0530] {dag.py:4138} INFO - Setting next_dagrun for example_params_ui_tutorial to None, run_after=None
[2024-09-01T00:47:18.718+0530] {processor.py:208} INFO - Processing /Users/ravipal/Desktop/Workspace/airflow_tutorial/py_env/lib/python3.12/site-packages/airflow/example_dags/example_params_ui_tutorial.py took 0.070 seconds
[2024-09-01T00:49:23.617+0530] {processor.py:186} INFO - Started process (PID=3209) to work on /Users/ravipal/Desktop/Workspace/airflow_tutorial/py_env/lib/python3.12/site-packages/airflow/example_dags/example_params_ui_tutorial.py
[2024-09-01T00:49:23.618+0530] {processor.py:914} INFO - Processing file /Users/ravipal/Desktop/Workspace/airflow_tutorial/py_env/lib/python3.12/site-packages/airflow/example_dags/example_params_ui_tutorial.py for tasks to queue
[2024-09-01T00:49:23.618+0530] {logging_mixin.py:190} INFO - [2024-09-01T00:49:23.618+0530] {dagbag.py:587} INFO - Filling up the DagBag from /Users/ravipal/Desktop/Workspace/airflow_tutorial/py_env/lib/python3.12/site-packages/airflow/example_dags/example_params_ui_tutorial.py
[2024-09-01T00:49:23.634+0530] {processor.py:925} INFO - DAG(s) 'example_params_ui_tutorial' retrieved from /Users/ravipal/Desktop/Workspace/airflow_tutorial/py_env/lib/python3.12/site-packages/airflow/example_dags/example_params_ui_tutorial.py
[2024-09-01T00:49:23.675+0530] {logging_mixin.py:190} INFO - [2024-09-01T00:49:23.675+0530] {dag.py:3211} INFO - Sync 1 DAGs
[2024-09-01T00:49:23.679+0530] {logging_mixin.py:190} INFO - [2024-09-01T00:49:23.679+0530] {dag.py:4138} INFO - Setting next_dagrun for example_params_ui_tutorial to None, run_after=None
[2024-09-01T00:49:23.686+0530] {processor.py:208} INFO - Processing /Users/ravipal/Desktop/Workspace/airflow_tutorial/py_env/lib/python3.12/site-packages/airflow/example_dags/example_params_ui_tutorial.py took 0.071 seconds
[2024-09-01T00:51:41.001+0530] {processor.py:186} INFO - Started process (PID=3363) to work on /Users/ravipal/Desktop/Workspace/airflow_tutorial/py_env/lib/python3.12/site-packages/airflow/example_dags/example_params_ui_tutorial.py
[2024-09-01T00:51:41.003+0530] {processor.py:914} INFO - Processing file /Users/ravipal/Desktop/Workspace/airflow_tutorial/py_env/lib/python3.12/site-packages/airflow/example_dags/example_params_ui_tutorial.py for tasks to queue
[2024-09-01T00:51:41.003+0530] {logging_mixin.py:190} INFO - [2024-09-01T00:51:41.003+0530] {dagbag.py:587} INFO - Filling up the DagBag from /Users/ravipal/Desktop/Workspace/airflow_tutorial/py_env/lib/python3.12/site-packages/airflow/example_dags/example_params_ui_tutorial.py
[2024-09-01T00:51:41.019+0530] {processor.py:925} INFO - DAG(s) 'example_params_ui_tutorial' retrieved from /Users/ravipal/Desktop/Workspace/airflow_tutorial/py_env/lib/python3.12/site-packages/airflow/example_dags/example_params_ui_tutorial.py
[2024-09-01T00:51:41.061+0530] {logging_mixin.py:190} INFO - [2024-09-01T00:51:41.061+0530] {dag.py:3211} INFO - Sync 1 DAGs
[2024-09-01T00:51:41.065+0530] {logging_mixin.py:190} INFO - [2024-09-01T00:51:41.065+0530] {dag.py:4138} INFO - Setting next_dagrun for example_params_ui_tutorial to None, run_after=None
[2024-09-01T00:51:41.071+0530] {processor.py:208} INFO - Processing /Users/ravipal/Desktop/Workspace/airflow_tutorial/py_env/lib/python3.12/site-packages/airflow/example_dags/example_params_ui_tutorial.py took 0.072 seconds
[2024-09-01T00:53:51.767+0530] {processor.py:186} INFO - Started process (PID=3496) to work on /Users/ravipal/Desktop/Workspace/airflow_tutorial/py_env/lib/python3.12/site-packages/airflow/example_dags/example_params_ui_tutorial.py
[2024-09-01T00:53:51.767+0530] {processor.py:914} INFO - Processing file /Users/ravipal/Desktop/Workspace/airflow_tutorial/py_env/lib/python3.12/site-packages/airflow/example_dags/example_params_ui_tutorial.py for tasks to queue
[2024-09-01T00:53:51.768+0530] {logging_mixin.py:190} INFO - [2024-09-01T00:53:51.768+0530] {dagbag.py:587} INFO - Filling up the DagBag from /Users/ravipal/Desktop/Workspace/airflow_tutorial/py_env/lib/python3.12/site-packages/airflow/example_dags/example_params_ui_tutorial.py
[2024-09-01T00:53:51.784+0530] {processor.py:925} INFO - DAG(s) 'example_params_ui_tutorial' retrieved from /Users/ravipal/Desktop/Workspace/airflow_tutorial/py_env/lib/python3.12/site-packages/airflow/example_dags/example_params_ui_tutorial.py
[2024-09-01T00:53:51.825+0530] {logging_mixin.py:190} INFO - [2024-09-01T00:53:51.825+0530] {dag.py:3211} INFO - Sync 1 DAGs
[2024-09-01T00:53:51.829+0530] {logging_mixin.py:190} INFO - [2024-09-01T00:53:51.829+0530] {dag.py:4138} INFO - Setting next_dagrun for example_params_ui_tutorial to None, run_after=None
[2024-09-01T00:53:51.836+0530] {processor.py:208} INFO - Processing /Users/ravipal/Desktop/Workspace/airflow_tutorial/py_env/lib/python3.12/site-packages/airflow/example_dags/example_params_ui_tutorial.py took 0.071 seconds
[2024-09-01T00:56:01.788+0530] {processor.py:186} INFO - Started process (PID=3625) to work on /Users/ravipal/Desktop/Workspace/airflow_tutorial/py_env/lib/python3.12/site-packages/airflow/example_dags/example_params_ui_tutorial.py
[2024-09-01T00:56:01.788+0530] {processor.py:914} INFO - Processing file /Users/ravipal/Desktop/Workspace/airflow_tutorial/py_env/lib/python3.12/site-packages/airflow/example_dags/example_params_ui_tutorial.py for tasks to queue
[2024-09-01T00:56:01.789+0530] {logging_mixin.py:190} INFO - [2024-09-01T00:56:01.789+0530] {dagbag.py:587} INFO - Filling up the DagBag from /Users/ravipal/Desktop/Workspace/airflow_tutorial/py_env/lib/python3.12/site-packages/airflow/example_dags/example_params_ui_tutorial.py
[2024-09-01T00:56:01.805+0530] {processor.py:925} INFO - DAG(s) 'example_params_ui_tutorial' retrieved from /Users/ravipal/Desktop/Workspace/airflow_tutorial/py_env/lib/python3.12/site-packages/airflow/example_dags/example_params_ui_tutorial.py
[2024-09-01T00:56:01.846+0530] {logging_mixin.py:190} INFO - [2024-09-01T00:56:01.846+0530] {dag.py:3211} INFO - Sync 1 DAGs
[2024-09-01T00:56:01.851+0530] {logging_mixin.py:190} INFO - [2024-09-01T00:56:01.850+0530] {dag.py:4138} INFO - Setting next_dagrun for example_params_ui_tutorial to None, run_after=None
[2024-09-01T00:56:01.857+0530] {processor.py:208} INFO - Processing /Users/ravipal/Desktop/Workspace/airflow_tutorial/py_env/lib/python3.12/site-packages/airflow/example_dags/example_params_ui_tutorial.py took 0.071 seconds
[2024-09-01T00:58:15.683+0530] {processor.py:186} INFO - Started process (PID=3758) to work on /Users/ravipal/Desktop/Workspace/airflow_tutorial/py_env/lib/python3.12/site-packages/airflow/example_dags/example_params_ui_tutorial.py
[2024-09-01T00:58:15.683+0530] {processor.py:914} INFO - Processing file /Users/ravipal/Desktop/Workspace/airflow_tutorial/py_env/lib/python3.12/site-packages/airflow/example_dags/example_params_ui_tutorial.py for tasks to queue
[2024-09-01T00:58:15.684+0530] {logging_mixin.py:190} INFO - [2024-09-01T00:58:15.683+0530] {dagbag.py:587} INFO - Filling up the DagBag from /Users/ravipal/Desktop/Workspace/airflow_tutorial/py_env/lib/python3.12/site-packages/airflow/example_dags/example_params_ui_tutorial.py
[2024-09-01T00:58:15.699+0530] {processor.py:925} INFO - DAG(s) 'example_params_ui_tutorial' retrieved from /Users/ravipal/Desktop/Workspace/airflow_tutorial/py_env/lib/python3.12/site-packages/airflow/example_dags/example_params_ui_tutorial.py
[2024-09-01T00:58:15.739+0530] {logging_mixin.py:190} INFO - [2024-09-01T00:58:15.739+0530] {dag.py:3211} INFO - Sync 1 DAGs
[2024-09-01T00:58:15.743+0530] {logging_mixin.py:190} INFO - [2024-09-01T00:58:15.743+0530] {dag.py:4138} INFO - Setting next_dagrun for example_params_ui_tutorial to None, run_after=None
[2024-09-01T00:58:15.750+0530] {processor.py:208} INFO - Processing /Users/ravipal/Desktop/Workspace/airflow_tutorial/py_env/lib/python3.12/site-packages/airflow/example_dags/example_params_ui_tutorial.py took 0.069 seconds
[2024-09-01T01:00:24.678+0530] {processor.py:186} INFO - Started process (PID=3888) to work on /Users/ravipal/Desktop/Workspace/airflow_tutorial/py_env/lib/python3.12/site-packages/airflow/example_dags/example_params_ui_tutorial.py
[2024-09-01T01:00:24.679+0530] {processor.py:914} INFO - Processing file /Users/ravipal/Desktop/Workspace/airflow_tutorial/py_env/lib/python3.12/site-packages/airflow/example_dags/example_params_ui_tutorial.py for tasks to queue
[2024-09-01T01:00:24.679+0530] {logging_mixin.py:190} INFO - [2024-09-01T01:00:24.679+0530] {dagbag.py:587} INFO - Filling up the DagBag from /Users/ravipal/Desktop/Workspace/airflow_tutorial/py_env/lib/python3.12/site-packages/airflow/example_dags/example_params_ui_tutorial.py
[2024-09-01T01:00:24.695+0530] {processor.py:925} INFO - DAG(s) 'example_params_ui_tutorial' retrieved from /Users/ravipal/Desktop/Workspace/airflow_tutorial/py_env/lib/python3.12/site-packages/airflow/example_dags/example_params_ui_tutorial.py
[2024-09-01T01:00:24.735+0530] {logging_mixin.py:190} INFO - [2024-09-01T01:00:24.735+0530] {dag.py:3211} INFO - Sync 1 DAGs
[2024-09-01T01:00:24.739+0530] {logging_mixin.py:190} INFO - [2024-09-01T01:00:24.739+0530] {dag.py:4138} INFO - Setting next_dagrun for example_params_ui_tutorial to None, run_after=None
[2024-09-01T01:00:24.746+0530] {processor.py:208} INFO - Processing /Users/ravipal/Desktop/Workspace/airflow_tutorial/py_env/lib/python3.12/site-packages/airflow/example_dags/example_params_ui_tutorial.py took 0.070 seconds
[2024-09-01T01:02:31.535+0530] {processor.py:186} INFO - Started process (PID=4015) to work on /Users/ravipal/Desktop/Workspace/airflow_tutorial/py_env/lib/python3.12/site-packages/airflow/example_dags/example_params_ui_tutorial.py
[2024-09-01T01:02:31.536+0530] {processor.py:914} INFO - Processing file /Users/ravipal/Desktop/Workspace/airflow_tutorial/py_env/lib/python3.12/site-packages/airflow/example_dags/example_params_ui_tutorial.py for tasks to queue
[2024-09-01T01:02:31.536+0530] {logging_mixin.py:190} INFO - [2024-09-01T01:02:31.536+0530] {dagbag.py:587} INFO - Filling up the DagBag from /Users/ravipal/Desktop/Workspace/airflow_tutorial/py_env/lib/python3.12/site-packages/airflow/example_dags/example_params_ui_tutorial.py
[2024-09-01T01:02:31.552+0530] {processor.py:925} INFO - DAG(s) 'example_params_ui_tutorial' retrieved from /Users/ravipal/Desktop/Workspace/airflow_tutorial/py_env/lib/python3.12/site-packages/airflow/example_dags/example_params_ui_tutorial.py
[2024-09-01T01:02:31.592+0530] {logging_mixin.py:190} INFO - [2024-09-01T01:02:31.592+0530] {dag.py:3211} INFO - Sync 1 DAGs
[2024-09-01T01:02:31.596+0530] {logging_mixin.py:190} INFO - [2024-09-01T01:02:31.596+0530] {dag.py:4138} INFO - Setting next_dagrun for example_params_ui_tutorial to None, run_after=None
[2024-09-01T01:02:31.603+0530] {processor.py:208} INFO - Processing /Users/ravipal/Desktop/Workspace/airflow_tutorial/py_env/lib/python3.12/site-packages/airflow/example_dags/example_params_ui_tutorial.py took 0.069 seconds
[2024-09-01T01:04:38.620+0530] {processor.py:186} INFO - Started process (PID=4155) to work on /Users/ravipal/Desktop/Workspace/airflow_tutorial/py_env/lib/python3.12/site-packages/airflow/example_dags/example_params_ui_tutorial.py
[2024-09-01T01:04:38.620+0530] {processor.py:914} INFO - Processing file /Users/ravipal/Desktop/Workspace/airflow_tutorial/py_env/lib/python3.12/site-packages/airflow/example_dags/example_params_ui_tutorial.py for tasks to queue
[2024-09-01T01:04:38.621+0530] {logging_mixin.py:190} INFO - [2024-09-01T01:04:38.620+0530] {dagbag.py:587} INFO - Filling up the DagBag from /Users/ravipal/Desktop/Workspace/airflow_tutorial/py_env/lib/python3.12/site-packages/airflow/example_dags/example_params_ui_tutorial.py
[2024-09-01T01:04:38.637+0530] {processor.py:925} INFO - DAG(s) 'example_params_ui_tutorial' retrieved from /Users/ravipal/Desktop/Workspace/airflow_tutorial/py_env/lib/python3.12/site-packages/airflow/example_dags/example_params_ui_tutorial.py
[2024-09-01T01:04:38.678+0530] {logging_mixin.py:190} INFO - [2024-09-01T01:04:38.677+0530] {dag.py:3211} INFO - Sync 1 DAGs
[2024-09-01T01:04:38.682+0530] {logging_mixin.py:190} INFO - [2024-09-01T01:04:38.682+0530] {dag.py:4138} INFO - Setting next_dagrun for example_params_ui_tutorial to None, run_after=None
[2024-09-01T01:04:38.688+0530] {processor.py:208} INFO - Processing /Users/ravipal/Desktop/Workspace/airflow_tutorial/py_env/lib/python3.12/site-packages/airflow/example_dags/example_params_ui_tutorial.py took 0.070 seconds
[2024-09-01T01:06:48.188+0530] {processor.py:186} INFO - Started process (PID=4311) to work on /Users/ravipal/Desktop/Workspace/airflow_tutorial/py_env/lib/python3.12/site-packages/airflow/example_dags/example_params_ui_tutorial.py
[2024-09-01T01:06:48.190+0530] {processor.py:914} INFO - Processing file /Users/ravipal/Desktop/Workspace/airflow_tutorial/py_env/lib/python3.12/site-packages/airflow/example_dags/example_params_ui_tutorial.py for tasks to queue
[2024-09-01T01:06:48.190+0530] {logging_mixin.py:190} INFO - [2024-09-01T01:06:48.190+0530] {dagbag.py:587} INFO - Filling up the DagBag from /Users/ravipal/Desktop/Workspace/airflow_tutorial/py_env/lib/python3.12/site-packages/airflow/example_dags/example_params_ui_tutorial.py
[2024-09-01T01:06:48.206+0530] {processor.py:925} INFO - DAG(s) 'example_params_ui_tutorial' retrieved from /Users/ravipal/Desktop/Workspace/airflow_tutorial/py_env/lib/python3.12/site-packages/airflow/example_dags/example_params_ui_tutorial.py
[2024-09-01T01:06:48.246+0530] {logging_mixin.py:190} INFO - [2024-09-01T01:06:48.246+0530] {dag.py:3211} INFO - Sync 1 DAGs
[2024-09-01T01:06:48.250+0530] {logging_mixin.py:190} INFO - [2024-09-01T01:06:48.250+0530] {dag.py:4138} INFO - Setting next_dagrun for example_params_ui_tutorial to None, run_after=None
[2024-09-01T01:06:48.257+0530] {processor.py:208} INFO - Processing /Users/ravipal/Desktop/Workspace/airflow_tutorial/py_env/lib/python3.12/site-packages/airflow/example_dags/example_params_ui_tutorial.py took 0.070 seconds
[2024-09-01T01:08:58.585+0530] {processor.py:186} INFO - Started process (PID=4442) to work on /Users/ravipal/Desktop/Workspace/airflow_tutorial/py_env/lib/python3.12/site-packages/airflow/example_dags/example_params_ui_tutorial.py
[2024-09-01T01:08:58.586+0530] {processor.py:914} INFO - Processing file /Users/ravipal/Desktop/Workspace/airflow_tutorial/py_env/lib/python3.12/site-packages/airflow/example_dags/example_params_ui_tutorial.py for tasks to queue
[2024-09-01T01:08:58.586+0530] {logging_mixin.py:190} INFO - [2024-09-01T01:08:58.586+0530] {dagbag.py:587} INFO - Filling up the DagBag from /Users/ravipal/Desktop/Workspace/airflow_tutorial/py_env/lib/python3.12/site-packages/airflow/example_dags/example_params_ui_tutorial.py
[2024-09-01T01:08:58.602+0530] {processor.py:925} INFO - DAG(s) 'example_params_ui_tutorial' retrieved from /Users/ravipal/Desktop/Workspace/airflow_tutorial/py_env/lib/python3.12/site-packages/airflow/example_dags/example_params_ui_tutorial.py
[2024-09-01T01:08:58.643+0530] {logging_mixin.py:190} INFO - [2024-09-01T01:08:58.643+0530] {dag.py:3211} INFO - Sync 1 DAGs
[2024-09-01T01:08:58.647+0530] {logging_mixin.py:190} INFO - [2024-09-01T01:08:58.647+0530] {dag.py:4138} INFO - Setting next_dagrun for example_params_ui_tutorial to None, run_after=None
[2024-09-01T01:08:58.653+0530] {processor.py:208} INFO - Processing /Users/ravipal/Desktop/Workspace/airflow_tutorial/py_env/lib/python3.12/site-packages/airflow/example_dags/example_params_ui_tutorial.py took 0.070 seconds
[2024-09-01T01:11:03.959+0530] {processor.py:186} INFO - Started process (PID=4568) to work on /Users/ravipal/Desktop/Workspace/airflow_tutorial/py_env/lib/python3.12/site-packages/airflow/example_dags/example_params_ui_tutorial.py
[2024-09-01T01:11:03.960+0530] {processor.py:914} INFO - Processing file /Users/ravipal/Desktop/Workspace/airflow_tutorial/py_env/lib/python3.12/site-packages/airflow/example_dags/example_params_ui_tutorial.py for tasks to queue
[2024-09-01T01:11:03.960+0530] {logging_mixin.py:190} INFO - [2024-09-01T01:11:03.960+0530] {dagbag.py:587} INFO - Filling up the DagBag from /Users/ravipal/Desktop/Workspace/airflow_tutorial/py_env/lib/python3.12/site-packages/airflow/example_dags/example_params_ui_tutorial.py
[2024-09-01T01:11:03.976+0530] {processor.py:925} INFO - DAG(s) 'example_params_ui_tutorial' retrieved from /Users/ravipal/Desktop/Workspace/airflow_tutorial/py_env/lib/python3.12/site-packages/airflow/example_dags/example_params_ui_tutorial.py
[2024-09-01T01:11:04.016+0530] {logging_mixin.py:190} INFO - [2024-09-01T01:11:04.016+0530] {dag.py:3211} INFO - Sync 1 DAGs
[2024-09-01T01:11:04.020+0530] {logging_mixin.py:190} INFO - [2024-09-01T01:11:04.020+0530] {dag.py:4138} INFO - Setting next_dagrun for example_params_ui_tutorial to None, run_after=None
[2024-09-01T01:11:04.027+0530] {processor.py:208} INFO - Processing /Users/ravipal/Desktop/Workspace/airflow_tutorial/py_env/lib/python3.12/site-packages/airflow/example_dags/example_params_ui_tutorial.py took 0.069 seconds
[2024-09-01T01:13:08.538+0530] {processor.py:186} INFO - Started process (PID=4695) to work on /Users/ravipal/Desktop/Workspace/airflow_tutorial/py_env/lib/python3.12/site-packages/airflow/example_dags/example_params_ui_tutorial.py
[2024-09-01T01:13:08.538+0530] {processor.py:914} INFO - Processing file /Users/ravipal/Desktop/Workspace/airflow_tutorial/py_env/lib/python3.12/site-packages/airflow/example_dags/example_params_ui_tutorial.py for tasks to queue
[2024-09-01T01:13:08.539+0530] {logging_mixin.py:190} INFO - [2024-09-01T01:13:08.538+0530] {dagbag.py:587} INFO - Filling up the DagBag from /Users/ravipal/Desktop/Workspace/airflow_tutorial/py_env/lib/python3.12/site-packages/airflow/example_dags/example_params_ui_tutorial.py
[2024-09-01T01:13:08.554+0530] {processor.py:925} INFO - DAG(s) 'example_params_ui_tutorial' retrieved from /Users/ravipal/Desktop/Workspace/airflow_tutorial/py_env/lib/python3.12/site-packages/airflow/example_dags/example_params_ui_tutorial.py
[2024-09-01T01:13:08.594+0530] {logging_mixin.py:190} INFO - [2024-09-01T01:13:08.594+0530] {dag.py:3211} INFO - Sync 1 DAGs
[2024-09-01T01:13:08.598+0530] {logging_mixin.py:190} INFO - [2024-09-01T01:13:08.598+0530] {dag.py:4138} INFO - Setting next_dagrun for example_params_ui_tutorial to None, run_after=None
[2024-09-01T01:13:08.605+0530] {processor.py:208} INFO - Processing /Users/ravipal/Desktop/Workspace/airflow_tutorial/py_env/lib/python3.12/site-packages/airflow/example_dags/example_params_ui_tutorial.py took 0.069 seconds
[2024-09-01T01:15:22.230+0530] {processor.py:186} INFO - Started process (PID=4826) to work on /Users/ravipal/Desktop/Workspace/airflow_tutorial/py_env/lib/python3.12/site-packages/airflow/example_dags/example_params_ui_tutorial.py
[2024-09-01T01:15:22.230+0530] {processor.py:914} INFO - Processing file /Users/ravipal/Desktop/Workspace/airflow_tutorial/py_env/lib/python3.12/site-packages/airflow/example_dags/example_params_ui_tutorial.py for tasks to queue
[2024-09-01T01:15:22.231+0530] {logging_mixin.py:190} INFO - [2024-09-01T01:15:22.231+0530] {dagbag.py:587} INFO - Filling up the DagBag from /Users/ravipal/Desktop/Workspace/airflow_tutorial/py_env/lib/python3.12/site-packages/airflow/example_dags/example_params_ui_tutorial.py
[2024-09-01T01:15:22.246+0530] {processor.py:925} INFO - DAG(s) 'example_params_ui_tutorial' retrieved from /Users/ravipal/Desktop/Workspace/airflow_tutorial/py_env/lib/python3.12/site-packages/airflow/example_dags/example_params_ui_tutorial.py
[2024-09-01T01:15:22.287+0530] {logging_mixin.py:190} INFO - [2024-09-01T01:15:22.287+0530] {dag.py:3211} INFO - Sync 1 DAGs
[2024-09-01T01:15:22.291+0530] {logging_mixin.py:190} INFO - [2024-09-01T01:15:22.291+0530] {dag.py:4138} INFO - Setting next_dagrun for example_params_ui_tutorial to None, run_after=None
[2024-09-01T01:15:22.298+0530] {processor.py:208} INFO - Processing /Users/ravipal/Desktop/Workspace/airflow_tutorial/py_env/lib/python3.12/site-packages/airflow/example_dags/example_params_ui_tutorial.py took 0.070 seconds
[2024-09-01T01:17:32.805+0530] {processor.py:186} INFO - Started process (PID=4957) to work on /Users/ravipal/Desktop/Workspace/airflow_tutorial/py_env/lib/python3.12/site-packages/airflow/example_dags/example_params_ui_tutorial.py
[2024-09-01T01:17:32.805+0530] {processor.py:914} INFO - Processing file /Users/ravipal/Desktop/Workspace/airflow_tutorial/py_env/lib/python3.12/site-packages/airflow/example_dags/example_params_ui_tutorial.py for tasks to queue
[2024-09-01T01:17:32.805+0530] {logging_mixin.py:190} INFO - [2024-09-01T01:17:32.805+0530] {dagbag.py:587} INFO - Filling up the DagBag from /Users/ravipal/Desktop/Workspace/airflow_tutorial/py_env/lib/python3.12/site-packages/airflow/example_dags/example_params_ui_tutorial.py
[2024-09-01T01:17:32.821+0530] {processor.py:925} INFO - DAG(s) 'example_params_ui_tutorial' retrieved from /Users/ravipal/Desktop/Workspace/airflow_tutorial/py_env/lib/python3.12/site-packages/airflow/example_dags/example_params_ui_tutorial.py
[2024-09-01T01:17:32.862+0530] {logging_mixin.py:190} INFO - [2024-09-01T01:17:32.862+0530] {dag.py:3211} INFO - Sync 1 DAGs
[2024-09-01T01:17:32.866+0530] {logging_mixin.py:190} INFO - [2024-09-01T01:17:32.866+0530] {dag.py:4138} INFO - Setting next_dagrun for example_params_ui_tutorial to None, run_after=None
[2024-09-01T01:17:32.872+0530] {processor.py:208} INFO - Processing /Users/ravipal/Desktop/Workspace/airflow_tutorial/py_env/lib/python3.12/site-packages/airflow/example_dags/example_params_ui_tutorial.py took 0.070 seconds
