[2024-09-01T00:22:53.596+0530] {processor.py:186} INFO - Started process (PID=1413) to work on /Users/ravipal/Desktop/Workspace/airflow_tutorial/py_env/lib/python3.12/site-packages/airflow/example_dags/example_xcomargs.py
[2024-09-01T00:22:53.596+0530] {processor.py:914} INFO - Processing file /Users/ravipal/Desktop/Workspace/airflow_tutorial/py_env/lib/python3.12/site-packages/airflow/example_dags/example_xcomargs.py for tasks to queue
[2024-09-01T00:22:53.596+0530] {logging_mixin.py:190} INFO - [2024-09-01T00:22:53.596+0530] {dagbag.py:587} INFO - Filling up the DagBag from /Users/ravipal/Desktop/Workspace/airflow_tutorial/py_env/lib/python3.12/site-packages/airflow/example_dags/example_xcomargs.py
[2024-09-01T00:22:53.613+0530] {processor.py:925} INFO - DAG(s) 'example_xcom_args_with_operators', 'example_xcom_args' retrieved from /Users/ravipal/Desktop/Workspace/airflow_tutorial/py_env/lib/python3.12/site-packages/airflow/example_dags/example_xcomargs.py
[2024-09-01T00:22:53.676+0530] {logging_mixin.py:190} INFO - [2024-09-01T00:22:53.676+0530] {override.py:1858} INFO - Created Permission View: can delete on DAG:example_xcom_args_with_operators
[2024-09-01T00:22:53.707+0530] {logging_mixin.py:190} INFO - [2024-09-01T00:22:53.707+0530] {override.py:1858} INFO - Created Permission View: can read on DAG:example_xcom_args_with_operators
[2024-09-01T00:22:53.709+0530] {logging_mixin.py:190} INFO - [2024-09-01T00:22:53.709+0530] {override.py:1858} INFO - Created Permission View: can edit on DAG:example_xcom_args_with_operators
[2024-09-01T00:22:53.713+0530] {logging_mixin.py:190} INFO - [2024-09-01T00:22:53.713+0530] {override.py:1858} INFO - Created Permission View: can delete on DAG:example_xcom_args
[2024-09-01T00:22:53.715+0530] {logging_mixin.py:190} INFO - [2024-09-01T00:22:53.715+0530] {override.py:1858} INFO - Created Permission View: can read on DAG:example_xcom_args
[2024-09-01T00:22:53.717+0530] {logging_mixin.py:190} INFO - [2024-09-01T00:22:53.717+0530] {override.py:1858} INFO - Created Permission View: can edit on DAG:example_xcom_args
[2024-09-01T00:22:53.717+0530] {logging_mixin.py:190} INFO - [2024-09-01T00:22:53.717+0530] {dag.py:3211} INFO - Sync 2 DAGs
[2024-09-01T00:22:53.721+0530] {logging_mixin.py:190} INFO - [2024-09-01T00:22:53.721+0530] {dag.py:3234} INFO - Creating ORM DAG for example_xcom_args_with_operators
[2024-09-01T00:22:53.721+0530] {logging_mixin.py:190} INFO - [2024-09-01T00:22:53.721+0530] {dag.py:3234} INFO - Creating ORM DAG for example_xcom_args
[2024-09-01T00:22:53.721+0530] {logging_mixin.py:190} INFO - [2024-09-01T00:22:53.721+0530] {dag.py:4138} INFO - Setting next_dagrun for example_xcom_args to None, run_after=None
[2024-09-01T00:22:53.722+0530] {logging_mixin.py:190} INFO - [2024-09-01T00:22:53.722+0530] {dag.py:4138} INFO - Setting next_dagrun for example_xcom_args_with_operators to None, run_after=None
[2024-09-01T00:22:53.727+0530] {processor.py:208} INFO - Processing /Users/ravipal/Desktop/Workspace/airflow_tutorial/py_env/lib/python3.12/site-packages/airflow/example_dags/example_xcomargs.py took 0.134 seconds
[2024-09-01T00:24:34.298+0530] {processor.py:186} INFO - Started process (PID=1519) to work on /Users/ravipal/Desktop/Workspace/airflow_tutorial/py_env/lib/python3.12/site-packages/airflow/example_dags/example_xcomargs.py
[2024-09-01T00:24:34.298+0530] {processor.py:914} INFO - Processing file /Users/ravipal/Desktop/Workspace/airflow_tutorial/py_env/lib/python3.12/site-packages/airflow/example_dags/example_xcomargs.py for tasks to queue
[2024-09-01T00:24:34.299+0530] {logging_mixin.py:190} INFO - [2024-09-01T00:24:34.298+0530] {dagbag.py:587} INFO - Filling up the DagBag from /Users/ravipal/Desktop/Workspace/airflow_tutorial/py_env/lib/python3.12/site-packages/airflow/example_dags/example_xcomargs.py
[2024-09-01T00:24:34.315+0530] {processor.py:925} INFO - DAG(s) 'example_xcom_args', 'example_xcom_args_with_operators' retrieved from /Users/ravipal/Desktop/Workspace/airflow_tutorial/py_env/lib/python3.12/site-packages/airflow/example_dags/example_xcomargs.py
[2024-09-01T00:24:34.349+0530] {logging_mixin.py:190} INFO - [2024-09-01T00:24:34.348+0530] {dag.py:3211} INFO - Sync 2 DAGs
[2024-09-01T00:24:34.352+0530] {logging_mixin.py:190} INFO - [2024-09-01T00:24:34.352+0530] {dag.py:4138} INFO - Setting next_dagrun for example_xcom_args to None, run_after=None
[2024-09-01T00:24:34.353+0530] {logging_mixin.py:190} INFO - [2024-09-01T00:24:34.353+0530] {dag.py:4138} INFO - Setting next_dagrun for example_xcom_args_with_operators to None, run_after=None
[2024-09-01T00:24:34.359+0530] {processor.py:208} INFO - Processing /Users/ravipal/Desktop/Workspace/airflow_tutorial/py_env/lib/python3.12/site-packages/airflow/example_dags/example_xcomargs.py took 0.064 seconds
[2024-09-01T00:25:41.538+0530] {processor.py:186} INFO - Started process (PID=1589) to work on /Users/ravipal/Desktop/Workspace/airflow_tutorial/py_env/lib/python3.12/site-packages/airflow/example_dags/example_xcomargs.py
[2024-09-01T00:25:41.538+0530] {processor.py:914} INFO - Processing file /Users/ravipal/Desktop/Workspace/airflow_tutorial/py_env/lib/python3.12/site-packages/airflow/example_dags/example_xcomargs.py for tasks to queue
[2024-09-01T00:25:41.539+0530] {logging_mixin.py:190} INFO - [2024-09-01T00:25:41.539+0530] {dagbag.py:587} INFO - Filling up the DagBag from /Users/ravipal/Desktop/Workspace/airflow_tutorial/py_env/lib/python3.12/site-packages/airflow/example_dags/example_xcomargs.py
[2024-09-01T00:25:41.555+0530] {processor.py:925} INFO - DAG(s) 'example_xcom_args', 'example_xcom_args_with_operators' retrieved from /Users/ravipal/Desktop/Workspace/airflow_tutorial/py_env/lib/python3.12/site-packages/airflow/example_dags/example_xcomargs.py
[2024-09-01T00:25:41.589+0530] {logging_mixin.py:190} INFO - [2024-09-01T00:25:41.589+0530] {dag.py:3211} INFO - Sync 2 DAGs
[2024-09-01T00:25:41.593+0530] {logging_mixin.py:190} INFO - [2024-09-01T00:25:41.593+0530] {dag.py:4138} INFO - Setting next_dagrun for example_xcom_args to None, run_after=None
[2024-09-01T00:25:41.594+0530] {logging_mixin.py:190} INFO - [2024-09-01T00:25:41.594+0530] {dag.py:4138} INFO - Setting next_dagrun for example_xcom_args_with_operators to None, run_after=None
[2024-09-01T00:25:41.600+0530] {processor.py:208} INFO - Processing /Users/ravipal/Desktop/Workspace/airflow_tutorial/py_env/lib/python3.12/site-packages/airflow/example_dags/example_xcomargs.py took 0.064 seconds
[2024-09-01T00:26:48.048+0530] {processor.py:186} INFO - Started process (PID=1659) to work on /Users/ravipal/Desktop/Workspace/airflow_tutorial/py_env/lib/python3.12/site-packages/airflow/example_dags/example_xcomargs.py
[2024-09-01T00:26:48.048+0530] {processor.py:914} INFO - Processing file /Users/ravipal/Desktop/Workspace/airflow_tutorial/py_env/lib/python3.12/site-packages/airflow/example_dags/example_xcomargs.py for tasks to queue
[2024-09-01T00:26:48.048+0530] {logging_mixin.py:190} INFO - [2024-09-01T00:26:48.048+0530] {dagbag.py:587} INFO - Filling up the DagBag from /Users/ravipal/Desktop/Workspace/airflow_tutorial/py_env/lib/python3.12/site-packages/airflow/example_dags/example_xcomargs.py
[2024-09-01T00:26:48.063+0530] {processor.py:925} INFO - DAG(s) 'example_xcom_args_with_operators', 'example_xcom_args' retrieved from /Users/ravipal/Desktop/Workspace/airflow_tutorial/py_env/lib/python3.12/site-packages/airflow/example_dags/example_xcomargs.py
[2024-09-01T00:26:48.096+0530] {logging_mixin.py:190} INFO - [2024-09-01T00:26:48.096+0530] {dag.py:3211} INFO - Sync 2 DAGs
[2024-09-01T00:26:48.100+0530] {logging_mixin.py:190} INFO - [2024-09-01T00:26:48.100+0530] {dag.py:4138} INFO - Setting next_dagrun for example_xcom_args to None, run_after=None
[2024-09-01T00:26:48.101+0530] {logging_mixin.py:190} INFO - [2024-09-01T00:26:48.101+0530] {dag.py:4138} INFO - Setting next_dagrun for example_xcom_args_with_operators to None, run_after=None
[2024-09-01T00:26:48.107+0530] {processor.py:208} INFO - Processing /Users/ravipal/Desktop/Workspace/airflow_tutorial/py_env/lib/python3.12/site-packages/airflow/example_dags/example_xcomargs.py took 0.061 seconds
[2024-09-01T00:27:59.934+0530] {processor.py:186} INFO - Started process (PID=1916) to work on /Users/ravipal/Desktop/Workspace/airflow_tutorial/py_env/lib/python3.12/site-packages/airflow/example_dags/example_xcomargs.py
[2024-09-01T00:27:59.934+0530] {processor.py:914} INFO - Processing file /Users/ravipal/Desktop/Workspace/airflow_tutorial/py_env/lib/python3.12/site-packages/airflow/example_dags/example_xcomargs.py for tasks to queue
[2024-09-01T00:27:59.935+0530] {logging_mixin.py:190} INFO - [2024-09-01T00:27:59.935+0530] {dagbag.py:587} INFO - Filling up the DagBag from /Users/ravipal/Desktop/Workspace/airflow_tutorial/py_env/lib/python3.12/site-packages/airflow/example_dags/example_xcomargs.py
[2024-09-01T00:27:59.949+0530] {processor.py:925} INFO - DAG(s) 'example_xcom_args', 'example_xcom_args_with_operators' retrieved from /Users/ravipal/Desktop/Workspace/airflow_tutorial/py_env/lib/python3.12/site-packages/airflow/example_dags/example_xcomargs.py
[2024-09-01T00:27:59.982+0530] {logging_mixin.py:190} INFO - [2024-09-01T00:27:59.982+0530] {dag.py:3211} INFO - Sync 2 DAGs
[2024-09-01T00:27:59.986+0530] {logging_mixin.py:190} INFO - [2024-09-01T00:27:59.986+0530] {dag.py:4138} INFO - Setting next_dagrun for example_xcom_args to None, run_after=None
[2024-09-01T00:27:59.987+0530] {logging_mixin.py:190} INFO - [2024-09-01T00:27:59.987+0530] {dag.py:4138} INFO - Setting next_dagrun for example_xcom_args_with_operators to None, run_after=None
[2024-09-01T00:27:59.994+0530] {processor.py:208} INFO - Processing /Users/ravipal/Desktop/Workspace/airflow_tutorial/py_env/lib/python3.12/site-packages/airflow/example_dags/example_xcomargs.py took 0.061 seconds
[2024-09-01T00:29:07.997+0530] {processor.py:186} INFO - Started process (PID=1986) to work on /Users/ravipal/Desktop/Workspace/airflow_tutorial/py_env/lib/python3.12/site-packages/airflow/example_dags/example_xcomargs.py
[2024-09-01T00:29:07.997+0530] {processor.py:914} INFO - Processing file /Users/ravipal/Desktop/Workspace/airflow_tutorial/py_env/lib/python3.12/site-packages/airflow/example_dags/example_xcomargs.py for tasks to queue
[2024-09-01T00:29:07.998+0530] {logging_mixin.py:190} INFO - [2024-09-01T00:29:07.997+0530] {dagbag.py:587} INFO - Filling up the DagBag from /Users/ravipal/Desktop/Workspace/airflow_tutorial/py_env/lib/python3.12/site-packages/airflow/example_dags/example_xcomargs.py
[2024-09-01T00:29:08.013+0530] {processor.py:925} INFO - DAG(s) 'example_xcom_args', 'example_xcom_args_with_operators' retrieved from /Users/ravipal/Desktop/Workspace/airflow_tutorial/py_env/lib/python3.12/site-packages/airflow/example_dags/example_xcomargs.py
[2024-09-01T00:29:08.047+0530] {logging_mixin.py:190} INFO - [2024-09-01T00:29:08.047+0530] {dag.py:3211} INFO - Sync 2 DAGs
[2024-09-01T00:29:08.051+0530] {logging_mixin.py:190} INFO - [2024-09-01T00:29:08.051+0530] {dag.py:4138} INFO - Setting next_dagrun for example_xcom_args to None, run_after=None
[2024-09-01T00:29:08.052+0530] {logging_mixin.py:190} INFO - [2024-09-01T00:29:08.052+0530] {dag.py:4138} INFO - Setting next_dagrun for example_xcom_args_with_operators to None, run_after=None
[2024-09-01T00:29:08.058+0530] {processor.py:208} INFO - Processing /Users/ravipal/Desktop/Workspace/airflow_tutorial/py_env/lib/python3.12/site-packages/airflow/example_dags/example_xcomargs.py took 0.063 seconds
[2024-09-01T00:30:10.503+0530] {processor.py:186} INFO - Started process (PID=2050) to work on /Users/ravipal/Desktop/Workspace/airflow_tutorial/py_env/lib/python3.12/site-packages/airflow/example_dags/example_xcomargs.py
[2024-09-01T00:30:10.503+0530] {processor.py:914} INFO - Processing file /Users/ravipal/Desktop/Workspace/airflow_tutorial/py_env/lib/python3.12/site-packages/airflow/example_dags/example_xcomargs.py for tasks to queue
[2024-09-01T00:30:10.504+0530] {logging_mixin.py:190} INFO - [2024-09-01T00:30:10.504+0530] {dagbag.py:587} INFO - Filling up the DagBag from /Users/ravipal/Desktop/Workspace/airflow_tutorial/py_env/lib/python3.12/site-packages/airflow/example_dags/example_xcomargs.py
[2024-09-01T00:30:10.519+0530] {processor.py:925} INFO - DAG(s) 'example_xcom_args', 'example_xcom_args_with_operators' retrieved from /Users/ravipal/Desktop/Workspace/airflow_tutorial/py_env/lib/python3.12/site-packages/airflow/example_dags/example_xcomargs.py
[2024-09-01T00:30:10.553+0530] {logging_mixin.py:190} INFO - [2024-09-01T00:30:10.553+0530] {dag.py:3211} INFO - Sync 2 DAGs
[2024-09-01T00:30:10.557+0530] {logging_mixin.py:190} INFO - [2024-09-01T00:30:10.557+0530] {dag.py:4138} INFO - Setting next_dagrun for example_xcom_args to None, run_after=None
[2024-09-01T00:30:10.558+0530] {logging_mixin.py:190} INFO - [2024-09-01T00:30:10.558+0530] {dag.py:4138} INFO - Setting next_dagrun for example_xcom_args_with_operators to None, run_after=None
[2024-09-01T00:30:10.564+0530] {processor.py:208} INFO - Processing /Users/ravipal/Desktop/Workspace/airflow_tutorial/py_env/lib/python3.12/site-packages/airflow/example_dags/example_xcomargs.py took 0.063 seconds
[2024-09-01T00:31:15.689+0530] {processor.py:186} INFO - Started process (PID=2117) to work on /Users/ravipal/Desktop/Workspace/airflow_tutorial/py_env/lib/python3.12/site-packages/airflow/example_dags/example_xcomargs.py
[2024-09-01T00:31:15.689+0530] {processor.py:914} INFO - Processing file /Users/ravipal/Desktop/Workspace/airflow_tutorial/py_env/lib/python3.12/site-packages/airflow/example_dags/example_xcomargs.py for tasks to queue
[2024-09-01T00:31:15.690+0530] {logging_mixin.py:190} INFO - [2024-09-01T00:31:15.690+0530] {dagbag.py:587} INFO - Filling up the DagBag from /Users/ravipal/Desktop/Workspace/airflow_tutorial/py_env/lib/python3.12/site-packages/airflow/example_dags/example_xcomargs.py
[2024-09-01T00:31:15.707+0530] {processor.py:925} INFO - DAG(s) 'example_xcom_args', 'example_xcom_args_with_operators' retrieved from /Users/ravipal/Desktop/Workspace/airflow_tutorial/py_env/lib/python3.12/site-packages/airflow/example_dags/example_xcomargs.py
[2024-09-01T00:31:15.744+0530] {logging_mixin.py:190} INFO - [2024-09-01T00:31:15.744+0530] {dag.py:3211} INFO - Sync 2 DAGs
[2024-09-01T00:31:15.748+0530] {logging_mixin.py:190} INFO - [2024-09-01T00:31:15.748+0530] {dag.py:4138} INFO - Setting next_dagrun for example_xcom_args to None, run_after=None
[2024-09-01T00:31:15.750+0530] {logging_mixin.py:190} INFO - [2024-09-01T00:31:15.749+0530] {dag.py:4138} INFO - Setting next_dagrun for example_xcom_args_with_operators to None, run_after=None
[2024-09-01T00:31:15.755+0530] {processor.py:208} INFO - Processing /Users/ravipal/Desktop/Workspace/airflow_tutorial/py_env/lib/python3.12/site-packages/airflow/example_dags/example_xcomargs.py took 0.070 seconds
[2024-09-01T00:32:22.194+0530] {processor.py:186} INFO - Started process (PID=2184) to work on /Users/ravipal/Desktop/Workspace/airflow_tutorial/py_env/lib/python3.12/site-packages/airflow/example_dags/example_xcomargs.py
[2024-09-01T00:32:22.195+0530] {processor.py:914} INFO - Processing file /Users/ravipal/Desktop/Workspace/airflow_tutorial/py_env/lib/python3.12/site-packages/airflow/example_dags/example_xcomargs.py for tasks to queue
[2024-09-01T00:32:22.195+0530] {logging_mixin.py:190} INFO - [2024-09-01T00:32:22.195+0530] {dagbag.py:587} INFO - Filling up the DagBag from /Users/ravipal/Desktop/Workspace/airflow_tutorial/py_env/lib/python3.12/site-packages/airflow/example_dags/example_xcomargs.py
[2024-09-01T00:32:22.215+0530] {processor.py:925} INFO - DAG(s) 'example_xcom_args_with_operators', 'example_xcom_args' retrieved from /Users/ravipal/Desktop/Workspace/airflow_tutorial/py_env/lib/python3.12/site-packages/airflow/example_dags/example_xcomargs.py
[2024-09-01T00:32:22.266+0530] {logging_mixin.py:190} INFO - [2024-09-01T00:32:22.266+0530] {dag.py:3211} INFO - Sync 2 DAGs
[2024-09-01T00:32:22.272+0530] {logging_mixin.py:190} INFO - [2024-09-01T00:32:22.271+0530] {dag.py:4138} INFO - Setting next_dagrun for example_xcom_args to None, run_after=None
[2024-09-01T00:32:22.273+0530] {logging_mixin.py:190} INFO - [2024-09-01T00:32:22.273+0530] {dag.py:4138} INFO - Setting next_dagrun for example_xcom_args_with_operators to None, run_after=None
[2024-09-01T00:32:22.282+0530] {processor.py:208} INFO - Processing /Users/ravipal/Desktop/Workspace/airflow_tutorial/py_env/lib/python3.12/site-packages/airflow/example_dags/example_xcomargs.py took 0.092 seconds
[2024-09-01T00:33:30.254+0530] {processor.py:186} INFO - Started process (PID=2248) to work on /Users/ravipal/Desktop/Workspace/airflow_tutorial/py_env/lib/python3.12/site-packages/airflow/example_dags/example_xcomargs.py
[2024-09-01T00:33:30.255+0530] {processor.py:914} INFO - Processing file /Users/ravipal/Desktop/Workspace/airflow_tutorial/py_env/lib/python3.12/site-packages/airflow/example_dags/example_xcomargs.py for tasks to queue
[2024-09-01T00:33:30.255+0530] {logging_mixin.py:190} INFO - [2024-09-01T00:33:30.255+0530] {dagbag.py:587} INFO - Filling up the DagBag from /Users/ravipal/Desktop/Workspace/airflow_tutorial/py_env/lib/python3.12/site-packages/airflow/example_dags/example_xcomargs.py
[2024-09-01T00:33:30.271+0530] {processor.py:925} INFO - DAG(s) 'example_xcom_args_with_operators', 'example_xcom_args' retrieved from /Users/ravipal/Desktop/Workspace/airflow_tutorial/py_env/lib/python3.12/site-packages/airflow/example_dags/example_xcomargs.py
[2024-09-01T00:33:30.305+0530] {logging_mixin.py:190} INFO - [2024-09-01T00:33:30.305+0530] {dag.py:3211} INFO - Sync 2 DAGs
[2024-09-01T00:33:30.309+0530] {logging_mixin.py:190} INFO - [2024-09-01T00:33:30.309+0530] {dag.py:4138} INFO - Setting next_dagrun for example_xcom_args to None, run_after=None
[2024-09-01T00:33:30.310+0530] {logging_mixin.py:190} INFO - [2024-09-01T00:33:30.310+0530] {dag.py:4138} INFO - Setting next_dagrun for example_xcom_args_with_operators to None, run_after=None
[2024-09-01T00:33:30.316+0530] {processor.py:208} INFO - Processing /Users/ravipal/Desktop/Workspace/airflow_tutorial/py_env/lib/python3.12/site-packages/airflow/example_dags/example_xcomargs.py took 0.063 seconds
[2024-09-01T00:34:38.849+0530] {processor.py:186} INFO - Started process (PID=2317) to work on /Users/ravipal/Desktop/Workspace/airflow_tutorial/py_env/lib/python3.12/site-packages/airflow/example_dags/example_xcomargs.py
[2024-09-01T00:34:38.850+0530] {processor.py:914} INFO - Processing file /Users/ravipal/Desktop/Workspace/airflow_tutorial/py_env/lib/python3.12/site-packages/airflow/example_dags/example_xcomargs.py for tasks to queue
[2024-09-01T00:34:38.850+0530] {logging_mixin.py:190} INFO - [2024-09-01T00:34:38.850+0530] {dagbag.py:587} INFO - Filling up the DagBag from /Users/ravipal/Desktop/Workspace/airflow_tutorial/py_env/lib/python3.12/site-packages/airflow/example_dags/example_xcomargs.py
[2024-09-01T00:34:38.865+0530] {processor.py:925} INFO - DAG(s) 'example_xcom_args_with_operators', 'example_xcom_args' retrieved from /Users/ravipal/Desktop/Workspace/airflow_tutorial/py_env/lib/python3.12/site-packages/airflow/example_dags/example_xcomargs.py
[2024-09-01T00:34:38.899+0530] {logging_mixin.py:190} INFO - [2024-09-01T00:34:38.899+0530] {dag.py:3211} INFO - Sync 2 DAGs
[2024-09-01T00:34:38.903+0530] {logging_mixin.py:190} INFO - [2024-09-01T00:34:38.903+0530] {dag.py:4138} INFO - Setting next_dagrun for example_xcom_args to None, run_after=None
[2024-09-01T00:34:38.904+0530] {logging_mixin.py:190} INFO - [2024-09-01T00:34:38.904+0530] {dag.py:4138} INFO - Setting next_dagrun for example_xcom_args_with_operators to None, run_after=None
[2024-09-01T00:34:38.910+0530] {processor.py:208} INFO - Processing /Users/ravipal/Desktop/Workspace/airflow_tutorial/py_env/lib/python3.12/site-packages/airflow/example_dags/example_xcomargs.py took 0.063 seconds
[2024-09-01T00:35:44.090+0530] {processor.py:186} INFO - Started process (PID=2385) to work on /Users/ravipal/Desktop/Workspace/airflow_tutorial/py_env/lib/python3.12/site-packages/airflow/example_dags/example_xcomargs.py
[2024-09-01T00:35:44.090+0530] {processor.py:914} INFO - Processing file /Users/ravipal/Desktop/Workspace/airflow_tutorial/py_env/lib/python3.12/site-packages/airflow/example_dags/example_xcomargs.py for tasks to queue
[2024-09-01T00:35:44.091+0530] {logging_mixin.py:190} INFO - [2024-09-01T00:35:44.091+0530] {dagbag.py:587} INFO - Filling up the DagBag from /Users/ravipal/Desktop/Workspace/airflow_tutorial/py_env/lib/python3.12/site-packages/airflow/example_dags/example_xcomargs.py
[2024-09-01T00:35:44.107+0530] {processor.py:925} INFO - DAG(s) 'example_xcom_args_with_operators', 'example_xcom_args' retrieved from /Users/ravipal/Desktop/Workspace/airflow_tutorial/py_env/lib/python3.12/site-packages/airflow/example_dags/example_xcomargs.py
[2024-09-01T00:35:44.140+0530] {logging_mixin.py:190} INFO - [2024-09-01T00:35:44.140+0530] {dag.py:3211} INFO - Sync 2 DAGs
[2024-09-01T00:35:44.144+0530] {logging_mixin.py:190} INFO - [2024-09-01T00:35:44.144+0530] {dag.py:4138} INFO - Setting next_dagrun for example_xcom_args to None, run_after=None
[2024-09-01T00:35:44.146+0530] {logging_mixin.py:190} INFO - [2024-09-01T00:35:44.145+0530] {dag.py:4138} INFO - Setting next_dagrun for example_xcom_args_with_operators to None, run_after=None
[2024-09-01T00:35:44.151+0530] {processor.py:208} INFO - Processing /Users/ravipal/Desktop/Workspace/airflow_tutorial/py_env/lib/python3.12/site-packages/airflow/example_dags/example_xcomargs.py took 0.064 seconds
[2024-09-01T00:36:53.965+0530] {processor.py:186} INFO - Started process (PID=2453) to work on /Users/ravipal/Desktop/Workspace/airflow_tutorial/py_env/lib/python3.12/site-packages/airflow/example_dags/example_xcomargs.py
[2024-09-01T00:36:53.966+0530] {processor.py:914} INFO - Processing file /Users/ravipal/Desktop/Workspace/airflow_tutorial/py_env/lib/python3.12/site-packages/airflow/example_dags/example_xcomargs.py for tasks to queue
[2024-09-01T00:36:53.966+0530] {logging_mixin.py:190} INFO - [2024-09-01T00:36:53.966+0530] {dagbag.py:587} INFO - Filling up the DagBag from /Users/ravipal/Desktop/Workspace/airflow_tutorial/py_env/lib/python3.12/site-packages/airflow/example_dags/example_xcomargs.py
[2024-09-01T00:36:53.982+0530] {processor.py:925} INFO - DAG(s) 'example_xcom_args_with_operators', 'example_xcom_args' retrieved from /Users/ravipal/Desktop/Workspace/airflow_tutorial/py_env/lib/python3.12/site-packages/airflow/example_dags/example_xcomargs.py
[2024-09-01T00:36:54.016+0530] {logging_mixin.py:190} INFO - [2024-09-01T00:36:54.016+0530] {dag.py:3211} INFO - Sync 2 DAGs
[2024-09-01T00:36:54.020+0530] {logging_mixin.py:190} INFO - [2024-09-01T00:36:54.020+0530] {dag.py:4138} INFO - Setting next_dagrun for example_xcom_args to None, run_after=None
[2024-09-01T00:36:54.021+0530] {logging_mixin.py:190} INFO - [2024-09-01T00:36:54.021+0530] {dag.py:4138} INFO - Setting next_dagrun for example_xcom_args_with_operators to None, run_after=None
[2024-09-01T00:36:54.028+0530] {processor.py:208} INFO - Processing /Users/ravipal/Desktop/Workspace/airflow_tutorial/py_env/lib/python3.12/site-packages/airflow/example_dags/example_xcomargs.py took 0.065 seconds
[2024-09-01T00:37:59.091+0530] {processor.py:186} INFO - Started process (PID=2518) to work on /Users/ravipal/Desktop/Workspace/airflow_tutorial/py_env/lib/python3.12/site-packages/airflow/example_dags/example_xcomargs.py
[2024-09-01T00:37:59.091+0530] {processor.py:914} INFO - Processing file /Users/ravipal/Desktop/Workspace/airflow_tutorial/py_env/lib/python3.12/site-packages/airflow/example_dags/example_xcomargs.py for tasks to queue
[2024-09-01T00:37:59.091+0530] {logging_mixin.py:190} INFO - [2024-09-01T00:37:59.091+0530] {dagbag.py:587} INFO - Filling up the DagBag from /Users/ravipal/Desktop/Workspace/airflow_tutorial/py_env/lib/python3.12/site-packages/airflow/example_dags/example_xcomargs.py
[2024-09-01T00:37:59.106+0530] {processor.py:925} INFO - DAG(s) 'example_xcom_args_with_operators', 'example_xcom_args' retrieved from /Users/ravipal/Desktop/Workspace/airflow_tutorial/py_env/lib/python3.12/site-packages/airflow/example_dags/example_xcomargs.py
[2024-09-01T00:37:59.139+0530] {logging_mixin.py:190} INFO - [2024-09-01T00:37:59.139+0530] {dag.py:3211} INFO - Sync 2 DAGs
[2024-09-01T00:37:59.143+0530] {logging_mixin.py:190} INFO - [2024-09-01T00:37:59.143+0530] {dag.py:4138} INFO - Setting next_dagrun for example_xcom_args to None, run_after=None
[2024-09-01T00:37:59.144+0530] {logging_mixin.py:190} INFO - [2024-09-01T00:37:59.144+0530] {dag.py:4138} INFO - Setting next_dagrun for example_xcom_args_with_operators to None, run_after=None
[2024-09-01T00:37:59.150+0530] {processor.py:208} INFO - Processing /Users/ravipal/Desktop/Workspace/airflow_tutorial/py_env/lib/python3.12/site-packages/airflow/example_dags/example_xcomargs.py took 0.061 seconds
[2024-09-01T00:39:00.997+0530] {processor.py:186} INFO - Started process (PID=2584) to work on /Users/ravipal/Desktop/Workspace/airflow_tutorial/py_env/lib/python3.12/site-packages/airflow/example_dags/example_xcomargs.py
[2024-09-01T00:39:00.997+0530] {processor.py:914} INFO - Processing file /Users/ravipal/Desktop/Workspace/airflow_tutorial/py_env/lib/python3.12/site-packages/airflow/example_dags/example_xcomargs.py for tasks to queue
[2024-09-01T00:39:00.997+0530] {logging_mixin.py:190} INFO - [2024-09-01T00:39:00.997+0530] {dagbag.py:587} INFO - Filling up the DagBag from /Users/ravipal/Desktop/Workspace/airflow_tutorial/py_env/lib/python3.12/site-packages/airflow/example_dags/example_xcomargs.py
[2024-09-01T00:39:01.013+0530] {processor.py:925} INFO - DAG(s) 'example_xcom_args', 'example_xcom_args_with_operators' retrieved from /Users/ravipal/Desktop/Workspace/airflow_tutorial/py_env/lib/python3.12/site-packages/airflow/example_dags/example_xcomargs.py
[2024-09-01T00:39:01.047+0530] {logging_mixin.py:190} INFO - [2024-09-01T00:39:01.047+0530] {dag.py:3211} INFO - Sync 2 DAGs
[2024-09-01T00:39:01.051+0530] {logging_mixin.py:190} INFO - [2024-09-01T00:39:01.051+0530] {dag.py:4138} INFO - Setting next_dagrun for example_xcom_args to None, run_after=None
[2024-09-01T00:39:01.052+0530] {logging_mixin.py:190} INFO - [2024-09-01T00:39:01.052+0530] {dag.py:4138} INFO - Setting next_dagrun for example_xcom_args_with_operators to None, run_after=None
[2024-09-01T00:39:01.058+0530] {processor.py:208} INFO - Processing /Users/ravipal/Desktop/Workspace/airflow_tutorial/py_env/lib/python3.12/site-packages/airflow/example_dags/example_xcomargs.py took 0.064 seconds
[2024-09-01T00:40:03.546+0530] {processor.py:186} INFO - Started process (PID=2646) to work on /Users/ravipal/Desktop/Workspace/airflow_tutorial/py_env/lib/python3.12/site-packages/airflow/example_dags/example_xcomargs.py
[2024-09-01T00:40:03.546+0530] {processor.py:914} INFO - Processing file /Users/ravipal/Desktop/Workspace/airflow_tutorial/py_env/lib/python3.12/site-packages/airflow/example_dags/example_xcomargs.py for tasks to queue
[2024-09-01T00:40:03.547+0530] {logging_mixin.py:190} INFO - [2024-09-01T00:40:03.547+0530] {dagbag.py:587} INFO - Filling up the DagBag from /Users/ravipal/Desktop/Workspace/airflow_tutorial/py_env/lib/python3.12/site-packages/airflow/example_dags/example_xcomargs.py
[2024-09-01T00:40:03.563+0530] {processor.py:925} INFO - DAG(s) 'example_xcom_args_with_operators', 'example_xcom_args' retrieved from /Users/ravipal/Desktop/Workspace/airflow_tutorial/py_env/lib/python3.12/site-packages/airflow/example_dags/example_xcomargs.py
[2024-09-01T00:40:03.597+0530] {logging_mixin.py:190} INFO - [2024-09-01T00:40:03.597+0530] {dag.py:3211} INFO - Sync 2 DAGs
[2024-09-01T00:40:03.601+0530] {logging_mixin.py:190} INFO - [2024-09-01T00:40:03.601+0530] {dag.py:4138} INFO - Setting next_dagrun for example_xcom_args to None, run_after=None
[2024-09-01T00:40:03.602+0530] {logging_mixin.py:190} INFO - [2024-09-01T00:40:03.602+0530] {dag.py:4138} INFO - Setting next_dagrun for example_xcom_args_with_operators to None, run_after=None
[2024-09-01T00:40:03.608+0530] {processor.py:208} INFO - Processing /Users/ravipal/Desktop/Workspace/airflow_tutorial/py_env/lib/python3.12/site-packages/airflow/example_dags/example_xcomargs.py took 0.064 seconds
[2024-09-01T00:41:10.636+0530] {processor.py:186} INFO - Started process (PID=2710) to work on /Users/ravipal/Desktop/Workspace/airflow_tutorial/py_env/lib/python3.12/site-packages/airflow/example_dags/example_xcomargs.py
[2024-09-01T00:41:10.636+0530] {processor.py:914} INFO - Processing file /Users/ravipal/Desktop/Workspace/airflow_tutorial/py_env/lib/python3.12/site-packages/airflow/example_dags/example_xcomargs.py for tasks to queue
[2024-09-01T00:41:10.637+0530] {logging_mixin.py:190} INFO - [2024-09-01T00:41:10.637+0530] {dagbag.py:587} INFO - Filling up the DagBag from /Users/ravipal/Desktop/Workspace/airflow_tutorial/py_env/lib/python3.12/site-packages/airflow/example_dags/example_xcomargs.py
[2024-09-01T00:41:10.652+0530] {processor.py:925} INFO - DAG(s) 'example_xcom_args_with_operators', 'example_xcom_args' retrieved from /Users/ravipal/Desktop/Workspace/airflow_tutorial/py_env/lib/python3.12/site-packages/airflow/example_dags/example_xcomargs.py
[2024-09-01T00:41:10.686+0530] {logging_mixin.py:190} INFO - [2024-09-01T00:41:10.686+0530] {dag.py:3211} INFO - Sync 2 DAGs
[2024-09-01T00:41:10.690+0530] {logging_mixin.py:190} INFO - [2024-09-01T00:41:10.690+0530] {dag.py:4138} INFO - Setting next_dagrun for example_xcom_args to None, run_after=None
[2024-09-01T00:41:10.691+0530] {logging_mixin.py:190} INFO - [2024-09-01T00:41:10.691+0530] {dag.py:4138} INFO - Setting next_dagrun for example_xcom_args_with_operators to None, run_after=None
[2024-09-01T00:41:10.697+0530] {processor.py:208} INFO - Processing /Users/ravipal/Desktop/Workspace/airflow_tutorial/py_env/lib/python3.12/site-packages/airflow/example_dags/example_xcomargs.py took 0.063 seconds
[2024-09-01T00:42:16.666+0530] {processor.py:186} INFO - Started process (PID=2778) to work on /Users/ravipal/Desktop/Workspace/airflow_tutorial/py_env/lib/python3.12/site-packages/airflow/example_dags/example_xcomargs.py
[2024-09-01T00:42:16.667+0530] {processor.py:914} INFO - Processing file /Users/ravipal/Desktop/Workspace/airflow_tutorial/py_env/lib/python3.12/site-packages/airflow/example_dags/example_xcomargs.py for tasks to queue
[2024-09-01T00:42:16.667+0530] {logging_mixin.py:190} INFO - [2024-09-01T00:42:16.667+0530] {dagbag.py:587} INFO - Filling up the DagBag from /Users/ravipal/Desktop/Workspace/airflow_tutorial/py_env/lib/python3.12/site-packages/airflow/example_dags/example_xcomargs.py
[2024-09-01T00:42:16.683+0530] {processor.py:925} INFO - DAG(s) 'example_xcom_args_with_operators', 'example_xcom_args' retrieved from /Users/ravipal/Desktop/Workspace/airflow_tutorial/py_env/lib/python3.12/site-packages/airflow/example_dags/example_xcomargs.py
[2024-09-01T00:42:16.717+0530] {logging_mixin.py:190} INFO - [2024-09-01T00:42:16.717+0530] {dag.py:3211} INFO - Sync 2 DAGs
[2024-09-01T00:42:16.721+0530] {logging_mixin.py:190} INFO - [2024-09-01T00:42:16.721+0530] {dag.py:4138} INFO - Setting next_dagrun for example_xcom_args to None, run_after=None
[2024-09-01T00:42:16.722+0530] {logging_mixin.py:190} INFO - [2024-09-01T00:42:16.722+0530] {dag.py:4138} INFO - Setting next_dagrun for example_xcom_args_with_operators to None, run_after=None
[2024-09-01T00:42:16.728+0530] {processor.py:208} INFO - Processing /Users/ravipal/Desktop/Workspace/airflow_tutorial/py_env/lib/python3.12/site-packages/airflow/example_dags/example_xcomargs.py took 0.063 seconds
[2024-09-01T00:43:23.437+0530] {processor.py:186} INFO - Started process (PID=2842) to work on /Users/ravipal/Desktop/Workspace/airflow_tutorial/py_env/lib/python3.12/site-packages/airflow/example_dags/example_xcomargs.py
[2024-09-01T00:43:23.437+0530] {processor.py:914} INFO - Processing file /Users/ravipal/Desktop/Workspace/airflow_tutorial/py_env/lib/python3.12/site-packages/airflow/example_dags/example_xcomargs.py for tasks to queue
[2024-09-01T00:43:23.438+0530] {logging_mixin.py:190} INFO - [2024-09-01T00:43:23.438+0530] {dagbag.py:587} INFO - Filling up the DagBag from /Users/ravipal/Desktop/Workspace/airflow_tutorial/py_env/lib/python3.12/site-packages/airflow/example_dags/example_xcomargs.py
[2024-09-01T00:43:23.454+0530] {processor.py:925} INFO - DAG(s) 'example_xcom_args', 'example_xcom_args_with_operators' retrieved from /Users/ravipal/Desktop/Workspace/airflow_tutorial/py_env/lib/python3.12/site-packages/airflow/example_dags/example_xcomargs.py
[2024-09-01T00:43:23.487+0530] {logging_mixin.py:190} INFO - [2024-09-01T00:43:23.487+0530] {dag.py:3211} INFO - Sync 2 DAGs
[2024-09-01T00:43:23.491+0530] {logging_mixin.py:190} INFO - [2024-09-01T00:43:23.491+0530] {dag.py:4138} INFO - Setting next_dagrun for example_xcom_args to None, run_after=None
[2024-09-01T00:43:23.492+0530] {logging_mixin.py:190} INFO - [2024-09-01T00:43:23.492+0530] {dag.py:4138} INFO - Setting next_dagrun for example_xcom_args_with_operators to None, run_after=None
[2024-09-01T00:43:23.498+0530] {processor.py:208} INFO - Processing /Users/ravipal/Desktop/Workspace/airflow_tutorial/py_env/lib/python3.12/site-packages/airflow/example_dags/example_xcomargs.py took 0.063 seconds
[2024-09-01T00:44:31.736+0530] {processor.py:186} INFO - Started process (PID=2910) to work on /Users/ravipal/Desktop/Workspace/airflow_tutorial/py_env/lib/python3.12/site-packages/airflow/example_dags/example_xcomargs.py
[2024-09-01T00:44:31.736+0530] {processor.py:914} INFO - Processing file /Users/ravipal/Desktop/Workspace/airflow_tutorial/py_env/lib/python3.12/site-packages/airflow/example_dags/example_xcomargs.py for tasks to queue
[2024-09-01T00:44:31.737+0530] {logging_mixin.py:190} INFO - [2024-09-01T00:44:31.737+0530] {dagbag.py:587} INFO - Filling up the DagBag from /Users/ravipal/Desktop/Workspace/airflow_tutorial/py_env/lib/python3.12/site-packages/airflow/example_dags/example_xcomargs.py
[2024-09-01T00:44:31.752+0530] {processor.py:925} INFO - DAG(s) 'example_xcom_args', 'example_xcom_args_with_operators' retrieved from /Users/ravipal/Desktop/Workspace/airflow_tutorial/py_env/lib/python3.12/site-packages/airflow/example_dags/example_xcomargs.py
[2024-09-01T00:44:31.786+0530] {logging_mixin.py:190} INFO - [2024-09-01T00:44:31.786+0530] {dag.py:3211} INFO - Sync 2 DAGs
[2024-09-01T00:44:31.790+0530] {logging_mixin.py:190} INFO - [2024-09-01T00:44:31.790+0530] {dag.py:4138} INFO - Setting next_dagrun for example_xcom_args to None, run_after=None
[2024-09-01T00:44:31.791+0530] {logging_mixin.py:190} INFO - [2024-09-01T00:44:31.791+0530] {dag.py:4138} INFO - Setting next_dagrun for example_xcom_args_with_operators to None, run_after=None
[2024-09-01T00:44:31.797+0530] {processor.py:208} INFO - Processing /Users/ravipal/Desktop/Workspace/airflow_tutorial/py_env/lib/python3.12/site-packages/airflow/example_dags/example_xcomargs.py took 0.063 seconds
[2024-09-01T00:45:40.366+0530] {processor.py:186} INFO - Started process (PID=2977) to work on /Users/ravipal/Desktop/Workspace/airflow_tutorial/py_env/lib/python3.12/site-packages/airflow/example_dags/example_xcomargs.py
[2024-09-01T00:45:40.366+0530] {processor.py:914} INFO - Processing file /Users/ravipal/Desktop/Workspace/airflow_tutorial/py_env/lib/python3.12/site-packages/airflow/example_dags/example_xcomargs.py for tasks to queue
[2024-09-01T00:45:40.367+0530] {logging_mixin.py:190} INFO - [2024-09-01T00:45:40.366+0530] {dagbag.py:587} INFO - Filling up the DagBag from /Users/ravipal/Desktop/Workspace/airflow_tutorial/py_env/lib/python3.12/site-packages/airflow/example_dags/example_xcomargs.py
[2024-09-01T00:45:40.383+0530] {processor.py:925} INFO - DAG(s) 'example_xcom_args_with_operators', 'example_xcom_args' retrieved from /Users/ravipal/Desktop/Workspace/airflow_tutorial/py_env/lib/python3.12/site-packages/airflow/example_dags/example_xcomargs.py
[2024-09-01T00:45:40.417+0530] {logging_mixin.py:190} INFO - [2024-09-01T00:45:40.417+0530] {dag.py:3211} INFO - Sync 2 DAGs
[2024-09-01T00:45:40.421+0530] {logging_mixin.py:190} INFO - [2024-09-01T00:45:40.421+0530] {dag.py:4138} INFO - Setting next_dagrun for example_xcom_args to None, run_after=None
[2024-09-01T00:45:40.422+0530] {logging_mixin.py:190} INFO - [2024-09-01T00:45:40.422+0530] {dag.py:4138} INFO - Setting next_dagrun for example_xcom_args_with_operators to None, run_after=None
[2024-09-01T00:45:40.428+0530] {processor.py:208} INFO - Processing /Users/ravipal/Desktop/Workspace/airflow_tutorial/py_env/lib/python3.12/site-packages/airflow/example_dags/example_xcomargs.py took 0.064 seconds
[2024-09-01T00:46:46.098+0530] {processor.py:186} INFO - Started process (PID=3042) to work on /Users/ravipal/Desktop/Workspace/airflow_tutorial/py_env/lib/python3.12/site-packages/airflow/example_dags/example_xcomargs.py
[2024-09-01T00:46:46.099+0530] {processor.py:914} INFO - Processing file /Users/ravipal/Desktop/Workspace/airflow_tutorial/py_env/lib/python3.12/site-packages/airflow/example_dags/example_xcomargs.py for tasks to queue
[2024-09-01T00:46:46.099+0530] {logging_mixin.py:190} INFO - [2024-09-01T00:46:46.099+0530] {dagbag.py:587} INFO - Filling up the DagBag from /Users/ravipal/Desktop/Workspace/airflow_tutorial/py_env/lib/python3.12/site-packages/airflow/example_dags/example_xcomargs.py
[2024-09-01T00:46:46.115+0530] {processor.py:925} INFO - DAG(s) 'example_xcom_args', 'example_xcom_args_with_operators' retrieved from /Users/ravipal/Desktop/Workspace/airflow_tutorial/py_env/lib/python3.12/site-packages/airflow/example_dags/example_xcomargs.py
[2024-09-01T00:46:46.149+0530] {logging_mixin.py:190} INFO - [2024-09-01T00:46:46.149+0530] {dag.py:3211} INFO - Sync 2 DAGs
[2024-09-01T00:46:46.153+0530] {logging_mixin.py:190} INFO - [2024-09-01T00:46:46.153+0530] {dag.py:4138} INFO - Setting next_dagrun for example_xcom_args to None, run_after=None
[2024-09-01T00:46:46.154+0530] {logging_mixin.py:190} INFO - [2024-09-01T00:46:46.154+0530] {dag.py:4138} INFO - Setting next_dagrun for example_xcom_args_with_operators to None, run_after=None
[2024-09-01T00:46:46.160+0530] {processor.py:208} INFO - Processing /Users/ravipal/Desktop/Workspace/airflow_tutorial/py_env/lib/python3.12/site-packages/airflow/example_dags/example_xcomargs.py took 0.064 seconds
[2024-09-01T00:47:50.096+0530] {processor.py:186} INFO - Started process (PID=3107) to work on /Users/ravipal/Desktop/Workspace/airflow_tutorial/py_env/lib/python3.12/site-packages/airflow/example_dags/example_xcomargs.py
[2024-09-01T00:47:50.096+0530] {processor.py:914} INFO - Processing file /Users/ravipal/Desktop/Workspace/airflow_tutorial/py_env/lib/python3.12/site-packages/airflow/example_dags/example_xcomargs.py for tasks to queue
[2024-09-01T00:47:50.096+0530] {logging_mixin.py:190} INFO - [2024-09-01T00:47:50.096+0530] {dagbag.py:587} INFO - Filling up the DagBag from /Users/ravipal/Desktop/Workspace/airflow_tutorial/py_env/lib/python3.12/site-packages/airflow/example_dags/example_xcomargs.py
[2024-09-01T00:47:50.113+0530] {processor.py:925} INFO - DAG(s) 'example_xcom_args_with_operators', 'example_xcom_args' retrieved from /Users/ravipal/Desktop/Workspace/airflow_tutorial/py_env/lib/python3.12/site-packages/airflow/example_dags/example_xcomargs.py
[2024-09-01T00:47:50.147+0530] {logging_mixin.py:190} INFO - [2024-09-01T00:47:50.147+0530] {dag.py:3211} INFO - Sync 2 DAGs
[2024-09-01T00:47:50.151+0530] {logging_mixin.py:190} INFO - [2024-09-01T00:47:50.151+0530] {dag.py:4138} INFO - Setting next_dagrun for example_xcom_args to None, run_after=None
[2024-09-01T00:47:50.152+0530] {logging_mixin.py:190} INFO - [2024-09-01T00:47:50.152+0530] {dag.py:4138} INFO - Setting next_dagrun for example_xcom_args_with_operators to None, run_after=None
[2024-09-01T00:47:50.158+0530] {processor.py:208} INFO - Processing /Users/ravipal/Desktop/Workspace/airflow_tutorial/py_env/lib/python3.12/site-packages/airflow/example_dags/example_xcomargs.py took 0.064 seconds
[2024-09-01T00:48:53.489+0530] {processor.py:186} INFO - Started process (PID=3172) to work on /Users/ravipal/Desktop/Workspace/airflow_tutorial/py_env/lib/python3.12/site-packages/airflow/example_dags/example_xcomargs.py
[2024-09-01T00:48:53.490+0530] {processor.py:914} INFO - Processing file /Users/ravipal/Desktop/Workspace/airflow_tutorial/py_env/lib/python3.12/site-packages/airflow/example_dags/example_xcomargs.py for tasks to queue
[2024-09-01T00:48:53.490+0530] {logging_mixin.py:190} INFO - [2024-09-01T00:48:53.490+0530] {dagbag.py:587} INFO - Filling up the DagBag from /Users/ravipal/Desktop/Workspace/airflow_tutorial/py_env/lib/python3.12/site-packages/airflow/example_dags/example_xcomargs.py
[2024-09-01T00:48:53.507+0530] {processor.py:925} INFO - DAG(s) 'example_xcom_args_with_operators', 'example_xcom_args' retrieved from /Users/ravipal/Desktop/Workspace/airflow_tutorial/py_env/lib/python3.12/site-packages/airflow/example_dags/example_xcomargs.py
[2024-09-01T00:48:53.545+0530] {logging_mixin.py:190} INFO - [2024-09-01T00:48:53.545+0530] {dag.py:3211} INFO - Sync 2 DAGs
[2024-09-01T00:48:53.550+0530] {logging_mixin.py:190} INFO - [2024-09-01T00:48:53.550+0530] {dag.py:4138} INFO - Setting next_dagrun for example_xcom_args to None, run_after=None
[2024-09-01T00:48:53.552+0530] {logging_mixin.py:190} INFO - [2024-09-01T00:48:53.552+0530] {dag.py:4138} INFO - Setting next_dagrun for example_xcom_args_with_operators to None, run_after=None
[2024-09-01T00:48:53.558+0530] {processor.py:208} INFO - Processing /Users/ravipal/Desktop/Workspace/airflow_tutorial/py_env/lib/python3.12/site-packages/airflow/example_dags/example_xcomargs.py took 0.070 seconds
[2024-09-01T00:49:57.333+0530] {processor.py:186} INFO - Started process (PID=3250) to work on /Users/ravipal/Desktop/Workspace/airflow_tutorial/py_env/lib/python3.12/site-packages/airflow/example_dags/example_xcomargs.py
[2024-09-01T00:49:57.334+0530] {processor.py:914} INFO - Processing file /Users/ravipal/Desktop/Workspace/airflow_tutorial/py_env/lib/python3.12/site-packages/airflow/example_dags/example_xcomargs.py for tasks to queue
[2024-09-01T00:49:57.334+0530] {logging_mixin.py:190} INFO - [2024-09-01T00:49:57.334+0530] {dagbag.py:587} INFO - Filling up the DagBag from /Users/ravipal/Desktop/Workspace/airflow_tutorial/py_env/lib/python3.12/site-packages/airflow/example_dags/example_xcomargs.py
[2024-09-01T00:49:57.351+0530] {processor.py:925} INFO - DAG(s) 'example_xcom_args_with_operators', 'example_xcom_args' retrieved from /Users/ravipal/Desktop/Workspace/airflow_tutorial/py_env/lib/python3.12/site-packages/airflow/example_dags/example_xcomargs.py
[2024-09-01T00:49:57.385+0530] {logging_mixin.py:190} INFO - [2024-09-01T00:49:57.385+0530] {dag.py:3211} INFO - Sync 2 DAGs
[2024-09-01T00:49:57.389+0530] {logging_mixin.py:190} INFO - [2024-09-01T00:49:57.389+0530] {dag.py:4138} INFO - Setting next_dagrun for example_xcom_args to None, run_after=None
[2024-09-01T00:49:57.390+0530] {logging_mixin.py:190} INFO - [2024-09-01T00:49:57.390+0530] {dag.py:4138} INFO - Setting next_dagrun for example_xcom_args_with_operators to None, run_after=None
[2024-09-01T00:49:57.396+0530] {processor.py:208} INFO - Processing /Users/ravipal/Desktop/Workspace/airflow_tutorial/py_env/lib/python3.12/site-packages/airflow/example_dags/example_xcomargs.py took 0.065 seconds
[2024-09-01T00:51:07.768+0530] {processor.py:186} INFO - Started process (PID=3332) to work on /Users/ravipal/Desktop/Workspace/airflow_tutorial/py_env/lib/python3.12/site-packages/airflow/example_dags/example_xcomargs.py
[2024-09-01T00:51:07.769+0530] {processor.py:914} INFO - Processing file /Users/ravipal/Desktop/Workspace/airflow_tutorial/py_env/lib/python3.12/site-packages/airflow/example_dags/example_xcomargs.py for tasks to queue
[2024-09-01T00:51:07.770+0530] {logging_mixin.py:190} INFO - [2024-09-01T00:51:07.770+0530] {dagbag.py:587} INFO - Filling up the DagBag from /Users/ravipal/Desktop/Workspace/airflow_tutorial/py_env/lib/python3.12/site-packages/airflow/example_dags/example_xcomargs.py
[2024-09-01T00:51:07.786+0530] {processor.py:925} INFO - DAG(s) 'example_xcom_args', 'example_xcom_args_with_operators' retrieved from /Users/ravipal/Desktop/Workspace/airflow_tutorial/py_env/lib/python3.12/site-packages/airflow/example_dags/example_xcomargs.py
[2024-09-01T00:51:07.821+0530] {logging_mixin.py:190} INFO - [2024-09-01T00:51:07.821+0530] {dag.py:3211} INFO - Sync 2 DAGs
[2024-09-01T00:51:07.825+0530] {logging_mixin.py:190} INFO - [2024-09-01T00:51:07.825+0530] {dag.py:4138} INFO - Setting next_dagrun for example_xcom_args to None, run_after=None
[2024-09-01T00:51:07.826+0530] {logging_mixin.py:190} INFO - [2024-09-01T00:51:07.826+0530] {dag.py:4138} INFO - Setting next_dagrun for example_xcom_args_with_operators to None, run_after=None
[2024-09-01T00:51:07.832+0530] {processor.py:208} INFO - Processing /Users/ravipal/Desktop/Workspace/airflow_tutorial/py_env/lib/python3.12/site-packages/airflow/example_dags/example_xcomargs.py took 0.066 seconds
[2024-09-01T00:52:14.473+0530] {processor.py:186} INFO - Started process (PID=3398) to work on /Users/ravipal/Desktop/Workspace/airflow_tutorial/py_env/lib/python3.12/site-packages/airflow/example_dags/example_xcomargs.py
[2024-09-01T00:52:14.473+0530] {processor.py:914} INFO - Processing file /Users/ravipal/Desktop/Workspace/airflow_tutorial/py_env/lib/python3.12/site-packages/airflow/example_dags/example_xcomargs.py for tasks to queue
[2024-09-01T00:52:14.473+0530] {logging_mixin.py:190} INFO - [2024-09-01T00:52:14.473+0530] {dagbag.py:587} INFO - Filling up the DagBag from /Users/ravipal/Desktop/Workspace/airflow_tutorial/py_env/lib/python3.12/site-packages/airflow/example_dags/example_xcomargs.py
[2024-09-01T00:52:14.489+0530] {processor.py:925} INFO - DAG(s) 'example_xcom_args_with_operators', 'example_xcom_args' retrieved from /Users/ravipal/Desktop/Workspace/airflow_tutorial/py_env/lib/python3.12/site-packages/airflow/example_dags/example_xcomargs.py
[2024-09-01T00:52:14.523+0530] {logging_mixin.py:190} INFO - [2024-09-01T00:52:14.523+0530] {dag.py:3211} INFO - Sync 2 DAGs
[2024-09-01T00:52:14.527+0530] {logging_mixin.py:190} INFO - [2024-09-01T00:52:14.527+0530] {dag.py:4138} INFO - Setting next_dagrun for example_xcom_args to None, run_after=None
[2024-09-01T00:52:14.528+0530] {logging_mixin.py:190} INFO - [2024-09-01T00:52:14.528+0530] {dag.py:4138} INFO - Setting next_dagrun for example_xcom_args_with_operators to None, run_after=None
[2024-09-01T00:52:14.534+0530] {processor.py:208} INFO - Processing /Users/ravipal/Desktop/Workspace/airflow_tutorial/py_env/lib/python3.12/site-packages/airflow/example_dags/example_xcomargs.py took 0.063 seconds
[2024-09-01T00:53:20.395+0530] {processor.py:186} INFO - Started process (PID=3464) to work on /Users/ravipal/Desktop/Workspace/airflow_tutorial/py_env/lib/python3.12/site-packages/airflow/example_dags/example_xcomargs.py
[2024-09-01T00:53:20.396+0530] {processor.py:914} INFO - Processing file /Users/ravipal/Desktop/Workspace/airflow_tutorial/py_env/lib/python3.12/site-packages/airflow/example_dags/example_xcomargs.py for tasks to queue
[2024-09-01T00:53:20.396+0530] {logging_mixin.py:190} INFO - [2024-09-01T00:53:20.396+0530] {dagbag.py:587} INFO - Filling up the DagBag from /Users/ravipal/Desktop/Workspace/airflow_tutorial/py_env/lib/python3.12/site-packages/airflow/example_dags/example_xcomargs.py
[2024-09-01T00:53:20.412+0530] {processor.py:925} INFO - DAG(s) 'example_xcom_args', 'example_xcom_args_with_operators' retrieved from /Users/ravipal/Desktop/Workspace/airflow_tutorial/py_env/lib/python3.12/site-packages/airflow/example_dags/example_xcomargs.py
[2024-09-01T00:53:20.446+0530] {logging_mixin.py:190} INFO - [2024-09-01T00:53:20.445+0530] {dag.py:3211} INFO - Sync 2 DAGs
[2024-09-01T00:53:20.450+0530] {logging_mixin.py:190} INFO - [2024-09-01T00:53:20.450+0530] {dag.py:4138} INFO - Setting next_dagrun for example_xcom_args to None, run_after=None
[2024-09-01T00:53:20.451+0530] {logging_mixin.py:190} INFO - [2024-09-01T00:53:20.451+0530] {dag.py:4138} INFO - Setting next_dagrun for example_xcom_args_with_operators to None, run_after=None
[2024-09-01T00:53:20.457+0530] {processor.py:208} INFO - Processing /Users/ravipal/Desktop/Workspace/airflow_tutorial/py_env/lib/python3.12/site-packages/airflow/example_dags/example_xcomargs.py took 0.063 seconds
[2024-09-01T00:54:25.855+0530] {processor.py:186} INFO - Started process (PID=3529) to work on /Users/ravipal/Desktop/Workspace/airflow_tutorial/py_env/lib/python3.12/site-packages/airflow/example_dags/example_xcomargs.py
[2024-09-01T00:54:25.855+0530] {processor.py:914} INFO - Processing file /Users/ravipal/Desktop/Workspace/airflow_tutorial/py_env/lib/python3.12/site-packages/airflow/example_dags/example_xcomargs.py for tasks to queue
[2024-09-01T00:54:25.856+0530] {logging_mixin.py:190} INFO - [2024-09-01T00:54:25.856+0530] {dagbag.py:587} INFO - Filling up the DagBag from /Users/ravipal/Desktop/Workspace/airflow_tutorial/py_env/lib/python3.12/site-packages/airflow/example_dags/example_xcomargs.py
[2024-09-01T00:54:25.871+0530] {processor.py:925} INFO - DAG(s) 'example_xcom_args', 'example_xcom_args_with_operators' retrieved from /Users/ravipal/Desktop/Workspace/airflow_tutorial/py_env/lib/python3.12/site-packages/airflow/example_dags/example_xcomargs.py
[2024-09-01T00:54:25.905+0530] {logging_mixin.py:190} INFO - [2024-09-01T00:54:25.905+0530] {dag.py:3211} INFO - Sync 2 DAGs
[2024-09-01T00:54:25.909+0530] {logging_mixin.py:190} INFO - [2024-09-01T00:54:25.909+0530] {dag.py:4138} INFO - Setting next_dagrun for example_xcom_args to None, run_after=None
[2024-09-01T00:54:25.910+0530] {logging_mixin.py:190} INFO - [2024-09-01T00:54:25.910+0530] {dag.py:4138} INFO - Setting next_dagrun for example_xcom_args_with_operators to None, run_after=None
[2024-09-01T00:54:25.916+0530] {processor.py:208} INFO - Processing /Users/ravipal/Desktop/Workspace/airflow_tutorial/py_env/lib/python3.12/site-packages/airflow/example_dags/example_xcomargs.py took 0.063 seconds
[2024-09-01T00:55:31.882+0530] {processor.py:186} INFO - Started process (PID=3598) to work on /Users/ravipal/Desktop/Workspace/airflow_tutorial/py_env/lib/python3.12/site-packages/airflow/example_dags/example_xcomargs.py
[2024-09-01T00:55:31.883+0530] {processor.py:914} INFO - Processing file /Users/ravipal/Desktop/Workspace/airflow_tutorial/py_env/lib/python3.12/site-packages/airflow/example_dags/example_xcomargs.py for tasks to queue
[2024-09-01T00:55:31.883+0530] {logging_mixin.py:190} INFO - [2024-09-01T00:55:31.883+0530] {dagbag.py:587} INFO - Filling up the DagBag from /Users/ravipal/Desktop/Workspace/airflow_tutorial/py_env/lib/python3.12/site-packages/airflow/example_dags/example_xcomargs.py
[2024-09-01T00:55:31.899+0530] {processor.py:925} INFO - DAG(s) 'example_xcom_args', 'example_xcom_args_with_operators' retrieved from /Users/ravipal/Desktop/Workspace/airflow_tutorial/py_env/lib/python3.12/site-packages/airflow/example_dags/example_xcomargs.py
[2024-09-01T00:55:31.933+0530] {logging_mixin.py:190} INFO - [2024-09-01T00:55:31.933+0530] {dag.py:3211} INFO - Sync 2 DAGs
[2024-09-01T00:55:31.937+0530] {logging_mixin.py:190} INFO - [2024-09-01T00:55:31.937+0530] {dag.py:4138} INFO - Setting next_dagrun for example_xcom_args to None, run_after=None
[2024-09-01T00:55:31.938+0530] {logging_mixin.py:190} INFO - [2024-09-01T00:55:31.938+0530] {dag.py:4138} INFO - Setting next_dagrun for example_xcom_args_with_operators to None, run_after=None
[2024-09-01T00:55:31.944+0530] {processor.py:208} INFO - Processing /Users/ravipal/Desktop/Workspace/airflow_tutorial/py_env/lib/python3.12/site-packages/airflow/example_dags/example_xcomargs.py took 0.063 seconds
[2024-09-01T00:56:36.093+0530] {processor.py:186} INFO - Started process (PID=3659) to work on /Users/ravipal/Desktop/Workspace/airflow_tutorial/py_env/lib/python3.12/site-packages/airflow/example_dags/example_xcomargs.py
[2024-09-01T00:56:36.094+0530] {processor.py:914} INFO - Processing file /Users/ravipal/Desktop/Workspace/airflow_tutorial/py_env/lib/python3.12/site-packages/airflow/example_dags/example_xcomargs.py for tasks to queue
[2024-09-01T00:56:36.094+0530] {logging_mixin.py:190} INFO - [2024-09-01T00:56:36.094+0530] {dagbag.py:587} INFO - Filling up the DagBag from /Users/ravipal/Desktop/Workspace/airflow_tutorial/py_env/lib/python3.12/site-packages/airflow/example_dags/example_xcomargs.py
[2024-09-01T00:56:36.110+0530] {processor.py:925} INFO - DAG(s) 'example_xcom_args_with_operators', 'example_xcom_args' retrieved from /Users/ravipal/Desktop/Workspace/airflow_tutorial/py_env/lib/python3.12/site-packages/airflow/example_dags/example_xcomargs.py
[2024-09-01T00:56:36.144+0530] {logging_mixin.py:190} INFO - [2024-09-01T00:56:36.143+0530] {dag.py:3211} INFO - Sync 2 DAGs
[2024-09-01T00:56:36.148+0530] {logging_mixin.py:190} INFO - [2024-09-01T00:56:36.148+0530] {dag.py:4138} INFO - Setting next_dagrun for example_xcom_args to None, run_after=None
[2024-09-01T00:56:36.149+0530] {logging_mixin.py:190} INFO - [2024-09-01T00:56:36.149+0530] {dag.py:4138} INFO - Setting next_dagrun for example_xcom_args_with_operators to None, run_after=None
[2024-09-01T00:56:36.155+0530] {processor.py:208} INFO - Processing /Users/ravipal/Desktop/Workspace/airflow_tutorial/py_env/lib/python3.12/site-packages/airflow/example_dags/example_xcomargs.py took 0.063 seconds
[2024-09-01T00:57:42.678+0530] {processor.py:186} INFO - Started process (PID=3726) to work on /Users/ravipal/Desktop/Workspace/airflow_tutorial/py_env/lib/python3.12/site-packages/airflow/example_dags/example_xcomargs.py
[2024-09-01T00:57:42.679+0530] {processor.py:914} INFO - Processing file /Users/ravipal/Desktop/Workspace/airflow_tutorial/py_env/lib/python3.12/site-packages/airflow/example_dags/example_xcomargs.py for tasks to queue
[2024-09-01T00:57:42.679+0530] {logging_mixin.py:190} INFO - [2024-09-01T00:57:42.679+0530] {dagbag.py:587} INFO - Filling up the DagBag from /Users/ravipal/Desktop/Workspace/airflow_tutorial/py_env/lib/python3.12/site-packages/airflow/example_dags/example_xcomargs.py
[2024-09-01T00:57:42.695+0530] {processor.py:925} INFO - DAG(s) 'example_xcom_args', 'example_xcom_args_with_operators' retrieved from /Users/ravipal/Desktop/Workspace/airflow_tutorial/py_env/lib/python3.12/site-packages/airflow/example_dags/example_xcomargs.py
[2024-09-01T00:57:42.729+0530] {logging_mixin.py:190} INFO - [2024-09-01T00:57:42.729+0530] {dag.py:3211} INFO - Sync 2 DAGs
[2024-09-01T00:57:42.733+0530] {logging_mixin.py:190} INFO - [2024-09-01T00:57:42.733+0530] {dag.py:4138} INFO - Setting next_dagrun for example_xcom_args to None, run_after=None
[2024-09-01T00:57:42.734+0530] {logging_mixin.py:190} INFO - [2024-09-01T00:57:42.734+0530] {dag.py:4138} INFO - Setting next_dagrun for example_xcom_args_with_operators to None, run_after=None
[2024-09-01T00:57:42.740+0530] {processor.py:208} INFO - Processing /Users/ravipal/Desktop/Workspace/airflow_tutorial/py_env/lib/python3.12/site-packages/airflow/example_dags/example_xcomargs.py took 0.064 seconds
[2024-09-01T00:58:48.671+0530] {processor.py:186} INFO - Started process (PID=3792) to work on /Users/ravipal/Desktop/Workspace/airflow_tutorial/py_env/lib/python3.12/site-packages/airflow/example_dags/example_xcomargs.py
[2024-09-01T00:58:48.671+0530] {processor.py:914} INFO - Processing file /Users/ravipal/Desktop/Workspace/airflow_tutorial/py_env/lib/python3.12/site-packages/airflow/example_dags/example_xcomargs.py for tasks to queue
[2024-09-01T00:58:48.672+0530] {logging_mixin.py:190} INFO - [2024-09-01T00:58:48.672+0530] {dagbag.py:587} INFO - Filling up the DagBag from /Users/ravipal/Desktop/Workspace/airflow_tutorial/py_env/lib/python3.12/site-packages/airflow/example_dags/example_xcomargs.py
[2024-09-01T00:58:48.688+0530] {processor.py:925} INFO - DAG(s) 'example_xcom_args', 'example_xcom_args_with_operators' retrieved from /Users/ravipal/Desktop/Workspace/airflow_tutorial/py_env/lib/python3.12/site-packages/airflow/example_dags/example_xcomargs.py
[2024-09-01T00:58:48.722+0530] {logging_mixin.py:190} INFO - [2024-09-01T00:58:48.722+0530] {dag.py:3211} INFO - Sync 2 DAGs
[2024-09-01T00:58:48.726+0530] {logging_mixin.py:190} INFO - [2024-09-01T00:58:48.726+0530] {dag.py:4138} INFO - Setting next_dagrun for example_xcom_args to None, run_after=None
[2024-09-01T00:58:48.727+0530] {logging_mixin.py:190} INFO - [2024-09-01T00:58:48.727+0530] {dag.py:4138} INFO - Setting next_dagrun for example_xcom_args_with_operators to None, run_after=None
[2024-09-01T00:58:48.733+0530] {processor.py:208} INFO - Processing /Users/ravipal/Desktop/Workspace/airflow_tutorial/py_env/lib/python3.12/site-packages/airflow/example_dags/example_xcomargs.py took 0.064 seconds
[2024-09-01T00:59:54.585+0530] {processor.py:186} INFO - Started process (PID=3857) to work on /Users/ravipal/Desktop/Workspace/airflow_tutorial/py_env/lib/python3.12/site-packages/airflow/example_dags/example_xcomargs.py
[2024-09-01T00:59:54.585+0530] {processor.py:914} INFO - Processing file /Users/ravipal/Desktop/Workspace/airflow_tutorial/py_env/lib/python3.12/site-packages/airflow/example_dags/example_xcomargs.py for tasks to queue
[2024-09-01T00:59:54.586+0530] {logging_mixin.py:190} INFO - [2024-09-01T00:59:54.586+0530] {dagbag.py:587} INFO - Filling up the DagBag from /Users/ravipal/Desktop/Workspace/airflow_tutorial/py_env/lib/python3.12/site-packages/airflow/example_dags/example_xcomargs.py
[2024-09-01T00:59:54.602+0530] {processor.py:925} INFO - DAG(s) 'example_xcom_args', 'example_xcom_args_with_operators' retrieved from /Users/ravipal/Desktop/Workspace/airflow_tutorial/py_env/lib/python3.12/site-packages/airflow/example_dags/example_xcomargs.py
[2024-09-01T00:59:54.636+0530] {logging_mixin.py:190} INFO - [2024-09-01T00:59:54.635+0530] {dag.py:3211} INFO - Sync 2 DAGs
[2024-09-01T00:59:54.640+0530] {logging_mixin.py:190} INFO - [2024-09-01T00:59:54.640+0530] {dag.py:4138} INFO - Setting next_dagrun for example_xcom_args to None, run_after=None
[2024-09-01T00:59:54.641+0530] {logging_mixin.py:190} INFO - [2024-09-01T00:59:54.641+0530] {dag.py:4138} INFO - Setting next_dagrun for example_xcom_args_with_operators to None, run_after=None
[2024-09-01T00:59:54.647+0530] {processor.py:208} INFO - Processing /Users/ravipal/Desktop/Workspace/airflow_tutorial/py_env/lib/python3.12/site-packages/airflow/example_dags/example_xcomargs.py took 0.064 seconds
[2024-09-01T01:00:57.704+0530] {processor.py:186} INFO - Started process (PID=3922) to work on /Users/ravipal/Desktop/Workspace/airflow_tutorial/py_env/lib/python3.12/site-packages/airflow/example_dags/example_xcomargs.py
[2024-09-01T01:00:57.705+0530] {processor.py:914} INFO - Processing file /Users/ravipal/Desktop/Workspace/airflow_tutorial/py_env/lib/python3.12/site-packages/airflow/example_dags/example_xcomargs.py for tasks to queue
[2024-09-01T01:00:57.705+0530] {logging_mixin.py:190} INFO - [2024-09-01T01:00:57.705+0530] {dagbag.py:587} INFO - Filling up the DagBag from /Users/ravipal/Desktop/Workspace/airflow_tutorial/py_env/lib/python3.12/site-packages/airflow/example_dags/example_xcomargs.py
[2024-09-01T01:00:57.721+0530] {processor.py:925} INFO - DAG(s) 'example_xcom_args', 'example_xcom_args_with_operators' retrieved from /Users/ravipal/Desktop/Workspace/airflow_tutorial/py_env/lib/python3.12/site-packages/airflow/example_dags/example_xcomargs.py
[2024-09-01T01:00:57.754+0530] {logging_mixin.py:190} INFO - [2024-09-01T01:00:57.754+0530] {dag.py:3211} INFO - Sync 2 DAGs
[2024-09-01T01:00:57.758+0530] {logging_mixin.py:190} INFO - [2024-09-01T01:00:57.758+0530] {dag.py:4138} INFO - Setting next_dagrun for example_xcom_args to None, run_after=None
[2024-09-01T01:00:57.759+0530] {logging_mixin.py:190} INFO - [2024-09-01T01:00:57.759+0530] {dag.py:4138} INFO - Setting next_dagrun for example_xcom_args_with_operators to None, run_after=None
[2024-09-01T01:00:57.766+0530] {processor.py:208} INFO - Processing /Users/ravipal/Desktop/Workspace/airflow_tutorial/py_env/lib/python3.12/site-packages/airflow/example_dags/example_xcomargs.py took 0.063 seconds
[2024-09-01T01:02:00.566+0530] {processor.py:186} INFO - Started process (PID=3985) to work on /Users/ravipal/Desktop/Workspace/airflow_tutorial/py_env/lib/python3.12/site-packages/airflow/example_dags/example_xcomargs.py
[2024-09-01T01:02:00.567+0530] {processor.py:914} INFO - Processing file /Users/ravipal/Desktop/Workspace/airflow_tutorial/py_env/lib/python3.12/site-packages/airflow/example_dags/example_xcomargs.py for tasks to queue
[2024-09-01T01:02:00.567+0530] {logging_mixin.py:190} INFO - [2024-09-01T01:02:00.567+0530] {dagbag.py:587} INFO - Filling up the DagBag from /Users/ravipal/Desktop/Workspace/airflow_tutorial/py_env/lib/python3.12/site-packages/airflow/example_dags/example_xcomargs.py
[2024-09-01T01:02:00.583+0530] {processor.py:925} INFO - DAG(s) 'example_xcom_args_with_operators', 'example_xcom_args' retrieved from /Users/ravipal/Desktop/Workspace/airflow_tutorial/py_env/lib/python3.12/site-packages/airflow/example_dags/example_xcomargs.py
[2024-09-01T01:02:00.618+0530] {logging_mixin.py:190} INFO - [2024-09-01T01:02:00.617+0530] {dag.py:3211} INFO - Sync 2 DAGs
[2024-09-01T01:02:00.622+0530] {logging_mixin.py:190} INFO - [2024-09-01T01:02:00.621+0530] {dag.py:4138} INFO - Setting next_dagrun for example_xcom_args to None, run_after=None
[2024-09-01T01:02:00.623+0530] {logging_mixin.py:190} INFO - [2024-09-01T01:02:00.623+0530] {dag.py:4138} INFO - Setting next_dagrun for example_xcom_args_with_operators to None, run_after=None
[2024-09-01T01:02:00.629+0530] {processor.py:208} INFO - Processing /Users/ravipal/Desktop/Workspace/airflow_tutorial/py_env/lib/python3.12/site-packages/airflow/example_dags/example_xcomargs.py took 0.064 seconds
[2024-09-01T01:03:03.250+0530] {processor.py:186} INFO - Started process (PID=4051) to work on /Users/ravipal/Desktop/Workspace/airflow_tutorial/py_env/lib/python3.12/site-packages/airflow/example_dags/example_xcomargs.py
[2024-09-01T01:03:03.250+0530] {processor.py:914} INFO - Processing file /Users/ravipal/Desktop/Workspace/airflow_tutorial/py_env/lib/python3.12/site-packages/airflow/example_dags/example_xcomargs.py for tasks to queue
[2024-09-01T01:03:03.251+0530] {logging_mixin.py:190} INFO - [2024-09-01T01:03:03.250+0530] {dagbag.py:587} INFO - Filling up the DagBag from /Users/ravipal/Desktop/Workspace/airflow_tutorial/py_env/lib/python3.12/site-packages/airflow/example_dags/example_xcomargs.py
[2024-09-01T01:03:03.267+0530] {processor.py:925} INFO - DAG(s) 'example_xcom_args_with_operators', 'example_xcom_args' retrieved from /Users/ravipal/Desktop/Workspace/airflow_tutorial/py_env/lib/python3.12/site-packages/airflow/example_dags/example_xcomargs.py
[2024-09-01T01:03:03.303+0530] {logging_mixin.py:190} INFO - [2024-09-01T01:03:03.302+0530] {dag.py:3211} INFO - Sync 2 DAGs
[2024-09-01T01:03:03.307+0530] {logging_mixin.py:190} INFO - [2024-09-01T01:03:03.306+0530] {dag.py:4138} INFO - Setting next_dagrun for example_xcom_args to None, run_after=None
[2024-09-01T01:03:03.308+0530] {logging_mixin.py:190} INFO - [2024-09-01T01:03:03.308+0530] {dag.py:4138} INFO - Setting next_dagrun for example_xcom_args_with_operators to None, run_after=None
[2024-09-01T01:03:03.314+0530] {processor.py:208} INFO - Processing /Users/ravipal/Desktop/Workspace/airflow_tutorial/py_env/lib/python3.12/site-packages/airflow/example_dags/example_xcomargs.py took 0.066 seconds
[2024-09-01T01:04:06.881+0530] {processor.py:186} INFO - Started process (PID=4120) to work on /Users/ravipal/Desktop/Workspace/airflow_tutorial/py_env/lib/python3.12/site-packages/airflow/example_dags/example_xcomargs.py
[2024-09-01T01:04:06.882+0530] {processor.py:914} INFO - Processing file /Users/ravipal/Desktop/Workspace/airflow_tutorial/py_env/lib/python3.12/site-packages/airflow/example_dags/example_xcomargs.py for tasks to queue
[2024-09-01T01:04:06.882+0530] {logging_mixin.py:190} INFO - [2024-09-01T01:04:06.882+0530] {dagbag.py:587} INFO - Filling up the DagBag from /Users/ravipal/Desktop/Workspace/airflow_tutorial/py_env/lib/python3.12/site-packages/airflow/example_dags/example_xcomargs.py
[2024-09-01T01:04:06.898+0530] {processor.py:925} INFO - DAG(s) 'example_xcom_args_with_operators', 'example_xcom_args' retrieved from /Users/ravipal/Desktop/Workspace/airflow_tutorial/py_env/lib/python3.12/site-packages/airflow/example_dags/example_xcomargs.py
[2024-09-01T01:04:06.933+0530] {logging_mixin.py:190} INFO - [2024-09-01T01:04:06.932+0530] {dag.py:3211} INFO - Sync 2 DAGs
[2024-09-01T01:04:06.937+0530] {logging_mixin.py:190} INFO - [2024-09-01T01:04:06.937+0530] {dag.py:4138} INFO - Setting next_dagrun for example_xcom_args to None, run_after=None
[2024-09-01T01:04:06.938+0530] {logging_mixin.py:190} INFO - [2024-09-01T01:04:06.938+0530] {dag.py:4138} INFO - Setting next_dagrun for example_xcom_args_with_operators to None, run_after=None
[2024-09-01T01:04:06.944+0530] {processor.py:208} INFO - Processing /Users/ravipal/Desktop/Workspace/airflow_tutorial/py_env/lib/python3.12/site-packages/airflow/example_dags/example_xcomargs.py took 0.064 seconds
[2024-09-01T01:05:10.672+0530] {processor.py:186} INFO - Started process (PID=4200) to work on /Users/ravipal/Desktop/Workspace/airflow_tutorial/py_env/lib/python3.12/site-packages/airflow/example_dags/example_xcomargs.py
[2024-09-01T01:05:10.673+0530] {processor.py:914} INFO - Processing file /Users/ravipal/Desktop/Workspace/airflow_tutorial/py_env/lib/python3.12/site-packages/airflow/example_dags/example_xcomargs.py for tasks to queue
[2024-09-01T01:05:10.673+0530] {logging_mixin.py:190} INFO - [2024-09-01T01:05:10.673+0530] {dagbag.py:587} INFO - Filling up the DagBag from /Users/ravipal/Desktop/Workspace/airflow_tutorial/py_env/lib/python3.12/site-packages/airflow/example_dags/example_xcomargs.py
[2024-09-01T01:05:10.689+0530] {processor.py:925} INFO - DAG(s) 'example_xcom_args_with_operators', 'example_xcom_args' retrieved from /Users/ravipal/Desktop/Workspace/airflow_tutorial/py_env/lib/python3.12/site-packages/airflow/example_dags/example_xcomargs.py
[2024-09-01T01:05:10.723+0530] {logging_mixin.py:190} INFO - [2024-09-01T01:05:10.723+0530] {dag.py:3211} INFO - Sync 2 DAGs
[2024-09-01T01:05:10.727+0530] {logging_mixin.py:190} INFO - [2024-09-01T01:05:10.727+0530] {dag.py:4138} INFO - Setting next_dagrun for example_xcom_args to None, run_after=None
[2024-09-01T01:05:10.728+0530] {logging_mixin.py:190} INFO - [2024-09-01T01:05:10.728+0530] {dag.py:4138} INFO - Setting next_dagrun for example_xcom_args_with_operators to None, run_after=None
[2024-09-01T01:05:10.734+0530] {processor.py:208} INFO - Processing /Users/ravipal/Desktop/Workspace/airflow_tutorial/py_env/lib/python3.12/site-packages/airflow/example_dags/example_xcomargs.py took 0.064 seconds
[2024-09-01T01:06:14.626+0530] {processor.py:186} INFO - Started process (PID=4274) to work on /Users/ravipal/Desktop/Workspace/airflow_tutorial/py_env/lib/python3.12/site-packages/airflow/example_dags/example_xcomargs.py
[2024-09-01T01:06:14.627+0530] {processor.py:914} INFO - Processing file /Users/ravipal/Desktop/Workspace/airflow_tutorial/py_env/lib/python3.12/site-packages/airflow/example_dags/example_xcomargs.py for tasks to queue
[2024-09-01T01:06:14.627+0530] {logging_mixin.py:190} INFO - [2024-09-01T01:06:14.627+0530] {dagbag.py:587} INFO - Filling up the DagBag from /Users/ravipal/Desktop/Workspace/airflow_tutorial/py_env/lib/python3.12/site-packages/airflow/example_dags/example_xcomargs.py
[2024-09-01T01:06:14.643+0530] {processor.py:925} INFO - DAG(s) 'example_xcom_args', 'example_xcom_args_with_operators' retrieved from /Users/ravipal/Desktop/Workspace/airflow_tutorial/py_env/lib/python3.12/site-packages/airflow/example_dags/example_xcomargs.py
[2024-09-01T01:06:14.677+0530] {logging_mixin.py:190} INFO - [2024-09-01T01:06:14.677+0530] {dag.py:3211} INFO - Sync 2 DAGs
[2024-09-01T01:06:14.681+0530] {logging_mixin.py:190} INFO - [2024-09-01T01:06:14.681+0530] {dag.py:4138} INFO - Setting next_dagrun for example_xcom_args to None, run_after=None
[2024-09-01T01:06:14.682+0530] {logging_mixin.py:190} INFO - [2024-09-01T01:06:14.682+0530] {dag.py:4138} INFO - Setting next_dagrun for example_xcom_args_with_operators to None, run_after=None
[2024-09-01T01:06:14.688+0530] {processor.py:208} INFO - Processing /Users/ravipal/Desktop/Workspace/airflow_tutorial/py_env/lib/python3.12/site-packages/airflow/example_dags/example_xcomargs.py took 0.064 seconds
[2024-09-01T01:07:21.673+0530] {processor.py:186} INFO - Started process (PID=4343) to work on /Users/ravipal/Desktop/Workspace/airflow_tutorial/py_env/lib/python3.12/site-packages/airflow/example_dags/example_xcomargs.py
[2024-09-01T01:07:21.673+0530] {processor.py:914} INFO - Processing file /Users/ravipal/Desktop/Workspace/airflow_tutorial/py_env/lib/python3.12/site-packages/airflow/example_dags/example_xcomargs.py for tasks to queue
[2024-09-01T01:07:21.674+0530] {logging_mixin.py:190} INFO - [2024-09-01T01:07:21.674+0530] {dagbag.py:587} INFO - Filling up the DagBag from /Users/ravipal/Desktop/Workspace/airflow_tutorial/py_env/lib/python3.12/site-packages/airflow/example_dags/example_xcomargs.py
[2024-09-01T01:07:21.690+0530] {processor.py:925} INFO - DAG(s) 'example_xcom_args', 'example_xcom_args_with_operators' retrieved from /Users/ravipal/Desktop/Workspace/airflow_tutorial/py_env/lib/python3.12/site-packages/airflow/example_dags/example_xcomargs.py
[2024-09-01T01:07:21.723+0530] {logging_mixin.py:190} INFO - [2024-09-01T01:07:21.723+0530] {dag.py:3211} INFO - Sync 2 DAGs
[2024-09-01T01:07:21.727+0530] {logging_mixin.py:190} INFO - [2024-09-01T01:07:21.727+0530] {dag.py:4138} INFO - Setting next_dagrun for example_xcom_args to None, run_after=None
[2024-09-01T01:07:21.728+0530] {logging_mixin.py:190} INFO - [2024-09-01T01:07:21.728+0530] {dag.py:4138} INFO - Setting next_dagrun for example_xcom_args_with_operators to None, run_after=None
[2024-09-01T01:07:21.734+0530] {processor.py:208} INFO - Processing /Users/ravipal/Desktop/Workspace/airflow_tutorial/py_env/lib/python3.12/site-packages/airflow/example_dags/example_xcomargs.py took 0.063 seconds
[2024-09-01T01:08:27.868+0530] {processor.py:186} INFO - Started process (PID=4411) to work on /Users/ravipal/Desktop/Workspace/airflow_tutorial/py_env/lib/python3.12/site-packages/airflow/example_dags/example_xcomargs.py
[2024-09-01T01:08:27.868+0530] {processor.py:914} INFO - Processing file /Users/ravipal/Desktop/Workspace/airflow_tutorial/py_env/lib/python3.12/site-packages/airflow/example_dags/example_xcomargs.py for tasks to queue
[2024-09-01T01:08:27.869+0530] {logging_mixin.py:190} INFO - [2024-09-01T01:08:27.869+0530] {dagbag.py:587} INFO - Filling up the DagBag from /Users/ravipal/Desktop/Workspace/airflow_tutorial/py_env/lib/python3.12/site-packages/airflow/example_dags/example_xcomargs.py
[2024-09-01T01:08:27.885+0530] {processor.py:925} INFO - DAG(s) 'example_xcom_args_with_operators', 'example_xcom_args' retrieved from /Users/ravipal/Desktop/Workspace/airflow_tutorial/py_env/lib/python3.12/site-packages/airflow/example_dags/example_xcomargs.py
[2024-09-01T01:08:27.919+0530] {logging_mixin.py:190} INFO - [2024-09-01T01:08:27.919+0530] {dag.py:3211} INFO - Sync 2 DAGs
[2024-09-01T01:08:27.923+0530] {logging_mixin.py:190} INFO - [2024-09-01T01:08:27.923+0530] {dag.py:4138} INFO - Setting next_dagrun for example_xcom_args to None, run_after=None
[2024-09-01T01:08:27.924+0530] {logging_mixin.py:190} INFO - [2024-09-01T01:08:27.924+0530] {dag.py:4138} INFO - Setting next_dagrun for example_xcom_args_with_operators to None, run_after=None
[2024-09-01T01:08:27.930+0530] {processor.py:208} INFO - Processing /Users/ravipal/Desktop/Workspace/airflow_tutorial/py_env/lib/python3.12/site-packages/airflow/example_dags/example_xcomargs.py took 0.064 seconds
[2024-09-01T01:09:32.722+0530] {processor.py:186} INFO - Started process (PID=4474) to work on /Users/ravipal/Desktop/Workspace/airflow_tutorial/py_env/lib/python3.12/site-packages/airflow/example_dags/example_xcomargs.py
[2024-09-01T01:09:32.723+0530] {processor.py:914} INFO - Processing file /Users/ravipal/Desktop/Workspace/airflow_tutorial/py_env/lib/python3.12/site-packages/airflow/example_dags/example_xcomargs.py for tasks to queue
[2024-09-01T01:09:32.723+0530] {logging_mixin.py:190} INFO - [2024-09-01T01:09:32.723+0530] {dagbag.py:587} INFO - Filling up the DagBag from /Users/ravipal/Desktop/Workspace/airflow_tutorial/py_env/lib/python3.12/site-packages/airflow/example_dags/example_xcomargs.py
[2024-09-01T01:09:32.739+0530] {processor.py:925} INFO - DAG(s) 'example_xcom_args_with_operators', 'example_xcom_args' retrieved from /Users/ravipal/Desktop/Workspace/airflow_tutorial/py_env/lib/python3.12/site-packages/airflow/example_dags/example_xcomargs.py
[2024-09-01T01:09:32.773+0530] {logging_mixin.py:190} INFO - [2024-09-01T01:09:32.773+0530] {dag.py:3211} INFO - Sync 2 DAGs
[2024-09-01T01:09:32.777+0530] {logging_mixin.py:190} INFO - [2024-09-01T01:09:32.777+0530] {dag.py:4138} INFO - Setting next_dagrun for example_xcom_args to None, run_after=None
[2024-09-01T01:09:32.778+0530] {logging_mixin.py:190} INFO - [2024-09-01T01:09:32.778+0530] {dag.py:4138} INFO - Setting next_dagrun for example_xcom_args_with_operators to None, run_after=None
[2024-09-01T01:09:32.784+0530] {processor.py:208} INFO - Processing /Users/ravipal/Desktop/Workspace/airflow_tutorial/py_env/lib/python3.12/site-packages/airflow/example_dags/example_xcomargs.py took 0.063 seconds
[2024-09-01T01:10:34.121+0530] {processor.py:186} INFO - Started process (PID=4538) to work on /Users/ravipal/Desktop/Workspace/airflow_tutorial/py_env/lib/python3.12/site-packages/airflow/example_dags/example_xcomargs.py
[2024-09-01T01:10:34.121+0530] {processor.py:914} INFO - Processing file /Users/ravipal/Desktop/Workspace/airflow_tutorial/py_env/lib/python3.12/site-packages/airflow/example_dags/example_xcomargs.py for tasks to queue
[2024-09-01T01:10:34.122+0530] {logging_mixin.py:190} INFO - [2024-09-01T01:10:34.122+0530] {dagbag.py:587} INFO - Filling up the DagBag from /Users/ravipal/Desktop/Workspace/airflow_tutorial/py_env/lib/python3.12/site-packages/airflow/example_dags/example_xcomargs.py
[2024-09-01T01:10:34.137+0530] {processor.py:925} INFO - DAG(s) 'example_xcom_args', 'example_xcom_args_with_operators' retrieved from /Users/ravipal/Desktop/Workspace/airflow_tutorial/py_env/lib/python3.12/site-packages/airflow/example_dags/example_xcomargs.py
[2024-09-01T01:10:34.172+0530] {logging_mixin.py:190} INFO - [2024-09-01T01:10:34.172+0530] {dag.py:3211} INFO - Sync 2 DAGs
[2024-09-01T01:10:34.176+0530] {logging_mixin.py:190} INFO - [2024-09-01T01:10:34.176+0530] {dag.py:4138} INFO - Setting next_dagrun for example_xcom_args to None, run_after=None
[2024-09-01T01:10:34.177+0530] {logging_mixin.py:190} INFO - [2024-09-01T01:10:34.177+0530] {dag.py:4138} INFO - Setting next_dagrun for example_xcom_args_with_operators to None, run_after=None
[2024-09-01T01:10:34.183+0530] {processor.py:208} INFO - Processing /Users/ravipal/Desktop/Workspace/airflow_tutorial/py_env/lib/python3.12/site-packages/airflow/example_dags/example_xcomargs.py took 0.064 seconds
[2024-09-01T01:11:36.938+0530] {processor.py:186} INFO - Started process (PID=4600) to work on /Users/ravipal/Desktop/Workspace/airflow_tutorial/py_env/lib/python3.12/site-packages/airflow/example_dags/example_xcomargs.py
[2024-09-01T01:11:36.938+0530] {processor.py:914} INFO - Processing file /Users/ravipal/Desktop/Workspace/airflow_tutorial/py_env/lib/python3.12/site-packages/airflow/example_dags/example_xcomargs.py for tasks to queue
[2024-09-01T01:11:36.939+0530] {logging_mixin.py:190} INFO - [2024-09-01T01:11:36.938+0530] {dagbag.py:587} INFO - Filling up the DagBag from /Users/ravipal/Desktop/Workspace/airflow_tutorial/py_env/lib/python3.12/site-packages/airflow/example_dags/example_xcomargs.py
[2024-09-01T01:11:36.955+0530] {processor.py:925} INFO - DAG(s) 'example_xcom_args_with_operators', 'example_xcom_args' retrieved from /Users/ravipal/Desktop/Workspace/airflow_tutorial/py_env/lib/python3.12/site-packages/airflow/example_dags/example_xcomargs.py
[2024-09-01T01:11:36.989+0530] {logging_mixin.py:190} INFO - [2024-09-01T01:11:36.988+0530] {dag.py:3211} INFO - Sync 2 DAGs
[2024-09-01T01:11:36.993+0530] {logging_mixin.py:190} INFO - [2024-09-01T01:11:36.993+0530] {dag.py:4138} INFO - Setting next_dagrun for example_xcom_args to None, run_after=None
[2024-09-01T01:11:36.994+0530] {logging_mixin.py:190} INFO - [2024-09-01T01:11:36.994+0530] {dag.py:4138} INFO - Setting next_dagrun for example_xcom_args_with_operators to None, run_after=None
[2024-09-01T01:11:36.999+0530] {processor.py:208} INFO - Processing /Users/ravipal/Desktop/Workspace/airflow_tutorial/py_env/lib/python3.12/site-packages/airflow/example_dags/example_xcomargs.py took 0.064 seconds
[2024-09-01T01:12:40.727+0530] {processor.py:186} INFO - Started process (PID=4666) to work on /Users/ravipal/Desktop/Workspace/airflow_tutorial/py_env/lib/python3.12/site-packages/airflow/example_dags/example_xcomargs.py
[2024-09-01T01:12:40.728+0530] {processor.py:914} INFO - Processing file /Users/ravipal/Desktop/Workspace/airflow_tutorial/py_env/lib/python3.12/site-packages/airflow/example_dags/example_xcomargs.py for tasks to queue
[2024-09-01T01:12:40.728+0530] {logging_mixin.py:190} INFO - [2024-09-01T01:12:40.728+0530] {dagbag.py:587} INFO - Filling up the DagBag from /Users/ravipal/Desktop/Workspace/airflow_tutorial/py_env/lib/python3.12/site-packages/airflow/example_dags/example_xcomargs.py
[2024-09-01T01:12:40.744+0530] {processor.py:925} INFO - DAG(s) 'example_xcom_args', 'example_xcom_args_with_operators' retrieved from /Users/ravipal/Desktop/Workspace/airflow_tutorial/py_env/lib/python3.12/site-packages/airflow/example_dags/example_xcomargs.py
[2024-09-01T01:12:40.778+0530] {logging_mixin.py:190} INFO - [2024-09-01T01:12:40.778+0530] {dag.py:3211} INFO - Sync 2 DAGs
[2024-09-01T01:12:40.782+0530] {logging_mixin.py:190} INFO - [2024-09-01T01:12:40.782+0530] {dag.py:4138} INFO - Setting next_dagrun for example_xcom_args to None, run_after=None
[2024-09-01T01:12:40.783+0530] {logging_mixin.py:190} INFO - [2024-09-01T01:12:40.783+0530] {dag.py:4138} INFO - Setting next_dagrun for example_xcom_args_with_operators to None, run_after=None
[2024-09-01T01:12:40.789+0530] {processor.py:208} INFO - Processing /Users/ravipal/Desktop/Workspace/airflow_tutorial/py_env/lib/python3.12/site-packages/airflow/example_dags/example_xcomargs.py took 0.063 seconds
[2024-09-01T01:13:43.609+0530] {processor.py:186} INFO - Started process (PID=4729) to work on /Users/ravipal/Desktop/Workspace/airflow_tutorial/py_env/lib/python3.12/site-packages/airflow/example_dags/example_xcomargs.py
[2024-09-01T01:13:43.610+0530] {processor.py:914} INFO - Processing file /Users/ravipal/Desktop/Workspace/airflow_tutorial/py_env/lib/python3.12/site-packages/airflow/example_dags/example_xcomargs.py for tasks to queue
[2024-09-01T01:13:43.610+0530] {logging_mixin.py:190} INFO - [2024-09-01T01:13:43.610+0530] {dagbag.py:587} INFO - Filling up the DagBag from /Users/ravipal/Desktop/Workspace/airflow_tutorial/py_env/lib/python3.12/site-packages/airflow/example_dags/example_xcomargs.py
[2024-09-01T01:13:43.626+0530] {processor.py:925} INFO - DAG(s) 'example_xcom_args_with_operators', 'example_xcom_args' retrieved from /Users/ravipal/Desktop/Workspace/airflow_tutorial/py_env/lib/python3.12/site-packages/airflow/example_dags/example_xcomargs.py
[2024-09-01T01:13:43.660+0530] {logging_mixin.py:190} INFO - [2024-09-01T01:13:43.660+0530] {dag.py:3211} INFO - Sync 2 DAGs
[2024-09-01T01:13:43.664+0530] {logging_mixin.py:190} INFO - [2024-09-01T01:13:43.664+0530] {dag.py:4138} INFO - Setting next_dagrun for example_xcom_args to None, run_after=None
[2024-09-01T01:13:43.665+0530] {logging_mixin.py:190} INFO - [2024-09-01T01:13:43.665+0530] {dag.py:4138} INFO - Setting next_dagrun for example_xcom_args_with_operators to None, run_after=None
[2024-09-01T01:13:43.671+0530] {processor.py:208} INFO - Processing /Users/ravipal/Desktop/Workspace/airflow_tutorial/py_env/lib/python3.12/site-packages/airflow/example_dags/example_xcomargs.py took 0.064 seconds
[2024-09-01T01:14:49.950+0530] {processor.py:186} INFO - Started process (PID=4796) to work on /Users/ravipal/Desktop/Workspace/airflow_tutorial/py_env/lib/python3.12/site-packages/airflow/example_dags/example_xcomargs.py
[2024-09-01T01:14:49.950+0530] {processor.py:914} INFO - Processing file /Users/ravipal/Desktop/Workspace/airflow_tutorial/py_env/lib/python3.12/site-packages/airflow/example_dags/example_xcomargs.py for tasks to queue
[2024-09-01T01:14:49.951+0530] {logging_mixin.py:190} INFO - [2024-09-01T01:14:49.951+0530] {dagbag.py:587} INFO - Filling up the DagBag from /Users/ravipal/Desktop/Workspace/airflow_tutorial/py_env/lib/python3.12/site-packages/airflow/example_dags/example_xcomargs.py
[2024-09-01T01:14:49.967+0530] {processor.py:925} INFO - DAG(s) 'example_xcom_args_with_operators', 'example_xcom_args' retrieved from /Users/ravipal/Desktop/Workspace/airflow_tutorial/py_env/lib/python3.12/site-packages/airflow/example_dags/example_xcomargs.py
[2024-09-01T01:14:50.002+0530] {logging_mixin.py:190} INFO - [2024-09-01T01:14:50.002+0530] {dag.py:3211} INFO - Sync 2 DAGs
[2024-09-01T01:14:50.006+0530] {logging_mixin.py:190} INFO - [2024-09-01T01:14:50.006+0530] {dag.py:4138} INFO - Setting next_dagrun for example_xcom_args to None, run_after=None
[2024-09-01T01:14:50.007+0530] {logging_mixin.py:190} INFO - [2024-09-01T01:14:50.007+0530] {dag.py:4138} INFO - Setting next_dagrun for example_xcom_args_with_operators to None, run_after=None
[2024-09-01T01:14:50.013+0530] {processor.py:208} INFO - Processing /Users/ravipal/Desktop/Workspace/airflow_tutorial/py_env/lib/python3.12/site-packages/airflow/example_dags/example_xcomargs.py took 0.065 seconds
[2024-09-01T01:15:56.277+0530] {processor.py:186} INFO - Started process (PID=4861) to work on /Users/ravipal/Desktop/Workspace/airflow_tutorial/py_env/lib/python3.12/site-packages/airflow/example_dags/example_xcomargs.py
[2024-09-01T01:15:56.278+0530] {processor.py:914} INFO - Processing file /Users/ravipal/Desktop/Workspace/airflow_tutorial/py_env/lib/python3.12/site-packages/airflow/example_dags/example_xcomargs.py for tasks to queue
[2024-09-01T01:15:56.278+0530] {logging_mixin.py:190} INFO - [2024-09-01T01:15:56.278+0530] {dagbag.py:587} INFO - Filling up the DagBag from /Users/ravipal/Desktop/Workspace/airflow_tutorial/py_env/lib/python3.12/site-packages/airflow/example_dags/example_xcomargs.py
[2024-09-01T01:15:56.294+0530] {processor.py:925} INFO - DAG(s) 'example_xcom_args_with_operators', 'example_xcom_args' retrieved from /Users/ravipal/Desktop/Workspace/airflow_tutorial/py_env/lib/python3.12/site-packages/airflow/example_dags/example_xcomargs.py
[2024-09-01T01:15:56.328+0530] {logging_mixin.py:190} INFO - [2024-09-01T01:15:56.328+0530] {dag.py:3211} INFO - Sync 2 DAGs
[2024-09-01T01:15:56.332+0530] {logging_mixin.py:190} INFO - [2024-09-01T01:15:56.332+0530] {dag.py:4138} INFO - Setting next_dagrun for example_xcom_args to None, run_after=None
[2024-09-01T01:15:56.333+0530] {logging_mixin.py:190} INFO - [2024-09-01T01:15:56.333+0530] {dag.py:4138} INFO - Setting next_dagrun for example_xcom_args_with_operators to None, run_after=None
[2024-09-01T01:15:56.339+0530] {processor.py:208} INFO - Processing /Users/ravipal/Desktop/Workspace/airflow_tutorial/py_env/lib/python3.12/site-packages/airflow/example_dags/example_xcomargs.py took 0.064 seconds
[2024-09-01T01:17:02.471+0530] {processor.py:186} INFO - Started process (PID=4926) to work on /Users/ravipal/Desktop/Workspace/airflow_tutorial/py_env/lib/python3.12/site-packages/airflow/example_dags/example_xcomargs.py
[2024-09-01T01:17:02.471+0530] {processor.py:914} INFO - Processing file /Users/ravipal/Desktop/Workspace/airflow_tutorial/py_env/lib/python3.12/site-packages/airflow/example_dags/example_xcomargs.py for tasks to queue
[2024-09-01T01:17:02.472+0530] {logging_mixin.py:190} INFO - [2024-09-01T01:17:02.471+0530] {dagbag.py:587} INFO - Filling up the DagBag from /Users/ravipal/Desktop/Workspace/airflow_tutorial/py_env/lib/python3.12/site-packages/airflow/example_dags/example_xcomargs.py
[2024-09-01T01:17:02.487+0530] {processor.py:925} INFO - DAG(s) 'example_xcom_args', 'example_xcom_args_with_operators' retrieved from /Users/ravipal/Desktop/Workspace/airflow_tutorial/py_env/lib/python3.12/site-packages/airflow/example_dags/example_xcomargs.py
[2024-09-01T01:17:02.521+0530] {logging_mixin.py:190} INFO - [2024-09-01T01:17:02.521+0530] {dag.py:3211} INFO - Sync 2 DAGs
[2024-09-01T01:17:02.525+0530] {logging_mixin.py:190} INFO - [2024-09-01T01:17:02.525+0530] {dag.py:4138} INFO - Setting next_dagrun for example_xcom_args to None, run_after=None
[2024-09-01T01:17:02.526+0530] {logging_mixin.py:190} INFO - [2024-09-01T01:17:02.526+0530] {dag.py:4138} INFO - Setting next_dagrun for example_xcom_args_with_operators to None, run_after=None
[2024-09-01T01:17:02.532+0530] {processor.py:208} INFO - Processing /Users/ravipal/Desktop/Workspace/airflow_tutorial/py_env/lib/python3.12/site-packages/airflow/example_dags/example_xcomargs.py took 0.063 seconds
[2024-09-01T01:18:06.330+0530] {processor.py:186} INFO - Started process (PID=4992) to work on /Users/ravipal/Desktop/Workspace/airflow_tutorial/py_env/lib/python3.12/site-packages/airflow/example_dags/example_xcomargs.py
[2024-09-01T01:18:06.331+0530] {processor.py:914} INFO - Processing file /Users/ravipal/Desktop/Workspace/airflow_tutorial/py_env/lib/python3.12/site-packages/airflow/example_dags/example_xcomargs.py for tasks to queue
[2024-09-01T01:18:06.331+0530] {logging_mixin.py:190} INFO - [2024-09-01T01:18:06.331+0530] {dagbag.py:587} INFO - Filling up the DagBag from /Users/ravipal/Desktop/Workspace/airflow_tutorial/py_env/lib/python3.12/site-packages/airflow/example_dags/example_xcomargs.py
[2024-09-01T01:18:06.347+0530] {processor.py:925} INFO - DAG(s) 'example_xcom_args_with_operators', 'example_xcom_args' retrieved from /Users/ravipal/Desktop/Workspace/airflow_tutorial/py_env/lib/python3.12/site-packages/airflow/example_dags/example_xcomargs.py
[2024-09-01T01:18:06.382+0530] {logging_mixin.py:190} INFO - [2024-09-01T01:18:06.382+0530] {dag.py:3211} INFO - Sync 2 DAGs
[2024-09-01T01:18:06.386+0530] {logging_mixin.py:190} INFO - [2024-09-01T01:18:06.386+0530] {dag.py:4138} INFO - Setting next_dagrun for example_xcom_args to None, run_after=None
[2024-09-01T01:18:06.387+0530] {logging_mixin.py:190} INFO - [2024-09-01T01:18:06.387+0530] {dag.py:4138} INFO - Setting next_dagrun for example_xcom_args_with_operators to None, run_after=None
[2024-09-01T01:18:06.393+0530] {processor.py:208} INFO - Processing /Users/ravipal/Desktop/Workspace/airflow_tutorial/py_env/lib/python3.12/site-packages/airflow/example_dags/example_xcomargs.py took 0.065 seconds
