[2024-09-01T00:23:49.989+0530] {processor.py:186} INFO - Started process (PID=1475) to work on /Users/ravipal/Desktop/Workspace/airflow_tutorial/py_env/lib/python3.12/site-packages/airflow/example_dags/example_dynamic_task_mapping.py
[2024-09-01T00:23:49.989+0530] {processor.py:914} INFO - Processing file /Users/ravipal/Desktop/Workspace/airflow_tutorial/py_env/lib/python3.12/site-packages/airflow/example_dags/example_dynamic_task_mapping.py for tasks to queue
[2024-09-01T00:23:49.989+0530] {logging_mixin.py:190} INFO - [2024-09-01T00:23:49.989+0530] {dagbag.py:587} INFO - Filling up the DagBag from /Users/ravipal/Desktop/Workspace/airflow_tutorial/py_env/lib/python3.12/site-packages/airflow/example_dags/example_dynamic_task_mapping.py
[2024-09-01T00:23:50.005+0530] {processor.py:925} INFO - DAG(s) 'example_dynamic_task_mapping' retrieved from /Users/ravipal/Desktop/Workspace/airflow_tutorial/py_env/lib/python3.12/site-packages/airflow/example_dags/example_dynamic_task_mapping.py
[2024-09-01T00:23:50.072+0530] {logging_mixin.py:190} INFO - [2024-09-01T00:23:50.072+0530] {override.py:1858} INFO - Created Permission View: can read on DAG:example_dynamic_task_mapping
[2024-09-01T00:23:50.105+0530] {logging_mixin.py:190} INFO - [2024-09-01T00:23:50.105+0530] {override.py:1858} INFO - Created Permission View: can edit on DAG:example_dynamic_task_mapping
[2024-09-01T00:23:50.107+0530] {logging_mixin.py:190} INFO - [2024-09-01T00:23:50.107+0530] {override.py:1858} INFO - Created Permission View: can delete on DAG:example_dynamic_task_mapping
[2024-09-01T00:23:50.108+0530] {logging_mixin.py:190} INFO - [2024-09-01T00:23:50.107+0530] {dag.py:3211} INFO - Sync 1 DAGs
[2024-09-01T00:23:50.111+0530] {logging_mixin.py:190} INFO - [2024-09-01T00:23:50.111+0530] {dag.py:3234} INFO - Creating ORM DAG for example_dynamic_task_mapping
[2024-09-01T00:23:50.114+0530] {logging_mixin.py:190} INFO - [2024-09-01T00:23:50.114+0530] {dag.py:4138} INFO - Setting next_dagrun for example_dynamic_task_mapping to 2022-03-04 00:00:00+00:00, run_after=2022-03-05 00:00:00+00:00
[2024-09-01T00:23:50.121+0530] {processor.py:208} INFO - Processing /Users/ravipal/Desktop/Workspace/airflow_tutorial/py_env/lib/python3.12/site-packages/airflow/example_dags/example_dynamic_task_mapping.py took 0.134 seconds
[2024-09-01T00:26:04.902+0530] {processor.py:186} INFO - Started process (PID=1611) to work on /Users/ravipal/Desktop/Workspace/airflow_tutorial/py_env/lib/python3.12/site-packages/airflow/example_dags/example_dynamic_task_mapping.py
[2024-09-01T00:26:04.903+0530] {processor.py:914} INFO - Processing file /Users/ravipal/Desktop/Workspace/airflow_tutorial/py_env/lib/python3.12/site-packages/airflow/example_dags/example_dynamic_task_mapping.py for tasks to queue
[2024-09-01T00:26:04.903+0530] {logging_mixin.py:190} INFO - [2024-09-01T00:26:04.903+0530] {dagbag.py:587} INFO - Filling up the DagBag from /Users/ravipal/Desktop/Workspace/airflow_tutorial/py_env/lib/python3.12/site-packages/airflow/example_dags/example_dynamic_task_mapping.py
[2024-09-01T00:26:04.922+0530] {processor.py:925} INFO - DAG(s) 'example_dynamic_task_mapping' retrieved from /Users/ravipal/Desktop/Workspace/airflow_tutorial/py_env/lib/python3.12/site-packages/airflow/example_dags/example_dynamic_task_mapping.py
[2024-09-01T00:26:04.963+0530] {logging_mixin.py:190} INFO - [2024-09-01T00:26:04.963+0530] {dag.py:3211} INFO - Sync 1 DAGs
[2024-09-01T00:26:04.972+0530] {logging_mixin.py:190} INFO - [2024-09-01T00:26:04.972+0530] {dag.py:4138} INFO - Setting next_dagrun for example_dynamic_task_mapping to 2022-03-04 00:00:00+00:00, run_after=2022-03-05 00:00:00+00:00
[2024-09-01T00:26:04.980+0530] {processor.py:208} INFO - Processing /Users/ravipal/Desktop/Workspace/airflow_tutorial/py_env/lib/python3.12/site-packages/airflow/example_dags/example_dynamic_task_mapping.py took 0.080 seconds
[2024-09-01T00:28:25.430+0530] {processor.py:186} INFO - Started process (PID=1942) to work on /Users/ravipal/Desktop/Workspace/airflow_tutorial/py_env/lib/python3.12/site-packages/airflow/example_dags/example_dynamic_task_mapping.py
[2024-09-01T00:28:25.430+0530] {processor.py:914} INFO - Processing file /Users/ravipal/Desktop/Workspace/airflow_tutorial/py_env/lib/python3.12/site-packages/airflow/example_dags/example_dynamic_task_mapping.py for tasks to queue
[2024-09-01T00:28:25.430+0530] {logging_mixin.py:190} INFO - [2024-09-01T00:28:25.430+0530] {dagbag.py:587} INFO - Filling up the DagBag from /Users/ravipal/Desktop/Workspace/airflow_tutorial/py_env/lib/python3.12/site-packages/airflow/example_dags/example_dynamic_task_mapping.py
[2024-09-01T00:28:25.446+0530] {processor.py:925} INFO - DAG(s) 'example_dynamic_task_mapping' retrieved from /Users/ravipal/Desktop/Workspace/airflow_tutorial/py_env/lib/python3.12/site-packages/airflow/example_dags/example_dynamic_task_mapping.py
[2024-09-01T00:28:25.478+0530] {logging_mixin.py:190} INFO - [2024-09-01T00:28:25.478+0530] {dag.py:3211} INFO - Sync 1 DAGs
[2024-09-01T00:28:25.485+0530] {logging_mixin.py:190} INFO - [2024-09-01T00:28:25.484+0530] {dag.py:4138} INFO - Setting next_dagrun for example_dynamic_task_mapping to 2022-03-04 00:00:00+00:00, run_after=2022-03-05 00:00:00+00:00
[2024-09-01T00:28:25.491+0530] {processor.py:208} INFO - Processing /Users/ravipal/Desktop/Workspace/airflow_tutorial/py_env/lib/python3.12/site-packages/airflow/example_dags/example_dynamic_task_mapping.py took 0.063 seconds
[2024-09-01T00:30:33.008+0530] {processor.py:186} INFO - Started process (PID=2074) to work on /Users/ravipal/Desktop/Workspace/airflow_tutorial/py_env/lib/python3.12/site-packages/airflow/example_dags/example_dynamic_task_mapping.py
[2024-09-01T00:30:33.009+0530] {processor.py:914} INFO - Processing file /Users/ravipal/Desktop/Workspace/airflow_tutorial/py_env/lib/python3.12/site-packages/airflow/example_dags/example_dynamic_task_mapping.py for tasks to queue
[2024-09-01T00:30:33.009+0530] {logging_mixin.py:190} INFO - [2024-09-01T00:30:33.009+0530] {dagbag.py:587} INFO - Filling up the DagBag from /Users/ravipal/Desktop/Workspace/airflow_tutorial/py_env/lib/python3.12/site-packages/airflow/example_dags/example_dynamic_task_mapping.py
[2024-09-01T00:30:33.024+0530] {processor.py:925} INFO - DAG(s) 'example_dynamic_task_mapping' retrieved from /Users/ravipal/Desktop/Workspace/airflow_tutorial/py_env/lib/python3.12/site-packages/airflow/example_dags/example_dynamic_task_mapping.py
[2024-09-01T00:30:33.057+0530] {logging_mixin.py:190} INFO - [2024-09-01T00:30:33.057+0530] {dag.py:3211} INFO - Sync 1 DAGs
[2024-09-01T00:30:33.066+0530] {logging_mixin.py:190} INFO - [2024-09-01T00:30:33.066+0530] {dag.py:4138} INFO - Setting next_dagrun for example_dynamic_task_mapping to 2022-03-04 00:00:00+00:00, run_after=2022-03-05 00:00:00+00:00
[2024-09-01T00:30:33.074+0530] {processor.py:208} INFO - Processing /Users/ravipal/Desktop/Workspace/airflow_tutorial/py_env/lib/python3.12/site-packages/airflow/example_dags/example_dynamic_task_mapping.py took 0.068 seconds
[2024-09-01T00:32:45.794+0530] {processor.py:186} INFO - Started process (PID=2207) to work on /Users/ravipal/Desktop/Workspace/airflow_tutorial/py_env/lib/python3.12/site-packages/airflow/example_dags/example_dynamic_task_mapping.py
[2024-09-01T00:32:45.794+0530] {processor.py:914} INFO - Processing file /Users/ravipal/Desktop/Workspace/airflow_tutorial/py_env/lib/python3.12/site-packages/airflow/example_dags/example_dynamic_task_mapping.py for tasks to queue
[2024-09-01T00:32:45.795+0530] {logging_mixin.py:190} INFO - [2024-09-01T00:32:45.795+0530] {dagbag.py:587} INFO - Filling up the DagBag from /Users/ravipal/Desktop/Workspace/airflow_tutorial/py_env/lib/python3.12/site-packages/airflow/example_dags/example_dynamic_task_mapping.py
[2024-09-01T00:32:45.814+0530] {processor.py:925} INFO - DAG(s) 'example_dynamic_task_mapping' retrieved from /Users/ravipal/Desktop/Workspace/airflow_tutorial/py_env/lib/python3.12/site-packages/airflow/example_dags/example_dynamic_task_mapping.py
[2024-09-01T00:32:45.858+0530] {logging_mixin.py:190} INFO - [2024-09-01T00:32:45.858+0530] {dag.py:3211} INFO - Sync 1 DAGs
[2024-09-01T00:32:45.866+0530] {logging_mixin.py:190} INFO - [2024-09-01T00:32:45.866+0530] {dag.py:4138} INFO - Setting next_dagrun for example_dynamic_task_mapping to 2022-03-04 00:00:00+00:00, run_after=2022-03-05 00:00:00+00:00
[2024-09-01T00:32:45.874+0530] {processor.py:208} INFO - Processing /Users/ravipal/Desktop/Workspace/airflow_tutorial/py_env/lib/python3.12/site-packages/airflow/example_dags/example_dynamic_task_mapping.py took 0.085 seconds
[2024-09-01T00:35:03.210+0530] {processor.py:186} INFO - Started process (PID=2342) to work on /Users/ravipal/Desktop/Workspace/airflow_tutorial/py_env/lib/python3.12/site-packages/airflow/example_dags/example_dynamic_task_mapping.py
[2024-09-01T00:35:03.211+0530] {processor.py:914} INFO - Processing file /Users/ravipal/Desktop/Workspace/airflow_tutorial/py_env/lib/python3.12/site-packages/airflow/example_dags/example_dynamic_task_mapping.py for tasks to queue
[2024-09-01T00:35:03.211+0530] {logging_mixin.py:190} INFO - [2024-09-01T00:35:03.211+0530] {dagbag.py:587} INFO - Filling up the DagBag from /Users/ravipal/Desktop/Workspace/airflow_tutorial/py_env/lib/python3.12/site-packages/airflow/example_dags/example_dynamic_task_mapping.py
[2024-09-01T00:35:03.226+0530] {processor.py:925} INFO - DAG(s) 'example_dynamic_task_mapping' retrieved from /Users/ravipal/Desktop/Workspace/airflow_tutorial/py_env/lib/python3.12/site-packages/airflow/example_dags/example_dynamic_task_mapping.py
[2024-09-01T00:35:03.259+0530] {logging_mixin.py:190} INFO - [2024-09-01T00:35:03.259+0530] {dag.py:3211} INFO - Sync 1 DAGs
[2024-09-01T00:35:03.265+0530] {logging_mixin.py:190} INFO - [2024-09-01T00:35:03.265+0530] {dag.py:4138} INFO - Setting next_dagrun for example_dynamic_task_mapping to 2022-03-04 00:00:00+00:00, run_after=2022-03-05 00:00:00+00:00
[2024-09-01T00:35:03.272+0530] {processor.py:208} INFO - Processing /Users/ravipal/Desktop/Workspace/airflow_tutorial/py_env/lib/python3.12/site-packages/airflow/example_dags/example_dynamic_task_mapping.py took 0.063 seconds
[2024-09-01T00:37:17.593+0530] {processor.py:186} INFO - Started process (PID=2477) to work on /Users/ravipal/Desktop/Workspace/airflow_tutorial/py_env/lib/python3.12/site-packages/airflow/example_dags/example_dynamic_task_mapping.py
[2024-09-01T00:37:17.593+0530] {processor.py:914} INFO - Processing file /Users/ravipal/Desktop/Workspace/airflow_tutorial/py_env/lib/python3.12/site-packages/airflow/example_dags/example_dynamic_task_mapping.py for tasks to queue
[2024-09-01T00:37:17.594+0530] {logging_mixin.py:190} INFO - [2024-09-01T00:37:17.594+0530] {dagbag.py:587} INFO - Filling up the DagBag from /Users/ravipal/Desktop/Workspace/airflow_tutorial/py_env/lib/python3.12/site-packages/airflow/example_dags/example_dynamic_task_mapping.py
[2024-09-01T00:37:17.609+0530] {processor.py:925} INFO - DAG(s) 'example_dynamic_task_mapping' retrieved from /Users/ravipal/Desktop/Workspace/airflow_tutorial/py_env/lib/python3.12/site-packages/airflow/example_dags/example_dynamic_task_mapping.py
[2024-09-01T00:37:17.642+0530] {logging_mixin.py:190} INFO - [2024-09-01T00:37:17.642+0530] {dag.py:3211} INFO - Sync 1 DAGs
[2024-09-01T00:37:17.648+0530] {logging_mixin.py:190} INFO - [2024-09-01T00:37:17.648+0530] {dag.py:4138} INFO - Setting next_dagrun for example_dynamic_task_mapping to 2022-03-04 00:00:00+00:00, run_after=2022-03-05 00:00:00+00:00
[2024-09-01T00:37:17.655+0530] {processor.py:208} INFO - Processing /Users/ravipal/Desktop/Workspace/airflow_tutorial/py_env/lib/python3.12/site-packages/airflow/example_dags/example_dynamic_task_mapping.py took 0.064 seconds
[2024-09-01T00:39:22.428+0530] {processor.py:186} INFO - Started process (PID=2604) to work on /Users/ravipal/Desktop/Workspace/airflow_tutorial/py_env/lib/python3.12/site-packages/airflow/example_dags/example_dynamic_task_mapping.py
[2024-09-01T00:39:22.428+0530] {processor.py:914} INFO - Processing file /Users/ravipal/Desktop/Workspace/airflow_tutorial/py_env/lib/python3.12/site-packages/airflow/example_dags/example_dynamic_task_mapping.py for tasks to queue
[2024-09-01T00:39:22.429+0530] {logging_mixin.py:190} INFO - [2024-09-01T00:39:22.429+0530] {dagbag.py:587} INFO - Filling up the DagBag from /Users/ravipal/Desktop/Workspace/airflow_tutorial/py_env/lib/python3.12/site-packages/airflow/example_dags/example_dynamic_task_mapping.py
[2024-09-01T00:39:22.444+0530] {processor.py:925} INFO - DAG(s) 'example_dynamic_task_mapping' retrieved from /Users/ravipal/Desktop/Workspace/airflow_tutorial/py_env/lib/python3.12/site-packages/airflow/example_dags/example_dynamic_task_mapping.py
[2024-09-01T00:39:22.476+0530] {logging_mixin.py:190} INFO - [2024-09-01T00:39:22.476+0530] {dag.py:3211} INFO - Sync 1 DAGs
[2024-09-01T00:39:22.482+0530] {logging_mixin.py:190} INFO - [2024-09-01T00:39:22.482+0530] {dag.py:4138} INFO - Setting next_dagrun for example_dynamic_task_mapping to 2022-03-04 00:00:00+00:00, run_after=2022-03-05 00:00:00+00:00
[2024-09-01T00:39:22.489+0530] {processor.py:208} INFO - Processing /Users/ravipal/Desktop/Workspace/airflow_tutorial/py_env/lib/python3.12/site-packages/airflow/example_dags/example_dynamic_task_mapping.py took 0.063 seconds
[2024-09-01T00:41:35.630+0530] {processor.py:186} INFO - Started process (PID=2734) to work on /Users/ravipal/Desktop/Workspace/airflow_tutorial/py_env/lib/python3.12/site-packages/airflow/example_dags/example_dynamic_task_mapping.py
[2024-09-01T00:41:35.631+0530] {processor.py:914} INFO - Processing file /Users/ravipal/Desktop/Workspace/airflow_tutorial/py_env/lib/python3.12/site-packages/airflow/example_dags/example_dynamic_task_mapping.py for tasks to queue
[2024-09-01T00:41:35.631+0530] {logging_mixin.py:190} INFO - [2024-09-01T00:41:35.631+0530] {dagbag.py:587} INFO - Filling up the DagBag from /Users/ravipal/Desktop/Workspace/airflow_tutorial/py_env/lib/python3.12/site-packages/airflow/example_dags/example_dynamic_task_mapping.py
[2024-09-01T00:41:35.646+0530] {processor.py:925} INFO - DAG(s) 'example_dynamic_task_mapping' retrieved from /Users/ravipal/Desktop/Workspace/airflow_tutorial/py_env/lib/python3.12/site-packages/airflow/example_dags/example_dynamic_task_mapping.py
[2024-09-01T00:41:35.680+0530] {logging_mixin.py:190} INFO - [2024-09-01T00:41:35.679+0530] {dag.py:3211} INFO - Sync 1 DAGs
[2024-09-01T00:41:35.686+0530] {logging_mixin.py:190} INFO - [2024-09-01T00:41:35.686+0530] {dag.py:4138} INFO - Setting next_dagrun for example_dynamic_task_mapping to 2022-03-04 00:00:00+00:00, run_after=2022-03-05 00:00:00+00:00
[2024-09-01T00:41:35.692+0530] {processor.py:208} INFO - Processing /Users/ravipal/Desktop/Workspace/airflow_tutorial/py_env/lib/python3.12/site-packages/airflow/example_dags/example_dynamic_task_mapping.py took 0.064 seconds
[2024-09-01T00:43:47.501+0530] {processor.py:186} INFO - Started process (PID=2866) to work on /Users/ravipal/Desktop/Workspace/airflow_tutorial/py_env/lib/python3.12/site-packages/airflow/example_dags/example_dynamic_task_mapping.py
[2024-09-01T00:43:47.502+0530] {processor.py:914} INFO - Processing file /Users/ravipal/Desktop/Workspace/airflow_tutorial/py_env/lib/python3.12/site-packages/airflow/example_dags/example_dynamic_task_mapping.py for tasks to queue
[2024-09-01T00:43:47.502+0530] {logging_mixin.py:190} INFO - [2024-09-01T00:43:47.502+0530] {dagbag.py:587} INFO - Filling up the DagBag from /Users/ravipal/Desktop/Workspace/airflow_tutorial/py_env/lib/python3.12/site-packages/airflow/example_dags/example_dynamic_task_mapping.py
[2024-09-01T00:43:47.517+0530] {processor.py:925} INFO - DAG(s) 'example_dynamic_task_mapping' retrieved from /Users/ravipal/Desktop/Workspace/airflow_tutorial/py_env/lib/python3.12/site-packages/airflow/example_dags/example_dynamic_task_mapping.py
[2024-09-01T00:43:47.550+0530] {logging_mixin.py:190} INFO - [2024-09-01T00:43:47.550+0530] {dag.py:3211} INFO - Sync 1 DAGs
[2024-09-01T00:43:47.556+0530] {logging_mixin.py:190} INFO - [2024-09-01T00:43:47.556+0530] {dag.py:4138} INFO - Setting next_dagrun for example_dynamic_task_mapping to 2022-03-04 00:00:00+00:00, run_after=2022-03-05 00:00:00+00:00
[2024-09-01T00:43:47.563+0530] {processor.py:208} INFO - Processing /Users/ravipal/Desktop/Workspace/airflow_tutorial/py_env/lib/python3.12/site-packages/airflow/example_dags/example_dynamic_task_mapping.py took 0.064 seconds
[2024-09-01T00:46:03.074+0530] {processor.py:186} INFO - Started process (PID=3001) to work on /Users/ravipal/Desktop/Workspace/airflow_tutorial/py_env/lib/python3.12/site-packages/airflow/example_dags/example_dynamic_task_mapping.py
[2024-09-01T00:46:03.074+0530] {processor.py:914} INFO - Processing file /Users/ravipal/Desktop/Workspace/airflow_tutorial/py_env/lib/python3.12/site-packages/airflow/example_dags/example_dynamic_task_mapping.py for tasks to queue
[2024-09-01T00:46:03.075+0530] {logging_mixin.py:190} INFO - [2024-09-01T00:46:03.075+0530] {dagbag.py:587} INFO - Filling up the DagBag from /Users/ravipal/Desktop/Workspace/airflow_tutorial/py_env/lib/python3.12/site-packages/airflow/example_dags/example_dynamic_task_mapping.py
[2024-09-01T00:46:03.090+0530] {processor.py:925} INFO - DAG(s) 'example_dynamic_task_mapping' retrieved from /Users/ravipal/Desktop/Workspace/airflow_tutorial/py_env/lib/python3.12/site-packages/airflow/example_dags/example_dynamic_task_mapping.py
[2024-09-01T00:46:03.123+0530] {logging_mixin.py:190} INFO - [2024-09-01T00:46:03.123+0530] {dag.py:3211} INFO - Sync 1 DAGs
[2024-09-01T00:46:03.129+0530] {logging_mixin.py:190} INFO - [2024-09-01T00:46:03.129+0530] {dag.py:4138} INFO - Setting next_dagrun for example_dynamic_task_mapping to 2022-03-04 00:00:00+00:00, run_after=2022-03-05 00:00:00+00:00
[2024-09-01T00:46:03.136+0530] {processor.py:208} INFO - Processing /Users/ravipal/Desktop/Workspace/airflow_tutorial/py_env/lib/python3.12/site-packages/airflow/example_dags/example_dynamic_task_mapping.py took 0.064 seconds
[2024-09-01T00:48:12.551+0530] {processor.py:186} INFO - Started process (PID=3131) to work on /Users/ravipal/Desktop/Workspace/airflow_tutorial/py_env/lib/python3.12/site-packages/airflow/example_dags/example_dynamic_task_mapping.py
[2024-09-01T00:48:12.552+0530] {processor.py:914} INFO - Processing file /Users/ravipal/Desktop/Workspace/airflow_tutorial/py_env/lib/python3.12/site-packages/airflow/example_dags/example_dynamic_task_mapping.py for tasks to queue
[2024-09-01T00:48:12.552+0530] {logging_mixin.py:190} INFO - [2024-09-01T00:48:12.552+0530] {dagbag.py:587} INFO - Filling up the DagBag from /Users/ravipal/Desktop/Workspace/airflow_tutorial/py_env/lib/python3.12/site-packages/airflow/example_dags/example_dynamic_task_mapping.py
[2024-09-01T00:48:12.567+0530] {processor.py:925} INFO - DAG(s) 'example_dynamic_task_mapping' retrieved from /Users/ravipal/Desktop/Workspace/airflow_tutorial/py_env/lib/python3.12/site-packages/airflow/example_dags/example_dynamic_task_mapping.py
[2024-09-01T00:48:12.600+0530] {logging_mixin.py:190} INFO - [2024-09-01T00:48:12.600+0530] {dag.py:3211} INFO - Sync 1 DAGs
[2024-09-01T00:48:12.606+0530] {logging_mixin.py:190} INFO - [2024-09-01T00:48:12.606+0530] {dag.py:4138} INFO - Setting next_dagrun for example_dynamic_task_mapping to 2022-03-04 00:00:00+00:00, run_after=2022-03-05 00:00:00+00:00
[2024-09-01T00:48:12.613+0530] {processor.py:208} INFO - Processing /Users/ravipal/Desktop/Workspace/airflow_tutorial/py_env/lib/python3.12/site-packages/airflow/example_dags/example_dynamic_task_mapping.py took 0.063 seconds
[2024-09-01T00:50:23.376+0530] {processor.py:186} INFO - Started process (PID=3285) to work on /Users/ravipal/Desktop/Workspace/airflow_tutorial/py_env/lib/python3.12/site-packages/airflow/example_dags/example_dynamic_task_mapping.py
[2024-09-01T00:50:23.378+0530] {processor.py:914} INFO - Processing file /Users/ravipal/Desktop/Workspace/airflow_tutorial/py_env/lib/python3.12/site-packages/airflow/example_dags/example_dynamic_task_mapping.py for tasks to queue
[2024-09-01T00:50:23.378+0530] {logging_mixin.py:190} INFO - [2024-09-01T00:50:23.378+0530] {dagbag.py:587} INFO - Filling up the DagBag from /Users/ravipal/Desktop/Workspace/airflow_tutorial/py_env/lib/python3.12/site-packages/airflow/example_dags/example_dynamic_task_mapping.py
[2024-09-01T00:50:23.394+0530] {processor.py:925} INFO - DAG(s) 'example_dynamic_task_mapping' retrieved from /Users/ravipal/Desktop/Workspace/airflow_tutorial/py_env/lib/python3.12/site-packages/airflow/example_dags/example_dynamic_task_mapping.py
[2024-09-01T00:50:23.445+0530] {logging_mixin.py:190} INFO - [2024-09-01T00:50:23.445+0530] {dag.py:3211} INFO - Sync 1 DAGs
[2024-09-01T00:50:23.454+0530] {logging_mixin.py:190} INFO - [2024-09-01T00:50:23.454+0530] {dag.py:4138} INFO - Setting next_dagrun for example_dynamic_task_mapping to 2022-03-04 00:00:00+00:00, run_after=2022-03-05 00:00:00+00:00
[2024-09-01T00:50:23.461+0530] {processor.py:208} INFO - Processing /Users/ravipal/Desktop/Workspace/airflow_tutorial/py_env/lib/python3.12/site-packages/airflow/example_dags/example_dynamic_task_mapping.py took 0.087 seconds
[2024-09-01T00:52:38.114+0530] {processor.py:186} INFO - Started process (PID=3422) to work on /Users/ravipal/Desktop/Workspace/airflow_tutorial/py_env/lib/python3.12/site-packages/airflow/example_dags/example_dynamic_task_mapping.py
[2024-09-01T00:52:38.115+0530] {processor.py:914} INFO - Processing file /Users/ravipal/Desktop/Workspace/airflow_tutorial/py_env/lib/python3.12/site-packages/airflow/example_dags/example_dynamic_task_mapping.py for tasks to queue
[2024-09-01T00:52:38.116+0530] {logging_mixin.py:190} INFO - [2024-09-01T00:52:38.116+0530] {dagbag.py:587} INFO - Filling up the DagBag from /Users/ravipal/Desktop/Workspace/airflow_tutorial/py_env/lib/python3.12/site-packages/airflow/example_dags/example_dynamic_task_mapping.py
[2024-09-01T00:52:38.131+0530] {processor.py:925} INFO - DAG(s) 'example_dynamic_task_mapping' retrieved from /Users/ravipal/Desktop/Workspace/airflow_tutorial/py_env/lib/python3.12/site-packages/airflow/example_dags/example_dynamic_task_mapping.py
[2024-09-01T00:52:38.164+0530] {logging_mixin.py:190} INFO - [2024-09-01T00:52:38.164+0530] {dag.py:3211} INFO - Sync 1 DAGs
[2024-09-01T00:52:38.170+0530] {logging_mixin.py:190} INFO - [2024-09-01T00:52:38.170+0530] {dag.py:4138} INFO - Setting next_dagrun for example_dynamic_task_mapping to 2022-03-04 00:00:00+00:00, run_after=2022-03-05 00:00:00+00:00
[2024-09-01T00:52:38.176+0530] {processor.py:208} INFO - Processing /Users/ravipal/Desktop/Workspace/airflow_tutorial/py_env/lib/python3.12/site-packages/airflow/example_dags/example_dynamic_task_mapping.py took 0.064 seconds
[2024-09-01T00:54:49.844+0530] {processor.py:186} INFO - Started process (PID=3553) to work on /Users/ravipal/Desktop/Workspace/airflow_tutorial/py_env/lib/python3.12/site-packages/airflow/example_dags/example_dynamic_task_mapping.py
[2024-09-01T00:54:49.844+0530] {processor.py:914} INFO - Processing file /Users/ravipal/Desktop/Workspace/airflow_tutorial/py_env/lib/python3.12/site-packages/airflow/example_dags/example_dynamic_task_mapping.py for tasks to queue
[2024-09-01T00:54:49.844+0530] {logging_mixin.py:190} INFO - [2024-09-01T00:54:49.844+0530] {dagbag.py:587} INFO - Filling up the DagBag from /Users/ravipal/Desktop/Workspace/airflow_tutorial/py_env/lib/python3.12/site-packages/airflow/example_dags/example_dynamic_task_mapping.py
[2024-09-01T00:54:49.860+0530] {processor.py:925} INFO - DAG(s) 'example_dynamic_task_mapping' retrieved from /Users/ravipal/Desktop/Workspace/airflow_tutorial/py_env/lib/python3.12/site-packages/airflow/example_dags/example_dynamic_task_mapping.py
[2024-09-01T00:54:49.892+0530] {logging_mixin.py:190} INFO - [2024-09-01T00:54:49.892+0530] {dag.py:3211} INFO - Sync 1 DAGs
[2024-09-01T00:54:49.899+0530] {logging_mixin.py:190} INFO - [2024-09-01T00:54:49.899+0530] {dag.py:4138} INFO - Setting next_dagrun for example_dynamic_task_mapping to 2022-03-04 00:00:00+00:00, run_after=2022-03-05 00:00:00+00:00
[2024-09-01T00:54:49.905+0530] {processor.py:208} INFO - Processing /Users/ravipal/Desktop/Workspace/airflow_tutorial/py_env/lib/python3.12/site-packages/airflow/example_dags/example_dynamic_task_mapping.py took 0.063 seconds
[2024-09-01T00:56:58.895+0530] {processor.py:186} INFO - Started process (PID=3683) to work on /Users/ravipal/Desktop/Workspace/airflow_tutorial/py_env/lib/python3.12/site-packages/airflow/example_dags/example_dynamic_task_mapping.py
[2024-09-01T00:56:58.895+0530] {processor.py:914} INFO - Processing file /Users/ravipal/Desktop/Workspace/airflow_tutorial/py_env/lib/python3.12/site-packages/airflow/example_dags/example_dynamic_task_mapping.py for tasks to queue
[2024-09-01T00:56:58.896+0530] {logging_mixin.py:190} INFO - [2024-09-01T00:56:58.896+0530] {dagbag.py:587} INFO - Filling up the DagBag from /Users/ravipal/Desktop/Workspace/airflow_tutorial/py_env/lib/python3.12/site-packages/airflow/example_dags/example_dynamic_task_mapping.py
[2024-09-01T00:56:58.911+0530] {processor.py:925} INFO - DAG(s) 'example_dynamic_task_mapping' retrieved from /Users/ravipal/Desktop/Workspace/airflow_tutorial/py_env/lib/python3.12/site-packages/airflow/example_dags/example_dynamic_task_mapping.py
[2024-09-01T00:56:58.944+0530] {logging_mixin.py:190} INFO - [2024-09-01T00:56:58.944+0530] {dag.py:3211} INFO - Sync 1 DAGs
[2024-09-01T00:56:58.950+0530] {logging_mixin.py:190} INFO - [2024-09-01T00:56:58.950+0530] {dag.py:4138} INFO - Setting next_dagrun for example_dynamic_task_mapping to 2022-03-04 00:00:00+00:00, run_after=2022-03-05 00:00:00+00:00
[2024-09-01T00:56:58.957+0530] {processor.py:208} INFO - Processing /Users/ravipal/Desktop/Workspace/airflow_tutorial/py_env/lib/python3.12/site-packages/airflow/example_dags/example_dynamic_task_mapping.py took 0.064 seconds
[2024-09-01T00:59:11.230+0530] {processor.py:186} INFO - Started process (PID=3814) to work on /Users/ravipal/Desktop/Workspace/airflow_tutorial/py_env/lib/python3.12/site-packages/airflow/example_dags/example_dynamic_task_mapping.py
[2024-09-01T00:59:11.231+0530] {processor.py:914} INFO - Processing file /Users/ravipal/Desktop/Workspace/airflow_tutorial/py_env/lib/python3.12/site-packages/airflow/example_dags/example_dynamic_task_mapping.py for tasks to queue
[2024-09-01T00:59:11.231+0530] {logging_mixin.py:190} INFO - [2024-09-01T00:59:11.231+0530] {dagbag.py:587} INFO - Filling up the DagBag from /Users/ravipal/Desktop/Workspace/airflow_tutorial/py_env/lib/python3.12/site-packages/airflow/example_dags/example_dynamic_task_mapping.py
[2024-09-01T00:59:11.246+0530] {processor.py:925} INFO - DAG(s) 'example_dynamic_task_mapping' retrieved from /Users/ravipal/Desktop/Workspace/airflow_tutorial/py_env/lib/python3.12/site-packages/airflow/example_dags/example_dynamic_task_mapping.py
[2024-09-01T00:59:11.280+0530] {logging_mixin.py:190} INFO - [2024-09-01T00:59:11.280+0530] {dag.py:3211} INFO - Sync 1 DAGs
[2024-09-01T00:59:11.286+0530] {logging_mixin.py:190} INFO - [2024-09-01T00:59:11.286+0530] {dag.py:4138} INFO - Setting next_dagrun for example_dynamic_task_mapping to 2022-03-04 00:00:00+00:00, run_after=2022-03-05 00:00:00+00:00
[2024-09-01T00:59:11.293+0530] {processor.py:208} INFO - Processing /Users/ravipal/Desktop/Workspace/airflow_tutorial/py_env/lib/python3.12/site-packages/airflow/example_dags/example_dynamic_task_mapping.py took 0.064 seconds
[2024-09-01T01:01:19.353+0530] {processor.py:186} INFO - Started process (PID=3943) to work on /Users/ravipal/Desktop/Workspace/airflow_tutorial/py_env/lib/python3.12/site-packages/airflow/example_dags/example_dynamic_task_mapping.py
[2024-09-01T01:01:19.353+0530] {processor.py:914} INFO - Processing file /Users/ravipal/Desktop/Workspace/airflow_tutorial/py_env/lib/python3.12/site-packages/airflow/example_dags/example_dynamic_task_mapping.py for tasks to queue
[2024-09-01T01:01:19.353+0530] {logging_mixin.py:190} INFO - [2024-09-01T01:01:19.353+0530] {dagbag.py:587} INFO - Filling up the DagBag from /Users/ravipal/Desktop/Workspace/airflow_tutorial/py_env/lib/python3.12/site-packages/airflow/example_dags/example_dynamic_task_mapping.py
[2024-09-01T01:01:19.368+0530] {processor.py:925} INFO - DAG(s) 'example_dynamic_task_mapping' retrieved from /Users/ravipal/Desktop/Workspace/airflow_tutorial/py_env/lib/python3.12/site-packages/airflow/example_dags/example_dynamic_task_mapping.py
[2024-09-01T01:01:19.401+0530] {logging_mixin.py:190} INFO - [2024-09-01T01:01:19.401+0530] {dag.py:3211} INFO - Sync 1 DAGs
[2024-09-01T01:01:19.407+0530] {logging_mixin.py:190} INFO - [2024-09-01T01:01:19.407+0530] {dag.py:4138} INFO - Setting next_dagrun for example_dynamic_task_mapping to 2022-03-04 00:00:00+00:00, run_after=2022-03-05 00:00:00+00:00
[2024-09-01T01:01:19.414+0530] {processor.py:208} INFO - Processing /Users/ravipal/Desktop/Workspace/airflow_tutorial/py_env/lib/python3.12/site-packages/airflow/example_dags/example_dynamic_task_mapping.py took 0.063 seconds
[2024-09-01T01:03:23.657+0530] {processor.py:186} INFO - Started process (PID=4075) to work on /Users/ravipal/Desktop/Workspace/airflow_tutorial/py_env/lib/python3.12/site-packages/airflow/example_dags/example_dynamic_task_mapping.py
[2024-09-01T01:03:23.658+0530] {processor.py:914} INFO - Processing file /Users/ravipal/Desktop/Workspace/airflow_tutorial/py_env/lib/python3.12/site-packages/airflow/example_dags/example_dynamic_task_mapping.py for tasks to queue
[2024-09-01T01:03:23.658+0530] {logging_mixin.py:190} INFO - [2024-09-01T01:03:23.658+0530] {dagbag.py:587} INFO - Filling up the DagBag from /Users/ravipal/Desktop/Workspace/airflow_tutorial/py_env/lib/python3.12/site-packages/airflow/example_dags/example_dynamic_task_mapping.py
[2024-09-01T01:03:23.673+0530] {processor.py:925} INFO - DAG(s) 'example_dynamic_task_mapping' retrieved from /Users/ravipal/Desktop/Workspace/airflow_tutorial/py_env/lib/python3.12/site-packages/airflow/example_dags/example_dynamic_task_mapping.py
[2024-09-01T01:03:23.706+0530] {logging_mixin.py:190} INFO - [2024-09-01T01:03:23.706+0530] {dag.py:3211} INFO - Sync 1 DAGs
[2024-09-01T01:03:23.712+0530] {logging_mixin.py:190} INFO - [2024-09-01T01:03:23.712+0530] {dag.py:4138} INFO - Setting next_dagrun for example_dynamic_task_mapping to 2022-03-04 00:00:00+00:00, run_after=2022-03-05 00:00:00+00:00
[2024-09-01T01:03:23.718+0530] {processor.py:208} INFO - Processing /Users/ravipal/Desktop/Workspace/airflow_tutorial/py_env/lib/python3.12/site-packages/airflow/example_dags/example_dynamic_task_mapping.py took 0.063 seconds
[2024-09-01T01:05:32.116+0530] {processor.py:186} INFO - Started process (PID=4227) to work on /Users/ravipal/Desktop/Workspace/airflow_tutorial/py_env/lib/python3.12/site-packages/airflow/example_dags/example_dynamic_task_mapping.py
[2024-09-01T01:05:32.117+0530] {processor.py:914} INFO - Processing file /Users/ravipal/Desktop/Workspace/airflow_tutorial/py_env/lib/python3.12/site-packages/airflow/example_dags/example_dynamic_task_mapping.py for tasks to queue
[2024-09-01T01:05:32.117+0530] {logging_mixin.py:190} INFO - [2024-09-01T01:05:32.117+0530] {dagbag.py:587} INFO - Filling up the DagBag from /Users/ravipal/Desktop/Workspace/airflow_tutorial/py_env/lib/python3.12/site-packages/airflow/example_dags/example_dynamic_task_mapping.py
[2024-09-01T01:05:32.131+0530] {processor.py:925} INFO - DAG(s) 'example_dynamic_task_mapping' retrieved from /Users/ravipal/Desktop/Workspace/airflow_tutorial/py_env/lib/python3.12/site-packages/airflow/example_dags/example_dynamic_task_mapping.py
[2024-09-01T01:05:32.163+0530] {logging_mixin.py:190} INFO - [2024-09-01T01:05:32.163+0530] {dag.py:3211} INFO - Sync 1 DAGs
[2024-09-01T01:05:32.169+0530] {logging_mixin.py:190} INFO - [2024-09-01T01:05:32.169+0530] {dag.py:4138} INFO - Setting next_dagrun for example_dynamic_task_mapping to 2022-03-04 00:00:00+00:00, run_after=2022-03-05 00:00:00+00:00
[2024-09-01T01:05:32.176+0530] {processor.py:208} INFO - Processing /Users/ravipal/Desktop/Workspace/airflow_tutorial/py_env/lib/python3.12/site-packages/airflow/example_dags/example_dynamic_task_mapping.py took 0.061 seconds
[2024-09-01T01:07:43.943+0530] {processor.py:186} INFO - Started process (PID=4366) to work on /Users/ravipal/Desktop/Workspace/airflow_tutorial/py_env/lib/python3.12/site-packages/airflow/example_dags/example_dynamic_task_mapping.py
[2024-09-01T01:07:43.943+0530] {processor.py:914} INFO - Processing file /Users/ravipal/Desktop/Workspace/airflow_tutorial/py_env/lib/python3.12/site-packages/airflow/example_dags/example_dynamic_task_mapping.py for tasks to queue
[2024-09-01T01:07:43.944+0530] {logging_mixin.py:190} INFO - [2024-09-01T01:07:43.944+0530] {dagbag.py:587} INFO - Filling up the DagBag from /Users/ravipal/Desktop/Workspace/airflow_tutorial/py_env/lib/python3.12/site-packages/airflow/example_dags/example_dynamic_task_mapping.py
[2024-09-01T01:07:43.959+0530] {processor.py:925} INFO - DAG(s) 'example_dynamic_task_mapping' retrieved from /Users/ravipal/Desktop/Workspace/airflow_tutorial/py_env/lib/python3.12/site-packages/airflow/example_dags/example_dynamic_task_mapping.py
[2024-09-01T01:07:43.992+0530] {logging_mixin.py:190} INFO - [2024-09-01T01:07:43.991+0530] {dag.py:3211} INFO - Sync 1 DAGs
[2024-09-01T01:07:43.998+0530] {logging_mixin.py:190} INFO - [2024-09-01T01:07:43.998+0530] {dag.py:4138} INFO - Setting next_dagrun for example_dynamic_task_mapping to 2022-03-04 00:00:00+00:00, run_after=2022-03-05 00:00:00+00:00
[2024-09-01T01:07:44.004+0530] {processor.py:208} INFO - Processing /Users/ravipal/Desktop/Workspace/airflow_tutorial/py_env/lib/python3.12/site-packages/airflow/example_dags/example_dynamic_task_mapping.py took 0.063 seconds
[2024-09-01T01:09:53.305+0530] {processor.py:186} INFO - Started process (PID=4496) to work on /Users/ravipal/Desktop/Workspace/airflow_tutorial/py_env/lib/python3.12/site-packages/airflow/example_dags/example_dynamic_task_mapping.py
[2024-09-01T01:09:53.305+0530] {processor.py:914} INFO - Processing file /Users/ravipal/Desktop/Workspace/airflow_tutorial/py_env/lib/python3.12/site-packages/airflow/example_dags/example_dynamic_task_mapping.py for tasks to queue
[2024-09-01T01:09:53.306+0530] {logging_mixin.py:190} INFO - [2024-09-01T01:09:53.306+0530] {dagbag.py:587} INFO - Filling up the DagBag from /Users/ravipal/Desktop/Workspace/airflow_tutorial/py_env/lib/python3.12/site-packages/airflow/example_dags/example_dynamic_task_mapping.py
[2024-09-01T01:09:53.321+0530] {processor.py:925} INFO - DAG(s) 'example_dynamic_task_mapping' retrieved from /Users/ravipal/Desktop/Workspace/airflow_tutorial/py_env/lib/python3.12/site-packages/airflow/example_dags/example_dynamic_task_mapping.py
[2024-09-01T01:09:53.354+0530] {logging_mixin.py:190} INFO - [2024-09-01T01:09:53.354+0530] {dag.py:3211} INFO - Sync 1 DAGs
[2024-09-01T01:09:53.360+0530] {logging_mixin.py:190} INFO - [2024-09-01T01:09:53.360+0530] {dag.py:4138} INFO - Setting next_dagrun for example_dynamic_task_mapping to 2022-03-04 00:00:00+00:00, run_after=2022-03-05 00:00:00+00:00
[2024-09-01T01:09:53.367+0530] {processor.py:208} INFO - Processing /Users/ravipal/Desktop/Workspace/airflow_tutorial/py_env/lib/python3.12/site-packages/airflow/example_dags/example_dynamic_task_mapping.py took 0.064 seconds
[2024-09-01T01:12:00.964+0530] {processor.py:186} INFO - Started process (PID=4625) to work on /Users/ravipal/Desktop/Workspace/airflow_tutorial/py_env/lib/python3.12/site-packages/airflow/example_dags/example_dynamic_task_mapping.py
[2024-09-01T01:12:00.965+0530] {processor.py:914} INFO - Processing file /Users/ravipal/Desktop/Workspace/airflow_tutorial/py_env/lib/python3.12/site-packages/airflow/example_dags/example_dynamic_task_mapping.py for tasks to queue
[2024-09-01T01:12:00.965+0530] {logging_mixin.py:190} INFO - [2024-09-01T01:12:00.965+0530] {dagbag.py:587} INFO - Filling up the DagBag from /Users/ravipal/Desktop/Workspace/airflow_tutorial/py_env/lib/python3.12/site-packages/airflow/example_dags/example_dynamic_task_mapping.py
[2024-09-01T01:12:00.980+0530] {processor.py:925} INFO - DAG(s) 'example_dynamic_task_mapping' retrieved from /Users/ravipal/Desktop/Workspace/airflow_tutorial/py_env/lib/python3.12/site-packages/airflow/example_dags/example_dynamic_task_mapping.py
[2024-09-01T01:12:01.014+0530] {logging_mixin.py:190} INFO - [2024-09-01T01:12:01.013+0530] {dag.py:3211} INFO - Sync 1 DAGs
[2024-09-01T01:12:01.020+0530] {logging_mixin.py:190} INFO - [2024-09-01T01:12:01.020+0530] {dag.py:4138} INFO - Setting next_dagrun for example_dynamic_task_mapping to 2022-03-04 00:00:00+00:00, run_after=2022-03-05 00:00:00+00:00
[2024-09-01T01:12:01.026+0530] {processor.py:208} INFO - Processing /Users/ravipal/Desktop/Workspace/airflow_tutorial/py_env/lib/python3.12/site-packages/airflow/example_dags/example_dynamic_task_mapping.py took 0.064 seconds
[2024-09-01T01:14:08.732+0530] {processor.py:186} INFO - Started process (PID=4754) to work on /Users/ravipal/Desktop/Workspace/airflow_tutorial/py_env/lib/python3.12/site-packages/airflow/example_dags/example_dynamic_task_mapping.py
[2024-09-01T01:14:08.732+0530] {processor.py:914} INFO - Processing file /Users/ravipal/Desktop/Workspace/airflow_tutorial/py_env/lib/python3.12/site-packages/airflow/example_dags/example_dynamic_task_mapping.py for tasks to queue
[2024-09-01T01:14:08.733+0530] {logging_mixin.py:190} INFO - [2024-09-01T01:14:08.733+0530] {dagbag.py:587} INFO - Filling up the DagBag from /Users/ravipal/Desktop/Workspace/airflow_tutorial/py_env/lib/python3.12/site-packages/airflow/example_dags/example_dynamic_task_mapping.py
[2024-09-01T01:14:08.748+0530] {processor.py:925} INFO - DAG(s) 'example_dynamic_task_mapping' retrieved from /Users/ravipal/Desktop/Workspace/airflow_tutorial/py_env/lib/python3.12/site-packages/airflow/example_dags/example_dynamic_task_mapping.py
[2024-09-01T01:14:08.781+0530] {logging_mixin.py:190} INFO - [2024-09-01T01:14:08.781+0530] {dag.py:3211} INFO - Sync 1 DAGs
[2024-09-01T01:14:08.787+0530] {logging_mixin.py:190} INFO - [2024-09-01T01:14:08.787+0530] {dag.py:4138} INFO - Setting next_dagrun for example_dynamic_task_mapping to 2022-03-04 00:00:00+00:00, run_after=2022-03-05 00:00:00+00:00
[2024-09-01T01:14:08.794+0530] {processor.py:208} INFO - Processing /Users/ravipal/Desktop/Workspace/airflow_tutorial/py_env/lib/python3.12/site-packages/airflow/example_dags/example_dynamic_task_mapping.py took 0.064 seconds
[2024-09-01T01:16:19.028+0530] {processor.py:186} INFO - Started process (PID=4885) to work on /Users/ravipal/Desktop/Workspace/airflow_tutorial/py_env/lib/python3.12/site-packages/airflow/example_dags/example_dynamic_task_mapping.py
[2024-09-01T01:16:19.028+0530] {processor.py:914} INFO - Processing file /Users/ravipal/Desktop/Workspace/airflow_tutorial/py_env/lib/python3.12/site-packages/airflow/example_dags/example_dynamic_task_mapping.py for tasks to queue
[2024-09-01T01:16:19.028+0530] {logging_mixin.py:190} INFO - [2024-09-01T01:16:19.028+0530] {dagbag.py:587} INFO - Filling up the DagBag from /Users/ravipal/Desktop/Workspace/airflow_tutorial/py_env/lib/python3.12/site-packages/airflow/example_dags/example_dynamic_task_mapping.py
[2024-09-01T01:16:19.044+0530] {processor.py:925} INFO - DAG(s) 'example_dynamic_task_mapping' retrieved from /Users/ravipal/Desktop/Workspace/airflow_tutorial/py_env/lib/python3.12/site-packages/airflow/example_dags/example_dynamic_task_mapping.py
[2024-09-01T01:16:19.077+0530] {logging_mixin.py:190} INFO - [2024-09-01T01:16:19.077+0530] {dag.py:3211} INFO - Sync 1 DAGs
[2024-09-01T01:16:19.083+0530] {logging_mixin.py:190} INFO - [2024-09-01T01:16:19.083+0530] {dag.py:4138} INFO - Setting next_dagrun for example_dynamic_task_mapping to 2022-03-04 00:00:00+00:00, run_after=2022-03-05 00:00:00+00:00
[2024-09-01T01:16:19.090+0530] {processor.py:208} INFO - Processing /Users/ravipal/Desktop/Workspace/airflow_tutorial/py_env/lib/python3.12/site-packages/airflow/example_dags/example_dynamic_task_mapping.py took 0.064 seconds
[2024-09-01T01:18:30.622+0530] {processor.py:186} INFO - Started process (PID=5016) to work on /Users/ravipal/Desktop/Workspace/airflow_tutorial/py_env/lib/python3.12/site-packages/airflow/example_dags/example_dynamic_task_mapping.py
[2024-09-01T01:18:30.622+0530] {processor.py:914} INFO - Processing file /Users/ravipal/Desktop/Workspace/airflow_tutorial/py_env/lib/python3.12/site-packages/airflow/example_dags/example_dynamic_task_mapping.py for tasks to queue
[2024-09-01T01:18:30.623+0530] {logging_mixin.py:190} INFO - [2024-09-01T01:18:30.623+0530] {dagbag.py:587} INFO - Filling up the DagBag from /Users/ravipal/Desktop/Workspace/airflow_tutorial/py_env/lib/python3.12/site-packages/airflow/example_dags/example_dynamic_task_mapping.py
[2024-09-01T01:18:30.637+0530] {processor.py:925} INFO - DAG(s) 'example_dynamic_task_mapping' retrieved from /Users/ravipal/Desktop/Workspace/airflow_tutorial/py_env/lib/python3.12/site-packages/airflow/example_dags/example_dynamic_task_mapping.py
[2024-09-01T01:18:30.669+0530] {logging_mixin.py:190} INFO - [2024-09-01T01:18:30.669+0530] {dag.py:3211} INFO - Sync 1 DAGs
[2024-09-01T01:18:30.675+0530] {logging_mixin.py:190} INFO - [2024-09-01T01:18:30.675+0530] {dag.py:4138} INFO - Setting next_dagrun for example_dynamic_task_mapping to 2022-03-04 00:00:00+00:00, run_after=2022-03-05 00:00:00+00:00
[2024-09-01T01:18:30.682+0530] {processor.py:208} INFO - Processing /Users/ravipal/Desktop/Workspace/airflow_tutorial/py_env/lib/python3.12/site-packages/airflow/example_dags/example_dynamic_task_mapping.py took 0.062 seconds
