[2024-09-01T00:24:02.837+0530] {processor.py:186} INFO - Started process (PID=1488) to work on /Users/ravipal/Desktop/Workspace/airflow_tutorial/py_env/lib/python3.12/site-packages/airflow/example_dags/example_branch_python_dop_operator_3.py
[2024-09-01T00:24:02.838+0530] {processor.py:914} INFO - Processing file /Users/ravipal/Desktop/Workspace/airflow_tutorial/py_env/lib/python3.12/site-packages/airflow/example_dags/example_branch_python_dop_operator_3.py for tasks to queue
[2024-09-01T00:24:02.838+0530] {logging_mixin.py:190} INFO - [2024-09-01T00:24:02.838+0530] {dagbag.py:587} INFO - Filling up the DagBag from /Users/ravipal/Desktop/Workspace/airflow_tutorial/py_env/lib/python3.12/site-packages/airflow/example_dags/example_branch_python_dop_operator_3.py
[2024-09-01T00:24:02.854+0530] {processor.py:925} INFO - DAG(s) 'example_branch_dop_operator_v3' retrieved from /Users/ravipal/Desktop/Workspace/airflow_tutorial/py_env/lib/python3.12/site-packages/airflow/example_dags/example_branch_python_dop_operator_3.py
[2024-09-01T00:24:02.919+0530] {logging_mixin.py:190} INFO - [2024-09-01T00:24:02.918+0530] {override.py:1858} INFO - Created Permission View: can edit on DAG:example_branch_dop_operator_v3
[2024-09-01T00:24:02.949+0530] {logging_mixin.py:190} INFO - [2024-09-01T00:24:02.949+0530] {override.py:1858} INFO - Created Permission View: can delete on DAG:example_branch_dop_operator_v3
[2024-09-01T00:24:02.951+0530] {logging_mixin.py:190} INFO - [2024-09-01T00:24:02.951+0530] {override.py:1858} INFO - Created Permission View: can read on DAG:example_branch_dop_operator_v3
[2024-09-01T00:24:02.951+0530] {logging_mixin.py:190} INFO - [2024-09-01T00:24:02.951+0530] {dag.py:3211} INFO - Sync 1 DAGs
[2024-09-01T00:24:02.955+0530] {logging_mixin.py:190} INFO - [2024-09-01T00:24:02.955+0530] {dag.py:3234} INFO - Creating ORM DAG for example_branch_dop_operator_v3
[2024-09-01T00:24:02.959+0530] {logging_mixin.py:190} INFO - [2024-09-01T00:24:02.959+0530] {dag.py:4138} INFO - Setting next_dagrun for example_branch_dop_operator_v3 to 2024-08-31 18:53:00+00:00, run_after=2024-08-31 18:54:00+00:00
[2024-09-01T00:24:02.964+0530] {processor.py:208} INFO - Processing /Users/ravipal/Desktop/Workspace/airflow_tutorial/py_env/lib/python3.12/site-packages/airflow/example_dags/example_branch_python_dop_operator_3.py took 0.129 seconds
[2024-09-01T00:26:18.051+0530] {processor.py:186} INFO - Started process (PID=1625) to work on /Users/ravipal/Desktop/Workspace/airflow_tutorial/py_env/lib/python3.12/site-packages/airflow/example_dags/example_branch_python_dop_operator_3.py
[2024-09-01T00:26:18.051+0530] {processor.py:914} INFO - Processing file /Users/ravipal/Desktop/Workspace/airflow_tutorial/py_env/lib/python3.12/site-packages/airflow/example_dags/example_branch_python_dop_operator_3.py for tasks to queue
[2024-09-01T00:26:18.052+0530] {logging_mixin.py:190} INFO - [2024-09-01T00:26:18.052+0530] {dagbag.py:587} INFO - Filling up the DagBag from /Users/ravipal/Desktop/Workspace/airflow_tutorial/py_env/lib/python3.12/site-packages/airflow/example_dags/example_branch_python_dop_operator_3.py
[2024-09-01T00:26:18.068+0530] {processor.py:925} INFO - DAG(s) 'example_branch_dop_operator_v3' retrieved from /Users/ravipal/Desktop/Workspace/airflow_tutorial/py_env/lib/python3.12/site-packages/airflow/example_dags/example_branch_python_dop_operator_3.py
[2024-09-01T00:26:18.101+0530] {logging_mixin.py:190} INFO - [2024-09-01T00:26:18.101+0530] {dag.py:3211} INFO - Sync 1 DAGs
[2024-09-01T00:26:18.108+0530] {logging_mixin.py:190} INFO - [2024-09-01T00:26:18.108+0530] {dag.py:4138} INFO - Setting next_dagrun for example_branch_dop_operator_v3 to 2024-08-31 18:55:00+00:00, run_after=2024-08-31 18:56:00+00:00
[2024-09-01T00:26:18.115+0530] {processor.py:208} INFO - Processing /Users/ravipal/Desktop/Workspace/airflow_tutorial/py_env/lib/python3.12/site-packages/airflow/example_dags/example_branch_python_dop_operator_3.py took 0.066 seconds
[2024-09-01T00:28:36.706+0530] {processor.py:186} INFO - Started process (PID=1955) to work on /Users/ravipal/Desktop/Workspace/airflow_tutorial/py_env/lib/python3.12/site-packages/airflow/example_dags/example_branch_python_dop_operator_3.py
[2024-09-01T00:28:36.707+0530] {processor.py:914} INFO - Processing file /Users/ravipal/Desktop/Workspace/airflow_tutorial/py_env/lib/python3.12/site-packages/airflow/example_dags/example_branch_python_dop_operator_3.py for tasks to queue
[2024-09-01T00:28:36.707+0530] {logging_mixin.py:190} INFO - [2024-09-01T00:28:36.707+0530] {dagbag.py:587} INFO - Filling up the DagBag from /Users/ravipal/Desktop/Workspace/airflow_tutorial/py_env/lib/python3.12/site-packages/airflow/example_dags/example_branch_python_dop_operator_3.py
[2024-09-01T00:28:36.724+0530] {processor.py:925} INFO - DAG(s) 'example_branch_dop_operator_v3' retrieved from /Users/ravipal/Desktop/Workspace/airflow_tutorial/py_env/lib/python3.12/site-packages/airflow/example_dags/example_branch_python_dop_operator_3.py
[2024-09-01T00:28:36.758+0530] {logging_mixin.py:190} INFO - [2024-09-01T00:28:36.758+0530] {dag.py:3211} INFO - Sync 1 DAGs
[2024-09-01T00:28:36.766+0530] {logging_mixin.py:190} INFO - [2024-09-01T00:28:36.766+0530] {dag.py:4138} INFO - Setting next_dagrun for example_branch_dop_operator_v3 to 2024-08-31 18:57:00+00:00, run_after=2024-08-31 18:58:00+00:00
[2024-09-01T00:28:36.773+0530] {processor.py:208} INFO - Processing /Users/ravipal/Desktop/Workspace/airflow_tutorial/py_env/lib/python3.12/site-packages/airflow/example_dags/example_branch_python_dop_operator_3.py took 0.068 seconds
[2024-09-01T00:30:44.546+0530] {processor.py:186} INFO - Started process (PID=2085) to work on /Users/ravipal/Desktop/Workspace/airflow_tutorial/py_env/lib/python3.12/site-packages/airflow/example_dags/example_branch_python_dop_operator_3.py
[2024-09-01T00:30:44.546+0530] {processor.py:914} INFO - Processing file /Users/ravipal/Desktop/Workspace/airflow_tutorial/py_env/lib/python3.12/site-packages/airflow/example_dags/example_branch_python_dop_operator_3.py for tasks to queue
[2024-09-01T00:30:44.546+0530] {logging_mixin.py:190} INFO - [2024-09-01T00:30:44.546+0530] {dagbag.py:587} INFO - Filling up the DagBag from /Users/ravipal/Desktop/Workspace/airflow_tutorial/py_env/lib/python3.12/site-packages/airflow/example_dags/example_branch_python_dop_operator_3.py
[2024-09-01T00:30:44.563+0530] {processor.py:925} INFO - DAG(s) 'example_branch_dop_operator_v3' retrieved from /Users/ravipal/Desktop/Workspace/airflow_tutorial/py_env/lib/python3.12/site-packages/airflow/example_dags/example_branch_python_dop_operator_3.py
[2024-09-01T00:30:44.597+0530] {logging_mixin.py:190} INFO - [2024-09-01T00:30:44.597+0530] {dag.py:3211} INFO - Sync 1 DAGs
[2024-09-01T00:30:44.605+0530] {logging_mixin.py:190} INFO - [2024-09-01T00:30:44.605+0530] {dag.py:4138} INFO - Setting next_dagrun for example_branch_dop_operator_v3 to 2024-08-31 18:59:00+00:00, run_after=2024-08-31 19:00:00+00:00
[2024-09-01T00:30:44.612+0530] {processor.py:208} INFO - Processing /Users/ravipal/Desktop/Workspace/airflow_tutorial/py_env/lib/python3.12/site-packages/airflow/example_dags/example_branch_python_dop_operator_3.py took 0.069 seconds
[2024-09-01T00:32:58.583+0530] {processor.py:186} INFO - Started process (PID=2218) to work on /Users/ravipal/Desktop/Workspace/airflow_tutorial/py_env/lib/python3.12/site-packages/airflow/example_dags/example_branch_python_dop_operator_3.py
[2024-09-01T00:32:58.583+0530] {processor.py:914} INFO - Processing file /Users/ravipal/Desktop/Workspace/airflow_tutorial/py_env/lib/python3.12/site-packages/airflow/example_dags/example_branch_python_dop_operator_3.py for tasks to queue
[2024-09-01T00:32:58.584+0530] {logging_mixin.py:190} INFO - [2024-09-01T00:32:58.584+0530] {dagbag.py:587} INFO - Filling up the DagBag from /Users/ravipal/Desktop/Workspace/airflow_tutorial/py_env/lib/python3.12/site-packages/airflow/example_dags/example_branch_python_dop_operator_3.py
[2024-09-01T00:32:58.600+0530] {processor.py:925} INFO - DAG(s) 'example_branch_dop_operator_v3' retrieved from /Users/ravipal/Desktop/Workspace/airflow_tutorial/py_env/lib/python3.12/site-packages/airflow/example_dags/example_branch_python_dop_operator_3.py
[2024-09-01T00:32:58.632+0530] {logging_mixin.py:190} INFO - [2024-09-01T00:32:58.632+0530] {dag.py:3211} INFO - Sync 1 DAGs
[2024-09-01T00:32:58.640+0530] {logging_mixin.py:190} INFO - [2024-09-01T00:32:58.640+0530] {dag.py:4138} INFO - Setting next_dagrun for example_branch_dop_operator_v3 to 2024-08-31 19:01:00+00:00, run_after=2024-08-31 19:02:00+00:00
[2024-09-01T00:32:58.646+0530] {processor.py:208} INFO - Processing /Users/ravipal/Desktop/Workspace/airflow_tutorial/py_env/lib/python3.12/site-packages/airflow/example_dags/example_branch_python_dop_operator_3.py took 0.065 seconds
[2024-09-01T00:35:15.942+0530] {processor.py:186} INFO - Started process (PID=2355) to work on /Users/ravipal/Desktop/Workspace/airflow_tutorial/py_env/lib/python3.12/site-packages/airflow/example_dags/example_branch_python_dop_operator_3.py
[2024-09-01T00:35:15.942+0530] {processor.py:914} INFO - Processing file /Users/ravipal/Desktop/Workspace/airflow_tutorial/py_env/lib/python3.12/site-packages/airflow/example_dags/example_branch_python_dop_operator_3.py for tasks to queue
[2024-09-01T00:35:15.943+0530] {logging_mixin.py:190} INFO - [2024-09-01T00:35:15.943+0530] {dagbag.py:587} INFO - Filling up the DagBag from /Users/ravipal/Desktop/Workspace/airflow_tutorial/py_env/lib/python3.12/site-packages/airflow/example_dags/example_branch_python_dop_operator_3.py
[2024-09-01T00:35:15.958+0530] {processor.py:925} INFO - DAG(s) 'example_branch_dop_operator_v3' retrieved from /Users/ravipal/Desktop/Workspace/airflow_tutorial/py_env/lib/python3.12/site-packages/airflow/example_dags/example_branch_python_dop_operator_3.py
[2024-09-01T00:35:15.991+0530] {logging_mixin.py:190} INFO - [2024-09-01T00:35:15.991+0530] {dag.py:3211} INFO - Sync 1 DAGs
[2024-09-01T00:35:15.999+0530] {logging_mixin.py:190} INFO - [2024-09-01T00:35:15.998+0530] {dag.py:4138} INFO - Setting next_dagrun for example_branch_dop_operator_v3 to 2024-08-31 19:04:00+00:00, run_after=2024-08-31 19:05:00+00:00
[2024-09-01T00:35:16.005+0530] {processor.py:208} INFO - Processing /Users/ravipal/Desktop/Workspace/airflow_tutorial/py_env/lib/python3.12/site-packages/airflow/example_dags/example_branch_python_dop_operator_3.py took 0.065 seconds
[2024-09-01T00:37:29.794+0530] {processor.py:186} INFO - Started process (PID=2488) to work on /Users/ravipal/Desktop/Workspace/airflow_tutorial/py_env/lib/python3.12/site-packages/airflow/example_dags/example_branch_python_dop_operator_3.py
[2024-09-01T00:37:29.794+0530] {processor.py:914} INFO - Processing file /Users/ravipal/Desktop/Workspace/airflow_tutorial/py_env/lib/python3.12/site-packages/airflow/example_dags/example_branch_python_dop_operator_3.py for tasks to queue
[2024-09-01T00:37:29.795+0530] {logging_mixin.py:190} INFO - [2024-09-01T00:37:29.795+0530] {dagbag.py:587} INFO - Filling up the DagBag from /Users/ravipal/Desktop/Workspace/airflow_tutorial/py_env/lib/python3.12/site-packages/airflow/example_dags/example_branch_python_dop_operator_3.py
[2024-09-01T00:37:29.812+0530] {processor.py:925} INFO - DAG(s) 'example_branch_dop_operator_v3' retrieved from /Users/ravipal/Desktop/Workspace/airflow_tutorial/py_env/lib/python3.12/site-packages/airflow/example_dags/example_branch_python_dop_operator_3.py
[2024-09-01T00:37:29.845+0530] {logging_mixin.py:190} INFO - [2024-09-01T00:37:29.845+0530] {dag.py:3211} INFO - Sync 1 DAGs
[2024-09-01T00:37:29.852+0530] {logging_mixin.py:190} INFO - [2024-09-01T00:37:29.852+0530] {dag.py:4138} INFO - Setting next_dagrun for example_branch_dop_operator_v3 to 2024-08-31 19:06:00+00:00, run_after=2024-08-31 19:07:00+00:00
[2024-09-01T00:37:29.859+0530] {processor.py:208} INFO - Processing /Users/ravipal/Desktop/Workspace/airflow_tutorial/py_env/lib/python3.12/site-packages/airflow/example_dags/example_branch_python_dop_operator_3.py took 0.067 seconds
[2024-09-01T00:39:34.571+0530] {processor.py:186} INFO - Started process (PID=2615) to work on /Users/ravipal/Desktop/Workspace/airflow_tutorial/py_env/lib/python3.12/site-packages/airflow/example_dags/example_branch_python_dop_operator_3.py
[2024-09-01T00:39:34.572+0530] {processor.py:914} INFO - Processing file /Users/ravipal/Desktop/Workspace/airflow_tutorial/py_env/lib/python3.12/site-packages/airflow/example_dags/example_branch_python_dop_operator_3.py for tasks to queue
[2024-09-01T00:39:34.572+0530] {logging_mixin.py:190} INFO - [2024-09-01T00:39:34.572+0530] {dagbag.py:587} INFO - Filling up the DagBag from /Users/ravipal/Desktop/Workspace/airflow_tutorial/py_env/lib/python3.12/site-packages/airflow/example_dags/example_branch_python_dop_operator_3.py
[2024-09-01T00:39:34.588+0530] {processor.py:925} INFO - DAG(s) 'example_branch_dop_operator_v3' retrieved from /Users/ravipal/Desktop/Workspace/airflow_tutorial/py_env/lib/python3.12/site-packages/airflow/example_dags/example_branch_python_dop_operator_3.py
[2024-09-01T00:39:34.620+0530] {logging_mixin.py:190} INFO - [2024-09-01T00:39:34.620+0530] {dag.py:3211} INFO - Sync 1 DAGs
[2024-09-01T00:39:34.627+0530] {logging_mixin.py:190} INFO - [2024-09-01T00:39:34.627+0530] {dag.py:4138} INFO - Setting next_dagrun for example_branch_dop_operator_v3 to 2024-08-31 19:08:00+00:00, run_after=2024-08-31 19:09:00+00:00
[2024-09-01T00:39:34.634+0530] {processor.py:208} INFO - Processing /Users/ravipal/Desktop/Workspace/airflow_tutorial/py_env/lib/python3.12/site-packages/airflow/example_dags/example_branch_python_dop_operator_3.py took 0.065 seconds
[2024-09-01T00:41:46.446+0530] {processor.py:186} INFO - Started process (PID=2747) to work on /Users/ravipal/Desktop/Workspace/airflow_tutorial/py_env/lib/python3.12/site-packages/airflow/example_dags/example_branch_python_dop_operator_3.py
[2024-09-01T00:41:46.446+0530] {processor.py:914} INFO - Processing file /Users/ravipal/Desktop/Workspace/airflow_tutorial/py_env/lib/python3.12/site-packages/airflow/example_dags/example_branch_python_dop_operator_3.py for tasks to queue
[2024-09-01T00:41:46.446+0530] {logging_mixin.py:190} INFO - [2024-09-01T00:41:46.446+0530] {dagbag.py:587} INFO - Filling up the DagBag from /Users/ravipal/Desktop/Workspace/airflow_tutorial/py_env/lib/python3.12/site-packages/airflow/example_dags/example_branch_python_dop_operator_3.py
[2024-09-01T00:41:46.462+0530] {processor.py:925} INFO - DAG(s) 'example_branch_dop_operator_v3' retrieved from /Users/ravipal/Desktop/Workspace/airflow_tutorial/py_env/lib/python3.12/site-packages/airflow/example_dags/example_branch_python_dop_operator_3.py
[2024-09-01T00:41:46.494+0530] {logging_mixin.py:190} INFO - [2024-09-01T00:41:46.494+0530] {dag.py:3211} INFO - Sync 1 DAGs
[2024-09-01T00:41:46.501+0530] {logging_mixin.py:190} INFO - [2024-09-01T00:41:46.501+0530] {dag.py:4138} INFO - Setting next_dagrun for example_branch_dop_operator_v3 to 2024-08-31 19:10:00+00:00, run_after=2024-08-31 19:11:00+00:00
[2024-09-01T00:41:46.508+0530] {processor.py:208} INFO - Processing /Users/ravipal/Desktop/Workspace/airflow_tutorial/py_env/lib/python3.12/site-packages/airflow/example_dags/example_branch_python_dop_operator_3.py took 0.065 seconds
[2024-09-01T00:44:00.573+0530] {processor.py:186} INFO - Started process (PID=2878) to work on /Users/ravipal/Desktop/Workspace/airflow_tutorial/py_env/lib/python3.12/site-packages/airflow/example_dags/example_branch_python_dop_operator_3.py
[2024-09-01T00:44:00.574+0530] {processor.py:914} INFO - Processing file /Users/ravipal/Desktop/Workspace/airflow_tutorial/py_env/lib/python3.12/site-packages/airflow/example_dags/example_branch_python_dop_operator_3.py for tasks to queue
[2024-09-01T00:44:00.574+0530] {logging_mixin.py:190} INFO - [2024-09-01T00:44:00.574+0530] {dagbag.py:587} INFO - Filling up the DagBag from /Users/ravipal/Desktop/Workspace/airflow_tutorial/py_env/lib/python3.12/site-packages/airflow/example_dags/example_branch_python_dop_operator_3.py
[2024-09-01T00:44:00.590+0530] {processor.py:925} INFO - DAG(s) 'example_branch_dop_operator_v3' retrieved from /Users/ravipal/Desktop/Workspace/airflow_tutorial/py_env/lib/python3.12/site-packages/airflow/example_dags/example_branch_python_dop_operator_3.py
[2024-09-01T00:44:00.624+0530] {logging_mixin.py:190} INFO - [2024-09-01T00:44:00.624+0530] {dag.py:3211} INFO - Sync 1 DAGs
[2024-09-01T00:44:00.632+0530] {logging_mixin.py:190} INFO - [2024-09-01T00:44:00.632+0530] {dag.py:4138} INFO - Setting next_dagrun for example_branch_dop_operator_v3 to 2024-08-31 19:13:00+00:00, run_after=2024-08-31 19:14:00+00:00
[2024-09-01T00:44:00.640+0530] {processor.py:208} INFO - Processing /Users/ravipal/Desktop/Workspace/airflow_tutorial/py_env/lib/python3.12/site-packages/airflow/example_dags/example_branch_python_dop_operator_3.py took 0.068 seconds
[2024-09-01T00:46:15.762+0530] {processor.py:186} INFO - Started process (PID=3012) to work on /Users/ravipal/Desktop/Workspace/airflow_tutorial/py_env/lib/python3.12/site-packages/airflow/example_dags/example_branch_python_dop_operator_3.py
[2024-09-01T00:46:15.762+0530] {processor.py:914} INFO - Processing file /Users/ravipal/Desktop/Workspace/airflow_tutorial/py_env/lib/python3.12/site-packages/airflow/example_dags/example_branch_python_dop_operator_3.py for tasks to queue
[2024-09-01T00:46:15.763+0530] {logging_mixin.py:190} INFO - [2024-09-01T00:46:15.762+0530] {dagbag.py:587} INFO - Filling up the DagBag from /Users/ravipal/Desktop/Workspace/airflow_tutorial/py_env/lib/python3.12/site-packages/airflow/example_dags/example_branch_python_dop_operator_3.py
[2024-09-01T00:46:15.777+0530] {processor.py:925} INFO - DAG(s) 'example_branch_dop_operator_v3' retrieved from /Users/ravipal/Desktop/Workspace/airflow_tutorial/py_env/lib/python3.12/site-packages/airflow/example_dags/example_branch_python_dop_operator_3.py
[2024-09-01T00:46:15.809+0530] {logging_mixin.py:190} INFO - [2024-09-01T00:46:15.809+0530] {dag.py:3211} INFO - Sync 1 DAGs
[2024-09-01T00:46:15.816+0530] {logging_mixin.py:190} INFO - [2024-09-01T00:46:15.816+0530] {dag.py:4138} INFO - Setting next_dagrun for example_branch_dop_operator_v3 to 2024-08-31 19:15:00+00:00, run_after=2024-08-31 19:16:00+00:00
[2024-09-01T00:46:15.823+0530] {processor.py:208} INFO - Processing /Users/ravipal/Desktop/Workspace/airflow_tutorial/py_env/lib/python3.12/site-packages/airflow/example_dags/example_branch_python_dop_operator_3.py took 0.063 seconds
[2024-09-01T00:48:25.340+0530] {processor.py:186} INFO - Started process (PID=3142) to work on /Users/ravipal/Desktop/Workspace/airflow_tutorial/py_env/lib/python3.12/site-packages/airflow/example_dags/example_branch_python_dop_operator_3.py
[2024-09-01T00:48:25.341+0530] {processor.py:914} INFO - Processing file /Users/ravipal/Desktop/Workspace/airflow_tutorial/py_env/lib/python3.12/site-packages/airflow/example_dags/example_branch_python_dop_operator_3.py for tasks to queue
[2024-09-01T00:48:25.341+0530] {logging_mixin.py:190} INFO - [2024-09-01T00:48:25.341+0530] {dagbag.py:587} INFO - Filling up the DagBag from /Users/ravipal/Desktop/Workspace/airflow_tutorial/py_env/lib/python3.12/site-packages/airflow/example_dags/example_branch_python_dop_operator_3.py
[2024-09-01T00:48:25.358+0530] {processor.py:925} INFO - DAG(s) 'example_branch_dop_operator_v3' retrieved from /Users/ravipal/Desktop/Workspace/airflow_tutorial/py_env/lib/python3.12/site-packages/airflow/example_dags/example_branch_python_dop_operator_3.py
[2024-09-01T00:48:25.392+0530] {logging_mixin.py:190} INFO - [2024-09-01T00:48:25.392+0530] {dag.py:3211} INFO - Sync 1 DAGs
[2024-09-01T00:48:25.399+0530] {logging_mixin.py:190} INFO - [2024-09-01T00:48:25.399+0530] {dag.py:4138} INFO - Setting next_dagrun for example_branch_dop_operator_v3 to 2024-08-31 19:17:00+00:00, run_after=2024-08-31 19:18:00+00:00
[2024-09-01T00:48:25.406+0530] {processor.py:208} INFO - Processing /Users/ravipal/Desktop/Workspace/airflow_tutorial/py_env/lib/python3.12/site-packages/airflow/example_dags/example_branch_python_dop_operator_3.py took 0.067 seconds
[2024-09-01T00:50:36.457+0530] {processor.py:186} INFO - Started process (PID=3296) to work on /Users/ravipal/Desktop/Workspace/airflow_tutorial/py_env/lib/python3.12/site-packages/airflow/example_dags/example_branch_python_dop_operator_3.py
[2024-09-01T00:50:36.458+0530] {processor.py:914} INFO - Processing file /Users/ravipal/Desktop/Workspace/airflow_tutorial/py_env/lib/python3.12/site-packages/airflow/example_dags/example_branch_python_dop_operator_3.py for tasks to queue
[2024-09-01T00:50:36.458+0530] {logging_mixin.py:190} INFO - [2024-09-01T00:50:36.458+0530] {dagbag.py:587} INFO - Filling up the DagBag from /Users/ravipal/Desktop/Workspace/airflow_tutorial/py_env/lib/python3.12/site-packages/airflow/example_dags/example_branch_python_dop_operator_3.py
[2024-09-01T00:50:36.474+0530] {processor.py:925} INFO - DAG(s) 'example_branch_dop_operator_v3' retrieved from /Users/ravipal/Desktop/Workspace/airflow_tutorial/py_env/lib/python3.12/site-packages/airflow/example_dags/example_branch_python_dop_operator_3.py
[2024-09-01T00:50:36.508+0530] {logging_mixin.py:190} INFO - [2024-09-01T00:50:36.508+0530] {dag.py:3211} INFO - Sync 1 DAGs
[2024-09-01T00:50:36.516+0530] {logging_mixin.py:190} INFO - [2024-09-01T00:50:36.515+0530] {dag.py:4138} INFO - Setting next_dagrun for example_branch_dop_operator_v3 to 2024-08-31 19:19:00+00:00, run_after=2024-08-31 19:20:00+00:00
[2024-09-01T00:50:36.522+0530] {processor.py:208} INFO - Processing /Users/ravipal/Desktop/Workspace/airflow_tutorial/py_env/lib/python3.12/site-packages/airflow/example_dags/example_branch_python_dop_operator_3.py took 0.067 seconds
[2024-09-01T00:52:49.709+0530] {processor.py:186} INFO - Started process (PID=3433) to work on /Users/ravipal/Desktop/Workspace/airflow_tutorial/py_env/lib/python3.12/site-packages/airflow/example_dags/example_branch_python_dop_operator_3.py
[2024-09-01T00:52:49.710+0530] {processor.py:914} INFO - Processing file /Users/ravipal/Desktop/Workspace/airflow_tutorial/py_env/lib/python3.12/site-packages/airflow/example_dags/example_branch_python_dop_operator_3.py for tasks to queue
[2024-09-01T00:52:49.711+0530] {logging_mixin.py:190} INFO - [2024-09-01T00:52:49.711+0530] {dagbag.py:587} INFO - Filling up the DagBag from /Users/ravipal/Desktop/Workspace/airflow_tutorial/py_env/lib/python3.12/site-packages/airflow/example_dags/example_branch_python_dop_operator_3.py
[2024-09-01T00:52:49.726+0530] {processor.py:925} INFO - DAG(s) 'example_branch_dop_operator_v3' retrieved from /Users/ravipal/Desktop/Workspace/airflow_tutorial/py_env/lib/python3.12/site-packages/airflow/example_dags/example_branch_python_dop_operator_3.py
[2024-09-01T00:52:49.759+0530] {logging_mixin.py:190} INFO - [2024-09-01T00:52:49.758+0530] {dag.py:3211} INFO - Sync 1 DAGs
[2024-09-01T00:52:49.766+0530] {logging_mixin.py:190} INFO - [2024-09-01T00:52:49.766+0530] {dag.py:4138} INFO - Setting next_dagrun for example_branch_dop_operator_v3 to 2024-08-31 19:21:00+00:00, run_after=2024-08-31 19:22:00+00:00
[2024-09-01T00:52:49.772+0530] {processor.py:208} INFO - Processing /Users/ravipal/Desktop/Workspace/airflow_tutorial/py_env/lib/python3.12/site-packages/airflow/example_dags/example_branch_python_dop_operator_3.py took 0.065 seconds
[2024-09-01T00:55:00.985+0530] {processor.py:186} INFO - Started process (PID=3564) to work on /Users/ravipal/Desktop/Workspace/airflow_tutorial/py_env/lib/python3.12/site-packages/airflow/example_dags/example_branch_python_dop_operator_3.py
[2024-09-01T00:55:00.985+0530] {processor.py:914} INFO - Processing file /Users/ravipal/Desktop/Workspace/airflow_tutorial/py_env/lib/python3.12/site-packages/airflow/example_dags/example_branch_python_dop_operator_3.py for tasks to queue
[2024-09-01T00:55:00.986+0530] {logging_mixin.py:190} INFO - [2024-09-01T00:55:00.986+0530] {dagbag.py:587} INFO - Filling up the DagBag from /Users/ravipal/Desktop/Workspace/airflow_tutorial/py_env/lib/python3.12/site-packages/airflow/example_dags/example_branch_python_dop_operator_3.py
[2024-09-01T00:55:01.001+0530] {processor.py:925} INFO - DAG(s) 'example_branch_dop_operator_v3' retrieved from /Users/ravipal/Desktop/Workspace/airflow_tutorial/py_env/lib/python3.12/site-packages/airflow/example_dags/example_branch_python_dop_operator_3.py
[2024-09-01T00:55:01.034+0530] {logging_mixin.py:190} INFO - [2024-09-01T00:55:01.034+0530] {dag.py:3211} INFO - Sync 1 DAGs
[2024-09-01T00:55:01.041+0530] {logging_mixin.py:190} INFO - [2024-09-01T00:55:01.041+0530] {dag.py:4138} INFO - Setting next_dagrun for example_branch_dop_operator_v3 to 2024-08-31 19:24:00+00:00, run_after=2024-08-31 19:25:00+00:00
[2024-09-01T00:55:01.048+0530] {processor.py:208} INFO - Processing /Users/ravipal/Desktop/Workspace/airflow_tutorial/py_env/lib/python3.12/site-packages/airflow/example_dags/example_branch_python_dop_operator_3.py took 0.065 seconds
[2024-09-01T00:57:12.014+0530] {processor.py:186} INFO - Started process (PID=3696) to work on /Users/ravipal/Desktop/Workspace/airflow_tutorial/py_env/lib/python3.12/site-packages/airflow/example_dags/example_branch_python_dop_operator_3.py
[2024-09-01T00:57:12.014+0530] {processor.py:914} INFO - Processing file /Users/ravipal/Desktop/Workspace/airflow_tutorial/py_env/lib/python3.12/site-packages/airflow/example_dags/example_branch_python_dop_operator_3.py for tasks to queue
[2024-09-01T00:57:12.014+0530] {logging_mixin.py:190} INFO - [2024-09-01T00:57:12.014+0530] {dagbag.py:587} INFO - Filling up the DagBag from /Users/ravipal/Desktop/Workspace/airflow_tutorial/py_env/lib/python3.12/site-packages/airflow/example_dags/example_branch_python_dop_operator_3.py
[2024-09-01T00:57:12.031+0530] {processor.py:925} INFO - DAG(s) 'example_branch_dop_operator_v3' retrieved from /Users/ravipal/Desktop/Workspace/airflow_tutorial/py_env/lib/python3.12/site-packages/airflow/example_dags/example_branch_python_dop_operator_3.py
[2024-09-01T00:57:12.064+0530] {logging_mixin.py:190} INFO - [2024-09-01T00:57:12.064+0530] {dag.py:3211} INFO - Sync 1 DAGs
[2024-09-01T00:57:12.071+0530] {logging_mixin.py:190} INFO - [2024-09-01T00:57:12.071+0530] {dag.py:4138} INFO - Setting next_dagrun for example_branch_dop_operator_v3 to 2024-08-31 19:26:00+00:00, run_after=2024-08-31 19:27:00+00:00
[2024-09-01T00:57:12.077+0530] {processor.py:208} INFO - Processing /Users/ravipal/Desktop/Workspace/airflow_tutorial/py_env/lib/python3.12/site-packages/airflow/example_dags/example_branch_python_dop_operator_3.py took 0.066 seconds
[2024-09-01T00:59:23.934+0530] {processor.py:186} INFO - Started process (PID=3827) to work on /Users/ravipal/Desktop/Workspace/airflow_tutorial/py_env/lib/python3.12/site-packages/airflow/example_dags/example_branch_python_dop_operator_3.py
[2024-09-01T00:59:23.935+0530] {processor.py:914} INFO - Processing file /Users/ravipal/Desktop/Workspace/airflow_tutorial/py_env/lib/python3.12/site-packages/airflow/example_dags/example_branch_python_dop_operator_3.py for tasks to queue
[2024-09-01T00:59:23.935+0530] {logging_mixin.py:190} INFO - [2024-09-01T00:59:23.935+0530] {dagbag.py:587} INFO - Filling up the DagBag from /Users/ravipal/Desktop/Workspace/airflow_tutorial/py_env/lib/python3.12/site-packages/airflow/example_dags/example_branch_python_dop_operator_3.py
[2024-09-01T00:59:23.951+0530] {processor.py:925} INFO - DAG(s) 'example_branch_dop_operator_v3' retrieved from /Users/ravipal/Desktop/Workspace/airflow_tutorial/py_env/lib/python3.12/site-packages/airflow/example_dags/example_branch_python_dop_operator_3.py
[2024-09-01T00:59:23.984+0530] {logging_mixin.py:190} INFO - [2024-09-01T00:59:23.983+0530] {dag.py:3211} INFO - Sync 1 DAGs
[2024-09-01T00:59:23.991+0530] {logging_mixin.py:190} INFO - [2024-09-01T00:59:23.991+0530] {dag.py:4138} INFO - Setting next_dagrun for example_branch_dop_operator_v3 to 2024-08-31 19:28:00+00:00, run_after=2024-08-31 19:29:00+00:00
[2024-09-01T00:59:23.998+0530] {processor.py:208} INFO - Processing /Users/ravipal/Desktop/Workspace/airflow_tutorial/py_env/lib/python3.12/site-packages/airflow/example_dags/example_branch_python_dop_operator_3.py took 0.065 seconds
[2024-09-01T01:01:31.538+0530] {processor.py:186} INFO - Started process (PID=3954) to work on /Users/ravipal/Desktop/Workspace/airflow_tutorial/py_env/lib/python3.12/site-packages/airflow/example_dags/example_branch_python_dop_operator_3.py
[2024-09-01T01:01:31.539+0530] {processor.py:914} INFO - Processing file /Users/ravipal/Desktop/Workspace/airflow_tutorial/py_env/lib/python3.12/site-packages/airflow/example_dags/example_branch_python_dop_operator_3.py for tasks to queue
[2024-09-01T01:01:31.539+0530] {logging_mixin.py:190} INFO - [2024-09-01T01:01:31.539+0530] {dagbag.py:587} INFO - Filling up the DagBag from /Users/ravipal/Desktop/Workspace/airflow_tutorial/py_env/lib/python3.12/site-packages/airflow/example_dags/example_branch_python_dop_operator_3.py
[2024-09-01T01:01:31.554+0530] {processor.py:925} INFO - DAG(s) 'example_branch_dop_operator_v3' retrieved from /Users/ravipal/Desktop/Workspace/airflow_tutorial/py_env/lib/python3.12/site-packages/airflow/example_dags/example_branch_python_dop_operator_3.py
[2024-09-01T01:01:31.587+0530] {logging_mixin.py:190} INFO - [2024-09-01T01:01:31.587+0530] {dag.py:3211} INFO - Sync 1 DAGs
[2024-09-01T01:01:31.594+0530] {logging_mixin.py:190} INFO - [2024-09-01T01:01:31.594+0530] {dag.py:4138} INFO - Setting next_dagrun for example_branch_dop_operator_v3 to 2024-08-31 19:30:00+00:00, run_after=2024-08-31 19:31:00+00:00
[2024-09-01T01:01:31.600+0530] {processor.py:208} INFO - Processing /Users/ravipal/Desktop/Workspace/airflow_tutorial/py_env/lib/python3.12/site-packages/airflow/example_dags/example_branch_python_dop_operator_3.py took 0.064 seconds
[2024-09-01T01:03:35.815+0530] {processor.py:186} INFO - Started process (PID=4086) to work on /Users/ravipal/Desktop/Workspace/airflow_tutorial/py_env/lib/python3.12/site-packages/airflow/example_dags/example_branch_python_dop_operator_3.py
[2024-09-01T01:03:35.815+0530] {processor.py:914} INFO - Processing file /Users/ravipal/Desktop/Workspace/airflow_tutorial/py_env/lib/python3.12/site-packages/airflow/example_dags/example_branch_python_dop_operator_3.py for tasks to queue
[2024-09-01T01:03:35.816+0530] {logging_mixin.py:190} INFO - [2024-09-01T01:03:35.816+0530] {dagbag.py:587} INFO - Filling up the DagBag from /Users/ravipal/Desktop/Workspace/airflow_tutorial/py_env/lib/python3.12/site-packages/airflow/example_dags/example_branch_python_dop_operator_3.py
[2024-09-01T01:03:35.831+0530] {processor.py:925} INFO - DAG(s) 'example_branch_dop_operator_v3' retrieved from /Users/ravipal/Desktop/Workspace/airflow_tutorial/py_env/lib/python3.12/site-packages/airflow/example_dags/example_branch_python_dop_operator_3.py
[2024-09-01T01:03:35.864+0530] {logging_mixin.py:190} INFO - [2024-09-01T01:03:35.864+0530] {dag.py:3211} INFO - Sync 1 DAGs
[2024-09-01T01:03:35.871+0530] {logging_mixin.py:190} INFO - [2024-09-01T01:03:35.871+0530] {dag.py:4138} INFO - Setting next_dagrun for example_branch_dop_operator_v3 to 2024-08-31 19:32:00+00:00, run_after=2024-08-31 19:33:00+00:00
[2024-09-01T01:03:35.878+0530] {processor.py:208} INFO - Processing /Users/ravipal/Desktop/Workspace/airflow_tutorial/py_env/lib/python3.12/site-packages/airflow/example_dags/example_branch_python_dop_operator_3.py took 0.065 seconds
[2024-09-01T01:05:44.765+0530] {processor.py:186} INFO - Started process (PID=4244) to work on /Users/ravipal/Desktop/Workspace/airflow_tutorial/py_env/lib/python3.12/site-packages/airflow/example_dags/example_branch_python_dop_operator_3.py
[2024-09-01T01:05:44.766+0530] {processor.py:914} INFO - Processing file /Users/ravipal/Desktop/Workspace/airflow_tutorial/py_env/lib/python3.12/site-packages/airflow/example_dags/example_branch_python_dop_operator_3.py for tasks to queue
[2024-09-01T01:05:44.766+0530] {logging_mixin.py:190} INFO - [2024-09-01T01:05:44.766+0530] {dagbag.py:587} INFO - Filling up the DagBag from /Users/ravipal/Desktop/Workspace/airflow_tutorial/py_env/lib/python3.12/site-packages/airflow/example_dags/example_branch_python_dop_operator_3.py
[2024-09-01T01:05:44.783+0530] {processor.py:925} INFO - DAG(s) 'example_branch_dop_operator_v3' retrieved from /Users/ravipal/Desktop/Workspace/airflow_tutorial/py_env/lib/python3.12/site-packages/airflow/example_dags/example_branch_python_dop_operator_3.py
[2024-09-01T01:05:44.817+0530] {logging_mixin.py:190} INFO - [2024-09-01T01:05:44.817+0530] {dag.py:3211} INFO - Sync 1 DAGs
[2024-09-01T01:05:44.824+0530] {logging_mixin.py:190} INFO - [2024-09-01T01:05:44.824+0530] {dag.py:4138} INFO - Setting next_dagrun for example_branch_dop_operator_v3 to 2024-08-31 19:34:00+00:00, run_after=2024-08-31 19:35:00+00:00
[2024-09-01T01:05:44.831+0530] {processor.py:208} INFO - Processing /Users/ravipal/Desktop/Workspace/airflow_tutorial/py_env/lib/python3.12/site-packages/airflow/example_dags/example_branch_python_dop_operator_3.py took 0.069 seconds
[2024-09-01T01:07:56.620+0530] {processor.py:186} INFO - Started process (PID=4378) to work on /Users/ravipal/Desktop/Workspace/airflow_tutorial/py_env/lib/python3.12/site-packages/airflow/example_dags/example_branch_python_dop_operator_3.py
[2024-09-01T01:07:56.620+0530] {processor.py:914} INFO - Processing file /Users/ravipal/Desktop/Workspace/airflow_tutorial/py_env/lib/python3.12/site-packages/airflow/example_dags/example_branch_python_dop_operator_3.py for tasks to queue
[2024-09-01T01:07:56.620+0530] {logging_mixin.py:190} INFO - [2024-09-01T01:07:56.620+0530] {dagbag.py:587} INFO - Filling up the DagBag from /Users/ravipal/Desktop/Workspace/airflow_tutorial/py_env/lib/python3.12/site-packages/airflow/example_dags/example_branch_python_dop_operator_3.py
[2024-09-01T01:07:56.636+0530] {processor.py:925} INFO - DAG(s) 'example_branch_dop_operator_v3' retrieved from /Users/ravipal/Desktop/Workspace/airflow_tutorial/py_env/lib/python3.12/site-packages/airflow/example_dags/example_branch_python_dop_operator_3.py
[2024-09-01T01:07:56.669+0530] {logging_mixin.py:190} INFO - [2024-09-01T01:07:56.669+0530] {dag.py:3211} INFO - Sync 1 DAGs
[2024-09-01T01:07:56.676+0530] {logging_mixin.py:190} INFO - [2024-09-01T01:07:56.676+0530] {dag.py:4138} INFO - Setting next_dagrun for example_branch_dop_operator_v3 to 2024-08-31 19:36:00+00:00, run_after=2024-08-31 19:37:00+00:00
[2024-09-01T01:07:56.683+0530] {processor.py:208} INFO - Processing /Users/ravipal/Desktop/Workspace/airflow_tutorial/py_env/lib/python3.12/site-packages/airflow/example_dags/example_branch_python_dop_operator_3.py took 0.065 seconds
[2024-09-01T01:10:06.109+0530] {processor.py:186} INFO - Started process (PID=4508) to work on /Users/ravipal/Desktop/Workspace/airflow_tutorial/py_env/lib/python3.12/site-packages/airflow/example_dags/example_branch_python_dop_operator_3.py
[2024-09-01T01:10:06.110+0530] {processor.py:914} INFO - Processing file /Users/ravipal/Desktop/Workspace/airflow_tutorial/py_env/lib/python3.12/site-packages/airflow/example_dags/example_branch_python_dop_operator_3.py for tasks to queue
[2024-09-01T01:10:06.110+0530] {logging_mixin.py:190} INFO - [2024-09-01T01:10:06.110+0530] {dagbag.py:587} INFO - Filling up the DagBag from /Users/ravipal/Desktop/Workspace/airflow_tutorial/py_env/lib/python3.12/site-packages/airflow/example_dags/example_branch_python_dop_operator_3.py
[2024-09-01T01:10:06.126+0530] {processor.py:925} INFO - DAG(s) 'example_branch_dop_operator_v3' retrieved from /Users/ravipal/Desktop/Workspace/airflow_tutorial/py_env/lib/python3.12/site-packages/airflow/example_dags/example_branch_python_dop_operator_3.py
[2024-09-01T01:10:06.159+0530] {logging_mixin.py:190} INFO - [2024-09-01T01:10:06.159+0530] {dag.py:3211} INFO - Sync 1 DAGs
[2024-09-01T01:10:06.166+0530] {logging_mixin.py:190} INFO - [2024-09-01T01:10:06.166+0530] {dag.py:4138} INFO - Setting next_dagrun for example_branch_dop_operator_v3 to 2024-08-31 19:39:00+00:00, run_after=2024-08-31 19:40:00+00:00
[2024-09-01T01:10:06.173+0530] {processor.py:208} INFO - Processing /Users/ravipal/Desktop/Workspace/airflow_tutorial/py_env/lib/python3.12/site-packages/airflow/example_dags/example_branch_python_dop_operator_3.py took 0.066 seconds
[2024-09-01T01:12:12.481+0530] {processor.py:186} INFO - Started process (PID=4636) to work on /Users/ravipal/Desktop/Workspace/airflow_tutorial/py_env/lib/python3.12/site-packages/airflow/example_dags/example_branch_python_dop_operator_3.py
[2024-09-01T01:12:12.482+0530] {processor.py:914} INFO - Processing file /Users/ravipal/Desktop/Workspace/airflow_tutorial/py_env/lib/python3.12/site-packages/airflow/example_dags/example_branch_python_dop_operator_3.py for tasks to queue
[2024-09-01T01:12:12.482+0530] {logging_mixin.py:190} INFO - [2024-09-01T01:12:12.482+0530] {dagbag.py:587} INFO - Filling up the DagBag from /Users/ravipal/Desktop/Workspace/airflow_tutorial/py_env/lib/python3.12/site-packages/airflow/example_dags/example_branch_python_dop_operator_3.py
[2024-09-01T01:12:12.496+0530] {processor.py:925} INFO - DAG(s) 'example_branch_dop_operator_v3' retrieved from /Users/ravipal/Desktop/Workspace/airflow_tutorial/py_env/lib/python3.12/site-packages/airflow/example_dags/example_branch_python_dop_operator_3.py
[2024-09-01T01:12:12.528+0530] {logging_mixin.py:190} INFO - [2024-09-01T01:12:12.528+0530] {dag.py:3211} INFO - Sync 1 DAGs
[2024-09-01T01:12:12.535+0530] {logging_mixin.py:190} INFO - [2024-09-01T01:12:12.535+0530] {dag.py:4138} INFO - Setting next_dagrun for example_branch_dop_operator_v3 to 2024-08-31 19:41:00+00:00, run_after=2024-08-31 19:42:00+00:00
[2024-09-01T01:12:12.542+0530] {processor.py:208} INFO - Processing /Users/ravipal/Desktop/Workspace/airflow_tutorial/py_env/lib/python3.12/site-packages/airflow/example_dags/example_branch_python_dop_operator_3.py took 0.062 seconds
[2024-09-01T01:14:20.892+0530] {processor.py:186} INFO - Started process (PID=4765) to work on /Users/ravipal/Desktop/Workspace/airflow_tutorial/py_env/lib/python3.12/site-packages/airflow/example_dags/example_branch_python_dop_operator_3.py
[2024-09-01T01:14:20.892+0530] {processor.py:914} INFO - Processing file /Users/ravipal/Desktop/Workspace/airflow_tutorial/py_env/lib/python3.12/site-packages/airflow/example_dags/example_branch_python_dop_operator_3.py for tasks to queue
[2024-09-01T01:14:20.892+0530] {logging_mixin.py:190} INFO - [2024-09-01T01:14:20.892+0530] {dagbag.py:587} INFO - Filling up the DagBag from /Users/ravipal/Desktop/Workspace/airflow_tutorial/py_env/lib/python3.12/site-packages/airflow/example_dags/example_branch_python_dop_operator_3.py
[2024-09-01T01:14:20.909+0530] {processor.py:925} INFO - DAG(s) 'example_branch_dop_operator_v3' retrieved from /Users/ravipal/Desktop/Workspace/airflow_tutorial/py_env/lib/python3.12/site-packages/airflow/example_dags/example_branch_python_dop_operator_3.py
[2024-09-01T01:14:20.941+0530] {logging_mixin.py:190} INFO - [2024-09-01T01:14:20.941+0530] {dag.py:3211} INFO - Sync 1 DAGs
[2024-09-01T01:14:20.949+0530] {logging_mixin.py:190} INFO - [2024-09-01T01:14:20.949+0530] {dag.py:4138} INFO - Setting next_dagrun for example_branch_dop_operator_v3 to 2024-08-31 19:43:00+00:00, run_after=2024-08-31 19:44:00+00:00
[2024-09-01T01:14:20.956+0530] {processor.py:208} INFO - Processing /Users/ravipal/Desktop/Workspace/airflow_tutorial/py_env/lib/python3.12/site-packages/airflow/example_dags/example_branch_python_dop_operator_3.py took 0.066 seconds
[2024-09-01T01:16:32.157+0530] {processor.py:186} INFO - Started process (PID=4896) to work on /Users/ravipal/Desktop/Workspace/airflow_tutorial/py_env/lib/python3.12/site-packages/airflow/example_dags/example_branch_python_dop_operator_3.py
[2024-09-01T01:16:32.158+0530] {processor.py:914} INFO - Processing file /Users/ravipal/Desktop/Workspace/airflow_tutorial/py_env/lib/python3.12/site-packages/airflow/example_dags/example_branch_python_dop_operator_3.py for tasks to queue
[2024-09-01T01:16:32.158+0530] {logging_mixin.py:190} INFO - [2024-09-01T01:16:32.158+0530] {dagbag.py:587} INFO - Filling up the DagBag from /Users/ravipal/Desktop/Workspace/airflow_tutorial/py_env/lib/python3.12/site-packages/airflow/example_dags/example_branch_python_dop_operator_3.py
[2024-09-01T01:16:32.174+0530] {processor.py:925} INFO - DAG(s) 'example_branch_dop_operator_v3' retrieved from /Users/ravipal/Desktop/Workspace/airflow_tutorial/py_env/lib/python3.12/site-packages/airflow/example_dags/example_branch_python_dop_operator_3.py
[2024-09-01T01:16:32.208+0530] {logging_mixin.py:190} INFO - [2024-09-01T01:16:32.208+0530] {dag.py:3211} INFO - Sync 1 DAGs
[2024-09-01T01:16:32.215+0530] {logging_mixin.py:190} INFO - [2024-09-01T01:16:32.215+0530] {dag.py:4138} INFO - Setting next_dagrun for example_branch_dop_operator_v3 to 2024-08-31 19:45:00+00:00, run_after=2024-08-31 19:46:00+00:00
[2024-09-01T01:16:32.222+0530] {processor.py:208} INFO - Processing /Users/ravipal/Desktop/Workspace/airflow_tutorial/py_env/lib/python3.12/site-packages/airflow/example_dags/example_branch_python_dop_operator_3.py took 0.067 seconds
[2024-09-01T01:18:43.036+0530] {processor.py:186} INFO - Started process (PID=5027) to work on /Users/ravipal/Desktop/Workspace/airflow_tutorial/py_env/lib/python3.12/site-packages/airflow/example_dags/example_branch_python_dop_operator_3.py
[2024-09-01T01:18:43.037+0530] {processor.py:914} INFO - Processing file /Users/ravipal/Desktop/Workspace/airflow_tutorial/py_env/lib/python3.12/site-packages/airflow/example_dags/example_branch_python_dop_operator_3.py for tasks to queue
[2024-09-01T01:18:43.037+0530] {logging_mixin.py:190} INFO - [2024-09-01T01:18:43.037+0530] {dagbag.py:587} INFO - Filling up the DagBag from /Users/ravipal/Desktop/Workspace/airflow_tutorial/py_env/lib/python3.12/site-packages/airflow/example_dags/example_branch_python_dop_operator_3.py
[2024-09-01T01:18:43.053+0530] {processor.py:925} INFO - DAG(s) 'example_branch_dop_operator_v3' retrieved from /Users/ravipal/Desktop/Workspace/airflow_tutorial/py_env/lib/python3.12/site-packages/airflow/example_dags/example_branch_python_dop_operator_3.py
[2024-09-01T01:18:43.087+0530] {logging_mixin.py:190} INFO - [2024-09-01T01:18:43.087+0530] {dag.py:3211} INFO - Sync 1 DAGs
[2024-09-01T01:18:43.096+0530] {logging_mixin.py:190} INFO - [2024-09-01T01:18:43.095+0530] {dag.py:4138} INFO - Setting next_dagrun for example_branch_dop_operator_v3 to 2024-08-31 19:47:00+00:00, run_after=2024-08-31 19:48:00+00:00
[2024-09-01T01:18:43.103+0530] {processor.py:208} INFO - Processing /Users/ravipal/Desktop/Workspace/airflow_tutorial/py_env/lib/python3.12/site-packages/airflow/example_dags/example_branch_python_dop_operator_3.py took 0.069 seconds
