[2024-09-01T00:23:57.936+0530] {processor.py:186} INFO - Started process (PID=1483) to work on /Users/ravipal/Desktop/Workspace/airflow_tutorial/py_env/lib/python3.12/site-packages/airflow/example_dags/example_dataset_alias.py
[2024-09-01T00:23:57.936+0530] {processor.py:914} INFO - Processing file /Users/ravipal/Desktop/Workspace/airflow_tutorial/py_env/lib/python3.12/site-packages/airflow/example_dags/example_dataset_alias.py for tasks to queue
[2024-09-01T00:23:57.937+0530] {logging_mixin.py:190} INFO - [2024-09-01T00:23:57.937+0530] {dagbag.py:587} INFO - Filling up the DagBag from /Users/ravipal/Desktop/Workspace/airflow_tutorial/py_env/lib/python3.12/site-packages/airflow/example_dags/example_dataset_alias.py
[2024-09-01T00:23:57.992+0530] {processor.py:925} INFO - DAG(s) 'dataset_alias_example_alias_consumer', 'dataset_s3_bucket_producer', 'dataset_s3_bucket_consumer', 'dataset_alias_example_alias_producer' retrieved from /Users/ravipal/Desktop/Workspace/airflow_tutorial/py_env/lib/python3.12/site-packages/airflow/example_dags/example_dataset_alias.py
[2024-09-01T00:23:58.054+0530] {logging_mixin.py:190} INFO - [2024-09-01T00:23:58.054+0530] {override.py:1858} INFO - Created Permission View: can read on DAG:dataset_alias_example_alias_consumer
[2024-09-01T00:23:58.057+0530] {logging_mixin.py:190} INFO - [2024-09-01T00:23:58.057+0530] {override.py:1858} INFO - Created Permission View: can edit on DAG:dataset_alias_example_alias_consumer
[2024-09-01T00:23:58.059+0530] {logging_mixin.py:190} INFO - [2024-09-01T00:23:58.059+0530] {override.py:1858} INFO - Created Permission View: can delete on DAG:dataset_alias_example_alias_consumer
[2024-09-01T00:23:58.063+0530] {logging_mixin.py:190} INFO - [2024-09-01T00:23:58.063+0530] {override.py:1858} INFO - Created Permission View: can read on DAG:dataset_s3_bucket_producer
[2024-09-01T00:23:58.065+0530] {logging_mixin.py:190} INFO - [2024-09-01T00:23:58.065+0530] {override.py:1858} INFO - Created Permission View: can edit on DAG:dataset_s3_bucket_producer
[2024-09-01T00:23:58.067+0530] {logging_mixin.py:190} INFO - [2024-09-01T00:23:58.067+0530] {override.py:1858} INFO - Created Permission View: can delete on DAG:dataset_s3_bucket_producer
[2024-09-01T00:23:58.071+0530] {logging_mixin.py:190} INFO - [2024-09-01T00:23:58.071+0530] {override.py:1858} INFO - Created Permission View: can read on DAG:dataset_s3_bucket_consumer
[2024-09-01T00:23:58.073+0530] {logging_mixin.py:190} INFO - [2024-09-01T00:23:58.072+0530] {override.py:1858} INFO - Created Permission View: can edit on DAG:dataset_s3_bucket_consumer
[2024-09-01T00:23:58.074+0530] {logging_mixin.py:190} INFO - [2024-09-01T00:23:58.074+0530] {override.py:1858} INFO - Created Permission View: can delete on DAG:dataset_s3_bucket_consumer
[2024-09-01T00:23:58.079+0530] {logging_mixin.py:190} INFO - [2024-09-01T00:23:58.079+0530] {override.py:1858} INFO - Created Permission View: can read on DAG:dataset_alias_example_alias_producer
[2024-09-01T00:23:58.081+0530] {logging_mixin.py:190} INFO - [2024-09-01T00:23:58.081+0530] {override.py:1858} INFO - Created Permission View: can edit on DAG:dataset_alias_example_alias_producer
[2024-09-01T00:23:58.083+0530] {logging_mixin.py:190} INFO - [2024-09-01T00:23:58.082+0530] {override.py:1858} INFO - Created Permission View: can delete on DAG:dataset_alias_example_alias_producer
[2024-09-01T00:23:58.083+0530] {logging_mixin.py:190} INFO - [2024-09-01T00:23:58.083+0530] {dag.py:3211} INFO - Sync 4 DAGs
[2024-09-01T00:23:58.087+0530] {logging_mixin.py:190} INFO - [2024-09-01T00:23:58.087+0530] {dag.py:3234} INFO - Creating ORM DAG for dataset_s3_bucket_producer
[2024-09-01T00:23:58.087+0530] {logging_mixin.py:190} INFO - [2024-09-01T00:23:58.087+0530] {dag.py:3234} INFO - Creating ORM DAG for dataset_alias_example_alias_producer
[2024-09-01T00:23:58.087+0530] {logging_mixin.py:190} INFO - [2024-09-01T00:23:58.087+0530] {dag.py:3234} INFO - Creating ORM DAG for dataset_alias_example_alias_consumer
[2024-09-01T00:23:58.087+0530] {logging_mixin.py:190} INFO - [2024-09-01T00:23:58.087+0530] {dag.py:3234} INFO - Creating ORM DAG for dataset_s3_bucket_consumer
[2024-09-01T00:23:58.090+0530] {logging_mixin.py:190} INFO - [2024-09-01T00:23:58.090+0530] {dag.py:4138} INFO - Setting next_dagrun for dataset_alias_example_alias_consumer to None, run_after=None
[2024-09-01T00:23:58.090+0530] {logging_mixin.py:190} INFO - [2024-09-01T00:23:58.090+0530] {dag.py:4138} INFO - Setting next_dagrun for dataset_alias_example_alias_producer to None, run_after=None
[2024-09-01T00:23:58.090+0530] {logging_mixin.py:190} INFO - [2024-09-01T00:23:58.090+0530] {dag.py:4138} INFO - Setting next_dagrun for dataset_s3_bucket_consumer to None, run_after=None
[2024-09-01T00:23:58.090+0530] {logging_mixin.py:190} INFO - [2024-09-01T00:23:58.090+0530] {dag.py:4138} INFO - Setting next_dagrun for dataset_s3_bucket_producer to None, run_after=None
[2024-09-01T00:23:58.095+0530] {logging_mixin.py:190} INFO - [2024-09-01T00:23:58.095+0530] {workday.py:41} WARNING - Could not import pandas. Holidays will not be considered.
[2024-09-01T00:23:58.101+0530] {processor.py:208} INFO - Processing /Users/ravipal/Desktop/Workspace/airflow_tutorial/py_env/lib/python3.12/site-packages/airflow/example_dags/example_dataset_alias.py took 0.167 seconds
[2024-09-01T00:26:12.692+0530] {processor.py:186} INFO - Started process (PID=1620) to work on /Users/ravipal/Desktop/Workspace/airflow_tutorial/py_env/lib/python3.12/site-packages/airflow/example_dags/example_dataset_alias.py
[2024-09-01T00:26:12.693+0530] {processor.py:914} INFO - Processing file /Users/ravipal/Desktop/Workspace/airflow_tutorial/py_env/lib/python3.12/site-packages/airflow/example_dags/example_dataset_alias.py for tasks to queue
[2024-09-01T00:26:12.693+0530] {logging_mixin.py:190} INFO - [2024-09-01T00:26:12.693+0530] {dagbag.py:587} INFO - Filling up the DagBag from /Users/ravipal/Desktop/Workspace/airflow_tutorial/py_env/lib/python3.12/site-packages/airflow/example_dags/example_dataset_alias.py
[2024-09-01T00:26:12.754+0530] {processor.py:925} INFO - DAG(s) 'dataset_s3_bucket_producer', 'dataset_alias_example_alias_producer', 'dataset_alias_example_alias_consumer', 'dataset_s3_bucket_consumer' retrieved from /Users/ravipal/Desktop/Workspace/airflow_tutorial/py_env/lib/python3.12/site-packages/airflow/example_dags/example_dataset_alias.py
[2024-09-01T00:26:12.763+0530] {logging_mixin.py:190} INFO - [2024-09-01T00:26:12.763+0530] {dag.py:3211} INFO - Sync 4 DAGs
[2024-09-01T00:26:12.770+0530] {logging_mixin.py:190} INFO - [2024-09-01T00:26:12.770+0530] {dag.py:4138} INFO - Setting next_dagrun for dataset_alias_example_alias_consumer to None, run_after=None
[2024-09-01T00:26:12.771+0530] {logging_mixin.py:190} INFO - [2024-09-01T00:26:12.771+0530] {dag.py:4138} INFO - Setting next_dagrun for dataset_alias_example_alias_producer to None, run_after=None
[2024-09-01T00:26:12.771+0530] {logging_mixin.py:190} INFO - [2024-09-01T00:26:12.771+0530] {dag.py:4138} INFO - Setting next_dagrun for dataset_s3_bucket_consumer to None, run_after=None
[2024-09-01T00:26:12.771+0530] {logging_mixin.py:190} INFO - [2024-09-01T00:26:12.771+0530] {dag.py:4138} INFO - Setting next_dagrun for dataset_s3_bucket_producer to None, run_after=None
[2024-09-01T00:26:12.779+0530] {processor.py:208} INFO - Processing /Users/ravipal/Desktop/Workspace/airflow_tutorial/py_env/lib/python3.12/site-packages/airflow/example_dags/example_dataset_alias.py took 0.089 seconds
[2024-09-01T00:28:32.456+0530] {processor.py:186} INFO - Started process (PID=1950) to work on /Users/ravipal/Desktop/Workspace/airflow_tutorial/py_env/lib/python3.12/site-packages/airflow/example_dags/example_dataset_alias.py
[2024-09-01T00:28:32.457+0530] {processor.py:914} INFO - Processing file /Users/ravipal/Desktop/Workspace/airflow_tutorial/py_env/lib/python3.12/site-packages/airflow/example_dags/example_dataset_alias.py for tasks to queue
[2024-09-01T00:28:32.457+0530] {logging_mixin.py:190} INFO - [2024-09-01T00:28:32.457+0530] {dagbag.py:587} INFO - Filling up the DagBag from /Users/ravipal/Desktop/Workspace/airflow_tutorial/py_env/lib/python3.12/site-packages/airflow/example_dags/example_dataset_alias.py
[2024-09-01T00:28:32.517+0530] {processor.py:925} INFO - DAG(s) 'dataset_alias_example_alias_producer', 'dataset_s3_bucket_producer', 'dataset_alias_example_alias_consumer', 'dataset_s3_bucket_consumer' retrieved from /Users/ravipal/Desktop/Workspace/airflow_tutorial/py_env/lib/python3.12/site-packages/airflow/example_dags/example_dataset_alias.py
[2024-09-01T00:28:32.525+0530] {logging_mixin.py:190} INFO - [2024-09-01T00:28:32.525+0530] {dag.py:3211} INFO - Sync 4 DAGs
[2024-09-01T00:28:32.531+0530] {logging_mixin.py:190} INFO - [2024-09-01T00:28:32.531+0530] {dag.py:4138} INFO - Setting next_dagrun for dataset_alias_example_alias_consumer to None, run_after=None
[2024-09-01T00:28:32.532+0530] {logging_mixin.py:190} INFO - [2024-09-01T00:28:32.532+0530] {dag.py:4138} INFO - Setting next_dagrun for dataset_alias_example_alias_producer to None, run_after=None
[2024-09-01T00:28:32.532+0530] {logging_mixin.py:190} INFO - [2024-09-01T00:28:32.532+0530] {dag.py:4138} INFO - Setting next_dagrun for dataset_s3_bucket_consumer to None, run_after=None
[2024-09-01T00:28:32.533+0530] {logging_mixin.py:190} INFO - [2024-09-01T00:28:32.533+0530] {dag.py:4138} INFO - Setting next_dagrun for dataset_s3_bucket_producer to None, run_after=None
[2024-09-01T00:28:32.540+0530] {processor.py:208} INFO - Processing /Users/ravipal/Desktop/Workspace/airflow_tutorial/py_env/lib/python3.12/site-packages/airflow/example_dags/example_dataset_alias.py took 0.087 seconds
[2024-09-01T00:30:38.872+0530] {processor.py:186} INFO - Started process (PID=2080) to work on /Users/ravipal/Desktop/Workspace/airflow_tutorial/py_env/lib/python3.12/site-packages/airflow/example_dags/example_dataset_alias.py
[2024-09-01T00:30:38.872+0530] {processor.py:914} INFO - Processing file /Users/ravipal/Desktop/Workspace/airflow_tutorial/py_env/lib/python3.12/site-packages/airflow/example_dags/example_dataset_alias.py for tasks to queue
[2024-09-01T00:30:38.873+0530] {logging_mixin.py:190} INFO - [2024-09-01T00:30:38.873+0530] {dagbag.py:587} INFO - Filling up the DagBag from /Users/ravipal/Desktop/Workspace/airflow_tutorial/py_env/lib/python3.12/site-packages/airflow/example_dags/example_dataset_alias.py
[2024-09-01T00:30:38.928+0530] {processor.py:925} INFO - DAG(s) 'dataset_s3_bucket_consumer', 'dataset_alias_example_alias_consumer', 'dataset_s3_bucket_producer', 'dataset_alias_example_alias_producer' retrieved from /Users/ravipal/Desktop/Workspace/airflow_tutorial/py_env/lib/python3.12/site-packages/airflow/example_dags/example_dataset_alias.py
[2024-09-01T00:30:38.937+0530] {logging_mixin.py:190} INFO - [2024-09-01T00:30:38.937+0530] {dag.py:3211} INFO - Sync 4 DAGs
[2024-09-01T00:30:38.943+0530] {logging_mixin.py:190} INFO - [2024-09-01T00:30:38.943+0530] {dag.py:4138} INFO - Setting next_dagrun for dataset_alias_example_alias_consumer to None, run_after=None
[2024-09-01T00:30:38.943+0530] {logging_mixin.py:190} INFO - [2024-09-01T00:30:38.943+0530] {dag.py:4138} INFO - Setting next_dagrun for dataset_alias_example_alias_producer to None, run_after=None
[2024-09-01T00:30:38.944+0530] {logging_mixin.py:190} INFO - [2024-09-01T00:30:38.944+0530] {dag.py:4138} INFO - Setting next_dagrun for dataset_s3_bucket_consumer to None, run_after=None
[2024-09-01T00:30:38.944+0530] {logging_mixin.py:190} INFO - [2024-09-01T00:30:38.944+0530] {dag.py:4138} INFO - Setting next_dagrun for dataset_s3_bucket_producer to None, run_after=None
[2024-09-01T00:30:38.951+0530] {processor.py:208} INFO - Processing /Users/ravipal/Desktop/Workspace/airflow_tutorial/py_env/lib/python3.12/site-packages/airflow/example_dags/example_dataset_alias.py took 0.081 seconds
[2024-09-01T00:32:53.153+0530] {processor.py:186} INFO - Started process (PID=2213) to work on /Users/ravipal/Desktop/Workspace/airflow_tutorial/py_env/lib/python3.12/site-packages/airflow/example_dags/example_dataset_alias.py
[2024-09-01T00:32:53.153+0530] {processor.py:914} INFO - Processing file /Users/ravipal/Desktop/Workspace/airflow_tutorial/py_env/lib/python3.12/site-packages/airflow/example_dags/example_dataset_alias.py for tasks to queue
[2024-09-01T00:32:53.154+0530] {logging_mixin.py:190} INFO - [2024-09-01T00:32:53.154+0530] {dagbag.py:587} INFO - Filling up the DagBag from /Users/ravipal/Desktop/Workspace/airflow_tutorial/py_env/lib/python3.12/site-packages/airflow/example_dags/example_dataset_alias.py
[2024-09-01T00:32:53.209+0530] {processor.py:925} INFO - DAG(s) 'dataset_s3_bucket_producer', 'dataset_s3_bucket_consumer', 'dataset_alias_example_alias_producer', 'dataset_alias_example_alias_consumer' retrieved from /Users/ravipal/Desktop/Workspace/airflow_tutorial/py_env/lib/python3.12/site-packages/airflow/example_dags/example_dataset_alias.py
[2024-09-01T00:32:53.218+0530] {logging_mixin.py:190} INFO - [2024-09-01T00:32:53.218+0530] {dag.py:3211} INFO - Sync 4 DAGs
[2024-09-01T00:32:53.224+0530] {logging_mixin.py:190} INFO - [2024-09-01T00:32:53.224+0530] {dag.py:4138} INFO - Setting next_dagrun for dataset_alias_example_alias_consumer to None, run_after=None
[2024-09-01T00:32:53.225+0530] {logging_mixin.py:190} INFO - [2024-09-01T00:32:53.225+0530] {dag.py:4138} INFO - Setting next_dagrun for dataset_alias_example_alias_producer to None, run_after=None
[2024-09-01T00:32:53.225+0530] {logging_mixin.py:190} INFO - [2024-09-01T00:32:53.225+0530] {dag.py:4138} INFO - Setting next_dagrun for dataset_s3_bucket_consumer to None, run_after=None
[2024-09-01T00:32:53.226+0530] {logging_mixin.py:190} INFO - [2024-09-01T00:32:53.226+0530] {dag.py:4138} INFO - Setting next_dagrun for dataset_s3_bucket_producer to None, run_after=None
[2024-09-01T00:32:53.233+0530] {processor.py:208} INFO - Processing /Users/ravipal/Desktop/Workspace/airflow_tutorial/py_env/lib/python3.12/site-packages/airflow/example_dags/example_dataset_alias.py took 0.083 seconds
[2024-09-01T00:35:10.616+0530] {processor.py:186} INFO - Started process (PID=2348) to work on /Users/ravipal/Desktop/Workspace/airflow_tutorial/py_env/lib/python3.12/site-packages/airflow/example_dags/example_dataset_alias.py
[2024-09-01T00:35:10.616+0530] {processor.py:914} INFO - Processing file /Users/ravipal/Desktop/Workspace/airflow_tutorial/py_env/lib/python3.12/site-packages/airflow/example_dags/example_dataset_alias.py for tasks to queue
[2024-09-01T00:35:10.616+0530] {logging_mixin.py:190} INFO - [2024-09-01T00:35:10.616+0530] {dagbag.py:587} INFO - Filling up the DagBag from /Users/ravipal/Desktop/Workspace/airflow_tutorial/py_env/lib/python3.12/site-packages/airflow/example_dags/example_dataset_alias.py
[2024-09-01T00:35:10.673+0530] {processor.py:925} INFO - DAG(s) 'dataset_s3_bucket_producer', 'dataset_alias_example_alias_consumer', 'dataset_s3_bucket_consumer', 'dataset_alias_example_alias_producer' retrieved from /Users/ravipal/Desktop/Workspace/airflow_tutorial/py_env/lib/python3.12/site-packages/airflow/example_dags/example_dataset_alias.py
[2024-09-01T00:35:10.682+0530] {logging_mixin.py:190} INFO - [2024-09-01T00:35:10.682+0530] {dag.py:3211} INFO - Sync 4 DAGs
[2024-09-01T00:35:10.688+0530] {logging_mixin.py:190} INFO - [2024-09-01T00:35:10.688+0530] {dag.py:4138} INFO - Setting next_dagrun for dataset_alias_example_alias_consumer to None, run_after=None
[2024-09-01T00:35:10.689+0530] {logging_mixin.py:190} INFO - [2024-09-01T00:35:10.689+0530] {dag.py:4138} INFO - Setting next_dagrun for dataset_alias_example_alias_producer to None, run_after=None
[2024-09-01T00:35:10.689+0530] {logging_mixin.py:190} INFO - [2024-09-01T00:35:10.689+0530] {dag.py:4138} INFO - Setting next_dagrun for dataset_s3_bucket_consumer to None, run_after=None
[2024-09-01T00:35:10.689+0530] {logging_mixin.py:190} INFO - [2024-09-01T00:35:10.689+0530] {dag.py:4138} INFO - Setting next_dagrun for dataset_s3_bucket_producer to None, run_after=None
[2024-09-01T00:35:10.696+0530] {processor.py:208} INFO - Processing /Users/ravipal/Desktop/Workspace/airflow_tutorial/py_env/lib/python3.12/site-packages/airflow/example_dags/example_dataset_alias.py took 0.083 seconds
[2024-09-01T00:37:24.753+0530] {processor.py:186} INFO - Started process (PID=2483) to work on /Users/ravipal/Desktop/Workspace/airflow_tutorial/py_env/lib/python3.12/site-packages/airflow/example_dags/example_dataset_alias.py
[2024-09-01T00:37:24.753+0530] {processor.py:914} INFO - Processing file /Users/ravipal/Desktop/Workspace/airflow_tutorial/py_env/lib/python3.12/site-packages/airflow/example_dags/example_dataset_alias.py for tasks to queue
[2024-09-01T00:37:24.754+0530] {logging_mixin.py:190} INFO - [2024-09-01T00:37:24.754+0530] {dagbag.py:587} INFO - Filling up the DagBag from /Users/ravipal/Desktop/Workspace/airflow_tutorial/py_env/lib/python3.12/site-packages/airflow/example_dags/example_dataset_alias.py
[2024-09-01T00:37:24.810+0530] {processor.py:925} INFO - DAG(s) 'dataset_alias_example_alias_consumer', 'dataset_alias_example_alias_producer', 'dataset_s3_bucket_consumer', 'dataset_s3_bucket_producer' retrieved from /Users/ravipal/Desktop/Workspace/airflow_tutorial/py_env/lib/python3.12/site-packages/airflow/example_dags/example_dataset_alias.py
[2024-09-01T00:37:24.819+0530] {logging_mixin.py:190} INFO - [2024-09-01T00:37:24.818+0530] {dag.py:3211} INFO - Sync 4 DAGs
[2024-09-01T00:37:24.824+0530] {logging_mixin.py:190} INFO - [2024-09-01T00:37:24.824+0530] {dag.py:4138} INFO - Setting next_dagrun for dataset_alias_example_alias_consumer to None, run_after=None
[2024-09-01T00:37:24.825+0530] {logging_mixin.py:190} INFO - [2024-09-01T00:37:24.825+0530] {dag.py:4138} INFO - Setting next_dagrun for dataset_alias_example_alias_producer to None, run_after=None
[2024-09-01T00:37:24.825+0530] {logging_mixin.py:190} INFO - [2024-09-01T00:37:24.825+0530] {dag.py:4138} INFO - Setting next_dagrun for dataset_s3_bucket_consumer to None, run_after=None
[2024-09-01T00:37:24.826+0530] {logging_mixin.py:190} INFO - [2024-09-01T00:37:24.826+0530] {dag.py:4138} INFO - Setting next_dagrun for dataset_s3_bucket_producer to None, run_after=None
[2024-09-01T00:37:24.833+0530] {processor.py:208} INFO - Processing /Users/ravipal/Desktop/Workspace/airflow_tutorial/py_env/lib/python3.12/site-packages/airflow/example_dags/example_dataset_alias.py took 0.082 seconds
[2024-09-01T00:39:29.838+0530] {processor.py:186} INFO - Started process (PID=2610) to work on /Users/ravipal/Desktop/Workspace/airflow_tutorial/py_env/lib/python3.12/site-packages/airflow/example_dags/example_dataset_alias.py
[2024-09-01T00:39:29.838+0530] {processor.py:914} INFO - Processing file /Users/ravipal/Desktop/Workspace/airflow_tutorial/py_env/lib/python3.12/site-packages/airflow/example_dags/example_dataset_alias.py for tasks to queue
[2024-09-01T00:39:29.839+0530] {logging_mixin.py:190} INFO - [2024-09-01T00:39:29.838+0530] {dagbag.py:587} INFO - Filling up the DagBag from /Users/ravipal/Desktop/Workspace/airflow_tutorial/py_env/lib/python3.12/site-packages/airflow/example_dags/example_dataset_alias.py
[2024-09-01T00:39:29.895+0530] {processor.py:925} INFO - DAG(s) 'dataset_s3_bucket_producer', 'dataset_s3_bucket_consumer', 'dataset_alias_example_alias_producer', 'dataset_alias_example_alias_consumer' retrieved from /Users/ravipal/Desktop/Workspace/airflow_tutorial/py_env/lib/python3.12/site-packages/airflow/example_dags/example_dataset_alias.py
[2024-09-01T00:39:29.904+0530] {logging_mixin.py:190} INFO - [2024-09-01T00:39:29.903+0530] {dag.py:3211} INFO - Sync 4 DAGs
[2024-09-01T00:39:29.910+0530] {logging_mixin.py:190} INFO - [2024-09-01T00:39:29.909+0530] {dag.py:4138} INFO - Setting next_dagrun for dataset_alias_example_alias_consumer to None, run_after=None
[2024-09-01T00:39:29.910+0530] {logging_mixin.py:190} INFO - [2024-09-01T00:39:29.910+0530] {dag.py:4138} INFO - Setting next_dagrun for dataset_alias_example_alias_producer to None, run_after=None
[2024-09-01T00:39:29.911+0530] {logging_mixin.py:190} INFO - [2024-09-01T00:39:29.910+0530] {dag.py:4138} INFO - Setting next_dagrun for dataset_s3_bucket_consumer to None, run_after=None
[2024-09-01T00:39:29.911+0530] {logging_mixin.py:190} INFO - [2024-09-01T00:39:29.911+0530] {dag.py:4138} INFO - Setting next_dagrun for dataset_s3_bucket_producer to None, run_after=None
[2024-09-01T00:39:29.918+0530] {processor.py:208} INFO - Processing /Users/ravipal/Desktop/Workspace/airflow_tutorial/py_env/lib/python3.12/site-packages/airflow/example_dags/example_dataset_alias.py took 0.083 seconds
[2024-09-01T00:41:41.470+0530] {processor.py:186} INFO - Started process (PID=2742) to work on /Users/ravipal/Desktop/Workspace/airflow_tutorial/py_env/lib/python3.12/site-packages/airflow/example_dags/example_dataset_alias.py
[2024-09-01T00:41:41.471+0530] {processor.py:914} INFO - Processing file /Users/ravipal/Desktop/Workspace/airflow_tutorial/py_env/lib/python3.12/site-packages/airflow/example_dags/example_dataset_alias.py for tasks to queue
[2024-09-01T00:41:41.471+0530] {logging_mixin.py:190} INFO - [2024-09-01T00:41:41.471+0530] {dagbag.py:587} INFO - Filling up the DagBag from /Users/ravipal/Desktop/Workspace/airflow_tutorial/py_env/lib/python3.12/site-packages/airflow/example_dags/example_dataset_alias.py
[2024-09-01T00:41:41.527+0530] {processor.py:925} INFO - DAG(s) 'dataset_alias_example_alias_consumer', 'dataset_alias_example_alias_producer', 'dataset_s3_bucket_consumer', 'dataset_s3_bucket_producer' retrieved from /Users/ravipal/Desktop/Workspace/airflow_tutorial/py_env/lib/python3.12/site-packages/airflow/example_dags/example_dataset_alias.py
[2024-09-01T00:41:41.536+0530] {logging_mixin.py:190} INFO - [2024-09-01T00:41:41.536+0530] {dag.py:3211} INFO - Sync 4 DAGs
[2024-09-01T00:41:41.542+0530] {logging_mixin.py:190} INFO - [2024-09-01T00:41:41.542+0530] {dag.py:4138} INFO - Setting next_dagrun for dataset_alias_example_alias_consumer to None, run_after=None
[2024-09-01T00:41:41.543+0530] {logging_mixin.py:190} INFO - [2024-09-01T00:41:41.543+0530] {dag.py:4138} INFO - Setting next_dagrun for dataset_alias_example_alias_producer to None, run_after=None
[2024-09-01T00:41:41.543+0530] {logging_mixin.py:190} INFO - [2024-09-01T00:41:41.543+0530] {dag.py:4138} INFO - Setting next_dagrun for dataset_s3_bucket_consumer to None, run_after=None
[2024-09-01T00:41:41.543+0530] {logging_mixin.py:190} INFO - [2024-09-01T00:41:41.543+0530] {dag.py:4138} INFO - Setting next_dagrun for dataset_s3_bucket_producer to None, run_after=None
[2024-09-01T00:41:41.551+0530] {processor.py:208} INFO - Processing /Users/ravipal/Desktop/Workspace/airflow_tutorial/py_env/lib/python3.12/site-packages/airflow/example_dags/example_dataset_alias.py took 0.082 seconds
[2024-09-01T00:43:54.924+0530] {processor.py:186} INFO - Started process (PID=2873) to work on /Users/ravipal/Desktop/Workspace/airflow_tutorial/py_env/lib/python3.12/site-packages/airflow/example_dags/example_dataset_alias.py
[2024-09-01T00:43:54.925+0530] {processor.py:914} INFO - Processing file /Users/ravipal/Desktop/Workspace/airflow_tutorial/py_env/lib/python3.12/site-packages/airflow/example_dags/example_dataset_alias.py for tasks to queue
[2024-09-01T00:43:54.925+0530] {logging_mixin.py:190} INFO - [2024-09-01T00:43:54.925+0530] {dagbag.py:587} INFO - Filling up the DagBag from /Users/ravipal/Desktop/Workspace/airflow_tutorial/py_env/lib/python3.12/site-packages/airflow/example_dags/example_dataset_alias.py
[2024-09-01T00:43:54.981+0530] {processor.py:925} INFO - DAG(s) 'dataset_alias_example_alias_producer', 'dataset_alias_example_alias_consumer', 'dataset_s3_bucket_producer', 'dataset_s3_bucket_consumer' retrieved from /Users/ravipal/Desktop/Workspace/airflow_tutorial/py_env/lib/python3.12/site-packages/airflow/example_dags/example_dataset_alias.py
[2024-09-01T00:43:54.990+0530] {logging_mixin.py:190} INFO - [2024-09-01T00:43:54.990+0530] {dag.py:3211} INFO - Sync 4 DAGs
[2024-09-01T00:43:54.996+0530] {logging_mixin.py:190} INFO - [2024-09-01T00:43:54.996+0530] {dag.py:4138} INFO - Setting next_dagrun for dataset_alias_example_alias_consumer to None, run_after=None
[2024-09-01T00:43:54.997+0530] {logging_mixin.py:190} INFO - [2024-09-01T00:43:54.997+0530] {dag.py:4138} INFO - Setting next_dagrun for dataset_alias_example_alias_producer to None, run_after=None
[2024-09-01T00:43:54.997+0530] {logging_mixin.py:190} INFO - [2024-09-01T00:43:54.997+0530] {dag.py:4138} INFO - Setting next_dagrun for dataset_s3_bucket_consumer to None, run_after=None
[2024-09-01T00:43:54.997+0530] {logging_mixin.py:190} INFO - [2024-09-01T00:43:54.997+0530] {dag.py:4138} INFO - Setting next_dagrun for dataset_s3_bucket_producer to None, run_after=None
[2024-09-01T00:43:55.005+0530] {processor.py:208} INFO - Processing /Users/ravipal/Desktop/Workspace/airflow_tutorial/py_env/lib/python3.12/site-packages/airflow/example_dags/example_dataset_alias.py took 0.083 seconds
[2024-09-01T00:46:10.517+0530] {processor.py:186} INFO - Started process (PID=3007) to work on /Users/ravipal/Desktop/Workspace/airflow_tutorial/py_env/lib/python3.12/site-packages/airflow/example_dags/example_dataset_alias.py
[2024-09-01T00:46:10.517+0530] {processor.py:914} INFO - Processing file /Users/ravipal/Desktop/Workspace/airflow_tutorial/py_env/lib/python3.12/site-packages/airflow/example_dags/example_dataset_alias.py for tasks to queue
[2024-09-01T00:46:10.518+0530] {logging_mixin.py:190} INFO - [2024-09-01T00:46:10.518+0530] {dagbag.py:587} INFO - Filling up the DagBag from /Users/ravipal/Desktop/Workspace/airflow_tutorial/py_env/lib/python3.12/site-packages/airflow/example_dags/example_dataset_alias.py
[2024-09-01T00:46:10.574+0530] {processor.py:925} INFO - DAG(s) 'dataset_s3_bucket_consumer', 'dataset_alias_example_alias_consumer', 'dataset_s3_bucket_producer', 'dataset_alias_example_alias_producer' retrieved from /Users/ravipal/Desktop/Workspace/airflow_tutorial/py_env/lib/python3.12/site-packages/airflow/example_dags/example_dataset_alias.py
[2024-09-01T00:46:10.583+0530] {logging_mixin.py:190} INFO - [2024-09-01T00:46:10.583+0530] {dag.py:3211} INFO - Sync 4 DAGs
[2024-09-01T00:46:10.589+0530] {logging_mixin.py:190} INFO - [2024-09-01T00:46:10.588+0530] {dag.py:4138} INFO - Setting next_dagrun for dataset_alias_example_alias_consumer to None, run_after=None
[2024-09-01T00:46:10.589+0530] {logging_mixin.py:190} INFO - [2024-09-01T00:46:10.589+0530] {dag.py:4138} INFO - Setting next_dagrun for dataset_alias_example_alias_producer to None, run_after=None
[2024-09-01T00:46:10.590+0530] {logging_mixin.py:190} INFO - [2024-09-01T00:46:10.590+0530] {dag.py:4138} INFO - Setting next_dagrun for dataset_s3_bucket_consumer to None, run_after=None
[2024-09-01T00:46:10.590+0530] {logging_mixin.py:190} INFO - [2024-09-01T00:46:10.590+0530] {dag.py:4138} INFO - Setting next_dagrun for dataset_s3_bucket_producer to None, run_after=None
[2024-09-01T00:46:10.597+0530] {processor.py:208} INFO - Processing /Users/ravipal/Desktop/Workspace/airflow_tutorial/py_env/lib/python3.12/site-packages/airflow/example_dags/example_dataset_alias.py took 0.082 seconds
[2024-09-01T00:48:19.993+0530] {processor.py:186} INFO - Started process (PID=3137) to work on /Users/ravipal/Desktop/Workspace/airflow_tutorial/py_env/lib/python3.12/site-packages/airflow/example_dags/example_dataset_alias.py
[2024-09-01T00:48:19.993+0530] {processor.py:914} INFO - Processing file /Users/ravipal/Desktop/Workspace/airflow_tutorial/py_env/lib/python3.12/site-packages/airflow/example_dags/example_dataset_alias.py for tasks to queue
[2024-09-01T00:48:19.994+0530] {logging_mixin.py:190} INFO - [2024-09-01T00:48:19.994+0530] {dagbag.py:587} INFO - Filling up the DagBag from /Users/ravipal/Desktop/Workspace/airflow_tutorial/py_env/lib/python3.12/site-packages/airflow/example_dags/example_dataset_alias.py
[2024-09-01T00:48:20.051+0530] {processor.py:925} INFO - DAG(s) 'dataset_alias_example_alias_consumer', 'dataset_alias_example_alias_producer', 'dataset_s3_bucket_producer', 'dataset_s3_bucket_consumer' retrieved from /Users/ravipal/Desktop/Workspace/airflow_tutorial/py_env/lib/python3.12/site-packages/airflow/example_dags/example_dataset_alias.py
[2024-09-01T00:48:20.060+0530] {logging_mixin.py:190} INFO - [2024-09-01T00:48:20.060+0530] {dag.py:3211} INFO - Sync 4 DAGs
[2024-09-01T00:48:20.066+0530] {logging_mixin.py:190} INFO - [2024-09-01T00:48:20.066+0530] {dag.py:4138} INFO - Setting next_dagrun for dataset_alias_example_alias_consumer to None, run_after=None
[2024-09-01T00:48:20.066+0530] {logging_mixin.py:190} INFO - [2024-09-01T00:48:20.066+0530] {dag.py:4138} INFO - Setting next_dagrun for dataset_alias_example_alias_producer to None, run_after=None
[2024-09-01T00:48:20.067+0530] {logging_mixin.py:190} INFO - [2024-09-01T00:48:20.067+0530] {dag.py:4138} INFO - Setting next_dagrun for dataset_s3_bucket_consumer to None, run_after=None
[2024-09-01T00:48:20.067+0530] {logging_mixin.py:190} INFO - [2024-09-01T00:48:20.067+0530] {dag.py:4138} INFO - Setting next_dagrun for dataset_s3_bucket_producer to None, run_after=None
[2024-09-01T00:48:20.074+0530] {processor.py:208} INFO - Processing /Users/ravipal/Desktop/Workspace/airflow_tutorial/py_env/lib/python3.12/site-packages/airflow/example_dags/example_dataset_alias.py took 0.084 seconds
[2024-09-01T00:50:30.890+0530] {processor.py:186} INFO - Started process (PID=3291) to work on /Users/ravipal/Desktop/Workspace/airflow_tutorial/py_env/lib/python3.12/site-packages/airflow/example_dags/example_dataset_alias.py
[2024-09-01T00:50:30.892+0530] {processor.py:914} INFO - Processing file /Users/ravipal/Desktop/Workspace/airflow_tutorial/py_env/lib/python3.12/site-packages/airflow/example_dags/example_dataset_alias.py for tasks to queue
[2024-09-01T00:50:30.893+0530] {logging_mixin.py:190} INFO - [2024-09-01T00:50:30.893+0530] {dagbag.py:587} INFO - Filling up the DagBag from /Users/ravipal/Desktop/Workspace/airflow_tutorial/py_env/lib/python3.12/site-packages/airflow/example_dags/example_dataset_alias.py
[2024-09-01T00:50:30.952+0530] {processor.py:925} INFO - DAG(s) 'dataset_alias_example_alias_producer', 'dataset_s3_bucket_consumer', 'dataset_s3_bucket_producer', 'dataset_alias_example_alias_consumer' retrieved from /Users/ravipal/Desktop/Workspace/airflow_tutorial/py_env/lib/python3.12/site-packages/airflow/example_dags/example_dataset_alias.py
[2024-09-01T00:50:30.963+0530] {logging_mixin.py:190} INFO - [2024-09-01T00:50:30.962+0530] {dag.py:3211} INFO - Sync 4 DAGs
[2024-09-01T00:50:30.969+0530] {logging_mixin.py:190} INFO - [2024-09-01T00:50:30.969+0530] {dag.py:4138} INFO - Setting next_dagrun for dataset_alias_example_alias_consumer to None, run_after=None
[2024-09-01T00:50:30.970+0530] {logging_mixin.py:190} INFO - [2024-09-01T00:50:30.970+0530] {dag.py:4138} INFO - Setting next_dagrun for dataset_alias_example_alias_producer to None, run_after=None
[2024-09-01T00:50:30.970+0530] {logging_mixin.py:190} INFO - [2024-09-01T00:50:30.970+0530] {dag.py:4138} INFO - Setting next_dagrun for dataset_s3_bucket_consumer to None, run_after=None
[2024-09-01T00:50:30.971+0530] {logging_mixin.py:190} INFO - [2024-09-01T00:50:30.971+0530] {dag.py:4138} INFO - Setting next_dagrun for dataset_s3_bucket_producer to None, run_after=None
[2024-09-01T00:50:30.979+0530] {processor.py:208} INFO - Processing /Users/ravipal/Desktop/Workspace/airflow_tutorial/py_env/lib/python3.12/site-packages/airflow/example_dags/example_dataset_alias.py took 0.092 seconds
[2024-09-01T00:52:44.273+0530] {processor.py:186} INFO - Started process (PID=3428) to work on /Users/ravipal/Desktop/Workspace/airflow_tutorial/py_env/lib/python3.12/site-packages/airflow/example_dags/example_dataset_alias.py
[2024-09-01T00:52:44.274+0530] {processor.py:914} INFO - Processing file /Users/ravipal/Desktop/Workspace/airflow_tutorial/py_env/lib/python3.12/site-packages/airflow/example_dags/example_dataset_alias.py for tasks to queue
[2024-09-01T00:52:44.275+0530] {logging_mixin.py:190} INFO - [2024-09-01T00:52:44.275+0530] {dagbag.py:587} INFO - Filling up the DagBag from /Users/ravipal/Desktop/Workspace/airflow_tutorial/py_env/lib/python3.12/site-packages/airflow/example_dags/example_dataset_alias.py
[2024-09-01T00:52:44.333+0530] {processor.py:925} INFO - DAG(s) 'dataset_s3_bucket_producer', 'dataset_alias_example_alias_consumer', 'dataset_s3_bucket_consumer', 'dataset_alias_example_alias_producer' retrieved from /Users/ravipal/Desktop/Workspace/airflow_tutorial/py_env/lib/python3.12/site-packages/airflow/example_dags/example_dataset_alias.py
[2024-09-01T00:52:44.342+0530] {logging_mixin.py:190} INFO - [2024-09-01T00:52:44.342+0530] {dag.py:3211} INFO - Sync 4 DAGs
[2024-09-01T00:52:44.348+0530] {logging_mixin.py:190} INFO - [2024-09-01T00:52:44.348+0530] {dag.py:4138} INFO - Setting next_dagrun for dataset_alias_example_alias_consumer to None, run_after=None
[2024-09-01T00:52:44.349+0530] {logging_mixin.py:190} INFO - [2024-09-01T00:52:44.349+0530] {dag.py:4138} INFO - Setting next_dagrun for dataset_alias_example_alias_producer to None, run_after=None
[2024-09-01T00:52:44.349+0530] {logging_mixin.py:190} INFO - [2024-09-01T00:52:44.349+0530] {dag.py:4138} INFO - Setting next_dagrun for dataset_s3_bucket_consumer to None, run_after=None
[2024-09-01T00:52:44.349+0530] {logging_mixin.py:190} INFO - [2024-09-01T00:52:44.349+0530] {dag.py:4138} INFO - Setting next_dagrun for dataset_s3_bucket_producer to None, run_after=None
[2024-09-01T00:52:44.357+0530] {processor.py:208} INFO - Processing /Users/ravipal/Desktop/Workspace/airflow_tutorial/py_env/lib/python3.12/site-packages/airflow/example_dags/example_dataset_alias.py took 0.086 seconds
[2024-09-01T00:54:56.546+0530] {processor.py:186} INFO - Started process (PID=3559) to work on /Users/ravipal/Desktop/Workspace/airflow_tutorial/py_env/lib/python3.12/site-packages/airflow/example_dags/example_dataset_alias.py
[2024-09-01T00:54:56.547+0530] {processor.py:914} INFO - Processing file /Users/ravipal/Desktop/Workspace/airflow_tutorial/py_env/lib/python3.12/site-packages/airflow/example_dags/example_dataset_alias.py for tasks to queue
[2024-09-01T00:54:56.547+0530] {logging_mixin.py:190} INFO - [2024-09-01T00:54:56.547+0530] {dagbag.py:587} INFO - Filling up the DagBag from /Users/ravipal/Desktop/Workspace/airflow_tutorial/py_env/lib/python3.12/site-packages/airflow/example_dags/example_dataset_alias.py
[2024-09-01T00:54:56.603+0530] {processor.py:925} INFO - DAG(s) 'dataset_s3_bucket_producer', 'dataset_alias_example_alias_consumer', 'dataset_alias_example_alias_producer', 'dataset_s3_bucket_consumer' retrieved from /Users/ravipal/Desktop/Workspace/airflow_tutorial/py_env/lib/python3.12/site-packages/airflow/example_dags/example_dataset_alias.py
[2024-09-01T00:54:56.611+0530] {logging_mixin.py:190} INFO - [2024-09-01T00:54:56.611+0530] {dag.py:3211} INFO - Sync 4 DAGs
[2024-09-01T00:54:56.617+0530] {logging_mixin.py:190} INFO - [2024-09-01T00:54:56.617+0530] {dag.py:4138} INFO - Setting next_dagrun for dataset_alias_example_alias_consumer to None, run_after=None
[2024-09-01T00:54:56.618+0530] {logging_mixin.py:190} INFO - [2024-09-01T00:54:56.618+0530] {dag.py:4138} INFO - Setting next_dagrun for dataset_alias_example_alias_producer to None, run_after=None
[2024-09-01T00:54:56.618+0530] {logging_mixin.py:190} INFO - [2024-09-01T00:54:56.618+0530] {dag.py:4138} INFO - Setting next_dagrun for dataset_s3_bucket_consumer to None, run_after=None
[2024-09-01T00:54:56.618+0530] {logging_mixin.py:190} INFO - [2024-09-01T00:54:56.618+0530] {dag.py:4138} INFO - Setting next_dagrun for dataset_s3_bucket_producer to None, run_after=None
[2024-09-01T00:54:56.626+0530] {processor.py:208} INFO - Processing /Users/ravipal/Desktop/Workspace/airflow_tutorial/py_env/lib/python3.12/site-packages/airflow/example_dags/example_dataset_alias.py took 0.081 seconds
[2024-09-01T00:57:06.347+0530] {processor.py:186} INFO - Started process (PID=3689) to work on /Users/ravipal/Desktop/Workspace/airflow_tutorial/py_env/lib/python3.12/site-packages/airflow/example_dags/example_dataset_alias.py
[2024-09-01T00:57:06.348+0530] {processor.py:914} INFO - Processing file /Users/ravipal/Desktop/Workspace/airflow_tutorial/py_env/lib/python3.12/site-packages/airflow/example_dags/example_dataset_alias.py for tasks to queue
[2024-09-01T00:57:06.348+0530] {logging_mixin.py:190} INFO - [2024-09-01T00:57:06.348+0530] {dagbag.py:587} INFO - Filling up the DagBag from /Users/ravipal/Desktop/Workspace/airflow_tutorial/py_env/lib/python3.12/site-packages/airflow/example_dags/example_dataset_alias.py
[2024-09-01T00:57:06.406+0530] {processor.py:925} INFO - DAG(s) 'dataset_alias_example_alias_consumer', 'dataset_s3_bucket_consumer', 'dataset_s3_bucket_producer', 'dataset_alias_example_alias_producer' retrieved from /Users/ravipal/Desktop/Workspace/airflow_tutorial/py_env/lib/python3.12/site-packages/airflow/example_dags/example_dataset_alias.py
[2024-09-01T00:57:06.415+0530] {logging_mixin.py:190} INFO - [2024-09-01T00:57:06.415+0530] {dag.py:3211} INFO - Sync 4 DAGs
[2024-09-01T00:57:06.421+0530] {logging_mixin.py:190} INFO - [2024-09-01T00:57:06.421+0530] {dag.py:4138} INFO - Setting next_dagrun for dataset_alias_example_alias_consumer to None, run_after=None
[2024-09-01T00:57:06.422+0530] {logging_mixin.py:190} INFO - [2024-09-01T00:57:06.422+0530] {dag.py:4138} INFO - Setting next_dagrun for dataset_alias_example_alias_producer to None, run_after=None
[2024-09-01T00:57:06.422+0530] {logging_mixin.py:190} INFO - [2024-09-01T00:57:06.422+0530] {dag.py:4138} INFO - Setting next_dagrun for dataset_s3_bucket_consumer to None, run_after=None
[2024-09-01T00:57:06.423+0530] {logging_mixin.py:190} INFO - [2024-09-01T00:57:06.423+0530] {dag.py:4138} INFO - Setting next_dagrun for dataset_s3_bucket_producer to None, run_after=None
[2024-09-01T00:57:06.430+0530] {processor.py:208} INFO - Processing /Users/ravipal/Desktop/Workspace/airflow_tutorial/py_env/lib/python3.12/site-packages/airflow/example_dags/example_dataset_alias.py took 0.085 seconds
[2024-09-01T00:59:18.664+0530] {processor.py:186} INFO - Started process (PID=3822) to work on /Users/ravipal/Desktop/Workspace/airflow_tutorial/py_env/lib/python3.12/site-packages/airflow/example_dags/example_dataset_alias.py
[2024-09-01T00:59:18.664+0530] {processor.py:914} INFO - Processing file /Users/ravipal/Desktop/Workspace/airflow_tutorial/py_env/lib/python3.12/site-packages/airflow/example_dags/example_dataset_alias.py for tasks to queue
[2024-09-01T00:59:18.665+0530] {logging_mixin.py:190} INFO - [2024-09-01T00:59:18.664+0530] {dagbag.py:587} INFO - Filling up the DagBag from /Users/ravipal/Desktop/Workspace/airflow_tutorial/py_env/lib/python3.12/site-packages/airflow/example_dags/example_dataset_alias.py
[2024-09-01T00:59:18.719+0530] {processor.py:925} INFO - DAG(s) 'dataset_s3_bucket_consumer', 'dataset_alias_example_alias_consumer', 'dataset_s3_bucket_producer', 'dataset_alias_example_alias_producer' retrieved from /Users/ravipal/Desktop/Workspace/airflow_tutorial/py_env/lib/python3.12/site-packages/airflow/example_dags/example_dataset_alias.py
[2024-09-01T00:59:18.728+0530] {logging_mixin.py:190} INFO - [2024-09-01T00:59:18.728+0530] {dag.py:3211} INFO - Sync 4 DAGs
[2024-09-01T00:59:18.734+0530] {logging_mixin.py:190} INFO - [2024-09-01T00:59:18.734+0530] {dag.py:4138} INFO - Setting next_dagrun for dataset_alias_example_alias_consumer to None, run_after=None
[2024-09-01T00:59:18.735+0530] {logging_mixin.py:190} INFO - [2024-09-01T00:59:18.735+0530] {dag.py:4138} INFO - Setting next_dagrun for dataset_alias_example_alias_producer to None, run_after=None
[2024-09-01T00:59:18.735+0530] {logging_mixin.py:190} INFO - [2024-09-01T00:59:18.735+0530] {dag.py:4138} INFO - Setting next_dagrun for dataset_s3_bucket_consumer to None, run_after=None
[2024-09-01T00:59:18.735+0530] {logging_mixin.py:190} INFO - [2024-09-01T00:59:18.735+0530] {dag.py:4138} INFO - Setting next_dagrun for dataset_s3_bucket_producer to None, run_after=None
[2024-09-01T00:59:18.743+0530] {processor.py:208} INFO - Processing /Users/ravipal/Desktop/Workspace/airflow_tutorial/py_env/lib/python3.12/site-packages/airflow/example_dags/example_dataset_alias.py took 0.081 seconds
[2024-09-01T01:01:26.797+0530] {processor.py:186} INFO - Started process (PID=3949) to work on /Users/ravipal/Desktop/Workspace/airflow_tutorial/py_env/lib/python3.12/site-packages/airflow/example_dags/example_dataset_alias.py
[2024-09-01T01:01:26.798+0530] {processor.py:914} INFO - Processing file /Users/ravipal/Desktop/Workspace/airflow_tutorial/py_env/lib/python3.12/site-packages/airflow/example_dags/example_dataset_alias.py for tasks to queue
[2024-09-01T01:01:26.798+0530] {logging_mixin.py:190} INFO - [2024-09-01T01:01:26.798+0530] {dagbag.py:587} INFO - Filling up the DagBag from /Users/ravipal/Desktop/Workspace/airflow_tutorial/py_env/lib/python3.12/site-packages/airflow/example_dags/example_dataset_alias.py
[2024-09-01T01:01:26.855+0530] {processor.py:925} INFO - DAG(s) 'dataset_alias_example_alias_producer', 'dataset_alias_example_alias_consumer', 'dataset_s3_bucket_consumer', 'dataset_s3_bucket_producer' retrieved from /Users/ravipal/Desktop/Workspace/airflow_tutorial/py_env/lib/python3.12/site-packages/airflow/example_dags/example_dataset_alias.py
[2024-09-01T01:01:26.864+0530] {logging_mixin.py:190} INFO - [2024-09-01T01:01:26.864+0530] {dag.py:3211} INFO - Sync 4 DAGs
[2024-09-01T01:01:26.870+0530] {logging_mixin.py:190} INFO - [2024-09-01T01:01:26.870+0530] {dag.py:4138} INFO - Setting next_dagrun for dataset_alias_example_alias_consumer to None, run_after=None
[2024-09-01T01:01:26.871+0530] {logging_mixin.py:190} INFO - [2024-09-01T01:01:26.871+0530] {dag.py:4138} INFO - Setting next_dagrun for dataset_alias_example_alias_producer to None, run_after=None
[2024-09-01T01:01:26.871+0530] {logging_mixin.py:190} INFO - [2024-09-01T01:01:26.871+0530] {dag.py:4138} INFO - Setting next_dagrun for dataset_s3_bucket_consumer to None, run_after=None
[2024-09-01T01:01:26.871+0530] {logging_mixin.py:190} INFO - [2024-09-01T01:01:26.871+0530] {dag.py:4138} INFO - Setting next_dagrun for dataset_s3_bucket_producer to None, run_after=None
[2024-09-01T01:01:26.878+0530] {processor.py:208} INFO - Processing /Users/ravipal/Desktop/Workspace/airflow_tutorial/py_env/lib/python3.12/site-packages/airflow/example_dags/example_dataset_alias.py took 0.083 seconds
[2024-09-01T01:03:30.859+0530] {processor.py:186} INFO - Started process (PID=4081) to work on /Users/ravipal/Desktop/Workspace/airflow_tutorial/py_env/lib/python3.12/site-packages/airflow/example_dags/example_dataset_alias.py
[2024-09-01T01:03:30.860+0530] {processor.py:914} INFO - Processing file /Users/ravipal/Desktop/Workspace/airflow_tutorial/py_env/lib/python3.12/site-packages/airflow/example_dags/example_dataset_alias.py for tasks to queue
[2024-09-01T01:03:30.860+0530] {logging_mixin.py:190} INFO - [2024-09-01T01:03:30.860+0530] {dagbag.py:587} INFO - Filling up the DagBag from /Users/ravipal/Desktop/Workspace/airflow_tutorial/py_env/lib/python3.12/site-packages/airflow/example_dags/example_dataset_alias.py
[2024-09-01T01:03:30.916+0530] {processor.py:925} INFO - DAG(s) 'dataset_alias_example_alias_consumer', 'dataset_alias_example_alias_producer', 'dataset_s3_bucket_producer', 'dataset_s3_bucket_consumer' retrieved from /Users/ravipal/Desktop/Workspace/airflow_tutorial/py_env/lib/python3.12/site-packages/airflow/example_dags/example_dataset_alias.py
[2024-09-01T01:03:30.925+0530] {logging_mixin.py:190} INFO - [2024-09-01T01:03:30.924+0530] {dag.py:3211} INFO - Sync 4 DAGs
[2024-09-01T01:03:30.930+0530] {logging_mixin.py:190} INFO - [2024-09-01T01:03:30.930+0530] {dag.py:4138} INFO - Setting next_dagrun for dataset_alias_example_alias_consumer to None, run_after=None
[2024-09-01T01:03:30.931+0530] {logging_mixin.py:190} INFO - [2024-09-01T01:03:30.931+0530] {dag.py:4138} INFO - Setting next_dagrun for dataset_alias_example_alias_producer to None, run_after=None
[2024-09-01T01:03:30.931+0530] {logging_mixin.py:190} INFO - [2024-09-01T01:03:30.931+0530] {dag.py:4138} INFO - Setting next_dagrun for dataset_s3_bucket_consumer to None, run_after=None
[2024-09-01T01:03:30.932+0530] {logging_mixin.py:190} INFO - [2024-09-01T01:03:30.932+0530] {dag.py:4138} INFO - Setting next_dagrun for dataset_s3_bucket_producer to None, run_after=None
[2024-09-01T01:03:30.939+0530] {processor.py:208} INFO - Processing /Users/ravipal/Desktop/Workspace/airflow_tutorial/py_env/lib/python3.12/site-packages/airflow/example_dags/example_dataset_alias.py took 0.082 seconds
[2024-09-01T01:05:39.334+0530] {processor.py:186} INFO - Started process (PID=4235) to work on /Users/ravipal/Desktop/Workspace/airflow_tutorial/py_env/lib/python3.12/site-packages/airflow/example_dags/example_dataset_alias.py
[2024-09-01T01:05:39.334+0530] {processor.py:914} INFO - Processing file /Users/ravipal/Desktop/Workspace/airflow_tutorial/py_env/lib/python3.12/site-packages/airflow/example_dags/example_dataset_alias.py for tasks to queue
[2024-09-01T01:05:39.334+0530] {logging_mixin.py:190} INFO - [2024-09-01T01:05:39.334+0530] {dagbag.py:587} INFO - Filling up the DagBag from /Users/ravipal/Desktop/Workspace/airflow_tutorial/py_env/lib/python3.12/site-packages/airflow/example_dags/example_dataset_alias.py
[2024-09-01T01:05:39.391+0530] {processor.py:925} INFO - DAG(s) 'dataset_alias_example_alias_producer', 'dataset_s3_bucket_producer', 'dataset_s3_bucket_consumer', 'dataset_alias_example_alias_consumer' retrieved from /Users/ravipal/Desktop/Workspace/airflow_tutorial/py_env/lib/python3.12/site-packages/airflow/example_dags/example_dataset_alias.py
[2024-09-01T01:05:39.399+0530] {logging_mixin.py:190} INFO - [2024-09-01T01:05:39.399+0530] {dag.py:3211} INFO - Sync 4 DAGs
[2024-09-01T01:05:39.405+0530] {logging_mixin.py:190} INFO - [2024-09-01T01:05:39.405+0530] {dag.py:4138} INFO - Setting next_dagrun for dataset_alias_example_alias_consumer to None, run_after=None
[2024-09-01T01:05:39.406+0530] {logging_mixin.py:190} INFO - [2024-09-01T01:05:39.406+0530] {dag.py:4138} INFO - Setting next_dagrun for dataset_alias_example_alias_producer to None, run_after=None
[2024-09-01T01:05:39.406+0530] {logging_mixin.py:190} INFO - [2024-09-01T01:05:39.406+0530] {dag.py:4138} INFO - Setting next_dagrun for dataset_s3_bucket_consumer to None, run_after=None
[2024-09-01T01:05:39.407+0530] {logging_mixin.py:190} INFO - [2024-09-01T01:05:39.407+0530] {dag.py:4138} INFO - Setting next_dagrun for dataset_s3_bucket_producer to None, run_after=None
[2024-09-01T01:05:39.414+0530] {processor.py:208} INFO - Processing /Users/ravipal/Desktop/Workspace/airflow_tutorial/py_env/lib/python3.12/site-packages/airflow/example_dags/example_dataset_alias.py took 0.082 seconds
[2024-09-01T01:07:51.365+0530] {processor.py:186} INFO - Started process (PID=4372) to work on /Users/ravipal/Desktop/Workspace/airflow_tutorial/py_env/lib/python3.12/site-packages/airflow/example_dags/example_dataset_alias.py
[2024-09-01T01:07:51.366+0530] {processor.py:914} INFO - Processing file /Users/ravipal/Desktop/Workspace/airflow_tutorial/py_env/lib/python3.12/site-packages/airflow/example_dags/example_dataset_alias.py for tasks to queue
[2024-09-01T01:07:51.366+0530] {logging_mixin.py:190} INFO - [2024-09-01T01:07:51.366+0530] {dagbag.py:587} INFO - Filling up the DagBag from /Users/ravipal/Desktop/Workspace/airflow_tutorial/py_env/lib/python3.12/site-packages/airflow/example_dags/example_dataset_alias.py
[2024-09-01T01:07:51.421+0530] {processor.py:925} INFO - DAG(s) 'dataset_alias_example_alias_producer', 'dataset_s3_bucket_consumer', 'dataset_s3_bucket_producer', 'dataset_alias_example_alias_consumer' retrieved from /Users/ravipal/Desktop/Workspace/airflow_tutorial/py_env/lib/python3.12/site-packages/airflow/example_dags/example_dataset_alias.py
[2024-09-01T01:07:51.430+0530] {logging_mixin.py:190} INFO - [2024-09-01T01:07:51.430+0530] {dag.py:3211} INFO - Sync 4 DAGs
[2024-09-01T01:07:51.436+0530] {logging_mixin.py:190} INFO - [2024-09-01T01:07:51.436+0530] {dag.py:4138} INFO - Setting next_dagrun for dataset_alias_example_alias_consumer to None, run_after=None
[2024-09-01T01:07:51.437+0530] {logging_mixin.py:190} INFO - [2024-09-01T01:07:51.437+0530] {dag.py:4138} INFO - Setting next_dagrun for dataset_alias_example_alias_producer to None, run_after=None
[2024-09-01T01:07:51.437+0530] {logging_mixin.py:190} INFO - [2024-09-01T01:07:51.437+0530] {dag.py:4138} INFO - Setting next_dagrun for dataset_s3_bucket_consumer to None, run_after=None
[2024-09-01T01:07:51.437+0530] {logging_mixin.py:190} INFO - [2024-09-01T01:07:51.437+0530] {dag.py:4138} INFO - Setting next_dagrun for dataset_s3_bucket_producer to None, run_after=None
[2024-09-01T01:07:51.445+0530] {processor.py:208} INFO - Processing /Users/ravipal/Desktop/Workspace/airflow_tutorial/py_env/lib/python3.12/site-packages/airflow/example_dags/example_dataset_alias.py took 0.081 seconds
[2024-09-01T01:10:00.736+0530] {processor.py:186} INFO - Started process (PID=4503) to work on /Users/ravipal/Desktop/Workspace/airflow_tutorial/py_env/lib/python3.12/site-packages/airflow/example_dags/example_dataset_alias.py
[2024-09-01T01:10:00.736+0530] {processor.py:914} INFO - Processing file /Users/ravipal/Desktop/Workspace/airflow_tutorial/py_env/lib/python3.12/site-packages/airflow/example_dags/example_dataset_alias.py for tasks to queue
[2024-09-01T01:10:00.737+0530] {logging_mixin.py:190} INFO - [2024-09-01T01:10:00.737+0530] {dagbag.py:587} INFO - Filling up the DagBag from /Users/ravipal/Desktop/Workspace/airflow_tutorial/py_env/lib/python3.12/site-packages/airflow/example_dags/example_dataset_alias.py
[2024-09-01T01:10:00.793+0530] {processor.py:925} INFO - DAG(s) 'dataset_s3_bucket_consumer', 'dataset_alias_example_alias_consumer', 'dataset_s3_bucket_producer', 'dataset_alias_example_alias_producer' retrieved from /Users/ravipal/Desktop/Workspace/airflow_tutorial/py_env/lib/python3.12/site-packages/airflow/example_dags/example_dataset_alias.py
[2024-09-01T01:10:00.801+0530] {logging_mixin.py:190} INFO - [2024-09-01T01:10:00.801+0530] {dag.py:3211} INFO - Sync 4 DAGs
[2024-09-01T01:10:00.807+0530] {logging_mixin.py:190} INFO - [2024-09-01T01:10:00.807+0530] {dag.py:4138} INFO - Setting next_dagrun for dataset_alias_example_alias_consumer to None, run_after=None
[2024-09-01T01:10:00.808+0530] {logging_mixin.py:190} INFO - [2024-09-01T01:10:00.808+0530] {dag.py:4138} INFO - Setting next_dagrun for dataset_alias_example_alias_producer to None, run_after=None
[2024-09-01T01:10:00.808+0530] {logging_mixin.py:190} INFO - [2024-09-01T01:10:00.808+0530] {dag.py:4138} INFO - Setting next_dagrun for dataset_s3_bucket_consumer to None, run_after=None
[2024-09-01T01:10:00.809+0530] {logging_mixin.py:190} INFO - [2024-09-01T01:10:00.809+0530] {dag.py:4138} INFO - Setting next_dagrun for dataset_s3_bucket_producer to None, run_after=None
[2024-09-01T01:10:00.816+0530] {processor.py:208} INFO - Processing /Users/ravipal/Desktop/Workspace/airflow_tutorial/py_env/lib/python3.12/site-packages/airflow/example_dags/example_dataset_alias.py took 0.082 seconds
[2024-09-01T01:12:07.680+0530] {processor.py:186} INFO - Started process (PID=4631) to work on /Users/ravipal/Desktop/Workspace/airflow_tutorial/py_env/lib/python3.12/site-packages/airflow/example_dags/example_dataset_alias.py
[2024-09-01T01:12:07.681+0530] {processor.py:914} INFO - Processing file /Users/ravipal/Desktop/Workspace/airflow_tutorial/py_env/lib/python3.12/site-packages/airflow/example_dags/example_dataset_alias.py for tasks to queue
[2024-09-01T01:12:07.681+0530] {logging_mixin.py:190} INFO - [2024-09-01T01:12:07.681+0530] {dagbag.py:587} INFO - Filling up the DagBag from /Users/ravipal/Desktop/Workspace/airflow_tutorial/py_env/lib/python3.12/site-packages/airflow/example_dags/example_dataset_alias.py
[2024-09-01T01:12:07.738+0530] {processor.py:925} INFO - DAG(s) 'dataset_s3_bucket_consumer', 'dataset_s3_bucket_producer', 'dataset_alias_example_alias_producer', 'dataset_alias_example_alias_consumer' retrieved from /Users/ravipal/Desktop/Workspace/airflow_tutorial/py_env/lib/python3.12/site-packages/airflow/example_dags/example_dataset_alias.py
[2024-09-01T01:12:07.747+0530] {logging_mixin.py:190} INFO - [2024-09-01T01:12:07.746+0530] {dag.py:3211} INFO - Sync 4 DAGs
[2024-09-01T01:12:07.753+0530] {logging_mixin.py:190} INFO - [2024-09-01T01:12:07.753+0530] {dag.py:4138} INFO - Setting next_dagrun for dataset_alias_example_alias_consumer to None, run_after=None
[2024-09-01T01:12:07.753+0530] {logging_mixin.py:190} INFO - [2024-09-01T01:12:07.753+0530] {dag.py:4138} INFO - Setting next_dagrun for dataset_alias_example_alias_producer to None, run_after=None
[2024-09-01T01:12:07.754+0530] {logging_mixin.py:190} INFO - [2024-09-01T01:12:07.754+0530] {dag.py:4138} INFO - Setting next_dagrun for dataset_s3_bucket_consumer to None, run_after=None
[2024-09-01T01:12:07.754+0530] {logging_mixin.py:190} INFO - [2024-09-01T01:12:07.754+0530] {dag.py:4138} INFO - Setting next_dagrun for dataset_s3_bucket_producer to None, run_after=None
[2024-09-01T01:12:07.761+0530] {processor.py:208} INFO - Processing /Users/ravipal/Desktop/Workspace/airflow_tutorial/py_env/lib/python3.12/site-packages/airflow/example_dags/example_dataset_alias.py took 0.083 seconds
[2024-09-01T01:14:15.878+0530] {processor.py:186} INFO - Started process (PID=4760) to work on /Users/ravipal/Desktop/Workspace/airflow_tutorial/py_env/lib/python3.12/site-packages/airflow/example_dags/example_dataset_alias.py
[2024-09-01T01:14:15.879+0530] {processor.py:914} INFO - Processing file /Users/ravipal/Desktop/Workspace/airflow_tutorial/py_env/lib/python3.12/site-packages/airflow/example_dags/example_dataset_alias.py for tasks to queue
[2024-09-01T01:14:15.879+0530] {logging_mixin.py:190} INFO - [2024-09-01T01:14:15.879+0530] {dagbag.py:587} INFO - Filling up the DagBag from /Users/ravipal/Desktop/Workspace/airflow_tutorial/py_env/lib/python3.12/site-packages/airflow/example_dags/example_dataset_alias.py
[2024-09-01T01:14:15.934+0530] {processor.py:925} INFO - DAG(s) 'dataset_alias_example_alias_consumer', 'dataset_s3_bucket_consumer', 'dataset_alias_example_alias_producer', 'dataset_s3_bucket_producer' retrieved from /Users/ravipal/Desktop/Workspace/airflow_tutorial/py_env/lib/python3.12/site-packages/airflow/example_dags/example_dataset_alias.py
[2024-09-01T01:14:15.943+0530] {logging_mixin.py:190} INFO - [2024-09-01T01:14:15.943+0530] {dag.py:3211} INFO - Sync 4 DAGs
[2024-09-01T01:14:15.949+0530] {logging_mixin.py:190} INFO - [2024-09-01T01:14:15.949+0530] {dag.py:4138} INFO - Setting next_dagrun for dataset_alias_example_alias_consumer to None, run_after=None
[2024-09-01T01:14:15.950+0530] {logging_mixin.py:190} INFO - [2024-09-01T01:14:15.950+0530] {dag.py:4138} INFO - Setting next_dagrun for dataset_alias_example_alias_producer to None, run_after=None
[2024-09-01T01:14:15.950+0530] {logging_mixin.py:190} INFO - [2024-09-01T01:14:15.950+0530] {dag.py:4138} INFO - Setting next_dagrun for dataset_s3_bucket_consumer to None, run_after=None
[2024-09-01T01:14:15.951+0530] {logging_mixin.py:190} INFO - [2024-09-01T01:14:15.951+0530] {dag.py:4138} INFO - Setting next_dagrun for dataset_s3_bucket_producer to None, run_after=None
[2024-09-01T01:14:15.958+0530] {processor.py:208} INFO - Processing /Users/ravipal/Desktop/Workspace/airflow_tutorial/py_env/lib/python3.12/site-packages/airflow/example_dags/example_dataset_alias.py took 0.082 seconds
[2024-09-01T01:16:26.480+0530] {processor.py:186} INFO - Started process (PID=4891) to work on /Users/ravipal/Desktop/Workspace/airflow_tutorial/py_env/lib/python3.12/site-packages/airflow/example_dags/example_dataset_alias.py
[2024-09-01T01:16:26.480+0530] {processor.py:914} INFO - Processing file /Users/ravipal/Desktop/Workspace/airflow_tutorial/py_env/lib/python3.12/site-packages/airflow/example_dags/example_dataset_alias.py for tasks to queue
[2024-09-01T01:16:26.481+0530] {logging_mixin.py:190} INFO - [2024-09-01T01:16:26.481+0530] {dagbag.py:587} INFO - Filling up the DagBag from /Users/ravipal/Desktop/Workspace/airflow_tutorial/py_env/lib/python3.12/site-packages/airflow/example_dags/example_dataset_alias.py
[2024-09-01T01:16:26.537+0530] {processor.py:925} INFO - DAG(s) 'dataset_s3_bucket_producer', 'dataset_alias_example_alias_producer', 'dataset_alias_example_alias_consumer', 'dataset_s3_bucket_consumer' retrieved from /Users/ravipal/Desktop/Workspace/airflow_tutorial/py_env/lib/python3.12/site-packages/airflow/example_dags/example_dataset_alias.py
[2024-09-01T01:16:26.546+0530] {logging_mixin.py:190} INFO - [2024-09-01T01:16:26.546+0530] {dag.py:3211} INFO - Sync 4 DAGs
[2024-09-01T01:16:26.552+0530] {logging_mixin.py:190} INFO - [2024-09-01T01:16:26.552+0530] {dag.py:4138} INFO - Setting next_dagrun for dataset_alias_example_alias_consumer to None, run_after=None
[2024-09-01T01:16:26.553+0530] {logging_mixin.py:190} INFO - [2024-09-01T01:16:26.552+0530] {dag.py:4138} INFO - Setting next_dagrun for dataset_alias_example_alias_producer to None, run_after=None
[2024-09-01T01:16:26.553+0530] {logging_mixin.py:190} INFO - [2024-09-01T01:16:26.553+0530] {dag.py:4138} INFO - Setting next_dagrun for dataset_s3_bucket_consumer to None, run_after=None
[2024-09-01T01:16:26.553+0530] {logging_mixin.py:190} INFO - [2024-09-01T01:16:26.553+0530] {dag.py:4138} INFO - Setting next_dagrun for dataset_s3_bucket_producer to None, run_after=None
[2024-09-01T01:16:26.561+0530] {processor.py:208} INFO - Processing /Users/ravipal/Desktop/Workspace/airflow_tutorial/py_env/lib/python3.12/site-packages/airflow/example_dags/example_dataset_alias.py took 0.083 seconds
[2024-09-01T01:18:37.339+0530] {processor.py:186} INFO - Started process (PID=5022) to work on /Users/ravipal/Desktop/Workspace/airflow_tutorial/py_env/lib/python3.12/site-packages/airflow/example_dags/example_dataset_alias.py
[2024-09-01T01:18:37.340+0530] {processor.py:914} INFO - Processing file /Users/ravipal/Desktop/Workspace/airflow_tutorial/py_env/lib/python3.12/site-packages/airflow/example_dags/example_dataset_alias.py for tasks to queue
[2024-09-01T01:18:37.340+0530] {logging_mixin.py:190} INFO - [2024-09-01T01:18:37.340+0530] {dagbag.py:587} INFO - Filling up the DagBag from /Users/ravipal/Desktop/Workspace/airflow_tutorial/py_env/lib/python3.12/site-packages/airflow/example_dags/example_dataset_alias.py
[2024-09-01T01:18:37.396+0530] {processor.py:925} INFO - DAG(s) 'dataset_alias_example_alias_producer', 'dataset_alias_example_alias_consumer', 'dataset_s3_bucket_consumer', 'dataset_s3_bucket_producer' retrieved from /Users/ravipal/Desktop/Workspace/airflow_tutorial/py_env/lib/python3.12/site-packages/airflow/example_dags/example_dataset_alias.py
[2024-09-01T01:18:37.405+0530] {logging_mixin.py:190} INFO - [2024-09-01T01:18:37.405+0530] {dag.py:3211} INFO - Sync 4 DAGs
[2024-09-01T01:18:37.411+0530] {logging_mixin.py:190} INFO - [2024-09-01T01:18:37.411+0530] {dag.py:4138} INFO - Setting next_dagrun for dataset_alias_example_alias_consumer to None, run_after=None
[2024-09-01T01:18:37.412+0530] {logging_mixin.py:190} INFO - [2024-09-01T01:18:37.412+0530] {dag.py:4138} INFO - Setting next_dagrun for dataset_alias_example_alias_producer to None, run_after=None
[2024-09-01T01:18:37.412+0530] {logging_mixin.py:190} INFO - [2024-09-01T01:18:37.412+0530] {dag.py:4138} INFO - Setting next_dagrun for dataset_s3_bucket_consumer to None, run_after=None
[2024-09-01T01:18:37.413+0530] {logging_mixin.py:190} INFO - [2024-09-01T01:18:37.413+0530] {dag.py:4138} INFO - Setting next_dagrun for dataset_s3_bucket_producer to None, run_after=None
[2024-09-01T01:18:37.420+0530] {processor.py:208} INFO - Processing /Users/ravipal/Desktop/Workspace/airflow_tutorial/py_env/lib/python3.12/site-packages/airflow/example_dags/example_dataset_alias.py took 0.083 seconds
