[2024-09-01T00:24:09.474+0530] {processor.py:186} INFO - Started process (PID=1494) to work on /Users/ravipal/Desktop/Workspace/airflow_tutorial/py_env/lib/python3.12/site-packages/airflow/example_dags/example_branch_day_of_week_operator.py
[2024-09-01T00:24:09.474+0530] {processor.py:914} INFO - Processing file /Users/ravipal/Desktop/Workspace/airflow_tutorial/py_env/lib/python3.12/site-packages/airflow/example_dags/example_branch_day_of_week_operator.py for tasks to queue
[2024-09-01T00:24:09.474+0530] {logging_mixin.py:190} INFO - [2024-09-01T00:24:09.474+0530] {dagbag.py:587} INFO - Filling up the DagBag from /Users/ravipal/Desktop/Workspace/airflow_tutorial/py_env/lib/python3.12/site-packages/airflow/example_dags/example_branch_day_of_week_operator.py
[2024-09-01T00:24:09.479+0530] {processor.py:925} INFO - DAG(s) 'example_weekday_branch_operator' retrieved from /Users/ravipal/Desktop/Workspace/airflow_tutorial/py_env/lib/python3.12/site-packages/airflow/example_dags/example_branch_day_of_week_operator.py
[2024-09-01T00:24:09.555+0530] {logging_mixin.py:190} INFO - [2024-09-01T00:24:09.555+0530] {override.py:1858} INFO - Created Permission View: can delete on DAG:example_weekday_branch_operator
[2024-09-01T00:24:09.558+0530] {logging_mixin.py:190} INFO - [2024-09-01T00:24:09.558+0530] {override.py:1858} INFO - Created Permission View: can edit on DAG:example_weekday_branch_operator
[2024-09-01T00:24:09.560+0530] {logging_mixin.py:190} INFO - [2024-09-01T00:24:09.560+0530] {override.py:1858} INFO - Created Permission View: can read on DAG:example_weekday_branch_operator
[2024-09-01T00:24:09.561+0530] {logging_mixin.py:190} INFO - [2024-09-01T00:24:09.561+0530] {dag.py:3211} INFO - Sync 1 DAGs
[2024-09-01T00:24:09.565+0530] {logging_mixin.py:190} INFO - [2024-09-01T00:24:09.565+0530] {dag.py:3234} INFO - Creating ORM DAG for example_weekday_branch_operator
[2024-09-01T00:24:09.569+0530] {logging_mixin.py:190} INFO - [2024-09-01T00:24:09.569+0530] {dag.py:4138} INFO - Setting next_dagrun for example_weekday_branch_operator to 2024-08-30 00:00:00+00:00, run_after=2024-08-31 00:00:00+00:00
[2024-09-01T00:24:09.606+0530] {processor.py:208} INFO - Processing /Users/ravipal/Desktop/Workspace/airflow_tutorial/py_env/lib/python3.12/site-packages/airflow/example_dags/example_branch_day_of_week_operator.py took 0.134 seconds
[2024-09-01T00:26:25.346+0530] {processor.py:186} INFO - Started process (PID=1631) to work on /Users/ravipal/Desktop/Workspace/airflow_tutorial/py_env/lib/python3.12/site-packages/airflow/example_dags/example_branch_day_of_week_operator.py
[2024-09-01T00:26:25.347+0530] {processor.py:914} INFO - Processing file /Users/ravipal/Desktop/Workspace/airflow_tutorial/py_env/lib/python3.12/site-packages/airflow/example_dags/example_branch_day_of_week_operator.py for tasks to queue
[2024-09-01T00:26:25.347+0530] {logging_mixin.py:190} INFO - [2024-09-01T00:26:25.347+0530] {dagbag.py:587} INFO - Filling up the DagBag from /Users/ravipal/Desktop/Workspace/airflow_tutorial/py_env/lib/python3.12/site-packages/airflow/example_dags/example_branch_day_of_week_operator.py
[2024-09-01T00:26:25.351+0530] {processor.py:925} INFO - DAG(s) 'example_weekday_branch_operator' retrieved from /Users/ravipal/Desktop/Workspace/airflow_tutorial/py_env/lib/python3.12/site-packages/airflow/example_dags/example_branch_day_of_week_operator.py
[2024-09-01T00:26:25.386+0530] {logging_mixin.py:190} INFO - [2024-09-01T00:26:25.386+0530] {dag.py:3211} INFO - Sync 1 DAGs
[2024-09-01T00:26:25.392+0530] {logging_mixin.py:190} INFO - [2024-09-01T00:26:25.392+0530] {dag.py:4138} INFO - Setting next_dagrun for example_weekday_branch_operator to 2024-08-30 00:00:00+00:00, run_after=2024-08-31 00:00:00+00:00
[2024-09-01T00:26:25.398+0530] {processor.py:208} INFO - Processing /Users/ravipal/Desktop/Workspace/airflow_tutorial/py_env/lib/python3.12/site-packages/airflow/example_dags/example_branch_day_of_week_operator.py took 0.054 seconds
[2024-09-01T00:28:43.141+0530] {processor.py:186} INFO - Started process (PID=1961) to work on /Users/ravipal/Desktop/Workspace/airflow_tutorial/py_env/lib/python3.12/site-packages/airflow/example_dags/example_branch_day_of_week_operator.py
[2024-09-01T00:28:43.141+0530] {processor.py:914} INFO - Processing file /Users/ravipal/Desktop/Workspace/airflow_tutorial/py_env/lib/python3.12/site-packages/airflow/example_dags/example_branch_day_of_week_operator.py for tasks to queue
[2024-09-01T00:28:43.142+0530] {logging_mixin.py:190} INFO - [2024-09-01T00:28:43.142+0530] {dagbag.py:587} INFO - Filling up the DagBag from /Users/ravipal/Desktop/Workspace/airflow_tutorial/py_env/lib/python3.12/site-packages/airflow/example_dags/example_branch_day_of_week_operator.py
[2024-09-01T00:28:43.146+0530] {processor.py:925} INFO - DAG(s) 'example_weekday_branch_operator' retrieved from /Users/ravipal/Desktop/Workspace/airflow_tutorial/py_env/lib/python3.12/site-packages/airflow/example_dags/example_branch_day_of_week_operator.py
[2024-09-01T00:28:43.180+0530] {logging_mixin.py:190} INFO - [2024-09-01T00:28:43.180+0530] {dag.py:3211} INFO - Sync 1 DAGs
[2024-09-01T00:28:43.187+0530] {logging_mixin.py:190} INFO - [2024-09-01T00:28:43.186+0530] {dag.py:4138} INFO - Setting next_dagrun for example_weekday_branch_operator to 2024-08-30 00:00:00+00:00, run_after=2024-08-31 00:00:00+00:00
[2024-09-01T00:28:43.193+0530] {processor.py:208} INFO - Processing /Users/ravipal/Desktop/Workspace/airflow_tutorial/py_env/lib/python3.12/site-packages/airflow/example_dags/example_branch_day_of_week_operator.py took 0.054 seconds
[2024-09-01T00:30:50.423+0530] {processor.py:186} INFO - Started process (PID=2091) to work on /Users/ravipal/Desktop/Workspace/airflow_tutorial/py_env/lib/python3.12/site-packages/airflow/example_dags/example_branch_day_of_week_operator.py
[2024-09-01T00:30:50.423+0530] {processor.py:914} INFO - Processing file /Users/ravipal/Desktop/Workspace/airflow_tutorial/py_env/lib/python3.12/site-packages/airflow/example_dags/example_branch_day_of_week_operator.py for tasks to queue
[2024-09-01T00:30:50.423+0530] {logging_mixin.py:190} INFO - [2024-09-01T00:30:50.423+0530] {dagbag.py:587} INFO - Filling up the DagBag from /Users/ravipal/Desktop/Workspace/airflow_tutorial/py_env/lib/python3.12/site-packages/airflow/example_dags/example_branch_day_of_week_operator.py
[2024-09-01T00:30:50.428+0530] {processor.py:925} INFO - DAG(s) 'example_weekday_branch_operator' retrieved from /Users/ravipal/Desktop/Workspace/airflow_tutorial/py_env/lib/python3.12/site-packages/airflow/example_dags/example_branch_day_of_week_operator.py
[2024-09-01T00:30:50.464+0530] {logging_mixin.py:190} INFO - [2024-09-01T00:30:50.463+0530] {dag.py:3211} INFO - Sync 1 DAGs
[2024-09-01T00:30:50.470+0530] {logging_mixin.py:190} INFO - [2024-09-01T00:30:50.470+0530] {dag.py:4138} INFO - Setting next_dagrun for example_weekday_branch_operator to 2024-08-30 00:00:00+00:00, run_after=2024-08-31 00:00:00+00:00
[2024-09-01T00:30:50.476+0530] {processor.py:208} INFO - Processing /Users/ravipal/Desktop/Workspace/airflow_tutorial/py_env/lib/python3.12/site-packages/airflow/example_dags/example_branch_day_of_week_operator.py took 0.056 seconds
[2024-09-01T00:33:05.217+0530] {processor.py:186} INFO - Started process (PID=2224) to work on /Users/ravipal/Desktop/Workspace/airflow_tutorial/py_env/lib/python3.12/site-packages/airflow/example_dags/example_branch_day_of_week_operator.py
[2024-09-01T00:33:05.217+0530] {processor.py:914} INFO - Processing file /Users/ravipal/Desktop/Workspace/airflow_tutorial/py_env/lib/python3.12/site-packages/airflow/example_dags/example_branch_day_of_week_operator.py for tasks to queue
[2024-09-01T00:33:05.218+0530] {logging_mixin.py:190} INFO - [2024-09-01T00:33:05.218+0530] {dagbag.py:587} INFO - Filling up the DagBag from /Users/ravipal/Desktop/Workspace/airflow_tutorial/py_env/lib/python3.12/site-packages/airflow/example_dags/example_branch_day_of_week_operator.py
[2024-09-01T00:33:05.222+0530] {processor.py:925} INFO - DAG(s) 'example_weekday_branch_operator' retrieved from /Users/ravipal/Desktop/Workspace/airflow_tutorial/py_env/lib/python3.12/site-packages/airflow/example_dags/example_branch_day_of_week_operator.py
[2024-09-01T00:33:05.260+0530] {logging_mixin.py:190} INFO - [2024-09-01T00:33:05.260+0530] {dag.py:3211} INFO - Sync 1 DAGs
[2024-09-01T00:33:05.267+0530] {logging_mixin.py:190} INFO - [2024-09-01T00:33:05.267+0530] {dag.py:4138} INFO - Setting next_dagrun for example_weekday_branch_operator to 2024-08-30 00:00:00+00:00, run_after=2024-08-31 00:00:00+00:00
[2024-09-01T00:33:05.274+0530] {processor.py:208} INFO - Processing /Users/ravipal/Desktop/Workspace/airflow_tutorial/py_env/lib/python3.12/site-packages/airflow/example_dags/example_branch_day_of_week_operator.py took 0.059 seconds
[2024-09-01T00:35:23.380+0530] {processor.py:186} INFO - Started process (PID=2363) to work on /Users/ravipal/Desktop/Workspace/airflow_tutorial/py_env/lib/python3.12/site-packages/airflow/example_dags/example_branch_day_of_week_operator.py
[2024-09-01T00:35:23.381+0530] {processor.py:914} INFO - Processing file /Users/ravipal/Desktop/Workspace/airflow_tutorial/py_env/lib/python3.12/site-packages/airflow/example_dags/example_branch_day_of_week_operator.py for tasks to queue
[2024-09-01T00:35:23.381+0530] {logging_mixin.py:190} INFO - [2024-09-01T00:35:23.381+0530] {dagbag.py:587} INFO - Filling up the DagBag from /Users/ravipal/Desktop/Workspace/airflow_tutorial/py_env/lib/python3.12/site-packages/airflow/example_dags/example_branch_day_of_week_operator.py
[2024-09-01T00:35:23.385+0530] {processor.py:925} INFO - DAG(s) 'example_weekday_branch_operator' retrieved from /Users/ravipal/Desktop/Workspace/airflow_tutorial/py_env/lib/python3.12/site-packages/airflow/example_dags/example_branch_day_of_week_operator.py
[2024-09-01T00:35:23.420+0530] {logging_mixin.py:190} INFO - [2024-09-01T00:35:23.420+0530] {dag.py:3211} INFO - Sync 1 DAGs
[2024-09-01T00:35:23.426+0530] {logging_mixin.py:190} INFO - [2024-09-01T00:35:23.426+0530] {dag.py:4138} INFO - Setting next_dagrun for example_weekday_branch_operator to 2024-08-30 00:00:00+00:00, run_after=2024-08-31 00:00:00+00:00
[2024-09-01T00:35:23.433+0530] {processor.py:208} INFO - Processing /Users/ravipal/Desktop/Workspace/airflow_tutorial/py_env/lib/python3.12/site-packages/airflow/example_dags/example_branch_day_of_week_operator.py took 0.054 seconds
[2024-09-01T00:37:35.639+0530] {processor.py:186} INFO - Started process (PID=2494) to work on /Users/ravipal/Desktop/Workspace/airflow_tutorial/py_env/lib/python3.12/site-packages/airflow/example_dags/example_branch_day_of_week_operator.py
[2024-09-01T00:37:35.639+0530] {processor.py:914} INFO - Processing file /Users/ravipal/Desktop/Workspace/airflow_tutorial/py_env/lib/python3.12/site-packages/airflow/example_dags/example_branch_day_of_week_operator.py for tasks to queue
[2024-09-01T00:37:35.640+0530] {logging_mixin.py:190} INFO - [2024-09-01T00:37:35.639+0530] {dagbag.py:587} INFO - Filling up the DagBag from /Users/ravipal/Desktop/Workspace/airflow_tutorial/py_env/lib/python3.12/site-packages/airflow/example_dags/example_branch_day_of_week_operator.py
[2024-09-01T00:37:35.644+0530] {processor.py:925} INFO - DAG(s) 'example_weekday_branch_operator' retrieved from /Users/ravipal/Desktop/Workspace/airflow_tutorial/py_env/lib/python3.12/site-packages/airflow/example_dags/example_branch_day_of_week_operator.py
[2024-09-01T00:37:35.678+0530] {logging_mixin.py:190} INFO - [2024-09-01T00:37:35.678+0530] {dag.py:3211} INFO - Sync 1 DAGs
[2024-09-01T00:37:35.685+0530] {logging_mixin.py:190} INFO - [2024-09-01T00:37:35.685+0530] {dag.py:4138} INFO - Setting next_dagrun for example_weekday_branch_operator to 2024-08-30 00:00:00+00:00, run_after=2024-08-31 00:00:00+00:00
[2024-09-01T00:37:35.691+0530] {processor.py:208} INFO - Processing /Users/ravipal/Desktop/Workspace/airflow_tutorial/py_env/lib/python3.12/site-packages/airflow/example_dags/example_branch_day_of_week_operator.py took 0.054 seconds
[2024-09-01T00:39:41.144+0530] {processor.py:186} INFO - Started process (PID=2623) to work on /Users/ravipal/Desktop/Workspace/airflow_tutorial/py_env/lib/python3.12/site-packages/airflow/example_dags/example_branch_day_of_week_operator.py
[2024-09-01T00:39:41.144+0530] {processor.py:914} INFO - Processing file /Users/ravipal/Desktop/Workspace/airflow_tutorial/py_env/lib/python3.12/site-packages/airflow/example_dags/example_branch_day_of_week_operator.py for tasks to queue
[2024-09-01T00:39:41.145+0530] {logging_mixin.py:190} INFO - [2024-09-01T00:39:41.145+0530] {dagbag.py:587} INFO - Filling up the DagBag from /Users/ravipal/Desktop/Workspace/airflow_tutorial/py_env/lib/python3.12/site-packages/airflow/example_dags/example_branch_day_of_week_operator.py
[2024-09-01T00:39:41.149+0530] {processor.py:925} INFO - DAG(s) 'example_weekday_branch_operator' retrieved from /Users/ravipal/Desktop/Workspace/airflow_tutorial/py_env/lib/python3.12/site-packages/airflow/example_dags/example_branch_day_of_week_operator.py
[2024-09-01T00:39:41.185+0530] {logging_mixin.py:190} INFO - [2024-09-01T00:39:41.185+0530] {dag.py:3211} INFO - Sync 1 DAGs
[2024-09-01T00:39:41.191+0530] {logging_mixin.py:190} INFO - [2024-09-01T00:39:41.191+0530] {dag.py:4138} INFO - Setting next_dagrun for example_weekday_branch_operator to 2024-08-30 00:00:00+00:00, run_after=2024-08-31 00:00:00+00:00
[2024-09-01T00:39:41.198+0530] {processor.py:208} INFO - Processing /Users/ravipal/Desktop/Workspace/airflow_tutorial/py_env/lib/python3.12/site-packages/airflow/example_dags/example_branch_day_of_week_operator.py took 0.056 seconds
[2024-09-01T00:41:52.829+0530] {processor.py:186} INFO - Started process (PID=2753) to work on /Users/ravipal/Desktop/Workspace/airflow_tutorial/py_env/lib/python3.12/site-packages/airflow/example_dags/example_branch_day_of_week_operator.py
[2024-09-01T00:41:52.829+0530] {processor.py:914} INFO - Processing file /Users/ravipal/Desktop/Workspace/airflow_tutorial/py_env/lib/python3.12/site-packages/airflow/example_dags/example_branch_day_of_week_operator.py for tasks to queue
[2024-09-01T00:41:52.830+0530] {logging_mixin.py:190} INFO - [2024-09-01T00:41:52.830+0530] {dagbag.py:587} INFO - Filling up the DagBag from /Users/ravipal/Desktop/Workspace/airflow_tutorial/py_env/lib/python3.12/site-packages/airflow/example_dags/example_branch_day_of_week_operator.py
[2024-09-01T00:41:52.834+0530] {processor.py:925} INFO - DAG(s) 'example_weekday_branch_operator' retrieved from /Users/ravipal/Desktop/Workspace/airflow_tutorial/py_env/lib/python3.12/site-packages/airflow/example_dags/example_branch_day_of_week_operator.py
[2024-09-01T00:41:52.870+0530] {logging_mixin.py:190} INFO - [2024-09-01T00:41:52.869+0530] {dag.py:3211} INFO - Sync 1 DAGs
[2024-09-01T00:41:52.876+0530] {logging_mixin.py:190} INFO - [2024-09-01T00:41:52.876+0530] {dag.py:4138} INFO - Setting next_dagrun for example_weekday_branch_operator to 2024-08-30 00:00:00+00:00, run_after=2024-08-31 00:00:00+00:00
[2024-09-01T00:41:52.882+0530] {processor.py:208} INFO - Processing /Users/ravipal/Desktop/Workspace/airflow_tutorial/py_env/lib/python3.12/site-packages/airflow/example_dags/example_branch_day_of_week_operator.py took 0.055 seconds
[2024-09-01T00:44:07.529+0530] {processor.py:186} INFO - Started process (PID=2886) to work on /Users/ravipal/Desktop/Workspace/airflow_tutorial/py_env/lib/python3.12/site-packages/airflow/example_dags/example_branch_day_of_week_operator.py
[2024-09-01T00:44:07.529+0530] {processor.py:914} INFO - Processing file /Users/ravipal/Desktop/Workspace/airflow_tutorial/py_env/lib/python3.12/site-packages/airflow/example_dags/example_branch_day_of_week_operator.py for tasks to queue
[2024-09-01T00:44:07.529+0530] {logging_mixin.py:190} INFO - [2024-09-01T00:44:07.529+0530] {dagbag.py:587} INFO - Filling up the DagBag from /Users/ravipal/Desktop/Workspace/airflow_tutorial/py_env/lib/python3.12/site-packages/airflow/example_dags/example_branch_day_of_week_operator.py
[2024-09-01T00:44:07.534+0530] {processor.py:925} INFO - DAG(s) 'example_weekday_branch_operator' retrieved from /Users/ravipal/Desktop/Workspace/airflow_tutorial/py_env/lib/python3.12/site-packages/airflow/example_dags/example_branch_day_of_week_operator.py
[2024-09-01T00:44:07.568+0530] {logging_mixin.py:190} INFO - [2024-09-01T00:44:07.568+0530] {dag.py:3211} INFO - Sync 1 DAGs
[2024-09-01T00:44:07.574+0530] {logging_mixin.py:190} INFO - [2024-09-01T00:44:07.574+0530] {dag.py:4138} INFO - Setting next_dagrun for example_weekday_branch_operator to 2024-08-30 00:00:00+00:00, run_after=2024-08-31 00:00:00+00:00
[2024-09-01T00:44:07.581+0530] {processor.py:208} INFO - Processing /Users/ravipal/Desktop/Workspace/airflow_tutorial/py_env/lib/python3.12/site-packages/airflow/example_dags/example_branch_day_of_week_operator.py took 0.054 seconds
[2024-09-01T00:46:22.624+0530] {processor.py:186} INFO - Started process (PID=3020) to work on /Users/ravipal/Desktop/Workspace/airflow_tutorial/py_env/lib/python3.12/site-packages/airflow/example_dags/example_branch_day_of_week_operator.py
[2024-09-01T00:46:22.624+0530] {processor.py:914} INFO - Processing file /Users/ravipal/Desktop/Workspace/airflow_tutorial/py_env/lib/python3.12/site-packages/airflow/example_dags/example_branch_day_of_week_operator.py for tasks to queue
[2024-09-01T00:46:22.625+0530] {logging_mixin.py:190} INFO - [2024-09-01T00:46:22.625+0530] {dagbag.py:587} INFO - Filling up the DagBag from /Users/ravipal/Desktop/Workspace/airflow_tutorial/py_env/lib/python3.12/site-packages/airflow/example_dags/example_branch_day_of_week_operator.py
[2024-09-01T00:46:22.629+0530] {processor.py:925} INFO - DAG(s) 'example_weekday_branch_operator' retrieved from /Users/ravipal/Desktop/Workspace/airflow_tutorial/py_env/lib/python3.12/site-packages/airflow/example_dags/example_branch_day_of_week_operator.py
[2024-09-01T00:46:22.664+0530] {logging_mixin.py:190} INFO - [2024-09-01T00:46:22.664+0530] {dag.py:3211} INFO - Sync 1 DAGs
[2024-09-01T00:46:22.670+0530] {logging_mixin.py:190} INFO - [2024-09-01T00:46:22.670+0530] {dag.py:4138} INFO - Setting next_dagrun for example_weekday_branch_operator to 2024-08-30 00:00:00+00:00, run_after=2024-08-31 00:00:00+00:00
[2024-09-01T00:46:22.677+0530] {processor.py:208} INFO - Processing /Users/ravipal/Desktop/Workspace/airflow_tutorial/py_env/lib/python3.12/site-packages/airflow/example_dags/example_branch_day_of_week_operator.py took 0.055 seconds
[2024-09-01T00:48:31.184+0530] {processor.py:186} INFO - Started process (PID=3148) to work on /Users/ravipal/Desktop/Workspace/airflow_tutorial/py_env/lib/python3.12/site-packages/airflow/example_dags/example_branch_day_of_week_operator.py
[2024-09-01T00:48:31.185+0530] {processor.py:914} INFO - Processing file /Users/ravipal/Desktop/Workspace/airflow_tutorial/py_env/lib/python3.12/site-packages/airflow/example_dags/example_branch_day_of_week_operator.py for tasks to queue
[2024-09-01T00:48:31.185+0530] {logging_mixin.py:190} INFO - [2024-09-01T00:48:31.185+0530] {dagbag.py:587} INFO - Filling up the DagBag from /Users/ravipal/Desktop/Workspace/airflow_tutorial/py_env/lib/python3.12/site-packages/airflow/example_dags/example_branch_day_of_week_operator.py
[2024-09-01T00:48:31.190+0530] {processor.py:925} INFO - DAG(s) 'example_weekday_branch_operator' retrieved from /Users/ravipal/Desktop/Workspace/airflow_tutorial/py_env/lib/python3.12/site-packages/airflow/example_dags/example_branch_day_of_week_operator.py
[2024-09-01T00:48:31.225+0530] {logging_mixin.py:190} INFO - [2024-09-01T00:48:31.225+0530] {dag.py:3211} INFO - Sync 1 DAGs
[2024-09-01T00:48:31.231+0530] {logging_mixin.py:190} INFO - [2024-09-01T00:48:31.231+0530] {dag.py:4138} INFO - Setting next_dagrun for example_weekday_branch_operator to 2024-08-30 00:00:00+00:00, run_after=2024-08-31 00:00:00+00:00
[2024-09-01T00:48:31.237+0530] {processor.py:208} INFO - Processing /Users/ravipal/Desktop/Workspace/airflow_tutorial/py_env/lib/python3.12/site-packages/airflow/example_dags/example_branch_day_of_week_operator.py took 0.055 seconds
[2024-09-01T00:50:43.375+0530] {processor.py:186} INFO - Started process (PID=3304) to work on /Users/ravipal/Desktop/Workspace/airflow_tutorial/py_env/lib/python3.12/site-packages/airflow/example_dags/example_branch_day_of_week_operator.py
[2024-09-01T00:50:43.376+0530] {processor.py:914} INFO - Processing file /Users/ravipal/Desktop/Workspace/airflow_tutorial/py_env/lib/python3.12/site-packages/airflow/example_dags/example_branch_day_of_week_operator.py for tasks to queue
[2024-09-01T00:50:43.376+0530] {logging_mixin.py:190} INFO - [2024-09-01T00:50:43.376+0530] {dagbag.py:587} INFO - Filling up the DagBag from /Users/ravipal/Desktop/Workspace/airflow_tutorial/py_env/lib/python3.12/site-packages/airflow/example_dags/example_branch_day_of_week_operator.py
[2024-09-01T00:50:43.381+0530] {processor.py:925} INFO - DAG(s) 'example_weekday_branch_operator' retrieved from /Users/ravipal/Desktop/Workspace/airflow_tutorial/py_env/lib/python3.12/site-packages/airflow/example_dags/example_branch_day_of_week_operator.py
[2024-09-01T00:50:43.419+0530] {logging_mixin.py:190} INFO - [2024-09-01T00:50:43.419+0530] {dag.py:3211} INFO - Sync 1 DAGs
[2024-09-01T00:50:43.427+0530] {logging_mixin.py:190} INFO - [2024-09-01T00:50:43.426+0530] {dag.py:4138} INFO - Setting next_dagrun for example_weekday_branch_operator to 2024-08-30 00:00:00+00:00, run_after=2024-08-31 00:00:00+00:00
[2024-09-01T00:50:43.434+0530] {processor.py:208} INFO - Processing /Users/ravipal/Desktop/Workspace/airflow_tutorial/py_env/lib/python3.12/site-packages/airflow/example_dags/example_branch_day_of_week_operator.py took 0.061 seconds
[2024-09-01T00:52:55.807+0530] {processor.py:186} INFO - Started process (PID=3440) to work on /Users/ravipal/Desktop/Workspace/airflow_tutorial/py_env/lib/python3.12/site-packages/airflow/example_dags/example_branch_day_of_week_operator.py
[2024-09-01T00:52:55.808+0530] {processor.py:914} INFO - Processing file /Users/ravipal/Desktop/Workspace/airflow_tutorial/py_env/lib/python3.12/site-packages/airflow/example_dags/example_branch_day_of_week_operator.py for tasks to queue
[2024-09-01T00:52:55.808+0530] {logging_mixin.py:190} INFO - [2024-09-01T00:52:55.808+0530] {dagbag.py:587} INFO - Filling up the DagBag from /Users/ravipal/Desktop/Workspace/airflow_tutorial/py_env/lib/python3.12/site-packages/airflow/example_dags/example_branch_day_of_week_operator.py
[2024-09-01T00:52:55.813+0530] {processor.py:925} INFO - DAG(s) 'example_weekday_branch_operator' retrieved from /Users/ravipal/Desktop/Workspace/airflow_tutorial/py_env/lib/python3.12/site-packages/airflow/example_dags/example_branch_day_of_week_operator.py
[2024-09-01T00:52:55.848+0530] {logging_mixin.py:190} INFO - [2024-09-01T00:52:55.848+0530] {dag.py:3211} INFO - Sync 1 DAGs
[2024-09-01T00:52:55.854+0530] {logging_mixin.py:190} INFO - [2024-09-01T00:52:55.854+0530] {dag.py:4138} INFO - Setting next_dagrun for example_weekday_branch_operator to 2024-08-30 00:00:00+00:00, run_after=2024-08-31 00:00:00+00:00
[2024-09-01T00:52:55.860+0530] {processor.py:208} INFO - Processing /Users/ravipal/Desktop/Workspace/airflow_tutorial/py_env/lib/python3.12/site-packages/airflow/example_dags/example_branch_day_of_week_operator.py took 0.055 seconds
[2024-09-01T00:55:07.336+0530] {processor.py:186} INFO - Started process (PID=3573) to work on /Users/ravipal/Desktop/Workspace/airflow_tutorial/py_env/lib/python3.12/site-packages/airflow/example_dags/example_branch_day_of_week_operator.py
[2024-09-01T00:55:07.336+0530] {processor.py:914} INFO - Processing file /Users/ravipal/Desktop/Workspace/airflow_tutorial/py_env/lib/python3.12/site-packages/airflow/example_dags/example_branch_day_of_week_operator.py for tasks to queue
[2024-09-01T00:55:07.337+0530] {logging_mixin.py:190} INFO - [2024-09-01T00:55:07.337+0530] {dagbag.py:587} INFO - Filling up the DagBag from /Users/ravipal/Desktop/Workspace/airflow_tutorial/py_env/lib/python3.12/site-packages/airflow/example_dags/example_branch_day_of_week_operator.py
[2024-09-01T00:55:07.341+0530] {processor.py:925} INFO - DAG(s) 'example_weekday_branch_operator' retrieved from /Users/ravipal/Desktop/Workspace/airflow_tutorial/py_env/lib/python3.12/site-packages/airflow/example_dags/example_branch_day_of_week_operator.py
[2024-09-01T00:55:07.376+0530] {logging_mixin.py:190} INFO - [2024-09-01T00:55:07.375+0530] {dag.py:3211} INFO - Sync 1 DAGs
[2024-09-01T00:55:07.382+0530] {logging_mixin.py:190} INFO - [2024-09-01T00:55:07.382+0530] {dag.py:4138} INFO - Setting next_dagrun for example_weekday_branch_operator to 2024-08-30 00:00:00+00:00, run_after=2024-08-31 00:00:00+00:00
[2024-09-01T00:55:07.388+0530] {processor.py:208} INFO - Processing /Users/ravipal/Desktop/Workspace/airflow_tutorial/py_env/lib/python3.12/site-packages/airflow/example_dags/example_branch_day_of_week_operator.py took 0.054 seconds
[2024-09-01T00:57:18.963+0530] {processor.py:186} INFO - Started process (PID=3702) to work on /Users/ravipal/Desktop/Workspace/airflow_tutorial/py_env/lib/python3.12/site-packages/airflow/example_dags/example_branch_day_of_week_operator.py
[2024-09-01T00:57:18.964+0530] {processor.py:914} INFO - Processing file /Users/ravipal/Desktop/Workspace/airflow_tutorial/py_env/lib/python3.12/site-packages/airflow/example_dags/example_branch_day_of_week_operator.py for tasks to queue
[2024-09-01T00:57:18.964+0530] {logging_mixin.py:190} INFO - [2024-09-01T00:57:18.964+0530] {dagbag.py:587} INFO - Filling up the DagBag from /Users/ravipal/Desktop/Workspace/airflow_tutorial/py_env/lib/python3.12/site-packages/airflow/example_dags/example_branch_day_of_week_operator.py
[2024-09-01T00:57:18.968+0530] {processor.py:925} INFO - DAG(s) 'example_weekday_branch_operator' retrieved from /Users/ravipal/Desktop/Workspace/airflow_tutorial/py_env/lib/python3.12/site-packages/airflow/example_dags/example_branch_day_of_week_operator.py
[2024-09-01T00:57:19.004+0530] {logging_mixin.py:190} INFO - [2024-09-01T00:57:19.003+0530] {dag.py:3211} INFO - Sync 1 DAGs
[2024-09-01T00:57:19.010+0530] {logging_mixin.py:190} INFO - [2024-09-01T00:57:19.010+0530] {dag.py:4138} INFO - Setting next_dagrun for example_weekday_branch_operator to 2024-08-30 00:00:00+00:00, run_after=2024-08-31 00:00:00+00:00
[2024-09-01T00:57:19.016+0530] {processor.py:208} INFO - Processing /Users/ravipal/Desktop/Workspace/airflow_tutorial/py_env/lib/python3.12/site-packages/airflow/example_dags/example_branch_day_of_week_operator.py took 0.055 seconds
[2024-09-01T00:59:30.760+0530] {processor.py:186} INFO - Started process (PID=3833) to work on /Users/ravipal/Desktop/Workspace/airflow_tutorial/py_env/lib/python3.12/site-packages/airflow/example_dags/example_branch_day_of_week_operator.py
[2024-09-01T00:59:30.760+0530] {processor.py:914} INFO - Processing file /Users/ravipal/Desktop/Workspace/airflow_tutorial/py_env/lib/python3.12/site-packages/airflow/example_dags/example_branch_day_of_week_operator.py for tasks to queue
[2024-09-01T00:59:30.761+0530] {logging_mixin.py:190} INFO - [2024-09-01T00:59:30.761+0530] {dagbag.py:587} INFO - Filling up the DagBag from /Users/ravipal/Desktop/Workspace/airflow_tutorial/py_env/lib/python3.12/site-packages/airflow/example_dags/example_branch_day_of_week_operator.py
[2024-09-01T00:59:30.765+0530] {processor.py:925} INFO - DAG(s) 'example_weekday_branch_operator' retrieved from /Users/ravipal/Desktop/Workspace/airflow_tutorial/py_env/lib/python3.12/site-packages/airflow/example_dags/example_branch_day_of_week_operator.py
[2024-09-01T00:59:30.801+0530] {logging_mixin.py:190} INFO - [2024-09-01T00:59:30.801+0530] {dag.py:3211} INFO - Sync 1 DAGs
[2024-09-01T00:59:30.807+0530] {logging_mixin.py:190} INFO - [2024-09-01T00:59:30.807+0530] {dag.py:4138} INFO - Setting next_dagrun for example_weekday_branch_operator to 2024-08-30 00:00:00+00:00, run_after=2024-08-31 00:00:00+00:00
[2024-09-01T00:59:30.814+0530] {processor.py:208} INFO - Processing /Users/ravipal/Desktop/Workspace/airflow_tutorial/py_env/lib/python3.12/site-packages/airflow/example_dags/example_branch_day_of_week_operator.py took 0.056 seconds
[2024-09-01T01:01:38.174+0530] {processor.py:186} INFO - Started process (PID=3962) to work on /Users/ravipal/Desktop/Workspace/airflow_tutorial/py_env/lib/python3.12/site-packages/airflow/example_dags/example_branch_day_of_week_operator.py
[2024-09-01T01:01:38.174+0530] {processor.py:914} INFO - Processing file /Users/ravipal/Desktop/Workspace/airflow_tutorial/py_env/lib/python3.12/site-packages/airflow/example_dags/example_branch_day_of_week_operator.py for tasks to queue
[2024-09-01T01:01:38.175+0530] {logging_mixin.py:190} INFO - [2024-09-01T01:01:38.175+0530] {dagbag.py:587} INFO - Filling up the DagBag from /Users/ravipal/Desktop/Workspace/airflow_tutorial/py_env/lib/python3.12/site-packages/airflow/example_dags/example_branch_day_of_week_operator.py
[2024-09-01T01:01:38.179+0530] {processor.py:925} INFO - DAG(s) 'example_weekday_branch_operator' retrieved from /Users/ravipal/Desktop/Workspace/airflow_tutorial/py_env/lib/python3.12/site-packages/airflow/example_dags/example_branch_day_of_week_operator.py
[2024-09-01T01:01:38.214+0530] {logging_mixin.py:190} INFO - [2024-09-01T01:01:38.213+0530] {dag.py:3211} INFO - Sync 1 DAGs
[2024-09-01T01:01:38.220+0530] {logging_mixin.py:190} INFO - [2024-09-01T01:01:38.220+0530] {dag.py:4138} INFO - Setting next_dagrun for example_weekday_branch_operator to 2024-08-30 00:00:00+00:00, run_after=2024-08-31 00:00:00+00:00
[2024-09-01T01:01:38.226+0530] {processor.py:208} INFO - Processing /Users/ravipal/Desktop/Workspace/airflow_tutorial/py_env/lib/python3.12/site-packages/airflow/example_dags/example_branch_day_of_week_operator.py took 0.054 seconds
[2024-09-01T01:03:42.371+0530] {processor.py:186} INFO - Started process (PID=4092) to work on /Users/ravipal/Desktop/Workspace/airflow_tutorial/py_env/lib/python3.12/site-packages/airflow/example_dags/example_branch_day_of_week_operator.py
[2024-09-01T01:03:42.371+0530] {processor.py:914} INFO - Processing file /Users/ravipal/Desktop/Workspace/airflow_tutorial/py_env/lib/python3.12/site-packages/airflow/example_dags/example_branch_day_of_week_operator.py for tasks to queue
[2024-09-01T01:03:42.372+0530] {logging_mixin.py:190} INFO - [2024-09-01T01:03:42.371+0530] {dagbag.py:587} INFO - Filling up the DagBag from /Users/ravipal/Desktop/Workspace/airflow_tutorial/py_env/lib/python3.12/site-packages/airflow/example_dags/example_branch_day_of_week_operator.py
[2024-09-01T01:03:42.376+0530] {processor.py:925} INFO - DAG(s) 'example_weekday_branch_operator' retrieved from /Users/ravipal/Desktop/Workspace/airflow_tutorial/py_env/lib/python3.12/site-packages/airflow/example_dags/example_branch_day_of_week_operator.py
[2024-09-01T01:03:42.412+0530] {logging_mixin.py:190} INFO - [2024-09-01T01:03:42.412+0530] {dag.py:3211} INFO - Sync 1 DAGs
[2024-09-01T01:03:42.418+0530] {logging_mixin.py:190} INFO - [2024-09-01T01:03:42.418+0530] {dag.py:4138} INFO - Setting next_dagrun for example_weekday_branch_operator to 2024-08-30 00:00:00+00:00, run_after=2024-08-31 00:00:00+00:00
[2024-09-01T01:03:42.424+0530] {processor.py:208} INFO - Processing /Users/ravipal/Desktop/Workspace/airflow_tutorial/py_env/lib/python3.12/site-packages/airflow/example_dags/example_branch_day_of_week_operator.py took 0.056 seconds
[2024-09-01T01:05:51.948+0530] {processor.py:186} INFO - Started process (PID=4250) to work on /Users/ravipal/Desktop/Workspace/airflow_tutorial/py_env/lib/python3.12/site-packages/airflow/example_dags/example_branch_day_of_week_operator.py
[2024-09-01T01:05:51.949+0530] {processor.py:914} INFO - Processing file /Users/ravipal/Desktop/Workspace/airflow_tutorial/py_env/lib/python3.12/site-packages/airflow/example_dags/example_branch_day_of_week_operator.py for tasks to queue
[2024-09-01T01:05:51.950+0530] {logging_mixin.py:190} INFO - [2024-09-01T01:05:51.950+0530] {dagbag.py:587} INFO - Filling up the DagBag from /Users/ravipal/Desktop/Workspace/airflow_tutorial/py_env/lib/python3.12/site-packages/airflow/example_dags/example_branch_day_of_week_operator.py
[2024-09-01T01:05:51.955+0530] {processor.py:925} INFO - DAG(s) 'example_weekday_branch_operator' retrieved from /Users/ravipal/Desktop/Workspace/airflow_tutorial/py_env/lib/python3.12/site-packages/airflow/example_dags/example_branch_day_of_week_operator.py
[2024-09-01T01:05:51.990+0530] {logging_mixin.py:190} INFO - [2024-09-01T01:05:51.990+0530] {dag.py:3211} INFO - Sync 1 DAGs
[2024-09-01T01:05:51.996+0530] {logging_mixin.py:190} INFO - [2024-09-01T01:05:51.996+0530] {dag.py:4138} INFO - Setting next_dagrun for example_weekday_branch_operator to 2024-08-30 00:00:00+00:00, run_after=2024-08-31 00:00:00+00:00
[2024-09-01T01:05:52.002+0530] {processor.py:208} INFO - Processing /Users/ravipal/Desktop/Workspace/airflow_tutorial/py_env/lib/python3.12/site-packages/airflow/example_dags/example_branch_day_of_week_operator.py took 0.056 seconds
[2024-09-01T01:08:03.033+0530] {processor.py:186} INFO - Started process (PID=4387) to work on /Users/ravipal/Desktop/Workspace/airflow_tutorial/py_env/lib/python3.12/site-packages/airflow/example_dags/example_branch_day_of_week_operator.py
[2024-09-01T01:08:03.033+0530] {processor.py:914} INFO - Processing file /Users/ravipal/Desktop/Workspace/airflow_tutorial/py_env/lib/python3.12/site-packages/airflow/example_dags/example_branch_day_of_week_operator.py for tasks to queue
[2024-09-01T01:08:03.034+0530] {logging_mixin.py:190} INFO - [2024-09-01T01:08:03.034+0530] {dagbag.py:587} INFO - Filling up the DagBag from /Users/ravipal/Desktop/Workspace/airflow_tutorial/py_env/lib/python3.12/site-packages/airflow/example_dags/example_branch_day_of_week_operator.py
[2024-09-01T01:08:03.038+0530] {processor.py:925} INFO - DAG(s) 'example_weekday_branch_operator' retrieved from /Users/ravipal/Desktop/Workspace/airflow_tutorial/py_env/lib/python3.12/site-packages/airflow/example_dags/example_branch_day_of_week_operator.py
[2024-09-01T01:08:03.074+0530] {logging_mixin.py:190} INFO - [2024-09-01T01:08:03.074+0530] {dag.py:3211} INFO - Sync 1 DAGs
[2024-09-01T01:08:03.080+0530] {logging_mixin.py:190} INFO - [2024-09-01T01:08:03.080+0530] {dag.py:4138} INFO - Setting next_dagrun for example_weekday_branch_operator to 2024-08-30 00:00:00+00:00, run_after=2024-08-31 00:00:00+00:00
[2024-09-01T01:08:03.087+0530] {processor.py:208} INFO - Processing /Users/ravipal/Desktop/Workspace/airflow_tutorial/py_env/lib/python3.12/site-packages/airflow/example_dags/example_branch_day_of_week_operator.py took 0.056 seconds
[2024-09-01T01:10:11.911+0530] {processor.py:186} INFO - Started process (PID=4514) to work on /Users/ravipal/Desktop/Workspace/airflow_tutorial/py_env/lib/python3.12/site-packages/airflow/example_dags/example_branch_day_of_week_operator.py
[2024-09-01T01:10:11.912+0530] {processor.py:914} INFO - Processing file /Users/ravipal/Desktop/Workspace/airflow_tutorial/py_env/lib/python3.12/site-packages/airflow/example_dags/example_branch_day_of_week_operator.py for tasks to queue
[2024-09-01T01:10:11.912+0530] {logging_mixin.py:190} INFO - [2024-09-01T01:10:11.912+0530] {dagbag.py:587} INFO - Filling up the DagBag from /Users/ravipal/Desktop/Workspace/airflow_tutorial/py_env/lib/python3.12/site-packages/airflow/example_dags/example_branch_day_of_week_operator.py
[2024-09-01T01:10:11.916+0530] {processor.py:925} INFO - DAG(s) 'example_weekday_branch_operator' retrieved from /Users/ravipal/Desktop/Workspace/airflow_tutorial/py_env/lib/python3.12/site-packages/airflow/example_dags/example_branch_day_of_week_operator.py
[2024-09-01T01:10:11.952+0530] {logging_mixin.py:190} INFO - [2024-09-01T01:10:11.951+0530] {dag.py:3211} INFO - Sync 1 DAGs
[2024-09-01T01:10:11.958+0530] {logging_mixin.py:190} INFO - [2024-09-01T01:10:11.958+0530] {dag.py:4138} INFO - Setting next_dagrun for example_weekday_branch_operator to 2024-08-30 00:00:00+00:00, run_after=2024-08-31 00:00:00+00:00
[2024-09-01T01:10:11.964+0530] {processor.py:208} INFO - Processing /Users/ravipal/Desktop/Workspace/airflow_tutorial/py_env/lib/python3.12/site-packages/airflow/example_dags/example_branch_day_of_week_operator.py took 0.055 seconds
[2024-09-01T01:12:18.649+0530] {processor.py:186} INFO - Started process (PID=4644) to work on /Users/ravipal/Desktop/Workspace/airflow_tutorial/py_env/lib/python3.12/site-packages/airflow/example_dags/example_branch_day_of_week_operator.py
[2024-09-01T01:12:18.650+0530] {processor.py:914} INFO - Processing file /Users/ravipal/Desktop/Workspace/airflow_tutorial/py_env/lib/python3.12/site-packages/airflow/example_dags/example_branch_day_of_week_operator.py for tasks to queue
[2024-09-01T01:12:18.650+0530] {logging_mixin.py:190} INFO - [2024-09-01T01:12:18.650+0530] {dagbag.py:587} INFO - Filling up the DagBag from /Users/ravipal/Desktop/Workspace/airflow_tutorial/py_env/lib/python3.12/site-packages/airflow/example_dags/example_branch_day_of_week_operator.py
[2024-09-01T01:12:18.655+0530] {processor.py:925} INFO - DAG(s) 'example_weekday_branch_operator' retrieved from /Users/ravipal/Desktop/Workspace/airflow_tutorial/py_env/lib/python3.12/site-packages/airflow/example_dags/example_branch_day_of_week_operator.py
[2024-09-01T01:12:18.691+0530] {logging_mixin.py:190} INFO - [2024-09-01T01:12:18.691+0530] {dag.py:3211} INFO - Sync 1 DAGs
[2024-09-01T01:12:18.697+0530] {logging_mixin.py:190} INFO - [2024-09-01T01:12:18.697+0530] {dag.py:4138} INFO - Setting next_dagrun for example_weekday_branch_operator to 2024-08-30 00:00:00+00:00, run_after=2024-08-31 00:00:00+00:00
[2024-09-01T01:12:18.703+0530] {processor.py:208} INFO - Processing /Users/ravipal/Desktop/Workspace/airflow_tutorial/py_env/lib/python3.12/site-packages/airflow/example_dags/example_branch_day_of_week_operator.py took 0.056 seconds
[2024-09-01T01:14:26.754+0530] {processor.py:186} INFO - Started process (PID=4771) to work on /Users/ravipal/Desktop/Workspace/airflow_tutorial/py_env/lib/python3.12/site-packages/airflow/example_dags/example_branch_day_of_week_operator.py
[2024-09-01T01:14:26.755+0530] {processor.py:914} INFO - Processing file /Users/ravipal/Desktop/Workspace/airflow_tutorial/py_env/lib/python3.12/site-packages/airflow/example_dags/example_branch_day_of_week_operator.py for tasks to queue
[2024-09-01T01:14:26.755+0530] {logging_mixin.py:190} INFO - [2024-09-01T01:14:26.755+0530] {dagbag.py:587} INFO - Filling up the DagBag from /Users/ravipal/Desktop/Workspace/airflow_tutorial/py_env/lib/python3.12/site-packages/airflow/example_dags/example_branch_day_of_week_operator.py
[2024-09-01T01:14:26.759+0530] {processor.py:925} INFO - DAG(s) 'example_weekday_branch_operator' retrieved from /Users/ravipal/Desktop/Workspace/airflow_tutorial/py_env/lib/python3.12/site-packages/airflow/example_dags/example_branch_day_of_week_operator.py
[2024-09-01T01:14:26.795+0530] {logging_mixin.py:190} INFO - [2024-09-01T01:14:26.795+0530] {dag.py:3211} INFO - Sync 1 DAGs
[2024-09-01T01:14:26.801+0530] {logging_mixin.py:190} INFO - [2024-09-01T01:14:26.801+0530] {dag.py:4138} INFO - Setting next_dagrun for example_weekday_branch_operator to 2024-08-30 00:00:00+00:00, run_after=2024-08-31 00:00:00+00:00
[2024-09-01T01:14:26.808+0530] {processor.py:208} INFO - Processing /Users/ravipal/Desktop/Workspace/airflow_tutorial/py_env/lib/python3.12/site-packages/airflow/example_dags/example_branch_day_of_week_operator.py took 0.056 seconds
[2024-09-01T01:16:39.136+0530] {processor.py:186} INFO - Started process (PID=4904) to work on /Users/ravipal/Desktop/Workspace/airflow_tutorial/py_env/lib/python3.12/site-packages/airflow/example_dags/example_branch_day_of_week_operator.py
[2024-09-01T01:16:39.136+0530] {processor.py:914} INFO - Processing file /Users/ravipal/Desktop/Workspace/airflow_tutorial/py_env/lib/python3.12/site-packages/airflow/example_dags/example_branch_day_of_week_operator.py for tasks to queue
[2024-09-01T01:16:39.137+0530] {logging_mixin.py:190} INFO - [2024-09-01T01:16:39.137+0530] {dagbag.py:587} INFO - Filling up the DagBag from /Users/ravipal/Desktop/Workspace/airflow_tutorial/py_env/lib/python3.12/site-packages/airflow/example_dags/example_branch_day_of_week_operator.py
[2024-09-01T01:16:39.141+0530] {processor.py:925} INFO - DAG(s) 'example_weekday_branch_operator' retrieved from /Users/ravipal/Desktop/Workspace/airflow_tutorial/py_env/lib/python3.12/site-packages/airflow/example_dags/example_branch_day_of_week_operator.py
[2024-09-01T01:16:39.177+0530] {logging_mixin.py:190} INFO - [2024-09-01T01:16:39.177+0530] {dag.py:3211} INFO - Sync 1 DAGs
[2024-09-01T01:16:39.183+0530] {logging_mixin.py:190} INFO - [2024-09-01T01:16:39.183+0530] {dag.py:4138} INFO - Setting next_dagrun for example_weekday_branch_operator to 2024-08-30 00:00:00+00:00, run_after=2024-08-31 00:00:00+00:00
[2024-09-01T01:16:39.190+0530] {processor.py:208} INFO - Processing /Users/ravipal/Desktop/Workspace/airflow_tutorial/py_env/lib/python3.12/site-packages/airflow/example_dags/example_branch_day_of_week_operator.py took 0.056 seconds
[2024-09-01T01:18:50.183+0530] {processor.py:186} INFO - Started process (PID=5038) to work on /Users/ravipal/Desktop/Workspace/airflow_tutorial/py_env/lib/python3.12/site-packages/airflow/example_dags/example_branch_day_of_week_operator.py
[2024-09-01T01:18:50.184+0530] {processor.py:914} INFO - Processing file /Users/ravipal/Desktop/Workspace/airflow_tutorial/py_env/lib/python3.12/site-packages/airflow/example_dags/example_branch_day_of_week_operator.py for tasks to queue
[2024-09-01T01:18:50.184+0530] {logging_mixin.py:190} INFO - [2024-09-01T01:18:50.184+0530] {dagbag.py:587} INFO - Filling up the DagBag from /Users/ravipal/Desktop/Workspace/airflow_tutorial/py_env/lib/python3.12/site-packages/airflow/example_dags/example_branch_day_of_week_operator.py
[2024-09-01T01:18:50.188+0530] {processor.py:925} INFO - DAG(s) 'example_weekday_branch_operator' retrieved from /Users/ravipal/Desktop/Workspace/airflow_tutorial/py_env/lib/python3.12/site-packages/airflow/example_dags/example_branch_day_of_week_operator.py
[2024-09-01T01:18:50.224+0530] {logging_mixin.py:190} INFO - [2024-09-01T01:18:50.224+0530] {dag.py:3211} INFO - Sync 1 DAGs
[2024-09-01T01:18:50.230+0530] {logging_mixin.py:190} INFO - [2024-09-01T01:18:50.230+0530] {dag.py:4138} INFO - Setting next_dagrun for example_weekday_branch_operator to 2024-08-30 00:00:00+00:00, run_after=2024-08-31 00:00:00+00:00
[2024-09-01T01:18:50.237+0530] {processor.py:208} INFO - Processing /Users/ravipal/Desktop/Workspace/airflow_tutorial/py_env/lib/python3.12/site-packages/airflow/example_dags/example_branch_day_of_week_operator.py took 0.055 seconds
