[2024-09-01T00:23:05.158+0530] {processor.py:186} INFO - Started process (PID=1428) to work on /Users/ravipal/Desktop/Workspace/airflow_tutorial/py_env/lib/python3.12/site-packages/airflow/example_dags/example_task_group_decorator.py
[2024-09-01T00:23:05.159+0530] {processor.py:914} INFO - Processing file /Users/ravipal/Desktop/Workspace/airflow_tutorial/py_env/lib/python3.12/site-packages/airflow/example_dags/example_task_group_decorator.py for tasks to queue
[2024-09-01T00:23:05.159+0530] {logging_mixin.py:190} INFO - [2024-09-01T00:23:05.159+0530] {dagbag.py:587} INFO - Filling up the DagBag from /Users/ravipal/Desktop/Workspace/airflow_tutorial/py_env/lib/python3.12/site-packages/airflow/example_dags/example_task_group_decorator.py
[2024-09-01T00:23:05.177+0530] {processor.py:925} INFO - DAG(s) 'example_task_group_decorator' retrieved from /Users/ravipal/Desktop/Workspace/airflow_tutorial/py_env/lib/python3.12/site-packages/airflow/example_dags/example_task_group_decorator.py
[2024-09-01T00:23:05.270+0530] {logging_mixin.py:190} INFO - [2024-09-01T00:23:05.270+0530] {override.py:1858} INFO - Created Permission View: can delete on DAG:example_task_group_decorator
[2024-09-01T00:23:05.273+0530] {logging_mixin.py:190} INFO - [2024-09-01T00:23:05.273+0530] {override.py:1858} INFO - Created Permission View: can edit on DAG:example_task_group_decorator
[2024-09-01T00:23:05.275+0530] {logging_mixin.py:190} INFO - [2024-09-01T00:23:05.275+0530] {override.py:1858} INFO - Created Permission View: can read on DAG:example_task_group_decorator
[2024-09-01T00:23:05.275+0530] {logging_mixin.py:190} INFO - [2024-09-01T00:23:05.275+0530] {dag.py:3211} INFO - Sync 1 DAGs
[2024-09-01T00:23:05.279+0530] {logging_mixin.py:190} INFO - [2024-09-01T00:23:05.279+0530] {dag.py:3234} INFO - Creating ORM DAG for example_task_group_decorator
[2024-09-01T00:23:05.282+0530] {logging_mixin.py:190} INFO - [2024-09-01T00:23:05.281+0530] {dag.py:4138} INFO - Setting next_dagrun for example_task_group_decorator to 2024-08-30 00:00:00+00:00, run_after=2024-08-31 00:00:00+00:00
[2024-09-01T00:23:05.287+0530] {processor.py:208} INFO - Processing /Users/ravipal/Desktop/Workspace/airflow_tutorial/py_env/lib/python3.12/site-packages/airflow/example_dags/example_task_group_decorator.py took 0.131 seconds
[2024-09-01T00:24:44.924+0530] {processor.py:186} INFO - Started process (PID=1530) to work on /Users/ravipal/Desktop/Workspace/airflow_tutorial/py_env/lib/python3.12/site-packages/airflow/example_dags/example_task_group_decorator.py
[2024-09-01T00:24:44.924+0530] {processor.py:914} INFO - Processing file /Users/ravipal/Desktop/Workspace/airflow_tutorial/py_env/lib/python3.12/site-packages/airflow/example_dags/example_task_group_decorator.py for tasks to queue
[2024-09-01T00:24:44.925+0530] {logging_mixin.py:190} INFO - [2024-09-01T00:24:44.925+0530] {dagbag.py:587} INFO - Filling up the DagBag from /Users/ravipal/Desktop/Workspace/airflow_tutorial/py_env/lib/python3.12/site-packages/airflow/example_dags/example_task_group_decorator.py
[2024-09-01T00:24:44.943+0530] {processor.py:925} INFO - DAG(s) 'example_task_group_decorator' retrieved from /Users/ravipal/Desktop/Workspace/airflow_tutorial/py_env/lib/python3.12/site-packages/airflow/example_dags/example_task_group_decorator.py
[2024-09-01T00:24:44.978+0530] {logging_mixin.py:190} INFO - [2024-09-01T00:24:44.978+0530] {dag.py:3211} INFO - Sync 1 DAGs
[2024-09-01T00:24:44.985+0530] {logging_mixin.py:190} INFO - [2024-09-01T00:24:44.985+0530] {dag.py:4138} INFO - Setting next_dagrun for example_task_group_decorator to 2024-08-30 00:00:00+00:00, run_after=2024-08-31 00:00:00+00:00
[2024-09-01T00:24:44.992+0530] {processor.py:208} INFO - Processing /Users/ravipal/Desktop/Workspace/airflow_tutorial/py_env/lib/python3.12/site-packages/airflow/example_dags/example_task_group_decorator.py took 0.071 seconds
[2024-09-01T00:25:51.449+0530] {processor.py:186} INFO - Started process (PID=1599) to work on /Users/ravipal/Desktop/Workspace/airflow_tutorial/py_env/lib/python3.12/site-packages/airflow/example_dags/example_task_group_decorator.py
[2024-09-01T00:25:51.449+0530] {processor.py:914} INFO - Processing file /Users/ravipal/Desktop/Workspace/airflow_tutorial/py_env/lib/python3.12/site-packages/airflow/example_dags/example_task_group_decorator.py for tasks to queue
[2024-09-01T00:25:51.450+0530] {logging_mixin.py:190} INFO - [2024-09-01T00:25:51.450+0530] {dagbag.py:587} INFO - Filling up the DagBag from /Users/ravipal/Desktop/Workspace/airflow_tutorial/py_env/lib/python3.12/site-packages/airflow/example_dags/example_task_group_decorator.py
[2024-09-01T00:25:51.469+0530] {processor.py:925} INFO - DAG(s) 'example_task_group_decorator' retrieved from /Users/ravipal/Desktop/Workspace/airflow_tutorial/py_env/lib/python3.12/site-packages/airflow/example_dags/example_task_group_decorator.py
[2024-09-01T00:25:51.507+0530] {logging_mixin.py:190} INFO - [2024-09-01T00:25:51.507+0530] {dag.py:3211} INFO - Sync 1 DAGs
[2024-09-01T00:25:51.514+0530] {logging_mixin.py:190} INFO - [2024-09-01T00:25:51.514+0530] {dag.py:4138} INFO - Setting next_dagrun for example_task_group_decorator to 2024-08-30 00:00:00+00:00, run_after=2024-08-31 00:00:00+00:00
[2024-09-01T00:25:51.523+0530] {processor.py:208} INFO - Processing /Users/ravipal/Desktop/Workspace/airflow_tutorial/py_env/lib/python3.12/site-packages/airflow/example_dags/example_task_group_decorator.py took 0.077 seconds
[2024-09-01T00:26:59.098+0530] {processor.py:186} INFO - Started process (PID=1682) to work on /Users/ravipal/Desktop/Workspace/airflow_tutorial/py_env/lib/python3.12/site-packages/airflow/example_dags/example_task_group_decorator.py
[2024-09-01T00:26:59.098+0530] {processor.py:914} INFO - Processing file /Users/ravipal/Desktop/Workspace/airflow_tutorial/py_env/lib/python3.12/site-packages/airflow/example_dags/example_task_group_decorator.py for tasks to queue
[2024-09-01T00:26:59.099+0530] {logging_mixin.py:190} INFO - [2024-09-01T00:26:59.099+0530] {dagbag.py:587} INFO - Filling up the DagBag from /Users/ravipal/Desktop/Workspace/airflow_tutorial/py_env/lib/python3.12/site-packages/airflow/example_dags/example_task_group_decorator.py
[2024-09-01T00:26:59.122+0530] {processor.py:925} INFO - DAG(s) 'example_task_group_decorator' retrieved from /Users/ravipal/Desktop/Workspace/airflow_tutorial/py_env/lib/python3.12/site-packages/airflow/example_dags/example_task_group_decorator.py
[2024-09-01T00:26:59.158+0530] {logging_mixin.py:190} INFO - [2024-09-01T00:26:59.158+0530] {dag.py:3211} INFO - Sync 1 DAGs
[2024-09-01T00:26:59.165+0530] {logging_mixin.py:190} INFO - [2024-09-01T00:26:59.165+0530] {dag.py:4138} INFO - Setting next_dagrun for example_task_group_decorator to 2024-08-30 00:00:00+00:00, run_after=2024-08-31 00:00:00+00:00
[2024-09-01T00:26:59.171+0530] {processor.py:208} INFO - Processing /Users/ravipal/Desktop/Workspace/airflow_tutorial/py_env/lib/python3.12/site-packages/airflow/example_dags/example_task_group_decorator.py took 0.076 seconds
[2024-09-01T00:28:10.595+0530] {processor.py:186} INFO - Started process (PID=1928) to work on /Users/ravipal/Desktop/Workspace/airflow_tutorial/py_env/lib/python3.12/site-packages/airflow/example_dags/example_task_group_decorator.py
[2024-09-01T00:28:10.596+0530] {processor.py:914} INFO - Processing file /Users/ravipal/Desktop/Workspace/airflow_tutorial/py_env/lib/python3.12/site-packages/airflow/example_dags/example_task_group_decorator.py for tasks to queue
[2024-09-01T00:28:10.596+0530] {logging_mixin.py:190} INFO - [2024-09-01T00:28:10.596+0530] {dagbag.py:587} INFO - Filling up the DagBag from /Users/ravipal/Desktop/Workspace/airflow_tutorial/py_env/lib/python3.12/site-packages/airflow/example_dags/example_task_group_decorator.py
[2024-09-01T00:28:10.614+0530] {processor.py:925} INFO - DAG(s) 'example_task_group_decorator' retrieved from /Users/ravipal/Desktop/Workspace/airflow_tutorial/py_env/lib/python3.12/site-packages/airflow/example_dags/example_task_group_decorator.py
[2024-09-01T00:28:10.648+0530] {logging_mixin.py:190} INFO - [2024-09-01T00:28:10.648+0530] {dag.py:3211} INFO - Sync 1 DAGs
[2024-09-01T00:28:10.655+0530] {logging_mixin.py:190} INFO - [2024-09-01T00:28:10.655+0530] {dag.py:4138} INFO - Setting next_dagrun for example_task_group_decorator to 2024-08-30 00:00:00+00:00, run_after=2024-08-31 00:00:00+00:00
[2024-09-01T00:28:10.661+0530] {processor.py:208} INFO - Processing /Users/ravipal/Desktop/Workspace/airflow_tutorial/py_env/lib/python3.12/site-packages/airflow/example_dags/example_task_group_decorator.py took 0.068 seconds
[2024-09-01T00:29:17.587+0530] {processor.py:186} INFO - Started process (PID=1996) to work on /Users/ravipal/Desktop/Workspace/airflow_tutorial/py_env/lib/python3.12/site-packages/airflow/example_dags/example_task_group_decorator.py
[2024-09-01T00:29:17.587+0530] {processor.py:914} INFO - Processing file /Users/ravipal/Desktop/Workspace/airflow_tutorial/py_env/lib/python3.12/site-packages/airflow/example_dags/example_task_group_decorator.py for tasks to queue
[2024-09-01T00:29:17.587+0530] {logging_mixin.py:190} INFO - [2024-09-01T00:29:17.587+0530] {dagbag.py:587} INFO - Filling up the DagBag from /Users/ravipal/Desktop/Workspace/airflow_tutorial/py_env/lib/python3.12/site-packages/airflow/example_dags/example_task_group_decorator.py
[2024-09-01T00:29:17.605+0530] {processor.py:925} INFO - DAG(s) 'example_task_group_decorator' retrieved from /Users/ravipal/Desktop/Workspace/airflow_tutorial/py_env/lib/python3.12/site-packages/airflow/example_dags/example_task_group_decorator.py
[2024-09-01T00:29:17.639+0530] {logging_mixin.py:190} INFO - [2024-09-01T00:29:17.639+0530] {dag.py:3211} INFO - Sync 1 DAGs
[2024-09-01T00:29:17.645+0530] {logging_mixin.py:190} INFO - [2024-09-01T00:29:17.645+0530] {dag.py:4138} INFO - Setting next_dagrun for example_task_group_decorator to 2024-08-30 00:00:00+00:00, run_after=2024-08-31 00:00:00+00:00
[2024-09-01T00:29:17.652+0530] {processor.py:208} INFO - Processing /Users/ravipal/Desktop/Workspace/airflow_tutorial/py_env/lib/python3.12/site-packages/airflow/example_dags/example_task_group_decorator.py took 0.068 seconds
[2024-09-01T00:30:20.128+0530] {processor.py:186} INFO - Started process (PID=2061) to work on /Users/ravipal/Desktop/Workspace/airflow_tutorial/py_env/lib/python3.12/site-packages/airflow/example_dags/example_task_group_decorator.py
[2024-09-01T00:30:20.129+0530] {processor.py:914} INFO - Processing file /Users/ravipal/Desktop/Workspace/airflow_tutorial/py_env/lib/python3.12/site-packages/airflow/example_dags/example_task_group_decorator.py for tasks to queue
[2024-09-01T00:30:20.129+0530] {logging_mixin.py:190} INFO - [2024-09-01T00:30:20.129+0530] {dagbag.py:587} INFO - Filling up the DagBag from /Users/ravipal/Desktop/Workspace/airflow_tutorial/py_env/lib/python3.12/site-packages/airflow/example_dags/example_task_group_decorator.py
[2024-09-01T00:30:20.147+0530] {processor.py:925} INFO - DAG(s) 'example_task_group_decorator' retrieved from /Users/ravipal/Desktop/Workspace/airflow_tutorial/py_env/lib/python3.12/site-packages/airflow/example_dags/example_task_group_decorator.py
[2024-09-01T00:30:20.186+0530] {logging_mixin.py:190} INFO - [2024-09-01T00:30:20.186+0530] {dag.py:3211} INFO - Sync 1 DAGs
[2024-09-01T00:30:20.192+0530] {logging_mixin.py:190} INFO - [2024-09-01T00:30:20.192+0530] {dag.py:4138} INFO - Setting next_dagrun for example_task_group_decorator to 2024-08-30 00:00:00+00:00, run_after=2024-08-31 00:00:00+00:00
[2024-09-01T00:30:20.199+0530] {processor.py:208} INFO - Processing /Users/ravipal/Desktop/Workspace/airflow_tutorial/py_env/lib/python3.12/site-packages/airflow/example_dags/example_task_group_decorator.py took 0.072 seconds
[2024-09-01T00:31:27.054+0530] {processor.py:186} INFO - Started process (PID=2127) to work on /Users/ravipal/Desktop/Workspace/airflow_tutorial/py_env/lib/python3.12/site-packages/airflow/example_dags/example_task_group_decorator.py
[2024-09-01T00:31:27.054+0530] {processor.py:914} INFO - Processing file /Users/ravipal/Desktop/Workspace/airflow_tutorial/py_env/lib/python3.12/site-packages/airflow/example_dags/example_task_group_decorator.py for tasks to queue
[2024-09-01T00:31:27.055+0530] {logging_mixin.py:190} INFO - [2024-09-01T00:31:27.055+0530] {dagbag.py:587} INFO - Filling up the DagBag from /Users/ravipal/Desktop/Workspace/airflow_tutorial/py_env/lib/python3.12/site-packages/airflow/example_dags/example_task_group_decorator.py
[2024-09-01T00:31:27.073+0530] {processor.py:925} INFO - DAG(s) 'example_task_group_decorator' retrieved from /Users/ravipal/Desktop/Workspace/airflow_tutorial/py_env/lib/python3.12/site-packages/airflow/example_dags/example_task_group_decorator.py
[2024-09-01T00:31:27.109+0530] {logging_mixin.py:190} INFO - [2024-09-01T00:31:27.109+0530] {dag.py:3211} INFO - Sync 1 DAGs
[2024-09-01T00:31:27.115+0530] {logging_mixin.py:190} INFO - [2024-09-01T00:31:27.115+0530] {dag.py:4138} INFO - Setting next_dagrun for example_task_group_decorator to 2024-08-30 00:00:00+00:00, run_after=2024-08-31 00:00:00+00:00
[2024-09-01T00:31:27.122+0530] {processor.py:208} INFO - Processing /Users/ravipal/Desktop/Workspace/airflow_tutorial/py_env/lib/python3.12/site-packages/airflow/example_dags/example_task_group_decorator.py took 0.070 seconds
[2024-09-01T00:32:33.437+0530] {processor.py:186} INFO - Started process (PID=2194) to work on /Users/ravipal/Desktop/Workspace/airflow_tutorial/py_env/lib/python3.12/site-packages/airflow/example_dags/example_task_group_decorator.py
[2024-09-01T00:32:33.437+0530] {processor.py:914} INFO - Processing file /Users/ravipal/Desktop/Workspace/airflow_tutorial/py_env/lib/python3.12/site-packages/airflow/example_dags/example_task_group_decorator.py for tasks to queue
[2024-09-01T00:32:33.437+0530] {logging_mixin.py:190} INFO - [2024-09-01T00:32:33.437+0530] {dagbag.py:587} INFO - Filling up the DagBag from /Users/ravipal/Desktop/Workspace/airflow_tutorial/py_env/lib/python3.12/site-packages/airflow/example_dags/example_task_group_decorator.py
[2024-09-01T00:32:33.455+0530] {processor.py:925} INFO - DAG(s) 'example_task_group_decorator' retrieved from /Users/ravipal/Desktop/Workspace/airflow_tutorial/py_env/lib/python3.12/site-packages/airflow/example_dags/example_task_group_decorator.py
[2024-09-01T00:32:33.490+0530] {logging_mixin.py:190} INFO - [2024-09-01T00:32:33.490+0530] {dag.py:3211} INFO - Sync 1 DAGs
[2024-09-01T00:32:33.496+0530] {logging_mixin.py:190} INFO - [2024-09-01T00:32:33.496+0530] {dag.py:4138} INFO - Setting next_dagrun for example_task_group_decorator to 2024-08-30 00:00:00+00:00, run_after=2024-08-31 00:00:00+00:00
[2024-09-01T00:32:33.502+0530] {processor.py:208} INFO - Processing /Users/ravipal/Desktop/Workspace/airflow_tutorial/py_env/lib/python3.12/site-packages/airflow/example_dags/example_task_group_decorator.py took 0.068 seconds
[2024-09-01T00:33:39.274+0530] {processor.py:186} INFO - Started process (PID=2259) to work on /Users/ravipal/Desktop/Workspace/airflow_tutorial/py_env/lib/python3.12/site-packages/airflow/example_dags/example_task_group_decorator.py
[2024-09-01T00:33:39.275+0530] {processor.py:914} INFO - Processing file /Users/ravipal/Desktop/Workspace/airflow_tutorial/py_env/lib/python3.12/site-packages/airflow/example_dags/example_task_group_decorator.py for tasks to queue
[2024-09-01T00:33:39.275+0530] {logging_mixin.py:190} INFO - [2024-09-01T00:33:39.275+0530] {dagbag.py:587} INFO - Filling up the DagBag from /Users/ravipal/Desktop/Workspace/airflow_tutorial/py_env/lib/python3.12/site-packages/airflow/example_dags/example_task_group_decorator.py
[2024-09-01T00:33:39.294+0530] {processor.py:925} INFO - DAG(s) 'example_task_group_decorator' retrieved from /Users/ravipal/Desktop/Workspace/airflow_tutorial/py_env/lib/python3.12/site-packages/airflow/example_dags/example_task_group_decorator.py
[2024-09-01T00:33:39.331+0530] {logging_mixin.py:190} INFO - [2024-09-01T00:33:39.331+0530] {dag.py:3211} INFO - Sync 1 DAGs
[2024-09-01T00:33:39.338+0530] {logging_mixin.py:190} INFO - [2024-09-01T00:33:39.338+0530] {dag.py:4138} INFO - Setting next_dagrun for example_task_group_decorator to 2024-08-30 00:00:00+00:00, run_after=2024-08-31 00:00:00+00:00
[2024-09-01T00:33:39.344+0530] {processor.py:208} INFO - Processing /Users/ravipal/Desktop/Workspace/airflow_tutorial/py_env/lib/python3.12/site-packages/airflow/example_dags/example_task_group_decorator.py took 0.072 seconds
[2024-09-01T00:34:47.938+0530] {processor.py:186} INFO - Started process (PID=2327) to work on /Users/ravipal/Desktop/Workspace/airflow_tutorial/py_env/lib/python3.12/site-packages/airflow/example_dags/example_task_group_decorator.py
[2024-09-01T00:34:47.939+0530] {processor.py:914} INFO - Processing file /Users/ravipal/Desktop/Workspace/airflow_tutorial/py_env/lib/python3.12/site-packages/airflow/example_dags/example_task_group_decorator.py for tasks to queue
[2024-09-01T00:34:47.939+0530] {logging_mixin.py:190} INFO - [2024-09-01T00:34:47.939+0530] {dagbag.py:587} INFO - Filling up the DagBag from /Users/ravipal/Desktop/Workspace/airflow_tutorial/py_env/lib/python3.12/site-packages/airflow/example_dags/example_task_group_decorator.py
[2024-09-01T00:34:47.956+0530] {processor.py:925} INFO - DAG(s) 'example_task_group_decorator' retrieved from /Users/ravipal/Desktop/Workspace/airflow_tutorial/py_env/lib/python3.12/site-packages/airflow/example_dags/example_task_group_decorator.py
[2024-09-01T00:34:47.991+0530] {logging_mixin.py:190} INFO - [2024-09-01T00:34:47.991+0530] {dag.py:3211} INFO - Sync 1 DAGs
[2024-09-01T00:34:47.998+0530] {logging_mixin.py:190} INFO - [2024-09-01T00:34:47.998+0530] {dag.py:4138} INFO - Setting next_dagrun for example_task_group_decorator to 2024-08-30 00:00:00+00:00, run_after=2024-08-31 00:00:00+00:00
[2024-09-01T00:34:48.005+0530] {processor.py:208} INFO - Processing /Users/ravipal/Desktop/Workspace/airflow_tutorial/py_env/lib/python3.12/site-packages/airflow/example_dags/example_task_group_decorator.py took 0.068 seconds
[2024-09-01T00:35:55.405+0530] {processor.py:186} INFO - Started process (PID=2395) to work on /Users/ravipal/Desktop/Workspace/airflow_tutorial/py_env/lib/python3.12/site-packages/airflow/example_dags/example_task_group_decorator.py
[2024-09-01T00:35:55.405+0530] {processor.py:914} INFO - Processing file /Users/ravipal/Desktop/Workspace/airflow_tutorial/py_env/lib/python3.12/site-packages/airflow/example_dags/example_task_group_decorator.py for tasks to queue
[2024-09-01T00:35:55.406+0530] {logging_mixin.py:190} INFO - [2024-09-01T00:35:55.406+0530] {dagbag.py:587} INFO - Filling up the DagBag from /Users/ravipal/Desktop/Workspace/airflow_tutorial/py_env/lib/python3.12/site-packages/airflow/example_dags/example_task_group_decorator.py
[2024-09-01T00:35:55.423+0530] {processor.py:925} INFO - DAG(s) 'example_task_group_decorator' retrieved from /Users/ravipal/Desktop/Workspace/airflow_tutorial/py_env/lib/python3.12/site-packages/airflow/example_dags/example_task_group_decorator.py
[2024-09-01T00:35:55.461+0530] {logging_mixin.py:190} INFO - [2024-09-01T00:35:55.460+0530] {dag.py:3211} INFO - Sync 1 DAGs
[2024-09-01T00:35:55.468+0530] {logging_mixin.py:190} INFO - [2024-09-01T00:35:55.468+0530] {dag.py:4138} INFO - Setting next_dagrun for example_task_group_decorator to 2024-08-30 00:00:00+00:00, run_after=2024-08-31 00:00:00+00:00
[2024-09-01T00:35:55.475+0530] {processor.py:208} INFO - Processing /Users/ravipal/Desktop/Workspace/airflow_tutorial/py_env/lib/python3.12/site-packages/airflow/example_dags/example_task_group_decorator.py took 0.073 seconds
[2024-09-01T00:37:02.973+0530] {processor.py:186} INFO - Started process (PID=2463) to work on /Users/ravipal/Desktop/Workspace/airflow_tutorial/py_env/lib/python3.12/site-packages/airflow/example_dags/example_task_group_decorator.py
[2024-09-01T00:37:02.973+0530] {processor.py:914} INFO - Processing file /Users/ravipal/Desktop/Workspace/airflow_tutorial/py_env/lib/python3.12/site-packages/airflow/example_dags/example_task_group_decorator.py for tasks to queue
[2024-09-01T00:37:02.974+0530] {logging_mixin.py:190} INFO - [2024-09-01T00:37:02.974+0530] {dagbag.py:587} INFO - Filling up the DagBag from /Users/ravipal/Desktop/Workspace/airflow_tutorial/py_env/lib/python3.12/site-packages/airflow/example_dags/example_task_group_decorator.py
[2024-09-01T00:37:02.992+0530] {processor.py:925} INFO - DAG(s) 'example_task_group_decorator' retrieved from /Users/ravipal/Desktop/Workspace/airflow_tutorial/py_env/lib/python3.12/site-packages/airflow/example_dags/example_task_group_decorator.py
[2024-09-01T00:37:03.027+0530] {logging_mixin.py:190} INFO - [2024-09-01T00:37:03.026+0530] {dag.py:3211} INFO - Sync 1 DAGs
[2024-09-01T00:37:03.033+0530] {logging_mixin.py:190} INFO - [2024-09-01T00:37:03.033+0530] {dag.py:4138} INFO - Setting next_dagrun for example_task_group_decorator to 2024-08-30 00:00:00+00:00, run_after=2024-08-31 00:00:00+00:00
[2024-09-01T00:37:03.048+0530] {processor.py:208} INFO - Processing /Users/ravipal/Desktop/Workspace/airflow_tutorial/py_env/lib/python3.12/site-packages/airflow/example_dags/example_task_group_decorator.py took 0.077 seconds
[2024-09-01T00:38:09.993+0530] {processor.py:186} INFO - Started process (PID=2529) to work on /Users/ravipal/Desktop/Workspace/airflow_tutorial/py_env/lib/python3.12/site-packages/airflow/example_dags/example_task_group_decorator.py
[2024-09-01T00:38:09.994+0530] {processor.py:914} INFO - Processing file /Users/ravipal/Desktop/Workspace/airflow_tutorial/py_env/lib/python3.12/site-packages/airflow/example_dags/example_task_group_decorator.py for tasks to queue
[2024-09-01T00:38:09.994+0530] {logging_mixin.py:190} INFO - [2024-09-01T00:38:09.994+0530] {dagbag.py:587} INFO - Filling up the DagBag from /Users/ravipal/Desktop/Workspace/airflow_tutorial/py_env/lib/python3.12/site-packages/airflow/example_dags/example_task_group_decorator.py
[2024-09-01T00:38:10.012+0530] {processor.py:925} INFO - DAG(s) 'example_task_group_decorator' retrieved from /Users/ravipal/Desktop/Workspace/airflow_tutorial/py_env/lib/python3.12/site-packages/airflow/example_dags/example_task_group_decorator.py
[2024-09-01T00:38:10.047+0530] {logging_mixin.py:190} INFO - [2024-09-01T00:38:10.047+0530] {dag.py:3211} INFO - Sync 1 DAGs
[2024-09-01T00:38:10.053+0530] {logging_mixin.py:190} INFO - [2024-09-01T00:38:10.053+0530] {dag.py:4138} INFO - Setting next_dagrun for example_task_group_decorator to 2024-08-30 00:00:00+00:00, run_after=2024-08-31 00:00:00+00:00
[2024-09-01T00:38:10.059+0530] {processor.py:208} INFO - Processing /Users/ravipal/Desktop/Workspace/airflow_tutorial/py_env/lib/python3.12/site-packages/airflow/example_dags/example_task_group_decorator.py took 0.068 seconds
[2024-09-01T00:39:11.856+0530] {processor.py:186} INFO - Started process (PID=2594) to work on /Users/ravipal/Desktop/Workspace/airflow_tutorial/py_env/lib/python3.12/site-packages/airflow/example_dags/example_task_group_decorator.py
[2024-09-01T00:39:11.857+0530] {processor.py:914} INFO - Processing file /Users/ravipal/Desktop/Workspace/airflow_tutorial/py_env/lib/python3.12/site-packages/airflow/example_dags/example_task_group_decorator.py for tasks to queue
[2024-09-01T00:39:11.857+0530] {logging_mixin.py:190} INFO - [2024-09-01T00:39:11.857+0530] {dagbag.py:587} INFO - Filling up the DagBag from /Users/ravipal/Desktop/Workspace/airflow_tutorial/py_env/lib/python3.12/site-packages/airflow/example_dags/example_task_group_decorator.py
[2024-09-01T00:39:11.875+0530] {processor.py:925} INFO - DAG(s) 'example_task_group_decorator' retrieved from /Users/ravipal/Desktop/Workspace/airflow_tutorial/py_env/lib/python3.12/site-packages/airflow/example_dags/example_task_group_decorator.py
[2024-09-01T00:39:11.910+0530] {logging_mixin.py:190} INFO - [2024-09-01T00:39:11.910+0530] {dag.py:3211} INFO - Sync 1 DAGs
[2024-09-01T00:39:11.916+0530] {logging_mixin.py:190} INFO - [2024-09-01T00:39:11.916+0530] {dag.py:4138} INFO - Setting next_dagrun for example_task_group_decorator to 2024-08-30 00:00:00+00:00, run_after=2024-08-31 00:00:00+00:00
[2024-09-01T00:39:11.922+0530] {processor.py:208} INFO - Processing /Users/ravipal/Desktop/Workspace/airflow_tutorial/py_env/lib/python3.12/site-packages/airflow/example_dags/example_task_group_decorator.py took 0.068 seconds
[2024-09-01T00:40:14.577+0530] {processor.py:186} INFO - Started process (PID=2656) to work on /Users/ravipal/Desktop/Workspace/airflow_tutorial/py_env/lib/python3.12/site-packages/airflow/example_dags/example_task_group_decorator.py
[2024-09-01T00:40:14.577+0530] {processor.py:914} INFO - Processing file /Users/ravipal/Desktop/Workspace/airflow_tutorial/py_env/lib/python3.12/site-packages/airflow/example_dags/example_task_group_decorator.py for tasks to queue
[2024-09-01T00:40:14.578+0530] {logging_mixin.py:190} INFO - [2024-09-01T00:40:14.578+0530] {dagbag.py:587} INFO - Filling up the DagBag from /Users/ravipal/Desktop/Workspace/airflow_tutorial/py_env/lib/python3.12/site-packages/airflow/example_dags/example_task_group_decorator.py
[2024-09-01T00:40:14.595+0530] {processor.py:925} INFO - DAG(s) 'example_task_group_decorator' retrieved from /Users/ravipal/Desktop/Workspace/airflow_tutorial/py_env/lib/python3.12/site-packages/airflow/example_dags/example_task_group_decorator.py
[2024-09-01T00:40:14.630+0530] {logging_mixin.py:190} INFO - [2024-09-01T00:40:14.630+0530] {dag.py:3211} INFO - Sync 1 DAGs
[2024-09-01T00:40:14.636+0530] {logging_mixin.py:190} INFO - [2024-09-01T00:40:14.636+0530] {dag.py:4138} INFO - Setting next_dagrun for example_task_group_decorator to 2024-08-30 00:00:00+00:00, run_after=2024-08-31 00:00:00+00:00
[2024-09-01T00:40:14.643+0530] {processor.py:208} INFO - Processing /Users/ravipal/Desktop/Workspace/airflow_tutorial/py_env/lib/python3.12/site-packages/airflow/example_dags/example_task_group_decorator.py took 0.068 seconds
[2024-09-01T00:41:21.454+0530] {processor.py:186} INFO - Started process (PID=2722) to work on /Users/ravipal/Desktop/Workspace/airflow_tutorial/py_env/lib/python3.12/site-packages/airflow/example_dags/example_task_group_decorator.py
[2024-09-01T00:41:21.455+0530] {processor.py:914} INFO - Processing file /Users/ravipal/Desktop/Workspace/airflow_tutorial/py_env/lib/python3.12/site-packages/airflow/example_dags/example_task_group_decorator.py for tasks to queue
[2024-09-01T00:41:21.455+0530] {logging_mixin.py:190} INFO - [2024-09-01T00:41:21.455+0530] {dagbag.py:587} INFO - Filling up the DagBag from /Users/ravipal/Desktop/Workspace/airflow_tutorial/py_env/lib/python3.12/site-packages/airflow/example_dags/example_task_group_decorator.py
[2024-09-01T00:41:21.473+0530] {processor.py:925} INFO - DAG(s) 'example_task_group_decorator' retrieved from /Users/ravipal/Desktop/Workspace/airflow_tutorial/py_env/lib/python3.12/site-packages/airflow/example_dags/example_task_group_decorator.py
[2024-09-01T00:41:21.508+0530] {logging_mixin.py:190} INFO - [2024-09-01T00:41:21.507+0530] {dag.py:3211} INFO - Sync 1 DAGs
[2024-09-01T00:41:21.514+0530] {logging_mixin.py:190} INFO - [2024-09-01T00:41:21.514+0530] {dag.py:4138} INFO - Setting next_dagrun for example_task_group_decorator to 2024-08-30 00:00:00+00:00, run_after=2024-08-31 00:00:00+00:00
[2024-09-01T00:41:21.520+0530] {processor.py:208} INFO - Processing /Users/ravipal/Desktop/Workspace/airflow_tutorial/py_env/lib/python3.12/site-packages/airflow/example_dags/example_task_group_decorator.py took 0.068 seconds
[2024-09-01T00:42:27.707+0530] {processor.py:186} INFO - Started process (PID=2788) to work on /Users/ravipal/Desktop/Workspace/airflow_tutorial/py_env/lib/python3.12/site-packages/airflow/example_dags/example_task_group_decorator.py
[2024-09-01T00:42:27.707+0530] {processor.py:914} INFO - Processing file /Users/ravipal/Desktop/Workspace/airflow_tutorial/py_env/lib/python3.12/site-packages/airflow/example_dags/example_task_group_decorator.py for tasks to queue
[2024-09-01T00:42:27.707+0530] {logging_mixin.py:190} INFO - [2024-09-01T00:42:27.707+0530] {dagbag.py:587} INFO - Filling up the DagBag from /Users/ravipal/Desktop/Workspace/airflow_tutorial/py_env/lib/python3.12/site-packages/airflow/example_dags/example_task_group_decorator.py
[2024-09-01T00:42:27.725+0530] {processor.py:925} INFO - DAG(s) 'example_task_group_decorator' retrieved from /Users/ravipal/Desktop/Workspace/airflow_tutorial/py_env/lib/python3.12/site-packages/airflow/example_dags/example_task_group_decorator.py
[2024-09-01T00:42:27.759+0530] {logging_mixin.py:190} INFO - [2024-09-01T00:42:27.759+0530] {dag.py:3211} INFO - Sync 1 DAGs
[2024-09-01T00:42:27.765+0530] {logging_mixin.py:190} INFO - [2024-09-01T00:42:27.765+0530] {dag.py:4138} INFO - Setting next_dagrun for example_task_group_decorator to 2024-08-30 00:00:00+00:00, run_after=2024-08-31 00:00:00+00:00
[2024-09-01T00:42:27.772+0530] {processor.py:208} INFO - Processing /Users/ravipal/Desktop/Workspace/airflow_tutorial/py_env/lib/python3.12/site-packages/airflow/example_dags/example_task_group_decorator.py took 0.067 seconds
[2024-09-01T00:43:34.498+0530] {processor.py:186} INFO - Started process (PID=2852) to work on /Users/ravipal/Desktop/Workspace/airflow_tutorial/py_env/lib/python3.12/site-packages/airflow/example_dags/example_task_group_decorator.py
[2024-09-01T00:43:34.498+0530] {processor.py:914} INFO - Processing file /Users/ravipal/Desktop/Workspace/airflow_tutorial/py_env/lib/python3.12/site-packages/airflow/example_dags/example_task_group_decorator.py for tasks to queue
[2024-09-01T00:43:34.499+0530] {logging_mixin.py:190} INFO - [2024-09-01T00:43:34.499+0530] {dagbag.py:587} INFO - Filling up the DagBag from /Users/ravipal/Desktop/Workspace/airflow_tutorial/py_env/lib/python3.12/site-packages/airflow/example_dags/example_task_group_decorator.py
[2024-09-01T00:43:34.517+0530] {processor.py:925} INFO - DAG(s) 'example_task_group_decorator' retrieved from /Users/ravipal/Desktop/Workspace/airflow_tutorial/py_env/lib/python3.12/site-packages/airflow/example_dags/example_task_group_decorator.py
[2024-09-01T00:43:34.552+0530] {logging_mixin.py:190} INFO - [2024-09-01T00:43:34.552+0530] {dag.py:3211} INFO - Sync 1 DAGs
[2024-09-01T00:43:34.558+0530] {logging_mixin.py:190} INFO - [2024-09-01T00:43:34.558+0530] {dag.py:4138} INFO - Setting next_dagrun for example_task_group_decorator to 2024-08-30 00:00:00+00:00, run_after=2024-08-31 00:00:00+00:00
[2024-09-01T00:43:34.565+0530] {processor.py:208} INFO - Processing /Users/ravipal/Desktop/Workspace/airflow_tutorial/py_env/lib/python3.12/site-packages/airflow/example_dags/example_task_group_decorator.py took 0.069 seconds
[2024-09-01T00:44:42.609+0530] {processor.py:186} INFO - Started process (PID=2921) to work on /Users/ravipal/Desktop/Workspace/airflow_tutorial/py_env/lib/python3.12/site-packages/airflow/example_dags/example_task_group_decorator.py
[2024-09-01T00:44:42.610+0530] {processor.py:914} INFO - Processing file /Users/ravipal/Desktop/Workspace/airflow_tutorial/py_env/lib/python3.12/site-packages/airflow/example_dags/example_task_group_decorator.py for tasks to queue
[2024-09-01T00:44:42.610+0530] {logging_mixin.py:190} INFO - [2024-09-01T00:44:42.610+0530] {dagbag.py:587} INFO - Filling up the DagBag from /Users/ravipal/Desktop/Workspace/airflow_tutorial/py_env/lib/python3.12/site-packages/airflow/example_dags/example_task_group_decorator.py
[2024-09-01T00:44:42.628+0530] {processor.py:925} INFO - DAG(s) 'example_task_group_decorator' retrieved from /Users/ravipal/Desktop/Workspace/airflow_tutorial/py_env/lib/python3.12/site-packages/airflow/example_dags/example_task_group_decorator.py
[2024-09-01T00:44:42.663+0530] {logging_mixin.py:190} INFO - [2024-09-01T00:44:42.663+0530] {dag.py:3211} INFO - Sync 1 DAGs
[2024-09-01T00:44:42.669+0530] {logging_mixin.py:190} INFO - [2024-09-01T00:44:42.669+0530] {dag.py:4138} INFO - Setting next_dagrun for example_task_group_decorator to 2024-08-30 00:00:00+00:00, run_after=2024-08-31 00:00:00+00:00
[2024-09-01T00:44:42.676+0530] {processor.py:208} INFO - Processing /Users/ravipal/Desktop/Workspace/airflow_tutorial/py_env/lib/python3.12/site-packages/airflow/example_dags/example_task_group_decorator.py took 0.068 seconds
[2024-09-01T00:45:49.929+0530] {processor.py:186} INFO - Started process (PID=2987) to work on /Users/ravipal/Desktop/Workspace/airflow_tutorial/py_env/lib/python3.12/site-packages/airflow/example_dags/example_task_group_decorator.py
[2024-09-01T00:45:49.929+0530] {processor.py:914} INFO - Processing file /Users/ravipal/Desktop/Workspace/airflow_tutorial/py_env/lib/python3.12/site-packages/airflow/example_dags/example_task_group_decorator.py for tasks to queue
[2024-09-01T00:45:49.929+0530] {logging_mixin.py:190} INFO - [2024-09-01T00:45:49.929+0530] {dagbag.py:587} INFO - Filling up the DagBag from /Users/ravipal/Desktop/Workspace/airflow_tutorial/py_env/lib/python3.12/site-packages/airflow/example_dags/example_task_group_decorator.py
[2024-09-01T00:45:49.947+0530] {processor.py:925} INFO - DAG(s) 'example_task_group_decorator' retrieved from /Users/ravipal/Desktop/Workspace/airflow_tutorial/py_env/lib/python3.12/site-packages/airflow/example_dags/example_task_group_decorator.py
[2024-09-01T00:45:49.982+0530] {logging_mixin.py:190} INFO - [2024-09-01T00:45:49.982+0530] {dag.py:3211} INFO - Sync 1 DAGs
[2024-09-01T00:45:49.988+0530] {logging_mixin.py:190} INFO - [2024-09-01T00:45:49.988+0530] {dag.py:4138} INFO - Setting next_dagrun for example_task_group_decorator to 2024-08-30 00:00:00+00:00, run_after=2024-08-31 00:00:00+00:00
[2024-09-01T00:45:49.995+0530] {processor.py:208} INFO - Processing /Users/ravipal/Desktop/Workspace/airflow_tutorial/py_env/lib/python3.12/site-packages/airflow/example_dags/example_task_group_decorator.py took 0.068 seconds
[2024-09-01T00:46:56.939+0530] {processor.py:186} INFO - Started process (PID=3054) to work on /Users/ravipal/Desktop/Workspace/airflow_tutorial/py_env/lib/python3.12/site-packages/airflow/example_dags/example_task_group_decorator.py
[2024-09-01T00:46:56.940+0530] {processor.py:914} INFO - Processing file /Users/ravipal/Desktop/Workspace/airflow_tutorial/py_env/lib/python3.12/site-packages/airflow/example_dags/example_task_group_decorator.py for tasks to queue
[2024-09-01T00:46:56.940+0530] {logging_mixin.py:190} INFO - [2024-09-01T00:46:56.940+0530] {dagbag.py:587} INFO - Filling up the DagBag from /Users/ravipal/Desktop/Workspace/airflow_tutorial/py_env/lib/python3.12/site-packages/airflow/example_dags/example_task_group_decorator.py
[2024-09-01T00:46:56.958+0530] {processor.py:925} INFO - DAG(s) 'example_task_group_decorator' retrieved from /Users/ravipal/Desktop/Workspace/airflow_tutorial/py_env/lib/python3.12/site-packages/airflow/example_dags/example_task_group_decorator.py
[2024-09-01T00:46:56.993+0530] {logging_mixin.py:190} INFO - [2024-09-01T00:46:56.993+0530] {dag.py:3211} INFO - Sync 1 DAGs
[2024-09-01T00:46:56.999+0530] {logging_mixin.py:190} INFO - [2024-09-01T00:46:56.999+0530] {dag.py:4138} INFO - Setting next_dagrun for example_task_group_decorator to 2024-08-30 00:00:00+00:00, run_after=2024-08-31 00:00:00+00:00
[2024-09-01T00:46:57.005+0530] {processor.py:208} INFO - Processing /Users/ravipal/Desktop/Workspace/airflow_tutorial/py_env/lib/python3.12/site-packages/airflow/example_dags/example_task_group_decorator.py took 0.068 seconds
[2024-09-01T00:48:00.493+0530] {processor.py:186} INFO - Started process (PID=3118) to work on /Users/ravipal/Desktop/Workspace/airflow_tutorial/py_env/lib/python3.12/site-packages/airflow/example_dags/example_task_group_decorator.py
[2024-09-01T00:48:00.493+0530] {processor.py:914} INFO - Processing file /Users/ravipal/Desktop/Workspace/airflow_tutorial/py_env/lib/python3.12/site-packages/airflow/example_dags/example_task_group_decorator.py for tasks to queue
[2024-09-01T00:48:00.494+0530] {logging_mixin.py:190} INFO - [2024-09-01T00:48:00.494+0530] {dagbag.py:587} INFO - Filling up the DagBag from /Users/ravipal/Desktop/Workspace/airflow_tutorial/py_env/lib/python3.12/site-packages/airflow/example_dags/example_task_group_decorator.py
[2024-09-01T00:48:00.512+0530] {processor.py:925} INFO - DAG(s) 'example_task_group_decorator' retrieved from /Users/ravipal/Desktop/Workspace/airflow_tutorial/py_env/lib/python3.12/site-packages/airflow/example_dags/example_task_group_decorator.py
[2024-09-01T00:48:00.547+0530] {logging_mixin.py:190} INFO - [2024-09-01T00:48:00.547+0530] {dag.py:3211} INFO - Sync 1 DAGs
[2024-09-01T00:48:00.553+0530] {logging_mixin.py:190} INFO - [2024-09-01T00:48:00.553+0530] {dag.py:4138} INFO - Setting next_dagrun for example_task_group_decorator to 2024-08-30 00:00:00+00:00, run_after=2024-08-31 00:00:00+00:00
[2024-09-01T00:48:00.560+0530] {processor.py:208} INFO - Processing /Users/ravipal/Desktop/Workspace/airflow_tutorial/py_env/lib/python3.12/site-packages/airflow/example_dags/example_task_group_decorator.py took 0.069 seconds
[2024-09-01T00:49:03.219+0530] {processor.py:186} INFO - Started process (PID=3182) to work on /Users/ravipal/Desktop/Workspace/airflow_tutorial/py_env/lib/python3.12/site-packages/airflow/example_dags/example_task_group_decorator.py
[2024-09-01T00:49:03.219+0530] {processor.py:914} INFO - Processing file /Users/ravipal/Desktop/Workspace/airflow_tutorial/py_env/lib/python3.12/site-packages/airflow/example_dags/example_task_group_decorator.py for tasks to queue
[2024-09-01T00:49:03.220+0530] {logging_mixin.py:190} INFO - [2024-09-01T00:49:03.220+0530] {dagbag.py:587} INFO - Filling up the DagBag from /Users/ravipal/Desktop/Workspace/airflow_tutorial/py_env/lib/python3.12/site-packages/airflow/example_dags/example_task_group_decorator.py
[2024-09-01T00:49:03.237+0530] {processor.py:925} INFO - DAG(s) 'example_task_group_decorator' retrieved from /Users/ravipal/Desktop/Workspace/airflow_tutorial/py_env/lib/python3.12/site-packages/airflow/example_dags/example_task_group_decorator.py
[2024-09-01T00:49:03.273+0530] {logging_mixin.py:190} INFO - [2024-09-01T00:49:03.273+0530] {dag.py:3211} INFO - Sync 1 DAGs
[2024-09-01T00:49:03.279+0530] {logging_mixin.py:190} INFO - [2024-09-01T00:49:03.279+0530] {dag.py:4138} INFO - Setting next_dagrun for example_task_group_decorator to 2024-08-30 00:00:00+00:00, run_after=2024-08-31 00:00:00+00:00
[2024-09-01T00:49:03.286+0530] {processor.py:208} INFO - Processing /Users/ravipal/Desktop/Workspace/airflow_tutorial/py_env/lib/python3.12/site-packages/airflow/example_dags/example_task_group_decorator.py took 0.069 seconds
[2024-09-01T00:50:08.189+0530] {processor.py:186} INFO - Started process (PID=3265) to work on /Users/ravipal/Desktop/Workspace/airflow_tutorial/py_env/lib/python3.12/site-packages/airflow/example_dags/example_task_group_decorator.py
[2024-09-01T00:50:08.190+0530] {processor.py:914} INFO - Processing file /Users/ravipal/Desktop/Workspace/airflow_tutorial/py_env/lib/python3.12/site-packages/airflow/example_dags/example_task_group_decorator.py for tasks to queue
[2024-09-01T00:50:08.191+0530] {logging_mixin.py:190} INFO - [2024-09-01T00:50:08.190+0530] {dagbag.py:587} INFO - Filling up the DagBag from /Users/ravipal/Desktop/Workspace/airflow_tutorial/py_env/lib/python3.12/site-packages/airflow/example_dags/example_task_group_decorator.py
[2024-09-01T00:50:08.209+0530] {processor.py:925} INFO - DAG(s) 'example_task_group_decorator' retrieved from /Users/ravipal/Desktop/Workspace/airflow_tutorial/py_env/lib/python3.12/site-packages/airflow/example_dags/example_task_group_decorator.py
[2024-09-01T00:50:08.246+0530] {logging_mixin.py:190} INFO - [2024-09-01T00:50:08.245+0530] {dag.py:3211} INFO - Sync 1 DAGs
[2024-09-01T00:50:08.252+0530] {logging_mixin.py:190} INFO - [2024-09-01T00:50:08.252+0530] {dag.py:4138} INFO - Setting next_dagrun for example_task_group_decorator to 2024-08-30 00:00:00+00:00, run_after=2024-08-31 00:00:00+00:00
[2024-09-01T00:50:08.258+0530] {processor.py:208} INFO - Processing /Users/ravipal/Desktop/Workspace/airflow_tutorial/py_env/lib/python3.12/site-packages/airflow/example_dags/example_task_group_decorator.py took 0.072 seconds
[2024-09-01T00:51:18.611+0530] {processor.py:186} INFO - Started process (PID=3342) to work on /Users/ravipal/Desktop/Workspace/airflow_tutorial/py_env/lib/python3.12/site-packages/airflow/example_dags/example_task_group_decorator.py
[2024-09-01T00:51:18.612+0530] {processor.py:914} INFO - Processing file /Users/ravipal/Desktop/Workspace/airflow_tutorial/py_env/lib/python3.12/site-packages/airflow/example_dags/example_task_group_decorator.py for tasks to queue
[2024-09-01T00:51:18.612+0530] {logging_mixin.py:190} INFO - [2024-09-01T00:51:18.612+0530] {dagbag.py:587} INFO - Filling up the DagBag from /Users/ravipal/Desktop/Workspace/airflow_tutorial/py_env/lib/python3.12/site-packages/airflow/example_dags/example_task_group_decorator.py
[2024-09-01T00:51:18.630+0530] {processor.py:925} INFO - DAG(s) 'example_task_group_decorator' retrieved from /Users/ravipal/Desktop/Workspace/airflow_tutorial/py_env/lib/python3.12/site-packages/airflow/example_dags/example_task_group_decorator.py
[2024-09-01T00:51:18.665+0530] {logging_mixin.py:190} INFO - [2024-09-01T00:51:18.665+0530] {dag.py:3211} INFO - Sync 1 DAGs
[2024-09-01T00:51:18.671+0530] {logging_mixin.py:190} INFO - [2024-09-01T00:51:18.671+0530] {dag.py:4138} INFO - Setting next_dagrun for example_task_group_decorator to 2024-08-30 00:00:00+00:00, run_after=2024-08-31 00:00:00+00:00
[2024-09-01T00:51:18.678+0530] {processor.py:208} INFO - Processing /Users/ravipal/Desktop/Workspace/airflow_tutorial/py_env/lib/python3.12/site-packages/airflow/example_dags/example_task_group_decorator.py took 0.069 seconds
[2024-09-01T00:52:24.805+0530] {processor.py:186} INFO - Started process (PID=3408) to work on /Users/ravipal/Desktop/Workspace/airflow_tutorial/py_env/lib/python3.12/site-packages/airflow/example_dags/example_task_group_decorator.py
[2024-09-01T00:52:24.805+0530] {processor.py:914} INFO - Processing file /Users/ravipal/Desktop/Workspace/airflow_tutorial/py_env/lib/python3.12/site-packages/airflow/example_dags/example_task_group_decorator.py for tasks to queue
[2024-09-01T00:52:24.805+0530] {logging_mixin.py:190} INFO - [2024-09-01T00:52:24.805+0530] {dagbag.py:587} INFO - Filling up the DagBag from /Users/ravipal/Desktop/Workspace/airflow_tutorial/py_env/lib/python3.12/site-packages/airflow/example_dags/example_task_group_decorator.py
[2024-09-01T00:52:24.823+0530] {processor.py:925} INFO - DAG(s) 'example_task_group_decorator' retrieved from /Users/ravipal/Desktop/Workspace/airflow_tutorial/py_env/lib/python3.12/site-packages/airflow/example_dags/example_task_group_decorator.py
[2024-09-01T00:52:24.857+0530] {logging_mixin.py:190} INFO - [2024-09-01T00:52:24.857+0530] {dag.py:3211} INFO - Sync 1 DAGs
[2024-09-01T00:52:24.863+0530] {logging_mixin.py:190} INFO - [2024-09-01T00:52:24.863+0530] {dag.py:4138} INFO - Setting next_dagrun for example_task_group_decorator to 2024-08-30 00:00:00+00:00, run_after=2024-08-31 00:00:00+00:00
[2024-09-01T00:52:24.870+0530] {processor.py:208} INFO - Processing /Users/ravipal/Desktop/Workspace/airflow_tutorial/py_env/lib/python3.12/site-packages/airflow/example_dags/example_task_group_decorator.py took 0.068 seconds
[2024-09-01T00:53:29.896+0530] {processor.py:186} INFO - Started process (PID=3474) to work on /Users/ravipal/Desktop/Workspace/airflow_tutorial/py_env/lib/python3.12/site-packages/airflow/example_dags/example_task_group_decorator.py
[2024-09-01T00:53:29.897+0530] {processor.py:914} INFO - Processing file /Users/ravipal/Desktop/Workspace/airflow_tutorial/py_env/lib/python3.12/site-packages/airflow/example_dags/example_task_group_decorator.py for tasks to queue
[2024-09-01T00:53:29.897+0530] {logging_mixin.py:190} INFO - [2024-09-01T00:53:29.897+0530] {dagbag.py:587} INFO - Filling up the DagBag from /Users/ravipal/Desktop/Workspace/airflow_tutorial/py_env/lib/python3.12/site-packages/airflow/example_dags/example_task_group_decorator.py
[2024-09-01T00:53:29.915+0530] {processor.py:925} INFO - DAG(s) 'example_task_group_decorator' retrieved from /Users/ravipal/Desktop/Workspace/airflow_tutorial/py_env/lib/python3.12/site-packages/airflow/example_dags/example_task_group_decorator.py
[2024-09-01T00:53:29.950+0530] {logging_mixin.py:190} INFO - [2024-09-01T00:53:29.949+0530] {dag.py:3211} INFO - Sync 1 DAGs
[2024-09-01T00:53:29.956+0530] {logging_mixin.py:190} INFO - [2024-09-01T00:53:29.956+0530] {dag.py:4138} INFO - Setting next_dagrun for example_task_group_decorator to 2024-08-30 00:00:00+00:00, run_after=2024-08-31 00:00:00+00:00
[2024-09-01T00:53:29.962+0530] {processor.py:208} INFO - Processing /Users/ravipal/Desktop/Workspace/airflow_tutorial/py_env/lib/python3.12/site-packages/airflow/example_dags/example_task_group_decorator.py took 0.068 seconds
[2024-09-01T00:54:36.663+0530] {processor.py:186} INFO - Started process (PID=3539) to work on /Users/ravipal/Desktop/Workspace/airflow_tutorial/py_env/lib/python3.12/site-packages/airflow/example_dags/example_task_group_decorator.py
[2024-09-01T00:54:36.663+0530] {processor.py:914} INFO - Processing file /Users/ravipal/Desktop/Workspace/airflow_tutorial/py_env/lib/python3.12/site-packages/airflow/example_dags/example_task_group_decorator.py for tasks to queue
[2024-09-01T00:54:36.663+0530] {logging_mixin.py:190} INFO - [2024-09-01T00:54:36.663+0530] {dagbag.py:587} INFO - Filling up the DagBag from /Users/ravipal/Desktop/Workspace/airflow_tutorial/py_env/lib/python3.12/site-packages/airflow/example_dags/example_task_group_decorator.py
[2024-09-01T00:54:36.681+0530] {processor.py:925} INFO - DAG(s) 'example_task_group_decorator' retrieved from /Users/ravipal/Desktop/Workspace/airflow_tutorial/py_env/lib/python3.12/site-packages/airflow/example_dags/example_task_group_decorator.py
[2024-09-01T00:54:36.716+0530] {logging_mixin.py:190} INFO - [2024-09-01T00:54:36.715+0530] {dag.py:3211} INFO - Sync 1 DAGs
[2024-09-01T00:54:36.722+0530] {logging_mixin.py:190} INFO - [2024-09-01T00:54:36.722+0530] {dag.py:4138} INFO - Setting next_dagrun for example_task_group_decorator to 2024-08-30 00:00:00+00:00, run_after=2024-08-31 00:00:00+00:00
[2024-09-01T00:54:36.728+0530] {processor.py:208} INFO - Processing /Users/ravipal/Desktop/Workspace/airflow_tutorial/py_env/lib/python3.12/site-packages/airflow/example_dags/example_task_group_decorator.py took 0.068 seconds
[2024-09-01T00:55:42.972+0530] {processor.py:186} INFO - Started process (PID=3608) to work on /Users/ravipal/Desktop/Workspace/airflow_tutorial/py_env/lib/python3.12/site-packages/airflow/example_dags/example_task_group_decorator.py
[2024-09-01T00:55:42.972+0530] {processor.py:914} INFO - Processing file /Users/ravipal/Desktop/Workspace/airflow_tutorial/py_env/lib/python3.12/site-packages/airflow/example_dags/example_task_group_decorator.py for tasks to queue
[2024-09-01T00:55:42.973+0530] {logging_mixin.py:190} INFO - [2024-09-01T00:55:42.972+0530] {dagbag.py:587} INFO - Filling up the DagBag from /Users/ravipal/Desktop/Workspace/airflow_tutorial/py_env/lib/python3.12/site-packages/airflow/example_dags/example_task_group_decorator.py
[2024-09-01T00:55:42.990+0530] {processor.py:925} INFO - DAG(s) 'example_task_group_decorator' retrieved from /Users/ravipal/Desktop/Workspace/airflow_tutorial/py_env/lib/python3.12/site-packages/airflow/example_dags/example_task_group_decorator.py
[2024-09-01T00:55:43.026+0530] {logging_mixin.py:190} INFO - [2024-09-01T00:55:43.026+0530] {dag.py:3211} INFO - Sync 1 DAGs
[2024-09-01T00:55:43.032+0530] {logging_mixin.py:190} INFO - [2024-09-01T00:55:43.032+0530] {dag.py:4138} INFO - Setting next_dagrun for example_task_group_decorator to 2024-08-30 00:00:00+00:00, run_after=2024-08-31 00:00:00+00:00
[2024-09-01T00:55:43.039+0530] {processor.py:208} INFO - Processing /Users/ravipal/Desktop/Workspace/airflow_tutorial/py_env/lib/python3.12/site-packages/airflow/example_dags/example_task_group_decorator.py took 0.069 seconds
[2024-09-01T00:56:45.965+0530] {processor.py:186} INFO - Started process (PID=3669) to work on /Users/ravipal/Desktop/Workspace/airflow_tutorial/py_env/lib/python3.12/site-packages/airflow/example_dags/example_task_group_decorator.py
[2024-09-01T00:56:45.965+0530] {processor.py:914} INFO - Processing file /Users/ravipal/Desktop/Workspace/airflow_tutorial/py_env/lib/python3.12/site-packages/airflow/example_dags/example_task_group_decorator.py for tasks to queue
[2024-09-01T00:56:45.966+0530] {logging_mixin.py:190} INFO - [2024-09-01T00:56:45.966+0530] {dagbag.py:587} INFO - Filling up the DagBag from /Users/ravipal/Desktop/Workspace/airflow_tutorial/py_env/lib/python3.12/site-packages/airflow/example_dags/example_task_group_decorator.py
[2024-09-01T00:56:45.983+0530] {processor.py:925} INFO - DAG(s) 'example_task_group_decorator' retrieved from /Users/ravipal/Desktop/Workspace/airflow_tutorial/py_env/lib/python3.12/site-packages/airflow/example_dags/example_task_group_decorator.py
[2024-09-01T00:56:46.017+0530] {logging_mixin.py:190} INFO - [2024-09-01T00:56:46.017+0530] {dag.py:3211} INFO - Sync 1 DAGs
[2024-09-01T00:56:46.024+0530] {logging_mixin.py:190} INFO - [2024-09-01T00:56:46.024+0530] {dag.py:4138} INFO - Setting next_dagrun for example_task_group_decorator to 2024-08-30 00:00:00+00:00, run_after=2024-08-31 00:00:00+00:00
[2024-09-01T00:56:46.030+0530] {processor.py:208} INFO - Processing /Users/ravipal/Desktop/Workspace/airflow_tutorial/py_env/lib/python3.12/site-packages/airflow/example_dags/example_task_group_decorator.py took 0.067 seconds
[2024-09-01T00:57:53.176+0530] {processor.py:186} INFO - Started process (PID=3736) to work on /Users/ravipal/Desktop/Workspace/airflow_tutorial/py_env/lib/python3.12/site-packages/airflow/example_dags/example_task_group_decorator.py
[2024-09-01T00:57:53.177+0530] {processor.py:914} INFO - Processing file /Users/ravipal/Desktop/Workspace/airflow_tutorial/py_env/lib/python3.12/site-packages/airflow/example_dags/example_task_group_decorator.py for tasks to queue
[2024-09-01T00:57:53.177+0530] {logging_mixin.py:190} INFO - [2024-09-01T00:57:53.177+0530] {dagbag.py:587} INFO - Filling up the DagBag from /Users/ravipal/Desktop/Workspace/airflow_tutorial/py_env/lib/python3.12/site-packages/airflow/example_dags/example_task_group_decorator.py
[2024-09-01T00:57:53.194+0530] {processor.py:925} INFO - DAG(s) 'example_task_group_decorator' retrieved from /Users/ravipal/Desktop/Workspace/airflow_tutorial/py_env/lib/python3.12/site-packages/airflow/example_dags/example_task_group_decorator.py
[2024-09-01T00:57:53.229+0530] {logging_mixin.py:190} INFO - [2024-09-01T00:57:53.229+0530] {dag.py:3211} INFO - Sync 1 DAGs
[2024-09-01T00:57:53.235+0530] {logging_mixin.py:190} INFO - [2024-09-01T00:57:53.235+0530] {dag.py:4138} INFO - Setting next_dagrun for example_task_group_decorator to 2024-08-30 00:00:00+00:00, run_after=2024-08-31 00:00:00+00:00
[2024-09-01T00:57:53.242+0530] {processor.py:208} INFO - Processing /Users/ravipal/Desktop/Workspace/airflow_tutorial/py_env/lib/python3.12/site-packages/airflow/example_dags/example_task_group_decorator.py took 0.068 seconds
[2024-09-01T00:58:56.935+0530] {processor.py:186} INFO - Started process (PID=3800) to work on /Users/ravipal/Desktop/Workspace/airflow_tutorial/py_env/lib/python3.12/site-packages/airflow/example_dags/example_task_group_decorator.py
[2024-09-01T00:58:56.935+0530] {processor.py:914} INFO - Processing file /Users/ravipal/Desktop/Workspace/airflow_tutorial/py_env/lib/python3.12/site-packages/airflow/example_dags/example_task_group_decorator.py for tasks to queue
[2024-09-01T00:58:56.936+0530] {logging_mixin.py:190} INFO - [2024-09-01T00:58:56.935+0530] {dagbag.py:587} INFO - Filling up the DagBag from /Users/ravipal/Desktop/Workspace/airflow_tutorial/py_env/lib/python3.12/site-packages/airflow/example_dags/example_task_group_decorator.py
[2024-09-01T00:58:56.953+0530] {processor.py:925} INFO - DAG(s) 'example_task_group_decorator' retrieved from /Users/ravipal/Desktop/Workspace/airflow_tutorial/py_env/lib/python3.12/site-packages/airflow/example_dags/example_task_group_decorator.py
[2024-09-01T00:58:56.988+0530] {logging_mixin.py:190} INFO - [2024-09-01T00:58:56.988+0530] {dag.py:3211} INFO - Sync 1 DAGs
[2024-09-01T00:58:56.994+0530] {logging_mixin.py:190} INFO - [2024-09-01T00:58:56.994+0530] {dag.py:4138} INFO - Setting next_dagrun for example_task_group_decorator to 2024-08-30 00:00:00+00:00, run_after=2024-08-31 00:00:00+00:00
[2024-09-01T00:58:57.001+0530] {processor.py:208} INFO - Processing /Users/ravipal/Desktop/Workspace/airflow_tutorial/py_env/lib/python3.12/site-packages/airflow/example_dags/example_task_group_decorator.py took 0.068 seconds
[2024-09-01T01:00:04.321+0530] {processor.py:186} INFO - Started process (PID=3868) to work on /Users/ravipal/Desktop/Workspace/airflow_tutorial/py_env/lib/python3.12/site-packages/airflow/example_dags/example_task_group_decorator.py
[2024-09-01T01:00:04.321+0530] {processor.py:914} INFO - Processing file /Users/ravipal/Desktop/Workspace/airflow_tutorial/py_env/lib/python3.12/site-packages/airflow/example_dags/example_task_group_decorator.py for tasks to queue
[2024-09-01T01:00:04.321+0530] {logging_mixin.py:190} INFO - [2024-09-01T01:00:04.321+0530] {dagbag.py:587} INFO - Filling up the DagBag from /Users/ravipal/Desktop/Workspace/airflow_tutorial/py_env/lib/python3.12/site-packages/airflow/example_dags/example_task_group_decorator.py
[2024-09-01T01:00:04.339+0530] {processor.py:925} INFO - DAG(s) 'example_task_group_decorator' retrieved from /Users/ravipal/Desktop/Workspace/airflow_tutorial/py_env/lib/python3.12/site-packages/airflow/example_dags/example_task_group_decorator.py
[2024-09-01T01:00:04.373+0530] {logging_mixin.py:190} INFO - [2024-09-01T01:00:04.373+0530] {dag.py:3211} INFO - Sync 1 DAGs
[2024-09-01T01:00:04.379+0530] {logging_mixin.py:190} INFO - [2024-09-01T01:00:04.379+0530] {dag.py:4138} INFO - Setting next_dagrun for example_task_group_decorator to 2024-08-30 00:00:00+00:00, run_after=2024-08-31 00:00:00+00:00
[2024-09-01T01:00:04.386+0530] {processor.py:208} INFO - Processing /Users/ravipal/Desktop/Workspace/airflow_tutorial/py_env/lib/python3.12/site-packages/airflow/example_dags/example_task_group_decorator.py took 0.067 seconds
[2024-09-01T01:01:07.236+0530] {processor.py:186} INFO - Started process (PID=3930) to work on /Users/ravipal/Desktop/Workspace/airflow_tutorial/py_env/lib/python3.12/site-packages/airflow/example_dags/example_task_group_decorator.py
[2024-09-01T01:01:07.237+0530] {processor.py:914} INFO - Processing file /Users/ravipal/Desktop/Workspace/airflow_tutorial/py_env/lib/python3.12/site-packages/airflow/example_dags/example_task_group_decorator.py for tasks to queue
[2024-09-01T01:01:07.237+0530] {logging_mixin.py:190} INFO - [2024-09-01T01:01:07.237+0530] {dagbag.py:587} INFO - Filling up the DagBag from /Users/ravipal/Desktop/Workspace/airflow_tutorial/py_env/lib/python3.12/site-packages/airflow/example_dags/example_task_group_decorator.py
[2024-09-01T01:01:07.255+0530] {processor.py:925} INFO - DAG(s) 'example_task_group_decorator' retrieved from /Users/ravipal/Desktop/Workspace/airflow_tutorial/py_env/lib/python3.12/site-packages/airflow/example_dags/example_task_group_decorator.py
[2024-09-01T01:01:07.291+0530] {logging_mixin.py:190} INFO - [2024-09-01T01:01:07.290+0530] {dag.py:3211} INFO - Sync 1 DAGs
[2024-09-01T01:01:07.297+0530] {logging_mixin.py:190} INFO - [2024-09-01T01:01:07.297+0530] {dag.py:4138} INFO - Setting next_dagrun for example_task_group_decorator to 2024-08-30 00:00:00+00:00, run_after=2024-08-31 00:00:00+00:00
[2024-09-01T01:01:07.304+0530] {processor.py:208} INFO - Processing /Users/ravipal/Desktop/Workspace/airflow_tutorial/py_env/lib/python3.12/site-packages/airflow/example_dags/example_task_group_decorator.py took 0.069 seconds
[2024-09-01T01:02:11.667+0530] {processor.py:186} INFO - Started process (PID=3995) to work on /Users/ravipal/Desktop/Workspace/airflow_tutorial/py_env/lib/python3.12/site-packages/airflow/example_dags/example_task_group_decorator.py
[2024-09-01T01:02:11.668+0530] {processor.py:914} INFO - Processing file /Users/ravipal/Desktop/Workspace/airflow_tutorial/py_env/lib/python3.12/site-packages/airflow/example_dags/example_task_group_decorator.py for tasks to queue
[2024-09-01T01:02:11.668+0530] {logging_mixin.py:190} INFO - [2024-09-01T01:02:11.668+0530] {dagbag.py:587} INFO - Filling up the DagBag from /Users/ravipal/Desktop/Workspace/airflow_tutorial/py_env/lib/python3.12/site-packages/airflow/example_dags/example_task_group_decorator.py
[2024-09-01T01:02:11.686+0530] {processor.py:925} INFO - DAG(s) 'example_task_group_decorator' retrieved from /Users/ravipal/Desktop/Workspace/airflow_tutorial/py_env/lib/python3.12/site-packages/airflow/example_dags/example_task_group_decorator.py
[2024-09-01T01:02:11.722+0530] {logging_mixin.py:190} INFO - [2024-09-01T01:02:11.721+0530] {dag.py:3211} INFO - Sync 1 DAGs
[2024-09-01T01:02:11.728+0530] {logging_mixin.py:190} INFO - [2024-09-01T01:02:11.728+0530] {dag.py:4138} INFO - Setting next_dagrun for example_task_group_decorator to 2024-08-30 00:00:00+00:00, run_after=2024-08-31 00:00:00+00:00
[2024-09-01T01:02:11.734+0530] {processor.py:208} INFO - Processing /Users/ravipal/Desktop/Workspace/airflow_tutorial/py_env/lib/python3.12/site-packages/airflow/example_dags/example_task_group_decorator.py took 0.069 seconds
[2024-09-01T01:03:12.792+0530] {processor.py:186} INFO - Started process (PID=4065) to work on /Users/ravipal/Desktop/Workspace/airflow_tutorial/py_env/lib/python3.12/site-packages/airflow/example_dags/example_task_group_decorator.py
[2024-09-01T01:03:12.792+0530] {processor.py:914} INFO - Processing file /Users/ravipal/Desktop/Workspace/airflow_tutorial/py_env/lib/python3.12/site-packages/airflow/example_dags/example_task_group_decorator.py for tasks to queue
[2024-09-01T01:03:12.792+0530] {logging_mixin.py:190} INFO - [2024-09-01T01:03:12.792+0530] {dagbag.py:587} INFO - Filling up the DagBag from /Users/ravipal/Desktop/Workspace/airflow_tutorial/py_env/lib/python3.12/site-packages/airflow/example_dags/example_task_group_decorator.py
[2024-09-01T01:03:12.810+0530] {processor.py:925} INFO - DAG(s) 'example_task_group_decorator' retrieved from /Users/ravipal/Desktop/Workspace/airflow_tutorial/py_env/lib/python3.12/site-packages/airflow/example_dags/example_task_group_decorator.py
[2024-09-01T01:03:12.844+0530] {logging_mixin.py:190} INFO - [2024-09-01T01:03:12.844+0530] {dag.py:3211} INFO - Sync 1 DAGs
[2024-09-01T01:03:12.851+0530] {logging_mixin.py:190} INFO - [2024-09-01T01:03:12.851+0530] {dag.py:4138} INFO - Setting next_dagrun for example_task_group_decorator to 2024-08-30 00:00:00+00:00, run_after=2024-08-31 00:00:00+00:00
[2024-09-01T01:03:12.857+0530] {processor.py:208} INFO - Processing /Users/ravipal/Desktop/Workspace/airflow_tutorial/py_env/lib/python3.12/site-packages/airflow/example_dags/example_task_group_decorator.py took 0.067 seconds
[2024-09-01T01:04:18.131+0530] {processor.py:186} INFO - Started process (PID=4132) to work on /Users/ravipal/Desktop/Workspace/airflow_tutorial/py_env/lib/python3.12/site-packages/airflow/example_dags/example_task_group_decorator.py
[2024-09-01T01:04:18.131+0530] {processor.py:914} INFO - Processing file /Users/ravipal/Desktop/Workspace/airflow_tutorial/py_env/lib/python3.12/site-packages/airflow/example_dags/example_task_group_decorator.py for tasks to queue
[2024-09-01T01:04:18.132+0530] {logging_mixin.py:190} INFO - [2024-09-01T01:04:18.132+0530] {dagbag.py:587} INFO - Filling up the DagBag from /Users/ravipal/Desktop/Workspace/airflow_tutorial/py_env/lib/python3.12/site-packages/airflow/example_dags/example_task_group_decorator.py
[2024-09-01T01:04:18.151+0530] {processor.py:925} INFO - DAG(s) 'example_task_group_decorator' retrieved from /Users/ravipal/Desktop/Workspace/airflow_tutorial/py_env/lib/python3.12/site-packages/airflow/example_dags/example_task_group_decorator.py
[2024-09-01T01:04:18.187+0530] {logging_mixin.py:190} INFO - [2024-09-01T01:04:18.187+0530] {dag.py:3211} INFO - Sync 1 DAGs
[2024-09-01T01:04:18.194+0530] {logging_mixin.py:190} INFO - [2024-09-01T01:04:18.193+0530] {dag.py:4138} INFO - Setting next_dagrun for example_task_group_decorator to 2024-08-30 00:00:00+00:00, run_after=2024-08-31 00:00:00+00:00
[2024-09-01T01:04:18.200+0530] {processor.py:208} INFO - Processing /Users/ravipal/Desktop/Workspace/airflow_tutorial/py_env/lib/python3.12/site-packages/airflow/example_dags/example_task_group_decorator.py took 0.071 seconds
[2024-09-01T01:05:21.290+0530] {processor.py:186} INFO - Started process (PID=4214) to work on /Users/ravipal/Desktop/Workspace/airflow_tutorial/py_env/lib/python3.12/site-packages/airflow/example_dags/example_task_group_decorator.py
[2024-09-01T01:05:21.291+0530] {processor.py:914} INFO - Processing file /Users/ravipal/Desktop/Workspace/airflow_tutorial/py_env/lib/python3.12/site-packages/airflow/example_dags/example_task_group_decorator.py for tasks to queue
[2024-09-01T01:05:21.291+0530] {logging_mixin.py:190} INFO - [2024-09-01T01:05:21.291+0530] {dagbag.py:587} INFO - Filling up the DagBag from /Users/ravipal/Desktop/Workspace/airflow_tutorial/py_env/lib/python3.12/site-packages/airflow/example_dags/example_task_group_decorator.py
[2024-09-01T01:05:21.308+0530] {processor.py:925} INFO - DAG(s) 'example_task_group_decorator' retrieved from /Users/ravipal/Desktop/Workspace/airflow_tutorial/py_env/lib/python3.12/site-packages/airflow/example_dags/example_task_group_decorator.py
[2024-09-01T01:05:21.344+0530] {logging_mixin.py:190} INFO - [2024-09-01T01:05:21.344+0530] {dag.py:3211} INFO - Sync 1 DAGs
[2024-09-01T01:05:21.351+0530] {logging_mixin.py:190} INFO - [2024-09-01T01:05:21.350+0530] {dag.py:4138} INFO - Setting next_dagrun for example_task_group_decorator to 2024-08-30 00:00:00+00:00, run_after=2024-08-31 00:00:00+00:00
[2024-09-01T01:05:21.357+0530] {processor.py:208} INFO - Processing /Users/ravipal/Desktop/Workspace/airflow_tutorial/py_env/lib/python3.12/site-packages/airflow/example_dags/example_task_group_decorator.py took 0.069 seconds
[2024-09-01T01:06:25.775+0530] {processor.py:186} INFO - Started process (PID=4288) to work on /Users/ravipal/Desktop/Workspace/airflow_tutorial/py_env/lib/python3.12/site-packages/airflow/example_dags/example_task_group_decorator.py
[2024-09-01T01:06:25.776+0530] {processor.py:914} INFO - Processing file /Users/ravipal/Desktop/Workspace/airflow_tutorial/py_env/lib/python3.12/site-packages/airflow/example_dags/example_task_group_decorator.py for tasks to queue
[2024-09-01T01:06:25.777+0530] {logging_mixin.py:190} INFO - [2024-09-01T01:06:25.776+0530] {dagbag.py:587} INFO - Filling up the DagBag from /Users/ravipal/Desktop/Workspace/airflow_tutorial/py_env/lib/python3.12/site-packages/airflow/example_dags/example_task_group_decorator.py
[2024-09-01T01:06:25.795+0530] {processor.py:925} INFO - DAG(s) 'example_task_group_decorator' retrieved from /Users/ravipal/Desktop/Workspace/airflow_tutorial/py_env/lib/python3.12/site-packages/airflow/example_dags/example_task_group_decorator.py
[2024-09-01T01:06:25.830+0530] {logging_mixin.py:190} INFO - [2024-09-01T01:06:25.830+0530] {dag.py:3211} INFO - Sync 1 DAGs
[2024-09-01T01:06:25.836+0530] {logging_mixin.py:190} INFO - [2024-09-01T01:06:25.836+0530] {dag.py:4138} INFO - Setting next_dagrun for example_task_group_decorator to 2024-08-30 00:00:00+00:00, run_after=2024-08-31 00:00:00+00:00
[2024-09-01T01:06:25.842+0530] {processor.py:208} INFO - Processing /Users/ravipal/Desktop/Workspace/airflow_tutorial/py_env/lib/python3.12/site-packages/airflow/example_dags/example_task_group_decorator.py took 0.069 seconds
[2024-09-01T01:07:31.984+0530] {processor.py:186} INFO - Started process (PID=4353) to work on /Users/ravipal/Desktop/Workspace/airflow_tutorial/py_env/lib/python3.12/site-packages/airflow/example_dags/example_task_group_decorator.py
[2024-09-01T01:07:31.984+0530] {processor.py:914} INFO - Processing file /Users/ravipal/Desktop/Workspace/airflow_tutorial/py_env/lib/python3.12/site-packages/airflow/example_dags/example_task_group_decorator.py for tasks to queue
[2024-09-01T01:07:31.984+0530] {logging_mixin.py:190} INFO - [2024-09-01T01:07:31.984+0530] {dagbag.py:587} INFO - Filling up the DagBag from /Users/ravipal/Desktop/Workspace/airflow_tutorial/py_env/lib/python3.12/site-packages/airflow/example_dags/example_task_group_decorator.py
[2024-09-01T01:07:32.002+0530] {processor.py:925} INFO - DAG(s) 'example_task_group_decorator' retrieved from /Users/ravipal/Desktop/Workspace/airflow_tutorial/py_env/lib/python3.12/site-packages/airflow/example_dags/example_task_group_decorator.py
[2024-09-01T01:07:32.037+0530] {logging_mixin.py:190} INFO - [2024-09-01T01:07:32.036+0530] {dag.py:3211} INFO - Sync 1 DAGs
[2024-09-01T01:07:32.043+0530] {logging_mixin.py:190} INFO - [2024-09-01T01:07:32.043+0530] {dag.py:4138} INFO - Setting next_dagrun for example_task_group_decorator to 2024-08-30 00:00:00+00:00, run_after=2024-08-31 00:00:00+00:00
[2024-09-01T01:07:32.049+0530] {processor.py:208} INFO - Processing /Users/ravipal/Desktop/Workspace/airflow_tutorial/py_env/lib/python3.12/site-packages/airflow/example_dags/example_task_group_decorator.py took 0.068 seconds
[2024-09-01T01:08:36.895+0530] {processor.py:186} INFO - Started process (PID=4419) to work on /Users/ravipal/Desktop/Workspace/airflow_tutorial/py_env/lib/python3.12/site-packages/airflow/example_dags/example_task_group_decorator.py
[2024-09-01T01:08:36.895+0530] {processor.py:914} INFO - Processing file /Users/ravipal/Desktop/Workspace/airflow_tutorial/py_env/lib/python3.12/site-packages/airflow/example_dags/example_task_group_decorator.py for tasks to queue
[2024-09-01T01:08:36.896+0530] {logging_mixin.py:190} INFO - [2024-09-01T01:08:36.896+0530] {dagbag.py:587} INFO - Filling up the DagBag from /Users/ravipal/Desktop/Workspace/airflow_tutorial/py_env/lib/python3.12/site-packages/airflow/example_dags/example_task_group_decorator.py
[2024-09-01T01:08:36.913+0530] {processor.py:925} INFO - DAG(s) 'example_task_group_decorator' retrieved from /Users/ravipal/Desktop/Workspace/airflow_tutorial/py_env/lib/python3.12/site-packages/airflow/example_dags/example_task_group_decorator.py
[2024-09-01T01:08:36.948+0530] {logging_mixin.py:190} INFO - [2024-09-01T01:08:36.948+0530] {dag.py:3211} INFO - Sync 1 DAGs
[2024-09-01T01:08:36.954+0530] {logging_mixin.py:190} INFO - [2024-09-01T01:08:36.954+0530] {dag.py:4138} INFO - Setting next_dagrun for example_task_group_decorator to 2024-08-30 00:00:00+00:00, run_after=2024-08-31 00:00:00+00:00
[2024-09-01T01:08:36.961+0530] {processor.py:208} INFO - Processing /Users/ravipal/Desktop/Workspace/airflow_tutorial/py_env/lib/python3.12/site-packages/airflow/example_dags/example_task_group_decorator.py took 0.068 seconds
[2024-09-01T01:09:42.223+0530] {processor.py:186} INFO - Started process (PID=4484) to work on /Users/ravipal/Desktop/Workspace/airflow_tutorial/py_env/lib/python3.12/site-packages/airflow/example_dags/example_task_group_decorator.py
[2024-09-01T01:09:42.223+0530] {processor.py:914} INFO - Processing file /Users/ravipal/Desktop/Workspace/airflow_tutorial/py_env/lib/python3.12/site-packages/airflow/example_dags/example_task_group_decorator.py for tasks to queue
[2024-09-01T01:09:42.224+0530] {logging_mixin.py:190} INFO - [2024-09-01T01:09:42.224+0530] {dagbag.py:587} INFO - Filling up the DagBag from /Users/ravipal/Desktop/Workspace/airflow_tutorial/py_env/lib/python3.12/site-packages/airflow/example_dags/example_task_group_decorator.py
[2024-09-01T01:09:42.241+0530] {processor.py:925} INFO - DAG(s) 'example_task_group_decorator' retrieved from /Users/ravipal/Desktop/Workspace/airflow_tutorial/py_env/lib/python3.12/site-packages/airflow/example_dags/example_task_group_decorator.py
[2024-09-01T01:09:42.276+0530] {logging_mixin.py:190} INFO - [2024-09-01T01:09:42.276+0530] {dag.py:3211} INFO - Sync 1 DAGs
[2024-09-01T01:09:42.282+0530] {logging_mixin.py:190} INFO - [2024-09-01T01:09:42.282+0530] {dag.py:4138} INFO - Setting next_dagrun for example_task_group_decorator to 2024-08-30 00:00:00+00:00, run_after=2024-08-31 00:00:00+00:00
[2024-09-01T01:09:42.289+0530] {processor.py:208} INFO - Processing /Users/ravipal/Desktop/Workspace/airflow_tutorial/py_env/lib/python3.12/site-packages/airflow/example_dags/example_task_group_decorator.py took 0.068 seconds
[2024-09-01T01:10:43.642+0530] {processor.py:186} INFO - Started process (PID=4548) to work on /Users/ravipal/Desktop/Workspace/airflow_tutorial/py_env/lib/python3.12/site-packages/airflow/example_dags/example_task_group_decorator.py
[2024-09-01T01:10:43.643+0530] {processor.py:914} INFO - Processing file /Users/ravipal/Desktop/Workspace/airflow_tutorial/py_env/lib/python3.12/site-packages/airflow/example_dags/example_task_group_decorator.py for tasks to queue
[2024-09-01T01:10:43.643+0530] {logging_mixin.py:190} INFO - [2024-09-01T01:10:43.643+0530] {dagbag.py:587} INFO - Filling up the DagBag from /Users/ravipal/Desktop/Workspace/airflow_tutorial/py_env/lib/python3.12/site-packages/airflow/example_dags/example_task_group_decorator.py
[2024-09-01T01:10:43.661+0530] {processor.py:925} INFO - DAG(s) 'example_task_group_decorator' retrieved from /Users/ravipal/Desktop/Workspace/airflow_tutorial/py_env/lib/python3.12/site-packages/airflow/example_dags/example_task_group_decorator.py
[2024-09-01T01:10:43.695+0530] {logging_mixin.py:190} INFO - [2024-09-01T01:10:43.695+0530] {dag.py:3211} INFO - Sync 1 DAGs
[2024-09-01T01:10:43.702+0530] {logging_mixin.py:190} INFO - [2024-09-01T01:10:43.701+0530] {dag.py:4138} INFO - Setting next_dagrun for example_task_group_decorator to 2024-08-30 00:00:00+00:00, run_after=2024-08-31 00:00:00+00:00
[2024-09-01T01:10:43.708+0530] {processor.py:208} INFO - Processing /Users/ravipal/Desktop/Workspace/airflow_tutorial/py_env/lib/python3.12/site-packages/airflow/example_dags/example_task_group_decorator.py took 0.068 seconds
[2024-09-01T01:11:46.983+0530] {processor.py:186} INFO - Started process (PID=4610) to work on /Users/ravipal/Desktop/Workspace/airflow_tutorial/py_env/lib/python3.12/site-packages/airflow/example_dags/example_task_group_decorator.py
[2024-09-01T01:11:46.983+0530] {processor.py:914} INFO - Processing file /Users/ravipal/Desktop/Workspace/airflow_tutorial/py_env/lib/python3.12/site-packages/airflow/example_dags/example_task_group_decorator.py for tasks to queue
[2024-09-01T01:11:46.984+0530] {logging_mixin.py:190} INFO - [2024-09-01T01:11:46.984+0530] {dagbag.py:587} INFO - Filling up the DagBag from /Users/ravipal/Desktop/Workspace/airflow_tutorial/py_env/lib/python3.12/site-packages/airflow/example_dags/example_task_group_decorator.py
[2024-09-01T01:11:47.002+0530] {processor.py:925} INFO - DAG(s) 'example_task_group_decorator' retrieved from /Users/ravipal/Desktop/Workspace/airflow_tutorial/py_env/lib/python3.12/site-packages/airflow/example_dags/example_task_group_decorator.py
[2024-09-01T01:11:47.037+0530] {logging_mixin.py:190} INFO - [2024-09-01T01:11:47.037+0530] {dag.py:3211} INFO - Sync 1 DAGs
[2024-09-01T01:11:47.043+0530] {logging_mixin.py:190} INFO - [2024-09-01T01:11:47.043+0530] {dag.py:4138} INFO - Setting next_dagrun for example_task_group_decorator to 2024-08-30 00:00:00+00:00, run_after=2024-08-31 00:00:00+00:00
[2024-09-01T01:11:47.049+0530] {processor.py:208} INFO - Processing /Users/ravipal/Desktop/Workspace/airflow_tutorial/py_env/lib/python3.12/site-packages/airflow/example_dags/example_task_group_decorator.py took 0.069 seconds
[2024-09-01T01:12:50.274+0530] {processor.py:186} INFO - Started process (PID=4676) to work on /Users/ravipal/Desktop/Workspace/airflow_tutorial/py_env/lib/python3.12/site-packages/airflow/example_dags/example_task_group_decorator.py
[2024-09-01T01:12:50.274+0530] {processor.py:914} INFO - Processing file /Users/ravipal/Desktop/Workspace/airflow_tutorial/py_env/lib/python3.12/site-packages/airflow/example_dags/example_task_group_decorator.py for tasks to queue
[2024-09-01T01:12:50.274+0530] {logging_mixin.py:190} INFO - [2024-09-01T01:12:50.274+0530] {dagbag.py:587} INFO - Filling up the DagBag from /Users/ravipal/Desktop/Workspace/airflow_tutorial/py_env/lib/python3.12/site-packages/airflow/example_dags/example_task_group_decorator.py
[2024-09-01T01:12:50.292+0530] {processor.py:925} INFO - DAG(s) 'example_task_group_decorator' retrieved from /Users/ravipal/Desktop/Workspace/airflow_tutorial/py_env/lib/python3.12/site-packages/airflow/example_dags/example_task_group_decorator.py
[2024-09-01T01:12:50.328+0530] {logging_mixin.py:190} INFO - [2024-09-01T01:12:50.327+0530] {dag.py:3211} INFO - Sync 1 DAGs
[2024-09-01T01:12:50.334+0530] {logging_mixin.py:190} INFO - [2024-09-01T01:12:50.334+0530] {dag.py:4138} INFO - Setting next_dagrun for example_task_group_decorator to 2024-08-30 00:00:00+00:00, run_after=2024-08-31 00:00:00+00:00
[2024-09-01T01:12:50.340+0530] {processor.py:208} INFO - Processing /Users/ravipal/Desktop/Workspace/airflow_tutorial/py_env/lib/python3.12/site-packages/airflow/example_dags/example_task_group_decorator.py took 0.069 seconds
[2024-09-01T01:13:54.457+0530] {processor.py:186} INFO - Started process (PID=4739) to work on /Users/ravipal/Desktop/Workspace/airflow_tutorial/py_env/lib/python3.12/site-packages/airflow/example_dags/example_task_group_decorator.py
[2024-09-01T01:13:54.457+0530] {processor.py:914} INFO - Processing file /Users/ravipal/Desktop/Workspace/airflow_tutorial/py_env/lib/python3.12/site-packages/airflow/example_dags/example_task_group_decorator.py for tasks to queue
[2024-09-01T01:13:54.458+0530] {logging_mixin.py:190} INFO - [2024-09-01T01:13:54.458+0530] {dagbag.py:587} INFO - Filling up the DagBag from /Users/ravipal/Desktop/Workspace/airflow_tutorial/py_env/lib/python3.12/site-packages/airflow/example_dags/example_task_group_decorator.py
[2024-09-01T01:13:54.475+0530] {processor.py:925} INFO - DAG(s) 'example_task_group_decorator' retrieved from /Users/ravipal/Desktop/Workspace/airflow_tutorial/py_env/lib/python3.12/site-packages/airflow/example_dags/example_task_group_decorator.py
[2024-09-01T01:13:54.510+0530] {logging_mixin.py:190} INFO - [2024-09-01T01:13:54.510+0530] {dag.py:3211} INFO - Sync 1 DAGs
[2024-09-01T01:13:54.516+0530] {logging_mixin.py:190} INFO - [2024-09-01T01:13:54.516+0530] {dag.py:4138} INFO - Setting next_dagrun for example_task_group_decorator to 2024-08-30 00:00:00+00:00, run_after=2024-08-31 00:00:00+00:00
[2024-09-01T01:13:54.523+0530] {processor.py:208} INFO - Processing /Users/ravipal/Desktop/Workspace/airflow_tutorial/py_env/lib/python3.12/site-packages/airflow/example_dags/example_task_group_decorator.py took 0.068 seconds
[2024-09-01T01:15:00.813+0530] {processor.py:186} INFO - Started process (PID=4806) to work on /Users/ravipal/Desktop/Workspace/airflow_tutorial/py_env/lib/python3.12/site-packages/airflow/example_dags/example_task_group_decorator.py
[2024-09-01T01:15:00.814+0530] {processor.py:914} INFO - Processing file /Users/ravipal/Desktop/Workspace/airflow_tutorial/py_env/lib/python3.12/site-packages/airflow/example_dags/example_task_group_decorator.py for tasks to queue
[2024-09-01T01:15:00.814+0530] {logging_mixin.py:190} INFO - [2024-09-01T01:15:00.814+0530] {dagbag.py:587} INFO - Filling up the DagBag from /Users/ravipal/Desktop/Workspace/airflow_tutorial/py_env/lib/python3.12/site-packages/airflow/example_dags/example_task_group_decorator.py
[2024-09-01T01:15:00.833+0530] {processor.py:925} INFO - DAG(s) 'example_task_group_decorator' retrieved from /Users/ravipal/Desktop/Workspace/airflow_tutorial/py_env/lib/python3.12/site-packages/airflow/example_dags/example_task_group_decorator.py
[2024-09-01T01:15:00.868+0530] {logging_mixin.py:190} INFO - [2024-09-01T01:15:00.867+0530] {dag.py:3211} INFO - Sync 1 DAGs
[2024-09-01T01:15:00.874+0530] {logging_mixin.py:190} INFO - [2024-09-01T01:15:00.874+0530] {dag.py:4138} INFO - Setting next_dagrun for example_task_group_decorator to 2024-08-30 00:00:00+00:00, run_after=2024-08-31 00:00:00+00:00
[2024-09-01T01:15:00.880+0530] {processor.py:208} INFO - Processing /Users/ravipal/Desktop/Workspace/airflow_tutorial/py_env/lib/python3.12/site-packages/airflow/example_dags/example_task_group_decorator.py took 0.069 seconds
[2024-09-01T01:16:07.355+0530] {processor.py:186} INFO - Started process (PID=4871) to work on /Users/ravipal/Desktop/Workspace/airflow_tutorial/py_env/lib/python3.12/site-packages/airflow/example_dags/example_task_group_decorator.py
[2024-09-01T01:16:07.356+0530] {processor.py:914} INFO - Processing file /Users/ravipal/Desktop/Workspace/airflow_tutorial/py_env/lib/python3.12/site-packages/airflow/example_dags/example_task_group_decorator.py for tasks to queue
[2024-09-01T01:16:07.356+0530] {logging_mixin.py:190} INFO - [2024-09-01T01:16:07.356+0530] {dagbag.py:587} INFO - Filling up the DagBag from /Users/ravipal/Desktop/Workspace/airflow_tutorial/py_env/lib/python3.12/site-packages/airflow/example_dags/example_task_group_decorator.py
[2024-09-01T01:16:07.373+0530] {processor.py:925} INFO - DAG(s) 'example_task_group_decorator' retrieved from /Users/ravipal/Desktop/Workspace/airflow_tutorial/py_env/lib/python3.12/site-packages/airflow/example_dags/example_task_group_decorator.py
[2024-09-01T01:16:07.408+0530] {logging_mixin.py:190} INFO - [2024-09-01T01:16:07.408+0530] {dag.py:3211} INFO - Sync 1 DAGs
[2024-09-01T01:16:07.415+0530] {logging_mixin.py:190} INFO - [2024-09-01T01:16:07.414+0530] {dag.py:4138} INFO - Setting next_dagrun for example_task_group_decorator to 2024-08-30 00:00:00+00:00, run_after=2024-08-31 00:00:00+00:00
[2024-09-01T01:16:07.421+0530] {processor.py:208} INFO - Processing /Users/ravipal/Desktop/Workspace/airflow_tutorial/py_env/lib/python3.12/site-packages/airflow/example_dags/example_task_group_decorator.py took 0.068 seconds
[2024-09-01T01:17:11.415+0530] {processor.py:186} INFO - Started process (PID=4936) to work on /Users/ravipal/Desktop/Workspace/airflow_tutorial/py_env/lib/python3.12/site-packages/airflow/example_dags/example_task_group_decorator.py
[2024-09-01T01:17:11.415+0530] {processor.py:914} INFO - Processing file /Users/ravipal/Desktop/Workspace/airflow_tutorial/py_env/lib/python3.12/site-packages/airflow/example_dags/example_task_group_decorator.py for tasks to queue
[2024-09-01T01:17:11.416+0530] {logging_mixin.py:190} INFO - [2024-09-01T01:17:11.416+0530] {dagbag.py:587} INFO - Filling up the DagBag from /Users/ravipal/Desktop/Workspace/airflow_tutorial/py_env/lib/python3.12/site-packages/airflow/example_dags/example_task_group_decorator.py
[2024-09-01T01:17:11.434+0530] {processor.py:925} INFO - DAG(s) 'example_task_group_decorator' retrieved from /Users/ravipal/Desktop/Workspace/airflow_tutorial/py_env/lib/python3.12/site-packages/airflow/example_dags/example_task_group_decorator.py
[2024-09-01T01:17:11.468+0530] {logging_mixin.py:190} INFO - [2024-09-01T01:17:11.468+0530] {dag.py:3211} INFO - Sync 1 DAGs
[2024-09-01T01:17:11.475+0530] {logging_mixin.py:190} INFO - [2024-09-01T01:17:11.475+0530] {dag.py:4138} INFO - Setting next_dagrun for example_task_group_decorator to 2024-08-30 00:00:00+00:00, run_after=2024-08-31 00:00:00+00:00
[2024-09-01T01:17:11.481+0530] {processor.py:208} INFO - Processing /Users/ravipal/Desktop/Workspace/airflow_tutorial/py_env/lib/python3.12/site-packages/airflow/example_dags/example_task_group_decorator.py took 0.068 seconds
[2024-09-01T01:18:16.640+0530] {processor.py:186} INFO - Started process (PID=5002) to work on /Users/ravipal/Desktop/Workspace/airflow_tutorial/py_env/lib/python3.12/site-packages/airflow/example_dags/example_task_group_decorator.py
[2024-09-01T01:18:16.641+0530] {processor.py:914} INFO - Processing file /Users/ravipal/Desktop/Workspace/airflow_tutorial/py_env/lib/python3.12/site-packages/airflow/example_dags/example_task_group_decorator.py for tasks to queue
[2024-09-01T01:18:16.641+0530] {logging_mixin.py:190} INFO - [2024-09-01T01:18:16.641+0530] {dagbag.py:587} INFO - Filling up the DagBag from /Users/ravipal/Desktop/Workspace/airflow_tutorial/py_env/lib/python3.12/site-packages/airflow/example_dags/example_task_group_decorator.py
[2024-09-01T01:18:16.659+0530] {processor.py:925} INFO - DAG(s) 'example_task_group_decorator' retrieved from /Users/ravipal/Desktop/Workspace/airflow_tutorial/py_env/lib/python3.12/site-packages/airflow/example_dags/example_task_group_decorator.py
[2024-09-01T01:18:16.693+0530] {logging_mixin.py:190} INFO - [2024-09-01T01:18:16.693+0530] {dag.py:3211} INFO - Sync 1 DAGs
[2024-09-01T01:18:16.700+0530] {logging_mixin.py:190} INFO - [2024-09-01T01:18:16.700+0530] {dag.py:4138} INFO - Setting next_dagrun for example_task_group_decorator to 2024-08-30 00:00:00+00:00, run_after=2024-08-31 00:00:00+00:00
[2024-09-01T01:18:16.706+0530] {processor.py:208} INFO - Processing /Users/ravipal/Desktop/Workspace/airflow_tutorial/py_env/lib/python3.12/site-packages/airflow/example_dags/example_task_group_decorator.py took 0.068 seconds
