[2024-09-01T00:24:15.433+0530] {processor.py:186} INFO - Started process (PID=1501) to work on /Users/ravipal/Desktop/Workspace/airflow_tutorial/py_env/lib/python3.12/site-packages/airflow/example_dags/example_bash_decorator.py
[2024-09-01T00:24:15.434+0530] {processor.py:914} INFO - Processing file /Users/ravipal/Desktop/Workspace/airflow_tutorial/py_env/lib/python3.12/site-packages/airflow/example_dags/example_bash_decorator.py for tasks to queue
[2024-09-01T00:24:15.434+0530] {logging_mixin.py:190} INFO - [2024-09-01T00:24:15.434+0530] {dagbag.py:587} INFO - Filling up the DagBag from /Users/ravipal/Desktop/Workspace/airflow_tutorial/py_env/lib/python3.12/site-packages/airflow/example_dags/example_bash_decorator.py
[2024-09-01T00:24:15.452+0530] {processor.py:925} INFO - DAG(s) 'example_bash_decorator' retrieved from /Users/ravipal/Desktop/Workspace/airflow_tutorial/py_env/lib/python3.12/site-packages/airflow/example_dags/example_bash_decorator.py
[2024-09-01T00:24:15.551+0530] {logging_mixin.py:190} INFO - [2024-09-01T00:24:15.550+0530] {override.py:1858} INFO - Created Permission View: can read on DAG:example_bash_decorator
[2024-09-01T00:24:15.554+0530] {logging_mixin.py:190} INFO - [2024-09-01T00:24:15.554+0530] {override.py:1858} INFO - Created Permission View: can delete on DAG:example_bash_decorator
[2024-09-01T00:24:15.557+0530] {logging_mixin.py:190} INFO - [2024-09-01T00:24:15.556+0530] {override.py:1858} INFO - Created Permission View: can edit on DAG:example_bash_decorator
[2024-09-01T00:24:15.557+0530] {logging_mixin.py:190} INFO - [2024-09-01T00:24:15.557+0530] {dag.py:3211} INFO - Sync 1 DAGs
[2024-09-01T00:24:15.561+0530] {logging_mixin.py:190} INFO - [2024-09-01T00:24:15.561+0530] {dag.py:3234} INFO - Creating ORM DAG for example_bash_decorator
[2024-09-01T00:24:15.561+0530] {logging_mixin.py:190} INFO - [2024-09-01T00:24:15.561+0530] {dag.py:4138} INFO - Setting next_dagrun for example_bash_decorator to None, run_after=None
[2024-09-01T00:24:15.566+0530] {processor.py:208} INFO - Processing /Users/ravipal/Desktop/Workspace/airflow_tutorial/py_env/lib/python3.12/site-packages/airflow/example_dags/example_bash_decorator.py took 0.135 seconds
[2024-09-01T00:26:30.130+0530] {processor.py:186} INFO - Started process (PID=1639) to work on /Users/ravipal/Desktop/Workspace/airflow_tutorial/py_env/lib/python3.12/site-packages/airflow/example_dags/example_bash_decorator.py
[2024-09-01T00:26:30.131+0530] {processor.py:914} INFO - Processing file /Users/ravipal/Desktop/Workspace/airflow_tutorial/py_env/lib/python3.12/site-packages/airflow/example_dags/example_bash_decorator.py for tasks to queue
[2024-09-01T00:26:30.131+0530] {logging_mixin.py:190} INFO - [2024-09-01T00:26:30.131+0530] {dagbag.py:587} INFO - Filling up the DagBag from /Users/ravipal/Desktop/Workspace/airflow_tutorial/py_env/lib/python3.12/site-packages/airflow/example_dags/example_bash_decorator.py
[2024-09-01T00:26:30.149+0530] {processor.py:925} INFO - DAG(s) 'example_bash_decorator' retrieved from /Users/ravipal/Desktop/Workspace/airflow_tutorial/py_env/lib/python3.12/site-packages/airflow/example_dags/example_bash_decorator.py
[2024-09-01T00:26:30.239+0530] {logging_mixin.py:190} INFO - [2024-09-01T00:26:30.239+0530] {dag.py:3211} INFO - Sync 1 DAGs
[2024-09-01T00:26:30.243+0530] {logging_mixin.py:190} INFO - [2024-09-01T00:26:30.243+0530] {dag.py:4138} INFO - Setting next_dagrun for example_bash_decorator to None, run_after=None
[2024-09-01T00:26:30.250+0530] {processor.py:208} INFO - Processing /Users/ravipal/Desktop/Workspace/airflow_tutorial/py_env/lib/python3.12/site-packages/airflow/example_dags/example_bash_decorator.py took 0.121 seconds
[2024-09-01T00:28:48.729+0530] {processor.py:186} INFO - Started process (PID=1966) to work on /Users/ravipal/Desktop/Workspace/airflow_tutorial/py_env/lib/python3.12/site-packages/airflow/example_dags/example_bash_decorator.py
[2024-09-01T00:28:48.729+0530] {processor.py:914} INFO - Processing file /Users/ravipal/Desktop/Workspace/airflow_tutorial/py_env/lib/python3.12/site-packages/airflow/example_dags/example_bash_decorator.py for tasks to queue
[2024-09-01T00:28:48.729+0530] {logging_mixin.py:190} INFO - [2024-09-01T00:28:48.729+0530] {dagbag.py:587} INFO - Filling up the DagBag from /Users/ravipal/Desktop/Workspace/airflow_tutorial/py_env/lib/python3.12/site-packages/airflow/example_dags/example_bash_decorator.py
[2024-09-01T00:28:48.746+0530] {processor.py:925} INFO - DAG(s) 'example_bash_decorator' retrieved from /Users/ravipal/Desktop/Workspace/airflow_tutorial/py_env/lib/python3.12/site-packages/airflow/example_dags/example_bash_decorator.py
[2024-09-01T00:28:48.842+0530] {logging_mixin.py:190} INFO - [2024-09-01T00:28:48.842+0530] {dag.py:3211} INFO - Sync 1 DAGs
[2024-09-01T00:28:48.846+0530] {logging_mixin.py:190} INFO - [2024-09-01T00:28:48.845+0530] {dag.py:4138} INFO - Setting next_dagrun for example_bash_decorator to None, run_after=None
[2024-09-01T00:28:48.852+0530] {processor.py:208} INFO - Processing /Users/ravipal/Desktop/Workspace/airflow_tutorial/py_env/lib/python3.12/site-packages/airflow/example_dags/example_bash_decorator.py took 0.126 seconds
[2024-09-01T00:30:56.008+0530] {processor.py:186} INFO - Started process (PID=2098) to work on /Users/ravipal/Desktop/Workspace/airflow_tutorial/py_env/lib/python3.12/site-packages/airflow/example_dags/example_bash_decorator.py
[2024-09-01T00:30:56.009+0530] {processor.py:914} INFO - Processing file /Users/ravipal/Desktop/Workspace/airflow_tutorial/py_env/lib/python3.12/site-packages/airflow/example_dags/example_bash_decorator.py for tasks to queue
[2024-09-01T00:30:56.009+0530] {logging_mixin.py:190} INFO - [2024-09-01T00:30:56.009+0530] {dagbag.py:587} INFO - Filling up the DagBag from /Users/ravipal/Desktop/Workspace/airflow_tutorial/py_env/lib/python3.12/site-packages/airflow/example_dags/example_bash_decorator.py
[2024-09-01T00:30:56.027+0530] {processor.py:925} INFO - DAG(s) 'example_bash_decorator' retrieved from /Users/ravipal/Desktop/Workspace/airflow_tutorial/py_env/lib/python3.12/site-packages/airflow/example_dags/example_bash_decorator.py
[2024-09-01T00:30:56.126+0530] {logging_mixin.py:190} INFO - [2024-09-01T00:30:56.126+0530] {dag.py:3211} INFO - Sync 1 DAGs
[2024-09-01T00:30:56.130+0530] {logging_mixin.py:190} INFO - [2024-09-01T00:30:56.130+0530] {dag.py:4138} INFO - Setting next_dagrun for example_bash_decorator to None, run_after=None
[2024-09-01T00:30:56.137+0530] {processor.py:208} INFO - Processing /Users/ravipal/Desktop/Workspace/airflow_tutorial/py_env/lib/python3.12/site-packages/airflow/example_dags/example_bash_decorator.py took 0.131 seconds
[2024-09-01T00:33:10.048+0530] {processor.py:186} INFO - Started process (PID=2229) to work on /Users/ravipal/Desktop/Workspace/airflow_tutorial/py_env/lib/python3.12/site-packages/airflow/example_dags/example_bash_decorator.py
[2024-09-01T00:33:10.049+0530] {processor.py:914} INFO - Processing file /Users/ravipal/Desktop/Workspace/airflow_tutorial/py_env/lib/python3.12/site-packages/airflow/example_dags/example_bash_decorator.py for tasks to queue
[2024-09-01T00:33:10.049+0530] {logging_mixin.py:190} INFO - [2024-09-01T00:33:10.049+0530] {dagbag.py:587} INFO - Filling up the DagBag from /Users/ravipal/Desktop/Workspace/airflow_tutorial/py_env/lib/python3.12/site-packages/airflow/example_dags/example_bash_decorator.py
[2024-09-01T00:33:10.066+0530] {processor.py:925} INFO - DAG(s) 'example_bash_decorator' retrieved from /Users/ravipal/Desktop/Workspace/airflow_tutorial/py_env/lib/python3.12/site-packages/airflow/example_dags/example_bash_decorator.py
[2024-09-01T00:33:10.168+0530] {logging_mixin.py:190} INFO - [2024-09-01T00:33:10.168+0530] {dag.py:3211} INFO - Sync 1 DAGs
[2024-09-01T00:33:10.172+0530] {logging_mixin.py:190} INFO - [2024-09-01T00:33:10.172+0530] {dag.py:4138} INFO - Setting next_dagrun for example_bash_decorator to None, run_after=None
[2024-09-01T00:33:10.180+0530] {processor.py:208} INFO - Processing /Users/ravipal/Desktop/Workspace/airflow_tutorial/py_env/lib/python3.12/site-packages/airflow/example_dags/example_bash_decorator.py took 0.134 seconds
[2024-09-01T00:35:26.813+0530] {processor.py:186} INFO - Started process (PID=2368) to work on /Users/ravipal/Desktop/Workspace/airflow_tutorial/py_env/lib/python3.12/site-packages/airflow/example_dags/example_bash_decorator.py
[2024-09-01T00:35:26.814+0530] {processor.py:914} INFO - Processing file /Users/ravipal/Desktop/Workspace/airflow_tutorial/py_env/lib/python3.12/site-packages/airflow/example_dags/example_bash_decorator.py for tasks to queue
[2024-09-01T00:35:26.814+0530] {logging_mixin.py:190} INFO - [2024-09-01T00:35:26.814+0530] {dagbag.py:587} INFO - Filling up the DagBag from /Users/ravipal/Desktop/Workspace/airflow_tutorial/py_env/lib/python3.12/site-packages/airflow/example_dags/example_bash_decorator.py
[2024-09-01T00:35:26.832+0530] {processor.py:925} INFO - DAG(s) 'example_bash_decorator' retrieved from /Users/ravipal/Desktop/Workspace/airflow_tutorial/py_env/lib/python3.12/site-packages/airflow/example_dags/example_bash_decorator.py
[2024-09-01T00:35:26.923+0530] {logging_mixin.py:190} INFO - [2024-09-01T00:35:26.923+0530] {dag.py:3211} INFO - Sync 1 DAGs
[2024-09-01T00:35:26.926+0530] {logging_mixin.py:190} INFO - [2024-09-01T00:35:26.926+0530] {dag.py:4138} INFO - Setting next_dagrun for example_bash_decorator to None, run_after=None
[2024-09-01T00:35:26.933+0530] {processor.py:208} INFO - Processing /Users/ravipal/Desktop/Workspace/airflow_tutorial/py_env/lib/python3.12/site-packages/airflow/example_dags/example_bash_decorator.py took 0.122 seconds
[2024-09-01T00:37:40.387+0530] {processor.py:186} INFO - Started process (PID=2499) to work on /Users/ravipal/Desktop/Workspace/airflow_tutorial/py_env/lib/python3.12/site-packages/airflow/example_dags/example_bash_decorator.py
[2024-09-01T00:37:40.387+0530] {processor.py:914} INFO - Processing file /Users/ravipal/Desktop/Workspace/airflow_tutorial/py_env/lib/python3.12/site-packages/airflow/example_dags/example_bash_decorator.py for tasks to queue
[2024-09-01T00:37:40.388+0530] {logging_mixin.py:190} INFO - [2024-09-01T00:37:40.388+0530] {dagbag.py:587} INFO - Filling up the DagBag from /Users/ravipal/Desktop/Workspace/airflow_tutorial/py_env/lib/python3.12/site-packages/airflow/example_dags/example_bash_decorator.py
[2024-09-01T00:37:40.405+0530] {processor.py:925} INFO - DAG(s) 'example_bash_decorator' retrieved from /Users/ravipal/Desktop/Workspace/airflow_tutorial/py_env/lib/python3.12/site-packages/airflow/example_dags/example_bash_decorator.py
[2024-09-01T00:37:40.495+0530] {logging_mixin.py:190} INFO - [2024-09-01T00:37:40.494+0530] {dag.py:3211} INFO - Sync 1 DAGs
[2024-09-01T00:37:40.498+0530] {logging_mixin.py:190} INFO - [2024-09-01T00:37:40.498+0530] {dag.py:4138} INFO - Setting next_dagrun for example_bash_decorator to None, run_after=None
[2024-09-01T00:37:40.505+0530] {processor.py:208} INFO - Processing /Users/ravipal/Desktop/Workspace/airflow_tutorial/py_env/lib/python3.12/site-packages/airflow/example_dags/example_bash_decorator.py took 0.120 seconds
[2024-09-01T00:39:45.953+0530] {processor.py:186} INFO - Started process (PID=2626) to work on /Users/ravipal/Desktop/Workspace/airflow_tutorial/py_env/lib/python3.12/site-packages/airflow/example_dags/example_bash_decorator.py
[2024-09-01T00:39:45.954+0530] {processor.py:914} INFO - Processing file /Users/ravipal/Desktop/Workspace/airflow_tutorial/py_env/lib/python3.12/site-packages/airflow/example_dags/example_bash_decorator.py for tasks to queue
[2024-09-01T00:39:45.954+0530] {logging_mixin.py:190} INFO - [2024-09-01T00:39:45.954+0530] {dagbag.py:587} INFO - Filling up the DagBag from /Users/ravipal/Desktop/Workspace/airflow_tutorial/py_env/lib/python3.12/site-packages/airflow/example_dags/example_bash_decorator.py
[2024-09-01T00:39:45.973+0530] {processor.py:925} INFO - DAG(s) 'example_bash_decorator' retrieved from /Users/ravipal/Desktop/Workspace/airflow_tutorial/py_env/lib/python3.12/site-packages/airflow/example_dags/example_bash_decorator.py
[2024-09-01T00:39:46.074+0530] {logging_mixin.py:190} INFO - [2024-09-01T00:39:46.073+0530] {dag.py:3211} INFO - Sync 1 DAGs
[2024-09-01T00:39:46.077+0530] {logging_mixin.py:190} INFO - [2024-09-01T00:39:46.077+0530] {dag.py:4138} INFO - Setting next_dagrun for example_bash_decorator to None, run_after=None
[2024-09-01T00:39:46.084+0530] {processor.py:208} INFO - Processing /Users/ravipal/Desktop/Workspace/airflow_tutorial/py_env/lib/python3.12/site-packages/airflow/example_dags/example_bash_decorator.py took 0.133 seconds
[2024-09-01T00:41:58.143+0530] {processor.py:186} INFO - Started process (PID=2758) to work on /Users/ravipal/Desktop/Workspace/airflow_tutorial/py_env/lib/python3.12/site-packages/airflow/example_dags/example_bash_decorator.py
[2024-09-01T00:41:58.143+0530] {processor.py:914} INFO - Processing file /Users/ravipal/Desktop/Workspace/airflow_tutorial/py_env/lib/python3.12/site-packages/airflow/example_dags/example_bash_decorator.py for tasks to queue
[2024-09-01T00:41:58.144+0530] {logging_mixin.py:190} INFO - [2024-09-01T00:41:58.144+0530] {dagbag.py:587} INFO - Filling up the DagBag from /Users/ravipal/Desktop/Workspace/airflow_tutorial/py_env/lib/python3.12/site-packages/airflow/example_dags/example_bash_decorator.py
[2024-09-01T00:41:58.161+0530] {processor.py:925} INFO - DAG(s) 'example_bash_decorator' retrieved from /Users/ravipal/Desktop/Workspace/airflow_tutorial/py_env/lib/python3.12/site-packages/airflow/example_dags/example_bash_decorator.py
[2024-09-01T00:41:58.252+0530] {logging_mixin.py:190} INFO - [2024-09-01T00:41:58.251+0530] {dag.py:3211} INFO - Sync 1 DAGs
[2024-09-01T00:41:58.255+0530] {logging_mixin.py:190} INFO - [2024-09-01T00:41:58.255+0530] {dag.py:4138} INFO - Setting next_dagrun for example_bash_decorator to None, run_after=None
[2024-09-01T00:41:58.262+0530] {processor.py:208} INFO - Processing /Users/ravipal/Desktop/Workspace/airflow_tutorial/py_env/lib/python3.12/site-packages/airflow/example_dags/example_bash_decorator.py took 0.121 seconds
[2024-09-01T00:44:13.043+0530] {processor.py:186} INFO - Started process (PID=2891) to work on /Users/ravipal/Desktop/Workspace/airflow_tutorial/py_env/lib/python3.12/site-packages/airflow/example_dags/example_bash_decorator.py
[2024-09-01T00:44:13.044+0530] {processor.py:914} INFO - Processing file /Users/ravipal/Desktop/Workspace/airflow_tutorial/py_env/lib/python3.12/site-packages/airflow/example_dags/example_bash_decorator.py for tasks to queue
[2024-09-01T00:44:13.044+0530] {logging_mixin.py:190} INFO - [2024-09-01T00:44:13.044+0530] {dagbag.py:587} INFO - Filling up the DagBag from /Users/ravipal/Desktop/Workspace/airflow_tutorial/py_env/lib/python3.12/site-packages/airflow/example_dags/example_bash_decorator.py
[2024-09-01T00:44:13.061+0530] {processor.py:925} INFO - DAG(s) 'example_bash_decorator' retrieved from /Users/ravipal/Desktop/Workspace/airflow_tutorial/py_env/lib/python3.12/site-packages/airflow/example_dags/example_bash_decorator.py
[2024-09-01T00:44:13.151+0530] {logging_mixin.py:190} INFO - [2024-09-01T00:44:13.151+0530] {dag.py:3211} INFO - Sync 1 DAGs
[2024-09-01T00:44:13.154+0530] {logging_mixin.py:190} INFO - [2024-09-01T00:44:13.154+0530] {dag.py:4138} INFO - Setting next_dagrun for example_bash_decorator to None, run_after=None
[2024-09-01T00:44:13.161+0530] {processor.py:208} INFO - Processing /Users/ravipal/Desktop/Workspace/airflow_tutorial/py_env/lib/python3.12/site-packages/airflow/example_dags/example_bash_decorator.py took 0.119 seconds
[2024-09-01T00:46:28.142+0530] {processor.py:186} INFO - Started process (PID=3025) to work on /Users/ravipal/Desktop/Workspace/airflow_tutorial/py_env/lib/python3.12/site-packages/airflow/example_dags/example_bash_decorator.py
[2024-09-01T00:46:28.142+0530] {processor.py:914} INFO - Processing file /Users/ravipal/Desktop/Workspace/airflow_tutorial/py_env/lib/python3.12/site-packages/airflow/example_dags/example_bash_decorator.py for tasks to queue
[2024-09-01T00:46:28.143+0530] {logging_mixin.py:190} INFO - [2024-09-01T00:46:28.143+0530] {dagbag.py:587} INFO - Filling up the DagBag from /Users/ravipal/Desktop/Workspace/airflow_tutorial/py_env/lib/python3.12/site-packages/airflow/example_dags/example_bash_decorator.py
[2024-09-01T00:46:28.161+0530] {processor.py:925} INFO - DAG(s) 'example_bash_decorator' retrieved from /Users/ravipal/Desktop/Workspace/airflow_tutorial/py_env/lib/python3.12/site-packages/airflow/example_dags/example_bash_decorator.py
[2024-09-01T00:46:28.250+0530] {logging_mixin.py:190} INFO - [2024-09-01T00:46:28.250+0530] {dag.py:3211} INFO - Sync 1 DAGs
[2024-09-01T00:46:28.254+0530] {logging_mixin.py:190} INFO - [2024-09-01T00:46:28.253+0530] {dag.py:4138} INFO - Setting next_dagrun for example_bash_decorator to None, run_after=None
[2024-09-01T00:46:28.260+0530] {processor.py:208} INFO - Processing /Users/ravipal/Desktop/Workspace/airflow_tutorial/py_env/lib/python3.12/site-packages/airflow/example_dags/example_bash_decorator.py took 0.121 seconds
[2024-09-01T00:48:35.148+0530] {processor.py:186} INFO - Started process (PID=3153) to work on /Users/ravipal/Desktop/Workspace/airflow_tutorial/py_env/lib/python3.12/site-packages/airflow/example_dags/example_bash_decorator.py
[2024-09-01T00:48:35.148+0530] {processor.py:914} INFO - Processing file /Users/ravipal/Desktop/Workspace/airflow_tutorial/py_env/lib/python3.12/site-packages/airflow/example_dags/example_bash_decorator.py for tasks to queue
[2024-09-01T00:48:35.149+0530] {logging_mixin.py:190} INFO - [2024-09-01T00:48:35.149+0530] {dagbag.py:587} INFO - Filling up the DagBag from /Users/ravipal/Desktop/Workspace/airflow_tutorial/py_env/lib/python3.12/site-packages/airflow/example_dags/example_bash_decorator.py
[2024-09-01T00:48:35.166+0530] {processor.py:925} INFO - DAG(s) 'example_bash_decorator' retrieved from /Users/ravipal/Desktop/Workspace/airflow_tutorial/py_env/lib/python3.12/site-packages/airflow/example_dags/example_bash_decorator.py
[2024-09-01T00:48:35.256+0530] {logging_mixin.py:190} INFO - [2024-09-01T00:48:35.256+0530] {dag.py:3211} INFO - Sync 1 DAGs
[2024-09-01T00:48:35.260+0530] {logging_mixin.py:190} INFO - [2024-09-01T00:48:35.260+0530] {dag.py:4138} INFO - Setting next_dagrun for example_bash_decorator to None, run_after=None
[2024-09-01T00:48:35.266+0530] {processor.py:208} INFO - Processing /Users/ravipal/Desktop/Workspace/airflow_tutorial/py_env/lib/python3.12/site-packages/airflow/example_dags/example_bash_decorator.py took 0.121 seconds
[2024-09-01T00:50:49.001+0530] {processor.py:186} INFO - Started process (PID=3311) to work on /Users/ravipal/Desktop/Workspace/airflow_tutorial/py_env/lib/python3.12/site-packages/airflow/example_dags/example_bash_decorator.py
[2024-09-01T00:50:49.001+0530] {processor.py:914} INFO - Processing file /Users/ravipal/Desktop/Workspace/airflow_tutorial/py_env/lib/python3.12/site-packages/airflow/example_dags/example_bash_decorator.py for tasks to queue
[2024-09-01T00:50:49.002+0530] {logging_mixin.py:190} INFO - [2024-09-01T00:50:49.002+0530] {dagbag.py:587} INFO - Filling up the DagBag from /Users/ravipal/Desktop/Workspace/airflow_tutorial/py_env/lib/python3.12/site-packages/airflow/example_dags/example_bash_decorator.py
[2024-09-01T00:50:49.021+0530] {processor.py:925} INFO - DAG(s) 'example_bash_decorator' retrieved from /Users/ravipal/Desktop/Workspace/airflow_tutorial/py_env/lib/python3.12/site-packages/airflow/example_dags/example_bash_decorator.py
[2024-09-01T00:50:49.122+0530] {logging_mixin.py:190} INFO - [2024-09-01T00:50:49.122+0530] {dag.py:3211} INFO - Sync 1 DAGs
[2024-09-01T00:50:49.126+0530] {logging_mixin.py:190} INFO - [2024-09-01T00:50:49.126+0530] {dag.py:4138} INFO - Setting next_dagrun for example_bash_decorator to None, run_after=None
[2024-09-01T00:50:49.132+0530] {processor.py:208} INFO - Processing /Users/ravipal/Desktop/Workspace/airflow_tutorial/py_env/lib/python3.12/site-packages/airflow/example_dags/example_bash_decorator.py took 0.133 seconds
[2024-09-01T00:53:00.555+0530] {processor.py:186} INFO - Started process (PID=3445) to work on /Users/ravipal/Desktop/Workspace/airflow_tutorial/py_env/lib/python3.12/site-packages/airflow/example_dags/example_bash_decorator.py
[2024-09-01T00:53:00.555+0530] {processor.py:914} INFO - Processing file /Users/ravipal/Desktop/Workspace/airflow_tutorial/py_env/lib/python3.12/site-packages/airflow/example_dags/example_bash_decorator.py for tasks to queue
[2024-09-01T00:53:00.555+0530] {logging_mixin.py:190} INFO - [2024-09-01T00:53:00.555+0530] {dagbag.py:587} INFO - Filling up the DagBag from /Users/ravipal/Desktop/Workspace/airflow_tutorial/py_env/lib/python3.12/site-packages/airflow/example_dags/example_bash_decorator.py
[2024-09-01T00:53:00.573+0530] {processor.py:925} INFO - DAG(s) 'example_bash_decorator' retrieved from /Users/ravipal/Desktop/Workspace/airflow_tutorial/py_env/lib/python3.12/site-packages/airflow/example_dags/example_bash_decorator.py
[2024-09-01T00:53:00.662+0530] {logging_mixin.py:190} INFO - [2024-09-01T00:53:00.662+0530] {dag.py:3211} INFO - Sync 1 DAGs
[2024-09-01T00:53:00.665+0530] {logging_mixin.py:190} INFO - [2024-09-01T00:53:00.665+0530] {dag.py:4138} INFO - Setting next_dagrun for example_bash_decorator to None, run_after=None
[2024-09-01T00:53:00.672+0530] {processor.py:208} INFO - Processing /Users/ravipal/Desktop/Workspace/airflow_tutorial/py_env/lib/python3.12/site-packages/airflow/example_dags/example_bash_decorator.py took 0.119 seconds
[2024-09-01T00:55:12.347+0530] {processor.py:186} INFO - Started process (PID=3578) to work on /Users/ravipal/Desktop/Workspace/airflow_tutorial/py_env/lib/python3.12/site-packages/airflow/example_dags/example_bash_decorator.py
[2024-09-01T00:55:12.348+0530] {processor.py:914} INFO - Processing file /Users/ravipal/Desktop/Workspace/airflow_tutorial/py_env/lib/python3.12/site-packages/airflow/example_dags/example_bash_decorator.py for tasks to queue
[2024-09-01T00:55:12.348+0530] {logging_mixin.py:190} INFO - [2024-09-01T00:55:12.348+0530] {dagbag.py:587} INFO - Filling up the DagBag from /Users/ravipal/Desktop/Workspace/airflow_tutorial/py_env/lib/python3.12/site-packages/airflow/example_dags/example_bash_decorator.py
[2024-09-01T00:55:12.365+0530] {processor.py:925} INFO - DAG(s) 'example_bash_decorator' retrieved from /Users/ravipal/Desktop/Workspace/airflow_tutorial/py_env/lib/python3.12/site-packages/airflow/example_dags/example_bash_decorator.py
[2024-09-01T00:55:12.455+0530] {logging_mixin.py:190} INFO - [2024-09-01T00:55:12.455+0530] {dag.py:3211} INFO - Sync 1 DAGs
[2024-09-01T00:55:12.459+0530] {logging_mixin.py:190} INFO - [2024-09-01T00:55:12.459+0530] {dag.py:4138} INFO - Setting next_dagrun for example_bash_decorator to None, run_after=None
[2024-09-01T00:55:12.466+0530] {processor.py:208} INFO - Processing /Users/ravipal/Desktop/Workspace/airflow_tutorial/py_env/lib/python3.12/site-packages/airflow/example_dags/example_bash_decorator.py took 0.120 seconds
[2024-09-01T00:57:24.053+0530] {processor.py:186} INFO - Started process (PID=3707) to work on /Users/ravipal/Desktop/Workspace/airflow_tutorial/py_env/lib/python3.12/site-packages/airflow/example_dags/example_bash_decorator.py
[2024-09-01T00:57:24.054+0530] {processor.py:914} INFO - Processing file /Users/ravipal/Desktop/Workspace/airflow_tutorial/py_env/lib/python3.12/site-packages/airflow/example_dags/example_bash_decorator.py for tasks to queue
[2024-09-01T00:57:24.054+0530] {logging_mixin.py:190} INFO - [2024-09-01T00:57:24.054+0530] {dagbag.py:587} INFO - Filling up the DagBag from /Users/ravipal/Desktop/Workspace/airflow_tutorial/py_env/lib/python3.12/site-packages/airflow/example_dags/example_bash_decorator.py
[2024-09-01T00:57:24.072+0530] {processor.py:925} INFO - DAG(s) 'example_bash_decorator' retrieved from /Users/ravipal/Desktop/Workspace/airflow_tutorial/py_env/lib/python3.12/site-packages/airflow/example_dags/example_bash_decorator.py
[2024-09-01T00:57:24.162+0530] {logging_mixin.py:190} INFO - [2024-09-01T00:57:24.162+0530] {dag.py:3211} INFO - Sync 1 DAGs
[2024-09-01T00:57:24.165+0530] {logging_mixin.py:190} INFO - [2024-09-01T00:57:24.165+0530] {dag.py:4138} INFO - Setting next_dagrun for example_bash_decorator to None, run_after=None
[2024-09-01T00:57:24.172+0530] {processor.py:208} INFO - Processing /Users/ravipal/Desktop/Workspace/airflow_tutorial/py_env/lib/python3.12/site-packages/airflow/example_dags/example_bash_decorator.py took 0.121 seconds
[2024-09-01T00:59:34.784+0530] {processor.py:186} INFO - Started process (PID=3838) to work on /Users/ravipal/Desktop/Workspace/airflow_tutorial/py_env/lib/python3.12/site-packages/airflow/example_dags/example_bash_decorator.py
[2024-09-01T00:59:34.784+0530] {processor.py:914} INFO - Processing file /Users/ravipal/Desktop/Workspace/airflow_tutorial/py_env/lib/python3.12/site-packages/airflow/example_dags/example_bash_decorator.py for tasks to queue
[2024-09-01T00:59:34.785+0530] {logging_mixin.py:190} INFO - [2024-09-01T00:59:34.785+0530] {dagbag.py:587} INFO - Filling up the DagBag from /Users/ravipal/Desktop/Workspace/airflow_tutorial/py_env/lib/python3.12/site-packages/airflow/example_dags/example_bash_decorator.py
[2024-09-01T00:59:34.802+0530] {processor.py:925} INFO - DAG(s) 'example_bash_decorator' retrieved from /Users/ravipal/Desktop/Workspace/airflow_tutorial/py_env/lib/python3.12/site-packages/airflow/example_dags/example_bash_decorator.py
[2024-09-01T00:59:34.892+0530] {logging_mixin.py:190} INFO - [2024-09-01T00:59:34.892+0530] {dag.py:3211} INFO - Sync 1 DAGs
[2024-09-01T00:59:34.895+0530] {logging_mixin.py:190} INFO - [2024-09-01T00:59:34.895+0530] {dag.py:4138} INFO - Setting next_dagrun for example_bash_decorator to None, run_after=None
[2024-09-01T00:59:34.902+0530] {processor.py:208} INFO - Processing /Users/ravipal/Desktop/Workspace/airflow_tutorial/py_env/lib/python3.12/site-packages/airflow/example_dags/example_bash_decorator.py took 0.120 seconds
[2024-09-01T01:01:42.901+0530] {processor.py:186} INFO - Started process (PID=3967) to work on /Users/ravipal/Desktop/Workspace/airflow_tutorial/py_env/lib/python3.12/site-packages/airflow/example_dags/example_bash_decorator.py
[2024-09-01T01:01:42.901+0530] {processor.py:914} INFO - Processing file /Users/ravipal/Desktop/Workspace/airflow_tutorial/py_env/lib/python3.12/site-packages/airflow/example_dags/example_bash_decorator.py for tasks to queue
[2024-09-01T01:01:42.901+0530] {logging_mixin.py:190} INFO - [2024-09-01T01:01:42.901+0530] {dagbag.py:587} INFO - Filling up the DagBag from /Users/ravipal/Desktop/Workspace/airflow_tutorial/py_env/lib/python3.12/site-packages/airflow/example_dags/example_bash_decorator.py
[2024-09-01T01:01:42.919+0530] {processor.py:925} INFO - DAG(s) 'example_bash_decorator' retrieved from /Users/ravipal/Desktop/Workspace/airflow_tutorial/py_env/lib/python3.12/site-packages/airflow/example_dags/example_bash_decorator.py
[2024-09-01T01:01:43.008+0530] {logging_mixin.py:190} INFO - [2024-09-01T01:01:43.008+0530] {dag.py:3211} INFO - Sync 1 DAGs
[2024-09-01T01:01:43.012+0530] {logging_mixin.py:190} INFO - [2024-09-01T01:01:43.011+0530] {dag.py:4138} INFO - Setting next_dagrun for example_bash_decorator to None, run_after=None
[2024-09-01T01:01:43.018+0530] {processor.py:208} INFO - Processing /Users/ravipal/Desktop/Workspace/airflow_tutorial/py_env/lib/python3.12/site-packages/airflow/example_dags/example_bash_decorator.py took 0.120 seconds
[2024-09-01T01:03:47.916+0530] {processor.py:186} INFO - Started process (PID=4099) to work on /Users/ravipal/Desktop/Workspace/airflow_tutorial/py_env/lib/python3.12/site-packages/airflow/example_dags/example_bash_decorator.py
[2024-09-01T01:03:47.917+0530] {processor.py:914} INFO - Processing file /Users/ravipal/Desktop/Workspace/airflow_tutorial/py_env/lib/python3.12/site-packages/airflow/example_dags/example_bash_decorator.py for tasks to queue
[2024-09-01T01:03:47.917+0530] {logging_mixin.py:190} INFO - [2024-09-01T01:03:47.917+0530] {dagbag.py:587} INFO - Filling up the DagBag from /Users/ravipal/Desktop/Workspace/airflow_tutorial/py_env/lib/python3.12/site-packages/airflow/example_dags/example_bash_decorator.py
[2024-09-01T01:03:47.934+0530] {processor.py:925} INFO - DAG(s) 'example_bash_decorator' retrieved from /Users/ravipal/Desktop/Workspace/airflow_tutorial/py_env/lib/python3.12/site-packages/airflow/example_dags/example_bash_decorator.py
[2024-09-01T01:03:48.023+0530] {logging_mixin.py:190} INFO - [2024-09-01T01:03:48.023+0530] {dag.py:3211} INFO - Sync 1 DAGs
[2024-09-01T01:03:48.026+0530] {logging_mixin.py:190} INFO - [2024-09-01T01:03:48.026+0530] {dag.py:4138} INFO - Setting next_dagrun for example_bash_decorator to None, run_after=None
[2024-09-01T01:03:48.033+0530] {processor.py:208} INFO - Processing /Users/ravipal/Desktop/Workspace/airflow_tutorial/py_env/lib/python3.12/site-packages/airflow/example_dags/example_bash_decorator.py took 0.119 seconds
[2024-09-01T01:05:56.877+0530] {processor.py:186} INFO - Started process (PID=4255) to work on /Users/ravipal/Desktop/Workspace/airflow_tutorial/py_env/lib/python3.12/site-packages/airflow/example_dags/example_bash_decorator.py
[2024-09-01T01:05:56.878+0530] {processor.py:914} INFO - Processing file /Users/ravipal/Desktop/Workspace/airflow_tutorial/py_env/lib/python3.12/site-packages/airflow/example_dags/example_bash_decorator.py for tasks to queue
[2024-09-01T01:05:56.878+0530] {logging_mixin.py:190} INFO - [2024-09-01T01:05:56.878+0530] {dagbag.py:587} INFO - Filling up the DagBag from /Users/ravipal/Desktop/Workspace/airflow_tutorial/py_env/lib/python3.12/site-packages/airflow/example_dags/example_bash_decorator.py
[2024-09-01T01:05:56.896+0530] {processor.py:925} INFO - DAG(s) 'example_bash_decorator' retrieved from /Users/ravipal/Desktop/Workspace/airflow_tutorial/py_env/lib/python3.12/site-packages/airflow/example_dags/example_bash_decorator.py
[2024-09-01T01:05:56.987+0530] {logging_mixin.py:190} INFO - [2024-09-01T01:05:56.987+0530] {dag.py:3211} INFO - Sync 1 DAGs
[2024-09-01T01:05:56.990+0530] {logging_mixin.py:190} INFO - [2024-09-01T01:05:56.990+0530] {dag.py:4138} INFO - Setting next_dagrun for example_bash_decorator to None, run_after=None
[2024-09-01T01:05:56.997+0530] {processor.py:208} INFO - Processing /Users/ravipal/Desktop/Workspace/airflow_tutorial/py_env/lib/python3.12/site-packages/airflow/example_dags/example_bash_decorator.py took 0.122 seconds
[2024-09-01T01:08:07.885+0530] {processor.py:186} INFO - Started process (PID=4392) to work on /Users/ravipal/Desktop/Workspace/airflow_tutorial/py_env/lib/python3.12/site-packages/airflow/example_dags/example_bash_decorator.py
[2024-09-01T01:08:07.885+0530] {processor.py:914} INFO - Processing file /Users/ravipal/Desktop/Workspace/airflow_tutorial/py_env/lib/python3.12/site-packages/airflow/example_dags/example_bash_decorator.py for tasks to queue
[2024-09-01T01:08:07.886+0530] {logging_mixin.py:190} INFO - [2024-09-01T01:08:07.886+0530] {dagbag.py:587} INFO - Filling up the DagBag from /Users/ravipal/Desktop/Workspace/airflow_tutorial/py_env/lib/python3.12/site-packages/airflow/example_dags/example_bash_decorator.py
[2024-09-01T01:08:07.902+0530] {processor.py:925} INFO - DAG(s) 'example_bash_decorator' retrieved from /Users/ravipal/Desktop/Workspace/airflow_tutorial/py_env/lib/python3.12/site-packages/airflow/example_dags/example_bash_decorator.py
[2024-09-01T01:08:07.991+0530] {logging_mixin.py:190} INFO - [2024-09-01T01:08:07.990+0530] {dag.py:3211} INFO - Sync 1 DAGs
[2024-09-01T01:08:07.994+0530] {logging_mixin.py:190} INFO - [2024-09-01T01:08:07.994+0530] {dag.py:4138} INFO - Setting next_dagrun for example_bash_decorator to None, run_after=None
[2024-09-01T01:08:08.001+0530] {processor.py:208} INFO - Processing /Users/ravipal/Desktop/Workspace/airflow_tutorial/py_env/lib/python3.12/site-packages/airflow/example_dags/example_bash_decorator.py took 0.118 seconds
[2024-09-01T01:10:15.893+0530] {processor.py:186} INFO - Started process (PID=4519) to work on /Users/ravipal/Desktop/Workspace/airflow_tutorial/py_env/lib/python3.12/site-packages/airflow/example_dags/example_bash_decorator.py
[2024-09-01T01:10:15.893+0530] {processor.py:914} INFO - Processing file /Users/ravipal/Desktop/Workspace/airflow_tutorial/py_env/lib/python3.12/site-packages/airflow/example_dags/example_bash_decorator.py for tasks to queue
[2024-09-01T01:10:15.894+0530] {logging_mixin.py:190} INFO - [2024-09-01T01:10:15.894+0530] {dagbag.py:587} INFO - Filling up the DagBag from /Users/ravipal/Desktop/Workspace/airflow_tutorial/py_env/lib/python3.12/site-packages/airflow/example_dags/example_bash_decorator.py
[2024-09-01T01:10:15.911+0530] {processor.py:925} INFO - DAG(s) 'example_bash_decorator' retrieved from /Users/ravipal/Desktop/Workspace/airflow_tutorial/py_env/lib/python3.12/site-packages/airflow/example_dags/example_bash_decorator.py
[2024-09-01T01:10:16.001+0530] {logging_mixin.py:190} INFO - [2024-09-01T01:10:16.001+0530] {dag.py:3211} INFO - Sync 1 DAGs
[2024-09-01T01:10:16.004+0530] {logging_mixin.py:190} INFO - [2024-09-01T01:10:16.004+0530] {dag.py:4138} INFO - Setting next_dagrun for example_bash_decorator to None, run_after=None
[2024-09-01T01:10:16.011+0530] {processor.py:208} INFO - Processing /Users/ravipal/Desktop/Workspace/airflow_tutorial/py_env/lib/python3.12/site-packages/airflow/example_dags/example_bash_decorator.py took 0.120 seconds
[2024-09-01T01:12:23.302+0530] {processor.py:186} INFO - Started process (PID=4649) to work on /Users/ravipal/Desktop/Workspace/airflow_tutorial/py_env/lib/python3.12/site-packages/airflow/example_dags/example_bash_decorator.py
[2024-09-01T01:12:23.302+0530] {processor.py:914} INFO - Processing file /Users/ravipal/Desktop/Workspace/airflow_tutorial/py_env/lib/python3.12/site-packages/airflow/example_dags/example_bash_decorator.py for tasks to queue
[2024-09-01T01:12:23.303+0530] {logging_mixin.py:190} INFO - [2024-09-01T01:12:23.303+0530] {dagbag.py:587} INFO - Filling up the DagBag from /Users/ravipal/Desktop/Workspace/airflow_tutorial/py_env/lib/python3.12/site-packages/airflow/example_dags/example_bash_decorator.py
[2024-09-01T01:12:23.320+0530] {processor.py:925} INFO - DAG(s) 'example_bash_decorator' retrieved from /Users/ravipal/Desktop/Workspace/airflow_tutorial/py_env/lib/python3.12/site-packages/airflow/example_dags/example_bash_decorator.py
[2024-09-01T01:12:23.410+0530] {logging_mixin.py:190} INFO - [2024-09-01T01:12:23.410+0530] {dag.py:3211} INFO - Sync 1 DAGs
[2024-09-01T01:12:23.414+0530] {logging_mixin.py:190} INFO - [2024-09-01T01:12:23.414+0530] {dag.py:4138} INFO - Setting next_dagrun for example_bash_decorator to None, run_after=None
[2024-09-01T01:12:23.420+0530] {processor.py:208} INFO - Processing /Users/ravipal/Desktop/Workspace/airflow_tutorial/py_env/lib/python3.12/site-packages/airflow/example_dags/example_bash_decorator.py took 0.120 seconds
[2024-09-01T01:14:31.365+0530] {processor.py:186} INFO - Started process (PID=4776) to work on /Users/ravipal/Desktop/Workspace/airflow_tutorial/py_env/lib/python3.12/site-packages/airflow/example_dags/example_bash_decorator.py
[2024-09-01T01:14:31.365+0530] {processor.py:914} INFO - Processing file /Users/ravipal/Desktop/Workspace/airflow_tutorial/py_env/lib/python3.12/site-packages/airflow/example_dags/example_bash_decorator.py for tasks to queue
[2024-09-01T01:14:31.365+0530] {logging_mixin.py:190} INFO - [2024-09-01T01:14:31.365+0530] {dagbag.py:587} INFO - Filling up the DagBag from /Users/ravipal/Desktop/Workspace/airflow_tutorial/py_env/lib/python3.12/site-packages/airflow/example_dags/example_bash_decorator.py
[2024-09-01T01:14:31.382+0530] {processor.py:925} INFO - DAG(s) 'example_bash_decorator' retrieved from /Users/ravipal/Desktop/Workspace/airflow_tutorial/py_env/lib/python3.12/site-packages/airflow/example_dags/example_bash_decorator.py
[2024-09-01T01:14:31.471+0530] {logging_mixin.py:190} INFO - [2024-09-01T01:14:31.471+0530] {dag.py:3211} INFO - Sync 1 DAGs
[2024-09-01T01:14:31.475+0530] {logging_mixin.py:190} INFO - [2024-09-01T01:14:31.475+0530] {dag.py:4138} INFO - Setting next_dagrun for example_bash_decorator to None, run_after=None
[2024-09-01T01:14:31.482+0530] {processor.py:208} INFO - Processing /Users/ravipal/Desktop/Workspace/airflow_tutorial/py_env/lib/python3.12/site-packages/airflow/example_dags/example_bash_decorator.py took 0.119 seconds
[2024-09-01T01:16:44.183+0530] {processor.py:186} INFO - Started process (PID=4909) to work on /Users/ravipal/Desktop/Workspace/airflow_tutorial/py_env/lib/python3.12/site-packages/airflow/example_dags/example_bash_decorator.py
[2024-09-01T01:16:44.183+0530] {processor.py:914} INFO - Processing file /Users/ravipal/Desktop/Workspace/airflow_tutorial/py_env/lib/python3.12/site-packages/airflow/example_dags/example_bash_decorator.py for tasks to queue
[2024-09-01T01:16:44.184+0530] {logging_mixin.py:190} INFO - [2024-09-01T01:16:44.183+0530] {dagbag.py:587} INFO - Filling up the DagBag from /Users/ravipal/Desktop/Workspace/airflow_tutorial/py_env/lib/python3.12/site-packages/airflow/example_dags/example_bash_decorator.py
[2024-09-01T01:16:44.201+0530] {processor.py:925} INFO - DAG(s) 'example_bash_decorator' retrieved from /Users/ravipal/Desktop/Workspace/airflow_tutorial/py_env/lib/python3.12/site-packages/airflow/example_dags/example_bash_decorator.py
[2024-09-01T01:16:44.291+0530] {logging_mixin.py:190} INFO - [2024-09-01T01:16:44.290+0530] {dag.py:3211} INFO - Sync 1 DAGs
[2024-09-01T01:16:44.294+0530] {logging_mixin.py:190} INFO - [2024-09-01T01:16:44.294+0530] {dag.py:4138} INFO - Setting next_dagrun for example_bash_decorator to None, run_after=None
[2024-09-01T01:16:44.300+0530] {processor.py:208} INFO - Processing /Users/ravipal/Desktop/Workspace/airflow_tutorial/py_env/lib/python3.12/site-packages/airflow/example_dags/example_bash_decorator.py took 0.120 seconds
[2024-09-01T01:18:55.346+0530] {processor.py:186} INFO - Started process (PID=5045) to work on /Users/ravipal/Desktop/Workspace/airflow_tutorial/py_env/lib/python3.12/site-packages/airflow/example_dags/example_bash_decorator.py
[2024-09-01T01:18:55.347+0530] {processor.py:914} INFO - Processing file /Users/ravipal/Desktop/Workspace/airflow_tutorial/py_env/lib/python3.12/site-packages/airflow/example_dags/example_bash_decorator.py for tasks to queue
[2024-09-01T01:18:55.347+0530] {logging_mixin.py:190} INFO - [2024-09-01T01:18:55.347+0530] {dagbag.py:587} INFO - Filling up the DagBag from /Users/ravipal/Desktop/Workspace/airflow_tutorial/py_env/lib/python3.12/site-packages/airflow/example_dags/example_bash_decorator.py
[2024-09-01T01:18:55.364+0530] {processor.py:925} INFO - DAG(s) 'example_bash_decorator' retrieved from /Users/ravipal/Desktop/Workspace/airflow_tutorial/py_env/lib/python3.12/site-packages/airflow/example_dags/example_bash_decorator.py
[2024-09-01T01:18:55.455+0530] {logging_mixin.py:190} INFO - [2024-09-01T01:18:55.455+0530] {dag.py:3211} INFO - Sync 1 DAGs
[2024-09-01T01:18:55.458+0530] {logging_mixin.py:190} INFO - [2024-09-01T01:18:55.458+0530] {dag.py:4138} INFO - Setting next_dagrun for example_bash_decorator to None, run_after=None
[2024-09-01T01:18:55.465+0530] {processor.py:208} INFO - Processing /Users/ravipal/Desktop/Workspace/airflow_tutorial/py_env/lib/python3.12/site-packages/airflow/example_dags/example_bash_decorator.py took 0.121 seconds
