[2024-09-01T00:23:42.975+0530] {processor.py:186} INFO - Started process (PID=1469) to work on /Users/ravipal/Desktop/Workspace/airflow_tutorial/py_env/lib/python3.12/site-packages/airflow/example_dags/example_kubernetes_executor.py
[2024-09-01T00:23:42.976+0530] {processor.py:914} INFO - Processing file /Users/ravipal/Desktop/Workspace/airflow_tutorial/py_env/lib/python3.12/site-packages/airflow/example_dags/example_kubernetes_executor.py for tasks to queue
[2024-09-01T00:23:42.976+0530] {logging_mixin.py:190} INFO - [2024-09-01T00:23:42.976+0530] {dagbag.py:587} INFO - Filling up the DagBag from /Users/ravipal/Desktop/Workspace/airflow_tutorial/py_env/lib/python3.12/site-packages/airflow/example_dags/example_kubernetes_executor.py
[2024-09-01T00:23:42.992+0530] {logging_mixin.py:190} INFO - [2024-09-01T00:23:42.992+0530] {example_kubernetes_executor.py:39} WARNING - The example_kubernetes_executor example DAG requires the kubernetes provider. Please install it with: pip install apache-airflow[cncf.kubernetes]
[2024-09-01T00:23:42.992+0530] {processor.py:927} WARNING - No viable dags retrieved from /Users/ravipal/Desktop/Workspace/airflow_tutorial/py_env/lib/python3.12/site-packages/airflow/example_dags/example_kubernetes_executor.py
[2024-09-01T00:23:43.025+0530] {processor.py:208} INFO - Processing /Users/ravipal/Desktop/Workspace/airflow_tutorial/py_env/lib/python3.12/site-packages/airflow/example_dags/example_kubernetes_executor.py took 0.052 seconds
[2024-09-01T00:25:21.385+0530] {processor.py:186} INFO - Started process (PID=1568) to work on /Users/ravipal/Desktop/Workspace/airflow_tutorial/py_env/lib/python3.12/site-packages/airflow/example_dags/example_kubernetes_executor.py
[2024-09-01T00:25:21.385+0530] {processor.py:914} INFO - Processing file /Users/ravipal/Desktop/Workspace/airflow_tutorial/py_env/lib/python3.12/site-packages/airflow/example_dags/example_kubernetes_executor.py for tasks to queue
[2024-09-01T00:25:21.386+0530] {logging_mixin.py:190} INFO - [2024-09-01T00:25:21.386+0530] {dagbag.py:587} INFO - Filling up the DagBag from /Users/ravipal/Desktop/Workspace/airflow_tutorial/py_env/lib/python3.12/site-packages/airflow/example_dags/example_kubernetes_executor.py
[2024-09-01T00:25:21.400+0530] {logging_mixin.py:190} INFO - [2024-09-01T00:25:21.400+0530] {example_kubernetes_executor.py:39} WARNING - The example_kubernetes_executor example DAG requires the kubernetes provider. Please install it with: pip install apache-airflow[cncf.kubernetes]
[2024-09-01T00:25:21.400+0530] {processor.py:927} WARNING - No viable dags retrieved from /Users/ravipal/Desktop/Workspace/airflow_tutorial/py_env/lib/python3.12/site-packages/airflow/example_dags/example_kubernetes_executor.py
[2024-09-01T00:25:21.429+0530] {processor.py:208} INFO - Processing /Users/ravipal/Desktop/Workspace/airflow_tutorial/py_env/lib/python3.12/site-packages/airflow/example_dags/example_kubernetes_executor.py took 0.046 seconds
[2024-09-01T00:27:36.477+0530] {processor.py:186} INFO - Started process (PID=1885) to work on /Users/ravipal/Desktop/Workspace/airflow_tutorial/py_env/lib/python3.12/site-packages/airflow/example_dags/example_kubernetes_executor.py
[2024-09-01T00:27:36.477+0530] {processor.py:914} INFO - Processing file /Users/ravipal/Desktop/Workspace/airflow_tutorial/py_env/lib/python3.12/site-packages/airflow/example_dags/example_kubernetes_executor.py for tasks to queue
[2024-09-01T00:27:36.478+0530] {logging_mixin.py:190} INFO - [2024-09-01T00:27:36.478+0530] {dagbag.py:587} INFO - Filling up the DagBag from /Users/ravipal/Desktop/Workspace/airflow_tutorial/py_env/lib/python3.12/site-packages/airflow/example_dags/example_kubernetes_executor.py
[2024-09-01T00:27:36.491+0530] {logging_mixin.py:190} INFO - [2024-09-01T00:27:36.491+0530] {example_kubernetes_executor.py:39} WARNING - The example_kubernetes_executor example DAG requires the kubernetes provider. Please install it with: pip install apache-airflow[cncf.kubernetes]
[2024-09-01T00:27:36.492+0530] {processor.py:927} WARNING - No viable dags retrieved from /Users/ravipal/Desktop/Workspace/airflow_tutorial/py_env/lib/python3.12/site-packages/airflow/example_dags/example_kubernetes_executor.py
[2024-09-01T00:27:36.521+0530] {processor.py:208} INFO - Processing /Users/ravipal/Desktop/Workspace/airflow_tutorial/py_env/lib/python3.12/site-packages/airflow/example_dags/example_kubernetes_executor.py took 0.046 seconds
[2024-09-01T00:29:47.588+0530] {processor.py:186} INFO - Started process (PID=2026) to work on /Users/ravipal/Desktop/Workspace/airflow_tutorial/py_env/lib/python3.12/site-packages/airflow/example_dags/example_kubernetes_executor.py
[2024-09-01T00:29:47.588+0530] {processor.py:914} INFO - Processing file /Users/ravipal/Desktop/Workspace/airflow_tutorial/py_env/lib/python3.12/site-packages/airflow/example_dags/example_kubernetes_executor.py for tasks to queue
[2024-09-01T00:29:47.588+0530] {logging_mixin.py:190} INFO - [2024-09-01T00:29:47.588+0530] {dagbag.py:587} INFO - Filling up the DagBag from /Users/ravipal/Desktop/Workspace/airflow_tutorial/py_env/lib/python3.12/site-packages/airflow/example_dags/example_kubernetes_executor.py
[2024-09-01T00:29:47.603+0530] {logging_mixin.py:190} INFO - [2024-09-01T00:29:47.603+0530] {example_kubernetes_executor.py:39} WARNING - The example_kubernetes_executor example DAG requires the kubernetes provider. Please install it with: pip install apache-airflow[cncf.kubernetes]
[2024-09-01T00:29:47.603+0530] {processor.py:927} WARNING - No viable dags retrieved from /Users/ravipal/Desktop/Workspace/airflow_tutorial/py_env/lib/python3.12/site-packages/airflow/example_dags/example_kubernetes_executor.py
[2024-09-01T00:29:47.632+0530] {processor.py:208} INFO - Processing /Users/ravipal/Desktop/Workspace/airflow_tutorial/py_env/lib/python3.12/site-packages/airflow/example_dags/example_kubernetes_executor.py took 0.046 seconds
[2024-09-01T00:32:00.677+0530] {processor.py:186} INFO - Started process (PID=2161) to work on /Users/ravipal/Desktop/Workspace/airflow_tutorial/py_env/lib/python3.12/site-packages/airflow/example_dags/example_kubernetes_executor.py
[2024-09-01T00:32:00.677+0530] {processor.py:914} INFO - Processing file /Users/ravipal/Desktop/Workspace/airflow_tutorial/py_env/lib/python3.12/site-packages/airflow/example_dags/example_kubernetes_executor.py for tasks to queue
[2024-09-01T00:32:00.678+0530] {logging_mixin.py:190} INFO - [2024-09-01T00:32:00.678+0530] {dagbag.py:587} INFO - Filling up the DagBag from /Users/ravipal/Desktop/Workspace/airflow_tutorial/py_env/lib/python3.12/site-packages/airflow/example_dags/example_kubernetes_executor.py
[2024-09-01T00:32:00.692+0530] {logging_mixin.py:190} INFO - [2024-09-01T00:32:00.692+0530] {example_kubernetes_executor.py:39} WARNING - The example_kubernetes_executor example DAG requires the kubernetes provider. Please install it with: pip install apache-airflow[cncf.kubernetes]
[2024-09-01T00:32:00.692+0530] {processor.py:927} WARNING - No viable dags retrieved from /Users/ravipal/Desktop/Workspace/airflow_tutorial/py_env/lib/python3.12/site-packages/airflow/example_dags/example_kubernetes_executor.py
[2024-09-01T00:32:00.723+0530] {processor.py:208} INFO - Processing /Users/ravipal/Desktop/Workspace/airflow_tutorial/py_env/lib/python3.12/site-packages/airflow/example_dags/example_kubernetes_executor.py took 0.048 seconds
[2024-09-01T00:34:15.379+0530] {processor.py:186} INFO - Started process (PID=2293) to work on /Users/ravipal/Desktop/Workspace/airflow_tutorial/py_env/lib/python3.12/site-packages/airflow/example_dags/example_kubernetes_executor.py
[2024-09-01T00:34:15.380+0530] {processor.py:914} INFO - Processing file /Users/ravipal/Desktop/Workspace/airflow_tutorial/py_env/lib/python3.12/site-packages/airflow/example_dags/example_kubernetes_executor.py for tasks to queue
[2024-09-01T00:34:15.380+0530] {logging_mixin.py:190} INFO - [2024-09-01T00:34:15.380+0530] {dagbag.py:587} INFO - Filling up the DagBag from /Users/ravipal/Desktop/Workspace/airflow_tutorial/py_env/lib/python3.12/site-packages/airflow/example_dags/example_kubernetes_executor.py
[2024-09-01T00:34:15.395+0530] {logging_mixin.py:190} INFO - [2024-09-01T00:34:15.394+0530] {example_kubernetes_executor.py:39} WARNING - The example_kubernetes_executor example DAG requires the kubernetes provider. Please install it with: pip install apache-airflow[cncf.kubernetes]
[2024-09-01T00:34:15.395+0530] {processor.py:927} WARNING - No viable dags retrieved from /Users/ravipal/Desktop/Workspace/airflow_tutorial/py_env/lib/python3.12/site-packages/airflow/example_dags/example_kubernetes_executor.py
[2024-09-01T00:34:15.431+0530] {processor.py:208} INFO - Processing /Users/ravipal/Desktop/Workspace/airflow_tutorial/py_env/lib/python3.12/site-packages/airflow/example_dags/example_kubernetes_executor.py took 0.053 seconds
[2024-09-01T00:36:30.846+0530] {processor.py:186} INFO - Started process (PID=2430) to work on /Users/ravipal/Desktop/Workspace/airflow_tutorial/py_env/lib/python3.12/site-packages/airflow/example_dags/example_kubernetes_executor.py
[2024-09-01T00:36:30.846+0530] {processor.py:914} INFO - Processing file /Users/ravipal/Desktop/Workspace/airflow_tutorial/py_env/lib/python3.12/site-packages/airflow/example_dags/example_kubernetes_executor.py for tasks to queue
[2024-09-01T00:36:30.847+0530] {logging_mixin.py:190} INFO - [2024-09-01T00:36:30.847+0530] {dagbag.py:587} INFO - Filling up the DagBag from /Users/ravipal/Desktop/Workspace/airflow_tutorial/py_env/lib/python3.12/site-packages/airflow/example_dags/example_kubernetes_executor.py
[2024-09-01T00:36:30.861+0530] {logging_mixin.py:190} INFO - [2024-09-01T00:36:30.861+0530] {example_kubernetes_executor.py:39} WARNING - The example_kubernetes_executor example DAG requires the kubernetes provider. Please install it with: pip install apache-airflow[cncf.kubernetes]
[2024-09-01T00:36:30.861+0530] {processor.py:927} WARNING - No viable dags retrieved from /Users/ravipal/Desktop/Workspace/airflow_tutorial/py_env/lib/python3.12/site-packages/airflow/example_dags/example_kubernetes_executor.py
[2024-09-01T00:36:30.892+0530] {processor.py:208} INFO - Processing /Users/ravipal/Desktop/Workspace/airflow_tutorial/py_env/lib/python3.12/site-packages/airflow/example_dags/example_kubernetes_executor.py took 0.048 seconds
[2024-09-01T00:38:40.054+0530] {processor.py:186} INFO - Started process (PID=2560) to work on /Users/ravipal/Desktop/Workspace/airflow_tutorial/py_env/lib/python3.12/site-packages/airflow/example_dags/example_kubernetes_executor.py
[2024-09-01T00:38:40.055+0530] {processor.py:914} INFO - Processing file /Users/ravipal/Desktop/Workspace/airflow_tutorial/py_env/lib/python3.12/site-packages/airflow/example_dags/example_kubernetes_executor.py for tasks to queue
[2024-09-01T00:38:40.055+0530] {logging_mixin.py:190} INFO - [2024-09-01T00:38:40.055+0530] {dagbag.py:587} INFO - Filling up the DagBag from /Users/ravipal/Desktop/Workspace/airflow_tutorial/py_env/lib/python3.12/site-packages/airflow/example_dags/example_kubernetes_executor.py
[2024-09-01T00:38:40.070+0530] {logging_mixin.py:190} INFO - [2024-09-01T00:38:40.070+0530] {example_kubernetes_executor.py:39} WARNING - The example_kubernetes_executor example DAG requires the kubernetes provider. Please install it with: pip install apache-airflow[cncf.kubernetes]
[2024-09-01T00:38:40.070+0530] {processor.py:927} WARNING - No viable dags retrieved from /Users/ravipal/Desktop/Workspace/airflow_tutorial/py_env/lib/python3.12/site-packages/airflow/example_dags/example_kubernetes_executor.py
[2024-09-01T00:38:40.100+0530] {processor.py:208} INFO - Processing /Users/ravipal/Desktop/Workspace/airflow_tutorial/py_env/lib/python3.12/site-packages/airflow/example_dags/example_kubernetes_executor.py took 0.048 seconds
[2024-09-01T00:40:47.471+0530] {processor.py:186} INFO - Started process (PID=2689) to work on /Users/ravipal/Desktop/Workspace/airflow_tutorial/py_env/lib/python3.12/site-packages/airflow/example_dags/example_kubernetes_executor.py
[2024-09-01T00:40:47.471+0530] {processor.py:914} INFO - Processing file /Users/ravipal/Desktop/Workspace/airflow_tutorial/py_env/lib/python3.12/site-packages/airflow/example_dags/example_kubernetes_executor.py for tasks to queue
[2024-09-01T00:40:47.472+0530] {logging_mixin.py:190} INFO - [2024-09-01T00:40:47.472+0530] {dagbag.py:587} INFO - Filling up the DagBag from /Users/ravipal/Desktop/Workspace/airflow_tutorial/py_env/lib/python3.12/site-packages/airflow/example_dags/example_kubernetes_executor.py
[2024-09-01T00:40:47.486+0530] {logging_mixin.py:190} INFO - [2024-09-01T00:40:47.486+0530] {example_kubernetes_executor.py:39} WARNING - The example_kubernetes_executor example DAG requires the kubernetes provider. Please install it with: pip install apache-airflow[cncf.kubernetes]
[2024-09-01T00:40:47.486+0530] {processor.py:927} WARNING - No viable dags retrieved from /Users/ravipal/Desktop/Workspace/airflow_tutorial/py_env/lib/python3.12/site-packages/airflow/example_dags/example_kubernetes_executor.py
[2024-09-01T00:40:47.515+0530] {processor.py:208} INFO - Processing /Users/ravipal/Desktop/Workspace/airflow_tutorial/py_env/lib/python3.12/site-packages/airflow/example_dags/example_kubernetes_executor.py took 0.047 seconds
[2024-09-01T00:43:01.198+0530] {processor.py:186} INFO - Started process (PID=2821) to work on /Users/ravipal/Desktop/Workspace/airflow_tutorial/py_env/lib/python3.12/site-packages/airflow/example_dags/example_kubernetes_executor.py
[2024-09-01T00:43:01.199+0530] {processor.py:914} INFO - Processing file /Users/ravipal/Desktop/Workspace/airflow_tutorial/py_env/lib/python3.12/site-packages/airflow/example_dags/example_kubernetes_executor.py for tasks to queue
[2024-09-01T00:43:01.199+0530] {logging_mixin.py:190} INFO - [2024-09-01T00:43:01.199+0530] {dagbag.py:587} INFO - Filling up the DagBag from /Users/ravipal/Desktop/Workspace/airflow_tutorial/py_env/lib/python3.12/site-packages/airflow/example_dags/example_kubernetes_executor.py
[2024-09-01T00:43:01.213+0530] {logging_mixin.py:190} INFO - [2024-09-01T00:43:01.213+0530] {example_kubernetes_executor.py:39} WARNING - The example_kubernetes_executor example DAG requires the kubernetes provider. Please install it with: pip install apache-airflow[cncf.kubernetes]
[2024-09-01T00:43:01.213+0530] {processor.py:927} WARNING - No viable dags retrieved from /Users/ravipal/Desktop/Workspace/airflow_tutorial/py_env/lib/python3.12/site-packages/airflow/example_dags/example_kubernetes_executor.py
[2024-09-01T00:43:01.243+0530] {processor.py:208} INFO - Processing /Users/ravipal/Desktop/Workspace/airflow_tutorial/py_env/lib/python3.12/site-packages/airflow/example_dags/example_kubernetes_executor.py took 0.047 seconds
[2024-09-01T00:45:17.643+0530] {processor.py:186} INFO - Started process (PID=2955) to work on /Users/ravipal/Desktop/Workspace/airflow_tutorial/py_env/lib/python3.12/site-packages/airflow/example_dags/example_kubernetes_executor.py
[2024-09-01T00:45:17.643+0530] {processor.py:914} INFO - Processing file /Users/ravipal/Desktop/Workspace/airflow_tutorial/py_env/lib/python3.12/site-packages/airflow/example_dags/example_kubernetes_executor.py for tasks to queue
[2024-09-01T00:45:17.644+0530] {logging_mixin.py:190} INFO - [2024-09-01T00:45:17.644+0530] {dagbag.py:587} INFO - Filling up the DagBag from /Users/ravipal/Desktop/Workspace/airflow_tutorial/py_env/lib/python3.12/site-packages/airflow/example_dags/example_kubernetes_executor.py
[2024-09-01T00:45:17.658+0530] {logging_mixin.py:190} INFO - [2024-09-01T00:45:17.658+0530] {example_kubernetes_executor.py:39} WARNING - The example_kubernetes_executor example DAG requires the kubernetes provider. Please install it with: pip install apache-airflow[cncf.kubernetes]
[2024-09-01T00:45:17.658+0530] {processor.py:927} WARNING - No viable dags retrieved from /Users/ravipal/Desktop/Workspace/airflow_tutorial/py_env/lib/python3.12/site-packages/airflow/example_dags/example_kubernetes_executor.py
[2024-09-01T00:45:17.687+0530] {processor.py:208} INFO - Processing /Users/ravipal/Desktop/Workspace/airflow_tutorial/py_env/lib/python3.12/site-packages/airflow/example_dags/example_kubernetes_executor.py took 0.046 seconds
[2024-09-01T00:47:30.650+0530] {processor.py:186} INFO - Started process (PID=3086) to work on /Users/ravipal/Desktop/Workspace/airflow_tutorial/py_env/lib/python3.12/site-packages/airflow/example_dags/example_kubernetes_executor.py
[2024-09-01T00:47:30.650+0530] {processor.py:914} INFO - Processing file /Users/ravipal/Desktop/Workspace/airflow_tutorial/py_env/lib/python3.12/site-packages/airflow/example_dags/example_kubernetes_executor.py for tasks to queue
[2024-09-01T00:47:30.650+0530] {logging_mixin.py:190} INFO - [2024-09-01T00:47:30.650+0530] {dagbag.py:587} INFO - Filling up the DagBag from /Users/ravipal/Desktop/Workspace/airflow_tutorial/py_env/lib/python3.12/site-packages/airflow/example_dags/example_kubernetes_executor.py
[2024-09-01T00:47:30.665+0530] {logging_mixin.py:190} INFO - [2024-09-01T00:47:30.665+0530] {example_kubernetes_executor.py:39} WARNING - The example_kubernetes_executor example DAG requires the kubernetes provider. Please install it with: pip install apache-airflow[cncf.kubernetes]
[2024-09-01T00:47:30.665+0530] {processor.py:927} WARNING - No viable dags retrieved from /Users/ravipal/Desktop/Workspace/airflow_tutorial/py_env/lib/python3.12/site-packages/airflow/example_dags/example_kubernetes_executor.py
[2024-09-01T00:47:30.695+0530] {processor.py:208} INFO - Processing /Users/ravipal/Desktop/Workspace/airflow_tutorial/py_env/lib/python3.12/site-packages/airflow/example_dags/example_kubernetes_executor.py took 0.047 seconds
[2024-09-01T00:49:36.418+0530] {processor.py:186} INFO - Started process (PID=3221) to work on /Users/ravipal/Desktop/Workspace/airflow_tutorial/py_env/lib/python3.12/site-packages/airflow/example_dags/example_kubernetes_executor.py
[2024-09-01T00:49:36.418+0530] {processor.py:914} INFO - Processing file /Users/ravipal/Desktop/Workspace/airflow_tutorial/py_env/lib/python3.12/site-packages/airflow/example_dags/example_kubernetes_executor.py for tasks to queue
[2024-09-01T00:49:36.419+0530] {logging_mixin.py:190} INFO - [2024-09-01T00:49:36.419+0530] {dagbag.py:587} INFO - Filling up the DagBag from /Users/ravipal/Desktop/Workspace/airflow_tutorial/py_env/lib/python3.12/site-packages/airflow/example_dags/example_kubernetes_executor.py
[2024-09-01T00:49:36.434+0530] {logging_mixin.py:190} INFO - [2024-09-01T00:49:36.434+0530] {example_kubernetes_executor.py:39} WARNING - The example_kubernetes_executor example DAG requires the kubernetes provider. Please install it with: pip install apache-airflow[cncf.kubernetes]
[2024-09-01T00:49:36.434+0530] {processor.py:927} WARNING - No viable dags retrieved from /Users/ravipal/Desktop/Workspace/airflow_tutorial/py_env/lib/python3.12/site-packages/airflow/example_dags/example_kubernetes_executor.py
[2024-09-01T00:49:36.464+0530] {processor.py:208} INFO - Processing /Users/ravipal/Desktop/Workspace/airflow_tutorial/py_env/lib/python3.12/site-packages/airflow/example_dags/example_kubernetes_executor.py took 0.048 seconds
[2024-09-01T00:51:53.151+0530] {processor.py:186} INFO - Started process (PID=3376) to work on /Users/ravipal/Desktop/Workspace/airflow_tutorial/py_env/lib/python3.12/site-packages/airflow/example_dags/example_kubernetes_executor.py
[2024-09-01T00:51:53.151+0530] {processor.py:914} INFO - Processing file /Users/ravipal/Desktop/Workspace/airflow_tutorial/py_env/lib/python3.12/site-packages/airflow/example_dags/example_kubernetes_executor.py for tasks to queue
[2024-09-01T00:51:53.152+0530] {logging_mixin.py:190} INFO - [2024-09-01T00:51:53.152+0530] {dagbag.py:587} INFO - Filling up the DagBag from /Users/ravipal/Desktop/Workspace/airflow_tutorial/py_env/lib/python3.12/site-packages/airflow/example_dags/example_kubernetes_executor.py
[2024-09-01T00:51:53.166+0530] {logging_mixin.py:190} INFO - [2024-09-01T00:51:53.166+0530] {example_kubernetes_executor.py:39} WARNING - The example_kubernetes_executor example DAG requires the kubernetes provider. Please install it with: pip install apache-airflow[cncf.kubernetes]
[2024-09-01T00:51:53.166+0530] {processor.py:927} WARNING - No viable dags retrieved from /Users/ravipal/Desktop/Workspace/airflow_tutorial/py_env/lib/python3.12/site-packages/airflow/example_dags/example_kubernetes_executor.py
[2024-09-01T00:51:53.195+0530] {processor.py:208} INFO - Processing /Users/ravipal/Desktop/Workspace/airflow_tutorial/py_env/lib/python3.12/site-packages/airflow/example_dags/example_kubernetes_executor.py took 0.046 seconds
[2024-09-01T00:54:04.166+0530] {processor.py:186} INFO - Started process (PID=3508) to work on /Users/ravipal/Desktop/Workspace/airflow_tutorial/py_env/lib/python3.12/site-packages/airflow/example_dags/example_kubernetes_executor.py
[2024-09-01T00:54:04.166+0530] {processor.py:914} INFO - Processing file /Users/ravipal/Desktop/Workspace/airflow_tutorial/py_env/lib/python3.12/site-packages/airflow/example_dags/example_kubernetes_executor.py for tasks to queue
[2024-09-01T00:54:04.166+0530] {logging_mixin.py:190} INFO - [2024-09-01T00:54:04.166+0530] {dagbag.py:587} INFO - Filling up the DagBag from /Users/ravipal/Desktop/Workspace/airflow_tutorial/py_env/lib/python3.12/site-packages/airflow/example_dags/example_kubernetes_executor.py
[2024-09-01T00:54:04.180+0530] {logging_mixin.py:190} INFO - [2024-09-01T00:54:04.180+0530] {example_kubernetes_executor.py:39} WARNING - The example_kubernetes_executor example DAG requires the kubernetes provider. Please install it with: pip install apache-airflow[cncf.kubernetes]
[2024-09-01T00:54:04.180+0530] {processor.py:927} WARNING - No viable dags retrieved from /Users/ravipal/Desktop/Workspace/airflow_tutorial/py_env/lib/python3.12/site-packages/airflow/example_dags/example_kubernetes_executor.py
[2024-09-01T00:54:04.210+0530] {processor.py:208} INFO - Processing /Users/ravipal/Desktop/Workspace/airflow_tutorial/py_env/lib/python3.12/site-packages/airflow/example_dags/example_kubernetes_executor.py took 0.046 seconds
[2024-09-01T00:56:14.440+0530] {processor.py:186} INFO - Started process (PID=3638) to work on /Users/ravipal/Desktop/Workspace/airflow_tutorial/py_env/lib/python3.12/site-packages/airflow/example_dags/example_kubernetes_executor.py
[2024-09-01T00:56:14.440+0530] {processor.py:914} INFO - Processing file /Users/ravipal/Desktop/Workspace/airflow_tutorial/py_env/lib/python3.12/site-packages/airflow/example_dags/example_kubernetes_executor.py for tasks to queue
[2024-09-01T00:56:14.441+0530] {logging_mixin.py:190} INFO - [2024-09-01T00:56:14.441+0530] {dagbag.py:587} INFO - Filling up the DagBag from /Users/ravipal/Desktop/Workspace/airflow_tutorial/py_env/lib/python3.12/site-packages/airflow/example_dags/example_kubernetes_executor.py
[2024-09-01T00:56:14.455+0530] {logging_mixin.py:190} INFO - [2024-09-01T00:56:14.455+0530] {example_kubernetes_executor.py:39} WARNING - The example_kubernetes_executor example DAG requires the kubernetes provider. Please install it with: pip install apache-airflow[cncf.kubernetes]
[2024-09-01T00:56:14.455+0530] {processor.py:927} WARNING - No viable dags retrieved from /Users/ravipal/Desktop/Workspace/airflow_tutorial/py_env/lib/python3.12/site-packages/airflow/example_dags/example_kubernetes_executor.py
[2024-09-01T00:56:14.485+0530] {processor.py:208} INFO - Processing /Users/ravipal/Desktop/Workspace/airflow_tutorial/py_env/lib/python3.12/site-packages/airflow/example_dags/example_kubernetes_executor.py took 0.047 seconds
[2024-09-01T00:58:26.799+0530] {processor.py:186} INFO - Started process (PID=3769) to work on /Users/ravipal/Desktop/Workspace/airflow_tutorial/py_env/lib/python3.12/site-packages/airflow/example_dags/example_kubernetes_executor.py
[2024-09-01T00:58:26.800+0530] {processor.py:914} INFO - Processing file /Users/ravipal/Desktop/Workspace/airflow_tutorial/py_env/lib/python3.12/site-packages/airflow/example_dags/example_kubernetes_executor.py for tasks to queue
[2024-09-01T00:58:26.800+0530] {logging_mixin.py:190} INFO - [2024-09-01T00:58:26.800+0530] {dagbag.py:587} INFO - Filling up the DagBag from /Users/ravipal/Desktop/Workspace/airflow_tutorial/py_env/lib/python3.12/site-packages/airflow/example_dags/example_kubernetes_executor.py
[2024-09-01T00:58:26.814+0530] {logging_mixin.py:190} INFO - [2024-09-01T00:58:26.814+0530] {example_kubernetes_executor.py:39} WARNING - The example_kubernetes_executor example DAG requires the kubernetes provider. Please install it with: pip install apache-airflow[cncf.kubernetes]
[2024-09-01T00:58:26.814+0530] {processor.py:927} WARNING - No viable dags retrieved from /Users/ravipal/Desktop/Workspace/airflow_tutorial/py_env/lib/python3.12/site-packages/airflow/example_dags/example_kubernetes_executor.py
[2024-09-01T00:58:26.843+0530] {processor.py:208} INFO - Processing /Users/ravipal/Desktop/Workspace/airflow_tutorial/py_env/lib/python3.12/site-packages/airflow/example_dags/example_kubernetes_executor.py took 0.046 seconds
[2024-09-01T01:00:35.835+0530] {processor.py:186} INFO - Started process (PID=3899) to work on /Users/ravipal/Desktop/Workspace/airflow_tutorial/py_env/lib/python3.12/site-packages/airflow/example_dags/example_kubernetes_executor.py
[2024-09-01T01:00:35.836+0530] {processor.py:914} INFO - Processing file /Users/ravipal/Desktop/Workspace/airflow_tutorial/py_env/lib/python3.12/site-packages/airflow/example_dags/example_kubernetes_executor.py for tasks to queue
[2024-09-01T01:00:35.836+0530] {logging_mixin.py:190} INFO - [2024-09-01T01:00:35.836+0530] {dagbag.py:587} INFO - Filling up the DagBag from /Users/ravipal/Desktop/Workspace/airflow_tutorial/py_env/lib/python3.12/site-packages/airflow/example_dags/example_kubernetes_executor.py
[2024-09-01T01:00:35.850+0530] {logging_mixin.py:190} INFO - [2024-09-01T01:00:35.850+0530] {example_kubernetes_executor.py:39} WARNING - The example_kubernetes_executor example DAG requires the kubernetes provider. Please install it with: pip install apache-airflow[cncf.kubernetes]
[2024-09-01T01:00:35.850+0530] {processor.py:927} WARNING - No viable dags retrieved from /Users/ravipal/Desktop/Workspace/airflow_tutorial/py_env/lib/python3.12/site-packages/airflow/example_dags/example_kubernetes_executor.py
[2024-09-01T01:00:35.879+0530] {processor.py:208} INFO - Processing /Users/ravipal/Desktop/Workspace/airflow_tutorial/py_env/lib/python3.12/site-packages/airflow/example_dags/example_kubernetes_executor.py took 0.046 seconds
[2024-09-01T01:02:43.488+0530] {processor.py:186} INFO - Started process (PID=4028) to work on /Users/ravipal/Desktop/Workspace/airflow_tutorial/py_env/lib/python3.12/site-packages/airflow/example_dags/example_kubernetes_executor.py
[2024-09-01T01:02:43.488+0530] {processor.py:914} INFO - Processing file /Users/ravipal/Desktop/Workspace/airflow_tutorial/py_env/lib/python3.12/site-packages/airflow/example_dags/example_kubernetes_executor.py for tasks to queue
[2024-09-01T01:02:43.489+0530] {logging_mixin.py:190} INFO - [2024-09-01T01:02:43.489+0530] {dagbag.py:587} INFO - Filling up the DagBag from /Users/ravipal/Desktop/Workspace/airflow_tutorial/py_env/lib/python3.12/site-packages/airflow/example_dags/example_kubernetes_executor.py
[2024-09-01T01:02:43.503+0530] {logging_mixin.py:190} INFO - [2024-09-01T01:02:43.503+0530] {example_kubernetes_executor.py:39} WARNING - The example_kubernetes_executor example DAG requires the kubernetes provider. Please install it with: pip install apache-airflow[cncf.kubernetes]
[2024-09-01T01:02:43.503+0530] {processor.py:927} WARNING - No viable dags retrieved from /Users/ravipal/Desktop/Workspace/airflow_tutorial/py_env/lib/python3.12/site-packages/airflow/example_dags/example_kubernetes_executor.py
[2024-09-01T01:02:43.533+0530] {processor.py:208} INFO - Processing /Users/ravipal/Desktop/Workspace/airflow_tutorial/py_env/lib/python3.12/site-packages/airflow/example_dags/example_kubernetes_executor.py took 0.047 seconds
[2024-09-01T01:04:49.267+0530] {processor.py:186} INFO - Started process (PID=4170) to work on /Users/ravipal/Desktop/Workspace/airflow_tutorial/py_env/lib/python3.12/site-packages/airflow/example_dags/example_kubernetes_executor.py
[2024-09-01T01:04:49.267+0530] {processor.py:914} INFO - Processing file /Users/ravipal/Desktop/Workspace/airflow_tutorial/py_env/lib/python3.12/site-packages/airflow/example_dags/example_kubernetes_executor.py for tasks to queue
[2024-09-01T01:04:49.268+0530] {logging_mixin.py:190} INFO - [2024-09-01T01:04:49.268+0530] {dagbag.py:587} INFO - Filling up the DagBag from /Users/ravipal/Desktop/Workspace/airflow_tutorial/py_env/lib/python3.12/site-packages/airflow/example_dags/example_kubernetes_executor.py
[2024-09-01T01:04:49.282+0530] {logging_mixin.py:190} INFO - [2024-09-01T01:04:49.282+0530] {example_kubernetes_executor.py:39} WARNING - The example_kubernetes_executor example DAG requires the kubernetes provider. Please install it with: pip install apache-airflow[cncf.kubernetes]
[2024-09-01T01:04:49.282+0530] {processor.py:927} WARNING - No viable dags retrieved from /Users/ravipal/Desktop/Workspace/airflow_tutorial/py_env/lib/python3.12/site-packages/airflow/example_dags/example_kubernetes_executor.py
[2024-09-01T01:04:49.311+0530] {processor.py:208} INFO - Processing /Users/ravipal/Desktop/Workspace/airflow_tutorial/py_env/lib/python3.12/site-packages/airflow/example_dags/example_kubernetes_executor.py took 0.046 seconds
[2024-09-01T01:07:00.320+0530] {processor.py:186} INFO - Started process (PID=4322) to work on /Users/ravipal/Desktop/Workspace/airflow_tutorial/py_env/lib/python3.12/site-packages/airflow/example_dags/example_kubernetes_executor.py
[2024-09-01T01:07:00.321+0530] {processor.py:914} INFO - Processing file /Users/ravipal/Desktop/Workspace/airflow_tutorial/py_env/lib/python3.12/site-packages/airflow/example_dags/example_kubernetes_executor.py for tasks to queue
[2024-09-01T01:07:00.321+0530] {logging_mixin.py:190} INFO - [2024-09-01T01:07:00.321+0530] {dagbag.py:587} INFO - Filling up the DagBag from /Users/ravipal/Desktop/Workspace/airflow_tutorial/py_env/lib/python3.12/site-packages/airflow/example_dags/example_kubernetes_executor.py
[2024-09-01T01:07:00.335+0530] {logging_mixin.py:190} INFO - [2024-09-01T01:07:00.335+0530] {example_kubernetes_executor.py:39} WARNING - The example_kubernetes_executor example DAG requires the kubernetes provider. Please install it with: pip install apache-airflow[cncf.kubernetes]
[2024-09-01T01:07:00.336+0530] {processor.py:927} WARNING - No viable dags retrieved from /Users/ravipal/Desktop/Workspace/airflow_tutorial/py_env/lib/python3.12/site-packages/airflow/example_dags/example_kubernetes_executor.py
[2024-09-01T01:07:00.365+0530] {processor.py:208} INFO - Processing /Users/ravipal/Desktop/Workspace/airflow_tutorial/py_env/lib/python3.12/site-packages/airflow/example_dags/example_kubernetes_executor.py took 0.048 seconds
[2024-09-01T01:09:09.245+0530] {processor.py:186} INFO - Started process (PID=4453) to work on /Users/ravipal/Desktop/Workspace/airflow_tutorial/py_env/lib/python3.12/site-packages/airflow/example_dags/example_kubernetes_executor.py
[2024-09-01T01:09:09.246+0530] {processor.py:914} INFO - Processing file /Users/ravipal/Desktop/Workspace/airflow_tutorial/py_env/lib/python3.12/site-packages/airflow/example_dags/example_kubernetes_executor.py for tasks to queue
[2024-09-01T01:09:09.246+0530] {logging_mixin.py:190} INFO - [2024-09-01T01:09:09.246+0530] {dagbag.py:587} INFO - Filling up the DagBag from /Users/ravipal/Desktop/Workspace/airflow_tutorial/py_env/lib/python3.12/site-packages/airflow/example_dags/example_kubernetes_executor.py
[2024-09-01T01:09:09.260+0530] {logging_mixin.py:190} INFO - [2024-09-01T01:09:09.260+0530] {example_kubernetes_executor.py:39} WARNING - The example_kubernetes_executor example DAG requires the kubernetes provider. Please install it with: pip install apache-airflow[cncf.kubernetes]
[2024-09-01T01:09:09.260+0530] {processor.py:927} WARNING - No viable dags retrieved from /Users/ravipal/Desktop/Workspace/airflow_tutorial/py_env/lib/python3.12/site-packages/airflow/example_dags/example_kubernetes_executor.py
[2024-09-01T01:09:09.290+0530] {processor.py:208} INFO - Processing /Users/ravipal/Desktop/Workspace/airflow_tutorial/py_env/lib/python3.12/site-packages/airflow/example_dags/example_kubernetes_executor.py took 0.046 seconds
[2024-09-01T01:11:15.324+0530] {processor.py:186} INFO - Started process (PID=4579) to work on /Users/ravipal/Desktop/Workspace/airflow_tutorial/py_env/lib/python3.12/site-packages/airflow/example_dags/example_kubernetes_executor.py
[2024-09-01T01:11:15.324+0530] {processor.py:914} INFO - Processing file /Users/ravipal/Desktop/Workspace/airflow_tutorial/py_env/lib/python3.12/site-packages/airflow/example_dags/example_kubernetes_executor.py for tasks to queue
[2024-09-01T01:11:15.325+0530] {logging_mixin.py:190} INFO - [2024-09-01T01:11:15.325+0530] {dagbag.py:587} INFO - Filling up the DagBag from /Users/ravipal/Desktop/Workspace/airflow_tutorial/py_env/lib/python3.12/site-packages/airflow/example_dags/example_kubernetes_executor.py
[2024-09-01T01:11:15.339+0530] {logging_mixin.py:190} INFO - [2024-09-01T01:11:15.339+0530] {example_kubernetes_executor.py:39} WARNING - The example_kubernetes_executor example DAG requires the kubernetes provider. Please install it with: pip install apache-airflow[cncf.kubernetes]
[2024-09-01T01:11:15.339+0530] {processor.py:927} WARNING - No viable dags retrieved from /Users/ravipal/Desktop/Workspace/airflow_tutorial/py_env/lib/python3.12/site-packages/airflow/example_dags/example_kubernetes_executor.py
[2024-09-01T01:11:15.369+0530] {processor.py:208} INFO - Processing /Users/ravipal/Desktop/Workspace/airflow_tutorial/py_env/lib/python3.12/site-packages/airflow/example_dags/example_kubernetes_executor.py took 0.047 seconds
[2024-09-01T01:13:21.192+0530] {processor.py:186} INFO - Started process (PID=4706) to work on /Users/ravipal/Desktop/Workspace/airflow_tutorial/py_env/lib/python3.12/site-packages/airflow/example_dags/example_kubernetes_executor.py
[2024-09-01T01:13:21.192+0530] {processor.py:914} INFO - Processing file /Users/ravipal/Desktop/Workspace/airflow_tutorial/py_env/lib/python3.12/site-packages/airflow/example_dags/example_kubernetes_executor.py for tasks to queue
[2024-09-01T01:13:21.193+0530] {logging_mixin.py:190} INFO - [2024-09-01T01:13:21.193+0530] {dagbag.py:587} INFO - Filling up the DagBag from /Users/ravipal/Desktop/Workspace/airflow_tutorial/py_env/lib/python3.12/site-packages/airflow/example_dags/example_kubernetes_executor.py
[2024-09-01T01:13:21.207+0530] {logging_mixin.py:190} INFO - [2024-09-01T01:13:21.207+0530] {example_kubernetes_executor.py:39} WARNING - The example_kubernetes_executor example DAG requires the kubernetes provider. Please install it with: pip install apache-airflow[cncf.kubernetes]
[2024-09-01T01:13:21.207+0530] {processor.py:927} WARNING - No viable dags retrieved from /Users/ravipal/Desktop/Workspace/airflow_tutorial/py_env/lib/python3.12/site-packages/airflow/example_dags/example_kubernetes_executor.py
[2024-09-01T01:13:21.236+0530] {processor.py:208} INFO - Processing /Users/ravipal/Desktop/Workspace/airflow_tutorial/py_env/lib/python3.12/site-packages/airflow/example_dags/example_kubernetes_executor.py took 0.046 seconds
[2024-09-01T01:15:33.077+0530] {processor.py:186} INFO - Started process (PID=4838) to work on /Users/ravipal/Desktop/Workspace/airflow_tutorial/py_env/lib/python3.12/site-packages/airflow/example_dags/example_kubernetes_executor.py
[2024-09-01T01:15:33.077+0530] {processor.py:914} INFO - Processing file /Users/ravipal/Desktop/Workspace/airflow_tutorial/py_env/lib/python3.12/site-packages/airflow/example_dags/example_kubernetes_executor.py for tasks to queue
[2024-09-01T01:15:33.077+0530] {logging_mixin.py:190} INFO - [2024-09-01T01:15:33.077+0530] {dagbag.py:587} INFO - Filling up the DagBag from /Users/ravipal/Desktop/Workspace/airflow_tutorial/py_env/lib/python3.12/site-packages/airflow/example_dags/example_kubernetes_executor.py
[2024-09-01T01:15:33.092+0530] {logging_mixin.py:190} INFO - [2024-09-01T01:15:33.092+0530] {example_kubernetes_executor.py:39} WARNING - The example_kubernetes_executor example DAG requires the kubernetes provider. Please install it with: pip install apache-airflow[cncf.kubernetes]
[2024-09-01T01:15:33.092+0530] {processor.py:927} WARNING - No viable dags retrieved from /Users/ravipal/Desktop/Workspace/airflow_tutorial/py_env/lib/python3.12/site-packages/airflow/example_dags/example_kubernetes_executor.py
[2024-09-01T01:15:33.122+0530] {processor.py:208} INFO - Processing /Users/ravipal/Desktop/Workspace/airflow_tutorial/py_env/lib/python3.12/site-packages/airflow/example_dags/example_kubernetes_executor.py took 0.048 seconds
[2024-09-01T01:17:44.264+0530] {processor.py:186} INFO - Started process (PID=4970) to work on /Users/ravipal/Desktop/Workspace/airflow_tutorial/py_env/lib/python3.12/site-packages/airflow/example_dags/example_kubernetes_executor.py
[2024-09-01T01:17:44.265+0530] {processor.py:914} INFO - Processing file /Users/ravipal/Desktop/Workspace/airflow_tutorial/py_env/lib/python3.12/site-packages/airflow/example_dags/example_kubernetes_executor.py for tasks to queue
[2024-09-01T01:17:44.265+0530] {logging_mixin.py:190} INFO - [2024-09-01T01:17:44.265+0530] {dagbag.py:587} INFO - Filling up the DagBag from /Users/ravipal/Desktop/Workspace/airflow_tutorial/py_env/lib/python3.12/site-packages/airflow/example_dags/example_kubernetes_executor.py
[2024-09-01T01:17:44.279+0530] {logging_mixin.py:190} INFO - [2024-09-01T01:17:44.279+0530] {example_kubernetes_executor.py:39} WARNING - The example_kubernetes_executor example DAG requires the kubernetes provider. Please install it with: pip install apache-airflow[cncf.kubernetes]
[2024-09-01T01:17:44.279+0530] {processor.py:927} WARNING - No viable dags retrieved from /Users/ravipal/Desktop/Workspace/airflow_tutorial/py_env/lib/python3.12/site-packages/airflow/example_dags/example_kubernetes_executor.py
[2024-09-01T01:17:44.309+0530] {processor.py:208} INFO - Processing /Users/ravipal/Desktop/Workspace/airflow_tutorial/py_env/lib/python3.12/site-packages/airflow/example_dags/example_kubernetes_executor.py took 0.047 seconds
