[2024-09-01T00:23:13.134+0530] {processor.py:186} INFO - Started process (PID=1437) to work on /Users/ravipal/Desktop/Workspace/airflow_tutorial/py_env/lib/python3.12/site-packages/airflow/example_dags/example_short_circuit_operator.py
[2024-09-01T00:23:13.134+0530] {processor.py:914} INFO - Processing file /Users/ravipal/Desktop/Workspace/airflow_tutorial/py_env/lib/python3.12/site-packages/airflow/example_dags/example_short_circuit_operator.py for tasks to queue
[2024-09-01T00:23:13.135+0530] {logging_mixin.py:190} INFO - [2024-09-01T00:23:13.134+0530] {dagbag.py:587} INFO - Filling up the DagBag from /Users/ravipal/Desktop/Workspace/airflow_tutorial/py_env/lib/python3.12/site-packages/airflow/example_dags/example_short_circuit_operator.py
[2024-09-01T00:23:13.146+0530] {processor.py:925} INFO - DAG(s) 'example_short_circuit_operator' retrieved from /Users/ravipal/Desktop/Workspace/airflow_tutorial/py_env/lib/python3.12/site-packages/airflow/example_dags/example_short_circuit_operator.py
[2024-09-01T00:23:13.210+0530] {logging_mixin.py:190} INFO - [2024-09-01T00:23:13.210+0530] {override.py:1858} INFO - Created Permission View: can read on DAG:example_short_circuit_operator
[2024-09-01T00:23:13.213+0530] {logging_mixin.py:190} INFO - [2024-09-01T00:23:13.213+0530] {override.py:1858} INFO - Created Permission View: can delete on DAG:example_short_circuit_operator
[2024-09-01T00:23:13.216+0530] {logging_mixin.py:190} INFO - [2024-09-01T00:23:13.216+0530] {override.py:1858} INFO - Created Permission View: can edit on DAG:example_short_circuit_operator
[2024-09-01T00:23:13.216+0530] {logging_mixin.py:190} INFO - [2024-09-01T00:23:13.216+0530] {dag.py:3211} INFO - Sync 1 DAGs
[2024-09-01T00:23:13.247+0530] {logging_mixin.py:190} INFO - [2024-09-01T00:23:13.247+0530] {dag.py:3234} INFO - Creating ORM DAG for example_short_circuit_operator
[2024-09-01T00:23:13.250+0530] {logging_mixin.py:190} INFO - [2024-09-01T00:23:13.250+0530] {dag.py:4138} INFO - Setting next_dagrun for example_short_circuit_operator to 2024-08-30 00:00:00+00:00, run_after=2024-08-31 00:00:00+00:00
[2024-09-01T00:23:13.256+0530] {processor.py:208} INFO - Processing /Users/ravipal/Desktop/Workspace/airflow_tutorial/py_env/lib/python3.12/site-packages/airflow/example_dags/example_short_circuit_operator.py took 0.124 seconds
[2024-09-01T00:24:53.929+0530] {processor.py:186} INFO - Started process (PID=1539) to work on /Users/ravipal/Desktop/Workspace/airflow_tutorial/py_env/lib/python3.12/site-packages/airflow/example_dags/example_short_circuit_operator.py
[2024-09-01T00:24:53.929+0530] {processor.py:914} INFO - Processing file /Users/ravipal/Desktop/Workspace/airflow_tutorial/py_env/lib/python3.12/site-packages/airflow/example_dags/example_short_circuit_operator.py for tasks to queue
[2024-09-01T00:24:53.929+0530] {logging_mixin.py:190} INFO - [2024-09-01T00:24:53.929+0530] {dagbag.py:587} INFO - Filling up the DagBag from /Users/ravipal/Desktop/Workspace/airflow_tutorial/py_env/lib/python3.12/site-packages/airflow/example_dags/example_short_circuit_operator.py
[2024-09-01T00:24:53.940+0530] {processor.py:925} INFO - DAG(s) 'example_short_circuit_operator' retrieved from /Users/ravipal/Desktop/Workspace/airflow_tutorial/py_env/lib/python3.12/site-packages/airflow/example_dags/example_short_circuit_operator.py
[2024-09-01T00:24:53.974+0530] {logging_mixin.py:190} INFO - [2024-09-01T00:24:53.974+0530] {dag.py:3211} INFO - Sync 1 DAGs
[2024-09-01T00:24:53.980+0530] {logging_mixin.py:190} INFO - [2024-09-01T00:24:53.980+0530] {dag.py:4138} INFO - Setting next_dagrun for example_short_circuit_operator to 2024-08-30 00:00:00+00:00, run_after=2024-08-31 00:00:00+00:00
[2024-09-01T00:24:53.987+0530] {processor.py:208} INFO - Processing /Users/ravipal/Desktop/Workspace/airflow_tutorial/py_env/lib/python3.12/site-packages/airflow/example_dags/example_short_circuit_operator.py took 0.060 seconds
[2024-09-01T00:26:00.150+0530] {processor.py:186} INFO - Started process (PID=1606) to work on /Users/ravipal/Desktop/Workspace/airflow_tutorial/py_env/lib/python3.12/site-packages/airflow/example_dags/example_short_circuit_operator.py
[2024-09-01T00:26:00.151+0530] {processor.py:914} INFO - Processing file /Users/ravipal/Desktop/Workspace/airflow_tutorial/py_env/lib/python3.12/site-packages/airflow/example_dags/example_short_circuit_operator.py for tasks to queue
[2024-09-01T00:26:00.151+0530] {logging_mixin.py:190} INFO - [2024-09-01T00:26:00.151+0530] {dagbag.py:587} INFO - Filling up the DagBag from /Users/ravipal/Desktop/Workspace/airflow_tutorial/py_env/lib/python3.12/site-packages/airflow/example_dags/example_short_circuit_operator.py
[2024-09-01T00:26:00.162+0530] {processor.py:925} INFO - DAG(s) 'example_short_circuit_operator' retrieved from /Users/ravipal/Desktop/Workspace/airflow_tutorial/py_env/lib/python3.12/site-packages/airflow/example_dags/example_short_circuit_operator.py
[2024-09-01T00:26:00.197+0530] {logging_mixin.py:190} INFO - [2024-09-01T00:26:00.196+0530] {dag.py:3211} INFO - Sync 1 DAGs
[2024-09-01T00:26:00.202+0530] {logging_mixin.py:190} INFO - [2024-09-01T00:26:00.202+0530] {dag.py:4138} INFO - Setting next_dagrun for example_short_circuit_operator to 2024-08-30 00:00:00+00:00, run_after=2024-08-31 00:00:00+00:00
[2024-09-01T00:26:00.209+0530] {processor.py:208} INFO - Processing /Users/ravipal/Desktop/Workspace/airflow_tutorial/py_env/lib/python3.12/site-packages/airflow/example_dags/example_short_circuit_operator.py took 0.061 seconds
[2024-09-01T00:27:07.141+0530] {processor.py:186} INFO - Started process (PID=1695) to work on /Users/ravipal/Desktop/Workspace/airflow_tutorial/py_env/lib/python3.12/site-packages/airflow/example_dags/example_short_circuit_operator.py
[2024-09-01T00:27:07.142+0530] {processor.py:914} INFO - Processing file /Users/ravipal/Desktop/Workspace/airflow_tutorial/py_env/lib/python3.12/site-packages/airflow/example_dags/example_short_circuit_operator.py for tasks to queue
[2024-09-01T00:27:07.142+0530] {logging_mixin.py:190} INFO - [2024-09-01T00:27:07.142+0530] {dagbag.py:587} INFO - Filling up the DagBag from /Users/ravipal/Desktop/Workspace/airflow_tutorial/py_env/lib/python3.12/site-packages/airflow/example_dags/example_short_circuit_operator.py
[2024-09-01T00:27:07.153+0530] {processor.py:925} INFO - DAG(s) 'example_short_circuit_operator' retrieved from /Users/ravipal/Desktop/Workspace/airflow_tutorial/py_env/lib/python3.12/site-packages/airflow/example_dags/example_short_circuit_operator.py
[2024-09-01T00:27:07.188+0530] {logging_mixin.py:190} INFO - [2024-09-01T00:27:07.188+0530] {dag.py:3211} INFO - Sync 1 DAGs
[2024-09-01T00:27:07.194+0530] {logging_mixin.py:190} INFO - [2024-09-01T00:27:07.194+0530] {dag.py:4138} INFO - Setting next_dagrun for example_short_circuit_operator to 2024-08-30 00:00:00+00:00, run_after=2024-08-31 00:00:00+00:00
[2024-09-01T00:27:07.201+0530] {processor.py:208} INFO - Processing /Users/ravipal/Desktop/Workspace/airflow_tutorial/py_env/lib/python3.12/site-packages/airflow/example_dags/example_short_circuit_operator.py took 0.062 seconds
[2024-09-01T00:28:19.592+0530] {processor.py:186} INFO - Started process (PID=1935) to work on /Users/ravipal/Desktop/Workspace/airflow_tutorial/py_env/lib/python3.12/site-packages/airflow/example_dags/example_short_circuit_operator.py
[2024-09-01T00:28:19.592+0530] {processor.py:914} INFO - Processing file /Users/ravipal/Desktop/Workspace/airflow_tutorial/py_env/lib/python3.12/site-packages/airflow/example_dags/example_short_circuit_operator.py for tasks to queue
[2024-09-01T00:28:19.593+0530] {logging_mixin.py:190} INFO - [2024-09-01T00:28:19.593+0530] {dagbag.py:587} INFO - Filling up the DagBag from /Users/ravipal/Desktop/Workspace/airflow_tutorial/py_env/lib/python3.12/site-packages/airflow/example_dags/example_short_circuit_operator.py
[2024-09-01T00:28:19.604+0530] {processor.py:925} INFO - DAG(s) 'example_short_circuit_operator' retrieved from /Users/ravipal/Desktop/Workspace/airflow_tutorial/py_env/lib/python3.12/site-packages/airflow/example_dags/example_short_circuit_operator.py
[2024-09-01T00:28:19.638+0530] {logging_mixin.py:190} INFO - [2024-09-01T00:28:19.638+0530] {dag.py:3211} INFO - Sync 1 DAGs
[2024-09-01T00:28:19.644+0530] {logging_mixin.py:190} INFO - [2024-09-01T00:28:19.644+0530] {dag.py:4138} INFO - Setting next_dagrun for example_short_circuit_operator to 2024-08-30 00:00:00+00:00, run_after=2024-08-31 00:00:00+00:00
[2024-09-01T00:28:19.651+0530] {processor.py:208} INFO - Processing /Users/ravipal/Desktop/Workspace/airflow_tutorial/py_env/lib/python3.12/site-packages/airflow/example_dags/example_short_circuit_operator.py took 0.061 seconds
[2024-09-01T00:30:25.781+0530] {processor.py:186} INFO - Started process (PID=2068) to work on /Users/ravipal/Desktop/Workspace/airflow_tutorial/py_env/lib/python3.12/site-packages/airflow/example_dags/example_short_circuit_operator.py
[2024-09-01T00:30:25.782+0530] {processor.py:914} INFO - Processing file /Users/ravipal/Desktop/Workspace/airflow_tutorial/py_env/lib/python3.12/site-packages/airflow/example_dags/example_short_circuit_operator.py for tasks to queue
[2024-09-01T00:30:25.782+0530] {logging_mixin.py:190} INFO - [2024-09-01T00:30:25.782+0530] {dagbag.py:587} INFO - Filling up the DagBag from /Users/ravipal/Desktop/Workspace/airflow_tutorial/py_env/lib/python3.12/site-packages/airflow/example_dags/example_short_circuit_operator.py
[2024-09-01T00:30:25.793+0530] {processor.py:925} INFO - DAG(s) 'example_short_circuit_operator' retrieved from /Users/ravipal/Desktop/Workspace/airflow_tutorial/py_env/lib/python3.12/site-packages/airflow/example_dags/example_short_circuit_operator.py
[2024-09-01T00:30:25.828+0530] {logging_mixin.py:190} INFO - [2024-09-01T00:30:25.828+0530] {dag.py:3211} INFO - Sync 1 DAGs
[2024-09-01T00:30:25.834+0530] {logging_mixin.py:190} INFO - [2024-09-01T00:30:25.833+0530] {dag.py:4138} INFO - Setting next_dagrun for example_short_circuit_operator to 2024-08-30 00:00:00+00:00, run_after=2024-08-31 00:00:00+00:00
[2024-09-01T00:30:25.841+0530] {processor.py:208} INFO - Processing /Users/ravipal/Desktop/Workspace/airflow_tutorial/py_env/lib/python3.12/site-packages/airflow/example_dags/example_short_circuit_operator.py took 0.062 seconds
[2024-09-01T00:31:35.986+0530] {processor.py:186} INFO - Started process (PID=2139) to work on /Users/ravipal/Desktop/Workspace/airflow_tutorial/py_env/lib/python3.12/site-packages/airflow/example_dags/example_short_circuit_operator.py
[2024-09-01T00:31:35.986+0530] {processor.py:914} INFO - Processing file /Users/ravipal/Desktop/Workspace/airflow_tutorial/py_env/lib/python3.12/site-packages/airflow/example_dags/example_short_circuit_operator.py for tasks to queue
[2024-09-01T00:31:35.987+0530] {logging_mixin.py:190} INFO - [2024-09-01T00:31:35.987+0530] {dagbag.py:587} INFO - Filling up the DagBag from /Users/ravipal/Desktop/Workspace/airflow_tutorial/py_env/lib/python3.12/site-packages/airflow/example_dags/example_short_circuit_operator.py
[2024-09-01T00:31:35.998+0530] {processor.py:925} INFO - DAG(s) 'example_short_circuit_operator' retrieved from /Users/ravipal/Desktop/Workspace/airflow_tutorial/py_env/lib/python3.12/site-packages/airflow/example_dags/example_short_circuit_operator.py
[2024-09-01T00:31:36.033+0530] {logging_mixin.py:190} INFO - [2024-09-01T00:31:36.032+0530] {dag.py:3211} INFO - Sync 1 DAGs
[2024-09-01T00:31:36.038+0530] {logging_mixin.py:190} INFO - [2024-09-01T00:31:36.038+0530] {dag.py:4138} INFO - Setting next_dagrun for example_short_circuit_operator to 2024-08-30 00:00:00+00:00, run_after=2024-08-31 00:00:00+00:00
[2024-09-01T00:31:36.046+0530] {processor.py:208} INFO - Processing /Users/ravipal/Desktop/Workspace/airflow_tutorial/py_env/lib/python3.12/site-packages/airflow/example_dags/example_short_circuit_operator.py took 0.062 seconds
[2024-09-01T00:33:48.622+0530] {processor.py:186} INFO - Started process (PID=2268) to work on /Users/ravipal/Desktop/Workspace/airflow_tutorial/py_env/lib/python3.12/site-packages/airflow/example_dags/example_short_circuit_operator.py
[2024-09-01T00:33:48.622+0530] {processor.py:914} INFO - Processing file /Users/ravipal/Desktop/Workspace/airflow_tutorial/py_env/lib/python3.12/site-packages/airflow/example_dags/example_short_circuit_operator.py for tasks to queue
[2024-09-01T00:33:48.622+0530] {logging_mixin.py:190} INFO - [2024-09-01T00:33:48.622+0530] {dagbag.py:587} INFO - Filling up the DagBag from /Users/ravipal/Desktop/Workspace/airflow_tutorial/py_env/lib/python3.12/site-packages/airflow/example_dags/example_short_circuit_operator.py
[2024-09-01T00:33:48.633+0530] {processor.py:925} INFO - DAG(s) 'example_short_circuit_operator' retrieved from /Users/ravipal/Desktop/Workspace/airflow_tutorial/py_env/lib/python3.12/site-packages/airflow/example_dags/example_short_circuit_operator.py
[2024-09-01T00:33:48.668+0530] {logging_mixin.py:190} INFO - [2024-09-01T00:33:48.667+0530] {dag.py:3211} INFO - Sync 1 DAGs
[2024-09-01T00:33:48.674+0530] {logging_mixin.py:190} INFO - [2024-09-01T00:33:48.673+0530] {dag.py:4138} INFO - Setting next_dagrun for example_short_circuit_operator to 2024-08-30 00:00:00+00:00, run_after=2024-08-31 00:00:00+00:00
[2024-09-01T00:33:48.681+0530] {processor.py:208} INFO - Processing /Users/ravipal/Desktop/Workspace/airflow_tutorial/py_env/lib/python3.12/site-packages/airflow/example_dags/example_short_circuit_operator.py took 0.061 seconds
[2024-09-01T00:34:56.560+0530] {processor.py:186} INFO - Started process (PID=2336) to work on /Users/ravipal/Desktop/Workspace/airflow_tutorial/py_env/lib/python3.12/site-packages/airflow/example_dags/example_short_circuit_operator.py
[2024-09-01T00:34:56.560+0530] {processor.py:914} INFO - Processing file /Users/ravipal/Desktop/Workspace/airflow_tutorial/py_env/lib/python3.12/site-packages/airflow/example_dags/example_short_circuit_operator.py for tasks to queue
[2024-09-01T00:34:56.561+0530] {logging_mixin.py:190} INFO - [2024-09-01T00:34:56.561+0530] {dagbag.py:587} INFO - Filling up the DagBag from /Users/ravipal/Desktop/Workspace/airflow_tutorial/py_env/lib/python3.12/site-packages/airflow/example_dags/example_short_circuit_operator.py
[2024-09-01T00:34:56.573+0530] {processor.py:925} INFO - DAG(s) 'example_short_circuit_operator' retrieved from /Users/ravipal/Desktop/Workspace/airflow_tutorial/py_env/lib/python3.12/site-packages/airflow/example_dags/example_short_circuit_operator.py
[2024-09-01T00:34:56.614+0530] {logging_mixin.py:190} INFO - [2024-09-01T00:34:56.613+0530] {dag.py:3211} INFO - Sync 1 DAGs
[2024-09-01T00:34:56.620+0530] {logging_mixin.py:190} INFO - [2024-09-01T00:34:56.620+0530] {dag.py:4138} INFO - Setting next_dagrun for example_short_circuit_operator to 2024-08-30 00:00:00+00:00, run_after=2024-08-31 00:00:00+00:00
[2024-09-01T00:34:56.628+0530] {processor.py:208} INFO - Processing /Users/ravipal/Desktop/Workspace/airflow_tutorial/py_env/lib/python3.12/site-packages/airflow/example_dags/example_short_circuit_operator.py took 0.071 seconds
[2024-09-01T00:36:04.420+0530] {processor.py:186} INFO - Started process (PID=2404) to work on /Users/ravipal/Desktop/Workspace/airflow_tutorial/py_env/lib/python3.12/site-packages/airflow/example_dags/example_short_circuit_operator.py
[2024-09-01T00:36:04.420+0530] {processor.py:914} INFO - Processing file /Users/ravipal/Desktop/Workspace/airflow_tutorial/py_env/lib/python3.12/site-packages/airflow/example_dags/example_short_circuit_operator.py for tasks to queue
[2024-09-01T00:36:04.421+0530] {logging_mixin.py:190} INFO - [2024-09-01T00:36:04.421+0530] {dagbag.py:587} INFO - Filling up the DagBag from /Users/ravipal/Desktop/Workspace/airflow_tutorial/py_env/lib/python3.12/site-packages/airflow/example_dags/example_short_circuit_operator.py
[2024-09-01T00:36:04.432+0530] {processor.py:925} INFO - DAG(s) 'example_short_circuit_operator' retrieved from /Users/ravipal/Desktop/Workspace/airflow_tutorial/py_env/lib/python3.12/site-packages/airflow/example_dags/example_short_circuit_operator.py
[2024-09-01T00:36:04.466+0530] {logging_mixin.py:190} INFO - [2024-09-01T00:36:04.466+0530] {dag.py:3211} INFO - Sync 1 DAGs
[2024-09-01T00:36:04.472+0530] {logging_mixin.py:190} INFO - [2024-09-01T00:36:04.472+0530] {dag.py:4138} INFO - Setting next_dagrun for example_short_circuit_operator to 2024-08-30 00:00:00+00:00, run_after=2024-08-31 00:00:00+00:00
[2024-09-01T00:36:04.479+0530] {processor.py:208} INFO - Processing /Users/ravipal/Desktop/Workspace/airflow_tutorial/py_env/lib/python3.12/site-packages/airflow/example_dags/example_short_circuit_operator.py took 0.061 seconds
[2024-09-01T00:37:12.288+0530] {processor.py:186} INFO - Started process (PID=2472) to work on /Users/ravipal/Desktop/Workspace/airflow_tutorial/py_env/lib/python3.12/site-packages/airflow/example_dags/example_short_circuit_operator.py
[2024-09-01T00:37:12.289+0530] {processor.py:914} INFO - Processing file /Users/ravipal/Desktop/Workspace/airflow_tutorial/py_env/lib/python3.12/site-packages/airflow/example_dags/example_short_circuit_operator.py for tasks to queue
[2024-09-01T00:37:12.289+0530] {logging_mixin.py:190} INFO - [2024-09-01T00:37:12.289+0530] {dagbag.py:587} INFO - Filling up the DagBag from /Users/ravipal/Desktop/Workspace/airflow_tutorial/py_env/lib/python3.12/site-packages/airflow/example_dags/example_short_circuit_operator.py
[2024-09-01T00:37:12.301+0530] {processor.py:925} INFO - DAG(s) 'example_short_circuit_operator' retrieved from /Users/ravipal/Desktop/Workspace/airflow_tutorial/py_env/lib/python3.12/site-packages/airflow/example_dags/example_short_circuit_operator.py
[2024-09-01T00:37:12.335+0530] {logging_mixin.py:190} INFO - [2024-09-01T00:37:12.335+0530] {dag.py:3211} INFO - Sync 1 DAGs
[2024-09-01T00:37:12.341+0530] {logging_mixin.py:190} INFO - [2024-09-01T00:37:12.341+0530] {dag.py:4138} INFO - Setting next_dagrun for example_short_circuit_operator to 2024-08-30 00:00:00+00:00, run_after=2024-08-31 00:00:00+00:00
[2024-09-01T00:37:12.348+0530] {processor.py:208} INFO - Processing /Users/ravipal/Desktop/Workspace/airflow_tutorial/py_env/lib/python3.12/site-packages/airflow/example_dags/example_short_circuit_operator.py took 0.062 seconds
[2024-09-01T00:39:17.408+0530] {processor.py:186} INFO - Started process (PID=2599) to work on /Users/ravipal/Desktop/Workspace/airflow_tutorial/py_env/lib/python3.12/site-packages/airflow/example_dags/example_short_circuit_operator.py
[2024-09-01T00:39:17.408+0530] {processor.py:914} INFO - Processing file /Users/ravipal/Desktop/Workspace/airflow_tutorial/py_env/lib/python3.12/site-packages/airflow/example_dags/example_short_circuit_operator.py for tasks to queue
[2024-09-01T00:39:17.408+0530] {logging_mixin.py:190} INFO - [2024-09-01T00:39:17.408+0530] {dagbag.py:587} INFO - Filling up the DagBag from /Users/ravipal/Desktop/Workspace/airflow_tutorial/py_env/lib/python3.12/site-packages/airflow/example_dags/example_short_circuit_operator.py
[2024-09-01T00:39:17.419+0530] {processor.py:925} INFO - DAG(s) 'example_short_circuit_operator' retrieved from /Users/ravipal/Desktop/Workspace/airflow_tutorial/py_env/lib/python3.12/site-packages/airflow/example_dags/example_short_circuit_operator.py
[2024-09-01T00:39:17.453+0530] {logging_mixin.py:190} INFO - [2024-09-01T00:39:17.453+0530] {dag.py:3211} INFO - Sync 1 DAGs
[2024-09-01T00:39:17.459+0530] {logging_mixin.py:190} INFO - [2024-09-01T00:39:17.459+0530] {dag.py:4138} INFO - Setting next_dagrun for example_short_circuit_operator to 2024-08-30 00:00:00+00:00, run_after=2024-08-31 00:00:00+00:00
[2024-09-01T00:39:17.466+0530] {processor.py:208} INFO - Processing /Users/ravipal/Desktop/Workspace/airflow_tutorial/py_env/lib/python3.12/site-packages/airflow/example_dags/example_short_circuit_operator.py took 0.060 seconds
[2024-09-01T00:41:30.123+0530] {processor.py:186} INFO - Started process (PID=2729) to work on /Users/ravipal/Desktop/Workspace/airflow_tutorial/py_env/lib/python3.12/site-packages/airflow/example_dags/example_short_circuit_operator.py
[2024-09-01T00:41:30.123+0530] {processor.py:914} INFO - Processing file /Users/ravipal/Desktop/Workspace/airflow_tutorial/py_env/lib/python3.12/site-packages/airflow/example_dags/example_short_circuit_operator.py for tasks to queue
[2024-09-01T00:41:30.123+0530] {logging_mixin.py:190} INFO - [2024-09-01T00:41:30.123+0530] {dagbag.py:587} INFO - Filling up the DagBag from /Users/ravipal/Desktop/Workspace/airflow_tutorial/py_env/lib/python3.12/site-packages/airflow/example_dags/example_short_circuit_operator.py
[2024-09-01T00:41:30.134+0530] {processor.py:925} INFO - DAG(s) 'example_short_circuit_operator' retrieved from /Users/ravipal/Desktop/Workspace/airflow_tutorial/py_env/lib/python3.12/site-packages/airflow/example_dags/example_short_circuit_operator.py
[2024-09-01T00:41:30.169+0530] {logging_mixin.py:190} INFO - [2024-09-01T00:41:30.168+0530] {dag.py:3211} INFO - Sync 1 DAGs
[2024-09-01T00:41:30.174+0530] {logging_mixin.py:190} INFO - [2024-09-01T00:41:30.174+0530] {dag.py:4138} INFO - Setting next_dagrun for example_short_circuit_operator to 2024-08-30 00:00:00+00:00, run_after=2024-08-31 00:00:00+00:00
[2024-09-01T00:41:30.181+0530] {processor.py:208} INFO - Processing /Users/ravipal/Desktop/Workspace/airflow_tutorial/py_env/lib/python3.12/site-packages/airflow/example_dags/example_short_circuit_operator.py took 0.061 seconds
[2024-09-01T00:43:43.485+0530] {processor.py:186} INFO - Started process (PID=2861) to work on /Users/ravipal/Desktop/Workspace/airflow_tutorial/py_env/lib/python3.12/site-packages/airflow/example_dags/example_short_circuit_operator.py
[2024-09-01T00:43:43.485+0530] {processor.py:914} INFO - Processing file /Users/ravipal/Desktop/Workspace/airflow_tutorial/py_env/lib/python3.12/site-packages/airflow/example_dags/example_short_circuit_operator.py for tasks to queue
[2024-09-01T00:43:43.486+0530] {logging_mixin.py:190} INFO - [2024-09-01T00:43:43.485+0530] {dagbag.py:587} INFO - Filling up the DagBag from /Users/ravipal/Desktop/Workspace/airflow_tutorial/py_env/lib/python3.12/site-packages/airflow/example_dags/example_short_circuit_operator.py
[2024-09-01T00:43:43.497+0530] {processor.py:925} INFO - DAG(s) 'example_short_circuit_operator' retrieved from /Users/ravipal/Desktop/Workspace/airflow_tutorial/py_env/lib/python3.12/site-packages/airflow/example_dags/example_short_circuit_operator.py
[2024-09-01T00:43:43.531+0530] {logging_mixin.py:190} INFO - [2024-09-01T00:43:43.531+0530] {dag.py:3211} INFO - Sync 1 DAGs
[2024-09-01T00:43:43.537+0530] {logging_mixin.py:190} INFO - [2024-09-01T00:43:43.537+0530] {dag.py:4138} INFO - Setting next_dagrun for example_short_circuit_operator to 2024-08-30 00:00:00+00:00, run_after=2024-08-31 00:00:00+00:00
[2024-09-01T00:43:43.544+0530] {processor.py:208} INFO - Processing /Users/ravipal/Desktop/Workspace/airflow_tutorial/py_env/lib/python3.12/site-packages/airflow/example_dags/example_short_circuit_operator.py took 0.061 seconds
[2024-09-01T00:44:51.299+0530] {processor.py:186} INFO - Started process (PID=2928) to work on /Users/ravipal/Desktop/Workspace/airflow_tutorial/py_env/lib/python3.12/site-packages/airflow/example_dags/example_short_circuit_operator.py
[2024-09-01T00:44:51.300+0530] {processor.py:914} INFO - Processing file /Users/ravipal/Desktop/Workspace/airflow_tutorial/py_env/lib/python3.12/site-packages/airflow/example_dags/example_short_circuit_operator.py for tasks to queue
[2024-09-01T00:44:51.300+0530] {logging_mixin.py:190} INFO - [2024-09-01T00:44:51.300+0530] {dagbag.py:587} INFO - Filling up the DagBag from /Users/ravipal/Desktop/Workspace/airflow_tutorial/py_env/lib/python3.12/site-packages/airflow/example_dags/example_short_circuit_operator.py
[2024-09-01T00:44:51.311+0530] {processor.py:925} INFO - DAG(s) 'example_short_circuit_operator' retrieved from /Users/ravipal/Desktop/Workspace/airflow_tutorial/py_env/lib/python3.12/site-packages/airflow/example_dags/example_short_circuit_operator.py
[2024-09-01T00:44:51.345+0530] {logging_mixin.py:190} INFO - [2024-09-01T00:44:51.345+0530] {dag.py:3211} INFO - Sync 1 DAGs
[2024-09-01T00:44:51.350+0530] {logging_mixin.py:190} INFO - [2024-09-01T00:44:51.350+0530] {dag.py:4138} INFO - Setting next_dagrun for example_short_circuit_operator to 2024-08-30 00:00:00+00:00, run_after=2024-08-31 00:00:00+00:00
[2024-09-01T00:44:51.357+0530] {processor.py:208} INFO - Processing /Users/ravipal/Desktop/Workspace/airflow_tutorial/py_env/lib/python3.12/site-packages/airflow/example_dags/example_short_circuit_operator.py took 0.060 seconds
[2024-09-01T00:45:57.541+0530] {processor.py:186} INFO - Started process (PID=2996) to work on /Users/ravipal/Desktop/Workspace/airflow_tutorial/py_env/lib/python3.12/site-packages/airflow/example_dags/example_short_circuit_operator.py
[2024-09-01T00:45:57.542+0530] {processor.py:914} INFO - Processing file /Users/ravipal/Desktop/Workspace/airflow_tutorial/py_env/lib/python3.12/site-packages/airflow/example_dags/example_short_circuit_operator.py for tasks to queue
[2024-09-01T00:45:57.542+0530] {logging_mixin.py:190} INFO - [2024-09-01T00:45:57.542+0530] {dagbag.py:587} INFO - Filling up the DagBag from /Users/ravipal/Desktop/Workspace/airflow_tutorial/py_env/lib/python3.12/site-packages/airflow/example_dags/example_short_circuit_operator.py
[2024-09-01T00:45:57.553+0530] {processor.py:925} INFO - DAG(s) 'example_short_circuit_operator' retrieved from /Users/ravipal/Desktop/Workspace/airflow_tutorial/py_env/lib/python3.12/site-packages/airflow/example_dags/example_short_circuit_operator.py
[2024-09-01T00:45:57.586+0530] {logging_mixin.py:190} INFO - [2024-09-01T00:45:57.586+0530] {dag.py:3211} INFO - Sync 1 DAGs
[2024-09-01T00:45:57.592+0530] {logging_mixin.py:190} INFO - [2024-09-01T00:45:57.592+0530] {dag.py:4138} INFO - Setting next_dagrun for example_short_circuit_operator to 2024-08-30 00:00:00+00:00, run_after=2024-08-31 00:00:00+00:00
[2024-09-01T00:45:57.599+0530] {processor.py:208} INFO - Processing /Users/ravipal/Desktop/Workspace/airflow_tutorial/py_env/lib/python3.12/site-packages/airflow/example_dags/example_short_circuit_operator.py took 0.059 seconds
[2024-09-01T00:47:06.176+0530] {processor.py:186} INFO - Started process (PID=3061) to work on /Users/ravipal/Desktop/Workspace/airflow_tutorial/py_env/lib/python3.12/site-packages/airflow/example_dags/example_short_circuit_operator.py
[2024-09-01T00:47:06.177+0530] {processor.py:914} INFO - Processing file /Users/ravipal/Desktop/Workspace/airflow_tutorial/py_env/lib/python3.12/site-packages/airflow/example_dags/example_short_circuit_operator.py for tasks to queue
[2024-09-01T00:47:06.177+0530] {logging_mixin.py:190} INFO - [2024-09-01T00:47:06.177+0530] {dagbag.py:587} INFO - Filling up the DagBag from /Users/ravipal/Desktop/Workspace/airflow_tutorial/py_env/lib/python3.12/site-packages/airflow/example_dags/example_short_circuit_operator.py
[2024-09-01T00:47:06.188+0530] {processor.py:925} INFO - DAG(s) 'example_short_circuit_operator' retrieved from /Users/ravipal/Desktop/Workspace/airflow_tutorial/py_env/lib/python3.12/site-packages/airflow/example_dags/example_short_circuit_operator.py
[2024-09-01T00:47:06.223+0530] {logging_mixin.py:190} INFO - [2024-09-01T00:47:06.223+0530] {dag.py:3211} INFO - Sync 1 DAGs
[2024-09-01T00:47:06.229+0530] {logging_mixin.py:190} INFO - [2024-09-01T00:47:06.229+0530] {dag.py:4138} INFO - Setting next_dagrun for example_short_circuit_operator to 2024-08-30 00:00:00+00:00, run_after=2024-08-31 00:00:00+00:00
[2024-09-01T00:47:06.236+0530] {processor.py:208} INFO - Processing /Users/ravipal/Desktop/Workspace/airflow_tutorial/py_env/lib/python3.12/site-packages/airflow/example_dags/example_short_circuit_operator.py took 0.062 seconds
[2024-09-01T00:49:09.050+0530] {processor.py:186} INFO - Started process (PID=3190) to work on /Users/ravipal/Desktop/Workspace/airflow_tutorial/py_env/lib/python3.12/site-packages/airflow/example_dags/example_short_circuit_operator.py
[2024-09-01T00:49:09.050+0530] {processor.py:914} INFO - Processing file /Users/ravipal/Desktop/Workspace/airflow_tutorial/py_env/lib/python3.12/site-packages/airflow/example_dags/example_short_circuit_operator.py for tasks to queue
[2024-09-01T00:49:09.051+0530] {logging_mixin.py:190} INFO - [2024-09-01T00:49:09.051+0530] {dagbag.py:587} INFO - Filling up the DagBag from /Users/ravipal/Desktop/Workspace/airflow_tutorial/py_env/lib/python3.12/site-packages/airflow/example_dags/example_short_circuit_operator.py
[2024-09-01T00:49:09.062+0530] {processor.py:925} INFO - DAG(s) 'example_short_circuit_operator' retrieved from /Users/ravipal/Desktop/Workspace/airflow_tutorial/py_env/lib/python3.12/site-packages/airflow/example_dags/example_short_circuit_operator.py
[2024-09-01T00:49:09.097+0530] {logging_mixin.py:190} INFO - [2024-09-01T00:49:09.096+0530] {dag.py:3211} INFO - Sync 1 DAGs
[2024-09-01T00:49:09.102+0530] {logging_mixin.py:190} INFO - [2024-09-01T00:49:09.102+0530] {dag.py:4138} INFO - Setting next_dagrun for example_short_circuit_operator to 2024-08-30 00:00:00+00:00, run_after=2024-08-31 00:00:00+00:00
[2024-09-01T00:49:09.110+0530] {processor.py:208} INFO - Processing /Users/ravipal/Desktop/Workspace/airflow_tutorial/py_env/lib/python3.12/site-packages/airflow/example_dags/example_short_circuit_operator.py took 0.062 seconds
[2024-09-01T00:50:17.523+0530] {processor.py:186} INFO - Started process (PID=3278) to work on /Users/ravipal/Desktop/Workspace/airflow_tutorial/py_env/lib/python3.12/site-packages/airflow/example_dags/example_short_circuit_operator.py
[2024-09-01T00:50:17.524+0530] {processor.py:914} INFO - Processing file /Users/ravipal/Desktop/Workspace/airflow_tutorial/py_env/lib/python3.12/site-packages/airflow/example_dags/example_short_circuit_operator.py for tasks to queue
[2024-09-01T00:50:17.524+0530] {logging_mixin.py:190} INFO - [2024-09-01T00:50:17.524+0530] {dagbag.py:587} INFO - Filling up the DagBag from /Users/ravipal/Desktop/Workspace/airflow_tutorial/py_env/lib/python3.12/site-packages/airflow/example_dags/example_short_circuit_operator.py
[2024-09-01T00:50:17.535+0530] {processor.py:925} INFO - DAG(s) 'example_short_circuit_operator' retrieved from /Users/ravipal/Desktop/Workspace/airflow_tutorial/py_env/lib/python3.12/site-packages/airflow/example_dags/example_short_circuit_operator.py
[2024-09-01T00:50:17.571+0530] {logging_mixin.py:190} INFO - [2024-09-01T00:50:17.571+0530] {dag.py:3211} INFO - Sync 1 DAGs
[2024-09-01T00:50:17.577+0530] {logging_mixin.py:190} INFO - [2024-09-01T00:50:17.577+0530] {dag.py:4138} INFO - Setting next_dagrun for example_short_circuit_operator to 2024-08-30 00:00:00+00:00, run_after=2024-08-31 00:00:00+00:00
[2024-09-01T00:50:17.584+0530] {processor.py:208} INFO - Processing /Users/ravipal/Desktop/Workspace/airflow_tutorial/py_env/lib/python3.12/site-packages/airflow/example_dags/example_short_circuit_operator.py took 0.063 seconds
[2024-09-01T00:51:26.240+0530] {processor.py:186} INFO - Started process (PID=3349) to work on /Users/ravipal/Desktop/Workspace/airflow_tutorial/py_env/lib/python3.12/site-packages/airflow/example_dags/example_short_circuit_operator.py
[2024-09-01T00:51:26.241+0530] {processor.py:914} INFO - Processing file /Users/ravipal/Desktop/Workspace/airflow_tutorial/py_env/lib/python3.12/site-packages/airflow/example_dags/example_short_circuit_operator.py for tasks to queue
[2024-09-01T00:51:26.242+0530] {logging_mixin.py:190} INFO - [2024-09-01T00:51:26.242+0530] {dagbag.py:587} INFO - Filling up the DagBag from /Users/ravipal/Desktop/Workspace/airflow_tutorial/py_env/lib/python3.12/site-packages/airflow/example_dags/example_short_circuit_operator.py
[2024-09-01T00:51:26.253+0530] {processor.py:925} INFO - DAG(s) 'example_short_circuit_operator' retrieved from /Users/ravipal/Desktop/Workspace/airflow_tutorial/py_env/lib/python3.12/site-packages/airflow/example_dags/example_short_circuit_operator.py
[2024-09-01T00:51:26.287+0530] {logging_mixin.py:190} INFO - [2024-09-01T00:51:26.287+0530] {dag.py:3211} INFO - Sync 1 DAGs
[2024-09-01T00:51:26.293+0530] {logging_mixin.py:190} INFO - [2024-09-01T00:51:26.293+0530] {dag.py:4138} INFO - Setting next_dagrun for example_short_circuit_operator to 2024-08-30 00:00:00+00:00, run_after=2024-08-31 00:00:00+00:00
[2024-09-01T00:51:26.300+0530] {processor.py:208} INFO - Processing /Users/ravipal/Desktop/Workspace/airflow_tutorial/py_env/lib/python3.12/site-packages/airflow/example_dags/example_short_circuit_operator.py took 0.062 seconds
[2024-09-01T00:52:33.221+0530] {processor.py:186} INFO - Started process (PID=3417) to work on /Users/ravipal/Desktop/Workspace/airflow_tutorial/py_env/lib/python3.12/site-packages/airflow/example_dags/example_short_circuit_operator.py
[2024-09-01T00:52:33.222+0530] {processor.py:914} INFO - Processing file /Users/ravipal/Desktop/Workspace/airflow_tutorial/py_env/lib/python3.12/site-packages/airflow/example_dags/example_short_circuit_operator.py for tasks to queue
[2024-09-01T00:52:33.222+0530] {logging_mixin.py:190} INFO - [2024-09-01T00:52:33.222+0530] {dagbag.py:587} INFO - Filling up the DagBag from /Users/ravipal/Desktop/Workspace/airflow_tutorial/py_env/lib/python3.12/site-packages/airflow/example_dags/example_short_circuit_operator.py
[2024-09-01T00:52:33.233+0530] {processor.py:925} INFO - DAG(s) 'example_short_circuit_operator' retrieved from /Users/ravipal/Desktop/Workspace/airflow_tutorial/py_env/lib/python3.12/site-packages/airflow/example_dags/example_short_circuit_operator.py
[2024-09-01T00:52:33.268+0530] {logging_mixin.py:190} INFO - [2024-09-01T00:52:33.268+0530] {dag.py:3211} INFO - Sync 1 DAGs
[2024-09-01T00:52:33.273+0530] {logging_mixin.py:190} INFO - [2024-09-01T00:52:33.273+0530] {dag.py:4138} INFO - Setting next_dagrun for example_short_circuit_operator to 2024-08-30 00:00:00+00:00, run_after=2024-08-31 00:00:00+00:00
[2024-09-01T00:52:33.280+0530] {processor.py:208} INFO - Processing /Users/ravipal/Desktop/Workspace/airflow_tutorial/py_env/lib/python3.12/site-packages/airflow/example_dags/example_short_circuit_operator.py took 0.061 seconds
[2024-09-01T00:54:45.139+0530] {processor.py:186} INFO - Started process (PID=3548) to work on /Users/ravipal/Desktop/Workspace/airflow_tutorial/py_env/lib/python3.12/site-packages/airflow/example_dags/example_short_circuit_operator.py
[2024-09-01T00:54:45.139+0530] {processor.py:914} INFO - Processing file /Users/ravipal/Desktop/Workspace/airflow_tutorial/py_env/lib/python3.12/site-packages/airflow/example_dags/example_short_circuit_operator.py for tasks to queue
[2024-09-01T00:54:45.140+0530] {logging_mixin.py:190} INFO - [2024-09-01T00:54:45.139+0530] {dagbag.py:587} INFO - Filling up the DagBag from /Users/ravipal/Desktop/Workspace/airflow_tutorial/py_env/lib/python3.12/site-packages/airflow/example_dags/example_short_circuit_operator.py
[2024-09-01T00:54:45.151+0530] {processor.py:925} INFO - DAG(s) 'example_short_circuit_operator' retrieved from /Users/ravipal/Desktop/Workspace/airflow_tutorial/py_env/lib/python3.12/site-packages/airflow/example_dags/example_short_circuit_operator.py
[2024-09-01T00:54:45.185+0530] {logging_mixin.py:190} INFO - [2024-09-01T00:54:45.185+0530] {dag.py:3211} INFO - Sync 1 DAGs
[2024-09-01T00:54:45.191+0530] {logging_mixin.py:190} INFO - [2024-09-01T00:54:45.191+0530] {dag.py:4138} INFO - Setting next_dagrun for example_short_circuit_operator to 2024-08-30 00:00:00+00:00, run_after=2024-08-31 00:00:00+00:00
[2024-09-01T00:54:45.198+0530] {processor.py:208} INFO - Processing /Users/ravipal/Desktop/Workspace/airflow_tutorial/py_env/lib/python3.12/site-packages/airflow/example_dags/example_short_circuit_operator.py took 0.061 seconds
[2024-09-01T00:56:53.804+0530] {processor.py:186} INFO - Started process (PID=3678) to work on /Users/ravipal/Desktop/Workspace/airflow_tutorial/py_env/lib/python3.12/site-packages/airflow/example_dags/example_short_circuit_operator.py
[2024-09-01T00:56:53.805+0530] {processor.py:914} INFO - Processing file /Users/ravipal/Desktop/Workspace/airflow_tutorial/py_env/lib/python3.12/site-packages/airflow/example_dags/example_short_circuit_operator.py for tasks to queue
[2024-09-01T00:56:53.805+0530] {logging_mixin.py:190} INFO - [2024-09-01T00:56:53.805+0530] {dagbag.py:587} INFO - Filling up the DagBag from /Users/ravipal/Desktop/Workspace/airflow_tutorial/py_env/lib/python3.12/site-packages/airflow/example_dags/example_short_circuit_operator.py
[2024-09-01T00:56:53.816+0530] {processor.py:925} INFO - DAG(s) 'example_short_circuit_operator' retrieved from /Users/ravipal/Desktop/Workspace/airflow_tutorial/py_env/lib/python3.12/site-packages/airflow/example_dags/example_short_circuit_operator.py
[2024-09-01T00:56:53.850+0530] {logging_mixin.py:190} INFO - [2024-09-01T00:56:53.850+0530] {dag.py:3211} INFO - Sync 1 DAGs
[2024-09-01T00:56:53.856+0530] {logging_mixin.py:190} INFO - [2024-09-01T00:56:53.856+0530] {dag.py:4138} INFO - Setting next_dagrun for example_short_circuit_operator to 2024-08-30 00:00:00+00:00, run_after=2024-08-31 00:00:00+00:00
[2024-09-01T00:56:53.863+0530] {processor.py:208} INFO - Processing /Users/ravipal/Desktop/Workspace/airflow_tutorial/py_env/lib/python3.12/site-packages/airflow/example_dags/example_short_circuit_operator.py took 0.061 seconds
[2024-09-01T00:58:00.843+0530] {processor.py:186} INFO - Started process (PID=3744) to work on /Users/ravipal/Desktop/Workspace/airflow_tutorial/py_env/lib/python3.12/site-packages/airflow/example_dags/example_short_circuit_operator.py
[2024-09-01T00:58:00.843+0530] {processor.py:914} INFO - Processing file /Users/ravipal/Desktop/Workspace/airflow_tutorial/py_env/lib/python3.12/site-packages/airflow/example_dags/example_short_circuit_operator.py for tasks to queue
[2024-09-01T00:58:00.844+0530] {logging_mixin.py:190} INFO - [2024-09-01T00:58:00.843+0530] {dagbag.py:587} INFO - Filling up the DagBag from /Users/ravipal/Desktop/Workspace/airflow_tutorial/py_env/lib/python3.12/site-packages/airflow/example_dags/example_short_circuit_operator.py
[2024-09-01T00:58:00.854+0530] {processor.py:925} INFO - DAG(s) 'example_short_circuit_operator' retrieved from /Users/ravipal/Desktop/Workspace/airflow_tutorial/py_env/lib/python3.12/site-packages/airflow/example_dags/example_short_circuit_operator.py
[2024-09-01T00:58:00.889+0530] {logging_mixin.py:190} INFO - [2024-09-01T00:58:00.888+0530] {dag.py:3211} INFO - Sync 1 DAGs
[2024-09-01T00:58:00.894+0530] {logging_mixin.py:190} INFO - [2024-09-01T00:58:00.894+0530] {dag.py:4138} INFO - Setting next_dagrun for example_short_circuit_operator to 2024-08-30 00:00:00+00:00, run_after=2024-08-31 00:00:00+00:00
[2024-09-01T00:58:00.901+0530] {processor.py:208} INFO - Processing /Users/ravipal/Desktop/Workspace/airflow_tutorial/py_env/lib/python3.12/site-packages/airflow/example_dags/example_short_circuit_operator.py took 0.060 seconds
[2024-09-01T00:59:05.917+0530] {processor.py:186} INFO - Started process (PID=3809) to work on /Users/ravipal/Desktop/Workspace/airflow_tutorial/py_env/lib/python3.12/site-packages/airflow/example_dags/example_short_circuit_operator.py
[2024-09-01T00:59:05.918+0530] {processor.py:914} INFO - Processing file /Users/ravipal/Desktop/Workspace/airflow_tutorial/py_env/lib/python3.12/site-packages/airflow/example_dags/example_short_circuit_operator.py for tasks to queue
[2024-09-01T00:59:05.918+0530] {logging_mixin.py:190} INFO - [2024-09-01T00:59:05.918+0530] {dagbag.py:587} INFO - Filling up the DagBag from /Users/ravipal/Desktop/Workspace/airflow_tutorial/py_env/lib/python3.12/site-packages/airflow/example_dags/example_short_circuit_operator.py
[2024-09-01T00:59:05.929+0530] {processor.py:925} INFO - DAG(s) 'example_short_circuit_operator' retrieved from /Users/ravipal/Desktop/Workspace/airflow_tutorial/py_env/lib/python3.12/site-packages/airflow/example_dags/example_short_circuit_operator.py
[2024-09-01T00:59:05.964+0530] {logging_mixin.py:190} INFO - [2024-09-01T00:59:05.964+0530] {dag.py:3211} INFO - Sync 1 DAGs
[2024-09-01T00:59:05.970+0530] {logging_mixin.py:190} INFO - [2024-09-01T00:59:05.970+0530] {dag.py:4138} INFO - Setting next_dagrun for example_short_circuit_operator to 2024-08-30 00:00:00+00:00, run_after=2024-08-31 00:00:00+00:00
[2024-09-01T00:59:05.977+0530] {processor.py:208} INFO - Processing /Users/ravipal/Desktop/Workspace/airflow_tutorial/py_env/lib/python3.12/site-packages/airflow/example_dags/example_short_circuit_operator.py took 0.061 seconds
[2024-09-01T01:01:14.100+0530] {processor.py:186} INFO - Started process (PID=3938) to work on /Users/ravipal/Desktop/Workspace/airflow_tutorial/py_env/lib/python3.12/site-packages/airflow/example_dags/example_short_circuit_operator.py
[2024-09-01T01:01:14.100+0530] {processor.py:914} INFO - Processing file /Users/ravipal/Desktop/Workspace/airflow_tutorial/py_env/lib/python3.12/site-packages/airflow/example_dags/example_short_circuit_operator.py for tasks to queue
[2024-09-01T01:01:14.101+0530] {logging_mixin.py:190} INFO - [2024-09-01T01:01:14.101+0530] {dagbag.py:587} INFO - Filling up the DagBag from /Users/ravipal/Desktop/Workspace/airflow_tutorial/py_env/lib/python3.12/site-packages/airflow/example_dags/example_short_circuit_operator.py
[2024-09-01T01:01:14.112+0530] {processor.py:925} INFO - DAG(s) 'example_short_circuit_operator' retrieved from /Users/ravipal/Desktop/Workspace/airflow_tutorial/py_env/lib/python3.12/site-packages/airflow/example_dags/example_short_circuit_operator.py
[2024-09-01T01:01:14.147+0530] {logging_mixin.py:190} INFO - [2024-09-01T01:01:14.147+0530] {dag.py:3211} INFO - Sync 1 DAGs
[2024-09-01T01:01:14.153+0530] {logging_mixin.py:190} INFO - [2024-09-01T01:01:14.153+0530] {dag.py:4138} INFO - Setting next_dagrun for example_short_circuit_operator to 2024-08-30 00:00:00+00:00, run_after=2024-08-31 00:00:00+00:00
[2024-09-01T01:01:14.160+0530] {processor.py:208} INFO - Processing /Users/ravipal/Desktop/Workspace/airflow_tutorial/py_env/lib/python3.12/site-packages/airflow/example_dags/example_short_circuit_operator.py took 0.062 seconds
[2024-09-01T01:03:18.119+0530] {processor.py:186} INFO - Started process (PID=4070) to work on /Users/ravipal/Desktop/Workspace/airflow_tutorial/py_env/lib/python3.12/site-packages/airflow/example_dags/example_short_circuit_operator.py
[2024-09-01T01:03:18.120+0530] {processor.py:914} INFO - Processing file /Users/ravipal/Desktop/Workspace/airflow_tutorial/py_env/lib/python3.12/site-packages/airflow/example_dags/example_short_circuit_operator.py for tasks to queue
[2024-09-01T01:03:18.120+0530] {logging_mixin.py:190} INFO - [2024-09-01T01:03:18.120+0530] {dagbag.py:587} INFO - Filling up the DagBag from /Users/ravipal/Desktop/Workspace/airflow_tutorial/py_env/lib/python3.12/site-packages/airflow/example_dags/example_short_circuit_operator.py
[2024-09-01T01:03:18.131+0530] {processor.py:925} INFO - DAG(s) 'example_short_circuit_operator' retrieved from /Users/ravipal/Desktop/Workspace/airflow_tutorial/py_env/lib/python3.12/site-packages/airflow/example_dags/example_short_circuit_operator.py
[2024-09-01T01:03:18.166+0530] {logging_mixin.py:190} INFO - [2024-09-01T01:03:18.166+0530] {dag.py:3211} INFO - Sync 1 DAGs
[2024-09-01T01:03:18.172+0530] {logging_mixin.py:190} INFO - [2024-09-01T01:03:18.172+0530] {dag.py:4138} INFO - Setting next_dagrun for example_short_circuit_operator to 2024-08-30 00:00:00+00:00, run_after=2024-08-31 00:00:00+00:00
[2024-09-01T01:03:18.179+0530] {processor.py:208} INFO - Processing /Users/ravipal/Desktop/Workspace/airflow_tutorial/py_env/lib/python3.12/site-packages/airflow/example_dags/example_short_circuit_operator.py took 0.062 seconds
[2024-09-01T01:04:25.872+0530] {processor.py:186} INFO - Started process (PID=4139) to work on /Users/ravipal/Desktop/Workspace/airflow_tutorial/py_env/lib/python3.12/site-packages/airflow/example_dags/example_short_circuit_operator.py
[2024-09-01T01:04:25.873+0530] {processor.py:914} INFO - Processing file /Users/ravipal/Desktop/Workspace/airflow_tutorial/py_env/lib/python3.12/site-packages/airflow/example_dags/example_short_circuit_operator.py for tasks to queue
[2024-09-01T01:04:25.873+0530] {logging_mixin.py:190} INFO - [2024-09-01T01:04:25.873+0530] {dagbag.py:587} INFO - Filling up the DagBag from /Users/ravipal/Desktop/Workspace/airflow_tutorial/py_env/lib/python3.12/site-packages/airflow/example_dags/example_short_circuit_operator.py
[2024-09-01T01:04:25.885+0530] {processor.py:925} INFO - DAG(s) 'example_short_circuit_operator' retrieved from /Users/ravipal/Desktop/Workspace/airflow_tutorial/py_env/lib/python3.12/site-packages/airflow/example_dags/example_short_circuit_operator.py
[2024-09-01T01:04:25.925+0530] {logging_mixin.py:190} INFO - [2024-09-01T01:04:25.924+0530] {dag.py:3211} INFO - Sync 1 DAGs
[2024-09-01T01:04:25.931+0530] {logging_mixin.py:190} INFO - [2024-09-01T01:04:25.931+0530] {dag.py:4138} INFO - Setting next_dagrun for example_short_circuit_operator to 2024-08-30 00:00:00+00:00, run_after=2024-08-31 00:00:00+00:00
[2024-09-01T01:04:25.938+0530] {processor.py:208} INFO - Processing /Users/ravipal/Desktop/Workspace/airflow_tutorial/py_env/lib/python3.12/site-packages/airflow/example_dags/example_short_circuit_operator.py took 0.068 seconds
[2024-09-01T01:06:33.462+0530] {processor.py:186} INFO - Started process (PID=4297) to work on /Users/ravipal/Desktop/Workspace/airflow_tutorial/py_env/lib/python3.12/site-packages/airflow/example_dags/example_short_circuit_operator.py
[2024-09-01T01:06:33.463+0530] {processor.py:914} INFO - Processing file /Users/ravipal/Desktop/Workspace/airflow_tutorial/py_env/lib/python3.12/site-packages/airflow/example_dags/example_short_circuit_operator.py for tasks to queue
[2024-09-01T01:06:33.463+0530] {logging_mixin.py:190} INFO - [2024-09-01T01:06:33.463+0530] {dagbag.py:587} INFO - Filling up the DagBag from /Users/ravipal/Desktop/Workspace/airflow_tutorial/py_env/lib/python3.12/site-packages/airflow/example_dags/example_short_circuit_operator.py
[2024-09-01T01:06:33.474+0530] {processor.py:925} INFO - DAG(s) 'example_short_circuit_operator' retrieved from /Users/ravipal/Desktop/Workspace/airflow_tutorial/py_env/lib/python3.12/site-packages/airflow/example_dags/example_short_circuit_operator.py
[2024-09-01T01:06:33.508+0530] {logging_mixin.py:190} INFO - [2024-09-01T01:06:33.508+0530] {dag.py:3211} INFO - Sync 1 DAGs
[2024-09-01T01:06:33.514+0530] {logging_mixin.py:190} INFO - [2024-09-01T01:06:33.514+0530] {dag.py:4138} INFO - Setting next_dagrun for example_short_circuit_operator to 2024-08-30 00:00:00+00:00, run_after=2024-08-31 00:00:00+00:00
[2024-09-01T01:06:33.521+0530] {processor.py:208} INFO - Processing /Users/ravipal/Desktop/Workspace/airflow_tutorial/py_env/lib/python3.12/site-packages/airflow/example_dags/example_short_circuit_operator.py took 0.062 seconds
[2024-09-01T01:08:46.159+0530] {processor.py:186} INFO - Started process (PID=4428) to work on /Users/ravipal/Desktop/Workspace/airflow_tutorial/py_env/lib/python3.12/site-packages/airflow/example_dags/example_short_circuit_operator.py
[2024-09-01T01:08:46.160+0530] {processor.py:914} INFO - Processing file /Users/ravipal/Desktop/Workspace/airflow_tutorial/py_env/lib/python3.12/site-packages/airflow/example_dags/example_short_circuit_operator.py for tasks to queue
[2024-09-01T01:08:46.160+0530] {logging_mixin.py:190} INFO - [2024-09-01T01:08:46.160+0530] {dagbag.py:587} INFO - Filling up the DagBag from /Users/ravipal/Desktop/Workspace/airflow_tutorial/py_env/lib/python3.12/site-packages/airflow/example_dags/example_short_circuit_operator.py
[2024-09-01T01:08:46.171+0530] {processor.py:925} INFO - DAG(s) 'example_short_circuit_operator' retrieved from /Users/ravipal/Desktop/Workspace/airflow_tutorial/py_env/lib/python3.12/site-packages/airflow/example_dags/example_short_circuit_operator.py
[2024-09-01T01:08:46.206+0530] {logging_mixin.py:190} INFO - [2024-09-01T01:08:46.206+0530] {dag.py:3211} INFO - Sync 1 DAGs
[2024-09-01T01:08:46.212+0530] {logging_mixin.py:190} INFO - [2024-09-01T01:08:46.211+0530] {dag.py:4138} INFO - Setting next_dagrun for example_short_circuit_operator to 2024-08-30 00:00:00+00:00, run_after=2024-08-31 00:00:00+00:00
[2024-09-01T01:08:46.219+0530] {processor.py:208} INFO - Processing /Users/ravipal/Desktop/Workspace/airflow_tutorial/py_env/lib/python3.12/site-packages/airflow/example_dags/example_short_circuit_operator.py took 0.061 seconds
[2024-09-01T01:10:49.469+0530] {processor.py:186} INFO - Started process (PID=4554) to work on /Users/ravipal/Desktop/Workspace/airflow_tutorial/py_env/lib/python3.12/site-packages/airflow/example_dags/example_short_circuit_operator.py
[2024-09-01T01:10:49.469+0530] {processor.py:914} INFO - Processing file /Users/ravipal/Desktop/Workspace/airflow_tutorial/py_env/lib/python3.12/site-packages/airflow/example_dags/example_short_circuit_operator.py for tasks to queue
[2024-09-01T01:10:49.469+0530] {logging_mixin.py:190} INFO - [2024-09-01T01:10:49.469+0530] {dagbag.py:587} INFO - Filling up the DagBag from /Users/ravipal/Desktop/Workspace/airflow_tutorial/py_env/lib/python3.12/site-packages/airflow/example_dags/example_short_circuit_operator.py
[2024-09-01T01:10:49.481+0530] {processor.py:925} INFO - DAG(s) 'example_short_circuit_operator' retrieved from /Users/ravipal/Desktop/Workspace/airflow_tutorial/py_env/lib/python3.12/site-packages/airflow/example_dags/example_short_circuit_operator.py
[2024-09-01T01:10:49.515+0530] {logging_mixin.py:190} INFO - [2024-09-01T01:10:49.515+0530] {dag.py:3211} INFO - Sync 1 DAGs
[2024-09-01T01:10:49.521+0530] {logging_mixin.py:190} INFO - [2024-09-01T01:10:49.521+0530] {dag.py:4138} INFO - Setting next_dagrun for example_short_circuit_operator to 2024-08-30 00:00:00+00:00, run_after=2024-08-31 00:00:00+00:00
[2024-09-01T01:10:49.528+0530] {processor.py:208} INFO - Processing /Users/ravipal/Desktop/Workspace/airflow_tutorial/py_env/lib/python3.12/site-packages/airflow/example_dags/example_short_circuit_operator.py took 0.061 seconds
[2024-09-01T01:11:56.228+0530] {processor.py:186} INFO - Started process (PID=4619) to work on /Users/ravipal/Desktop/Workspace/airflow_tutorial/py_env/lib/python3.12/site-packages/airflow/example_dags/example_short_circuit_operator.py
[2024-09-01T01:11:56.228+0530] {processor.py:914} INFO - Processing file /Users/ravipal/Desktop/Workspace/airflow_tutorial/py_env/lib/python3.12/site-packages/airflow/example_dags/example_short_circuit_operator.py for tasks to queue
[2024-09-01T01:11:56.229+0530] {logging_mixin.py:190} INFO - [2024-09-01T01:11:56.229+0530] {dagbag.py:587} INFO - Filling up the DagBag from /Users/ravipal/Desktop/Workspace/airflow_tutorial/py_env/lib/python3.12/site-packages/airflow/example_dags/example_short_circuit_operator.py
[2024-09-01T01:11:56.240+0530] {processor.py:925} INFO - DAG(s) 'example_short_circuit_operator' retrieved from /Users/ravipal/Desktop/Workspace/airflow_tutorial/py_env/lib/python3.12/site-packages/airflow/example_dags/example_short_circuit_operator.py
[2024-09-01T01:11:56.274+0530] {logging_mixin.py:190} INFO - [2024-09-01T01:11:56.274+0530] {dag.py:3211} INFO - Sync 1 DAGs
[2024-09-01T01:11:56.280+0530] {logging_mixin.py:190} INFO - [2024-09-01T01:11:56.280+0530] {dag.py:4138} INFO - Setting next_dagrun for example_short_circuit_operator to 2024-08-30 00:00:00+00:00, run_after=2024-08-31 00:00:00+00:00
[2024-09-01T01:11:56.287+0530] {processor.py:208} INFO - Processing /Users/ravipal/Desktop/Workspace/airflow_tutorial/py_env/lib/python3.12/site-packages/airflow/example_dags/example_short_circuit_operator.py took 0.061 seconds
[2024-09-01T01:14:03.694+0530] {processor.py:186} INFO - Started process (PID=4749) to work on /Users/ravipal/Desktop/Workspace/airflow_tutorial/py_env/lib/python3.12/site-packages/airflow/example_dags/example_short_circuit_operator.py
[2024-09-01T01:14:03.694+0530] {processor.py:914} INFO - Processing file /Users/ravipal/Desktop/Workspace/airflow_tutorial/py_env/lib/python3.12/site-packages/airflow/example_dags/example_short_circuit_operator.py for tasks to queue
[2024-09-01T01:14:03.694+0530] {logging_mixin.py:190} INFO - [2024-09-01T01:14:03.694+0530] {dagbag.py:587} INFO - Filling up the DagBag from /Users/ravipal/Desktop/Workspace/airflow_tutorial/py_env/lib/python3.12/site-packages/airflow/example_dags/example_short_circuit_operator.py
[2024-09-01T01:14:03.706+0530] {processor.py:925} INFO - DAG(s) 'example_short_circuit_operator' retrieved from /Users/ravipal/Desktop/Workspace/airflow_tutorial/py_env/lib/python3.12/site-packages/airflow/example_dags/example_short_circuit_operator.py
[2024-09-01T01:14:03.741+0530] {logging_mixin.py:190} INFO - [2024-09-01T01:14:03.741+0530] {dag.py:3211} INFO - Sync 1 DAGs
[2024-09-01T01:14:03.747+0530] {logging_mixin.py:190} INFO - [2024-09-01T01:14:03.747+0530] {dag.py:4138} INFO - Setting next_dagrun for example_short_circuit_operator to 2024-08-30 00:00:00+00:00, run_after=2024-08-31 00:00:00+00:00
[2024-09-01T01:14:03.754+0530] {processor.py:208} INFO - Processing /Users/ravipal/Desktop/Workspace/airflow_tutorial/py_env/lib/python3.12/site-packages/airflow/example_dags/example_short_circuit_operator.py took 0.062 seconds
[2024-09-01T01:16:14.509+0530] {processor.py:186} INFO - Started process (PID=4880) to work on /Users/ravipal/Desktop/Workspace/airflow_tutorial/py_env/lib/python3.12/site-packages/airflow/example_dags/example_short_circuit_operator.py
[2024-09-01T01:16:14.509+0530] {processor.py:914} INFO - Processing file /Users/ravipal/Desktop/Workspace/airflow_tutorial/py_env/lib/python3.12/site-packages/airflow/example_dags/example_short_circuit_operator.py for tasks to queue
[2024-09-01T01:16:14.510+0530] {logging_mixin.py:190} INFO - [2024-09-01T01:16:14.510+0530] {dagbag.py:587} INFO - Filling up the DagBag from /Users/ravipal/Desktop/Workspace/airflow_tutorial/py_env/lib/python3.12/site-packages/airflow/example_dags/example_short_circuit_operator.py
[2024-09-01T01:16:14.521+0530] {processor.py:925} INFO - DAG(s) 'example_short_circuit_operator' retrieved from /Users/ravipal/Desktop/Workspace/airflow_tutorial/py_env/lib/python3.12/site-packages/airflow/example_dags/example_short_circuit_operator.py
[2024-09-01T01:16:14.555+0530] {logging_mixin.py:190} INFO - [2024-09-01T01:16:14.555+0530] {dag.py:3211} INFO - Sync 1 DAGs
[2024-09-01T01:16:14.561+0530] {logging_mixin.py:190} INFO - [2024-09-01T01:16:14.561+0530] {dag.py:4138} INFO - Setting next_dagrun for example_short_circuit_operator to 2024-08-30 00:00:00+00:00, run_after=2024-08-31 00:00:00+00:00
[2024-09-01T01:16:14.568+0530] {processor.py:208} INFO - Processing /Users/ravipal/Desktop/Workspace/airflow_tutorial/py_env/lib/python3.12/site-packages/airflow/example_dags/example_short_circuit_operator.py took 0.061 seconds
[2024-09-01T01:17:18.616+0530] {processor.py:186} INFO - Started process (PID=4945) to work on /Users/ravipal/Desktop/Workspace/airflow_tutorial/py_env/lib/python3.12/site-packages/airflow/example_dags/example_short_circuit_operator.py
[2024-09-01T01:17:18.617+0530] {processor.py:914} INFO - Processing file /Users/ravipal/Desktop/Workspace/airflow_tutorial/py_env/lib/python3.12/site-packages/airflow/example_dags/example_short_circuit_operator.py for tasks to queue
[2024-09-01T01:17:18.617+0530] {logging_mixin.py:190} INFO - [2024-09-01T01:17:18.617+0530] {dagbag.py:587} INFO - Filling up the DagBag from /Users/ravipal/Desktop/Workspace/airflow_tutorial/py_env/lib/python3.12/site-packages/airflow/example_dags/example_short_circuit_operator.py
[2024-09-01T01:17:18.629+0530] {processor.py:925} INFO - DAG(s) 'example_short_circuit_operator' retrieved from /Users/ravipal/Desktop/Workspace/airflow_tutorial/py_env/lib/python3.12/site-packages/airflow/example_dags/example_short_circuit_operator.py
[2024-09-01T01:17:18.663+0530] {logging_mixin.py:190} INFO - [2024-09-01T01:17:18.663+0530] {dag.py:3211} INFO - Sync 1 DAGs
[2024-09-01T01:17:18.669+0530] {logging_mixin.py:190} INFO - [2024-09-01T01:17:18.669+0530] {dag.py:4138} INFO - Setting next_dagrun for example_short_circuit_operator to 2024-08-30 00:00:00+00:00, run_after=2024-08-31 00:00:00+00:00
[2024-09-01T01:17:18.676+0530] {processor.py:208} INFO - Processing /Users/ravipal/Desktop/Workspace/airflow_tutorial/py_env/lib/python3.12/site-packages/airflow/example_dags/example_short_circuit_operator.py took 0.062 seconds
[2024-09-01T01:18:25.903+0530] {processor.py:186} INFO - Started process (PID=5011) to work on /Users/ravipal/Desktop/Workspace/airflow_tutorial/py_env/lib/python3.12/site-packages/airflow/example_dags/example_short_circuit_operator.py
[2024-09-01T01:18:25.904+0530] {processor.py:914} INFO - Processing file /Users/ravipal/Desktop/Workspace/airflow_tutorial/py_env/lib/python3.12/site-packages/airflow/example_dags/example_short_circuit_operator.py for tasks to queue
[2024-09-01T01:18:25.904+0530] {logging_mixin.py:190} INFO - [2024-09-01T01:18:25.904+0530] {dagbag.py:587} INFO - Filling up the DagBag from /Users/ravipal/Desktop/Workspace/airflow_tutorial/py_env/lib/python3.12/site-packages/airflow/example_dags/example_short_circuit_operator.py
[2024-09-01T01:18:25.916+0530] {processor.py:925} INFO - DAG(s) 'example_short_circuit_operator' retrieved from /Users/ravipal/Desktop/Workspace/airflow_tutorial/py_env/lib/python3.12/site-packages/airflow/example_dags/example_short_circuit_operator.py
[2024-09-01T01:18:25.951+0530] {logging_mixin.py:190} INFO - [2024-09-01T01:18:25.951+0530] {dag.py:3211} INFO - Sync 1 DAGs
[2024-09-01T01:18:25.957+0530] {logging_mixin.py:190} INFO - [2024-09-01T01:18:25.957+0530] {dag.py:4138} INFO - Setting next_dagrun for example_short_circuit_operator to 2024-08-30 00:00:00+00:00, run_after=2024-08-31 00:00:00+00:00
[2024-09-01T01:18:25.964+0530] {processor.py:208} INFO - Processing /Users/ravipal/Desktop/Workspace/airflow_tutorial/py_env/lib/python3.12/site-packages/airflow/example_dags/example_short_circuit_operator.py took 0.063 seconds
