[2024-09-01T00:23:18.888+0530] {processor.py:186} INFO - Started process (PID=1442) to work on /Users/ravipal/Desktop/Workspace/airflow_tutorial/py_env/lib/python3.12/site-packages/airflow/example_dags/example_setup_teardown.py
[2024-09-01T00:23:18.888+0530] {processor.py:914} INFO - Processing file /Users/ravipal/Desktop/Workspace/airflow_tutorial/py_env/lib/python3.12/site-packages/airflow/example_dags/example_setup_teardown.py for tasks to queue
[2024-09-01T00:23:18.889+0530] {logging_mixin.py:190} INFO - [2024-09-01T00:23:18.888+0530] {dagbag.py:587} INFO - Filling up the DagBag from /Users/ravipal/Desktop/Workspace/airflow_tutorial/py_env/lib/python3.12/site-packages/airflow/example_dags/example_setup_teardown.py
[2024-09-01T00:23:18.892+0530] {processor.py:925} INFO - DAG(s) 'example_setup_teardown' retrieved from /Users/ravipal/Desktop/Workspace/airflow_tutorial/py_env/lib/python3.12/site-packages/airflow/example_dags/example_setup_teardown.py
[2024-09-01T00:23:18.958+0530] {logging_mixin.py:190} INFO - [2024-09-01T00:23:18.957+0530] {override.py:1858} INFO - Created Permission View: can edit on DAG:example_setup_teardown
[2024-09-01T00:23:18.961+0530] {logging_mixin.py:190} INFO - [2024-09-01T00:23:18.960+0530] {override.py:1858} INFO - Created Permission View: can delete on DAG:example_setup_teardown
[2024-09-01T00:23:18.963+0530] {logging_mixin.py:190} INFO - [2024-09-01T00:23:18.962+0530] {override.py:1858} INFO - Created Permission View: can read on DAG:example_setup_teardown
[2024-09-01T00:23:18.963+0530] {logging_mixin.py:190} INFO - [2024-09-01T00:23:18.963+0530] {dag.py:3211} INFO - Sync 1 DAGs
[2024-09-01T00:23:18.967+0530] {logging_mixin.py:190} INFO - [2024-09-01T00:23:18.967+0530] {dag.py:3234} INFO - Creating ORM DAG for example_setup_teardown
[2024-09-01T00:23:18.969+0530] {logging_mixin.py:190} INFO - [2024-09-01T00:23:18.969+0530] {dag.py:4138} INFO - Setting next_dagrun for example_setup_teardown to 2024-08-30 00:00:00+00:00, run_after=2024-08-31 00:00:00+00:00
[2024-09-01T00:23:19.003+0530] {processor.py:208} INFO - Processing /Users/ravipal/Desktop/Workspace/airflow_tutorial/py_env/lib/python3.12/site-packages/airflow/example_dags/example_setup_teardown.py took 0.117 seconds
[2024-09-01T00:24:58.878+0530] {processor.py:186} INFO - Started process (PID=1544) to work on /Users/ravipal/Desktop/Workspace/airflow_tutorial/py_env/lib/python3.12/site-packages/airflow/example_dags/example_setup_teardown.py
[2024-09-01T00:24:58.878+0530] {processor.py:914} INFO - Processing file /Users/ravipal/Desktop/Workspace/airflow_tutorial/py_env/lib/python3.12/site-packages/airflow/example_dags/example_setup_teardown.py for tasks to queue
[2024-09-01T00:24:58.879+0530] {logging_mixin.py:190} INFO - [2024-09-01T00:24:58.879+0530] {dagbag.py:587} INFO - Filling up the DagBag from /Users/ravipal/Desktop/Workspace/airflow_tutorial/py_env/lib/python3.12/site-packages/airflow/example_dags/example_setup_teardown.py
[2024-09-01T00:24:58.882+0530] {processor.py:925} INFO - DAG(s) 'example_setup_teardown' retrieved from /Users/ravipal/Desktop/Workspace/airflow_tutorial/py_env/lib/python3.12/site-packages/airflow/example_dags/example_setup_teardown.py
[2024-09-01T00:24:58.917+0530] {logging_mixin.py:190} INFO - [2024-09-01T00:24:58.917+0530] {dag.py:3211} INFO - Sync 1 DAGs
[2024-09-01T00:24:58.923+0530] {logging_mixin.py:190} INFO - [2024-09-01T00:24:58.923+0530] {dag.py:4138} INFO - Setting next_dagrun for example_setup_teardown to 2024-08-30 00:00:00+00:00, run_after=2024-08-31 00:00:00+00:00
[2024-09-01T00:24:58.930+0530] {processor.py:208} INFO - Processing /Users/ravipal/Desktop/Workspace/airflow_tutorial/py_env/lib/python3.12/site-packages/airflow/example_dags/example_setup_teardown.py took 0.053 seconds
[2024-09-01T00:27:12.877+0530] {processor.py:186} INFO - Started process (PID=1820) to work on /Users/ravipal/Desktop/Workspace/airflow_tutorial/py_env/lib/python3.12/site-packages/airflow/example_dags/example_setup_teardown.py
[2024-09-01T00:27:12.877+0530] {processor.py:914} INFO - Processing file /Users/ravipal/Desktop/Workspace/airflow_tutorial/py_env/lib/python3.12/site-packages/airflow/example_dags/example_setup_teardown.py for tasks to queue
[2024-09-01T00:27:12.878+0530] {logging_mixin.py:190} INFO - [2024-09-01T00:27:12.878+0530] {dagbag.py:587} INFO - Filling up the DagBag from /Users/ravipal/Desktop/Workspace/airflow_tutorial/py_env/lib/python3.12/site-packages/airflow/example_dags/example_setup_teardown.py
[2024-09-01T00:27:12.881+0530] {processor.py:925} INFO - DAG(s) 'example_setup_teardown' retrieved from /Users/ravipal/Desktop/Workspace/airflow_tutorial/py_env/lib/python3.12/site-packages/airflow/example_dags/example_setup_teardown.py
[2024-09-01T00:27:12.917+0530] {logging_mixin.py:190} INFO - [2024-09-01T00:27:12.917+0530] {dag.py:3211} INFO - Sync 1 DAGs
[2024-09-01T00:27:12.924+0530] {logging_mixin.py:190} INFO - [2024-09-01T00:27:12.923+0530] {dag.py:4138} INFO - Setting next_dagrun for example_setup_teardown to 2024-08-30 00:00:00+00:00, run_after=2024-08-31 00:00:00+00:00
[2024-09-01T00:27:12.931+0530] {processor.py:208} INFO - Processing /Users/ravipal/Desktop/Workspace/airflow_tutorial/py_env/lib/python3.12/site-packages/airflow/example_dags/example_setup_teardown.py took 0.056 seconds
[2024-09-01T00:29:25.295+0530] {processor.py:186} INFO - Started process (PID=2003) to work on /Users/ravipal/Desktop/Workspace/airflow_tutorial/py_env/lib/python3.12/site-packages/airflow/example_dags/example_setup_teardown.py
[2024-09-01T00:29:25.295+0530] {processor.py:914} INFO - Processing file /Users/ravipal/Desktop/Workspace/airflow_tutorial/py_env/lib/python3.12/site-packages/airflow/example_dags/example_setup_teardown.py for tasks to queue
[2024-09-01T00:29:25.296+0530] {logging_mixin.py:190} INFO - [2024-09-01T00:29:25.296+0530] {dagbag.py:587} INFO - Filling up the DagBag from /Users/ravipal/Desktop/Workspace/airflow_tutorial/py_env/lib/python3.12/site-packages/airflow/example_dags/example_setup_teardown.py
[2024-09-01T00:29:25.299+0530] {processor.py:925} INFO - DAG(s) 'example_setup_teardown' retrieved from /Users/ravipal/Desktop/Workspace/airflow_tutorial/py_env/lib/python3.12/site-packages/airflow/example_dags/example_setup_teardown.py
[2024-09-01T00:29:25.334+0530] {logging_mixin.py:190} INFO - [2024-09-01T00:29:25.334+0530] {dag.py:3211} INFO - Sync 1 DAGs
[2024-09-01T00:29:25.340+0530] {logging_mixin.py:190} INFO - [2024-09-01T00:29:25.340+0530] {dag.py:4138} INFO - Setting next_dagrun for example_setup_teardown to 2024-08-30 00:00:00+00:00, run_after=2024-08-31 00:00:00+00:00
[2024-09-01T00:29:25.347+0530] {processor.py:208} INFO - Processing /Users/ravipal/Desktop/Workspace/airflow_tutorial/py_env/lib/python3.12/site-packages/airflow/example_dags/example_setup_teardown.py took 0.054 seconds
[2024-09-01T00:31:37.864+0530] {processor.py:186} INFO - Started process (PID=2140) to work on /Users/ravipal/Desktop/Workspace/airflow_tutorial/py_env/lib/python3.12/site-packages/airflow/example_dags/example_setup_teardown.py
[2024-09-01T00:31:37.864+0530] {processor.py:914} INFO - Processing file /Users/ravipal/Desktop/Workspace/airflow_tutorial/py_env/lib/python3.12/site-packages/airflow/example_dags/example_setup_teardown.py for tasks to queue
[2024-09-01T00:31:37.864+0530] {logging_mixin.py:190} INFO - [2024-09-01T00:31:37.864+0530] {dagbag.py:587} INFO - Filling up the DagBag from /Users/ravipal/Desktop/Workspace/airflow_tutorial/py_env/lib/python3.12/site-packages/airflow/example_dags/example_setup_teardown.py
[2024-09-01T00:31:37.868+0530] {processor.py:925} INFO - DAG(s) 'example_setup_teardown' retrieved from /Users/ravipal/Desktop/Workspace/airflow_tutorial/py_env/lib/python3.12/site-packages/airflow/example_dags/example_setup_teardown.py
[2024-09-01T00:31:37.902+0530] {logging_mixin.py:190} INFO - [2024-09-01T00:31:37.901+0530] {dag.py:3211} INFO - Sync 1 DAGs
[2024-09-01T00:31:37.907+0530] {logging_mixin.py:190} INFO - [2024-09-01T00:31:37.907+0530] {dag.py:4138} INFO - Setting next_dagrun for example_setup_teardown to 2024-08-30 00:00:00+00:00, run_after=2024-08-31 00:00:00+00:00
[2024-09-01T00:31:37.914+0530] {processor.py:208} INFO - Processing /Users/ravipal/Desktop/Workspace/airflow_tutorial/py_env/lib/python3.12/site-packages/airflow/example_dags/example_setup_teardown.py took 0.053 seconds
[2024-09-01T00:33:51.990+0530] {processor.py:186} INFO - Started process (PID=2272) to work on /Users/ravipal/Desktop/Workspace/airflow_tutorial/py_env/lib/python3.12/site-packages/airflow/example_dags/example_setup_teardown.py
[2024-09-01T00:33:51.991+0530] {processor.py:914} INFO - Processing file /Users/ravipal/Desktop/Workspace/airflow_tutorial/py_env/lib/python3.12/site-packages/airflow/example_dags/example_setup_teardown.py for tasks to queue
[2024-09-01T00:33:51.991+0530] {logging_mixin.py:190} INFO - [2024-09-01T00:33:51.991+0530] {dagbag.py:587} INFO - Filling up the DagBag from /Users/ravipal/Desktop/Workspace/airflow_tutorial/py_env/lib/python3.12/site-packages/airflow/example_dags/example_setup_teardown.py
[2024-09-01T00:33:51.995+0530] {processor.py:925} INFO - DAG(s) 'example_setup_teardown' retrieved from /Users/ravipal/Desktop/Workspace/airflow_tutorial/py_env/lib/python3.12/site-packages/airflow/example_dags/example_setup_teardown.py
[2024-09-01T00:33:52.029+0530] {logging_mixin.py:190} INFO - [2024-09-01T00:33:52.029+0530] {dag.py:3211} INFO - Sync 1 DAGs
[2024-09-01T00:33:52.035+0530] {logging_mixin.py:190} INFO - [2024-09-01T00:33:52.035+0530] {dag.py:4138} INFO - Setting next_dagrun for example_setup_teardown to 2024-08-30 00:00:00+00:00, run_after=2024-08-31 00:00:00+00:00
[2024-09-01T00:33:52.041+0530] {processor.py:208} INFO - Processing /Users/ravipal/Desktop/Workspace/airflow_tutorial/py_env/lib/python3.12/site-packages/airflow/example_dags/example_setup_teardown.py took 0.053 seconds
[2024-09-01T00:36:08.192+0530] {processor.py:186} INFO - Started process (PID=2408) to work on /Users/ravipal/Desktop/Workspace/airflow_tutorial/py_env/lib/python3.12/site-packages/airflow/example_dags/example_setup_teardown.py
[2024-09-01T00:36:08.193+0530] {processor.py:914} INFO - Processing file /Users/ravipal/Desktop/Workspace/airflow_tutorial/py_env/lib/python3.12/site-packages/airflow/example_dags/example_setup_teardown.py for tasks to queue
[2024-09-01T00:36:08.193+0530] {logging_mixin.py:190} INFO - [2024-09-01T00:36:08.193+0530] {dagbag.py:587} INFO - Filling up the DagBag from /Users/ravipal/Desktop/Workspace/airflow_tutorial/py_env/lib/python3.12/site-packages/airflow/example_dags/example_setup_teardown.py
[2024-09-01T00:36:08.197+0530] {processor.py:925} INFO - DAG(s) 'example_setup_teardown' retrieved from /Users/ravipal/Desktop/Workspace/airflow_tutorial/py_env/lib/python3.12/site-packages/airflow/example_dags/example_setup_teardown.py
[2024-09-01T00:36:08.237+0530] {logging_mixin.py:190} INFO - [2024-09-01T00:36:08.236+0530] {dag.py:3211} INFO - Sync 1 DAGs
[2024-09-01T00:36:08.244+0530] {logging_mixin.py:190} INFO - [2024-09-01T00:36:08.243+0530] {dag.py:4138} INFO - Setting next_dagrun for example_setup_teardown to 2024-08-30 00:00:00+00:00, run_after=2024-08-31 00:00:00+00:00
[2024-09-01T00:36:08.251+0530] {processor.py:208} INFO - Processing /Users/ravipal/Desktop/Workspace/airflow_tutorial/py_env/lib/python3.12/site-packages/airflow/example_dags/example_setup_teardown.py took 0.061 seconds
[2024-09-01T00:38:19.017+0530] {processor.py:186} INFO - Started process (PID=2539) to work on /Users/ravipal/Desktop/Workspace/airflow_tutorial/py_env/lib/python3.12/site-packages/airflow/example_dags/example_setup_teardown.py
[2024-09-01T00:38:19.017+0530] {processor.py:914} INFO - Processing file /Users/ravipal/Desktop/Workspace/airflow_tutorial/py_env/lib/python3.12/site-packages/airflow/example_dags/example_setup_teardown.py for tasks to queue
[2024-09-01T00:38:19.018+0530] {logging_mixin.py:190} INFO - [2024-09-01T00:38:19.018+0530] {dagbag.py:587} INFO - Filling up the DagBag from /Users/ravipal/Desktop/Workspace/airflow_tutorial/py_env/lib/python3.12/site-packages/airflow/example_dags/example_setup_teardown.py
[2024-09-01T00:38:19.021+0530] {processor.py:925} INFO - DAG(s) 'example_setup_teardown' retrieved from /Users/ravipal/Desktop/Workspace/airflow_tutorial/py_env/lib/python3.12/site-packages/airflow/example_dags/example_setup_teardown.py
[2024-09-01T00:38:19.057+0530] {logging_mixin.py:190} INFO - [2024-09-01T00:38:19.056+0530] {dag.py:3211} INFO - Sync 1 DAGs
[2024-09-01T00:38:19.062+0530] {logging_mixin.py:190} INFO - [2024-09-01T00:38:19.062+0530] {dag.py:4138} INFO - Setting next_dagrun for example_setup_teardown to 2024-08-30 00:00:00+00:00, run_after=2024-08-31 00:00:00+00:00
[2024-09-01T00:38:19.069+0530] {processor.py:208} INFO - Processing /Users/ravipal/Desktop/Workspace/airflow_tutorial/py_env/lib/python3.12/site-packages/airflow/example_dags/example_setup_teardown.py took 0.054 seconds
[2024-09-01T00:40:25.063+0530] {processor.py:186} INFO - Started process (PID=2666) to work on /Users/ravipal/Desktop/Workspace/airflow_tutorial/py_env/lib/python3.12/site-packages/airflow/example_dags/example_setup_teardown.py
[2024-09-01T00:40:25.064+0530] {processor.py:914} INFO - Processing file /Users/ravipal/Desktop/Workspace/airflow_tutorial/py_env/lib/python3.12/site-packages/airflow/example_dags/example_setup_teardown.py for tasks to queue
[2024-09-01T00:40:25.064+0530] {logging_mixin.py:190} INFO - [2024-09-01T00:40:25.064+0530] {dagbag.py:587} INFO - Filling up the DagBag from /Users/ravipal/Desktop/Workspace/airflow_tutorial/py_env/lib/python3.12/site-packages/airflow/example_dags/example_setup_teardown.py
[2024-09-01T00:40:25.068+0530] {processor.py:925} INFO - DAG(s) 'example_setup_teardown' retrieved from /Users/ravipal/Desktop/Workspace/airflow_tutorial/py_env/lib/python3.12/site-packages/airflow/example_dags/example_setup_teardown.py
[2024-09-01T00:40:25.105+0530] {logging_mixin.py:190} INFO - [2024-09-01T00:40:25.105+0530] {dag.py:3211} INFO - Sync 1 DAGs
[2024-09-01T00:40:25.111+0530] {logging_mixin.py:190} INFO - [2024-09-01T00:40:25.111+0530] {dag.py:4138} INFO - Setting next_dagrun for example_setup_teardown to 2024-08-30 00:00:00+00:00, run_after=2024-08-31 00:00:00+00:00
[2024-09-01T00:40:25.118+0530] {processor.py:208} INFO - Processing /Users/ravipal/Desktop/Workspace/airflow_tutorial/py_env/lib/python3.12/site-packages/airflow/example_dags/example_setup_teardown.py took 0.057 seconds
[2024-09-01T00:42:38.329+0530] {processor.py:186} INFO - Started process (PID=2798) to work on /Users/ravipal/Desktop/Workspace/airflow_tutorial/py_env/lib/python3.12/site-packages/airflow/example_dags/example_setup_teardown.py
[2024-09-01T00:42:38.330+0530] {processor.py:914} INFO - Processing file /Users/ravipal/Desktop/Workspace/airflow_tutorial/py_env/lib/python3.12/site-packages/airflow/example_dags/example_setup_teardown.py for tasks to queue
[2024-09-01T00:42:38.330+0530] {logging_mixin.py:190} INFO - [2024-09-01T00:42:38.330+0530] {dagbag.py:587} INFO - Filling up the DagBag from /Users/ravipal/Desktop/Workspace/airflow_tutorial/py_env/lib/python3.12/site-packages/airflow/example_dags/example_setup_teardown.py
[2024-09-01T00:42:38.334+0530] {processor.py:925} INFO - DAG(s) 'example_setup_teardown' retrieved from /Users/ravipal/Desktop/Workspace/airflow_tutorial/py_env/lib/python3.12/site-packages/airflow/example_dags/example_setup_teardown.py
[2024-09-01T00:42:38.369+0530] {logging_mixin.py:190} INFO - [2024-09-01T00:42:38.369+0530] {dag.py:3211} INFO - Sync 1 DAGs
[2024-09-01T00:42:38.375+0530] {logging_mixin.py:190} INFO - [2024-09-01T00:42:38.375+0530] {dag.py:4138} INFO - Setting next_dagrun for example_setup_teardown to 2024-08-30 00:00:00+00:00, run_after=2024-08-31 00:00:00+00:00
[2024-09-01T00:42:38.381+0530] {processor.py:208} INFO - Processing /Users/ravipal/Desktop/Workspace/airflow_tutorial/py_env/lib/python3.12/site-packages/airflow/example_dags/example_setup_teardown.py took 0.054 seconds
[2024-09-01T00:44:53.970+0530] {processor.py:186} INFO - Started process (PID=2932) to work on /Users/ravipal/Desktop/Workspace/airflow_tutorial/py_env/lib/python3.12/site-packages/airflow/example_dags/example_setup_teardown.py
[2024-09-01T00:44:53.970+0530] {processor.py:914} INFO - Processing file /Users/ravipal/Desktop/Workspace/airflow_tutorial/py_env/lib/python3.12/site-packages/airflow/example_dags/example_setup_teardown.py for tasks to queue
[2024-09-01T00:44:53.970+0530] {logging_mixin.py:190} INFO - [2024-09-01T00:44:53.970+0530] {dagbag.py:587} INFO - Filling up the DagBag from /Users/ravipal/Desktop/Workspace/airflow_tutorial/py_env/lib/python3.12/site-packages/airflow/example_dags/example_setup_teardown.py
[2024-09-01T00:44:53.974+0530] {processor.py:925} INFO - DAG(s) 'example_setup_teardown' retrieved from /Users/ravipal/Desktop/Workspace/airflow_tutorial/py_env/lib/python3.12/site-packages/airflow/example_dags/example_setup_teardown.py
[2024-09-01T00:44:54.011+0530] {logging_mixin.py:190} INFO - [2024-09-01T00:44:54.010+0530] {dag.py:3211} INFO - Sync 1 DAGs
[2024-09-01T00:44:54.016+0530] {logging_mixin.py:190} INFO - [2024-09-01T00:44:54.016+0530] {dag.py:4138} INFO - Setting next_dagrun for example_setup_teardown to 2024-08-30 00:00:00+00:00, run_after=2024-08-31 00:00:00+00:00
[2024-09-01T00:44:54.023+0530] {processor.py:208} INFO - Processing /Users/ravipal/Desktop/Workspace/airflow_tutorial/py_env/lib/python3.12/site-packages/airflow/example_dags/example_setup_teardown.py took 0.055 seconds
[2024-09-01T00:47:09.303+0530] {processor.py:186} INFO - Started process (PID=3065) to work on /Users/ravipal/Desktop/Workspace/airflow_tutorial/py_env/lib/python3.12/site-packages/airflow/example_dags/example_setup_teardown.py
[2024-09-01T00:47:09.303+0530] {processor.py:914} INFO - Processing file /Users/ravipal/Desktop/Workspace/airflow_tutorial/py_env/lib/python3.12/site-packages/airflow/example_dags/example_setup_teardown.py for tasks to queue
[2024-09-01T00:47:09.303+0530] {logging_mixin.py:190} INFO - [2024-09-01T00:47:09.303+0530] {dagbag.py:587} INFO - Filling up the DagBag from /Users/ravipal/Desktop/Workspace/airflow_tutorial/py_env/lib/python3.12/site-packages/airflow/example_dags/example_setup_teardown.py
[2024-09-01T00:47:09.307+0530] {processor.py:925} INFO - DAG(s) 'example_setup_teardown' retrieved from /Users/ravipal/Desktop/Workspace/airflow_tutorial/py_env/lib/python3.12/site-packages/airflow/example_dags/example_setup_teardown.py
[2024-09-01T00:47:09.343+0530] {logging_mixin.py:190} INFO - [2024-09-01T00:47:09.343+0530] {dag.py:3211} INFO - Sync 1 DAGs
[2024-09-01T00:47:09.349+0530] {logging_mixin.py:190} INFO - [2024-09-01T00:47:09.349+0530] {dag.py:4138} INFO - Setting next_dagrun for example_setup_teardown to 2024-08-30 00:00:00+00:00, run_after=2024-08-31 00:00:00+00:00
[2024-09-01T00:47:09.355+0530] {processor.py:208} INFO - Processing /Users/ravipal/Desktop/Workspace/airflow_tutorial/py_env/lib/python3.12/site-packages/airflow/example_dags/example_setup_teardown.py took 0.054 seconds
[2024-09-01T00:49:12.802+0530] {processor.py:186} INFO - Started process (PID=3194) to work on /Users/ravipal/Desktop/Workspace/airflow_tutorial/py_env/lib/python3.12/site-packages/airflow/example_dags/example_setup_teardown.py
[2024-09-01T00:49:12.803+0530] {processor.py:914} INFO - Processing file /Users/ravipal/Desktop/Workspace/airflow_tutorial/py_env/lib/python3.12/site-packages/airflow/example_dags/example_setup_teardown.py for tasks to queue
[2024-09-01T00:49:12.803+0530] {logging_mixin.py:190} INFO - [2024-09-01T00:49:12.803+0530] {dagbag.py:587} INFO - Filling up the DagBag from /Users/ravipal/Desktop/Workspace/airflow_tutorial/py_env/lib/python3.12/site-packages/airflow/example_dags/example_setup_teardown.py
[2024-09-01T00:49:12.806+0530] {processor.py:925} INFO - DAG(s) 'example_setup_teardown' retrieved from /Users/ravipal/Desktop/Workspace/airflow_tutorial/py_env/lib/python3.12/site-packages/airflow/example_dags/example_setup_teardown.py
[2024-09-01T00:49:12.842+0530] {logging_mixin.py:190} INFO - [2024-09-01T00:49:12.842+0530] {dag.py:3211} INFO - Sync 1 DAGs
[2024-09-01T00:49:12.848+0530] {logging_mixin.py:190} INFO - [2024-09-01T00:49:12.848+0530] {dag.py:4138} INFO - Setting next_dagrun for example_setup_teardown to 2024-08-30 00:00:00+00:00, run_after=2024-08-31 00:00:00+00:00
[2024-09-01T00:49:12.855+0530] {processor.py:208} INFO - Processing /Users/ravipal/Desktop/Workspace/airflow_tutorial/py_env/lib/python3.12/site-packages/airflow/example_dags/example_setup_teardown.py took 0.054 seconds
[2024-09-01T00:51:29.944+0530] {processor.py:186} INFO - Started process (PID=3353) to work on /Users/ravipal/Desktop/Workspace/airflow_tutorial/py_env/lib/python3.12/site-packages/airflow/example_dags/example_setup_teardown.py
[2024-09-01T00:51:29.946+0530] {processor.py:914} INFO - Processing file /Users/ravipal/Desktop/Workspace/airflow_tutorial/py_env/lib/python3.12/site-packages/airflow/example_dags/example_setup_teardown.py for tasks to queue
[2024-09-01T00:51:29.946+0530] {logging_mixin.py:190} INFO - [2024-09-01T00:51:29.946+0530] {dagbag.py:587} INFO - Filling up the DagBag from /Users/ravipal/Desktop/Workspace/airflow_tutorial/py_env/lib/python3.12/site-packages/airflow/example_dags/example_setup_teardown.py
[2024-09-01T00:51:29.950+0530] {processor.py:925} INFO - DAG(s) 'example_setup_teardown' retrieved from /Users/ravipal/Desktop/Workspace/airflow_tutorial/py_env/lib/python3.12/site-packages/airflow/example_dags/example_setup_teardown.py
[2024-09-01T00:51:29.985+0530] {logging_mixin.py:190} INFO - [2024-09-01T00:51:29.985+0530] {dag.py:3211} INFO - Sync 1 DAGs
[2024-09-01T00:51:29.991+0530] {logging_mixin.py:190} INFO - [2024-09-01T00:51:29.991+0530] {dag.py:4138} INFO - Setting next_dagrun for example_setup_teardown to 2024-08-30 00:00:00+00:00, run_after=2024-08-31 00:00:00+00:00
[2024-09-01T00:51:29.997+0530] {processor.py:208} INFO - Processing /Users/ravipal/Desktop/Workspace/airflow_tutorial/py_env/lib/python3.12/site-packages/airflow/example_dags/example_setup_teardown.py took 0.054 seconds
[2024-09-01T00:53:40.950+0530] {processor.py:186} INFO - Started process (PID=3484) to work on /Users/ravipal/Desktop/Workspace/airflow_tutorial/py_env/lib/python3.12/site-packages/airflow/example_dags/example_setup_teardown.py
[2024-09-01T00:53:40.951+0530] {processor.py:914} INFO - Processing file /Users/ravipal/Desktop/Workspace/airflow_tutorial/py_env/lib/python3.12/site-packages/airflow/example_dags/example_setup_teardown.py for tasks to queue
[2024-09-01T00:53:40.951+0530] {logging_mixin.py:190} INFO - [2024-09-01T00:53:40.951+0530] {dagbag.py:587} INFO - Filling up the DagBag from /Users/ravipal/Desktop/Workspace/airflow_tutorial/py_env/lib/python3.12/site-packages/airflow/example_dags/example_setup_teardown.py
[2024-09-01T00:53:40.954+0530] {processor.py:925} INFO - DAG(s) 'example_setup_teardown' retrieved from /Users/ravipal/Desktop/Workspace/airflow_tutorial/py_env/lib/python3.12/site-packages/airflow/example_dags/example_setup_teardown.py
[2024-09-01T00:53:40.990+0530] {logging_mixin.py:190} INFO - [2024-09-01T00:53:40.990+0530] {dag.py:3211} INFO - Sync 1 DAGs
[2024-09-01T00:53:40.996+0530] {logging_mixin.py:190} INFO - [2024-09-01T00:53:40.996+0530] {dag.py:4138} INFO - Setting next_dagrun for example_setup_teardown to 2024-08-30 00:00:00+00:00, run_after=2024-08-31 00:00:00+00:00
[2024-09-01T00:53:41.002+0530] {processor.py:208} INFO - Processing /Users/ravipal/Desktop/Workspace/airflow_tutorial/py_env/lib/python3.12/site-packages/airflow/example_dags/example_setup_teardown.py took 0.054 seconds
[2024-09-01T00:55:51.451+0530] {processor.py:186} INFO - Started process (PID=3615) to work on /Users/ravipal/Desktop/Workspace/airflow_tutorial/py_env/lib/python3.12/site-packages/airflow/example_dags/example_setup_teardown.py
[2024-09-01T00:55:51.452+0530] {processor.py:914} INFO - Processing file /Users/ravipal/Desktop/Workspace/airflow_tutorial/py_env/lib/python3.12/site-packages/airflow/example_dags/example_setup_teardown.py for tasks to queue
[2024-09-01T00:55:51.452+0530] {logging_mixin.py:190} INFO - [2024-09-01T00:55:51.452+0530] {dagbag.py:587} INFO - Filling up the DagBag from /Users/ravipal/Desktop/Workspace/airflow_tutorial/py_env/lib/python3.12/site-packages/airflow/example_dags/example_setup_teardown.py
[2024-09-01T00:55:51.456+0530] {processor.py:925} INFO - DAG(s) 'example_setup_teardown' retrieved from /Users/ravipal/Desktop/Workspace/airflow_tutorial/py_env/lib/python3.12/site-packages/airflow/example_dags/example_setup_teardown.py
[2024-09-01T00:55:51.491+0530] {logging_mixin.py:190} INFO - [2024-09-01T00:55:51.491+0530] {dag.py:3211} INFO - Sync 1 DAGs
[2024-09-01T00:55:51.497+0530] {logging_mixin.py:190} INFO - [2024-09-01T00:55:51.497+0530] {dag.py:4138} INFO - Setting next_dagrun for example_setup_teardown to 2024-08-30 00:00:00+00:00, run_after=2024-08-31 00:00:00+00:00
[2024-09-01T00:55:51.503+0530] {processor.py:208} INFO - Processing /Users/ravipal/Desktop/Workspace/airflow_tutorial/py_env/lib/python3.12/site-packages/airflow/example_dags/example_setup_teardown.py took 0.054 seconds
[2024-09-01T00:58:04.562+0530] {processor.py:186} INFO - Started process (PID=3748) to work on /Users/ravipal/Desktop/Workspace/airflow_tutorial/py_env/lib/python3.12/site-packages/airflow/example_dags/example_setup_teardown.py
[2024-09-01T00:58:04.563+0530] {processor.py:914} INFO - Processing file /Users/ravipal/Desktop/Workspace/airflow_tutorial/py_env/lib/python3.12/site-packages/airflow/example_dags/example_setup_teardown.py for tasks to queue
[2024-09-01T00:58:04.563+0530] {logging_mixin.py:190} INFO - [2024-09-01T00:58:04.563+0530] {dagbag.py:587} INFO - Filling up the DagBag from /Users/ravipal/Desktop/Workspace/airflow_tutorial/py_env/lib/python3.12/site-packages/airflow/example_dags/example_setup_teardown.py
[2024-09-01T00:58:04.567+0530] {processor.py:925} INFO - DAG(s) 'example_setup_teardown' retrieved from /Users/ravipal/Desktop/Workspace/airflow_tutorial/py_env/lib/python3.12/site-packages/airflow/example_dags/example_setup_teardown.py
[2024-09-01T00:58:04.602+0530] {logging_mixin.py:190} INFO - [2024-09-01T00:58:04.602+0530] {dag.py:3211} INFO - Sync 1 DAGs
[2024-09-01T00:58:04.608+0530] {logging_mixin.py:190} INFO - [2024-09-01T00:58:04.608+0530] {dag.py:4138} INFO - Setting next_dagrun for example_setup_teardown to 2024-08-30 00:00:00+00:00, run_after=2024-08-31 00:00:00+00:00
[2024-09-01T00:58:04.615+0530] {processor.py:208} INFO - Processing /Users/ravipal/Desktop/Workspace/airflow_tutorial/py_env/lib/python3.12/site-packages/airflow/example_dags/example_setup_teardown.py took 0.054 seconds
[2024-09-01T01:00:13.619+0530] {processor.py:186} INFO - Started process (PID=3878) to work on /Users/ravipal/Desktop/Workspace/airflow_tutorial/py_env/lib/python3.12/site-packages/airflow/example_dags/example_setup_teardown.py
[2024-09-01T01:00:13.620+0530] {processor.py:914} INFO - Processing file /Users/ravipal/Desktop/Workspace/airflow_tutorial/py_env/lib/python3.12/site-packages/airflow/example_dags/example_setup_teardown.py for tasks to queue
[2024-09-01T01:00:13.620+0530] {logging_mixin.py:190} INFO - [2024-09-01T01:00:13.620+0530] {dagbag.py:587} INFO - Filling up the DagBag from /Users/ravipal/Desktop/Workspace/airflow_tutorial/py_env/lib/python3.12/site-packages/airflow/example_dags/example_setup_teardown.py
[2024-09-01T01:00:13.624+0530] {processor.py:925} INFO - DAG(s) 'example_setup_teardown' retrieved from /Users/ravipal/Desktop/Workspace/airflow_tutorial/py_env/lib/python3.12/site-packages/airflow/example_dags/example_setup_teardown.py
[2024-09-01T01:00:13.659+0530] {logging_mixin.py:190} INFO - [2024-09-01T01:00:13.659+0530] {dag.py:3211} INFO - Sync 1 DAGs
[2024-09-01T01:00:13.665+0530] {logging_mixin.py:190} INFO - [2024-09-01T01:00:13.665+0530] {dag.py:4138} INFO - Setting next_dagrun for example_setup_teardown to 2024-08-30 00:00:00+00:00, run_after=2024-08-31 00:00:00+00:00
[2024-09-01T01:00:13.672+0530] {processor.py:208} INFO - Processing /Users/ravipal/Desktop/Workspace/airflow_tutorial/py_env/lib/python3.12/site-packages/airflow/example_dags/example_setup_teardown.py took 0.054 seconds
[2024-09-01T01:02:21.984+0530] {processor.py:186} INFO - Started process (PID=4005) to work on /Users/ravipal/Desktop/Workspace/airflow_tutorial/py_env/lib/python3.12/site-packages/airflow/example_dags/example_setup_teardown.py
[2024-09-01T01:02:21.985+0530] {processor.py:914} INFO - Processing file /Users/ravipal/Desktop/Workspace/airflow_tutorial/py_env/lib/python3.12/site-packages/airflow/example_dags/example_setup_teardown.py for tasks to queue
[2024-09-01T01:02:21.985+0530] {logging_mixin.py:190} INFO - [2024-09-01T01:02:21.985+0530] {dagbag.py:587} INFO - Filling up the DagBag from /Users/ravipal/Desktop/Workspace/airflow_tutorial/py_env/lib/python3.12/site-packages/airflow/example_dags/example_setup_teardown.py
[2024-09-01T01:02:21.989+0530] {processor.py:925} INFO - DAG(s) 'example_setup_teardown' retrieved from /Users/ravipal/Desktop/Workspace/airflow_tutorial/py_env/lib/python3.12/site-packages/airflow/example_dags/example_setup_teardown.py
[2024-09-01T01:02:22.024+0530] {logging_mixin.py:190} INFO - [2024-09-01T01:02:22.024+0530] {dag.py:3211} INFO - Sync 1 DAGs
[2024-09-01T01:02:22.030+0530] {logging_mixin.py:190} INFO - [2024-09-01T01:02:22.029+0530] {dag.py:4138} INFO - Setting next_dagrun for example_setup_teardown to 2024-08-30 00:00:00+00:00, run_after=2024-08-31 00:00:00+00:00
[2024-09-01T01:02:22.036+0530] {processor.py:208} INFO - Processing /Users/ravipal/Desktop/Workspace/airflow_tutorial/py_env/lib/python3.12/site-packages/airflow/example_dags/example_setup_teardown.py took 0.054 seconds
[2024-09-01T01:04:29.577+0530] {processor.py:186} INFO - Started process (PID=4143) to work on /Users/ravipal/Desktop/Workspace/airflow_tutorial/py_env/lib/python3.12/site-packages/airflow/example_dags/example_setup_teardown.py
[2024-09-01T01:04:29.578+0530] {processor.py:914} INFO - Processing file /Users/ravipal/Desktop/Workspace/airflow_tutorial/py_env/lib/python3.12/site-packages/airflow/example_dags/example_setup_teardown.py for tasks to queue
[2024-09-01T01:04:29.578+0530] {logging_mixin.py:190} INFO - [2024-09-01T01:04:29.578+0530] {dagbag.py:587} INFO - Filling up the DagBag from /Users/ravipal/Desktop/Workspace/airflow_tutorial/py_env/lib/python3.12/site-packages/airflow/example_dags/example_setup_teardown.py
[2024-09-01T01:04:29.582+0530] {processor.py:925} INFO - DAG(s) 'example_setup_teardown' retrieved from /Users/ravipal/Desktop/Workspace/airflow_tutorial/py_env/lib/python3.12/site-packages/airflow/example_dags/example_setup_teardown.py
[2024-09-01T01:04:29.617+0530] {logging_mixin.py:190} INFO - [2024-09-01T01:04:29.617+0530] {dag.py:3211} INFO - Sync 1 DAGs
[2024-09-01T01:04:29.623+0530] {logging_mixin.py:190} INFO - [2024-09-01T01:04:29.623+0530] {dag.py:4138} INFO - Setting next_dagrun for example_setup_teardown to 2024-08-30 00:00:00+00:00, run_after=2024-08-31 00:00:00+00:00
[2024-09-01T01:04:29.630+0530] {processor.py:208} INFO - Processing /Users/ravipal/Desktop/Workspace/airflow_tutorial/py_env/lib/python3.12/site-packages/airflow/example_dags/example_setup_teardown.py took 0.055 seconds
[2024-09-01T01:06:37.170+0530] {processor.py:186} INFO - Started process (PID=4299) to work on /Users/ravipal/Desktop/Workspace/airflow_tutorial/py_env/lib/python3.12/site-packages/airflow/example_dags/example_setup_teardown.py
[2024-09-01T01:06:37.172+0530] {processor.py:914} INFO - Processing file /Users/ravipal/Desktop/Workspace/airflow_tutorial/py_env/lib/python3.12/site-packages/airflow/example_dags/example_setup_teardown.py for tasks to queue
[2024-09-01T01:06:37.172+0530] {logging_mixin.py:190} INFO - [2024-09-01T01:06:37.172+0530] {dagbag.py:587} INFO - Filling up the DagBag from /Users/ravipal/Desktop/Workspace/airflow_tutorial/py_env/lib/python3.12/site-packages/airflow/example_dags/example_setup_teardown.py
[2024-09-01T01:06:37.176+0530] {processor.py:925} INFO - DAG(s) 'example_setup_teardown' retrieved from /Users/ravipal/Desktop/Workspace/airflow_tutorial/py_env/lib/python3.12/site-packages/airflow/example_dags/example_setup_teardown.py
[2024-09-01T01:06:37.211+0530] {logging_mixin.py:190} INFO - [2024-09-01T01:06:37.210+0530] {dag.py:3211} INFO - Sync 1 DAGs
[2024-09-01T01:06:37.217+0530] {logging_mixin.py:190} INFO - [2024-09-01T01:06:37.216+0530] {dag.py:4138} INFO - Setting next_dagrun for example_setup_teardown to 2024-08-30 00:00:00+00:00, run_after=2024-08-31 00:00:00+00:00
[2024-09-01T01:06:37.223+0530] {processor.py:208} INFO - Processing /Users/ravipal/Desktop/Workspace/airflow_tutorial/py_env/lib/python3.12/site-packages/airflow/example_dags/example_setup_teardown.py took 0.055 seconds
[2024-09-01T01:08:49.598+0530] {processor.py:186} INFO - Started process (PID=4432) to work on /Users/ravipal/Desktop/Workspace/airflow_tutorial/py_env/lib/python3.12/site-packages/airflow/example_dags/example_setup_teardown.py
[2024-09-01T01:08:49.599+0530] {processor.py:914} INFO - Processing file /Users/ravipal/Desktop/Workspace/airflow_tutorial/py_env/lib/python3.12/site-packages/airflow/example_dags/example_setup_teardown.py for tasks to queue
[2024-09-01T01:08:49.599+0530] {logging_mixin.py:190} INFO - [2024-09-01T01:08:49.599+0530] {dagbag.py:587} INFO - Filling up the DagBag from /Users/ravipal/Desktop/Workspace/airflow_tutorial/py_env/lib/python3.12/site-packages/airflow/example_dags/example_setup_teardown.py
[2024-09-01T01:08:49.603+0530] {processor.py:925} INFO - DAG(s) 'example_setup_teardown' retrieved from /Users/ravipal/Desktop/Workspace/airflow_tutorial/py_env/lib/python3.12/site-packages/airflow/example_dags/example_setup_teardown.py
[2024-09-01T01:08:49.639+0530] {logging_mixin.py:190} INFO - [2024-09-01T01:08:49.638+0530] {dag.py:3211} INFO - Sync 1 DAGs
[2024-09-01T01:08:49.644+0530] {logging_mixin.py:190} INFO - [2024-09-01T01:08:49.644+0530] {dag.py:4138} INFO - Setting next_dagrun for example_setup_teardown to 2024-08-30 00:00:00+00:00, run_after=2024-08-31 00:00:00+00:00
[2024-09-01T01:08:49.651+0530] {processor.py:208} INFO - Processing /Users/ravipal/Desktop/Workspace/airflow_tutorial/py_env/lib/python3.12/site-packages/airflow/example_dags/example_setup_teardown.py took 0.055 seconds
[2024-09-01T01:10:53.166+0530] {processor.py:186} INFO - Started process (PID=4558) to work on /Users/ravipal/Desktop/Workspace/airflow_tutorial/py_env/lib/python3.12/site-packages/airflow/example_dags/example_setup_teardown.py
[2024-09-01T01:10:53.166+0530] {processor.py:914} INFO - Processing file /Users/ravipal/Desktop/Workspace/airflow_tutorial/py_env/lib/python3.12/site-packages/airflow/example_dags/example_setup_teardown.py for tasks to queue
[2024-09-01T01:10:53.167+0530] {logging_mixin.py:190} INFO - [2024-09-01T01:10:53.167+0530] {dagbag.py:587} INFO - Filling up the DagBag from /Users/ravipal/Desktop/Workspace/airflow_tutorial/py_env/lib/python3.12/site-packages/airflow/example_dags/example_setup_teardown.py
[2024-09-01T01:10:53.170+0530] {processor.py:925} INFO - DAG(s) 'example_setup_teardown' retrieved from /Users/ravipal/Desktop/Workspace/airflow_tutorial/py_env/lib/python3.12/site-packages/airflow/example_dags/example_setup_teardown.py
[2024-09-01T01:10:53.207+0530] {logging_mixin.py:190} INFO - [2024-09-01T01:10:53.206+0530] {dag.py:3211} INFO - Sync 1 DAGs
[2024-09-01T01:10:53.212+0530] {logging_mixin.py:190} INFO - [2024-09-01T01:10:53.212+0530] {dag.py:4138} INFO - Setting next_dagrun for example_setup_teardown to 2024-08-30 00:00:00+00:00, run_after=2024-08-31 00:00:00+00:00
[2024-09-01T01:10:53.219+0530] {processor.py:208} INFO - Processing /Users/ravipal/Desktop/Workspace/airflow_tutorial/py_env/lib/python3.12/site-packages/airflow/example_dags/example_setup_teardown.py took 0.055 seconds
[2024-09-01T01:12:57.975+0530] {processor.py:186} INFO - Started process (PID=4683) to work on /Users/ravipal/Desktop/Workspace/airflow_tutorial/py_env/lib/python3.12/site-packages/airflow/example_dags/example_setup_teardown.py
[2024-09-01T01:12:57.975+0530] {processor.py:914} INFO - Processing file /Users/ravipal/Desktop/Workspace/airflow_tutorial/py_env/lib/python3.12/site-packages/airflow/example_dags/example_setup_teardown.py for tasks to queue
[2024-09-01T01:12:57.976+0530] {logging_mixin.py:190} INFO - [2024-09-01T01:12:57.976+0530] {dagbag.py:587} INFO - Filling up the DagBag from /Users/ravipal/Desktop/Workspace/airflow_tutorial/py_env/lib/python3.12/site-packages/airflow/example_dags/example_setup_teardown.py
[2024-09-01T01:12:57.979+0530] {processor.py:925} INFO - DAG(s) 'example_setup_teardown' retrieved from /Users/ravipal/Desktop/Workspace/airflow_tutorial/py_env/lib/python3.12/site-packages/airflow/example_dags/example_setup_teardown.py
[2024-09-01T01:12:58.015+0530] {logging_mixin.py:190} INFO - [2024-09-01T01:12:58.015+0530] {dag.py:3211} INFO - Sync 1 DAGs
[2024-09-01T01:12:58.021+0530] {logging_mixin.py:190} INFO - [2024-09-01T01:12:58.021+0530] {dag.py:4138} INFO - Setting next_dagrun for example_setup_teardown to 2024-08-30 00:00:00+00:00, run_after=2024-08-31 00:00:00+00:00
[2024-09-01T01:12:58.027+0530] {processor.py:208} INFO - Processing /Users/ravipal/Desktop/Workspace/airflow_tutorial/py_env/lib/python3.12/site-packages/airflow/example_dags/example_setup_teardown.py took 0.054 seconds
[2024-09-01T01:15:11.361+0530] {processor.py:186} INFO - Started process (PID=4816) to work on /Users/ravipal/Desktop/Workspace/airflow_tutorial/py_env/lib/python3.12/site-packages/airflow/example_dags/example_setup_teardown.py
[2024-09-01T01:15:11.362+0530] {processor.py:914} INFO - Processing file /Users/ravipal/Desktop/Workspace/airflow_tutorial/py_env/lib/python3.12/site-packages/airflow/example_dags/example_setup_teardown.py for tasks to queue
[2024-09-01T01:15:11.362+0530] {logging_mixin.py:190} INFO - [2024-09-01T01:15:11.362+0530] {dagbag.py:587} INFO - Filling up the DagBag from /Users/ravipal/Desktop/Workspace/airflow_tutorial/py_env/lib/python3.12/site-packages/airflow/example_dags/example_setup_teardown.py
[2024-09-01T01:15:11.366+0530] {processor.py:925} INFO - DAG(s) 'example_setup_teardown' retrieved from /Users/ravipal/Desktop/Workspace/airflow_tutorial/py_env/lib/python3.12/site-packages/airflow/example_dags/example_setup_teardown.py
[2024-09-01T01:15:11.401+0530] {logging_mixin.py:190} INFO - [2024-09-01T01:15:11.401+0530] {dag.py:3211} INFO - Sync 1 DAGs
[2024-09-01T01:15:11.407+0530] {logging_mixin.py:190} INFO - [2024-09-01T01:15:11.407+0530] {dag.py:4138} INFO - Setting next_dagrun for example_setup_teardown to 2024-08-30 00:00:00+00:00, run_after=2024-08-31 00:00:00+00:00
[2024-09-01T01:15:11.413+0530] {processor.py:208} INFO - Processing /Users/ravipal/Desktop/Workspace/airflow_tutorial/py_env/lib/python3.12/site-packages/airflow/example_dags/example_setup_teardown.py took 0.054 seconds
[2024-09-01T01:17:21.811+0530] {processor.py:186} INFO - Started process (PID=4947) to work on /Users/ravipal/Desktop/Workspace/airflow_tutorial/py_env/lib/python3.12/site-packages/airflow/example_dags/example_setup_teardown.py
[2024-09-01T01:17:21.811+0530] {processor.py:914} INFO - Processing file /Users/ravipal/Desktop/Workspace/airflow_tutorial/py_env/lib/python3.12/site-packages/airflow/example_dags/example_setup_teardown.py for tasks to queue
[2024-09-01T01:17:21.811+0530] {logging_mixin.py:190} INFO - [2024-09-01T01:17:21.811+0530] {dagbag.py:587} INFO - Filling up the DagBag from /Users/ravipal/Desktop/Workspace/airflow_tutorial/py_env/lib/python3.12/site-packages/airflow/example_dags/example_setup_teardown.py
[2024-09-01T01:17:21.815+0530] {processor.py:925} INFO - DAG(s) 'example_setup_teardown' retrieved from /Users/ravipal/Desktop/Workspace/airflow_tutorial/py_env/lib/python3.12/site-packages/airflow/example_dags/example_setup_teardown.py
[2024-09-01T01:17:21.851+0530] {logging_mixin.py:190} INFO - [2024-09-01T01:17:21.851+0530] {dag.py:3211} INFO - Sync 1 DAGs
[2024-09-01T01:17:21.857+0530] {logging_mixin.py:190} INFO - [2024-09-01T01:17:21.857+0530] {dag.py:4138} INFO - Setting next_dagrun for example_setup_teardown to 2024-08-30 00:00:00+00:00, run_after=2024-08-31 00:00:00+00:00
[2024-09-01T01:17:21.863+0530] {processor.py:208} INFO - Processing /Users/ravipal/Desktop/Workspace/airflow_tutorial/py_env/lib/python3.12/site-packages/airflow/example_dags/example_setup_teardown.py took 0.055 seconds
