[2024-09-01T00:23:26.834+0530] {processor.py:186} INFO - Started process (PID=1450) to work on /Users/ravipal/Desktop/Workspace/airflow_tutorial/py_env/lib/python3.12/site-packages/airflow/example_dags/example_python_decorator.py
[2024-09-01T00:23:26.834+0530] {processor.py:914} INFO - Processing file /Users/ravipal/Desktop/Workspace/airflow_tutorial/py_env/lib/python3.12/site-packages/airflow/example_dags/example_python_decorator.py for tasks to queue
[2024-09-01T00:23:26.835+0530] {logging_mixin.py:190} INFO - [2024-09-01T00:23:26.835+0530] {dagbag.py:587} INFO - Filling up the DagBag from /Users/ravipal/Desktop/Workspace/airflow_tutorial/py_env/lib/python3.12/site-packages/airflow/example_dags/example_python_decorator.py
[2024-09-01T00:23:26.850+0530] {logging_mixin.py:190} INFO - [2024-09-01T00:23:26.850+0530] {example_python_decorator.py:80} WARNING - The virtalenv_python example task requires virtualenv, please install it.
[2024-09-01T00:23:26.851+0530] {processor.py:925} INFO - DAG(s) 'example_python_decorator' retrieved from /Users/ravipal/Desktop/Workspace/airflow_tutorial/py_env/lib/python3.12/site-packages/airflow/example_dags/example_python_decorator.py
[2024-09-01T00:23:26.923+0530] {logging_mixin.py:190} INFO - [2024-09-01T00:23:26.923+0530] {override.py:1858} INFO - Created Permission View: can delete on DAG:example_python_decorator
[2024-09-01T00:23:26.957+0530] {logging_mixin.py:190} INFO - [2024-09-01T00:23:26.957+0530] {override.py:1858} INFO - Created Permission View: can read on DAG:example_python_decorator
[2024-09-01T00:23:26.959+0530] {logging_mixin.py:190} INFO - [2024-09-01T00:23:26.959+0530] {override.py:1858} INFO - Created Permission View: can edit on DAG:example_python_decorator
[2024-09-01T00:23:26.959+0530] {logging_mixin.py:190} INFO - [2024-09-01T00:23:26.959+0530] {dag.py:3211} INFO - Sync 1 DAGs
[2024-09-01T00:23:26.963+0530] {logging_mixin.py:190} INFO - [2024-09-01T00:23:26.963+0530] {dag.py:3234} INFO - Creating ORM DAG for example_python_decorator
[2024-09-01T00:23:26.963+0530] {logging_mixin.py:190} INFO - [2024-09-01T00:23:26.963+0530] {dag.py:4138} INFO - Setting next_dagrun for example_python_decorator to None, run_after=None
[2024-09-01T00:23:26.970+0530] {processor.py:208} INFO - Processing /Users/ravipal/Desktop/Workspace/airflow_tutorial/py_env/lib/python3.12/site-packages/airflow/example_dags/example_python_decorator.py took 0.138 seconds
[2024-09-01T00:25:04.851+0530] {processor.py:186} INFO - Started process (PID=1551) to work on /Users/ravipal/Desktop/Workspace/airflow_tutorial/py_env/lib/python3.12/site-packages/airflow/example_dags/example_python_decorator.py
[2024-09-01T00:25:04.852+0530] {processor.py:914} INFO - Processing file /Users/ravipal/Desktop/Workspace/airflow_tutorial/py_env/lib/python3.12/site-packages/airflow/example_dags/example_python_decorator.py for tasks to queue
[2024-09-01T00:25:04.852+0530] {logging_mixin.py:190} INFO - [2024-09-01T00:25:04.852+0530] {dagbag.py:587} INFO - Filling up the DagBag from /Users/ravipal/Desktop/Workspace/airflow_tutorial/py_env/lib/python3.12/site-packages/airflow/example_dags/example_python_decorator.py
[2024-09-01T00:25:04.868+0530] {logging_mixin.py:190} INFO - [2024-09-01T00:25:04.868+0530] {example_python_decorator.py:80} WARNING - The virtalenv_python example task requires virtualenv, please install it.
[2024-09-01T00:25:04.869+0530] {processor.py:925} INFO - DAG(s) 'example_python_decorator' retrieved from /Users/ravipal/Desktop/Workspace/airflow_tutorial/py_env/lib/python3.12/site-packages/airflow/example_dags/example_python_decorator.py
[2024-09-01T00:25:04.904+0530] {logging_mixin.py:190} INFO - [2024-09-01T00:25:04.904+0530] {dag.py:3211} INFO - Sync 1 DAGs
[2024-09-01T00:25:04.908+0530] {logging_mixin.py:190} INFO - [2024-09-01T00:25:04.908+0530] {dag.py:4138} INFO - Setting next_dagrun for example_python_decorator to None, run_after=None
[2024-09-01T00:25:04.915+0530] {processor.py:208} INFO - Processing /Users/ravipal/Desktop/Workspace/airflow_tutorial/py_env/lib/python3.12/site-packages/airflow/example_dags/example_python_decorator.py took 0.067 seconds
[2024-09-01T00:27:19.805+0530] {processor.py:186} INFO - Started process (PID=1841) to work on /Users/ravipal/Desktop/Workspace/airflow_tutorial/py_env/lib/python3.12/site-packages/airflow/example_dags/example_python_decorator.py
[2024-09-01T00:27:19.806+0530] {processor.py:914} INFO - Processing file /Users/ravipal/Desktop/Workspace/airflow_tutorial/py_env/lib/python3.12/site-packages/airflow/example_dags/example_python_decorator.py for tasks to queue
[2024-09-01T00:27:19.806+0530] {logging_mixin.py:190} INFO - [2024-09-01T00:27:19.806+0530] {dagbag.py:587} INFO - Filling up the DagBag from /Users/ravipal/Desktop/Workspace/airflow_tutorial/py_env/lib/python3.12/site-packages/airflow/example_dags/example_python_decorator.py
[2024-09-01T00:27:19.822+0530] {logging_mixin.py:190} INFO - [2024-09-01T00:27:19.821+0530] {example_python_decorator.py:80} WARNING - The virtalenv_python example task requires virtualenv, please install it.
[2024-09-01T00:27:19.822+0530] {processor.py:925} INFO - DAG(s) 'example_python_decorator' retrieved from /Users/ravipal/Desktop/Workspace/airflow_tutorial/py_env/lib/python3.12/site-packages/airflow/example_dags/example_python_decorator.py
[2024-09-01T00:27:19.860+0530] {logging_mixin.py:190} INFO - [2024-09-01T00:27:19.860+0530] {dag.py:3211} INFO - Sync 1 DAGs
[2024-09-01T00:27:19.865+0530] {logging_mixin.py:190} INFO - [2024-09-01T00:27:19.864+0530] {dag.py:4138} INFO - Setting next_dagrun for example_python_decorator to None, run_after=None
[2024-09-01T00:27:19.872+0530] {processor.py:208} INFO - Processing /Users/ravipal/Desktop/Workspace/airflow_tutorial/py_env/lib/python3.12/site-packages/airflow/example_dags/example_python_decorator.py took 0.069 seconds
[2024-09-01T00:29:32.897+0530] {processor.py:186} INFO - Started process (PID=2011) to work on /Users/ravipal/Desktop/Workspace/airflow_tutorial/py_env/lib/python3.12/site-packages/airflow/example_dags/example_python_decorator.py
[2024-09-01T00:29:32.898+0530] {processor.py:914} INFO - Processing file /Users/ravipal/Desktop/Workspace/airflow_tutorial/py_env/lib/python3.12/site-packages/airflow/example_dags/example_python_decorator.py for tasks to queue
[2024-09-01T00:29:32.898+0530] {logging_mixin.py:190} INFO - [2024-09-01T00:29:32.898+0530] {dagbag.py:587} INFO - Filling up the DagBag from /Users/ravipal/Desktop/Workspace/airflow_tutorial/py_env/lib/python3.12/site-packages/airflow/example_dags/example_python_decorator.py
[2024-09-01T00:29:32.914+0530] {logging_mixin.py:190} INFO - [2024-09-01T00:29:32.914+0530] {example_python_decorator.py:80} WARNING - The virtalenv_python example task requires virtualenv, please install it.
[2024-09-01T00:29:32.915+0530] {processor.py:925} INFO - DAG(s) 'example_python_decorator' retrieved from /Users/ravipal/Desktop/Workspace/airflow_tutorial/py_env/lib/python3.12/site-packages/airflow/example_dags/example_python_decorator.py
[2024-09-01T00:29:32.953+0530] {logging_mixin.py:190} INFO - [2024-09-01T00:29:32.952+0530] {dag.py:3211} INFO - Sync 1 DAGs
[2024-09-01T00:29:32.957+0530] {logging_mixin.py:190} INFO - [2024-09-01T00:29:32.957+0530] {dag.py:4138} INFO - Setting next_dagrun for example_python_decorator to None, run_after=None
[2024-09-01T00:29:32.964+0530] {processor.py:208} INFO - Processing /Users/ravipal/Desktop/Workspace/airflow_tutorial/py_env/lib/python3.12/site-packages/airflow/example_dags/example_python_decorator.py took 0.070 seconds
[2024-09-01T00:31:44.761+0530] {processor.py:186} INFO - Started process (PID=2146) to work on /Users/ravipal/Desktop/Workspace/airflow_tutorial/py_env/lib/python3.12/site-packages/airflow/example_dags/example_python_decorator.py
[2024-09-01T00:31:44.761+0530] {processor.py:914} INFO - Processing file /Users/ravipal/Desktop/Workspace/airflow_tutorial/py_env/lib/python3.12/site-packages/airflow/example_dags/example_python_decorator.py for tasks to queue
[2024-09-01T00:31:44.761+0530] {logging_mixin.py:190} INFO - [2024-09-01T00:31:44.761+0530] {dagbag.py:587} INFO - Filling up the DagBag from /Users/ravipal/Desktop/Workspace/airflow_tutorial/py_env/lib/python3.12/site-packages/airflow/example_dags/example_python_decorator.py
[2024-09-01T00:31:44.777+0530] {logging_mixin.py:190} INFO - [2024-09-01T00:31:44.776+0530] {example_python_decorator.py:80} WARNING - The virtalenv_python example task requires virtualenv, please install it.
[2024-09-01T00:31:44.777+0530] {processor.py:925} INFO - DAG(s) 'example_python_decorator' retrieved from /Users/ravipal/Desktop/Workspace/airflow_tutorial/py_env/lib/python3.12/site-packages/airflow/example_dags/example_python_decorator.py
[2024-09-01T00:31:44.811+0530] {logging_mixin.py:190} INFO - [2024-09-01T00:31:44.811+0530] {dag.py:3211} INFO - Sync 1 DAGs
[2024-09-01T00:31:44.815+0530] {logging_mixin.py:190} INFO - [2024-09-01T00:31:44.815+0530] {dag.py:4138} INFO - Setting next_dagrun for example_python_decorator to None, run_after=None
[2024-09-01T00:31:44.821+0530] {processor.py:208} INFO - Processing /Users/ravipal/Desktop/Workspace/airflow_tutorial/py_env/lib/python3.12/site-packages/airflow/example_dags/example_python_decorator.py took 0.063 seconds
[2024-09-01T00:33:59.524+0530] {processor.py:186} INFO - Started process (PID=2278) to work on /Users/ravipal/Desktop/Workspace/airflow_tutorial/py_env/lib/python3.12/site-packages/airflow/example_dags/example_python_decorator.py
[2024-09-01T00:33:59.525+0530] {processor.py:914} INFO - Processing file /Users/ravipal/Desktop/Workspace/airflow_tutorial/py_env/lib/python3.12/site-packages/airflow/example_dags/example_python_decorator.py for tasks to queue
[2024-09-01T00:33:59.525+0530] {logging_mixin.py:190} INFO - [2024-09-01T00:33:59.525+0530] {dagbag.py:587} INFO - Filling up the DagBag from /Users/ravipal/Desktop/Workspace/airflow_tutorial/py_env/lib/python3.12/site-packages/airflow/example_dags/example_python_decorator.py
[2024-09-01T00:33:59.542+0530] {logging_mixin.py:190} INFO - [2024-09-01T00:33:59.541+0530] {example_python_decorator.py:80} WARNING - The virtalenv_python example task requires virtualenv, please install it.
[2024-09-01T00:33:59.543+0530] {processor.py:925} INFO - DAG(s) 'example_python_decorator' retrieved from /Users/ravipal/Desktop/Workspace/airflow_tutorial/py_env/lib/python3.12/site-packages/airflow/example_dags/example_python_decorator.py
[2024-09-01T00:33:59.578+0530] {logging_mixin.py:190} INFO - [2024-09-01T00:33:59.578+0530] {dag.py:3211} INFO - Sync 1 DAGs
[2024-09-01T00:33:59.582+0530] {logging_mixin.py:190} INFO - [2024-09-01T00:33:59.582+0530] {dag.py:4138} INFO - Setting next_dagrun for example_python_decorator to None, run_after=None
[2024-09-01T00:33:59.590+0530] {processor.py:208} INFO - Processing /Users/ravipal/Desktop/Workspace/airflow_tutorial/py_env/lib/python3.12/site-packages/airflow/example_dags/example_python_decorator.py took 0.068 seconds
[2024-09-01T00:36:15.013+0530] {processor.py:186} INFO - Started process (PID=2414) to work on /Users/ravipal/Desktop/Workspace/airflow_tutorial/py_env/lib/python3.12/site-packages/airflow/example_dags/example_python_decorator.py
[2024-09-01T00:36:15.014+0530] {processor.py:914} INFO - Processing file /Users/ravipal/Desktop/Workspace/airflow_tutorial/py_env/lib/python3.12/site-packages/airflow/example_dags/example_python_decorator.py for tasks to queue
[2024-09-01T00:36:15.014+0530] {logging_mixin.py:190} INFO - [2024-09-01T00:36:15.014+0530] {dagbag.py:587} INFO - Filling up the DagBag from /Users/ravipal/Desktop/Workspace/airflow_tutorial/py_env/lib/python3.12/site-packages/airflow/example_dags/example_python_decorator.py
[2024-09-01T00:36:15.030+0530] {logging_mixin.py:190} INFO - [2024-09-01T00:36:15.030+0530] {example_python_decorator.py:80} WARNING - The virtalenv_python example task requires virtualenv, please install it.
[2024-09-01T00:36:15.030+0530] {processor.py:925} INFO - DAG(s) 'example_python_decorator' retrieved from /Users/ravipal/Desktop/Workspace/airflow_tutorial/py_env/lib/python3.12/site-packages/airflow/example_dags/example_python_decorator.py
[2024-09-01T00:36:15.079+0530] {logging_mixin.py:190} INFO - [2024-09-01T00:36:15.079+0530] {dag.py:3211} INFO - Sync 1 DAGs
[2024-09-01T00:36:15.084+0530] {logging_mixin.py:190} INFO - [2024-09-01T00:36:15.084+0530] {dag.py:4138} INFO - Setting next_dagrun for example_python_decorator to None, run_after=None
[2024-09-01T00:36:15.093+0530] {processor.py:208} INFO - Processing /Users/ravipal/Desktop/Workspace/airflow_tutorial/py_env/lib/python3.12/site-packages/airflow/example_dags/example_python_decorator.py took 0.082 seconds
[2024-09-01T00:38:26.454+0530] {processor.py:186} INFO - Started process (PID=2547) to work on /Users/ravipal/Desktop/Workspace/airflow_tutorial/py_env/lib/python3.12/site-packages/airflow/example_dags/example_python_decorator.py
[2024-09-01T00:38:26.455+0530] {processor.py:914} INFO - Processing file /Users/ravipal/Desktop/Workspace/airflow_tutorial/py_env/lib/python3.12/site-packages/airflow/example_dags/example_python_decorator.py for tasks to queue
[2024-09-01T00:38:26.455+0530] {logging_mixin.py:190} INFO - [2024-09-01T00:38:26.455+0530] {dagbag.py:587} INFO - Filling up the DagBag from /Users/ravipal/Desktop/Workspace/airflow_tutorial/py_env/lib/python3.12/site-packages/airflow/example_dags/example_python_decorator.py
[2024-09-01T00:38:26.470+0530] {logging_mixin.py:190} INFO - [2024-09-01T00:38:26.470+0530] {example_python_decorator.py:80} WARNING - The virtalenv_python example task requires virtualenv, please install it.
[2024-09-01T00:38:26.471+0530] {processor.py:925} INFO - DAG(s) 'example_python_decorator' retrieved from /Users/ravipal/Desktop/Workspace/airflow_tutorial/py_env/lib/python3.12/site-packages/airflow/example_dags/example_python_decorator.py
[2024-09-01T00:38:26.505+0530] {logging_mixin.py:190} INFO - [2024-09-01T00:38:26.505+0530] {dag.py:3211} INFO - Sync 1 DAGs
[2024-09-01T00:38:26.509+0530] {logging_mixin.py:190} INFO - [2024-09-01T00:38:26.509+0530] {dag.py:4138} INFO - Setting next_dagrun for example_python_decorator to None, run_after=None
[2024-09-01T00:38:26.516+0530] {processor.py:208} INFO - Processing /Users/ravipal/Desktop/Workspace/airflow_tutorial/py_env/lib/python3.12/site-packages/airflow/example_dags/example_python_decorator.py took 0.064 seconds
[2024-09-01T00:40:32.517+0530] {processor.py:186} INFO - Started process (PID=2674) to work on /Users/ravipal/Desktop/Workspace/airflow_tutorial/py_env/lib/python3.12/site-packages/airflow/example_dags/example_python_decorator.py
[2024-09-01T00:40:32.518+0530] {processor.py:914} INFO - Processing file /Users/ravipal/Desktop/Workspace/airflow_tutorial/py_env/lib/python3.12/site-packages/airflow/example_dags/example_python_decorator.py for tasks to queue
[2024-09-01T00:40:32.518+0530] {logging_mixin.py:190} INFO - [2024-09-01T00:40:32.518+0530] {dagbag.py:587} INFO - Filling up the DagBag from /Users/ravipal/Desktop/Workspace/airflow_tutorial/py_env/lib/python3.12/site-packages/airflow/example_dags/example_python_decorator.py
[2024-09-01T00:40:32.534+0530] {logging_mixin.py:190} INFO - [2024-09-01T00:40:32.533+0530] {example_python_decorator.py:80} WARNING - The virtalenv_python example task requires virtualenv, please install it.
[2024-09-01T00:40:32.534+0530] {processor.py:925} INFO - DAG(s) 'example_python_decorator' retrieved from /Users/ravipal/Desktop/Workspace/airflow_tutorial/py_env/lib/python3.12/site-packages/airflow/example_dags/example_python_decorator.py
[2024-09-01T00:40:32.568+0530] {logging_mixin.py:190} INFO - [2024-09-01T00:40:32.568+0530] {dag.py:3211} INFO - Sync 1 DAGs
[2024-09-01T00:40:32.572+0530] {logging_mixin.py:190} INFO - [2024-09-01T00:40:32.572+0530] {dag.py:4138} INFO - Setting next_dagrun for example_python_decorator to None, run_after=None
[2024-09-01T00:40:32.579+0530] {processor.py:208} INFO - Processing /Users/ravipal/Desktop/Workspace/airflow_tutorial/py_env/lib/python3.12/site-packages/airflow/example_dags/example_python_decorator.py took 0.064 seconds
[2024-09-01T00:42:45.382+0530] {processor.py:186} INFO - Started process (PID=2804) to work on /Users/ravipal/Desktop/Workspace/airflow_tutorial/py_env/lib/python3.12/site-packages/airflow/example_dags/example_python_decorator.py
[2024-09-01T00:42:45.382+0530] {processor.py:914} INFO - Processing file /Users/ravipal/Desktop/Workspace/airflow_tutorial/py_env/lib/python3.12/site-packages/airflow/example_dags/example_python_decorator.py for tasks to queue
[2024-09-01T00:42:45.383+0530] {logging_mixin.py:190} INFO - [2024-09-01T00:42:45.383+0530] {dagbag.py:587} INFO - Filling up the DagBag from /Users/ravipal/Desktop/Workspace/airflow_tutorial/py_env/lib/python3.12/site-packages/airflow/example_dags/example_python_decorator.py
[2024-09-01T00:42:45.398+0530] {logging_mixin.py:190} INFO - [2024-09-01T00:42:45.398+0530] {example_python_decorator.py:80} WARNING - The virtalenv_python example task requires virtualenv, please install it.
[2024-09-01T00:42:45.399+0530] {processor.py:925} INFO - DAG(s) 'example_python_decorator' retrieved from /Users/ravipal/Desktop/Workspace/airflow_tutorial/py_env/lib/python3.12/site-packages/airflow/example_dags/example_python_decorator.py
[2024-09-01T00:42:45.432+0530] {logging_mixin.py:190} INFO - [2024-09-01T00:42:45.432+0530] {dag.py:3211} INFO - Sync 1 DAGs
[2024-09-01T00:42:45.436+0530] {logging_mixin.py:190} INFO - [2024-09-01T00:42:45.436+0530] {dag.py:4138} INFO - Setting next_dagrun for example_python_decorator to None, run_after=None
[2024-09-01T00:42:45.443+0530] {processor.py:208} INFO - Processing /Users/ravipal/Desktop/Workspace/airflow_tutorial/py_env/lib/python3.12/site-packages/airflow/example_dags/example_python_decorator.py took 0.063 seconds
[2024-09-01T00:45:01.297+0530] {processor.py:186} INFO - Started process (PID=2940) to work on /Users/ravipal/Desktop/Workspace/airflow_tutorial/py_env/lib/python3.12/site-packages/airflow/example_dags/example_python_decorator.py
[2024-09-01T00:45:01.298+0530] {processor.py:914} INFO - Processing file /Users/ravipal/Desktop/Workspace/airflow_tutorial/py_env/lib/python3.12/site-packages/airflow/example_dags/example_python_decorator.py for tasks to queue
[2024-09-01T00:45:01.298+0530] {logging_mixin.py:190} INFO - [2024-09-01T00:45:01.298+0530] {dagbag.py:587} INFO - Filling up the DagBag from /Users/ravipal/Desktop/Workspace/airflow_tutorial/py_env/lib/python3.12/site-packages/airflow/example_dags/example_python_decorator.py
[2024-09-01T00:45:01.314+0530] {logging_mixin.py:190} INFO - [2024-09-01T00:45:01.313+0530] {example_python_decorator.py:80} WARNING - The virtalenv_python example task requires virtualenv, please install it.
[2024-09-01T00:45:01.314+0530] {processor.py:925} INFO - DAG(s) 'example_python_decorator' retrieved from /Users/ravipal/Desktop/Workspace/airflow_tutorial/py_env/lib/python3.12/site-packages/airflow/example_dags/example_python_decorator.py
[2024-09-01T00:45:01.348+0530] {logging_mixin.py:190} INFO - [2024-09-01T00:45:01.347+0530] {dag.py:3211} INFO - Sync 1 DAGs
[2024-09-01T00:45:01.351+0530] {logging_mixin.py:190} INFO - [2024-09-01T00:45:01.351+0530] {dag.py:4138} INFO - Setting next_dagrun for example_python_decorator to None, run_after=None
[2024-09-01T00:45:01.358+0530] {processor.py:208} INFO - Processing /Users/ravipal/Desktop/Workspace/airflow_tutorial/py_env/lib/python3.12/site-packages/airflow/example_dags/example_python_decorator.py took 0.063 seconds
[2024-09-01T00:47:15.665+0530] {processor.py:186} INFO - Started process (PID=3071) to work on /Users/ravipal/Desktop/Workspace/airflow_tutorial/py_env/lib/python3.12/site-packages/airflow/example_dags/example_python_decorator.py
[2024-09-01T00:47:15.665+0530] {processor.py:914} INFO - Processing file /Users/ravipal/Desktop/Workspace/airflow_tutorial/py_env/lib/python3.12/site-packages/airflow/example_dags/example_python_decorator.py for tasks to queue
[2024-09-01T00:47:15.665+0530] {logging_mixin.py:190} INFO - [2024-09-01T00:47:15.665+0530] {dagbag.py:587} INFO - Filling up the DagBag from /Users/ravipal/Desktop/Workspace/airflow_tutorial/py_env/lib/python3.12/site-packages/airflow/example_dags/example_python_decorator.py
[2024-09-01T00:47:15.681+0530] {logging_mixin.py:190} INFO - [2024-09-01T00:47:15.681+0530] {example_python_decorator.py:80} WARNING - The virtalenv_python example task requires virtualenv, please install it.
[2024-09-01T00:47:15.682+0530] {processor.py:925} INFO - DAG(s) 'example_python_decorator' retrieved from /Users/ravipal/Desktop/Workspace/airflow_tutorial/py_env/lib/python3.12/site-packages/airflow/example_dags/example_python_decorator.py
[2024-09-01T00:47:15.716+0530] {logging_mixin.py:190} INFO - [2024-09-01T00:47:15.716+0530] {dag.py:3211} INFO - Sync 1 DAGs
[2024-09-01T00:47:15.720+0530] {logging_mixin.py:190} INFO - [2024-09-01T00:47:15.720+0530] {dag.py:4138} INFO - Setting next_dagrun for example_python_decorator to None, run_after=None
[2024-09-01T00:47:15.726+0530] {processor.py:208} INFO - Processing /Users/ravipal/Desktop/Workspace/airflow_tutorial/py_env/lib/python3.12/site-packages/airflow/example_dags/example_python_decorator.py took 0.064 seconds
[2024-09-01T00:49:19.849+0530] {processor.py:186} INFO - Started process (PID=3205) to work on /Users/ravipal/Desktop/Workspace/airflow_tutorial/py_env/lib/python3.12/site-packages/airflow/example_dags/example_python_decorator.py
[2024-09-01T00:49:19.849+0530] {processor.py:914} INFO - Processing file /Users/ravipal/Desktop/Workspace/airflow_tutorial/py_env/lib/python3.12/site-packages/airflow/example_dags/example_python_decorator.py for tasks to queue
[2024-09-01T00:49:19.849+0530] {logging_mixin.py:190} INFO - [2024-09-01T00:49:19.849+0530] {dagbag.py:587} INFO - Filling up the DagBag from /Users/ravipal/Desktop/Workspace/airflow_tutorial/py_env/lib/python3.12/site-packages/airflow/example_dags/example_python_decorator.py
[2024-09-01T00:49:19.866+0530] {logging_mixin.py:190} INFO - [2024-09-01T00:49:19.866+0530] {example_python_decorator.py:80} WARNING - The virtalenv_python example task requires virtualenv, please install it.
[2024-09-01T00:49:19.867+0530] {processor.py:925} INFO - DAG(s) 'example_python_decorator' retrieved from /Users/ravipal/Desktop/Workspace/airflow_tutorial/py_env/lib/python3.12/site-packages/airflow/example_dags/example_python_decorator.py
[2024-09-01T00:49:19.902+0530] {logging_mixin.py:190} INFO - [2024-09-01T00:49:19.902+0530] {dag.py:3211} INFO - Sync 1 DAGs
[2024-09-01T00:49:19.906+0530] {logging_mixin.py:190} INFO - [2024-09-01T00:49:19.906+0530] {dag.py:4138} INFO - Setting next_dagrun for example_python_decorator to None, run_after=None
[2024-09-01T00:49:19.914+0530] {processor.py:208} INFO - Processing /Users/ravipal/Desktop/Workspace/airflow_tutorial/py_env/lib/python3.12/site-packages/airflow/example_dags/example_python_decorator.py took 0.067 seconds
[2024-09-01T00:51:37.302+0530] {processor.py:186} INFO - Started process (PID=3361) to work on /Users/ravipal/Desktop/Workspace/airflow_tutorial/py_env/lib/python3.12/site-packages/airflow/example_dags/example_python_decorator.py
[2024-09-01T00:51:37.303+0530] {processor.py:914} INFO - Processing file /Users/ravipal/Desktop/Workspace/airflow_tutorial/py_env/lib/python3.12/site-packages/airflow/example_dags/example_python_decorator.py for tasks to queue
[2024-09-01T00:51:37.304+0530] {logging_mixin.py:190} INFO - [2024-09-01T00:51:37.304+0530] {dagbag.py:587} INFO - Filling up the DagBag from /Users/ravipal/Desktop/Workspace/airflow_tutorial/py_env/lib/python3.12/site-packages/airflow/example_dags/example_python_decorator.py
[2024-09-01T00:51:37.319+0530] {logging_mixin.py:190} INFO - [2024-09-01T00:51:37.319+0530] {example_python_decorator.py:80} WARNING - The virtalenv_python example task requires virtualenv, please install it.
[2024-09-01T00:51:37.320+0530] {processor.py:925} INFO - DAG(s) 'example_python_decorator' retrieved from /Users/ravipal/Desktop/Workspace/airflow_tutorial/py_env/lib/python3.12/site-packages/airflow/example_dags/example_python_decorator.py
[2024-09-01T00:51:37.352+0530] {logging_mixin.py:190} INFO - [2024-09-01T00:51:37.352+0530] {dag.py:3211} INFO - Sync 1 DAGs
[2024-09-01T00:51:37.356+0530] {logging_mixin.py:190} INFO - [2024-09-01T00:51:37.356+0530] {dag.py:4138} INFO - Setting next_dagrun for example_python_decorator to None, run_after=None
[2024-09-01T00:51:37.363+0530] {processor.py:208} INFO - Processing /Users/ravipal/Desktop/Workspace/airflow_tutorial/py_env/lib/python3.12/site-packages/airflow/example_dags/example_python_decorator.py took 0.063 seconds
[2024-09-01T00:53:48.324+0530] {processor.py:186} INFO - Started process (PID=3492) to work on /Users/ravipal/Desktop/Workspace/airflow_tutorial/py_env/lib/python3.12/site-packages/airflow/example_dags/example_python_decorator.py
[2024-09-01T00:53:48.324+0530] {processor.py:914} INFO - Processing file /Users/ravipal/Desktop/Workspace/airflow_tutorial/py_env/lib/python3.12/site-packages/airflow/example_dags/example_python_decorator.py for tasks to queue
[2024-09-01T00:53:48.325+0530] {logging_mixin.py:190} INFO - [2024-09-01T00:53:48.325+0530] {dagbag.py:587} INFO - Filling up the DagBag from /Users/ravipal/Desktop/Workspace/airflow_tutorial/py_env/lib/python3.12/site-packages/airflow/example_dags/example_python_decorator.py
[2024-09-01T00:53:48.340+0530] {logging_mixin.py:190} INFO - [2024-09-01T00:53:48.340+0530] {example_python_decorator.py:80} WARNING - The virtalenv_python example task requires virtualenv, please install it.
[2024-09-01T00:53:48.341+0530] {processor.py:925} INFO - DAG(s) 'example_python_decorator' retrieved from /Users/ravipal/Desktop/Workspace/airflow_tutorial/py_env/lib/python3.12/site-packages/airflow/example_dags/example_python_decorator.py
[2024-09-01T00:53:48.374+0530] {logging_mixin.py:190} INFO - [2024-09-01T00:53:48.374+0530] {dag.py:3211} INFO - Sync 1 DAGs
[2024-09-01T00:53:48.378+0530] {logging_mixin.py:190} INFO - [2024-09-01T00:53:48.378+0530] {dag.py:4138} INFO - Setting next_dagrun for example_python_decorator to None, run_after=None
[2024-09-01T00:53:48.384+0530] {processor.py:208} INFO - Processing /Users/ravipal/Desktop/Workspace/airflow_tutorial/py_env/lib/python3.12/site-packages/airflow/example_dags/example_python_decorator.py took 0.062 seconds
[2024-09-01T00:55:58.072+0530] {processor.py:186} INFO - Started process (PID=3623) to work on /Users/ravipal/Desktop/Workspace/airflow_tutorial/py_env/lib/python3.12/site-packages/airflow/example_dags/example_python_decorator.py
[2024-09-01T00:55:58.073+0530] {processor.py:914} INFO - Processing file /Users/ravipal/Desktop/Workspace/airflow_tutorial/py_env/lib/python3.12/site-packages/airflow/example_dags/example_python_decorator.py for tasks to queue
[2024-09-01T00:55:58.073+0530] {logging_mixin.py:190} INFO - [2024-09-01T00:55:58.073+0530] {dagbag.py:587} INFO - Filling up the DagBag from /Users/ravipal/Desktop/Workspace/airflow_tutorial/py_env/lib/python3.12/site-packages/airflow/example_dags/example_python_decorator.py
[2024-09-01T00:55:58.089+0530] {logging_mixin.py:190} INFO - [2024-09-01T00:55:58.089+0530] {example_python_decorator.py:80} WARNING - The virtalenv_python example task requires virtualenv, please install it.
[2024-09-01T00:55:58.090+0530] {processor.py:925} INFO - DAG(s) 'example_python_decorator' retrieved from /Users/ravipal/Desktop/Workspace/airflow_tutorial/py_env/lib/python3.12/site-packages/airflow/example_dags/example_python_decorator.py
[2024-09-01T00:55:58.123+0530] {logging_mixin.py:190} INFO - [2024-09-01T00:55:58.123+0530] {dag.py:3211} INFO - Sync 1 DAGs
[2024-09-01T00:55:58.127+0530] {logging_mixin.py:190} INFO - [2024-09-01T00:55:58.127+0530] {dag.py:4138} INFO - Setting next_dagrun for example_python_decorator to None, run_after=None
[2024-09-01T00:55:58.134+0530] {processor.py:208} INFO - Processing /Users/ravipal/Desktop/Workspace/airflow_tutorial/py_env/lib/python3.12/site-packages/airflow/example_dags/example_python_decorator.py took 0.063 seconds
[2024-09-01T00:58:11.973+0530] {processor.py:186} INFO - Started process (PID=3754) to work on /Users/ravipal/Desktop/Workspace/airflow_tutorial/py_env/lib/python3.12/site-packages/airflow/example_dags/example_python_decorator.py
[2024-09-01T00:58:11.973+0530] {processor.py:914} INFO - Processing file /Users/ravipal/Desktop/Workspace/airflow_tutorial/py_env/lib/python3.12/site-packages/airflow/example_dags/example_python_decorator.py for tasks to queue
[2024-09-01T00:58:11.974+0530] {logging_mixin.py:190} INFO - [2024-09-01T00:58:11.973+0530] {dagbag.py:587} INFO - Filling up the DagBag from /Users/ravipal/Desktop/Workspace/airflow_tutorial/py_env/lib/python3.12/site-packages/airflow/example_dags/example_python_decorator.py
[2024-09-01T00:58:11.989+0530] {logging_mixin.py:190} INFO - [2024-09-01T00:58:11.989+0530] {example_python_decorator.py:80} WARNING - The virtalenv_python example task requires virtualenv, please install it.
[2024-09-01T00:58:11.990+0530] {processor.py:925} INFO - DAG(s) 'example_python_decorator' retrieved from /Users/ravipal/Desktop/Workspace/airflow_tutorial/py_env/lib/python3.12/site-packages/airflow/example_dags/example_python_decorator.py
[2024-09-01T00:58:12.023+0530] {logging_mixin.py:190} INFO - [2024-09-01T00:58:12.023+0530] {dag.py:3211} INFO - Sync 1 DAGs
[2024-09-01T00:58:12.027+0530] {logging_mixin.py:190} INFO - [2024-09-01T00:58:12.027+0530] {dag.py:4138} INFO - Setting next_dagrun for example_python_decorator to None, run_after=None
[2024-09-01T00:58:12.034+0530] {processor.py:208} INFO - Processing /Users/ravipal/Desktop/Workspace/airflow_tutorial/py_env/lib/python3.12/site-packages/airflow/example_dags/example_python_decorator.py took 0.063 seconds
[2024-09-01T01:00:20.997+0530] {processor.py:186} INFO - Started process (PID=3884) to work on /Users/ravipal/Desktop/Workspace/airflow_tutorial/py_env/lib/python3.12/site-packages/airflow/example_dags/example_python_decorator.py
[2024-09-01T01:00:20.998+0530] {processor.py:914} INFO - Processing file /Users/ravipal/Desktop/Workspace/airflow_tutorial/py_env/lib/python3.12/site-packages/airflow/example_dags/example_python_decorator.py for tasks to queue
[2024-09-01T01:00:20.998+0530] {logging_mixin.py:190} INFO - [2024-09-01T01:00:20.998+0530] {dagbag.py:587} INFO - Filling up the DagBag from /Users/ravipal/Desktop/Workspace/airflow_tutorial/py_env/lib/python3.12/site-packages/airflow/example_dags/example_python_decorator.py
[2024-09-01T01:00:21.013+0530] {logging_mixin.py:190} INFO - [2024-09-01T01:00:21.013+0530] {example_python_decorator.py:80} WARNING - The virtalenv_python example task requires virtualenv, please install it.
[2024-09-01T01:00:21.014+0530] {processor.py:925} INFO - DAG(s) 'example_python_decorator' retrieved from /Users/ravipal/Desktop/Workspace/airflow_tutorial/py_env/lib/python3.12/site-packages/airflow/example_dags/example_python_decorator.py
[2024-09-01T01:00:21.046+0530] {logging_mixin.py:190} INFO - [2024-09-01T01:00:21.046+0530] {dag.py:3211} INFO - Sync 1 DAGs
[2024-09-01T01:00:21.050+0530] {logging_mixin.py:190} INFO - [2024-09-01T01:00:21.050+0530] {dag.py:4138} INFO - Setting next_dagrun for example_python_decorator to None, run_after=None
[2024-09-01T01:00:21.057+0530] {processor.py:208} INFO - Processing /Users/ravipal/Desktop/Workspace/airflow_tutorial/py_env/lib/python3.12/site-packages/airflow/example_dags/example_python_decorator.py took 0.061 seconds
[2024-09-01T01:02:27.818+0530] {processor.py:186} INFO - Started process (PID=4013) to work on /Users/ravipal/Desktop/Workspace/airflow_tutorial/py_env/lib/python3.12/site-packages/airflow/example_dags/example_python_decorator.py
[2024-09-01T01:02:27.818+0530] {processor.py:914} INFO - Processing file /Users/ravipal/Desktop/Workspace/airflow_tutorial/py_env/lib/python3.12/site-packages/airflow/example_dags/example_python_decorator.py for tasks to queue
[2024-09-01T01:02:27.818+0530] {logging_mixin.py:190} INFO - [2024-09-01T01:02:27.818+0530] {dagbag.py:587} INFO - Filling up the DagBag from /Users/ravipal/Desktop/Workspace/airflow_tutorial/py_env/lib/python3.12/site-packages/airflow/example_dags/example_python_decorator.py
[2024-09-01T01:02:27.834+0530] {logging_mixin.py:190} INFO - [2024-09-01T01:02:27.833+0530] {example_python_decorator.py:80} WARNING - The virtalenv_python example task requires virtualenv, please install it.
[2024-09-01T01:02:27.834+0530] {processor.py:925} INFO - DAG(s) 'example_python_decorator' retrieved from /Users/ravipal/Desktop/Workspace/airflow_tutorial/py_env/lib/python3.12/site-packages/airflow/example_dags/example_python_decorator.py
[2024-09-01T01:02:27.868+0530] {logging_mixin.py:190} INFO - [2024-09-01T01:02:27.867+0530] {dag.py:3211} INFO - Sync 1 DAGs
[2024-09-01T01:02:27.872+0530] {logging_mixin.py:190} INFO - [2024-09-01T01:02:27.872+0530] {dag.py:4138} INFO - Setting next_dagrun for example_python_decorator to None, run_after=None
[2024-09-01T01:02:27.878+0530] {processor.py:208} INFO - Processing /Users/ravipal/Desktop/Workspace/airflow_tutorial/py_env/lib/python3.12/site-packages/airflow/example_dags/example_python_decorator.py took 0.063 seconds
[2024-09-01T01:04:36.174+0530] {processor.py:186} INFO - Started process (PID=4151) to work on /Users/ravipal/Desktop/Workspace/airflow_tutorial/py_env/lib/python3.12/site-packages/airflow/example_dags/example_python_decorator.py
[2024-09-01T01:04:36.174+0530] {processor.py:914} INFO - Processing file /Users/ravipal/Desktop/Workspace/airflow_tutorial/py_env/lib/python3.12/site-packages/airflow/example_dags/example_python_decorator.py for tasks to queue
[2024-09-01T01:04:36.175+0530] {logging_mixin.py:190} INFO - [2024-09-01T01:04:36.175+0530] {dagbag.py:587} INFO - Filling up the DagBag from /Users/ravipal/Desktop/Workspace/airflow_tutorial/py_env/lib/python3.12/site-packages/airflow/example_dags/example_python_decorator.py
[2024-09-01T01:04:36.192+0530] {logging_mixin.py:190} INFO - [2024-09-01T01:04:36.192+0530] {example_python_decorator.py:80} WARNING - The virtalenv_python example task requires virtualenv, please install it.
[2024-09-01T01:04:36.193+0530] {processor.py:925} INFO - DAG(s) 'example_python_decorator' retrieved from /Users/ravipal/Desktop/Workspace/airflow_tutorial/py_env/lib/python3.12/site-packages/airflow/example_dags/example_python_decorator.py
[2024-09-01T01:04:36.232+0530] {logging_mixin.py:190} INFO - [2024-09-01T01:04:36.231+0530] {dag.py:3211} INFO - Sync 1 DAGs
[2024-09-01T01:04:36.236+0530] {logging_mixin.py:190} INFO - [2024-09-01T01:04:36.236+0530] {dag.py:4138} INFO - Setting next_dagrun for example_python_decorator to None, run_after=None
[2024-09-01T01:04:36.244+0530] {processor.py:208} INFO - Processing /Users/ravipal/Desktop/Workspace/airflow_tutorial/py_env/lib/python3.12/site-packages/airflow/example_dags/example_python_decorator.py took 0.072 seconds
[2024-09-01T01:06:44.480+0530] {processor.py:186} INFO - Started process (PID=4307) to work on /Users/ravipal/Desktop/Workspace/airflow_tutorial/py_env/lib/python3.12/site-packages/airflow/example_dags/example_python_decorator.py
[2024-09-01T01:06:44.481+0530] {processor.py:914} INFO - Processing file /Users/ravipal/Desktop/Workspace/airflow_tutorial/py_env/lib/python3.12/site-packages/airflow/example_dags/example_python_decorator.py for tasks to queue
[2024-09-01T01:06:44.482+0530] {logging_mixin.py:190} INFO - [2024-09-01T01:06:44.482+0530] {dagbag.py:587} INFO - Filling up the DagBag from /Users/ravipal/Desktop/Workspace/airflow_tutorial/py_env/lib/python3.12/site-packages/airflow/example_dags/example_python_decorator.py
[2024-09-01T01:06:44.497+0530] {logging_mixin.py:190} INFO - [2024-09-01T01:06:44.497+0530] {example_python_decorator.py:80} WARNING - The virtalenv_python example task requires virtualenv, please install it.
[2024-09-01T01:06:44.498+0530] {processor.py:925} INFO - DAG(s) 'example_python_decorator' retrieved from /Users/ravipal/Desktop/Workspace/airflow_tutorial/py_env/lib/python3.12/site-packages/airflow/example_dags/example_python_decorator.py
[2024-09-01T01:06:44.531+0530] {logging_mixin.py:190} INFO - [2024-09-01T01:06:44.531+0530] {dag.py:3211} INFO - Sync 1 DAGs
[2024-09-01T01:06:44.535+0530] {logging_mixin.py:190} INFO - [2024-09-01T01:06:44.535+0530] {dag.py:4138} INFO - Setting next_dagrun for example_python_decorator to None, run_after=None
[2024-09-01T01:06:44.542+0530] {processor.py:208} INFO - Processing /Users/ravipal/Desktop/Workspace/airflow_tutorial/py_env/lib/python3.12/site-packages/airflow/example_dags/example_python_decorator.py took 0.063 seconds
[2024-09-01T01:08:55.698+0530] {processor.py:186} INFO - Started process (PID=4438) to work on /Users/ravipal/Desktop/Workspace/airflow_tutorial/py_env/lib/python3.12/site-packages/airflow/example_dags/example_python_decorator.py
[2024-09-01T01:08:55.698+0530] {processor.py:914} INFO - Processing file /Users/ravipal/Desktop/Workspace/airflow_tutorial/py_env/lib/python3.12/site-packages/airflow/example_dags/example_python_decorator.py for tasks to queue
[2024-09-01T01:08:55.698+0530] {logging_mixin.py:190} INFO - [2024-09-01T01:08:55.698+0530] {dagbag.py:587} INFO - Filling up the DagBag from /Users/ravipal/Desktop/Workspace/airflow_tutorial/py_env/lib/python3.12/site-packages/airflow/example_dags/example_python_decorator.py
[2024-09-01T01:08:55.714+0530] {logging_mixin.py:190} INFO - [2024-09-01T01:08:55.714+0530] {example_python_decorator.py:80} WARNING - The virtalenv_python example task requires virtualenv, please install it.
[2024-09-01T01:08:55.714+0530] {processor.py:925} INFO - DAG(s) 'example_python_decorator' retrieved from /Users/ravipal/Desktop/Workspace/airflow_tutorial/py_env/lib/python3.12/site-packages/airflow/example_dags/example_python_decorator.py
[2024-09-01T01:08:55.748+0530] {logging_mixin.py:190} INFO - [2024-09-01T01:08:55.748+0530] {dag.py:3211} INFO - Sync 1 DAGs
[2024-09-01T01:08:55.752+0530] {logging_mixin.py:190} INFO - [2024-09-01T01:08:55.752+0530] {dag.py:4138} INFO - Setting next_dagrun for example_python_decorator to None, run_after=None
[2024-09-01T01:08:55.759+0530] {processor.py:208} INFO - Processing /Users/ravipal/Desktop/Workspace/airflow_tutorial/py_env/lib/python3.12/site-packages/airflow/example_dags/example_python_decorator.py took 0.063 seconds
[2024-09-01T01:11:00.253+0530] {processor.py:186} INFO - Started process (PID=4564) to work on /Users/ravipal/Desktop/Workspace/airflow_tutorial/py_env/lib/python3.12/site-packages/airflow/example_dags/example_python_decorator.py
[2024-09-01T01:11:00.254+0530] {processor.py:914} INFO - Processing file /Users/ravipal/Desktop/Workspace/airflow_tutorial/py_env/lib/python3.12/site-packages/airflow/example_dags/example_python_decorator.py for tasks to queue
[2024-09-01T01:11:00.254+0530] {logging_mixin.py:190} INFO - [2024-09-01T01:11:00.254+0530] {dagbag.py:587} INFO - Filling up the DagBag from /Users/ravipal/Desktop/Workspace/airflow_tutorial/py_env/lib/python3.12/site-packages/airflow/example_dags/example_python_decorator.py
[2024-09-01T01:11:00.269+0530] {logging_mixin.py:190} INFO - [2024-09-01T01:11:00.269+0530] {example_python_decorator.py:80} WARNING - The virtalenv_python example task requires virtualenv, please install it.
[2024-09-01T01:11:00.270+0530] {processor.py:925} INFO - DAG(s) 'example_python_decorator' retrieved from /Users/ravipal/Desktop/Workspace/airflow_tutorial/py_env/lib/python3.12/site-packages/airflow/example_dags/example_python_decorator.py
[2024-09-01T01:11:00.304+0530] {logging_mixin.py:190} INFO - [2024-09-01T01:11:00.303+0530] {dag.py:3211} INFO - Sync 1 DAGs
[2024-09-01T01:11:00.307+0530] {logging_mixin.py:190} INFO - [2024-09-01T01:11:00.307+0530] {dag.py:4138} INFO - Setting next_dagrun for example_python_decorator to None, run_after=None
[2024-09-01T01:11:00.314+0530] {processor.py:208} INFO - Processing /Users/ravipal/Desktop/Workspace/airflow_tutorial/py_env/lib/python3.12/site-packages/airflow/example_dags/example_python_decorator.py took 0.063 seconds
[2024-09-01T01:13:05.350+0530] {processor.py:186} INFO - Started process (PID=4691) to work on /Users/ravipal/Desktop/Workspace/airflow_tutorial/py_env/lib/python3.12/site-packages/airflow/example_dags/example_python_decorator.py
[2024-09-01T01:13:05.350+0530] {processor.py:914} INFO - Processing file /Users/ravipal/Desktop/Workspace/airflow_tutorial/py_env/lib/python3.12/site-packages/airflow/example_dags/example_python_decorator.py for tasks to queue
[2024-09-01T01:13:05.351+0530] {logging_mixin.py:190} INFO - [2024-09-01T01:13:05.351+0530] {dagbag.py:587} INFO - Filling up the DagBag from /Users/ravipal/Desktop/Workspace/airflow_tutorial/py_env/lib/python3.12/site-packages/airflow/example_dags/example_python_decorator.py
[2024-09-01T01:13:05.366+0530] {logging_mixin.py:190} INFO - [2024-09-01T01:13:05.366+0530] {example_python_decorator.py:80} WARNING - The virtalenv_python example task requires virtualenv, please install it.
[2024-09-01T01:13:05.367+0530] {processor.py:925} INFO - DAG(s) 'example_python_decorator' retrieved from /Users/ravipal/Desktop/Workspace/airflow_tutorial/py_env/lib/python3.12/site-packages/airflow/example_dags/example_python_decorator.py
[2024-09-01T01:13:05.401+0530] {logging_mixin.py:190} INFO - [2024-09-01T01:13:05.401+0530] {dag.py:3211} INFO - Sync 1 DAGs
[2024-09-01T01:13:05.405+0530] {logging_mixin.py:190} INFO - [2024-09-01T01:13:05.405+0530] {dag.py:4138} INFO - Setting next_dagrun for example_python_decorator to None, run_after=None
[2024-09-01T01:13:05.411+0530] {processor.py:208} INFO - Processing /Users/ravipal/Desktop/Workspace/airflow_tutorial/py_env/lib/python3.12/site-packages/airflow/example_dags/example_python_decorator.py took 0.063 seconds
[2024-09-01T01:15:18.738+0530] {processor.py:186} INFO - Started process (PID=4824) to work on /Users/ravipal/Desktop/Workspace/airflow_tutorial/py_env/lib/python3.12/site-packages/airflow/example_dags/example_python_decorator.py
[2024-09-01T01:15:18.738+0530] {processor.py:914} INFO - Processing file /Users/ravipal/Desktop/Workspace/airflow_tutorial/py_env/lib/python3.12/site-packages/airflow/example_dags/example_python_decorator.py for tasks to queue
[2024-09-01T01:15:18.739+0530] {logging_mixin.py:190} INFO - [2024-09-01T01:15:18.739+0530] {dagbag.py:587} INFO - Filling up the DagBag from /Users/ravipal/Desktop/Workspace/airflow_tutorial/py_env/lib/python3.12/site-packages/airflow/example_dags/example_python_decorator.py
[2024-09-01T01:15:18.754+0530] {logging_mixin.py:190} INFO - [2024-09-01T01:15:18.754+0530] {example_python_decorator.py:80} WARNING - The virtalenv_python example task requires virtualenv, please install it.
[2024-09-01T01:15:18.755+0530] {processor.py:925} INFO - DAG(s) 'example_python_decorator' retrieved from /Users/ravipal/Desktop/Workspace/airflow_tutorial/py_env/lib/python3.12/site-packages/airflow/example_dags/example_python_decorator.py
[2024-09-01T01:15:18.789+0530] {logging_mixin.py:190} INFO - [2024-09-01T01:15:18.789+0530] {dag.py:3211} INFO - Sync 1 DAGs
[2024-09-01T01:15:18.793+0530] {logging_mixin.py:190} INFO - [2024-09-01T01:15:18.793+0530] {dag.py:4138} INFO - Setting next_dagrun for example_python_decorator to None, run_after=None
[2024-09-01T01:15:18.800+0530] {processor.py:208} INFO - Processing /Users/ravipal/Desktop/Workspace/airflow_tutorial/py_env/lib/python3.12/site-packages/airflow/example_dags/example_python_decorator.py took 0.064 seconds
[2024-09-01T01:17:29.112+0530] {processor.py:186} INFO - Started process (PID=4955) to work on /Users/ravipal/Desktop/Workspace/airflow_tutorial/py_env/lib/python3.12/site-packages/airflow/example_dags/example_python_decorator.py
[2024-09-01T01:17:29.112+0530] {processor.py:914} INFO - Processing file /Users/ravipal/Desktop/Workspace/airflow_tutorial/py_env/lib/python3.12/site-packages/airflow/example_dags/example_python_decorator.py for tasks to queue
[2024-09-01T01:17:29.112+0530] {logging_mixin.py:190} INFO - [2024-09-01T01:17:29.112+0530] {dagbag.py:587} INFO - Filling up the DagBag from /Users/ravipal/Desktop/Workspace/airflow_tutorial/py_env/lib/python3.12/site-packages/airflow/example_dags/example_python_decorator.py
[2024-09-01T01:17:29.128+0530] {logging_mixin.py:190} INFO - [2024-09-01T01:17:29.128+0530] {example_python_decorator.py:80} WARNING - The virtalenv_python example task requires virtualenv, please install it.
[2024-09-01T01:17:29.129+0530] {processor.py:925} INFO - DAG(s) 'example_python_decorator' retrieved from /Users/ravipal/Desktop/Workspace/airflow_tutorial/py_env/lib/python3.12/site-packages/airflow/example_dags/example_python_decorator.py
[2024-09-01T01:17:29.162+0530] {logging_mixin.py:190} INFO - [2024-09-01T01:17:29.162+0530] {dag.py:3211} INFO - Sync 1 DAGs
[2024-09-01T01:17:29.166+0530] {logging_mixin.py:190} INFO - [2024-09-01T01:17:29.166+0530] {dag.py:4138} INFO - Setting next_dagrun for example_python_decorator to None, run_after=None
[2024-09-01T01:17:29.173+0530] {processor.py:208} INFO - Processing /Users/ravipal/Desktop/Workspace/airflow_tutorial/py_env/lib/python3.12/site-packages/airflow/example_dags/example_python_decorator.py took 0.063 seconds
