[2024-09-01T00:22:59.355+0530] {processor.py:186} INFO - Started process (PID=1419) to work on /Users/ravipal/Desktop/Workspace/airflow_tutorial/py_env/lib/python3.12/site-packages/airflow/example_dags/example_trigger_target_dag.py
[2024-09-01T00:22:59.355+0530] {processor.py:914} INFO - Processing file /Users/ravipal/Desktop/Workspace/airflow_tutorial/py_env/lib/python3.12/site-packages/airflow/example_dags/example_trigger_target_dag.py for tasks to queue
[2024-09-01T00:22:59.355+0530] {logging_mixin.py:190} INFO - [2024-09-01T00:22:59.355+0530] {dagbag.py:587} INFO - Filling up the DagBag from /Users/ravipal/Desktop/Workspace/airflow_tutorial/py_env/lib/python3.12/site-packages/airflow/example_dags/example_trigger_target_dag.py
[2024-09-01T00:22:59.371+0530] {processor.py:925} INFO - DAG(s) 'example_trigger_target_dag' retrieved from /Users/ravipal/Desktop/Workspace/airflow_tutorial/py_env/lib/python3.12/site-packages/airflow/example_dags/example_trigger_target_dag.py
[2024-09-01T00:22:59.451+0530] {logging_mixin.py:190} INFO - [2024-09-01T00:22:59.451+0530] {override.py:1858} INFO - Created Permission View: can read on DAG:example_trigger_target_dag
[2024-09-01T00:22:59.488+0530] {logging_mixin.py:190} INFO - [2024-09-01T00:22:59.488+0530] {override.py:1858} INFO - Created Permission View: can delete on DAG:example_trigger_target_dag
[2024-09-01T00:22:59.491+0530] {logging_mixin.py:190} INFO - [2024-09-01T00:22:59.491+0530] {override.py:1858} INFO - Created Permission View: can edit on DAG:example_trigger_target_dag
[2024-09-01T00:22:59.491+0530] {logging_mixin.py:190} INFO - [2024-09-01T00:22:59.491+0530] {dag.py:3211} INFO - Sync 1 DAGs
[2024-09-01T00:22:59.496+0530] {logging_mixin.py:190} INFO - [2024-09-01T00:22:59.496+0530] {dag.py:3234} INFO - Creating ORM DAG for example_trigger_target_dag
[2024-09-01T00:22:59.496+0530] {logging_mixin.py:190} INFO - [2024-09-01T00:22:59.496+0530] {dag.py:4138} INFO - Setting next_dagrun for example_trigger_target_dag to None, run_after=None
[2024-09-01T00:22:59.503+0530] {processor.py:208} INFO - Processing /Users/ravipal/Desktop/Workspace/airflow_tutorial/py_env/lib/python3.12/site-packages/airflow/example_dags/example_trigger_target_dag.py took 0.150 seconds
[2024-09-01T00:24:39.306+0530] {processor.py:186} INFO - Started process (PID=1525) to work on /Users/ravipal/Desktop/Workspace/airflow_tutorial/py_env/lib/python3.12/site-packages/airflow/example_dags/example_trigger_target_dag.py
[2024-09-01T00:24:39.307+0530] {processor.py:914} INFO - Processing file /Users/ravipal/Desktop/Workspace/airflow_tutorial/py_env/lib/python3.12/site-packages/airflow/example_dags/example_trigger_target_dag.py for tasks to queue
[2024-09-01T00:24:39.307+0530] {logging_mixin.py:190} INFO - [2024-09-01T00:24:39.307+0530] {dagbag.py:587} INFO - Filling up the DagBag from /Users/ravipal/Desktop/Workspace/airflow_tutorial/py_env/lib/python3.12/site-packages/airflow/example_dags/example_trigger_target_dag.py
[2024-09-01T00:24:39.323+0530] {processor.py:925} INFO - DAG(s) 'example_trigger_target_dag' retrieved from /Users/ravipal/Desktop/Workspace/airflow_tutorial/py_env/lib/python3.12/site-packages/airflow/example_dags/example_trigger_target_dag.py
[2024-09-01T00:24:39.357+0530] {logging_mixin.py:190} INFO - [2024-09-01T00:24:39.357+0530] {dag.py:3211} INFO - Sync 1 DAGs
[2024-09-01T00:24:39.361+0530] {logging_mixin.py:190} INFO - [2024-09-01T00:24:39.361+0530] {dag.py:4138} INFO - Setting next_dagrun for example_trigger_target_dag to None, run_after=None
[2024-09-01T00:24:39.369+0530] {processor.py:208} INFO - Processing /Users/ravipal/Desktop/Workspace/airflow_tutorial/py_env/lib/python3.12/site-packages/airflow/example_dags/example_trigger_target_dag.py took 0.065 seconds
[2024-09-01T00:25:45.730+0530] {processor.py:186} INFO - Started process (PID=1594) to work on /Users/ravipal/Desktop/Workspace/airflow_tutorial/py_env/lib/python3.12/site-packages/airflow/example_dags/example_trigger_target_dag.py
[2024-09-01T00:25:45.731+0530] {processor.py:914} INFO - Processing file /Users/ravipal/Desktop/Workspace/airflow_tutorial/py_env/lib/python3.12/site-packages/airflow/example_dags/example_trigger_target_dag.py for tasks to queue
[2024-09-01T00:25:45.731+0530] {logging_mixin.py:190} INFO - [2024-09-01T00:25:45.731+0530] {dagbag.py:587} INFO - Filling up the DagBag from /Users/ravipal/Desktop/Workspace/airflow_tutorial/py_env/lib/python3.12/site-packages/airflow/example_dags/example_trigger_target_dag.py
[2024-09-01T00:25:45.747+0530] {processor.py:925} INFO - DAG(s) 'example_trigger_target_dag' retrieved from /Users/ravipal/Desktop/Workspace/airflow_tutorial/py_env/lib/python3.12/site-packages/airflow/example_dags/example_trigger_target_dag.py
[2024-09-01T00:25:45.782+0530] {logging_mixin.py:190} INFO - [2024-09-01T00:25:45.782+0530] {dag.py:3211} INFO - Sync 1 DAGs
[2024-09-01T00:25:45.787+0530] {logging_mixin.py:190} INFO - [2024-09-01T00:25:45.787+0530] {dag.py:4138} INFO - Setting next_dagrun for example_trigger_target_dag to None, run_after=None
[2024-09-01T00:25:45.794+0530] {processor.py:208} INFO - Processing /Users/ravipal/Desktop/Workspace/airflow_tutorial/py_env/lib/python3.12/site-packages/airflow/example_dags/example_trigger_target_dag.py took 0.066 seconds
[2024-09-01T00:26:53.496+0530] {processor.py:186} INFO - Started process (PID=1669) to work on /Users/ravipal/Desktop/Workspace/airflow_tutorial/py_env/lib/python3.12/site-packages/airflow/example_dags/example_trigger_target_dag.py
[2024-09-01T00:26:53.497+0530] {processor.py:914} INFO - Processing file /Users/ravipal/Desktop/Workspace/airflow_tutorial/py_env/lib/python3.12/site-packages/airflow/example_dags/example_trigger_target_dag.py for tasks to queue
[2024-09-01T00:26:53.497+0530] {logging_mixin.py:190} INFO - [2024-09-01T00:26:53.497+0530] {dagbag.py:587} INFO - Filling up the DagBag from /Users/ravipal/Desktop/Workspace/airflow_tutorial/py_env/lib/python3.12/site-packages/airflow/example_dags/example_trigger_target_dag.py
[2024-09-01T00:26:53.512+0530] {processor.py:925} INFO - DAG(s) 'example_trigger_target_dag' retrieved from /Users/ravipal/Desktop/Workspace/airflow_tutorial/py_env/lib/python3.12/site-packages/airflow/example_dags/example_trigger_target_dag.py
[2024-09-01T00:26:53.546+0530] {logging_mixin.py:190} INFO - [2024-09-01T00:26:53.546+0530] {dag.py:3211} INFO - Sync 1 DAGs
[2024-09-01T00:26:53.550+0530] {logging_mixin.py:190} INFO - [2024-09-01T00:26:53.550+0530] {dag.py:4138} INFO - Setting next_dagrun for example_trigger_target_dag to None, run_after=None
[2024-09-01T00:26:53.557+0530] {processor.py:208} INFO - Processing /Users/ravipal/Desktop/Workspace/airflow_tutorial/py_env/lib/python3.12/site-packages/airflow/example_dags/example_trigger_target_dag.py took 0.063 seconds
[2024-09-01T00:28:04.992+0530] {processor.py:186} INFO - Started process (PID=1921) to work on /Users/ravipal/Desktop/Workspace/airflow_tutorial/py_env/lib/python3.12/site-packages/airflow/example_dags/example_trigger_target_dag.py
[2024-09-01T00:28:04.993+0530] {processor.py:914} INFO - Processing file /Users/ravipal/Desktop/Workspace/airflow_tutorial/py_env/lib/python3.12/site-packages/airflow/example_dags/example_trigger_target_dag.py for tasks to queue
[2024-09-01T00:28:04.993+0530] {logging_mixin.py:190} INFO - [2024-09-01T00:28:04.993+0530] {dagbag.py:587} INFO - Filling up the DagBag from /Users/ravipal/Desktop/Workspace/airflow_tutorial/py_env/lib/python3.12/site-packages/airflow/example_dags/example_trigger_target_dag.py
[2024-09-01T00:28:05.008+0530] {processor.py:925} INFO - DAG(s) 'example_trigger_target_dag' retrieved from /Users/ravipal/Desktop/Workspace/airflow_tutorial/py_env/lib/python3.12/site-packages/airflow/example_dags/example_trigger_target_dag.py
[2024-09-01T00:28:05.041+0530] {logging_mixin.py:190} INFO - [2024-09-01T00:28:05.041+0530] {dag.py:3211} INFO - Sync 1 DAGs
[2024-09-01T00:28:05.046+0530] {logging_mixin.py:190} INFO - [2024-09-01T00:28:05.046+0530] {dag.py:4138} INFO - Setting next_dagrun for example_trigger_target_dag to None, run_after=None
[2024-09-01T00:28:05.052+0530] {processor.py:208} INFO - Processing /Users/ravipal/Desktop/Workspace/airflow_tutorial/py_env/lib/python3.12/site-packages/airflow/example_dags/example_trigger_target_dag.py took 0.062 seconds
[2024-09-01T00:29:12.035+0530] {processor.py:186} INFO - Started process (PID=1991) to work on /Users/ravipal/Desktop/Workspace/airflow_tutorial/py_env/lib/python3.12/site-packages/airflow/example_dags/example_trigger_target_dag.py
[2024-09-01T00:29:12.036+0530] {processor.py:914} INFO - Processing file /Users/ravipal/Desktop/Workspace/airflow_tutorial/py_env/lib/python3.12/site-packages/airflow/example_dags/example_trigger_target_dag.py for tasks to queue
[2024-09-01T00:29:12.036+0530] {logging_mixin.py:190} INFO - [2024-09-01T00:29:12.036+0530] {dagbag.py:587} INFO - Filling up the DagBag from /Users/ravipal/Desktop/Workspace/airflow_tutorial/py_env/lib/python3.12/site-packages/airflow/example_dags/example_trigger_target_dag.py
[2024-09-01T00:29:12.052+0530] {processor.py:925} INFO - DAG(s) 'example_trigger_target_dag' retrieved from /Users/ravipal/Desktop/Workspace/airflow_tutorial/py_env/lib/python3.12/site-packages/airflow/example_dags/example_trigger_target_dag.py
[2024-09-01T00:29:12.084+0530] {logging_mixin.py:190} INFO - [2024-09-01T00:29:12.084+0530] {dag.py:3211} INFO - Sync 1 DAGs
[2024-09-01T00:29:12.088+0530] {logging_mixin.py:190} INFO - [2024-09-01T00:29:12.088+0530] {dag.py:4138} INFO - Setting next_dagrun for example_trigger_target_dag to None, run_after=None
[2024-09-01T00:29:12.095+0530] {processor.py:208} INFO - Processing /Users/ravipal/Desktop/Workspace/airflow_tutorial/py_env/lib/python3.12/site-packages/airflow/example_dags/example_trigger_target_dag.py took 0.062 seconds
[2024-09-01T00:30:15.176+0530] {processor.py:186} INFO - Started process (PID=2055) to work on /Users/ravipal/Desktop/Workspace/airflow_tutorial/py_env/lib/python3.12/site-packages/airflow/example_dags/example_trigger_target_dag.py
[2024-09-01T00:30:15.177+0530] {processor.py:914} INFO - Processing file /Users/ravipal/Desktop/Workspace/airflow_tutorial/py_env/lib/python3.12/site-packages/airflow/example_dags/example_trigger_target_dag.py for tasks to queue
[2024-09-01T00:30:15.177+0530] {logging_mixin.py:190} INFO - [2024-09-01T00:30:15.177+0530] {dagbag.py:587} INFO - Filling up the DagBag from /Users/ravipal/Desktop/Workspace/airflow_tutorial/py_env/lib/python3.12/site-packages/airflow/example_dags/example_trigger_target_dag.py
[2024-09-01T00:30:15.192+0530] {processor.py:925} INFO - DAG(s) 'example_trigger_target_dag' retrieved from /Users/ravipal/Desktop/Workspace/airflow_tutorial/py_env/lib/python3.12/site-packages/airflow/example_dags/example_trigger_target_dag.py
[2024-09-01T00:30:15.224+0530] {logging_mixin.py:190} INFO - [2024-09-01T00:30:15.224+0530] {dag.py:3211} INFO - Sync 1 DAGs
[2024-09-01T00:30:15.228+0530] {logging_mixin.py:190} INFO - [2024-09-01T00:30:15.228+0530] {dag.py:4138} INFO - Setting next_dagrun for example_trigger_target_dag to None, run_after=None
[2024-09-01T00:30:15.234+0530] {processor.py:208} INFO - Processing /Users/ravipal/Desktop/Workspace/airflow_tutorial/py_env/lib/python3.12/site-packages/airflow/example_dags/example_trigger_target_dag.py took 0.060 seconds
[2024-09-01T00:31:21.355+0530] {processor.py:186} INFO - Started process (PID=2122) to work on /Users/ravipal/Desktop/Workspace/airflow_tutorial/py_env/lib/python3.12/site-packages/airflow/example_dags/example_trigger_target_dag.py
[2024-09-01T00:31:21.356+0530] {processor.py:914} INFO - Processing file /Users/ravipal/Desktop/Workspace/airflow_tutorial/py_env/lib/python3.12/site-packages/airflow/example_dags/example_trigger_target_dag.py for tasks to queue
[2024-09-01T00:31:21.356+0530] {logging_mixin.py:190} INFO - [2024-09-01T00:31:21.356+0530] {dagbag.py:587} INFO - Filling up the DagBag from /Users/ravipal/Desktop/Workspace/airflow_tutorial/py_env/lib/python3.12/site-packages/airflow/example_dags/example_trigger_target_dag.py
[2024-09-01T00:31:21.371+0530] {processor.py:925} INFO - DAG(s) 'example_trigger_target_dag' retrieved from /Users/ravipal/Desktop/Workspace/airflow_tutorial/py_env/lib/python3.12/site-packages/airflow/example_dags/example_trigger_target_dag.py
[2024-09-01T00:31:21.411+0530] {logging_mixin.py:190} INFO - [2024-09-01T00:31:21.411+0530] {dag.py:3211} INFO - Sync 1 DAGs
[2024-09-01T00:31:21.416+0530] {logging_mixin.py:190} INFO - [2024-09-01T00:31:21.416+0530] {dag.py:4138} INFO - Setting next_dagrun for example_trigger_target_dag to None, run_after=None
[2024-09-01T00:31:21.423+0530] {processor.py:208} INFO - Processing /Users/ravipal/Desktop/Workspace/airflow_tutorial/py_env/lib/python3.12/site-packages/airflow/example_dags/example_trigger_target_dag.py took 0.070 seconds
[2024-09-01T00:32:27.828+0530] {processor.py:186} INFO - Started process (PID=2189) to work on /Users/ravipal/Desktop/Workspace/airflow_tutorial/py_env/lib/python3.12/site-packages/airflow/example_dags/example_trigger_target_dag.py
[2024-09-01T00:32:27.828+0530] {processor.py:914} INFO - Processing file /Users/ravipal/Desktop/Workspace/airflow_tutorial/py_env/lib/python3.12/site-packages/airflow/example_dags/example_trigger_target_dag.py for tasks to queue
[2024-09-01T00:32:27.829+0530] {logging_mixin.py:190} INFO - [2024-09-01T00:32:27.828+0530] {dagbag.py:587} INFO - Filling up the DagBag from /Users/ravipal/Desktop/Workspace/airflow_tutorial/py_env/lib/python3.12/site-packages/airflow/example_dags/example_trigger_target_dag.py
[2024-09-01T00:32:27.843+0530] {processor.py:925} INFO - DAG(s) 'example_trigger_target_dag' retrieved from /Users/ravipal/Desktop/Workspace/airflow_tutorial/py_env/lib/python3.12/site-packages/airflow/example_dags/example_trigger_target_dag.py
[2024-09-01T00:32:27.876+0530] {logging_mixin.py:190} INFO - [2024-09-01T00:32:27.876+0530] {dag.py:3211} INFO - Sync 1 DAGs
[2024-09-01T00:32:27.881+0530] {logging_mixin.py:190} INFO - [2024-09-01T00:32:27.881+0530] {dag.py:4138} INFO - Setting next_dagrun for example_trigger_target_dag to None, run_after=None
[2024-09-01T00:32:27.887+0530] {processor.py:208} INFO - Processing /Users/ravipal/Desktop/Workspace/airflow_tutorial/py_env/lib/python3.12/site-packages/airflow/example_dags/example_trigger_target_dag.py took 0.061 seconds
[2024-09-01T00:33:35.028+0530] {processor.py:186} INFO - Started process (PID=2253) to work on /Users/ravipal/Desktop/Workspace/airflow_tutorial/py_env/lib/python3.12/site-packages/airflow/example_dags/example_trigger_target_dag.py
[2024-09-01T00:33:35.029+0530] {processor.py:914} INFO - Processing file /Users/ravipal/Desktop/Workspace/airflow_tutorial/py_env/lib/python3.12/site-packages/airflow/example_dags/example_trigger_target_dag.py for tasks to queue
[2024-09-01T00:33:35.029+0530] {logging_mixin.py:190} INFO - [2024-09-01T00:33:35.029+0530] {dagbag.py:587} INFO - Filling up the DagBag from /Users/ravipal/Desktop/Workspace/airflow_tutorial/py_env/lib/python3.12/site-packages/airflow/example_dags/example_trigger_target_dag.py
[2024-09-01T00:33:35.043+0530] {processor.py:925} INFO - DAG(s) 'example_trigger_target_dag' retrieved from /Users/ravipal/Desktop/Workspace/airflow_tutorial/py_env/lib/python3.12/site-packages/airflow/example_dags/example_trigger_target_dag.py
[2024-09-01T00:33:35.075+0530] {logging_mixin.py:190} INFO - [2024-09-01T00:33:35.075+0530] {dag.py:3211} INFO - Sync 1 DAGs
[2024-09-01T00:33:35.079+0530] {logging_mixin.py:190} INFO - [2024-09-01T00:33:35.079+0530] {dag.py:4138} INFO - Setting next_dagrun for example_trigger_target_dag to None, run_after=None
[2024-09-01T00:33:35.086+0530] {processor.py:208} INFO - Processing /Users/ravipal/Desktop/Workspace/airflow_tutorial/py_env/lib/python3.12/site-packages/airflow/example_dags/example_trigger_target_dag.py took 0.060 seconds
[2024-09-01T00:34:42.820+0530] {processor.py:186} INFO - Started process (PID=2322) to work on /Users/ravipal/Desktop/Workspace/airflow_tutorial/py_env/lib/python3.12/site-packages/airflow/example_dags/example_trigger_target_dag.py
[2024-09-01T00:34:42.820+0530] {processor.py:914} INFO - Processing file /Users/ravipal/Desktop/Workspace/airflow_tutorial/py_env/lib/python3.12/site-packages/airflow/example_dags/example_trigger_target_dag.py for tasks to queue
[2024-09-01T00:34:42.821+0530] {logging_mixin.py:190} INFO - [2024-09-01T00:34:42.821+0530] {dagbag.py:587} INFO - Filling up the DagBag from /Users/ravipal/Desktop/Workspace/airflow_tutorial/py_env/lib/python3.12/site-packages/airflow/example_dags/example_trigger_target_dag.py
[2024-09-01T00:34:42.836+0530] {processor.py:925} INFO - DAG(s) 'example_trigger_target_dag' retrieved from /Users/ravipal/Desktop/Workspace/airflow_tutorial/py_env/lib/python3.12/site-packages/airflow/example_dags/example_trigger_target_dag.py
[2024-09-01T00:34:42.868+0530] {logging_mixin.py:190} INFO - [2024-09-01T00:34:42.868+0530] {dag.py:3211} INFO - Sync 1 DAGs
[2024-09-01T00:34:42.872+0530] {logging_mixin.py:190} INFO - [2024-09-01T00:34:42.872+0530] {dag.py:4138} INFO - Setting next_dagrun for example_trigger_target_dag to None, run_after=None
[2024-09-01T00:34:42.879+0530] {processor.py:208} INFO - Processing /Users/ravipal/Desktop/Workspace/airflow_tutorial/py_env/lib/python3.12/site-packages/airflow/example_dags/example_trigger_target_dag.py took 0.061 seconds
[2024-09-01T00:35:49.774+0530] {processor.py:186} INFO - Started process (PID=2390) to work on /Users/ravipal/Desktop/Workspace/airflow_tutorial/py_env/lib/python3.12/site-packages/airflow/example_dags/example_trigger_target_dag.py
[2024-09-01T00:35:49.774+0530] {processor.py:914} INFO - Processing file /Users/ravipal/Desktop/Workspace/airflow_tutorial/py_env/lib/python3.12/site-packages/airflow/example_dags/example_trigger_target_dag.py for tasks to queue
[2024-09-01T00:35:49.775+0530] {logging_mixin.py:190} INFO - [2024-09-01T00:35:49.775+0530] {dagbag.py:587} INFO - Filling up the DagBag from /Users/ravipal/Desktop/Workspace/airflow_tutorial/py_env/lib/python3.12/site-packages/airflow/example_dags/example_trigger_target_dag.py
[2024-09-01T00:35:49.791+0530] {processor.py:925} INFO - DAG(s) 'example_trigger_target_dag' retrieved from /Users/ravipal/Desktop/Workspace/airflow_tutorial/py_env/lib/python3.12/site-packages/airflow/example_dags/example_trigger_target_dag.py
[2024-09-01T00:35:49.853+0530] {logging_mixin.py:190} INFO - [2024-09-01T00:35:49.853+0530] {dag.py:3211} INFO - Sync 1 DAGs
[2024-09-01T00:35:49.858+0530] {logging_mixin.py:190} INFO - [2024-09-01T00:35:49.858+0530] {dag.py:4138} INFO - Setting next_dagrun for example_trigger_target_dag to None, run_after=None
[2024-09-01T00:35:49.867+0530] {processor.py:208} INFO - Processing /Users/ravipal/Desktop/Workspace/airflow_tutorial/py_env/lib/python3.12/site-packages/airflow/example_dags/example_trigger_target_dag.py took 0.095 seconds
[2024-09-01T00:36:58.799+0530] {processor.py:186} INFO - Started process (PID=2458) to work on /Users/ravipal/Desktop/Workspace/airflow_tutorial/py_env/lib/python3.12/site-packages/airflow/example_dags/example_trigger_target_dag.py
[2024-09-01T00:36:58.800+0530] {processor.py:914} INFO - Processing file /Users/ravipal/Desktop/Workspace/airflow_tutorial/py_env/lib/python3.12/site-packages/airflow/example_dags/example_trigger_target_dag.py for tasks to queue
[2024-09-01T00:36:58.800+0530] {logging_mixin.py:190} INFO - [2024-09-01T00:36:58.800+0530] {dagbag.py:587} INFO - Filling up the DagBag from /Users/ravipal/Desktop/Workspace/airflow_tutorial/py_env/lib/python3.12/site-packages/airflow/example_dags/example_trigger_target_dag.py
[2024-09-01T00:36:58.814+0530] {processor.py:925} INFO - DAG(s) 'example_trigger_target_dag' retrieved from /Users/ravipal/Desktop/Workspace/airflow_tutorial/py_env/lib/python3.12/site-packages/airflow/example_dags/example_trigger_target_dag.py
[2024-09-01T00:36:58.847+0530] {logging_mixin.py:190} INFO - [2024-09-01T00:36:58.847+0530] {dag.py:3211} INFO - Sync 1 DAGs
[2024-09-01T00:36:58.851+0530] {logging_mixin.py:190} INFO - [2024-09-01T00:36:58.851+0530] {dag.py:4138} INFO - Setting next_dagrun for example_trigger_target_dag to None, run_after=None
[2024-09-01T00:36:58.858+0530] {processor.py:208} INFO - Processing /Users/ravipal/Desktop/Workspace/airflow_tutorial/py_env/lib/python3.12/site-packages/airflow/example_dags/example_trigger_target_dag.py took 0.061 seconds
[2024-09-01T00:38:04.739+0530] {processor.py:186} INFO - Started process (PID=2524) to work on /Users/ravipal/Desktop/Workspace/airflow_tutorial/py_env/lib/python3.12/site-packages/airflow/example_dags/example_trigger_target_dag.py
[2024-09-01T00:38:04.739+0530] {processor.py:914} INFO - Processing file /Users/ravipal/Desktop/Workspace/airflow_tutorial/py_env/lib/python3.12/site-packages/airflow/example_dags/example_trigger_target_dag.py for tasks to queue
[2024-09-01T00:38:04.740+0530] {logging_mixin.py:190} INFO - [2024-09-01T00:38:04.739+0530] {dagbag.py:587} INFO - Filling up the DagBag from /Users/ravipal/Desktop/Workspace/airflow_tutorial/py_env/lib/python3.12/site-packages/airflow/example_dags/example_trigger_target_dag.py
[2024-09-01T00:38:04.754+0530] {processor.py:925} INFO - DAG(s) 'example_trigger_target_dag' retrieved from /Users/ravipal/Desktop/Workspace/airflow_tutorial/py_env/lib/python3.12/site-packages/airflow/example_dags/example_trigger_target_dag.py
[2024-09-01T00:38:04.788+0530] {logging_mixin.py:190} INFO - [2024-09-01T00:38:04.787+0530] {dag.py:3211} INFO - Sync 1 DAGs
[2024-09-01T00:38:04.792+0530] {logging_mixin.py:190} INFO - [2024-09-01T00:38:04.791+0530] {dag.py:4138} INFO - Setting next_dagrun for example_trigger_target_dag to None, run_after=None
[2024-09-01T00:38:04.798+0530] {processor.py:208} INFO - Processing /Users/ravipal/Desktop/Workspace/airflow_tutorial/py_env/lib/python3.12/site-packages/airflow/example_dags/example_trigger_target_dag.py took 0.061 seconds
[2024-09-01T00:39:06.585+0530] {processor.py:186} INFO - Started process (PID=2589) to work on /Users/ravipal/Desktop/Workspace/airflow_tutorial/py_env/lib/python3.12/site-packages/airflow/example_dags/example_trigger_target_dag.py
[2024-09-01T00:39:06.585+0530] {processor.py:914} INFO - Processing file /Users/ravipal/Desktop/Workspace/airflow_tutorial/py_env/lib/python3.12/site-packages/airflow/example_dags/example_trigger_target_dag.py for tasks to queue
[2024-09-01T00:39:06.586+0530] {logging_mixin.py:190} INFO - [2024-09-01T00:39:06.586+0530] {dagbag.py:587} INFO - Filling up the DagBag from /Users/ravipal/Desktop/Workspace/airflow_tutorial/py_env/lib/python3.12/site-packages/airflow/example_dags/example_trigger_target_dag.py
[2024-09-01T00:39:06.601+0530] {processor.py:925} INFO - DAG(s) 'example_trigger_target_dag' retrieved from /Users/ravipal/Desktop/Workspace/airflow_tutorial/py_env/lib/python3.12/site-packages/airflow/example_dags/example_trigger_target_dag.py
[2024-09-01T00:39:06.633+0530] {logging_mixin.py:190} INFO - [2024-09-01T00:39:06.633+0530] {dag.py:3211} INFO - Sync 1 DAGs
[2024-09-01T00:39:06.637+0530] {logging_mixin.py:190} INFO - [2024-09-01T00:39:06.637+0530] {dag.py:4138} INFO - Setting next_dagrun for example_trigger_target_dag to None, run_after=None
[2024-09-01T00:39:06.644+0530] {processor.py:208} INFO - Processing /Users/ravipal/Desktop/Workspace/airflow_tutorial/py_env/lib/python3.12/site-packages/airflow/example_dags/example_trigger_target_dag.py took 0.061 seconds
[2024-09-01T00:40:09.072+0530] {processor.py:186} INFO - Started process (PID=2651) to work on /Users/ravipal/Desktop/Workspace/airflow_tutorial/py_env/lib/python3.12/site-packages/airflow/example_dags/example_trigger_target_dag.py
[2024-09-01T00:40:09.072+0530] {processor.py:914} INFO - Processing file /Users/ravipal/Desktop/Workspace/airflow_tutorial/py_env/lib/python3.12/site-packages/airflow/example_dags/example_trigger_target_dag.py for tasks to queue
[2024-09-01T00:40:09.072+0530] {logging_mixin.py:190} INFO - [2024-09-01T00:40:09.072+0530] {dagbag.py:587} INFO - Filling up the DagBag from /Users/ravipal/Desktop/Workspace/airflow_tutorial/py_env/lib/python3.12/site-packages/airflow/example_dags/example_trigger_target_dag.py
[2024-09-01T00:40:09.087+0530] {processor.py:925} INFO - DAG(s) 'example_trigger_target_dag' retrieved from /Users/ravipal/Desktop/Workspace/airflow_tutorial/py_env/lib/python3.12/site-packages/airflow/example_dags/example_trigger_target_dag.py
[2024-09-01T00:40:09.120+0530] {logging_mixin.py:190} INFO - [2024-09-01T00:40:09.120+0530] {dag.py:3211} INFO - Sync 1 DAGs
[2024-09-01T00:40:09.124+0530] {logging_mixin.py:190} INFO - [2024-09-01T00:40:09.124+0530] {dag.py:4138} INFO - Setting next_dagrun for example_trigger_target_dag to None, run_after=None
[2024-09-01T00:40:09.130+0530] {processor.py:208} INFO - Processing /Users/ravipal/Desktop/Workspace/airflow_tutorial/py_env/lib/python3.12/site-packages/airflow/example_dags/example_trigger_target_dag.py took 0.060 seconds
[2024-09-01T00:41:16.129+0530] {processor.py:186} INFO - Started process (PID=2717) to work on /Users/ravipal/Desktop/Workspace/airflow_tutorial/py_env/lib/python3.12/site-packages/airflow/example_dags/example_trigger_target_dag.py
[2024-09-01T00:41:16.129+0530] {processor.py:914} INFO - Processing file /Users/ravipal/Desktop/Workspace/airflow_tutorial/py_env/lib/python3.12/site-packages/airflow/example_dags/example_trigger_target_dag.py for tasks to queue
[2024-09-01T00:41:16.130+0530] {logging_mixin.py:190} INFO - [2024-09-01T00:41:16.130+0530] {dagbag.py:587} INFO - Filling up the DagBag from /Users/ravipal/Desktop/Workspace/airflow_tutorial/py_env/lib/python3.12/site-packages/airflow/example_dags/example_trigger_target_dag.py
[2024-09-01T00:41:16.145+0530] {processor.py:925} INFO - DAG(s) 'example_trigger_target_dag' retrieved from /Users/ravipal/Desktop/Workspace/airflow_tutorial/py_env/lib/python3.12/site-packages/airflow/example_dags/example_trigger_target_dag.py
[2024-09-01T00:41:16.177+0530] {logging_mixin.py:190} INFO - [2024-09-01T00:41:16.177+0530] {dag.py:3211} INFO - Sync 1 DAGs
[2024-09-01T00:41:16.181+0530] {logging_mixin.py:190} INFO - [2024-09-01T00:41:16.181+0530] {dag.py:4138} INFO - Setting next_dagrun for example_trigger_target_dag to None, run_after=None
[2024-09-01T00:41:16.188+0530] {processor.py:208} INFO - Processing /Users/ravipal/Desktop/Workspace/airflow_tutorial/py_env/lib/python3.12/site-packages/airflow/example_dags/example_trigger_target_dag.py took 0.061 seconds
[2024-09-01T00:42:22.185+0530] {processor.py:186} INFO - Started process (PID=2783) to work on /Users/ravipal/Desktop/Workspace/airflow_tutorial/py_env/lib/python3.12/site-packages/airflow/example_dags/example_trigger_target_dag.py
[2024-09-01T00:42:22.185+0530] {processor.py:914} INFO - Processing file /Users/ravipal/Desktop/Workspace/airflow_tutorial/py_env/lib/python3.12/site-packages/airflow/example_dags/example_trigger_target_dag.py for tasks to queue
[2024-09-01T00:42:22.186+0530] {logging_mixin.py:190} INFO - [2024-09-01T00:42:22.186+0530] {dagbag.py:587} INFO - Filling up the DagBag from /Users/ravipal/Desktop/Workspace/airflow_tutorial/py_env/lib/python3.12/site-packages/airflow/example_dags/example_trigger_target_dag.py
[2024-09-01T00:42:22.201+0530] {processor.py:925} INFO - DAG(s) 'example_trigger_target_dag' retrieved from /Users/ravipal/Desktop/Workspace/airflow_tutorial/py_env/lib/python3.12/site-packages/airflow/example_dags/example_trigger_target_dag.py
[2024-09-01T00:42:22.234+0530] {logging_mixin.py:190} INFO - [2024-09-01T00:42:22.234+0530] {dag.py:3211} INFO - Sync 1 DAGs
[2024-09-01T00:42:22.238+0530] {logging_mixin.py:190} INFO - [2024-09-01T00:42:22.238+0530] {dag.py:4138} INFO - Setting next_dagrun for example_trigger_target_dag to None, run_after=None
[2024-09-01T00:42:22.244+0530] {processor.py:208} INFO - Processing /Users/ravipal/Desktop/Workspace/airflow_tutorial/py_env/lib/python3.12/site-packages/airflow/example_dags/example_trigger_target_dag.py took 0.061 seconds
[2024-09-01T00:43:28.958+0530] {processor.py:186} INFO - Started process (PID=2847) to work on /Users/ravipal/Desktop/Workspace/airflow_tutorial/py_env/lib/python3.12/site-packages/airflow/example_dags/example_trigger_target_dag.py
[2024-09-01T00:43:28.958+0530] {processor.py:914} INFO - Processing file /Users/ravipal/Desktop/Workspace/airflow_tutorial/py_env/lib/python3.12/site-packages/airflow/example_dags/example_trigger_target_dag.py for tasks to queue
[2024-09-01T00:43:28.959+0530] {logging_mixin.py:190} INFO - [2024-09-01T00:43:28.959+0530] {dagbag.py:587} INFO - Filling up the DagBag from /Users/ravipal/Desktop/Workspace/airflow_tutorial/py_env/lib/python3.12/site-packages/airflow/example_dags/example_trigger_target_dag.py
[2024-09-01T00:43:28.974+0530] {processor.py:925} INFO - DAG(s) 'example_trigger_target_dag' retrieved from /Users/ravipal/Desktop/Workspace/airflow_tutorial/py_env/lib/python3.12/site-packages/airflow/example_dags/example_trigger_target_dag.py
[2024-09-01T00:43:29.006+0530] {logging_mixin.py:190} INFO - [2024-09-01T00:43:29.006+0530] {dag.py:3211} INFO - Sync 1 DAGs
[2024-09-01T00:43:29.010+0530] {logging_mixin.py:190} INFO - [2024-09-01T00:43:29.010+0530] {dag.py:4138} INFO - Setting next_dagrun for example_trigger_target_dag to None, run_after=None
[2024-09-01T00:43:29.017+0530] {processor.py:208} INFO - Processing /Users/ravipal/Desktop/Workspace/airflow_tutorial/py_env/lib/python3.12/site-packages/airflow/example_dags/example_trigger_target_dag.py took 0.061 seconds
[2024-09-01T00:44:37.282+0530] {processor.py:186} INFO - Started process (PID=2915) to work on /Users/ravipal/Desktop/Workspace/airflow_tutorial/py_env/lib/python3.12/site-packages/airflow/example_dags/example_trigger_target_dag.py
[2024-09-01T00:44:37.282+0530] {processor.py:914} INFO - Processing file /Users/ravipal/Desktop/Workspace/airflow_tutorial/py_env/lib/python3.12/site-packages/airflow/example_dags/example_trigger_target_dag.py for tasks to queue
[2024-09-01T00:44:37.283+0530] {logging_mixin.py:190} INFO - [2024-09-01T00:44:37.283+0530] {dagbag.py:587} INFO - Filling up the DagBag from /Users/ravipal/Desktop/Workspace/airflow_tutorial/py_env/lib/python3.12/site-packages/airflow/example_dags/example_trigger_target_dag.py
[2024-09-01T00:44:37.298+0530] {processor.py:925} INFO - DAG(s) 'example_trigger_target_dag' retrieved from /Users/ravipal/Desktop/Workspace/airflow_tutorial/py_env/lib/python3.12/site-packages/airflow/example_dags/example_trigger_target_dag.py
[2024-09-01T00:44:37.331+0530] {logging_mixin.py:190} INFO - [2024-09-01T00:44:37.331+0530] {dag.py:3211} INFO - Sync 1 DAGs
[2024-09-01T00:44:37.335+0530] {logging_mixin.py:190} INFO - [2024-09-01T00:44:37.335+0530] {dag.py:4138} INFO - Setting next_dagrun for example_trigger_target_dag to None, run_after=None
[2024-09-01T00:44:37.342+0530] {processor.py:208} INFO - Processing /Users/ravipal/Desktop/Workspace/airflow_tutorial/py_env/lib/python3.12/site-packages/airflow/example_dags/example_trigger_target_dag.py took 0.062 seconds
[2024-09-01T00:45:45.894+0530] {processor.py:186} INFO - Started process (PID=2982) to work on /Users/ravipal/Desktop/Workspace/airflow_tutorial/py_env/lib/python3.12/site-packages/airflow/example_dags/example_trigger_target_dag.py
[2024-09-01T00:45:45.894+0530] {processor.py:914} INFO - Processing file /Users/ravipal/Desktop/Workspace/airflow_tutorial/py_env/lib/python3.12/site-packages/airflow/example_dags/example_trigger_target_dag.py for tasks to queue
[2024-09-01T00:45:45.894+0530] {logging_mixin.py:190} INFO - [2024-09-01T00:45:45.894+0530] {dagbag.py:587} INFO - Filling up the DagBag from /Users/ravipal/Desktop/Workspace/airflow_tutorial/py_env/lib/python3.12/site-packages/airflow/example_dags/example_trigger_target_dag.py
[2024-09-01T00:45:45.909+0530] {processor.py:925} INFO - DAG(s) 'example_trigger_target_dag' retrieved from /Users/ravipal/Desktop/Workspace/airflow_tutorial/py_env/lib/python3.12/site-packages/airflow/example_dags/example_trigger_target_dag.py
[2024-09-01T00:45:45.942+0530] {logging_mixin.py:190} INFO - [2024-09-01T00:45:45.942+0530] {dag.py:3211} INFO - Sync 1 DAGs
[2024-09-01T00:45:45.946+0530] {logging_mixin.py:190} INFO - [2024-09-01T00:45:45.946+0530] {dag.py:4138} INFO - Setting next_dagrun for example_trigger_target_dag to None, run_after=None
[2024-09-01T00:45:45.952+0530] {processor.py:208} INFO - Processing /Users/ravipal/Desktop/Workspace/airflow_tutorial/py_env/lib/python3.12/site-packages/airflow/example_dags/example_trigger_target_dag.py took 0.061 seconds
[2024-09-01T00:46:51.632+0530] {processor.py:186} INFO - Started process (PID=3049) to work on /Users/ravipal/Desktop/Workspace/airflow_tutorial/py_env/lib/python3.12/site-packages/airflow/example_dags/example_trigger_target_dag.py
[2024-09-01T00:46:51.632+0530] {processor.py:914} INFO - Processing file /Users/ravipal/Desktop/Workspace/airflow_tutorial/py_env/lib/python3.12/site-packages/airflow/example_dags/example_trigger_target_dag.py for tasks to queue
[2024-09-01T00:46:51.633+0530] {logging_mixin.py:190} INFO - [2024-09-01T00:46:51.633+0530] {dagbag.py:587} INFO - Filling up the DagBag from /Users/ravipal/Desktop/Workspace/airflow_tutorial/py_env/lib/python3.12/site-packages/airflow/example_dags/example_trigger_target_dag.py
[2024-09-01T00:46:51.648+0530] {processor.py:925} INFO - DAG(s) 'example_trigger_target_dag' retrieved from /Users/ravipal/Desktop/Workspace/airflow_tutorial/py_env/lib/python3.12/site-packages/airflow/example_dags/example_trigger_target_dag.py
[2024-09-01T00:46:51.681+0530] {logging_mixin.py:190} INFO - [2024-09-01T00:46:51.681+0530] {dag.py:3211} INFO - Sync 1 DAGs
[2024-09-01T00:46:51.685+0530] {logging_mixin.py:190} INFO - [2024-09-01T00:46:51.685+0530] {dag.py:4138} INFO - Setting next_dagrun for example_trigger_target_dag to None, run_after=None
[2024-09-01T00:46:51.692+0530] {processor.py:208} INFO - Processing /Users/ravipal/Desktop/Workspace/airflow_tutorial/py_env/lib/python3.12/site-packages/airflow/example_dags/example_trigger_target_dag.py took 0.062 seconds
[2024-09-01T00:47:55.644+0530] {processor.py:186} INFO - Started process (PID=3112) to work on /Users/ravipal/Desktop/Workspace/airflow_tutorial/py_env/lib/python3.12/site-packages/airflow/example_dags/example_trigger_target_dag.py
[2024-09-01T00:47:55.645+0530] {processor.py:914} INFO - Processing file /Users/ravipal/Desktop/Workspace/airflow_tutorial/py_env/lib/python3.12/site-packages/airflow/example_dags/example_trigger_target_dag.py for tasks to queue
[2024-09-01T00:47:55.645+0530] {logging_mixin.py:190} INFO - [2024-09-01T00:47:55.645+0530] {dagbag.py:587} INFO - Filling up the DagBag from /Users/ravipal/Desktop/Workspace/airflow_tutorial/py_env/lib/python3.12/site-packages/airflow/example_dags/example_trigger_target_dag.py
[2024-09-01T00:47:55.660+0530] {processor.py:925} INFO - DAG(s) 'example_trigger_target_dag' retrieved from /Users/ravipal/Desktop/Workspace/airflow_tutorial/py_env/lib/python3.12/site-packages/airflow/example_dags/example_trigger_target_dag.py
[2024-09-01T00:47:55.693+0530] {logging_mixin.py:190} INFO - [2024-09-01T00:47:55.692+0530] {dag.py:3211} INFO - Sync 1 DAGs
[2024-09-01T00:47:55.696+0530] {logging_mixin.py:190} INFO - [2024-09-01T00:47:55.696+0530] {dag.py:4138} INFO - Setting next_dagrun for example_trigger_target_dag to None, run_after=None
[2024-09-01T00:47:55.703+0530] {processor.py:208} INFO - Processing /Users/ravipal/Desktop/Workspace/airflow_tutorial/py_env/lib/python3.12/site-packages/airflow/example_dags/example_trigger_target_dag.py took 0.061 seconds
[2024-09-01T00:48:59.166+0530] {processor.py:186} INFO - Started process (PID=3177) to work on /Users/ravipal/Desktop/Workspace/airflow_tutorial/py_env/lib/python3.12/site-packages/airflow/example_dags/example_trigger_target_dag.py
[2024-09-01T00:48:59.167+0530] {processor.py:914} INFO - Processing file /Users/ravipal/Desktop/Workspace/airflow_tutorial/py_env/lib/python3.12/site-packages/airflow/example_dags/example_trigger_target_dag.py for tasks to queue
[2024-09-01T00:48:59.168+0530] {logging_mixin.py:190} INFO - [2024-09-01T00:48:59.168+0530] {dagbag.py:587} INFO - Filling up the DagBag from /Users/ravipal/Desktop/Workspace/airflow_tutorial/py_env/lib/python3.12/site-packages/airflow/example_dags/example_trigger_target_dag.py
[2024-09-01T00:48:59.186+0530] {processor.py:925} INFO - DAG(s) 'example_trigger_target_dag' retrieved from /Users/ravipal/Desktop/Workspace/airflow_tutorial/py_env/lib/python3.12/site-packages/airflow/example_dags/example_trigger_target_dag.py
[2024-09-01T00:48:59.222+0530] {logging_mixin.py:190} INFO - [2024-09-01T00:48:59.222+0530] {dag.py:3211} INFO - Sync 1 DAGs
[2024-09-01T00:48:59.227+0530] {logging_mixin.py:190} INFO - [2024-09-01T00:48:59.227+0530] {dag.py:4138} INFO - Setting next_dagrun for example_trigger_target_dag to None, run_after=None
[2024-09-01T00:48:59.235+0530] {processor.py:208} INFO - Processing /Users/ravipal/Desktop/Workspace/airflow_tutorial/py_env/lib/python3.12/site-packages/airflow/example_dags/example_trigger_target_dag.py took 0.071 seconds
[2024-09-01T00:50:02.840+0530] {processor.py:186} INFO - Started process (PID=3258) to work on /Users/ravipal/Desktop/Workspace/airflow_tutorial/py_env/lib/python3.12/site-packages/airflow/example_dags/example_trigger_target_dag.py
[2024-09-01T00:50:02.841+0530] {processor.py:914} INFO - Processing file /Users/ravipal/Desktop/Workspace/airflow_tutorial/py_env/lib/python3.12/site-packages/airflow/example_dags/example_trigger_target_dag.py for tasks to queue
[2024-09-01T00:50:02.841+0530] {logging_mixin.py:190} INFO - [2024-09-01T00:50:02.841+0530] {dagbag.py:587} INFO - Filling up the DagBag from /Users/ravipal/Desktop/Workspace/airflow_tutorial/py_env/lib/python3.12/site-packages/airflow/example_dags/example_trigger_target_dag.py
[2024-09-01T00:50:02.857+0530] {processor.py:925} INFO - DAG(s) 'example_trigger_target_dag' retrieved from /Users/ravipal/Desktop/Workspace/airflow_tutorial/py_env/lib/python3.12/site-packages/airflow/example_dags/example_trigger_target_dag.py
[2024-09-01T00:50:02.891+0530] {logging_mixin.py:190} INFO - [2024-09-01T00:50:02.891+0530] {dag.py:3211} INFO - Sync 1 DAGs
[2024-09-01T00:50:02.895+0530] {logging_mixin.py:190} INFO - [2024-09-01T00:50:02.895+0530] {dag.py:4138} INFO - Setting next_dagrun for example_trigger_target_dag to None, run_after=None
[2024-09-01T00:50:02.902+0530] {processor.py:208} INFO - Processing /Users/ravipal/Desktop/Workspace/airflow_tutorial/py_env/lib/python3.12/site-packages/airflow/example_dags/example_trigger_target_dag.py took 0.065 seconds
[2024-09-01T00:51:13.110+0530] {processor.py:186} INFO - Started process (PID=3337) to work on /Users/ravipal/Desktop/Workspace/airflow_tutorial/py_env/lib/python3.12/site-packages/airflow/example_dags/example_trigger_target_dag.py
[2024-09-01T00:51:13.111+0530] {processor.py:914} INFO - Processing file /Users/ravipal/Desktop/Workspace/airflow_tutorial/py_env/lib/python3.12/site-packages/airflow/example_dags/example_trigger_target_dag.py for tasks to queue
[2024-09-01T00:51:13.111+0530] {logging_mixin.py:190} INFO - [2024-09-01T00:51:13.111+0530] {dagbag.py:587} INFO - Filling up the DagBag from /Users/ravipal/Desktop/Workspace/airflow_tutorial/py_env/lib/python3.12/site-packages/airflow/example_dags/example_trigger_target_dag.py
[2024-09-01T00:51:13.126+0530] {processor.py:925} INFO - DAG(s) 'example_trigger_target_dag' retrieved from /Users/ravipal/Desktop/Workspace/airflow_tutorial/py_env/lib/python3.12/site-packages/airflow/example_dags/example_trigger_target_dag.py
[2024-09-01T00:51:13.158+0530] {logging_mixin.py:190} INFO - [2024-09-01T00:51:13.158+0530] {dag.py:3211} INFO - Sync 1 DAGs
[2024-09-01T00:51:13.162+0530] {logging_mixin.py:190} INFO - [2024-09-01T00:51:13.162+0530] {dag.py:4138} INFO - Setting next_dagrun for example_trigger_target_dag to None, run_after=None
[2024-09-01T00:51:13.169+0530] {processor.py:208} INFO - Processing /Users/ravipal/Desktop/Workspace/airflow_tutorial/py_env/lib/python3.12/site-packages/airflow/example_dags/example_trigger_target_dag.py took 0.061 seconds
[2024-09-01T00:52:20.003+0530] {processor.py:186} INFO - Started process (PID=3403) to work on /Users/ravipal/Desktop/Workspace/airflow_tutorial/py_env/lib/python3.12/site-packages/airflow/example_dags/example_trigger_target_dag.py
[2024-09-01T00:52:20.003+0530] {processor.py:914} INFO - Processing file /Users/ravipal/Desktop/Workspace/airflow_tutorial/py_env/lib/python3.12/site-packages/airflow/example_dags/example_trigger_target_dag.py for tasks to queue
[2024-09-01T00:52:20.004+0530] {logging_mixin.py:190} INFO - [2024-09-01T00:52:20.004+0530] {dagbag.py:587} INFO - Filling up the DagBag from /Users/ravipal/Desktop/Workspace/airflow_tutorial/py_env/lib/python3.12/site-packages/airflow/example_dags/example_trigger_target_dag.py
[2024-09-01T00:52:20.019+0530] {processor.py:925} INFO - DAG(s) 'example_trigger_target_dag' retrieved from /Users/ravipal/Desktop/Workspace/airflow_tutorial/py_env/lib/python3.12/site-packages/airflow/example_dags/example_trigger_target_dag.py
[2024-09-01T00:52:20.052+0530] {logging_mixin.py:190} INFO - [2024-09-01T00:52:20.052+0530] {dag.py:3211} INFO - Sync 1 DAGs
[2024-09-01T00:52:20.056+0530] {logging_mixin.py:190} INFO - [2024-09-01T00:52:20.056+0530] {dag.py:4138} INFO - Setting next_dagrun for example_trigger_target_dag to None, run_after=None
[2024-09-01T00:52:20.062+0530] {processor.py:208} INFO - Processing /Users/ravipal/Desktop/Workspace/airflow_tutorial/py_env/lib/python3.12/site-packages/airflow/example_dags/example_trigger_target_dag.py took 0.061 seconds
[2024-09-01T00:53:25.921+0530] {processor.py:186} INFO - Started process (PID=3469) to work on /Users/ravipal/Desktop/Workspace/airflow_tutorial/py_env/lib/python3.12/site-packages/airflow/example_dags/example_trigger_target_dag.py
[2024-09-01T00:53:25.921+0530] {processor.py:914} INFO - Processing file /Users/ravipal/Desktop/Workspace/airflow_tutorial/py_env/lib/python3.12/site-packages/airflow/example_dags/example_trigger_target_dag.py for tasks to queue
[2024-09-01T00:53:25.921+0530] {logging_mixin.py:190} INFO - [2024-09-01T00:53:25.921+0530] {dagbag.py:587} INFO - Filling up the DagBag from /Users/ravipal/Desktop/Workspace/airflow_tutorial/py_env/lib/python3.12/site-packages/airflow/example_dags/example_trigger_target_dag.py
[2024-09-01T00:53:25.937+0530] {processor.py:925} INFO - DAG(s) 'example_trigger_target_dag' retrieved from /Users/ravipal/Desktop/Workspace/airflow_tutorial/py_env/lib/python3.12/site-packages/airflow/example_dags/example_trigger_target_dag.py
[2024-09-01T00:53:25.970+0530] {logging_mixin.py:190} INFO - [2024-09-01T00:53:25.969+0530] {dag.py:3211} INFO - Sync 1 DAGs
[2024-09-01T00:53:25.973+0530] {logging_mixin.py:190} INFO - [2024-09-01T00:53:25.973+0530] {dag.py:4138} INFO - Setting next_dagrun for example_trigger_target_dag to None, run_after=None
[2024-09-01T00:53:25.980+0530] {processor.py:208} INFO - Processing /Users/ravipal/Desktop/Workspace/airflow_tutorial/py_env/lib/python3.12/site-packages/airflow/example_dags/example_trigger_target_dag.py took 0.062 seconds
[2024-09-01T00:54:31.357+0530] {processor.py:186} INFO - Started process (PID=3534) to work on /Users/ravipal/Desktop/Workspace/airflow_tutorial/py_env/lib/python3.12/site-packages/airflow/example_dags/example_trigger_target_dag.py
[2024-09-01T00:54:31.357+0530] {processor.py:914} INFO - Processing file /Users/ravipal/Desktop/Workspace/airflow_tutorial/py_env/lib/python3.12/site-packages/airflow/example_dags/example_trigger_target_dag.py for tasks to queue
[2024-09-01T00:54:31.357+0530] {logging_mixin.py:190} INFO - [2024-09-01T00:54:31.357+0530] {dagbag.py:587} INFO - Filling up the DagBag from /Users/ravipal/Desktop/Workspace/airflow_tutorial/py_env/lib/python3.12/site-packages/airflow/example_dags/example_trigger_target_dag.py
[2024-09-01T00:54:31.372+0530] {processor.py:925} INFO - DAG(s) 'example_trigger_target_dag' retrieved from /Users/ravipal/Desktop/Workspace/airflow_tutorial/py_env/lib/python3.12/site-packages/airflow/example_dags/example_trigger_target_dag.py
[2024-09-01T00:54:31.405+0530] {logging_mixin.py:190} INFO - [2024-09-01T00:54:31.405+0530] {dag.py:3211} INFO - Sync 1 DAGs
[2024-09-01T00:54:31.409+0530] {logging_mixin.py:190} INFO - [2024-09-01T00:54:31.409+0530] {dag.py:4138} INFO - Setting next_dagrun for example_trigger_target_dag to None, run_after=None
[2024-09-01T00:54:31.415+0530] {processor.py:208} INFO - Processing /Users/ravipal/Desktop/Workspace/airflow_tutorial/py_env/lib/python3.12/site-packages/airflow/example_dags/example_trigger_target_dag.py took 0.061 seconds
[2024-09-01T00:55:37.421+0530] {processor.py:186} INFO - Started process (PID=3603) to work on /Users/ravipal/Desktop/Workspace/airflow_tutorial/py_env/lib/python3.12/site-packages/airflow/example_dags/example_trigger_target_dag.py
[2024-09-01T00:55:37.422+0530] {processor.py:914} INFO - Processing file /Users/ravipal/Desktop/Workspace/airflow_tutorial/py_env/lib/python3.12/site-packages/airflow/example_dags/example_trigger_target_dag.py for tasks to queue
[2024-09-01T00:55:37.422+0530] {logging_mixin.py:190} INFO - [2024-09-01T00:55:37.422+0530] {dagbag.py:587} INFO - Filling up the DagBag from /Users/ravipal/Desktop/Workspace/airflow_tutorial/py_env/lib/python3.12/site-packages/airflow/example_dags/example_trigger_target_dag.py
[2024-09-01T00:55:37.437+0530] {processor.py:925} INFO - DAG(s) 'example_trigger_target_dag' retrieved from /Users/ravipal/Desktop/Workspace/airflow_tutorial/py_env/lib/python3.12/site-packages/airflow/example_dags/example_trigger_target_dag.py
[2024-09-01T00:55:37.469+0530] {logging_mixin.py:190} INFO - [2024-09-01T00:55:37.469+0530] {dag.py:3211} INFO - Sync 1 DAGs
[2024-09-01T00:55:37.473+0530] {logging_mixin.py:190} INFO - [2024-09-01T00:55:37.473+0530] {dag.py:4138} INFO - Setting next_dagrun for example_trigger_target_dag to None, run_after=None
[2024-09-01T00:55:37.480+0530] {processor.py:208} INFO - Processing /Users/ravipal/Desktop/Workspace/airflow_tutorial/py_env/lib/python3.12/site-packages/airflow/example_dags/example_trigger_target_dag.py took 0.061 seconds
[2024-09-01T00:56:41.117+0530] {processor.py:186} INFO - Started process (PID=3664) to work on /Users/ravipal/Desktop/Workspace/airflow_tutorial/py_env/lib/python3.12/site-packages/airflow/example_dags/example_trigger_target_dag.py
[2024-09-01T00:56:41.117+0530] {processor.py:914} INFO - Processing file /Users/ravipal/Desktop/Workspace/airflow_tutorial/py_env/lib/python3.12/site-packages/airflow/example_dags/example_trigger_target_dag.py for tasks to queue
[2024-09-01T00:56:41.117+0530] {logging_mixin.py:190} INFO - [2024-09-01T00:56:41.117+0530] {dagbag.py:587} INFO - Filling up the DagBag from /Users/ravipal/Desktop/Workspace/airflow_tutorial/py_env/lib/python3.12/site-packages/airflow/example_dags/example_trigger_target_dag.py
[2024-09-01T00:56:41.132+0530] {processor.py:925} INFO - DAG(s) 'example_trigger_target_dag' retrieved from /Users/ravipal/Desktop/Workspace/airflow_tutorial/py_env/lib/python3.12/site-packages/airflow/example_dags/example_trigger_target_dag.py
[2024-09-01T00:56:41.165+0530] {logging_mixin.py:190} INFO - [2024-09-01T00:56:41.165+0530] {dag.py:3211} INFO - Sync 1 DAGs
[2024-09-01T00:56:41.169+0530] {logging_mixin.py:190} INFO - [2024-09-01T00:56:41.169+0530] {dag.py:4138} INFO - Setting next_dagrun for example_trigger_target_dag to None, run_after=None
[2024-09-01T00:56:41.175+0530] {processor.py:208} INFO - Processing /Users/ravipal/Desktop/Workspace/airflow_tutorial/py_env/lib/python3.12/site-packages/airflow/example_dags/example_trigger_target_dag.py took 0.061 seconds
[2024-09-01T00:57:47.655+0530] {processor.py:186} INFO - Started process (PID=3731) to work on /Users/ravipal/Desktop/Workspace/airflow_tutorial/py_env/lib/python3.12/site-packages/airflow/example_dags/example_trigger_target_dag.py
[2024-09-01T00:57:47.655+0530] {processor.py:914} INFO - Processing file /Users/ravipal/Desktop/Workspace/airflow_tutorial/py_env/lib/python3.12/site-packages/airflow/example_dags/example_trigger_target_dag.py for tasks to queue
[2024-09-01T00:57:47.656+0530] {logging_mixin.py:190} INFO - [2024-09-01T00:57:47.656+0530] {dagbag.py:587} INFO - Filling up the DagBag from /Users/ravipal/Desktop/Workspace/airflow_tutorial/py_env/lib/python3.12/site-packages/airflow/example_dags/example_trigger_target_dag.py
[2024-09-01T00:57:47.671+0530] {processor.py:925} INFO - DAG(s) 'example_trigger_target_dag' retrieved from /Users/ravipal/Desktop/Workspace/airflow_tutorial/py_env/lib/python3.12/site-packages/airflow/example_dags/example_trigger_target_dag.py
[2024-09-01T00:57:47.703+0530] {logging_mixin.py:190} INFO - [2024-09-01T00:57:47.703+0530] {dag.py:3211} INFO - Sync 1 DAGs
[2024-09-01T00:57:47.707+0530] {logging_mixin.py:190} INFO - [2024-09-01T00:57:47.707+0530] {dag.py:4138} INFO - Setting next_dagrun for example_trigger_target_dag to None, run_after=None
[2024-09-01T00:57:47.714+0530] {processor.py:208} INFO - Processing /Users/ravipal/Desktop/Workspace/airflow_tutorial/py_env/lib/python3.12/site-packages/airflow/example_dags/example_trigger_target_dag.py took 0.061 seconds
[2024-09-01T00:58:52.672+0530] {processor.py:186} INFO - Started process (PID=3797) to work on /Users/ravipal/Desktop/Workspace/airflow_tutorial/py_env/lib/python3.12/site-packages/airflow/example_dags/example_trigger_target_dag.py
[2024-09-01T00:58:52.672+0530] {processor.py:914} INFO - Processing file /Users/ravipal/Desktop/Workspace/airflow_tutorial/py_env/lib/python3.12/site-packages/airflow/example_dags/example_trigger_target_dag.py for tasks to queue
[2024-09-01T00:58:52.673+0530] {logging_mixin.py:190} INFO - [2024-09-01T00:58:52.672+0530] {dagbag.py:587} INFO - Filling up the DagBag from /Users/ravipal/Desktop/Workspace/airflow_tutorial/py_env/lib/python3.12/site-packages/airflow/example_dags/example_trigger_target_dag.py
[2024-09-01T00:58:52.688+0530] {processor.py:925} INFO - DAG(s) 'example_trigger_target_dag' retrieved from /Users/ravipal/Desktop/Workspace/airflow_tutorial/py_env/lib/python3.12/site-packages/airflow/example_dags/example_trigger_target_dag.py
[2024-09-01T00:58:52.720+0530] {logging_mixin.py:190} INFO - [2024-09-01T00:58:52.720+0530] {dag.py:3211} INFO - Sync 1 DAGs
[2024-09-01T00:58:52.724+0530] {logging_mixin.py:190} INFO - [2024-09-01T00:58:52.724+0530] {dag.py:4138} INFO - Setting next_dagrun for example_trigger_target_dag to None, run_after=None
[2024-09-01T00:58:52.731+0530] {processor.py:208} INFO - Processing /Users/ravipal/Desktop/Workspace/airflow_tutorial/py_env/lib/python3.12/site-packages/airflow/example_dags/example_trigger_target_dag.py took 0.061 seconds
[2024-09-01T00:59:58.805+0530] {processor.py:186} INFO - Started process (PID=3862) to work on /Users/ravipal/Desktop/Workspace/airflow_tutorial/py_env/lib/python3.12/site-packages/airflow/example_dags/example_trigger_target_dag.py
[2024-09-01T00:59:58.805+0530] {processor.py:914} INFO - Processing file /Users/ravipal/Desktop/Workspace/airflow_tutorial/py_env/lib/python3.12/site-packages/airflow/example_dags/example_trigger_target_dag.py for tasks to queue
[2024-09-01T00:59:58.805+0530] {logging_mixin.py:190} INFO - [2024-09-01T00:59:58.805+0530] {dagbag.py:587} INFO - Filling up the DagBag from /Users/ravipal/Desktop/Workspace/airflow_tutorial/py_env/lib/python3.12/site-packages/airflow/example_dags/example_trigger_target_dag.py
[2024-09-01T00:59:58.820+0530] {processor.py:925} INFO - DAG(s) 'example_trigger_target_dag' retrieved from /Users/ravipal/Desktop/Workspace/airflow_tutorial/py_env/lib/python3.12/site-packages/airflow/example_dags/example_trigger_target_dag.py
[2024-09-01T00:59:58.853+0530] {logging_mixin.py:190} INFO - [2024-09-01T00:59:58.853+0530] {dag.py:3211} INFO - Sync 1 DAGs
[2024-09-01T00:59:58.857+0530] {logging_mixin.py:190} INFO - [2024-09-01T00:59:58.857+0530] {dag.py:4138} INFO - Setting next_dagrun for example_trigger_target_dag to None, run_after=None
[2024-09-01T00:59:58.863+0530] {processor.py:208} INFO - Processing /Users/ravipal/Desktop/Workspace/airflow_tutorial/py_env/lib/python3.12/site-packages/airflow/example_dags/example_trigger_target_dag.py took 0.061 seconds
[2024-09-01T01:01:01.691+0530] {processor.py:186} INFO - Started process (PID=3925) to work on /Users/ravipal/Desktop/Workspace/airflow_tutorial/py_env/lib/python3.12/site-packages/airflow/example_dags/example_trigger_target_dag.py
[2024-09-01T01:01:01.692+0530] {processor.py:914} INFO - Processing file /Users/ravipal/Desktop/Workspace/airflow_tutorial/py_env/lib/python3.12/site-packages/airflow/example_dags/example_trigger_target_dag.py for tasks to queue
[2024-09-01T01:01:01.692+0530] {logging_mixin.py:190} INFO - [2024-09-01T01:01:01.692+0530] {dagbag.py:587} INFO - Filling up the DagBag from /Users/ravipal/Desktop/Workspace/airflow_tutorial/py_env/lib/python3.12/site-packages/airflow/example_dags/example_trigger_target_dag.py
[2024-09-01T01:01:01.707+0530] {processor.py:925} INFO - DAG(s) 'example_trigger_target_dag' retrieved from /Users/ravipal/Desktop/Workspace/airflow_tutorial/py_env/lib/python3.12/site-packages/airflow/example_dags/example_trigger_target_dag.py
[2024-09-01T01:01:01.741+0530] {logging_mixin.py:190} INFO - [2024-09-01T01:01:01.740+0530] {dag.py:3211} INFO - Sync 1 DAGs
[2024-09-01T01:01:01.744+0530] {logging_mixin.py:190} INFO - [2024-09-01T01:01:01.744+0530] {dag.py:4138} INFO - Setting next_dagrun for example_trigger_target_dag to None, run_after=None
[2024-09-01T01:01:01.751+0530] {processor.py:208} INFO - Processing /Users/ravipal/Desktop/Workspace/airflow_tutorial/py_env/lib/python3.12/site-packages/airflow/example_dags/example_trigger_target_dag.py took 0.062 seconds
[2024-09-01T01:02:06.131+0530] {processor.py:186} INFO - Started process (PID=3990) to work on /Users/ravipal/Desktop/Workspace/airflow_tutorial/py_env/lib/python3.12/site-packages/airflow/example_dags/example_trigger_target_dag.py
[2024-09-01T01:02:06.132+0530] {processor.py:914} INFO - Processing file /Users/ravipal/Desktop/Workspace/airflow_tutorial/py_env/lib/python3.12/site-packages/airflow/example_dags/example_trigger_target_dag.py for tasks to queue
[2024-09-01T01:02:06.132+0530] {logging_mixin.py:190} INFO - [2024-09-01T01:02:06.132+0530] {dagbag.py:587} INFO - Filling up the DagBag from /Users/ravipal/Desktop/Workspace/airflow_tutorial/py_env/lib/python3.12/site-packages/airflow/example_dags/example_trigger_target_dag.py
[2024-09-01T01:02:06.147+0530] {processor.py:925} INFO - DAG(s) 'example_trigger_target_dag' retrieved from /Users/ravipal/Desktop/Workspace/airflow_tutorial/py_env/lib/python3.12/site-packages/airflow/example_dags/example_trigger_target_dag.py
[2024-09-01T01:02:06.180+0530] {logging_mixin.py:190} INFO - [2024-09-01T01:02:06.180+0530] {dag.py:3211} INFO - Sync 1 DAGs
[2024-09-01T01:02:06.184+0530] {logging_mixin.py:190} INFO - [2024-09-01T01:02:06.184+0530] {dag.py:4138} INFO - Setting next_dagrun for example_trigger_target_dag to None, run_after=None
[2024-09-01T01:02:06.190+0530] {processor.py:208} INFO - Processing /Users/ravipal/Desktop/Workspace/airflow_tutorial/py_env/lib/python3.12/site-packages/airflow/example_dags/example_trigger_target_dag.py took 0.061 seconds
[2024-09-01T01:03:07.259+0530] {processor.py:186} INFO - Started process (PID=4055) to work on /Users/ravipal/Desktop/Workspace/airflow_tutorial/py_env/lib/python3.12/site-packages/airflow/example_dags/example_trigger_target_dag.py
[2024-09-01T01:03:07.259+0530] {processor.py:914} INFO - Processing file /Users/ravipal/Desktop/Workspace/airflow_tutorial/py_env/lib/python3.12/site-packages/airflow/example_dags/example_trigger_target_dag.py for tasks to queue
[2024-09-01T01:03:07.260+0530] {logging_mixin.py:190} INFO - [2024-09-01T01:03:07.260+0530] {dagbag.py:587} INFO - Filling up the DagBag from /Users/ravipal/Desktop/Workspace/airflow_tutorial/py_env/lib/python3.12/site-packages/airflow/example_dags/example_trigger_target_dag.py
[2024-09-01T01:03:07.276+0530] {processor.py:925} INFO - DAG(s) 'example_trigger_target_dag' retrieved from /Users/ravipal/Desktop/Workspace/airflow_tutorial/py_env/lib/python3.12/site-packages/airflow/example_dags/example_trigger_target_dag.py
[2024-09-01T01:03:07.309+0530] {logging_mixin.py:190} INFO - [2024-09-01T01:03:07.309+0530] {dag.py:3211} INFO - Sync 1 DAGs
[2024-09-01T01:03:07.313+0530] {logging_mixin.py:190} INFO - [2024-09-01T01:03:07.313+0530] {dag.py:4138} INFO - Setting next_dagrun for example_trigger_target_dag to None, run_after=None
[2024-09-01T01:03:07.320+0530] {processor.py:208} INFO - Processing /Users/ravipal/Desktop/Workspace/airflow_tutorial/py_env/lib/python3.12/site-packages/airflow/example_dags/example_trigger_target_dag.py took 0.063 seconds
[2024-09-01T01:04:12.527+0530] {processor.py:186} INFO - Started process (PID=4125) to work on /Users/ravipal/Desktop/Workspace/airflow_tutorial/py_env/lib/python3.12/site-packages/airflow/example_dags/example_trigger_target_dag.py
[2024-09-01T01:04:12.527+0530] {processor.py:914} INFO - Processing file /Users/ravipal/Desktop/Workspace/airflow_tutorial/py_env/lib/python3.12/site-packages/airflow/example_dags/example_trigger_target_dag.py for tasks to queue
[2024-09-01T01:04:12.528+0530] {logging_mixin.py:190} INFO - [2024-09-01T01:04:12.528+0530] {dagbag.py:587} INFO - Filling up the DagBag from /Users/ravipal/Desktop/Workspace/airflow_tutorial/py_env/lib/python3.12/site-packages/airflow/example_dags/example_trigger_target_dag.py
[2024-09-01T01:04:12.544+0530] {processor.py:925} INFO - DAG(s) 'example_trigger_target_dag' retrieved from /Users/ravipal/Desktop/Workspace/airflow_tutorial/py_env/lib/python3.12/site-packages/airflow/example_dags/example_trigger_target_dag.py
[2024-09-01T01:04:12.577+0530] {logging_mixin.py:190} INFO - [2024-09-01T01:04:12.577+0530] {dag.py:3211} INFO - Sync 1 DAGs
[2024-09-01T01:04:12.581+0530] {logging_mixin.py:190} INFO - [2024-09-01T01:04:12.581+0530] {dag.py:4138} INFO - Setting next_dagrun for example_trigger_target_dag to None, run_after=None
[2024-09-01T01:04:12.588+0530] {processor.py:208} INFO - Processing /Users/ravipal/Desktop/Workspace/airflow_tutorial/py_env/lib/python3.12/site-packages/airflow/example_dags/example_trigger_target_dag.py took 0.063 seconds
[2024-09-01T01:05:15.711+0530] {processor.py:186} INFO - Started process (PID=4207) to work on /Users/ravipal/Desktop/Workspace/airflow_tutorial/py_env/lib/python3.12/site-packages/airflow/example_dags/example_trigger_target_dag.py
[2024-09-01T01:05:15.712+0530] {processor.py:914} INFO - Processing file /Users/ravipal/Desktop/Workspace/airflow_tutorial/py_env/lib/python3.12/site-packages/airflow/example_dags/example_trigger_target_dag.py for tasks to queue
[2024-09-01T01:05:15.712+0530] {logging_mixin.py:190} INFO - [2024-09-01T01:05:15.712+0530] {dagbag.py:587} INFO - Filling up the DagBag from /Users/ravipal/Desktop/Workspace/airflow_tutorial/py_env/lib/python3.12/site-packages/airflow/example_dags/example_trigger_target_dag.py
[2024-09-01T01:05:15.727+0530] {processor.py:925} INFO - DAG(s) 'example_trigger_target_dag' retrieved from /Users/ravipal/Desktop/Workspace/airflow_tutorial/py_env/lib/python3.12/site-packages/airflow/example_dags/example_trigger_target_dag.py
[2024-09-01T01:05:15.760+0530] {logging_mixin.py:190} INFO - [2024-09-01T01:05:15.759+0530] {dag.py:3211} INFO - Sync 1 DAGs
[2024-09-01T01:05:15.763+0530] {logging_mixin.py:190} INFO - [2024-09-01T01:05:15.763+0530] {dag.py:4138} INFO - Setting next_dagrun for example_trigger_target_dag to None, run_after=None
[2024-09-01T01:05:15.770+0530] {processor.py:208} INFO - Processing /Users/ravipal/Desktop/Workspace/airflow_tutorial/py_env/lib/python3.12/site-packages/airflow/example_dags/example_trigger_target_dag.py took 0.060 seconds
[2024-09-01T01:06:20.233+0530] {processor.py:186} INFO - Started process (PID=4281) to work on /Users/ravipal/Desktop/Workspace/airflow_tutorial/py_env/lib/python3.12/site-packages/airflow/example_dags/example_trigger_target_dag.py
[2024-09-01T01:06:20.234+0530] {processor.py:914} INFO - Processing file /Users/ravipal/Desktop/Workspace/airflow_tutorial/py_env/lib/python3.12/site-packages/airflow/example_dags/example_trigger_target_dag.py for tasks to queue
[2024-09-01T01:06:20.234+0530] {logging_mixin.py:190} INFO - [2024-09-01T01:06:20.234+0530] {dagbag.py:587} INFO - Filling up the DagBag from /Users/ravipal/Desktop/Workspace/airflow_tutorial/py_env/lib/python3.12/site-packages/airflow/example_dags/example_trigger_target_dag.py
[2024-09-01T01:06:20.250+0530] {processor.py:925} INFO - DAG(s) 'example_trigger_target_dag' retrieved from /Users/ravipal/Desktop/Workspace/airflow_tutorial/py_env/lib/python3.12/site-packages/airflow/example_dags/example_trigger_target_dag.py
[2024-09-01T01:06:20.283+0530] {logging_mixin.py:190} INFO - [2024-09-01T01:06:20.283+0530] {dag.py:3211} INFO - Sync 1 DAGs
[2024-09-01T01:06:20.287+0530] {logging_mixin.py:190} INFO - [2024-09-01T01:06:20.287+0530] {dag.py:4138} INFO - Setting next_dagrun for example_trigger_target_dag to None, run_after=None
[2024-09-01T01:06:20.294+0530] {processor.py:208} INFO - Processing /Users/ravipal/Desktop/Workspace/airflow_tutorial/py_env/lib/python3.12/site-packages/airflow/example_dags/example_trigger_target_dag.py took 0.063 seconds
[2024-09-01T01:07:27.045+0530] {processor.py:186} INFO - Started process (PID=4348) to work on /Users/ravipal/Desktop/Workspace/airflow_tutorial/py_env/lib/python3.12/site-packages/airflow/example_dags/example_trigger_target_dag.py
[2024-09-01T01:07:27.046+0530] {processor.py:914} INFO - Processing file /Users/ravipal/Desktop/Workspace/airflow_tutorial/py_env/lib/python3.12/site-packages/airflow/example_dags/example_trigger_target_dag.py for tasks to queue
[2024-09-01T01:07:27.046+0530] {logging_mixin.py:190} INFO - [2024-09-01T01:07:27.046+0530] {dagbag.py:587} INFO - Filling up the DagBag from /Users/ravipal/Desktop/Workspace/airflow_tutorial/py_env/lib/python3.12/site-packages/airflow/example_dags/example_trigger_target_dag.py
[2024-09-01T01:07:27.061+0530] {processor.py:925} INFO - DAG(s) 'example_trigger_target_dag' retrieved from /Users/ravipal/Desktop/Workspace/airflow_tutorial/py_env/lib/python3.12/site-packages/airflow/example_dags/example_trigger_target_dag.py
[2024-09-01T01:07:27.094+0530] {logging_mixin.py:190} INFO - [2024-09-01T01:07:27.094+0530] {dag.py:3211} INFO - Sync 1 DAGs
[2024-09-01T01:07:27.098+0530] {logging_mixin.py:190} INFO - [2024-09-01T01:07:27.098+0530] {dag.py:4138} INFO - Setting next_dagrun for example_trigger_target_dag to None, run_after=None
[2024-09-01T01:07:27.105+0530] {processor.py:208} INFO - Processing /Users/ravipal/Desktop/Workspace/airflow_tutorial/py_env/lib/python3.12/site-packages/airflow/example_dags/example_trigger_target_dag.py took 0.061 seconds
[2024-09-01T01:08:33.416+0530] {processor.py:186} INFO - Started process (PID=4416) to work on /Users/ravipal/Desktop/Workspace/airflow_tutorial/py_env/lib/python3.12/site-packages/airflow/example_dags/example_trigger_target_dag.py
[2024-09-01T01:08:33.417+0530] {processor.py:914} INFO - Processing file /Users/ravipal/Desktop/Workspace/airflow_tutorial/py_env/lib/python3.12/site-packages/airflow/example_dags/example_trigger_target_dag.py for tasks to queue
[2024-09-01T01:08:33.417+0530] {logging_mixin.py:190} INFO - [2024-09-01T01:08:33.417+0530] {dagbag.py:587} INFO - Filling up the DagBag from /Users/ravipal/Desktop/Workspace/airflow_tutorial/py_env/lib/python3.12/site-packages/airflow/example_dags/example_trigger_target_dag.py
[2024-09-01T01:08:33.432+0530] {processor.py:925} INFO - DAG(s) 'example_trigger_target_dag' retrieved from /Users/ravipal/Desktop/Workspace/airflow_tutorial/py_env/lib/python3.12/site-packages/airflow/example_dags/example_trigger_target_dag.py
[2024-09-01T01:08:33.465+0530] {logging_mixin.py:190} INFO - [2024-09-01T01:08:33.465+0530] {dag.py:3211} INFO - Sync 1 DAGs
[2024-09-01T01:08:33.469+0530] {logging_mixin.py:190} INFO - [2024-09-01T01:08:33.469+0530] {dag.py:4138} INFO - Setting next_dagrun for example_trigger_target_dag to None, run_after=None
[2024-09-01T01:08:33.475+0530] {processor.py:208} INFO - Processing /Users/ravipal/Desktop/Workspace/airflow_tutorial/py_env/lib/python3.12/site-packages/airflow/example_dags/example_trigger_target_dag.py took 0.061 seconds
[2024-09-01T01:09:37.688+0530] {processor.py:186} INFO - Started process (PID=4479) to work on /Users/ravipal/Desktop/Workspace/airflow_tutorial/py_env/lib/python3.12/site-packages/airflow/example_dags/example_trigger_target_dag.py
[2024-09-01T01:09:37.688+0530] {processor.py:914} INFO - Processing file /Users/ravipal/Desktop/Workspace/airflow_tutorial/py_env/lib/python3.12/site-packages/airflow/example_dags/example_trigger_target_dag.py for tasks to queue
[2024-09-01T01:09:37.688+0530] {logging_mixin.py:190} INFO - [2024-09-01T01:09:37.688+0530] {dagbag.py:587} INFO - Filling up the DagBag from /Users/ravipal/Desktop/Workspace/airflow_tutorial/py_env/lib/python3.12/site-packages/airflow/example_dags/example_trigger_target_dag.py
[2024-09-01T01:09:37.704+0530] {processor.py:925} INFO - DAG(s) 'example_trigger_target_dag' retrieved from /Users/ravipal/Desktop/Workspace/airflow_tutorial/py_env/lib/python3.12/site-packages/airflow/example_dags/example_trigger_target_dag.py
[2024-09-01T01:09:37.737+0530] {logging_mixin.py:190} INFO - [2024-09-01T01:09:37.736+0530] {dag.py:3211} INFO - Sync 1 DAGs
[2024-09-01T01:09:37.741+0530] {logging_mixin.py:190} INFO - [2024-09-01T01:09:37.740+0530] {dag.py:4138} INFO - Setting next_dagrun for example_trigger_target_dag to None, run_after=None
[2024-09-01T01:09:37.747+0530] {processor.py:208} INFO - Processing /Users/ravipal/Desktop/Workspace/airflow_tutorial/py_env/lib/python3.12/site-packages/airflow/example_dags/example_trigger_target_dag.py took 0.062 seconds
[2024-09-01T01:10:39.635+0530] {processor.py:186} INFO - Started process (PID=4543) to work on /Users/ravipal/Desktop/Workspace/airflow_tutorial/py_env/lib/python3.12/site-packages/airflow/example_dags/example_trigger_target_dag.py
[2024-09-01T01:10:39.636+0530] {processor.py:914} INFO - Processing file /Users/ravipal/Desktop/Workspace/airflow_tutorial/py_env/lib/python3.12/site-packages/airflow/example_dags/example_trigger_target_dag.py for tasks to queue
[2024-09-01T01:10:39.636+0530] {logging_mixin.py:190} INFO - [2024-09-01T01:10:39.636+0530] {dagbag.py:587} INFO - Filling up the DagBag from /Users/ravipal/Desktop/Workspace/airflow_tutorial/py_env/lib/python3.12/site-packages/airflow/example_dags/example_trigger_target_dag.py
[2024-09-01T01:10:39.651+0530] {processor.py:925} INFO - DAG(s) 'example_trigger_target_dag' retrieved from /Users/ravipal/Desktop/Workspace/airflow_tutorial/py_env/lib/python3.12/site-packages/airflow/example_dags/example_trigger_target_dag.py
[2024-09-01T01:10:39.684+0530] {logging_mixin.py:190} INFO - [2024-09-01T01:10:39.684+0530] {dag.py:3211} INFO - Sync 1 DAGs
[2024-09-01T01:10:39.688+0530] {logging_mixin.py:190} INFO - [2024-09-01T01:10:39.688+0530] {dag.py:4138} INFO - Setting next_dagrun for example_trigger_target_dag to None, run_after=None
[2024-09-01T01:10:39.695+0530] {processor.py:208} INFO - Processing /Users/ravipal/Desktop/Workspace/airflow_tutorial/py_env/lib/python3.12/site-packages/airflow/example_dags/example_trigger_target_dag.py took 0.061 seconds
[2024-09-01T01:11:41.643+0530] {processor.py:186} INFO - Started process (PID=4605) to work on /Users/ravipal/Desktop/Workspace/airflow_tutorial/py_env/lib/python3.12/site-packages/airflow/example_dags/example_trigger_target_dag.py
[2024-09-01T01:11:41.644+0530] {processor.py:914} INFO - Processing file /Users/ravipal/Desktop/Workspace/airflow_tutorial/py_env/lib/python3.12/site-packages/airflow/example_dags/example_trigger_target_dag.py for tasks to queue
[2024-09-01T01:11:41.644+0530] {logging_mixin.py:190} INFO - [2024-09-01T01:11:41.644+0530] {dagbag.py:587} INFO - Filling up the DagBag from /Users/ravipal/Desktop/Workspace/airflow_tutorial/py_env/lib/python3.12/site-packages/airflow/example_dags/example_trigger_target_dag.py
[2024-09-01T01:11:41.659+0530] {processor.py:925} INFO - DAG(s) 'example_trigger_target_dag' retrieved from /Users/ravipal/Desktop/Workspace/airflow_tutorial/py_env/lib/python3.12/site-packages/airflow/example_dags/example_trigger_target_dag.py
[2024-09-01T01:11:41.692+0530] {logging_mixin.py:190} INFO - [2024-09-01T01:11:41.692+0530] {dag.py:3211} INFO - Sync 1 DAGs
[2024-09-01T01:11:41.696+0530] {logging_mixin.py:190} INFO - [2024-09-01T01:11:41.696+0530] {dag.py:4138} INFO - Setting next_dagrun for example_trigger_target_dag to None, run_after=None
[2024-09-01T01:11:41.702+0530] {processor.py:208} INFO - Processing /Users/ravipal/Desktop/Workspace/airflow_tutorial/py_env/lib/python3.12/site-packages/airflow/example_dags/example_trigger_target_dag.py took 0.061 seconds
[2024-09-01T01:12:45.252+0530] {processor.py:186} INFO - Started process (PID=4671) to work on /Users/ravipal/Desktop/Workspace/airflow_tutorial/py_env/lib/python3.12/site-packages/airflow/example_dags/example_trigger_target_dag.py
[2024-09-01T01:12:45.253+0530] {processor.py:914} INFO - Processing file /Users/ravipal/Desktop/Workspace/airflow_tutorial/py_env/lib/python3.12/site-packages/airflow/example_dags/example_trigger_target_dag.py for tasks to queue
[2024-09-01T01:12:45.253+0530] {logging_mixin.py:190} INFO - [2024-09-01T01:12:45.253+0530] {dagbag.py:587} INFO - Filling up the DagBag from /Users/ravipal/Desktop/Workspace/airflow_tutorial/py_env/lib/python3.12/site-packages/airflow/example_dags/example_trigger_target_dag.py
[2024-09-01T01:12:45.268+0530] {processor.py:925} INFO - DAG(s) 'example_trigger_target_dag' retrieved from /Users/ravipal/Desktop/Workspace/airflow_tutorial/py_env/lib/python3.12/site-packages/airflow/example_dags/example_trigger_target_dag.py
[2024-09-01T01:12:45.301+0530] {logging_mixin.py:190} INFO - [2024-09-01T01:12:45.300+0530] {dag.py:3211} INFO - Sync 1 DAGs
[2024-09-01T01:12:45.304+0530] {logging_mixin.py:190} INFO - [2024-09-01T01:12:45.304+0530] {dag.py:4138} INFO - Setting next_dagrun for example_trigger_target_dag to None, run_after=None
[2024-09-01T01:12:45.311+0530] {processor.py:208} INFO - Processing /Users/ravipal/Desktop/Workspace/airflow_tutorial/py_env/lib/python3.12/site-packages/airflow/example_dags/example_trigger_target_dag.py took 0.061 seconds
[2024-09-01T01:13:49.180+0530] {processor.py:186} INFO - Started process (PID=4734) to work on /Users/ravipal/Desktop/Workspace/airflow_tutorial/py_env/lib/python3.12/site-packages/airflow/example_dags/example_trigger_target_dag.py
[2024-09-01T01:13:49.181+0530] {processor.py:914} INFO - Processing file /Users/ravipal/Desktop/Workspace/airflow_tutorial/py_env/lib/python3.12/site-packages/airflow/example_dags/example_trigger_target_dag.py for tasks to queue
[2024-09-01T01:13:49.181+0530] {logging_mixin.py:190} INFO - [2024-09-01T01:13:49.181+0530] {dagbag.py:587} INFO - Filling up the DagBag from /Users/ravipal/Desktop/Workspace/airflow_tutorial/py_env/lib/python3.12/site-packages/airflow/example_dags/example_trigger_target_dag.py
[2024-09-01T01:13:49.196+0530] {processor.py:925} INFO - DAG(s) 'example_trigger_target_dag' retrieved from /Users/ravipal/Desktop/Workspace/airflow_tutorial/py_env/lib/python3.12/site-packages/airflow/example_dags/example_trigger_target_dag.py
[2024-09-01T01:13:49.229+0530] {logging_mixin.py:190} INFO - [2024-09-01T01:13:49.229+0530] {dag.py:3211} INFO - Sync 1 DAGs
[2024-09-01T01:13:49.233+0530] {logging_mixin.py:190} INFO - [2024-09-01T01:13:49.233+0530] {dag.py:4138} INFO - Setting next_dagrun for example_trigger_target_dag to None, run_after=None
[2024-09-01T01:13:49.239+0530] {processor.py:208} INFO - Processing /Users/ravipal/Desktop/Workspace/airflow_tutorial/py_env/lib/python3.12/site-packages/airflow/example_dags/example_trigger_target_dag.py took 0.061 seconds
[2024-09-01T01:14:55.538+0530] {processor.py:186} INFO - Started process (PID=4801) to work on /Users/ravipal/Desktop/Workspace/airflow_tutorial/py_env/lib/python3.12/site-packages/airflow/example_dags/example_trigger_target_dag.py
[2024-09-01T01:14:55.539+0530] {processor.py:914} INFO - Processing file /Users/ravipal/Desktop/Workspace/airflow_tutorial/py_env/lib/python3.12/site-packages/airflow/example_dags/example_trigger_target_dag.py for tasks to queue
[2024-09-01T01:14:55.539+0530] {logging_mixin.py:190} INFO - [2024-09-01T01:14:55.539+0530] {dagbag.py:587} INFO - Filling up the DagBag from /Users/ravipal/Desktop/Workspace/airflow_tutorial/py_env/lib/python3.12/site-packages/airflow/example_dags/example_trigger_target_dag.py
[2024-09-01T01:14:55.554+0530] {processor.py:925} INFO - DAG(s) 'example_trigger_target_dag' retrieved from /Users/ravipal/Desktop/Workspace/airflow_tutorial/py_env/lib/python3.12/site-packages/airflow/example_dags/example_trigger_target_dag.py
[2024-09-01T01:14:55.587+0530] {logging_mixin.py:190} INFO - [2024-09-01T01:14:55.587+0530] {dag.py:3211} INFO - Sync 1 DAGs
[2024-09-01T01:14:55.591+0530] {logging_mixin.py:190} INFO - [2024-09-01T01:14:55.591+0530] {dag.py:4138} INFO - Setting next_dagrun for example_trigger_target_dag to None, run_after=None
[2024-09-01T01:14:55.598+0530] {processor.py:208} INFO - Processing /Users/ravipal/Desktop/Workspace/airflow_tutorial/py_env/lib/python3.12/site-packages/airflow/example_dags/example_trigger_target_dag.py took 0.062 seconds
[2024-09-01T01:16:01.825+0530] {processor.py:186} INFO - Started process (PID=4866) to work on /Users/ravipal/Desktop/Workspace/airflow_tutorial/py_env/lib/python3.12/site-packages/airflow/example_dags/example_trigger_target_dag.py
[2024-09-01T01:16:01.825+0530] {processor.py:914} INFO - Processing file /Users/ravipal/Desktop/Workspace/airflow_tutorial/py_env/lib/python3.12/site-packages/airflow/example_dags/example_trigger_target_dag.py for tasks to queue
[2024-09-01T01:16:01.825+0530] {logging_mixin.py:190} INFO - [2024-09-01T01:16:01.825+0530] {dagbag.py:587} INFO - Filling up the DagBag from /Users/ravipal/Desktop/Workspace/airflow_tutorial/py_env/lib/python3.12/site-packages/airflow/example_dags/example_trigger_target_dag.py
[2024-09-01T01:16:01.840+0530] {processor.py:925} INFO - DAG(s) 'example_trigger_target_dag' retrieved from /Users/ravipal/Desktop/Workspace/airflow_tutorial/py_env/lib/python3.12/site-packages/airflow/example_dags/example_trigger_target_dag.py
[2024-09-01T01:16:01.873+0530] {logging_mixin.py:190} INFO - [2024-09-01T01:16:01.873+0530] {dag.py:3211} INFO - Sync 1 DAGs
[2024-09-01T01:16:01.877+0530] {logging_mixin.py:190} INFO - [2024-09-01T01:16:01.877+0530] {dag.py:4138} INFO - Setting next_dagrun for example_trigger_target_dag to None, run_after=None
[2024-09-01T01:16:01.884+0530] {processor.py:208} INFO - Processing /Users/ravipal/Desktop/Workspace/airflow_tutorial/py_env/lib/python3.12/site-packages/airflow/example_dags/example_trigger_target_dag.py took 0.061 seconds
[2024-09-01T01:17:07.796+0530] {processor.py:186} INFO - Started process (PID=4931) to work on /Users/ravipal/Desktop/Workspace/airflow_tutorial/py_env/lib/python3.12/site-packages/airflow/example_dags/example_trigger_target_dag.py
[2024-09-01T01:17:07.797+0530] {processor.py:914} INFO - Processing file /Users/ravipal/Desktop/Workspace/airflow_tutorial/py_env/lib/python3.12/site-packages/airflow/example_dags/example_trigger_target_dag.py for tasks to queue
[2024-09-01T01:17:07.797+0530] {logging_mixin.py:190} INFO - [2024-09-01T01:17:07.797+0530] {dagbag.py:587} INFO - Filling up the DagBag from /Users/ravipal/Desktop/Workspace/airflow_tutorial/py_env/lib/python3.12/site-packages/airflow/example_dags/example_trigger_target_dag.py
[2024-09-01T01:17:07.812+0530] {processor.py:925} INFO - DAG(s) 'example_trigger_target_dag' retrieved from /Users/ravipal/Desktop/Workspace/airflow_tutorial/py_env/lib/python3.12/site-packages/airflow/example_dags/example_trigger_target_dag.py
[2024-09-01T01:17:07.845+0530] {logging_mixin.py:190} INFO - [2024-09-01T01:17:07.844+0530] {dag.py:3211} INFO - Sync 1 DAGs
[2024-09-01T01:17:07.848+0530] {logging_mixin.py:190} INFO - [2024-09-01T01:17:07.848+0530] {dag.py:4138} INFO - Setting next_dagrun for example_trigger_target_dag to None, run_after=None
[2024-09-01T01:17:07.855+0530] {processor.py:208} INFO - Processing /Users/ravipal/Desktop/Workspace/airflow_tutorial/py_env/lib/python3.12/site-packages/airflow/example_dags/example_trigger_target_dag.py took 0.061 seconds
[2024-09-01T01:18:11.635+0530] {processor.py:186} INFO - Started process (PID=4997) to work on /Users/ravipal/Desktop/Workspace/airflow_tutorial/py_env/lib/python3.12/site-packages/airflow/example_dags/example_trigger_target_dag.py
[2024-09-01T01:18:11.636+0530] {processor.py:914} INFO - Processing file /Users/ravipal/Desktop/Workspace/airflow_tutorial/py_env/lib/python3.12/site-packages/airflow/example_dags/example_trigger_target_dag.py for tasks to queue
[2024-09-01T01:18:11.636+0530] {logging_mixin.py:190} INFO - [2024-09-01T01:18:11.636+0530] {dagbag.py:587} INFO - Filling up the DagBag from /Users/ravipal/Desktop/Workspace/airflow_tutorial/py_env/lib/python3.12/site-packages/airflow/example_dags/example_trigger_target_dag.py
[2024-09-01T01:18:11.651+0530] {processor.py:925} INFO - DAG(s) 'example_trigger_target_dag' retrieved from /Users/ravipal/Desktop/Workspace/airflow_tutorial/py_env/lib/python3.12/site-packages/airflow/example_dags/example_trigger_target_dag.py
[2024-09-01T01:18:11.684+0530] {logging_mixin.py:190} INFO - [2024-09-01T01:18:11.684+0530] {dag.py:3211} INFO - Sync 1 DAGs
[2024-09-01T01:18:11.688+0530] {logging_mixin.py:190} INFO - [2024-09-01T01:18:11.688+0530] {dag.py:4138} INFO - Setting next_dagrun for example_trigger_target_dag to None, run_after=None
[2024-09-01T01:18:11.694+0530] {processor.py:208} INFO - Processing /Users/ravipal/Desktop/Workspace/airflow_tutorial/py_env/lib/python3.12/site-packages/airflow/example_dags/example_trigger_target_dag.py took 0.061 seconds
