[2024-09-01T00:22:57.296+0530] {processor.py:186} INFO - Started process (PID=1418) to work on /Users/ravipal/Desktop/Workspace/airflow_tutorial/py_env/lib/python3.12/site-packages/airflow/example_dags/example_workday_timetable.py
[2024-09-01T00:22:57.297+0530] {processor.py:914} INFO - Processing file /Users/ravipal/Desktop/Workspace/airflow_tutorial/py_env/lib/python3.12/site-packages/airflow/example_dags/example_workday_timetable.py for tasks to queue
[2024-09-01T00:22:57.297+0530] {logging_mixin.py:190} INFO - [2024-09-01T00:22:57.297+0530] {dagbag.py:587} INFO - Filling up the DagBag from /Users/ravipal/Desktop/Workspace/airflow_tutorial/py_env/lib/python3.12/site-packages/airflow/example_dags/example_workday_timetable.py
[2024-09-01T00:22:57.298+0530] {logging_mixin.py:190} INFO - [2024-09-01T00:22:57.298+0530] {workday.py:41} WARNING - Could not import pandas. Holidays will not be considered.
[2024-09-01T00:22:57.301+0530] {processor.py:925} INFO - DAG(s) 'example_workday_timetable' retrieved from /Users/ravipal/Desktop/Workspace/airflow_tutorial/py_env/lib/python3.12/site-packages/airflow/example_dags/example_workday_timetable.py
[2024-09-01T00:22:57.332+0530] {logging_mixin.py:190} INFO - [2024-09-01T00:22:57.332+0530] {workday.py:41} WARNING - Could not import pandas. Holidays will not be considered.
[2024-09-01T00:22:57.369+0530] {logging_mixin.py:190} INFO - [2024-09-01T00:22:57.369+0530] {override.py:1858} INFO - Created Permission View: can edit on DAG:example_workday_timetable
[2024-09-01T00:22:57.372+0530] {logging_mixin.py:190} INFO - [2024-09-01T00:22:57.372+0530] {override.py:1858} INFO - Created Permission View: can read on DAG:example_workday_timetable
[2024-09-01T00:22:57.374+0530] {logging_mixin.py:190} INFO - [2024-09-01T00:22:57.374+0530] {override.py:1858} INFO - Created Permission View: can delete on DAG:example_workday_timetable
[2024-09-01T00:22:57.375+0530] {logging_mixin.py:190} INFO - [2024-09-01T00:22:57.375+0530] {dag.py:3211} INFO - Sync 1 DAGs
[2024-09-01T00:22:57.379+0530] {logging_mixin.py:190} INFO - [2024-09-01T00:22:57.378+0530] {dag.py:3234} INFO - Creating ORM DAG for example_workday_timetable
[2024-09-01T00:22:57.382+0530] {logging_mixin.py:190} INFO - [2024-09-01T00:22:57.382+0530] {dag.py:4138} INFO - Setting next_dagrun for example_workday_timetable to 2021-01-01 00:00:00+00:00, run_after=2021-01-02 00:00:00+00:00
[2024-09-01T00:22:57.415+0530] {processor.py:208} INFO - Processing /Users/ravipal/Desktop/Workspace/airflow_tutorial/py_env/lib/python3.12/site-packages/airflow/example_dags/example_workday_timetable.py took 0.120 seconds
[2024-09-01T00:24:38.054+0530] {processor.py:186} INFO - Started process (PID=1524) to work on /Users/ravipal/Desktop/Workspace/airflow_tutorial/py_env/lib/python3.12/site-packages/airflow/example_dags/example_workday_timetable.py
[2024-09-01T00:24:38.055+0530] {processor.py:914} INFO - Processing file /Users/ravipal/Desktop/Workspace/airflow_tutorial/py_env/lib/python3.12/site-packages/airflow/example_dags/example_workday_timetable.py for tasks to queue
[2024-09-01T00:24:38.055+0530] {logging_mixin.py:190} INFO - [2024-09-01T00:24:38.055+0530] {dagbag.py:587} INFO - Filling up the DagBag from /Users/ravipal/Desktop/Workspace/airflow_tutorial/py_env/lib/python3.12/site-packages/airflow/example_dags/example_workday_timetable.py
[2024-09-01T00:24:38.056+0530] {logging_mixin.py:190} INFO - [2024-09-01T00:24:38.056+0530] {workday.py:41} WARNING - Could not import pandas. Holidays will not be considered.
[2024-09-01T00:24:38.058+0530] {processor.py:925} INFO - DAG(s) 'example_workday_timetable' retrieved from /Users/ravipal/Desktop/Workspace/airflow_tutorial/py_env/lib/python3.12/site-packages/airflow/example_dags/example_workday_timetable.py
[2024-09-01T00:24:38.088+0530] {logging_mixin.py:190} INFO - [2024-09-01T00:24:38.088+0530] {workday.py:41} WARNING - Could not import pandas. Holidays will not be considered.
[2024-09-01T00:24:38.096+0530] {logging_mixin.py:190} INFO - [2024-09-01T00:24:38.096+0530] {dag.py:3211} INFO - Sync 1 DAGs
[2024-09-01T00:24:38.101+0530] {logging_mixin.py:190} INFO - [2024-09-01T00:24:38.101+0530] {dag.py:4138} INFO - Setting next_dagrun for example_workday_timetable to 2021-01-01 00:00:00+00:00, run_after=2021-01-02 00:00:00+00:00
[2024-09-01T00:24:38.108+0530] {processor.py:208} INFO - Processing /Users/ravipal/Desktop/Workspace/airflow_tutorial/py_env/lib/python3.12/site-packages/airflow/example_dags/example_workday_timetable.py took 0.056 seconds
[2024-09-01T00:25:43.798+0530] {processor.py:186} INFO - Started process (PID=1591) to work on /Users/ravipal/Desktop/Workspace/airflow_tutorial/py_env/lib/python3.12/site-packages/airflow/example_dags/example_workday_timetable.py
[2024-09-01T00:25:43.799+0530] {processor.py:914} INFO - Processing file /Users/ravipal/Desktop/Workspace/airflow_tutorial/py_env/lib/python3.12/site-packages/airflow/example_dags/example_workday_timetable.py for tasks to queue
[2024-09-01T00:25:43.799+0530] {logging_mixin.py:190} INFO - [2024-09-01T00:25:43.799+0530] {dagbag.py:587} INFO - Filling up the DagBag from /Users/ravipal/Desktop/Workspace/airflow_tutorial/py_env/lib/python3.12/site-packages/airflow/example_dags/example_workday_timetable.py
[2024-09-01T00:25:43.800+0530] {logging_mixin.py:190} INFO - [2024-09-01T00:25:43.800+0530] {workday.py:41} WARNING - Could not import pandas. Holidays will not be considered.
[2024-09-01T00:25:43.803+0530] {processor.py:925} INFO - DAG(s) 'example_workday_timetable' retrieved from /Users/ravipal/Desktop/Workspace/airflow_tutorial/py_env/lib/python3.12/site-packages/airflow/example_dags/example_workday_timetable.py
[2024-09-01T00:25:43.836+0530] {logging_mixin.py:190} INFO - [2024-09-01T00:25:43.836+0530] {workday.py:41} WARNING - Could not import pandas. Holidays will not be considered.
[2024-09-01T00:25:43.844+0530] {logging_mixin.py:190} INFO - [2024-09-01T00:25:43.844+0530] {dag.py:3211} INFO - Sync 1 DAGs
[2024-09-01T00:25:43.850+0530] {logging_mixin.py:190} INFO - [2024-09-01T00:25:43.850+0530] {dag.py:4138} INFO - Setting next_dagrun for example_workday_timetable to 2021-01-01 00:00:00+00:00, run_after=2021-01-02 00:00:00+00:00
[2024-09-01T00:25:43.858+0530] {processor.py:208} INFO - Processing /Users/ravipal/Desktop/Workspace/airflow_tutorial/py_env/lib/python3.12/site-packages/airflow/example_dags/example_workday_timetable.py took 0.062 seconds
[2024-09-01T00:26:51.627+0530] {processor.py:186} INFO - Started process (PID=1666) to work on /Users/ravipal/Desktop/Workspace/airflow_tutorial/py_env/lib/python3.12/site-packages/airflow/example_dags/example_workday_timetable.py
[2024-09-01T00:26:51.627+0530] {processor.py:914} INFO - Processing file /Users/ravipal/Desktop/Workspace/airflow_tutorial/py_env/lib/python3.12/site-packages/airflow/example_dags/example_workday_timetable.py for tasks to queue
[2024-09-01T00:26:51.627+0530] {logging_mixin.py:190} INFO - [2024-09-01T00:26:51.627+0530] {dagbag.py:587} INFO - Filling up the DagBag from /Users/ravipal/Desktop/Workspace/airflow_tutorial/py_env/lib/python3.12/site-packages/airflow/example_dags/example_workday_timetable.py
[2024-09-01T00:26:51.628+0530] {logging_mixin.py:190} INFO - [2024-09-01T00:26:51.628+0530] {workday.py:41} WARNING - Could not import pandas. Holidays will not be considered.
[2024-09-01T00:26:51.630+0530] {processor.py:925} INFO - DAG(s) 'example_workday_timetable' retrieved from /Users/ravipal/Desktop/Workspace/airflow_tutorial/py_env/lib/python3.12/site-packages/airflow/example_dags/example_workday_timetable.py
[2024-09-01T00:26:51.662+0530] {logging_mixin.py:190} INFO - [2024-09-01T00:26:51.662+0530] {workday.py:41} WARNING - Could not import pandas. Holidays will not be considered.
[2024-09-01T00:26:51.669+0530] {logging_mixin.py:190} INFO - [2024-09-01T00:26:51.669+0530] {dag.py:3211} INFO - Sync 1 DAGs
[2024-09-01T00:26:51.676+0530] {logging_mixin.py:190} INFO - [2024-09-01T00:26:51.676+0530] {dag.py:4138} INFO - Setting next_dagrun for example_workday_timetable to 2021-01-01 00:00:00+00:00, run_after=2021-01-02 00:00:00+00:00
[2024-09-01T00:26:51.682+0530] {processor.py:208} INFO - Processing /Users/ravipal/Desktop/Workspace/airflow_tutorial/py_env/lib/python3.12/site-packages/airflow/example_dags/example_workday_timetable.py took 0.058 seconds
[2024-09-01T00:28:03.668+0530] {processor.py:186} INFO - Started process (PID=1920) to work on /Users/ravipal/Desktop/Workspace/airflow_tutorial/py_env/lib/python3.12/site-packages/airflow/example_dags/example_workday_timetable.py
[2024-09-01T00:28:03.669+0530] {processor.py:914} INFO - Processing file /Users/ravipal/Desktop/Workspace/airflow_tutorial/py_env/lib/python3.12/site-packages/airflow/example_dags/example_workday_timetable.py for tasks to queue
[2024-09-01T00:28:03.669+0530] {logging_mixin.py:190} INFO - [2024-09-01T00:28:03.669+0530] {dagbag.py:587} INFO - Filling up the DagBag from /Users/ravipal/Desktop/Workspace/airflow_tutorial/py_env/lib/python3.12/site-packages/airflow/example_dags/example_workday_timetable.py
[2024-09-01T00:28:03.670+0530] {logging_mixin.py:190} INFO - [2024-09-01T00:28:03.670+0530] {workday.py:41} WARNING - Could not import pandas. Holidays will not be considered.
[2024-09-01T00:28:03.672+0530] {processor.py:925} INFO - DAG(s) 'example_workday_timetable' retrieved from /Users/ravipal/Desktop/Workspace/airflow_tutorial/py_env/lib/python3.12/site-packages/airflow/example_dags/example_workday_timetable.py
[2024-09-01T00:28:03.707+0530] {logging_mixin.py:190} INFO - [2024-09-01T00:28:03.707+0530] {workday.py:41} WARNING - Could not import pandas. Holidays will not be considered.
[2024-09-01T00:28:03.716+0530] {logging_mixin.py:190} INFO - [2024-09-01T00:28:03.716+0530] {dag.py:3211} INFO - Sync 1 DAGs
[2024-09-01T00:28:03.722+0530] {logging_mixin.py:190} INFO - [2024-09-01T00:28:03.722+0530] {dag.py:4138} INFO - Setting next_dagrun for example_workday_timetable to 2021-01-01 00:00:00+00:00, run_after=2021-01-02 00:00:00+00:00
[2024-09-01T00:28:03.728+0530] {processor.py:208} INFO - Processing /Users/ravipal/Desktop/Workspace/airflow_tutorial/py_env/lib/python3.12/site-packages/airflow/example_dags/example_workday_timetable.py took 0.062 seconds
[2024-09-01T00:29:10.686+0530] {processor.py:186} INFO - Started process (PID=1990) to work on /Users/ravipal/Desktop/Workspace/airflow_tutorial/py_env/lib/python3.12/site-packages/airflow/example_dags/example_workday_timetable.py
[2024-09-01T00:29:10.687+0530] {processor.py:914} INFO - Processing file /Users/ravipal/Desktop/Workspace/airflow_tutorial/py_env/lib/python3.12/site-packages/airflow/example_dags/example_workday_timetable.py for tasks to queue
[2024-09-01T00:29:10.687+0530] {logging_mixin.py:190} INFO - [2024-09-01T00:29:10.687+0530] {dagbag.py:587} INFO - Filling up the DagBag from /Users/ravipal/Desktop/Workspace/airflow_tutorial/py_env/lib/python3.12/site-packages/airflow/example_dags/example_workday_timetable.py
[2024-09-01T00:29:10.688+0530] {logging_mixin.py:190} INFO - [2024-09-01T00:29:10.688+0530] {workday.py:41} WARNING - Could not import pandas. Holidays will not be considered.
[2024-09-01T00:29:10.690+0530] {processor.py:925} INFO - DAG(s) 'example_workday_timetable' retrieved from /Users/ravipal/Desktop/Workspace/airflow_tutorial/py_env/lib/python3.12/site-packages/airflow/example_dags/example_workday_timetable.py
[2024-09-01T00:29:10.720+0530] {logging_mixin.py:190} INFO - [2024-09-01T00:29:10.720+0530] {workday.py:41} WARNING - Could not import pandas. Holidays will not be considered.
[2024-09-01T00:29:10.728+0530] {logging_mixin.py:190} INFO - [2024-09-01T00:29:10.728+0530] {dag.py:3211} INFO - Sync 1 DAGs
[2024-09-01T00:29:10.733+0530] {logging_mixin.py:190} INFO - [2024-09-01T00:29:10.733+0530] {dag.py:4138} INFO - Setting next_dagrun for example_workday_timetable to 2021-01-01 00:00:00+00:00, run_after=2021-01-02 00:00:00+00:00
[2024-09-01T00:29:10.740+0530] {processor.py:208} INFO - Processing /Users/ravipal/Desktop/Workspace/airflow_tutorial/py_env/lib/python3.12/site-packages/airflow/example_dags/example_workday_timetable.py took 0.056 seconds
[2024-09-01T00:30:13.327+0530] {processor.py:186} INFO - Started process (PID=2054) to work on /Users/ravipal/Desktop/Workspace/airflow_tutorial/py_env/lib/python3.12/site-packages/airflow/example_dags/example_workday_timetable.py
[2024-09-01T00:30:13.328+0530] {processor.py:914} INFO - Processing file /Users/ravipal/Desktop/Workspace/airflow_tutorial/py_env/lib/python3.12/site-packages/airflow/example_dags/example_workday_timetable.py for tasks to queue
[2024-09-01T00:30:13.328+0530] {logging_mixin.py:190} INFO - [2024-09-01T00:30:13.328+0530] {dagbag.py:587} INFO - Filling up the DagBag from /Users/ravipal/Desktop/Workspace/airflow_tutorial/py_env/lib/python3.12/site-packages/airflow/example_dags/example_workday_timetable.py
[2024-09-01T00:30:13.329+0530] {logging_mixin.py:190} INFO - [2024-09-01T00:30:13.329+0530] {workday.py:41} WARNING - Could not import pandas. Holidays will not be considered.
[2024-09-01T00:30:13.331+0530] {processor.py:925} INFO - DAG(s) 'example_workday_timetable' retrieved from /Users/ravipal/Desktop/Workspace/airflow_tutorial/py_env/lib/python3.12/site-packages/airflow/example_dags/example_workday_timetable.py
[2024-09-01T00:30:13.362+0530] {logging_mixin.py:190} INFO - [2024-09-01T00:30:13.362+0530] {workday.py:41} WARNING - Could not import pandas. Holidays will not be considered.
[2024-09-01T00:30:13.370+0530] {logging_mixin.py:190} INFO - [2024-09-01T00:30:13.370+0530] {dag.py:3211} INFO - Sync 1 DAGs
[2024-09-01T00:30:13.376+0530] {logging_mixin.py:190} INFO - [2024-09-01T00:30:13.376+0530] {dag.py:4138} INFO - Setting next_dagrun for example_workday_timetable to 2021-01-01 00:00:00+00:00, run_after=2021-01-02 00:00:00+00:00
[2024-09-01T00:30:13.382+0530] {processor.py:208} INFO - Processing /Users/ravipal/Desktop/Workspace/airflow_tutorial/py_env/lib/python3.12/site-packages/airflow/example_dags/example_workday_timetable.py took 0.057 seconds
[2024-09-01T00:31:19.533+0530] {processor.py:186} INFO - Started process (PID=2119) to work on /Users/ravipal/Desktop/Workspace/airflow_tutorial/py_env/lib/python3.12/site-packages/airflow/example_dags/example_workday_timetable.py
[2024-09-01T00:31:19.533+0530] {processor.py:914} INFO - Processing file /Users/ravipal/Desktop/Workspace/airflow_tutorial/py_env/lib/python3.12/site-packages/airflow/example_dags/example_workday_timetable.py for tasks to queue
[2024-09-01T00:31:19.534+0530] {logging_mixin.py:190} INFO - [2024-09-01T00:31:19.534+0530] {dagbag.py:587} INFO - Filling up the DagBag from /Users/ravipal/Desktop/Workspace/airflow_tutorial/py_env/lib/python3.12/site-packages/airflow/example_dags/example_workday_timetable.py
[2024-09-01T00:31:19.535+0530] {logging_mixin.py:190} INFO - [2024-09-01T00:31:19.535+0530] {workday.py:41} WARNING - Could not import pandas. Holidays will not be considered.
[2024-09-01T00:31:19.537+0530] {processor.py:925} INFO - DAG(s) 'example_workday_timetable' retrieved from /Users/ravipal/Desktop/Workspace/airflow_tutorial/py_env/lib/python3.12/site-packages/airflow/example_dags/example_workday_timetable.py
[2024-09-01T00:31:19.569+0530] {logging_mixin.py:190} INFO - [2024-09-01T00:31:19.569+0530] {workday.py:41} WARNING - Could not import pandas. Holidays will not be considered.
[2024-09-01T00:31:19.577+0530] {logging_mixin.py:190} INFO - [2024-09-01T00:31:19.577+0530] {dag.py:3211} INFO - Sync 1 DAGs
[2024-09-01T00:31:19.582+0530] {logging_mixin.py:190} INFO - [2024-09-01T00:31:19.582+0530] {dag.py:4138} INFO - Setting next_dagrun for example_workday_timetable to 2021-01-01 00:00:00+00:00, run_after=2021-01-02 00:00:00+00:00
[2024-09-01T00:31:19.589+0530] {processor.py:208} INFO - Processing /Users/ravipal/Desktop/Workspace/airflow_tutorial/py_env/lib/python3.12/site-packages/airflow/example_dags/example_workday_timetable.py took 0.058 seconds
[2024-09-01T00:32:25.941+0530] {processor.py:186} INFO - Started process (PID=2188) to work on /Users/ravipal/Desktop/Workspace/airflow_tutorial/py_env/lib/python3.12/site-packages/airflow/example_dags/example_workday_timetable.py
[2024-09-01T00:32:25.941+0530] {processor.py:914} INFO - Processing file /Users/ravipal/Desktop/Workspace/airflow_tutorial/py_env/lib/python3.12/site-packages/airflow/example_dags/example_workday_timetable.py for tasks to queue
[2024-09-01T00:32:25.942+0530] {logging_mixin.py:190} INFO - [2024-09-01T00:32:25.942+0530] {dagbag.py:587} INFO - Filling up the DagBag from /Users/ravipal/Desktop/Workspace/airflow_tutorial/py_env/lib/python3.12/site-packages/airflow/example_dags/example_workday_timetable.py
[2024-09-01T00:32:25.943+0530] {logging_mixin.py:190} INFO - [2024-09-01T00:32:25.943+0530] {workday.py:41} WARNING - Could not import pandas. Holidays will not be considered.
[2024-09-01T00:32:25.945+0530] {processor.py:925} INFO - DAG(s) 'example_workday_timetable' retrieved from /Users/ravipal/Desktop/Workspace/airflow_tutorial/py_env/lib/python3.12/site-packages/airflow/example_dags/example_workday_timetable.py
[2024-09-01T00:32:25.977+0530] {logging_mixin.py:190} INFO - [2024-09-01T00:32:25.977+0530] {workday.py:41} WARNING - Could not import pandas. Holidays will not be considered.
[2024-09-01T00:32:25.985+0530] {logging_mixin.py:190} INFO - [2024-09-01T00:32:25.985+0530] {dag.py:3211} INFO - Sync 1 DAGs
[2024-09-01T00:32:25.991+0530] {logging_mixin.py:190} INFO - [2024-09-01T00:32:25.991+0530] {dag.py:4138} INFO - Setting next_dagrun for example_workday_timetable to 2021-01-01 00:00:00+00:00, run_after=2021-01-02 00:00:00+00:00
[2024-09-01T00:32:25.998+0530] {processor.py:208} INFO - Processing /Users/ravipal/Desktop/Workspace/airflow_tutorial/py_env/lib/python3.12/site-packages/airflow/example_dags/example_workday_timetable.py took 0.059 seconds
[2024-09-01T00:33:34.039+0530] {processor.py:186} INFO - Started process (PID=2252) to work on /Users/ravipal/Desktop/Workspace/airflow_tutorial/py_env/lib/python3.12/site-packages/airflow/example_dags/example_workday_timetable.py
[2024-09-01T00:33:34.039+0530] {processor.py:914} INFO - Processing file /Users/ravipal/Desktop/Workspace/airflow_tutorial/py_env/lib/python3.12/site-packages/airflow/example_dags/example_workday_timetable.py for tasks to queue
[2024-09-01T00:33:34.040+0530] {logging_mixin.py:190} INFO - [2024-09-01T00:33:34.039+0530] {dagbag.py:587} INFO - Filling up the DagBag from /Users/ravipal/Desktop/Workspace/airflow_tutorial/py_env/lib/python3.12/site-packages/airflow/example_dags/example_workday_timetable.py
[2024-09-01T00:33:34.040+0530] {logging_mixin.py:190} INFO - [2024-09-01T00:33:34.040+0530] {workday.py:41} WARNING - Could not import pandas. Holidays will not be considered.
[2024-09-01T00:33:34.043+0530] {processor.py:925} INFO - DAG(s) 'example_workday_timetable' retrieved from /Users/ravipal/Desktop/Workspace/airflow_tutorial/py_env/lib/python3.12/site-packages/airflow/example_dags/example_workday_timetable.py
[2024-09-01T00:33:34.073+0530] {logging_mixin.py:190} INFO - [2024-09-01T00:33:34.073+0530] {workday.py:41} WARNING - Could not import pandas. Holidays will not be considered.
[2024-09-01T00:33:34.081+0530] {logging_mixin.py:190} INFO - [2024-09-01T00:33:34.081+0530] {dag.py:3211} INFO - Sync 1 DAGs
[2024-09-01T00:33:34.087+0530] {logging_mixin.py:190} INFO - [2024-09-01T00:33:34.087+0530] {dag.py:4138} INFO - Setting next_dagrun for example_workday_timetable to 2021-01-01 00:00:00+00:00, run_after=2021-01-02 00:00:00+00:00
[2024-09-01T00:33:34.093+0530] {processor.py:208} INFO - Processing /Users/ravipal/Desktop/Workspace/airflow_tutorial/py_env/lib/python3.12/site-packages/airflow/example_dags/example_workday_timetable.py took 0.056 seconds
[2024-09-01T00:34:40.979+0530] {processor.py:186} INFO - Started process (PID=2321) to work on /Users/ravipal/Desktop/Workspace/airflow_tutorial/py_env/lib/python3.12/site-packages/airflow/example_dags/example_workday_timetable.py
[2024-09-01T00:34:40.979+0530] {processor.py:914} INFO - Processing file /Users/ravipal/Desktop/Workspace/airflow_tutorial/py_env/lib/python3.12/site-packages/airflow/example_dags/example_workday_timetable.py for tasks to queue
[2024-09-01T00:34:40.980+0530] {logging_mixin.py:190} INFO - [2024-09-01T00:34:40.980+0530] {dagbag.py:587} INFO - Filling up the DagBag from /Users/ravipal/Desktop/Workspace/airflow_tutorial/py_env/lib/python3.12/site-packages/airflow/example_dags/example_workday_timetable.py
[2024-09-01T00:34:40.981+0530] {logging_mixin.py:190} INFO - [2024-09-01T00:34:40.981+0530] {workday.py:41} WARNING - Could not import pandas. Holidays will not be considered.
[2024-09-01T00:34:40.983+0530] {processor.py:925} INFO - DAG(s) 'example_workday_timetable' retrieved from /Users/ravipal/Desktop/Workspace/airflow_tutorial/py_env/lib/python3.12/site-packages/airflow/example_dags/example_workday_timetable.py
[2024-09-01T00:34:41.013+0530] {logging_mixin.py:190} INFO - [2024-09-01T00:34:41.013+0530] {workday.py:41} WARNING - Could not import pandas. Holidays will not be considered.
[2024-09-01T00:34:41.021+0530] {logging_mixin.py:190} INFO - [2024-09-01T00:34:41.021+0530] {dag.py:3211} INFO - Sync 1 DAGs
[2024-09-01T00:34:41.027+0530] {logging_mixin.py:190} INFO - [2024-09-01T00:34:41.027+0530] {dag.py:4138} INFO - Setting next_dagrun for example_workday_timetable to 2021-01-01 00:00:00+00:00, run_after=2021-01-02 00:00:00+00:00
[2024-09-01T00:34:41.033+0530] {processor.py:208} INFO - Processing /Users/ravipal/Desktop/Workspace/airflow_tutorial/py_env/lib/python3.12/site-packages/airflow/example_dags/example_workday_timetable.py took 0.056 seconds
[2024-09-01T00:35:47.892+0530] {processor.py:186} INFO - Started process (PID=2389) to work on /Users/ravipal/Desktop/Workspace/airflow_tutorial/py_env/lib/python3.12/site-packages/airflow/example_dags/example_workday_timetable.py
[2024-09-01T00:35:47.892+0530] {processor.py:914} INFO - Processing file /Users/ravipal/Desktop/Workspace/airflow_tutorial/py_env/lib/python3.12/site-packages/airflow/example_dags/example_workday_timetable.py for tasks to queue
[2024-09-01T00:35:47.892+0530] {logging_mixin.py:190} INFO - [2024-09-01T00:35:47.892+0530] {dagbag.py:587} INFO - Filling up the DagBag from /Users/ravipal/Desktop/Workspace/airflow_tutorial/py_env/lib/python3.12/site-packages/airflow/example_dags/example_workday_timetable.py
[2024-09-01T00:35:47.893+0530] {logging_mixin.py:190} INFO - [2024-09-01T00:35:47.893+0530] {workday.py:41} WARNING - Could not import pandas. Holidays will not be considered.
[2024-09-01T00:35:47.896+0530] {processor.py:925} INFO - DAG(s) 'example_workday_timetable' retrieved from /Users/ravipal/Desktop/Workspace/airflow_tutorial/py_env/lib/python3.12/site-packages/airflow/example_dags/example_workday_timetable.py
[2024-09-01T00:35:47.927+0530] {logging_mixin.py:190} INFO - [2024-09-01T00:35:47.927+0530] {workday.py:41} WARNING - Could not import pandas. Holidays will not be considered.
[2024-09-01T00:35:47.934+0530] {logging_mixin.py:190} INFO - [2024-09-01T00:35:47.934+0530] {dag.py:3211} INFO - Sync 1 DAGs
[2024-09-01T00:35:47.940+0530] {logging_mixin.py:190} INFO - [2024-09-01T00:35:47.940+0530] {dag.py:4138} INFO - Setting next_dagrun for example_workday_timetable to 2021-01-01 00:00:00+00:00, run_after=2021-01-02 00:00:00+00:00
[2024-09-01T00:35:47.947+0530] {processor.py:208} INFO - Processing /Users/ravipal/Desktop/Workspace/airflow_tutorial/py_env/lib/python3.12/site-packages/airflow/example_dags/example_workday_timetable.py took 0.057 seconds
[2024-09-01T00:36:57.761+0530] {processor.py:186} INFO - Started process (PID=2457) to work on /Users/ravipal/Desktop/Workspace/airflow_tutorial/py_env/lib/python3.12/site-packages/airflow/example_dags/example_workday_timetable.py
[2024-09-01T00:36:57.761+0530] {processor.py:914} INFO - Processing file /Users/ravipal/Desktop/Workspace/airflow_tutorial/py_env/lib/python3.12/site-packages/airflow/example_dags/example_workday_timetable.py for tasks to queue
[2024-09-01T00:36:57.762+0530] {logging_mixin.py:190} INFO - [2024-09-01T00:36:57.762+0530] {dagbag.py:587} INFO - Filling up the DagBag from /Users/ravipal/Desktop/Workspace/airflow_tutorial/py_env/lib/python3.12/site-packages/airflow/example_dags/example_workday_timetable.py
[2024-09-01T00:36:57.763+0530] {logging_mixin.py:190} INFO - [2024-09-01T00:36:57.763+0530] {workday.py:41} WARNING - Could not import pandas. Holidays will not be considered.
[2024-09-01T00:36:57.765+0530] {processor.py:925} INFO - DAG(s) 'example_workday_timetable' retrieved from /Users/ravipal/Desktop/Workspace/airflow_tutorial/py_env/lib/python3.12/site-packages/airflow/example_dags/example_workday_timetable.py
[2024-09-01T00:36:57.796+0530] {logging_mixin.py:190} INFO - [2024-09-01T00:36:57.796+0530] {workday.py:41} WARNING - Could not import pandas. Holidays will not be considered.
[2024-09-01T00:36:57.804+0530] {logging_mixin.py:190} INFO - [2024-09-01T00:36:57.804+0530] {dag.py:3211} INFO - Sync 1 DAGs
[2024-09-01T00:36:57.809+0530] {logging_mixin.py:190} INFO - [2024-09-01T00:36:57.809+0530] {dag.py:4138} INFO - Setting next_dagrun for example_workday_timetable to 2021-01-01 00:00:00+00:00, run_after=2021-01-02 00:00:00+00:00
[2024-09-01T00:36:57.816+0530] {processor.py:208} INFO - Processing /Users/ravipal/Desktop/Workspace/airflow_tutorial/py_env/lib/python3.12/site-packages/airflow/example_dags/example_workday_timetable.py took 0.057 seconds
[2024-09-01T00:38:02.860+0530] {processor.py:186} INFO - Started process (PID=2523) to work on /Users/ravipal/Desktop/Workspace/airflow_tutorial/py_env/lib/python3.12/site-packages/airflow/example_dags/example_workday_timetable.py
[2024-09-01T00:38:02.860+0530] {processor.py:914} INFO - Processing file /Users/ravipal/Desktop/Workspace/airflow_tutorial/py_env/lib/python3.12/site-packages/airflow/example_dags/example_workday_timetable.py for tasks to queue
[2024-09-01T00:38:02.861+0530] {logging_mixin.py:190} INFO - [2024-09-01T00:38:02.861+0530] {dagbag.py:587} INFO - Filling up the DagBag from /Users/ravipal/Desktop/Workspace/airflow_tutorial/py_env/lib/python3.12/site-packages/airflow/example_dags/example_workday_timetable.py
[2024-09-01T00:38:02.862+0530] {logging_mixin.py:190} INFO - [2024-09-01T00:38:02.862+0530] {workday.py:41} WARNING - Could not import pandas. Holidays will not be considered.
[2024-09-01T00:38:02.864+0530] {processor.py:925} INFO - DAG(s) 'example_workday_timetable' retrieved from /Users/ravipal/Desktop/Workspace/airflow_tutorial/py_env/lib/python3.12/site-packages/airflow/example_dags/example_workday_timetable.py
[2024-09-01T00:38:02.895+0530] {logging_mixin.py:190} INFO - [2024-09-01T00:38:02.895+0530] {workday.py:41} WARNING - Could not import pandas. Holidays will not be considered.
[2024-09-01T00:38:02.902+0530] {logging_mixin.py:190} INFO - [2024-09-01T00:38:02.902+0530] {dag.py:3211} INFO - Sync 1 DAGs
[2024-09-01T00:38:02.908+0530] {logging_mixin.py:190} INFO - [2024-09-01T00:38:02.908+0530] {dag.py:4138} INFO - Setting next_dagrun for example_workday_timetable to 2021-01-01 00:00:00+00:00, run_after=2021-01-02 00:00:00+00:00
[2024-09-01T00:38:02.914+0530] {processor.py:208} INFO - Processing /Users/ravipal/Desktop/Workspace/airflow_tutorial/py_env/lib/python3.12/site-packages/airflow/example_dags/example_workday_timetable.py took 0.057 seconds
[2024-09-01T00:39:04.736+0530] {processor.py:186} INFO - Started process (PID=2586) to work on /Users/ravipal/Desktop/Workspace/airflow_tutorial/py_env/lib/python3.12/site-packages/airflow/example_dags/example_workday_timetable.py
[2024-09-01T00:39:04.736+0530] {processor.py:914} INFO - Processing file /Users/ravipal/Desktop/Workspace/airflow_tutorial/py_env/lib/python3.12/site-packages/airflow/example_dags/example_workday_timetable.py for tasks to queue
[2024-09-01T00:39:04.737+0530] {logging_mixin.py:190} INFO - [2024-09-01T00:39:04.737+0530] {dagbag.py:587} INFO - Filling up the DagBag from /Users/ravipal/Desktop/Workspace/airflow_tutorial/py_env/lib/python3.12/site-packages/airflow/example_dags/example_workday_timetable.py
[2024-09-01T00:39:04.738+0530] {logging_mixin.py:190} INFO - [2024-09-01T00:39:04.738+0530] {workday.py:41} WARNING - Could not import pandas. Holidays will not be considered.
[2024-09-01T00:39:04.740+0530] {processor.py:925} INFO - DAG(s) 'example_workday_timetable' retrieved from /Users/ravipal/Desktop/Workspace/airflow_tutorial/py_env/lib/python3.12/site-packages/airflow/example_dags/example_workday_timetable.py
[2024-09-01T00:39:04.771+0530] {logging_mixin.py:190} INFO - [2024-09-01T00:39:04.771+0530] {workday.py:41} WARNING - Could not import pandas. Holidays will not be considered.
[2024-09-01T00:39:04.778+0530] {logging_mixin.py:190} INFO - [2024-09-01T00:39:04.778+0530] {dag.py:3211} INFO - Sync 1 DAGs
[2024-09-01T00:39:04.784+0530] {logging_mixin.py:190} INFO - [2024-09-01T00:39:04.784+0530] {dag.py:4138} INFO - Setting next_dagrun for example_workday_timetable to 2021-01-01 00:00:00+00:00, run_after=2021-01-02 00:00:00+00:00
[2024-09-01T00:39:04.791+0530] {processor.py:208} INFO - Processing /Users/ravipal/Desktop/Workspace/airflow_tutorial/py_env/lib/python3.12/site-packages/airflow/example_dags/example_workday_timetable.py took 0.057 seconds
[2024-09-01T00:40:07.232+0530] {processor.py:186} INFO - Started process (PID=2650) to work on /Users/ravipal/Desktop/Workspace/airflow_tutorial/py_env/lib/python3.12/site-packages/airflow/example_dags/example_workday_timetable.py
[2024-09-01T00:40:07.232+0530] {processor.py:914} INFO - Processing file /Users/ravipal/Desktop/Workspace/airflow_tutorial/py_env/lib/python3.12/site-packages/airflow/example_dags/example_workday_timetable.py for tasks to queue
[2024-09-01T00:40:07.233+0530] {logging_mixin.py:190} INFO - [2024-09-01T00:40:07.233+0530] {dagbag.py:587} INFO - Filling up the DagBag from /Users/ravipal/Desktop/Workspace/airflow_tutorial/py_env/lib/python3.12/site-packages/airflow/example_dags/example_workday_timetable.py
[2024-09-01T00:40:07.234+0530] {logging_mixin.py:190} INFO - [2024-09-01T00:40:07.234+0530] {workday.py:41} WARNING - Could not import pandas. Holidays will not be considered.
[2024-09-01T00:40:07.236+0530] {processor.py:925} INFO - DAG(s) 'example_workday_timetable' retrieved from /Users/ravipal/Desktop/Workspace/airflow_tutorial/py_env/lib/python3.12/site-packages/airflow/example_dags/example_workday_timetable.py
[2024-09-01T00:40:07.265+0530] {logging_mixin.py:190} INFO - [2024-09-01T00:40:07.265+0530] {workday.py:41} WARNING - Could not import pandas. Holidays will not be considered.
[2024-09-01T00:40:07.273+0530] {logging_mixin.py:190} INFO - [2024-09-01T00:40:07.273+0530] {dag.py:3211} INFO - Sync 1 DAGs
[2024-09-01T00:40:07.279+0530] {logging_mixin.py:190} INFO - [2024-09-01T00:40:07.279+0530] {dag.py:4138} INFO - Setting next_dagrun for example_workday_timetable to 2021-01-01 00:00:00+00:00, run_after=2021-01-02 00:00:00+00:00
[2024-09-01T00:40:07.285+0530] {processor.py:208} INFO - Processing /Users/ravipal/Desktop/Workspace/airflow_tutorial/py_env/lib/python3.12/site-packages/airflow/example_dags/example_workday_timetable.py took 0.055 seconds
[2024-09-01T00:41:14.329+0530] {processor.py:186} INFO - Started process (PID=2714) to work on /Users/ravipal/Desktop/Workspace/airflow_tutorial/py_env/lib/python3.12/site-packages/airflow/example_dags/example_workday_timetable.py
[2024-09-01T00:41:14.329+0530] {processor.py:914} INFO - Processing file /Users/ravipal/Desktop/Workspace/airflow_tutorial/py_env/lib/python3.12/site-packages/airflow/example_dags/example_workday_timetable.py for tasks to queue
[2024-09-01T00:41:14.330+0530] {logging_mixin.py:190} INFO - [2024-09-01T00:41:14.329+0530] {dagbag.py:587} INFO - Filling up the DagBag from /Users/ravipal/Desktop/Workspace/airflow_tutorial/py_env/lib/python3.12/site-packages/airflow/example_dags/example_workday_timetable.py
[2024-09-01T00:41:14.330+0530] {logging_mixin.py:190} INFO - [2024-09-01T00:41:14.330+0530] {workday.py:41} WARNING - Could not import pandas. Holidays will not be considered.
[2024-09-01T00:41:14.333+0530] {processor.py:925} INFO - DAG(s) 'example_workday_timetable' retrieved from /Users/ravipal/Desktop/Workspace/airflow_tutorial/py_env/lib/python3.12/site-packages/airflow/example_dags/example_workday_timetable.py
[2024-09-01T00:41:14.364+0530] {logging_mixin.py:190} INFO - [2024-09-01T00:41:14.364+0530] {workday.py:41} WARNING - Could not import pandas. Holidays will not be considered.
[2024-09-01T00:41:14.372+0530] {logging_mixin.py:190} INFO - [2024-09-01T00:41:14.372+0530] {dag.py:3211} INFO - Sync 1 DAGs
[2024-09-01T00:41:14.378+0530] {logging_mixin.py:190} INFO - [2024-09-01T00:41:14.378+0530] {dag.py:4138} INFO - Setting next_dagrun for example_workday_timetable to 2021-01-01 00:00:00+00:00, run_after=2021-01-02 00:00:00+00:00
[2024-09-01T00:41:14.385+0530] {processor.py:208} INFO - Processing /Users/ravipal/Desktop/Workspace/airflow_tutorial/py_env/lib/python3.12/site-packages/airflow/example_dags/example_workday_timetable.py took 0.058 seconds
[2024-09-01T00:42:20.365+0530] {processor.py:186} INFO - Started process (PID=2780) to work on /Users/ravipal/Desktop/Workspace/airflow_tutorial/py_env/lib/python3.12/site-packages/airflow/example_dags/example_workday_timetable.py
[2024-09-01T00:42:20.365+0530] {processor.py:914} INFO - Processing file /Users/ravipal/Desktop/Workspace/airflow_tutorial/py_env/lib/python3.12/site-packages/airflow/example_dags/example_workday_timetable.py for tasks to queue
[2024-09-01T00:42:20.365+0530] {logging_mixin.py:190} INFO - [2024-09-01T00:42:20.365+0530] {dagbag.py:587} INFO - Filling up the DagBag from /Users/ravipal/Desktop/Workspace/airflow_tutorial/py_env/lib/python3.12/site-packages/airflow/example_dags/example_workday_timetable.py
[2024-09-01T00:42:20.366+0530] {logging_mixin.py:190} INFO - [2024-09-01T00:42:20.366+0530] {workday.py:41} WARNING - Could not import pandas. Holidays will not be considered.
[2024-09-01T00:42:20.369+0530] {processor.py:925} INFO - DAG(s) 'example_workday_timetable' retrieved from /Users/ravipal/Desktop/Workspace/airflow_tutorial/py_env/lib/python3.12/site-packages/airflow/example_dags/example_workday_timetable.py
[2024-09-01T00:42:20.400+0530] {logging_mixin.py:190} INFO - [2024-09-01T00:42:20.400+0530] {workday.py:41} WARNING - Could not import pandas. Holidays will not be considered.
[2024-09-01T00:42:20.408+0530] {logging_mixin.py:190} INFO - [2024-09-01T00:42:20.407+0530] {dag.py:3211} INFO - Sync 1 DAGs
[2024-09-01T00:42:20.413+0530] {logging_mixin.py:190} INFO - [2024-09-01T00:42:20.413+0530] {dag.py:4138} INFO - Setting next_dagrun for example_workday_timetable to 2021-01-01 00:00:00+00:00, run_after=2021-01-02 00:00:00+00:00
[2024-09-01T00:42:20.420+0530] {processor.py:208} INFO - Processing /Users/ravipal/Desktop/Workspace/airflow_tutorial/py_env/lib/python3.12/site-packages/airflow/example_dags/example_workday_timetable.py took 0.057 seconds
[2024-09-01T00:43:27.117+0530] {processor.py:186} INFO - Started process (PID=2846) to work on /Users/ravipal/Desktop/Workspace/airflow_tutorial/py_env/lib/python3.12/site-packages/airflow/example_dags/example_workday_timetable.py
[2024-09-01T00:43:27.117+0530] {processor.py:914} INFO - Processing file /Users/ravipal/Desktop/Workspace/airflow_tutorial/py_env/lib/python3.12/site-packages/airflow/example_dags/example_workday_timetable.py for tasks to queue
[2024-09-01T00:43:27.118+0530] {logging_mixin.py:190} INFO - [2024-09-01T00:43:27.118+0530] {dagbag.py:587} INFO - Filling up the DagBag from /Users/ravipal/Desktop/Workspace/airflow_tutorial/py_env/lib/python3.12/site-packages/airflow/example_dags/example_workday_timetable.py
[2024-09-01T00:43:27.119+0530] {logging_mixin.py:190} INFO - [2024-09-01T00:43:27.119+0530] {workday.py:41} WARNING - Could not import pandas. Holidays will not be considered.
[2024-09-01T00:43:27.121+0530] {processor.py:925} INFO - DAG(s) 'example_workday_timetable' retrieved from /Users/ravipal/Desktop/Workspace/airflow_tutorial/py_env/lib/python3.12/site-packages/airflow/example_dags/example_workday_timetable.py
[2024-09-01T00:43:27.153+0530] {logging_mixin.py:190} INFO - [2024-09-01T00:43:27.152+0530] {workday.py:41} WARNING - Could not import pandas. Holidays will not be considered.
[2024-09-01T00:43:27.160+0530] {logging_mixin.py:190} INFO - [2024-09-01T00:43:27.160+0530] {dag.py:3211} INFO - Sync 1 DAGs
[2024-09-01T00:43:27.166+0530] {logging_mixin.py:190} INFO - [2024-09-01T00:43:27.166+0530] {dag.py:4138} INFO - Setting next_dagrun for example_workday_timetable to 2021-01-01 00:00:00+00:00, run_after=2021-01-02 00:00:00+00:00
[2024-09-01T00:43:27.173+0530] {processor.py:208} INFO - Processing /Users/ravipal/Desktop/Workspace/airflow_tutorial/py_env/lib/python3.12/site-packages/airflow/example_dags/example_workday_timetable.py took 0.058 seconds
[2024-09-01T00:44:35.433+0530] {processor.py:186} INFO - Started process (PID=2912) to work on /Users/ravipal/Desktop/Workspace/airflow_tutorial/py_env/lib/python3.12/site-packages/airflow/example_dags/example_workday_timetable.py
[2024-09-01T00:44:35.433+0530] {processor.py:914} INFO - Processing file /Users/ravipal/Desktop/Workspace/airflow_tutorial/py_env/lib/python3.12/site-packages/airflow/example_dags/example_workday_timetable.py for tasks to queue
[2024-09-01T00:44:35.434+0530] {logging_mixin.py:190} INFO - [2024-09-01T00:44:35.433+0530] {dagbag.py:587} INFO - Filling up the DagBag from /Users/ravipal/Desktop/Workspace/airflow_tutorial/py_env/lib/python3.12/site-packages/airflow/example_dags/example_workday_timetable.py
[2024-09-01T00:44:35.435+0530] {logging_mixin.py:190} INFO - [2024-09-01T00:44:35.434+0530] {workday.py:41} WARNING - Could not import pandas. Holidays will not be considered.
[2024-09-01T00:44:35.437+0530] {processor.py:925} INFO - DAG(s) 'example_workday_timetable' retrieved from /Users/ravipal/Desktop/Workspace/airflow_tutorial/py_env/lib/python3.12/site-packages/airflow/example_dags/example_workday_timetable.py
[2024-09-01T00:44:35.469+0530] {logging_mixin.py:190} INFO - [2024-09-01T00:44:35.469+0530] {workday.py:41} WARNING - Could not import pandas. Holidays will not be considered.
[2024-09-01T00:44:35.476+0530] {logging_mixin.py:190} INFO - [2024-09-01T00:44:35.476+0530] {dag.py:3211} INFO - Sync 1 DAGs
[2024-09-01T00:44:35.482+0530] {logging_mixin.py:190} INFO - [2024-09-01T00:44:35.482+0530] {dag.py:4138} INFO - Setting next_dagrun for example_workday_timetable to 2021-01-01 00:00:00+00:00, run_after=2021-01-02 00:00:00+00:00
[2024-09-01T00:44:35.489+0530] {processor.py:208} INFO - Processing /Users/ravipal/Desktop/Workspace/airflow_tutorial/py_env/lib/python3.12/site-packages/airflow/example_dags/example_workday_timetable.py took 0.058 seconds
[2024-09-01T00:45:44.055+0530] {processor.py:186} INFO - Started process (PID=2981) to work on /Users/ravipal/Desktop/Workspace/airflow_tutorial/py_env/lib/python3.12/site-packages/airflow/example_dags/example_workday_timetable.py
[2024-09-01T00:45:44.055+0530] {processor.py:914} INFO - Processing file /Users/ravipal/Desktop/Workspace/airflow_tutorial/py_env/lib/python3.12/site-packages/airflow/example_dags/example_workday_timetable.py for tasks to queue
[2024-09-01T00:45:44.056+0530] {logging_mixin.py:190} INFO - [2024-09-01T00:45:44.056+0530] {dagbag.py:587} INFO - Filling up the DagBag from /Users/ravipal/Desktop/Workspace/airflow_tutorial/py_env/lib/python3.12/site-packages/airflow/example_dags/example_workday_timetable.py
[2024-09-01T00:45:44.057+0530] {logging_mixin.py:190} INFO - [2024-09-01T00:45:44.057+0530] {workday.py:41} WARNING - Could not import pandas. Holidays will not be considered.
[2024-09-01T00:45:44.059+0530] {processor.py:925} INFO - DAG(s) 'example_workday_timetable' retrieved from /Users/ravipal/Desktop/Workspace/airflow_tutorial/py_env/lib/python3.12/site-packages/airflow/example_dags/example_workday_timetable.py
[2024-09-01T00:45:44.090+0530] {logging_mixin.py:190} INFO - [2024-09-01T00:45:44.090+0530] {workday.py:41} WARNING - Could not import pandas. Holidays will not be considered.
[2024-09-01T00:45:44.097+0530] {logging_mixin.py:190} INFO - [2024-09-01T00:45:44.097+0530] {dag.py:3211} INFO - Sync 1 DAGs
[2024-09-01T00:45:44.103+0530] {logging_mixin.py:190} INFO - [2024-09-01T00:45:44.103+0530] {dag.py:4138} INFO - Setting next_dagrun for example_workday_timetable to 2021-01-01 00:00:00+00:00, run_after=2021-01-02 00:00:00+00:00
[2024-09-01T00:45:44.110+0530] {processor.py:208} INFO - Processing /Users/ravipal/Desktop/Workspace/airflow_tutorial/py_env/lib/python3.12/site-packages/airflow/example_dags/example_workday_timetable.py took 0.056 seconds
[2024-09-01T00:46:49.793+0530] {processor.py:186} INFO - Started process (PID=3046) to work on /Users/ravipal/Desktop/Workspace/airflow_tutorial/py_env/lib/python3.12/site-packages/airflow/example_dags/example_workday_timetable.py
[2024-09-01T00:46:49.793+0530] {processor.py:914} INFO - Processing file /Users/ravipal/Desktop/Workspace/airflow_tutorial/py_env/lib/python3.12/site-packages/airflow/example_dags/example_workday_timetable.py for tasks to queue
[2024-09-01T00:46:49.794+0530] {logging_mixin.py:190} INFO - [2024-09-01T00:46:49.794+0530] {dagbag.py:587} INFO - Filling up the DagBag from /Users/ravipal/Desktop/Workspace/airflow_tutorial/py_env/lib/python3.12/site-packages/airflow/example_dags/example_workday_timetable.py
[2024-09-01T00:46:49.795+0530] {logging_mixin.py:190} INFO - [2024-09-01T00:46:49.794+0530] {workday.py:41} WARNING - Could not import pandas. Holidays will not be considered.
[2024-09-01T00:46:49.797+0530] {processor.py:925} INFO - DAG(s) 'example_workday_timetable' retrieved from /Users/ravipal/Desktop/Workspace/airflow_tutorial/py_env/lib/python3.12/site-packages/airflow/example_dags/example_workday_timetable.py
[2024-09-01T00:46:49.827+0530] {logging_mixin.py:190} INFO - [2024-09-01T00:46:49.827+0530] {workday.py:41} WARNING - Could not import pandas. Holidays will not be considered.
[2024-09-01T00:46:49.835+0530] {logging_mixin.py:190} INFO - [2024-09-01T00:46:49.835+0530] {dag.py:3211} INFO - Sync 1 DAGs
[2024-09-01T00:46:49.841+0530] {logging_mixin.py:190} INFO - [2024-09-01T00:46:49.841+0530] {dag.py:4138} INFO - Setting next_dagrun for example_workday_timetable to 2021-01-01 00:00:00+00:00, run_after=2021-01-02 00:00:00+00:00
[2024-09-01T00:46:49.847+0530] {processor.py:208} INFO - Processing /Users/ravipal/Desktop/Workspace/airflow_tutorial/py_env/lib/python3.12/site-packages/airflow/example_dags/example_workday_timetable.py took 0.056 seconds
[2024-09-01T00:47:53.794+0530] {processor.py:186} INFO - Started process (PID=3111) to work on /Users/ravipal/Desktop/Workspace/airflow_tutorial/py_env/lib/python3.12/site-packages/airflow/example_dags/example_workday_timetable.py
[2024-09-01T00:47:53.795+0530] {processor.py:914} INFO - Processing file /Users/ravipal/Desktop/Workspace/airflow_tutorial/py_env/lib/python3.12/site-packages/airflow/example_dags/example_workday_timetable.py for tasks to queue
[2024-09-01T00:47:53.795+0530] {logging_mixin.py:190} INFO - [2024-09-01T00:47:53.795+0530] {dagbag.py:587} INFO - Filling up the DagBag from /Users/ravipal/Desktop/Workspace/airflow_tutorial/py_env/lib/python3.12/site-packages/airflow/example_dags/example_workday_timetable.py
[2024-09-01T00:47:53.796+0530] {logging_mixin.py:190} INFO - [2024-09-01T00:47:53.796+0530] {workday.py:41} WARNING - Could not import pandas. Holidays will not be considered.
[2024-09-01T00:47:53.798+0530] {processor.py:925} INFO - DAG(s) 'example_workday_timetable' retrieved from /Users/ravipal/Desktop/Workspace/airflow_tutorial/py_env/lib/python3.12/site-packages/airflow/example_dags/example_workday_timetable.py
[2024-09-01T00:47:53.829+0530] {logging_mixin.py:190} INFO - [2024-09-01T00:47:53.829+0530] {workday.py:41} WARNING - Could not import pandas. Holidays will not be considered.
[2024-09-01T00:47:53.836+0530] {logging_mixin.py:190} INFO - [2024-09-01T00:47:53.836+0530] {dag.py:3211} INFO - Sync 1 DAGs
[2024-09-01T00:47:53.842+0530] {logging_mixin.py:190} INFO - [2024-09-01T00:47:53.842+0530] {dag.py:4138} INFO - Setting next_dagrun for example_workday_timetable to 2021-01-01 00:00:00+00:00, run_after=2021-01-02 00:00:00+00:00
[2024-09-01T00:47:53.849+0530] {processor.py:208} INFO - Processing /Users/ravipal/Desktop/Workspace/airflow_tutorial/py_env/lib/python3.12/site-packages/airflow/example_dags/example_workday_timetable.py took 0.056 seconds
[2024-09-01T00:48:57.289+0530] {processor.py:186} INFO - Started process (PID=3176) to work on /Users/ravipal/Desktop/Workspace/airflow_tutorial/py_env/lib/python3.12/site-packages/airflow/example_dags/example_workday_timetable.py
[2024-09-01T00:48:57.289+0530] {processor.py:914} INFO - Processing file /Users/ravipal/Desktop/Workspace/airflow_tutorial/py_env/lib/python3.12/site-packages/airflow/example_dags/example_workday_timetable.py for tasks to queue
[2024-09-01T00:48:57.289+0530] {logging_mixin.py:190} INFO - [2024-09-01T00:48:57.289+0530] {dagbag.py:587} INFO - Filling up the DagBag from /Users/ravipal/Desktop/Workspace/airflow_tutorial/py_env/lib/python3.12/site-packages/airflow/example_dags/example_workday_timetable.py
[2024-09-01T00:48:57.290+0530] {logging_mixin.py:190} INFO - [2024-09-01T00:48:57.290+0530] {workday.py:41} WARNING - Could not import pandas. Holidays will not be considered.
[2024-09-01T00:48:57.293+0530] {processor.py:925} INFO - DAG(s) 'example_workday_timetable' retrieved from /Users/ravipal/Desktop/Workspace/airflow_tutorial/py_env/lib/python3.12/site-packages/airflow/example_dags/example_workday_timetable.py
[2024-09-01T00:48:57.324+0530] {logging_mixin.py:190} INFO - [2024-09-01T00:48:57.324+0530] {workday.py:41} WARNING - Could not import pandas. Holidays will not be considered.
[2024-09-01T00:48:57.332+0530] {logging_mixin.py:190} INFO - [2024-09-01T00:48:57.332+0530] {dag.py:3211} INFO - Sync 1 DAGs
[2024-09-01T00:48:57.338+0530] {logging_mixin.py:190} INFO - [2024-09-01T00:48:57.338+0530] {dag.py:4138} INFO - Setting next_dagrun for example_workday_timetable to 2021-01-01 00:00:00+00:00, run_after=2021-01-02 00:00:00+00:00
[2024-09-01T00:48:57.344+0530] {processor.py:208} INFO - Processing /Users/ravipal/Desktop/Workspace/airflow_tutorial/py_env/lib/python3.12/site-packages/airflow/example_dags/example_workday_timetable.py took 0.058 seconds
[2024-09-01T00:50:01.164+0530] {processor.py:186} INFO - Started process (PID=3255) to work on /Users/ravipal/Desktop/Workspace/airflow_tutorial/py_env/lib/python3.12/site-packages/airflow/example_dags/example_workday_timetable.py
[2024-09-01T00:50:01.164+0530] {processor.py:914} INFO - Processing file /Users/ravipal/Desktop/Workspace/airflow_tutorial/py_env/lib/python3.12/site-packages/airflow/example_dags/example_workday_timetable.py for tasks to queue
[2024-09-01T00:50:01.165+0530] {logging_mixin.py:190} INFO - [2024-09-01T00:50:01.165+0530] {dagbag.py:587} INFO - Filling up the DagBag from /Users/ravipal/Desktop/Workspace/airflow_tutorial/py_env/lib/python3.12/site-packages/airflow/example_dags/example_workday_timetable.py
[2024-09-01T00:50:01.166+0530] {logging_mixin.py:190} INFO - [2024-09-01T00:50:01.166+0530] {workday.py:41} WARNING - Could not import pandas. Holidays will not be considered.
[2024-09-01T00:50:01.169+0530] {processor.py:925} INFO - DAG(s) 'example_workday_timetable' retrieved from /Users/ravipal/Desktop/Workspace/airflow_tutorial/py_env/lib/python3.12/site-packages/airflow/example_dags/example_workday_timetable.py
[2024-09-01T00:50:01.200+0530] {logging_mixin.py:190} INFO - [2024-09-01T00:50:01.200+0530] {workday.py:41} WARNING - Could not import pandas. Holidays will not be considered.
[2024-09-01T00:50:01.208+0530] {logging_mixin.py:190} INFO - [2024-09-01T00:50:01.208+0530] {dag.py:3211} INFO - Sync 1 DAGs
[2024-09-01T00:50:01.214+0530] {logging_mixin.py:190} INFO - [2024-09-01T00:50:01.214+0530] {dag.py:4138} INFO - Setting next_dagrun for example_workday_timetable to 2021-01-01 00:00:00+00:00, run_after=2021-01-02 00:00:00+00:00
[2024-09-01T00:50:01.221+0530] {processor.py:208} INFO - Processing /Users/ravipal/Desktop/Workspace/airflow_tutorial/py_env/lib/python3.12/site-packages/airflow/example_dags/example_workday_timetable.py took 0.059 seconds
[2024-09-01T00:51:11.257+0530] {processor.py:186} INFO - Started process (PID=3334) to work on /Users/ravipal/Desktop/Workspace/airflow_tutorial/py_env/lib/python3.12/site-packages/airflow/example_dags/example_workday_timetable.py
[2024-09-01T00:51:11.258+0530] {processor.py:914} INFO - Processing file /Users/ravipal/Desktop/Workspace/airflow_tutorial/py_env/lib/python3.12/site-packages/airflow/example_dags/example_workday_timetable.py for tasks to queue
[2024-09-01T00:51:11.259+0530] {logging_mixin.py:190} INFO - [2024-09-01T00:51:11.259+0530] {dagbag.py:587} INFO - Filling up the DagBag from /Users/ravipal/Desktop/Workspace/airflow_tutorial/py_env/lib/python3.12/site-packages/airflow/example_dags/example_workday_timetable.py
[2024-09-01T00:51:11.260+0530] {logging_mixin.py:190} INFO - [2024-09-01T00:51:11.260+0530] {workday.py:41} WARNING - Could not import pandas. Holidays will not be considered.
[2024-09-01T00:51:11.262+0530] {processor.py:925} INFO - DAG(s) 'example_workday_timetable' retrieved from /Users/ravipal/Desktop/Workspace/airflow_tutorial/py_env/lib/python3.12/site-packages/airflow/example_dags/example_workday_timetable.py
[2024-09-01T00:51:11.295+0530] {logging_mixin.py:190} INFO - [2024-09-01T00:51:11.294+0530] {workday.py:41} WARNING - Could not import pandas. Holidays will not be considered.
[2024-09-01T00:51:11.302+0530] {logging_mixin.py:190} INFO - [2024-09-01T00:51:11.302+0530] {dag.py:3211} INFO - Sync 1 DAGs
[2024-09-01T00:51:11.308+0530] {logging_mixin.py:190} INFO - [2024-09-01T00:51:11.308+0530] {dag.py:4138} INFO - Setting next_dagrun for example_workday_timetable to 2021-01-01 00:00:00+00:00, run_after=2021-01-02 00:00:00+00:00
[2024-09-01T00:51:11.315+0530] {processor.py:208} INFO - Processing /Users/ravipal/Desktop/Workspace/airflow_tutorial/py_env/lib/python3.12/site-packages/airflow/example_dags/example_workday_timetable.py took 0.060 seconds
[2024-09-01T00:52:18.169+0530] {processor.py:186} INFO - Started process (PID=3402) to work on /Users/ravipal/Desktop/Workspace/airflow_tutorial/py_env/lib/python3.12/site-packages/airflow/example_dags/example_workday_timetable.py
[2024-09-01T00:52:18.170+0530] {processor.py:914} INFO - Processing file /Users/ravipal/Desktop/Workspace/airflow_tutorial/py_env/lib/python3.12/site-packages/airflow/example_dags/example_workday_timetable.py for tasks to queue
[2024-09-01T00:52:18.170+0530] {logging_mixin.py:190} INFO - [2024-09-01T00:52:18.170+0530] {dagbag.py:587} INFO - Filling up the DagBag from /Users/ravipal/Desktop/Workspace/airflow_tutorial/py_env/lib/python3.12/site-packages/airflow/example_dags/example_workday_timetable.py
[2024-09-01T00:52:18.171+0530] {logging_mixin.py:190} INFO - [2024-09-01T00:52:18.171+0530] {workday.py:41} WARNING - Could not import pandas. Holidays will not be considered.
[2024-09-01T00:52:18.173+0530] {processor.py:925} INFO - DAG(s) 'example_workday_timetable' retrieved from /Users/ravipal/Desktop/Workspace/airflow_tutorial/py_env/lib/python3.12/site-packages/airflow/example_dags/example_workday_timetable.py
[2024-09-01T00:52:18.204+0530] {logging_mixin.py:190} INFO - [2024-09-01T00:52:18.204+0530] {workday.py:41} WARNING - Could not import pandas. Holidays will not be considered.
[2024-09-01T00:52:18.212+0530] {logging_mixin.py:190} INFO - [2024-09-01T00:52:18.211+0530] {dag.py:3211} INFO - Sync 1 DAGs
[2024-09-01T00:52:18.217+0530] {logging_mixin.py:190} INFO - [2024-09-01T00:52:18.217+0530] {dag.py:4138} INFO - Setting next_dagrun for example_workday_timetable to 2021-01-01 00:00:00+00:00, run_after=2021-01-02 00:00:00+00:00
[2024-09-01T00:52:18.224+0530] {processor.py:208} INFO - Processing /Users/ravipal/Desktop/Workspace/airflow_tutorial/py_env/lib/python3.12/site-packages/airflow/example_dags/example_workday_timetable.py took 0.057 seconds
[2024-09-01T00:53:24.082+0530] {processor.py:186} INFO - Started process (PID=3468) to work on /Users/ravipal/Desktop/Workspace/airflow_tutorial/py_env/lib/python3.12/site-packages/airflow/example_dags/example_workday_timetable.py
[2024-09-01T00:53:24.083+0530] {processor.py:914} INFO - Processing file /Users/ravipal/Desktop/Workspace/airflow_tutorial/py_env/lib/python3.12/site-packages/airflow/example_dags/example_workday_timetable.py for tasks to queue
[2024-09-01T00:53:24.083+0530] {logging_mixin.py:190} INFO - [2024-09-01T00:53:24.083+0530] {dagbag.py:587} INFO - Filling up the DagBag from /Users/ravipal/Desktop/Workspace/airflow_tutorial/py_env/lib/python3.12/site-packages/airflow/example_dags/example_workday_timetable.py
[2024-09-01T00:53:24.084+0530] {logging_mixin.py:190} INFO - [2024-09-01T00:53:24.084+0530] {workday.py:41} WARNING - Could not import pandas. Holidays will not be considered.
[2024-09-01T00:53:24.086+0530] {processor.py:925} INFO - DAG(s) 'example_workday_timetable' retrieved from /Users/ravipal/Desktop/Workspace/airflow_tutorial/py_env/lib/python3.12/site-packages/airflow/example_dags/example_workday_timetable.py
[2024-09-01T00:53:24.117+0530] {logging_mixin.py:190} INFO - [2024-09-01T00:53:24.117+0530] {workday.py:41} WARNING - Could not import pandas. Holidays will not be considered.
[2024-09-01T00:53:24.125+0530] {logging_mixin.py:190} INFO - [2024-09-01T00:53:24.125+0530] {dag.py:3211} INFO - Sync 1 DAGs
[2024-09-01T00:53:24.130+0530] {logging_mixin.py:190} INFO - [2024-09-01T00:53:24.130+0530] {dag.py:4138} INFO - Setting next_dagrun for example_workday_timetable to 2021-01-01 00:00:00+00:00, run_after=2021-01-02 00:00:00+00:00
[2024-09-01T00:53:24.137+0530] {processor.py:208} INFO - Processing /Users/ravipal/Desktop/Workspace/airflow_tutorial/py_env/lib/python3.12/site-packages/airflow/example_dags/example_workday_timetable.py took 0.056 seconds
[2024-09-01T00:54:29.530+0530] {processor.py:186} INFO - Started process (PID=3533) to work on /Users/ravipal/Desktop/Workspace/airflow_tutorial/py_env/lib/python3.12/site-packages/airflow/example_dags/example_workday_timetable.py
[2024-09-01T00:54:29.531+0530] {processor.py:914} INFO - Processing file /Users/ravipal/Desktop/Workspace/airflow_tutorial/py_env/lib/python3.12/site-packages/airflow/example_dags/example_workday_timetable.py for tasks to queue
[2024-09-01T00:54:29.531+0530] {logging_mixin.py:190} INFO - [2024-09-01T00:54:29.531+0530] {dagbag.py:587} INFO - Filling up the DagBag from /Users/ravipal/Desktop/Workspace/airflow_tutorial/py_env/lib/python3.12/site-packages/airflow/example_dags/example_workday_timetable.py
[2024-09-01T00:54:29.532+0530] {logging_mixin.py:190} INFO - [2024-09-01T00:54:29.532+0530] {workday.py:41} WARNING - Could not import pandas. Holidays will not be considered.
[2024-09-01T00:54:29.534+0530] {processor.py:925} INFO - DAG(s) 'example_workday_timetable' retrieved from /Users/ravipal/Desktop/Workspace/airflow_tutorial/py_env/lib/python3.12/site-packages/airflow/example_dags/example_workday_timetable.py
[2024-09-01T00:54:29.565+0530] {logging_mixin.py:190} INFO - [2024-09-01T00:54:29.565+0530] {workday.py:41} WARNING - Could not import pandas. Holidays will not be considered.
[2024-09-01T00:54:29.572+0530] {logging_mixin.py:190} INFO - [2024-09-01T00:54:29.572+0530] {dag.py:3211} INFO - Sync 1 DAGs
[2024-09-01T00:54:29.578+0530] {logging_mixin.py:190} INFO - [2024-09-01T00:54:29.578+0530] {dag.py:4138} INFO - Setting next_dagrun for example_workday_timetable to 2021-01-01 00:00:00+00:00, run_after=2021-01-02 00:00:00+00:00
[2024-09-01T00:54:29.584+0530] {processor.py:208} INFO - Processing /Users/ravipal/Desktop/Workspace/airflow_tutorial/py_env/lib/python3.12/site-packages/airflow/example_dags/example_workday_timetable.py took 0.056 seconds
[2024-09-01T00:55:35.588+0530] {processor.py:186} INFO - Started process (PID=3600) to work on /Users/ravipal/Desktop/Workspace/airflow_tutorial/py_env/lib/python3.12/site-packages/airflow/example_dags/example_workday_timetable.py
[2024-09-01T00:55:35.588+0530] {processor.py:914} INFO - Processing file /Users/ravipal/Desktop/Workspace/airflow_tutorial/py_env/lib/python3.12/site-packages/airflow/example_dags/example_workday_timetable.py for tasks to queue
[2024-09-01T00:55:35.588+0530] {logging_mixin.py:190} INFO - [2024-09-01T00:55:35.588+0530] {dagbag.py:587} INFO - Filling up the DagBag from /Users/ravipal/Desktop/Workspace/airflow_tutorial/py_env/lib/python3.12/site-packages/airflow/example_dags/example_workday_timetable.py
[2024-09-01T00:55:35.589+0530] {logging_mixin.py:190} INFO - [2024-09-01T00:55:35.589+0530] {workday.py:41} WARNING - Could not import pandas. Holidays will not be considered.
[2024-09-01T00:55:35.592+0530] {processor.py:925} INFO - DAG(s) 'example_workday_timetable' retrieved from /Users/ravipal/Desktop/Workspace/airflow_tutorial/py_env/lib/python3.12/site-packages/airflow/example_dags/example_workday_timetable.py
[2024-09-01T00:55:35.622+0530] {logging_mixin.py:190} INFO - [2024-09-01T00:55:35.622+0530] {workday.py:41} WARNING - Could not import pandas. Holidays will not be considered.
[2024-09-01T00:55:35.630+0530] {logging_mixin.py:190} INFO - [2024-09-01T00:55:35.630+0530] {dag.py:3211} INFO - Sync 1 DAGs
[2024-09-01T00:55:35.636+0530] {logging_mixin.py:190} INFO - [2024-09-01T00:55:35.635+0530] {dag.py:4138} INFO - Setting next_dagrun for example_workday_timetable to 2021-01-01 00:00:00+00:00, run_after=2021-01-02 00:00:00+00:00
[2024-09-01T00:55:35.642+0530] {processor.py:208} INFO - Processing /Users/ravipal/Desktop/Workspace/airflow_tutorial/py_env/lib/python3.12/site-packages/airflow/example_dags/example_workday_timetable.py took 0.057 seconds
[2024-09-01T00:56:39.803+0530] {processor.py:186} INFO - Started process (PID=3663) to work on /Users/ravipal/Desktop/Workspace/airflow_tutorial/py_env/lib/python3.12/site-packages/airflow/example_dags/example_workday_timetable.py
[2024-09-01T00:56:39.804+0530] {processor.py:914} INFO - Processing file /Users/ravipal/Desktop/Workspace/airflow_tutorial/py_env/lib/python3.12/site-packages/airflow/example_dags/example_workday_timetable.py for tasks to queue
[2024-09-01T00:56:39.804+0530] {logging_mixin.py:190} INFO - [2024-09-01T00:56:39.804+0530] {dagbag.py:587} INFO - Filling up the DagBag from /Users/ravipal/Desktop/Workspace/airflow_tutorial/py_env/lib/python3.12/site-packages/airflow/example_dags/example_workday_timetable.py
[2024-09-01T00:56:39.805+0530] {logging_mixin.py:190} INFO - [2024-09-01T00:56:39.805+0530] {workday.py:41} WARNING - Could not import pandas. Holidays will not be considered.
[2024-09-01T00:56:39.807+0530] {processor.py:925} INFO - DAG(s) 'example_workday_timetable' retrieved from /Users/ravipal/Desktop/Workspace/airflow_tutorial/py_env/lib/python3.12/site-packages/airflow/example_dags/example_workday_timetable.py
[2024-09-01T00:56:39.838+0530] {logging_mixin.py:190} INFO - [2024-09-01T00:56:39.838+0530] {workday.py:41} WARNING - Could not import pandas. Holidays will not be considered.
[2024-09-01T00:56:39.846+0530] {logging_mixin.py:190} INFO - [2024-09-01T00:56:39.845+0530] {dag.py:3211} INFO - Sync 1 DAGs
[2024-09-01T00:56:39.851+0530] {logging_mixin.py:190} INFO - [2024-09-01T00:56:39.851+0530] {dag.py:4138} INFO - Setting next_dagrun for example_workday_timetable to 2021-01-01 00:00:00+00:00, run_after=2021-01-02 00:00:00+00:00
[2024-09-01T00:56:39.858+0530] {processor.py:208} INFO - Processing /Users/ravipal/Desktop/Workspace/airflow_tutorial/py_env/lib/python3.12/site-packages/airflow/example_dags/example_workday_timetable.py took 0.057 seconds
[2024-09-01T00:57:45.822+0530] {processor.py:186} INFO - Started process (PID=3728) to work on /Users/ravipal/Desktop/Workspace/airflow_tutorial/py_env/lib/python3.12/site-packages/airflow/example_dags/example_workday_timetable.py
[2024-09-01T00:57:45.822+0530] {processor.py:914} INFO - Processing file /Users/ravipal/Desktop/Workspace/airflow_tutorial/py_env/lib/python3.12/site-packages/airflow/example_dags/example_workday_timetable.py for tasks to queue
[2024-09-01T00:57:45.823+0530] {logging_mixin.py:190} INFO - [2024-09-01T00:57:45.823+0530] {dagbag.py:587} INFO - Filling up the DagBag from /Users/ravipal/Desktop/Workspace/airflow_tutorial/py_env/lib/python3.12/site-packages/airflow/example_dags/example_workday_timetable.py
[2024-09-01T00:57:45.824+0530] {logging_mixin.py:190} INFO - [2024-09-01T00:57:45.824+0530] {workday.py:41} WARNING - Could not import pandas. Holidays will not be considered.
[2024-09-01T00:57:45.826+0530] {processor.py:925} INFO - DAG(s) 'example_workday_timetable' retrieved from /Users/ravipal/Desktop/Workspace/airflow_tutorial/py_env/lib/python3.12/site-packages/airflow/example_dags/example_workday_timetable.py
[2024-09-01T00:57:45.857+0530] {logging_mixin.py:190} INFO - [2024-09-01T00:57:45.857+0530] {workday.py:41} WARNING - Could not import pandas. Holidays will not be considered.
[2024-09-01T00:57:45.864+0530] {logging_mixin.py:190} INFO - [2024-09-01T00:57:45.864+0530] {dag.py:3211} INFO - Sync 1 DAGs
[2024-09-01T00:57:45.870+0530] {logging_mixin.py:190} INFO - [2024-09-01T00:57:45.870+0530] {dag.py:4138} INFO - Setting next_dagrun for example_workday_timetable to 2021-01-01 00:00:00+00:00, run_after=2021-01-02 00:00:00+00:00
[2024-09-01T00:57:45.877+0530] {processor.py:208} INFO - Processing /Users/ravipal/Desktop/Workspace/airflow_tutorial/py_env/lib/python3.12/site-packages/airflow/example_dags/example_workday_timetable.py took 0.057 seconds
[2024-09-01T00:58:51.667+0530] {processor.py:186} INFO - Started process (PID=3794) to work on /Users/ravipal/Desktop/Workspace/airflow_tutorial/py_env/lib/python3.12/site-packages/airflow/example_dags/example_workday_timetable.py
[2024-09-01T00:58:51.668+0530] {processor.py:914} INFO - Processing file /Users/ravipal/Desktop/Workspace/airflow_tutorial/py_env/lib/python3.12/site-packages/airflow/example_dags/example_workday_timetable.py for tasks to queue
[2024-09-01T00:58:51.668+0530] {logging_mixin.py:190} INFO - [2024-09-01T00:58:51.668+0530] {dagbag.py:587} INFO - Filling up the DagBag from /Users/ravipal/Desktop/Workspace/airflow_tutorial/py_env/lib/python3.12/site-packages/airflow/example_dags/example_workday_timetable.py
[2024-09-01T00:58:51.669+0530] {logging_mixin.py:190} INFO - [2024-09-01T00:58:51.669+0530] {workday.py:41} WARNING - Could not import pandas. Holidays will not be considered.
[2024-09-01T00:58:51.671+0530] {processor.py:925} INFO - DAG(s) 'example_workday_timetable' retrieved from /Users/ravipal/Desktop/Workspace/airflow_tutorial/py_env/lib/python3.12/site-packages/airflow/example_dags/example_workday_timetable.py
[2024-09-01T00:58:51.702+0530] {logging_mixin.py:190} INFO - [2024-09-01T00:58:51.702+0530] {workday.py:41} WARNING - Could not import pandas. Holidays will not be considered.
[2024-09-01T00:58:51.710+0530] {logging_mixin.py:190} INFO - [2024-09-01T00:58:51.710+0530] {dag.py:3211} INFO - Sync 1 DAGs
[2024-09-01T00:58:51.715+0530] {logging_mixin.py:190} INFO - [2024-09-01T00:58:51.715+0530] {dag.py:4138} INFO - Setting next_dagrun for example_workday_timetable to 2021-01-01 00:00:00+00:00, run_after=2021-01-02 00:00:00+00:00
[2024-09-01T00:58:51.722+0530] {processor.py:208} INFO - Processing /Users/ravipal/Desktop/Workspace/airflow_tutorial/py_env/lib/python3.12/site-packages/airflow/example_dags/example_workday_timetable.py took 0.057 seconds
[2024-09-01T00:59:57.776+0530] {processor.py:186} INFO - Started process (PID=3861) to work on /Users/ravipal/Desktop/Workspace/airflow_tutorial/py_env/lib/python3.12/site-packages/airflow/example_dags/example_workday_timetable.py
[2024-09-01T00:59:57.777+0530] {processor.py:914} INFO - Processing file /Users/ravipal/Desktop/Workspace/airflow_tutorial/py_env/lib/python3.12/site-packages/airflow/example_dags/example_workday_timetable.py for tasks to queue
[2024-09-01T00:59:57.777+0530] {logging_mixin.py:190} INFO - [2024-09-01T00:59:57.777+0530] {dagbag.py:587} INFO - Filling up the DagBag from /Users/ravipal/Desktop/Workspace/airflow_tutorial/py_env/lib/python3.12/site-packages/airflow/example_dags/example_workday_timetable.py
[2024-09-01T00:59:57.778+0530] {logging_mixin.py:190} INFO - [2024-09-01T00:59:57.778+0530] {workday.py:41} WARNING - Could not import pandas. Holidays will not be considered.
[2024-09-01T00:59:57.780+0530] {processor.py:925} INFO - DAG(s) 'example_workday_timetable' retrieved from /Users/ravipal/Desktop/Workspace/airflow_tutorial/py_env/lib/python3.12/site-packages/airflow/example_dags/example_workday_timetable.py
[2024-09-01T00:59:57.812+0530] {logging_mixin.py:190} INFO - [2024-09-01T00:59:57.812+0530] {workday.py:41} WARNING - Could not import pandas. Holidays will not be considered.
[2024-09-01T00:59:57.820+0530] {logging_mixin.py:190} INFO - [2024-09-01T00:59:57.820+0530] {dag.py:3211} INFO - Sync 1 DAGs
[2024-09-01T00:59:57.826+0530] {logging_mixin.py:190} INFO - [2024-09-01T00:59:57.826+0530] {dag.py:4138} INFO - Setting next_dagrun for example_workday_timetable to 2021-01-01 00:00:00+00:00, run_after=2021-01-02 00:00:00+00:00
[2024-09-01T00:59:57.832+0530] {processor.py:208} INFO - Processing /Users/ravipal/Desktop/Workspace/airflow_tutorial/py_env/lib/python3.12/site-packages/airflow/example_dags/example_workday_timetable.py took 0.058 seconds
[2024-09-01T01:00:59.840+0530] {processor.py:186} INFO - Started process (PID=3924) to work on /Users/ravipal/Desktop/Workspace/airflow_tutorial/py_env/lib/python3.12/site-packages/airflow/example_dags/example_workday_timetable.py
[2024-09-01T01:00:59.841+0530] {processor.py:914} INFO - Processing file /Users/ravipal/Desktop/Workspace/airflow_tutorial/py_env/lib/python3.12/site-packages/airflow/example_dags/example_workday_timetable.py for tasks to queue
[2024-09-01T01:00:59.841+0530] {logging_mixin.py:190} INFO - [2024-09-01T01:00:59.841+0530] {dagbag.py:587} INFO - Filling up the DagBag from /Users/ravipal/Desktop/Workspace/airflow_tutorial/py_env/lib/python3.12/site-packages/airflow/example_dags/example_workday_timetable.py
[2024-09-01T01:00:59.842+0530] {logging_mixin.py:190} INFO - [2024-09-01T01:00:59.842+0530] {workday.py:41} WARNING - Could not import pandas. Holidays will not be considered.
[2024-09-01T01:00:59.844+0530] {processor.py:925} INFO - DAG(s) 'example_workday_timetable' retrieved from /Users/ravipal/Desktop/Workspace/airflow_tutorial/py_env/lib/python3.12/site-packages/airflow/example_dags/example_workday_timetable.py
[2024-09-01T01:00:59.874+0530] {logging_mixin.py:190} INFO - [2024-09-01T01:00:59.874+0530] {workday.py:41} WARNING - Could not import pandas. Holidays will not be considered.
[2024-09-01T01:00:59.881+0530] {logging_mixin.py:190} INFO - [2024-09-01T01:00:59.881+0530] {dag.py:3211} INFO - Sync 1 DAGs
[2024-09-01T01:00:59.887+0530] {logging_mixin.py:190} INFO - [2024-09-01T01:00:59.887+0530] {dag.py:4138} INFO - Setting next_dagrun for example_workday_timetable to 2021-01-01 00:00:00+00:00, run_after=2021-01-02 00:00:00+00:00
[2024-09-01T01:00:59.894+0530] {processor.py:208} INFO - Processing /Users/ravipal/Desktop/Workspace/airflow_tutorial/py_env/lib/python3.12/site-packages/airflow/example_dags/example_workday_timetable.py took 0.056 seconds
[2024-09-01T01:02:04.282+0530] {processor.py:186} INFO - Started process (PID=3989) to work on /Users/ravipal/Desktop/Workspace/airflow_tutorial/py_env/lib/python3.12/site-packages/airflow/example_dags/example_workday_timetable.py
[2024-09-01T01:02:04.282+0530] {processor.py:914} INFO - Processing file /Users/ravipal/Desktop/Workspace/airflow_tutorial/py_env/lib/python3.12/site-packages/airflow/example_dags/example_workday_timetable.py for tasks to queue
[2024-09-01T01:02:04.283+0530] {logging_mixin.py:190} INFO - [2024-09-01T01:02:04.282+0530] {dagbag.py:587} INFO - Filling up the DagBag from /Users/ravipal/Desktop/Workspace/airflow_tutorial/py_env/lib/python3.12/site-packages/airflow/example_dags/example_workday_timetable.py
[2024-09-01T01:02:04.283+0530] {logging_mixin.py:190} INFO - [2024-09-01T01:02:04.283+0530] {workday.py:41} WARNING - Could not import pandas. Holidays will not be considered.
[2024-09-01T01:02:04.286+0530] {processor.py:925} INFO - DAG(s) 'example_workday_timetable' retrieved from /Users/ravipal/Desktop/Workspace/airflow_tutorial/py_env/lib/python3.12/site-packages/airflow/example_dags/example_workday_timetable.py
[2024-09-01T01:02:04.317+0530] {logging_mixin.py:190} INFO - [2024-09-01T01:02:04.316+0530] {workday.py:41} WARNING - Could not import pandas. Holidays will not be considered.
[2024-09-01T01:02:04.324+0530] {logging_mixin.py:190} INFO - [2024-09-01T01:02:04.324+0530] {dag.py:3211} INFO - Sync 1 DAGs
[2024-09-01T01:02:04.330+0530] {logging_mixin.py:190} INFO - [2024-09-01T01:02:04.330+0530] {dag.py:4138} INFO - Setting next_dagrun for example_workday_timetable to 2021-01-01 00:00:00+00:00, run_after=2021-01-02 00:00:00+00:00
[2024-09-01T01:02:04.336+0530] {processor.py:208} INFO - Processing /Users/ravipal/Desktop/Workspace/airflow_tutorial/py_env/lib/python3.12/site-packages/airflow/example_dags/example_workday_timetable.py took 0.056 seconds
[2024-09-01T01:03:06.130+0530] {processor.py:186} INFO - Started process (PID=4054) to work on /Users/ravipal/Desktop/Workspace/airflow_tutorial/py_env/lib/python3.12/site-packages/airflow/example_dags/example_workday_timetable.py
[2024-09-01T01:03:06.130+0530] {processor.py:914} INFO - Processing file /Users/ravipal/Desktop/Workspace/airflow_tutorial/py_env/lib/python3.12/site-packages/airflow/example_dags/example_workday_timetable.py for tasks to queue
[2024-09-01T01:03:06.131+0530] {logging_mixin.py:190} INFO - [2024-09-01T01:03:06.131+0530] {dagbag.py:587} INFO - Filling up the DagBag from /Users/ravipal/Desktop/Workspace/airflow_tutorial/py_env/lib/python3.12/site-packages/airflow/example_dags/example_workday_timetable.py
[2024-09-01T01:03:06.132+0530] {logging_mixin.py:190} INFO - [2024-09-01T01:03:06.132+0530] {workday.py:41} WARNING - Could not import pandas. Holidays will not be considered.
[2024-09-01T01:03:06.135+0530] {processor.py:925} INFO - DAG(s) 'example_workday_timetable' retrieved from /Users/ravipal/Desktop/Workspace/airflow_tutorial/py_env/lib/python3.12/site-packages/airflow/example_dags/example_workday_timetable.py
[2024-09-01T01:03:06.165+0530] {logging_mixin.py:190} INFO - [2024-09-01T01:03:06.165+0530] {workday.py:41} WARNING - Could not import pandas. Holidays will not be considered.
[2024-09-01T01:03:06.173+0530] {logging_mixin.py:190} INFO - [2024-09-01T01:03:06.172+0530] {dag.py:3211} INFO - Sync 1 DAGs
[2024-09-01T01:03:06.178+0530] {logging_mixin.py:190} INFO - [2024-09-01T01:03:06.178+0530] {dag.py:4138} INFO - Setting next_dagrun for example_workday_timetable to 2021-01-01 00:00:00+00:00, run_after=2021-01-02 00:00:00+00:00
[2024-09-01T01:03:06.185+0530] {processor.py:208} INFO - Processing /Users/ravipal/Desktop/Workspace/airflow_tutorial/py_env/lib/python3.12/site-packages/airflow/example_dags/example_workday_timetable.py took 0.057 seconds
[2024-09-01T01:04:10.653+0530] {processor.py:186} INFO - Started process (PID=4124) to work on /Users/ravipal/Desktop/Workspace/airflow_tutorial/py_env/lib/python3.12/site-packages/airflow/example_dags/example_workday_timetable.py
[2024-09-01T01:04:10.653+0530] {processor.py:914} INFO - Processing file /Users/ravipal/Desktop/Workspace/airflow_tutorial/py_env/lib/python3.12/site-packages/airflow/example_dags/example_workday_timetable.py for tasks to queue
[2024-09-01T01:04:10.654+0530] {logging_mixin.py:190} INFO - [2024-09-01T01:04:10.654+0530] {dagbag.py:587} INFO - Filling up the DagBag from /Users/ravipal/Desktop/Workspace/airflow_tutorial/py_env/lib/python3.12/site-packages/airflow/example_dags/example_workday_timetable.py
[2024-09-01T01:04:10.655+0530] {logging_mixin.py:190} INFO - [2024-09-01T01:04:10.655+0530] {workday.py:41} WARNING - Could not import pandas. Holidays will not be considered.
[2024-09-01T01:04:10.657+0530] {processor.py:925} INFO - DAG(s) 'example_workday_timetable' retrieved from /Users/ravipal/Desktop/Workspace/airflow_tutorial/py_env/lib/python3.12/site-packages/airflow/example_dags/example_workday_timetable.py
[2024-09-01T01:04:10.689+0530] {logging_mixin.py:190} INFO - [2024-09-01T01:04:10.689+0530] {workday.py:41} WARNING - Could not import pandas. Holidays will not be considered.
[2024-09-01T01:04:10.697+0530] {logging_mixin.py:190} INFO - [2024-09-01T01:04:10.697+0530] {dag.py:3211} INFO - Sync 1 DAGs
[2024-09-01T01:04:10.703+0530] {logging_mixin.py:190} INFO - [2024-09-01T01:04:10.703+0530] {dag.py:4138} INFO - Setting next_dagrun for example_workday_timetable to 2021-01-01 00:00:00+00:00, run_after=2021-01-02 00:00:00+00:00
[2024-09-01T01:04:10.709+0530] {processor.py:208} INFO - Processing /Users/ravipal/Desktop/Workspace/airflow_tutorial/py_env/lib/python3.12/site-packages/airflow/example_dags/example_workday_timetable.py took 0.059 seconds
[2024-09-01T01:05:14.405+0530] {processor.py:186} INFO - Started process (PID=4204) to work on /Users/ravipal/Desktop/Workspace/airflow_tutorial/py_env/lib/python3.12/site-packages/airflow/example_dags/example_workday_timetable.py
[2024-09-01T01:05:14.405+0530] {processor.py:914} INFO - Processing file /Users/ravipal/Desktop/Workspace/airflow_tutorial/py_env/lib/python3.12/site-packages/airflow/example_dags/example_workday_timetable.py for tasks to queue
[2024-09-01T01:05:14.406+0530] {logging_mixin.py:190} INFO - [2024-09-01T01:05:14.405+0530] {dagbag.py:587} INFO - Filling up the DagBag from /Users/ravipal/Desktop/Workspace/airflow_tutorial/py_env/lib/python3.12/site-packages/airflow/example_dags/example_workday_timetable.py
[2024-09-01T01:05:14.407+0530] {logging_mixin.py:190} INFO - [2024-09-01T01:05:14.407+0530] {workday.py:41} WARNING - Could not import pandas. Holidays will not be considered.
[2024-09-01T01:05:14.409+0530] {processor.py:925} INFO - DAG(s) 'example_workday_timetable' retrieved from /Users/ravipal/Desktop/Workspace/airflow_tutorial/py_env/lib/python3.12/site-packages/airflow/example_dags/example_workday_timetable.py
[2024-09-01T01:05:14.441+0530] {logging_mixin.py:190} INFO - [2024-09-01T01:05:14.441+0530] {workday.py:41} WARNING - Could not import pandas. Holidays will not be considered.
[2024-09-01T01:05:14.449+0530] {logging_mixin.py:190} INFO - [2024-09-01T01:05:14.449+0530] {dag.py:3211} INFO - Sync 1 DAGs
[2024-09-01T01:05:14.455+0530] {logging_mixin.py:190} INFO - [2024-09-01T01:05:14.455+0530] {dag.py:4138} INFO - Setting next_dagrun for example_workday_timetable to 2021-01-01 00:00:00+00:00, run_after=2021-01-02 00:00:00+00:00
[2024-09-01T01:05:14.462+0530] {processor.py:208} INFO - Processing /Users/ravipal/Desktop/Workspace/airflow_tutorial/py_env/lib/python3.12/site-packages/airflow/example_dags/example_workday_timetable.py took 0.059 seconds
[2024-09-01T01:06:18.365+0530] {processor.py:186} INFO - Started process (PID=4278) to work on /Users/ravipal/Desktop/Workspace/airflow_tutorial/py_env/lib/python3.12/site-packages/airflow/example_dags/example_workday_timetable.py
[2024-09-01T01:06:18.366+0530] {processor.py:914} INFO - Processing file /Users/ravipal/Desktop/Workspace/airflow_tutorial/py_env/lib/python3.12/site-packages/airflow/example_dags/example_workday_timetable.py for tasks to queue
[2024-09-01T01:06:18.366+0530] {logging_mixin.py:190} INFO - [2024-09-01T01:06:18.366+0530] {dagbag.py:587} INFO - Filling up the DagBag from /Users/ravipal/Desktop/Workspace/airflow_tutorial/py_env/lib/python3.12/site-packages/airflow/example_dags/example_workday_timetable.py
[2024-09-01T01:06:18.367+0530] {logging_mixin.py:190} INFO - [2024-09-01T01:06:18.367+0530] {workday.py:41} WARNING - Could not import pandas. Holidays will not be considered.
[2024-09-01T01:06:18.370+0530] {processor.py:925} INFO - DAG(s) 'example_workday_timetable' retrieved from /Users/ravipal/Desktop/Workspace/airflow_tutorial/py_env/lib/python3.12/site-packages/airflow/example_dags/example_workday_timetable.py
[2024-09-01T01:06:18.402+0530] {logging_mixin.py:190} INFO - [2024-09-01T01:06:18.402+0530] {workday.py:41} WARNING - Could not import pandas. Holidays will not be considered.
[2024-09-01T01:06:18.410+0530] {logging_mixin.py:190} INFO - [2024-09-01T01:06:18.410+0530] {dag.py:3211} INFO - Sync 1 DAGs
[2024-09-01T01:06:18.416+0530] {logging_mixin.py:190} INFO - [2024-09-01T01:06:18.416+0530] {dag.py:4138} INFO - Setting next_dagrun for example_workday_timetable to 2021-01-01 00:00:00+00:00, run_after=2021-01-02 00:00:00+00:00
[2024-09-01T01:06:18.422+0530] {processor.py:208} INFO - Processing /Users/ravipal/Desktop/Workspace/airflow_tutorial/py_env/lib/python3.12/site-packages/airflow/example_dags/example_workday_timetable.py took 0.060 seconds
[2024-09-01T01:07:25.201+0530] {processor.py:186} INFO - Started process (PID=4347) to work on /Users/ravipal/Desktop/Workspace/airflow_tutorial/py_env/lib/python3.12/site-packages/airflow/example_dags/example_workday_timetable.py
[2024-09-01T01:07:25.202+0530] {processor.py:914} INFO - Processing file /Users/ravipal/Desktop/Workspace/airflow_tutorial/py_env/lib/python3.12/site-packages/airflow/example_dags/example_workday_timetable.py for tasks to queue
[2024-09-01T01:07:25.202+0530] {logging_mixin.py:190} INFO - [2024-09-01T01:07:25.202+0530] {dagbag.py:587} INFO - Filling up the DagBag from /Users/ravipal/Desktop/Workspace/airflow_tutorial/py_env/lib/python3.12/site-packages/airflow/example_dags/example_workday_timetable.py
[2024-09-01T01:07:25.203+0530] {logging_mixin.py:190} INFO - [2024-09-01T01:07:25.203+0530] {workday.py:41} WARNING - Could not import pandas. Holidays will not be considered.
[2024-09-01T01:07:25.205+0530] {processor.py:925} INFO - DAG(s) 'example_workday_timetable' retrieved from /Users/ravipal/Desktop/Workspace/airflow_tutorial/py_env/lib/python3.12/site-packages/airflow/example_dags/example_workday_timetable.py
[2024-09-01T01:07:25.237+0530] {logging_mixin.py:190} INFO - [2024-09-01T01:07:25.237+0530] {workday.py:41} WARNING - Could not import pandas. Holidays will not be considered.
[2024-09-01T01:07:25.244+0530] {logging_mixin.py:190} INFO - [2024-09-01T01:07:25.244+0530] {dag.py:3211} INFO - Sync 1 DAGs
[2024-09-01T01:07:25.250+0530] {logging_mixin.py:190} INFO - [2024-09-01T01:07:25.250+0530] {dag.py:4138} INFO - Setting next_dagrun for example_workday_timetable to 2021-01-01 00:00:00+00:00, run_after=2021-01-02 00:00:00+00:00
[2024-09-01T01:07:25.257+0530] {processor.py:208} INFO - Processing /Users/ravipal/Desktop/Workspace/airflow_tutorial/py_env/lib/python3.12/site-packages/airflow/example_dags/example_workday_timetable.py took 0.057 seconds
[2024-09-01T01:08:31.572+0530] {processor.py:186} INFO - Started process (PID=4413) to work on /Users/ravipal/Desktop/Workspace/airflow_tutorial/py_env/lib/python3.12/site-packages/airflow/example_dags/example_workday_timetable.py
[2024-09-01T01:08:31.572+0530] {processor.py:914} INFO - Processing file /Users/ravipal/Desktop/Workspace/airflow_tutorial/py_env/lib/python3.12/site-packages/airflow/example_dags/example_workday_timetable.py for tasks to queue
[2024-09-01T01:08:31.573+0530] {logging_mixin.py:190} INFO - [2024-09-01T01:08:31.573+0530] {dagbag.py:587} INFO - Filling up the DagBag from /Users/ravipal/Desktop/Workspace/airflow_tutorial/py_env/lib/python3.12/site-packages/airflow/example_dags/example_workday_timetable.py
[2024-09-01T01:08:31.574+0530] {logging_mixin.py:190} INFO - [2024-09-01T01:08:31.574+0530] {workday.py:41} WARNING - Could not import pandas. Holidays will not be considered.
[2024-09-01T01:08:31.576+0530] {processor.py:925} INFO - DAG(s) 'example_workday_timetable' retrieved from /Users/ravipal/Desktop/Workspace/airflow_tutorial/py_env/lib/python3.12/site-packages/airflow/example_dags/example_workday_timetable.py
[2024-09-01T01:08:31.607+0530] {logging_mixin.py:190} INFO - [2024-09-01T01:08:31.607+0530] {workday.py:41} WARNING - Could not import pandas. Holidays will not be considered.
[2024-09-01T01:08:31.614+0530] {logging_mixin.py:190} INFO - [2024-09-01T01:08:31.614+0530] {dag.py:3211} INFO - Sync 1 DAGs
[2024-09-01T01:08:31.620+0530] {logging_mixin.py:190} INFO - [2024-09-01T01:08:31.620+0530] {dag.py:4138} INFO - Setting next_dagrun for example_workday_timetable to 2021-01-01 00:00:00+00:00, run_after=2021-01-02 00:00:00+00:00
[2024-09-01T01:08:31.627+0530] {processor.py:208} INFO - Processing /Users/ravipal/Desktop/Workspace/airflow_tutorial/py_env/lib/python3.12/site-packages/airflow/example_dags/example_workday_timetable.py took 0.057 seconds
[2024-09-01T01:09:36.416+0530] {processor.py:186} INFO - Started process (PID=4478) to work on /Users/ravipal/Desktop/Workspace/airflow_tutorial/py_env/lib/python3.12/site-packages/airflow/example_dags/example_workday_timetable.py
[2024-09-01T01:09:36.417+0530] {processor.py:914} INFO - Processing file /Users/ravipal/Desktop/Workspace/airflow_tutorial/py_env/lib/python3.12/site-packages/airflow/example_dags/example_workday_timetable.py for tasks to queue
[2024-09-01T01:09:36.417+0530] {logging_mixin.py:190} INFO - [2024-09-01T01:09:36.417+0530] {dagbag.py:587} INFO - Filling up the DagBag from /Users/ravipal/Desktop/Workspace/airflow_tutorial/py_env/lib/python3.12/site-packages/airflow/example_dags/example_workday_timetable.py
[2024-09-01T01:09:36.418+0530] {logging_mixin.py:190} INFO - [2024-09-01T01:09:36.418+0530] {workday.py:41} WARNING - Could not import pandas. Holidays will not be considered.
[2024-09-01T01:09:36.420+0530] {processor.py:925} INFO - DAG(s) 'example_workday_timetable' retrieved from /Users/ravipal/Desktop/Workspace/airflow_tutorial/py_env/lib/python3.12/site-packages/airflow/example_dags/example_workday_timetable.py
[2024-09-01T01:09:36.451+0530] {logging_mixin.py:190} INFO - [2024-09-01T01:09:36.451+0530] {workday.py:41} WARNING - Could not import pandas. Holidays will not be considered.
[2024-09-01T01:09:36.459+0530] {logging_mixin.py:190} INFO - [2024-09-01T01:09:36.459+0530] {dag.py:3211} INFO - Sync 1 DAGs
[2024-09-01T01:09:36.465+0530] {logging_mixin.py:190} INFO - [2024-09-01T01:09:36.465+0530] {dag.py:4138} INFO - Setting next_dagrun for example_workday_timetable to 2021-01-01 00:00:00+00:00, run_after=2021-01-02 00:00:00+00:00
[2024-09-01T01:09:36.471+0530] {processor.py:208} INFO - Processing /Users/ravipal/Desktop/Workspace/airflow_tutorial/py_env/lib/python3.12/site-packages/airflow/example_dags/example_workday_timetable.py took 0.057 seconds
[2024-09-01T01:10:37.815+0530] {processor.py:186} INFO - Started process (PID=4540) to work on /Users/ravipal/Desktop/Workspace/airflow_tutorial/py_env/lib/python3.12/site-packages/airflow/example_dags/example_workday_timetable.py
[2024-09-01T01:10:37.815+0530] {processor.py:914} INFO - Processing file /Users/ravipal/Desktop/Workspace/airflow_tutorial/py_env/lib/python3.12/site-packages/airflow/example_dags/example_workday_timetable.py for tasks to queue
[2024-09-01T01:10:37.816+0530] {logging_mixin.py:190} INFO - [2024-09-01T01:10:37.816+0530] {dagbag.py:587} INFO - Filling up the DagBag from /Users/ravipal/Desktop/Workspace/airflow_tutorial/py_env/lib/python3.12/site-packages/airflow/example_dags/example_workday_timetable.py
[2024-09-01T01:10:37.817+0530] {logging_mixin.py:190} INFO - [2024-09-01T01:10:37.817+0530] {workday.py:41} WARNING - Could not import pandas. Holidays will not be considered.
[2024-09-01T01:10:37.819+0530] {processor.py:925} INFO - DAG(s) 'example_workday_timetable' retrieved from /Users/ravipal/Desktop/Workspace/airflow_tutorial/py_env/lib/python3.12/site-packages/airflow/example_dags/example_workday_timetable.py
[2024-09-01T01:10:37.850+0530] {logging_mixin.py:190} INFO - [2024-09-01T01:10:37.850+0530] {workday.py:41} WARNING - Could not import pandas. Holidays will not be considered.
[2024-09-01T01:10:37.857+0530] {logging_mixin.py:190} INFO - [2024-09-01T01:10:37.857+0530] {dag.py:3211} INFO - Sync 1 DAGs
[2024-09-01T01:10:37.863+0530] {logging_mixin.py:190} INFO - [2024-09-01T01:10:37.863+0530] {dag.py:4138} INFO - Setting next_dagrun for example_workday_timetable to 2021-01-01 00:00:00+00:00, run_after=2021-01-02 00:00:00+00:00
[2024-09-01T01:10:37.870+0530] {processor.py:208} INFO - Processing /Users/ravipal/Desktop/Workspace/airflow_tutorial/py_env/lib/python3.12/site-packages/airflow/example_dags/example_workday_timetable.py took 0.057 seconds
[2024-09-01T01:11:39.796+0530] {processor.py:186} INFO - Started process (PID=4604) to work on /Users/ravipal/Desktop/Workspace/airflow_tutorial/py_env/lib/python3.12/site-packages/airflow/example_dags/example_workday_timetable.py
[2024-09-01T01:11:39.797+0530] {processor.py:914} INFO - Processing file /Users/ravipal/Desktop/Workspace/airflow_tutorial/py_env/lib/python3.12/site-packages/airflow/example_dags/example_workday_timetable.py for tasks to queue
[2024-09-01T01:11:39.797+0530] {logging_mixin.py:190} INFO - [2024-09-01T01:11:39.797+0530] {dagbag.py:587} INFO - Filling up the DagBag from /Users/ravipal/Desktop/Workspace/airflow_tutorial/py_env/lib/python3.12/site-packages/airflow/example_dags/example_workday_timetable.py
[2024-09-01T01:11:39.798+0530] {logging_mixin.py:190} INFO - [2024-09-01T01:11:39.798+0530] {workday.py:41} WARNING - Could not import pandas. Holidays will not be considered.
[2024-09-01T01:11:39.800+0530] {processor.py:925} INFO - DAG(s) 'example_workday_timetable' retrieved from /Users/ravipal/Desktop/Workspace/airflow_tutorial/py_env/lib/python3.12/site-packages/airflow/example_dags/example_workday_timetable.py
[2024-09-01T01:11:39.832+0530] {logging_mixin.py:190} INFO - [2024-09-01T01:11:39.831+0530] {workday.py:41} WARNING - Could not import pandas. Holidays will not be considered.
[2024-09-01T01:11:39.839+0530] {logging_mixin.py:190} INFO - [2024-09-01T01:11:39.839+0530] {dag.py:3211} INFO - Sync 1 DAGs
[2024-09-01T01:11:39.845+0530] {logging_mixin.py:190} INFO - [2024-09-01T01:11:39.845+0530] {dag.py:4138} INFO - Setting next_dagrun for example_workday_timetable to 2021-01-01 00:00:00+00:00, run_after=2021-01-02 00:00:00+00:00
[2024-09-01T01:11:39.851+0530] {processor.py:208} INFO - Processing /Users/ravipal/Desktop/Workspace/airflow_tutorial/py_env/lib/python3.12/site-packages/airflow/example_dags/example_workday_timetable.py took 0.057 seconds
[2024-09-01T01:12:43.413+0530] {processor.py:186} INFO - Started process (PID=4670) to work on /Users/ravipal/Desktop/Workspace/airflow_tutorial/py_env/lib/python3.12/site-packages/airflow/example_dags/example_workday_timetable.py
[2024-09-01T01:12:43.414+0530] {processor.py:914} INFO - Processing file /Users/ravipal/Desktop/Workspace/airflow_tutorial/py_env/lib/python3.12/site-packages/airflow/example_dags/example_workday_timetable.py for tasks to queue
[2024-09-01T01:12:43.414+0530] {logging_mixin.py:190} INFO - [2024-09-01T01:12:43.414+0530] {dagbag.py:587} INFO - Filling up the DagBag from /Users/ravipal/Desktop/Workspace/airflow_tutorial/py_env/lib/python3.12/site-packages/airflow/example_dags/example_workday_timetable.py
[2024-09-01T01:12:43.415+0530] {logging_mixin.py:190} INFO - [2024-09-01T01:12:43.415+0530] {workday.py:41} WARNING - Could not import pandas. Holidays will not be considered.
[2024-09-01T01:12:43.417+0530] {processor.py:925} INFO - DAG(s) 'example_workday_timetable' retrieved from /Users/ravipal/Desktop/Workspace/airflow_tutorial/py_env/lib/python3.12/site-packages/airflow/example_dags/example_workday_timetable.py
[2024-09-01T01:12:43.448+0530] {logging_mixin.py:190} INFO - [2024-09-01T01:12:43.448+0530] {workday.py:41} WARNING - Could not import pandas. Holidays will not be considered.
[2024-09-01T01:12:43.455+0530] {logging_mixin.py:190} INFO - [2024-09-01T01:12:43.455+0530] {dag.py:3211} INFO - Sync 1 DAGs
[2024-09-01T01:12:43.461+0530] {logging_mixin.py:190} INFO - [2024-09-01T01:12:43.461+0530] {dag.py:4138} INFO - Setting next_dagrun for example_workday_timetable to 2021-01-01 00:00:00+00:00, run_after=2021-01-02 00:00:00+00:00
[2024-09-01T01:12:43.468+0530] {processor.py:208} INFO - Processing /Users/ravipal/Desktop/Workspace/airflow_tutorial/py_env/lib/python3.12/site-packages/airflow/example_dags/example_workday_timetable.py took 0.057 seconds
[2024-09-01T01:13:47.357+0530] {processor.py:186} INFO - Started process (PID=4731) to work on /Users/ravipal/Desktop/Workspace/airflow_tutorial/py_env/lib/python3.12/site-packages/airflow/example_dags/example_workday_timetable.py
[2024-09-01T01:13:47.357+0530] {processor.py:914} INFO - Processing file /Users/ravipal/Desktop/Workspace/airflow_tutorial/py_env/lib/python3.12/site-packages/airflow/example_dags/example_workday_timetable.py for tasks to queue
[2024-09-01T01:13:47.358+0530] {logging_mixin.py:190} INFO - [2024-09-01T01:13:47.357+0530] {dagbag.py:587} INFO - Filling up the DagBag from /Users/ravipal/Desktop/Workspace/airflow_tutorial/py_env/lib/python3.12/site-packages/airflow/example_dags/example_workday_timetable.py
[2024-09-01T01:13:47.358+0530] {logging_mixin.py:190} INFO - [2024-09-01T01:13:47.358+0530] {workday.py:41} WARNING - Could not import pandas. Holidays will not be considered.
[2024-09-01T01:13:47.361+0530] {processor.py:925} INFO - DAG(s) 'example_workday_timetable' retrieved from /Users/ravipal/Desktop/Workspace/airflow_tutorial/py_env/lib/python3.12/site-packages/airflow/example_dags/example_workday_timetable.py
[2024-09-01T01:13:47.391+0530] {logging_mixin.py:190} INFO - [2024-09-01T01:13:47.391+0530] {workday.py:41} WARNING - Could not import pandas. Holidays will not be considered.
[2024-09-01T01:13:47.399+0530] {logging_mixin.py:190} INFO - [2024-09-01T01:13:47.399+0530] {dag.py:3211} INFO - Sync 1 DAGs
[2024-09-01T01:13:47.404+0530] {logging_mixin.py:190} INFO - [2024-09-01T01:13:47.404+0530] {dag.py:4138} INFO - Setting next_dagrun for example_workday_timetable to 2021-01-01 00:00:00+00:00, run_after=2021-01-02 00:00:00+00:00
[2024-09-01T01:13:47.411+0530] {processor.py:208} INFO - Processing /Users/ravipal/Desktop/Workspace/airflow_tutorial/py_env/lib/python3.12/site-packages/airflow/example_dags/example_workday_timetable.py took 0.056 seconds
[2024-09-01T01:14:53.666+0530] {processor.py:186} INFO - Started process (PID=4800) to work on /Users/ravipal/Desktop/Workspace/airflow_tutorial/py_env/lib/python3.12/site-packages/airflow/example_dags/example_workday_timetable.py
[2024-09-01T01:14:53.666+0530] {processor.py:914} INFO - Processing file /Users/ravipal/Desktop/Workspace/airflow_tutorial/py_env/lib/python3.12/site-packages/airflow/example_dags/example_workday_timetable.py for tasks to queue
[2024-09-01T01:14:53.667+0530] {logging_mixin.py:190} INFO - [2024-09-01T01:14:53.667+0530] {dagbag.py:587} INFO - Filling up the DagBag from /Users/ravipal/Desktop/Workspace/airflow_tutorial/py_env/lib/python3.12/site-packages/airflow/example_dags/example_workday_timetable.py
[2024-09-01T01:14:53.668+0530] {logging_mixin.py:190} INFO - [2024-09-01T01:14:53.667+0530] {workday.py:41} WARNING - Could not import pandas. Holidays will not be considered.
[2024-09-01T01:14:53.670+0530] {processor.py:925} INFO - DAG(s) 'example_workday_timetable' retrieved from /Users/ravipal/Desktop/Workspace/airflow_tutorial/py_env/lib/python3.12/site-packages/airflow/example_dags/example_workday_timetable.py
[2024-09-01T01:14:53.701+0530] {logging_mixin.py:190} INFO - [2024-09-01T01:14:53.701+0530] {workday.py:41} WARNING - Could not import pandas. Holidays will not be considered.
[2024-09-01T01:14:53.708+0530] {logging_mixin.py:190} INFO - [2024-09-01T01:14:53.708+0530] {dag.py:3211} INFO - Sync 1 DAGs
[2024-09-01T01:14:53.714+0530] {logging_mixin.py:190} INFO - [2024-09-01T01:14:53.714+0530] {dag.py:4138} INFO - Setting next_dagrun for example_workday_timetable to 2021-01-01 00:00:00+00:00, run_after=2021-01-02 00:00:00+00:00
[2024-09-01T01:14:53.721+0530] {processor.py:208} INFO - Processing /Users/ravipal/Desktop/Workspace/airflow_tutorial/py_env/lib/python3.12/site-packages/airflow/example_dags/example_workday_timetable.py took 0.057 seconds
[2024-09-01T01:15:59.980+0530] {processor.py:186} INFO - Started process (PID=4865) to work on /Users/ravipal/Desktop/Workspace/airflow_tutorial/py_env/lib/python3.12/site-packages/airflow/example_dags/example_workday_timetable.py
[2024-09-01T01:15:59.981+0530] {processor.py:914} INFO - Processing file /Users/ravipal/Desktop/Workspace/airflow_tutorial/py_env/lib/python3.12/site-packages/airflow/example_dags/example_workday_timetable.py for tasks to queue
[2024-09-01T01:15:59.981+0530] {logging_mixin.py:190} INFO - [2024-09-01T01:15:59.981+0530] {dagbag.py:587} INFO - Filling up the DagBag from /Users/ravipal/Desktop/Workspace/airflow_tutorial/py_env/lib/python3.12/site-packages/airflow/example_dags/example_workday_timetable.py
[2024-09-01T01:15:59.982+0530] {logging_mixin.py:190} INFO - [2024-09-01T01:15:59.982+0530] {workday.py:41} WARNING - Could not import pandas. Holidays will not be considered.
[2024-09-01T01:15:59.984+0530] {processor.py:925} INFO - DAG(s) 'example_workday_timetable' retrieved from /Users/ravipal/Desktop/Workspace/airflow_tutorial/py_env/lib/python3.12/site-packages/airflow/example_dags/example_workday_timetable.py
[2024-09-01T01:16:00.015+0530] {logging_mixin.py:190} INFO - [2024-09-01T01:16:00.015+0530] {workday.py:41} WARNING - Could not import pandas. Holidays will not be considered.
[2024-09-01T01:16:00.023+0530] {logging_mixin.py:190} INFO - [2024-09-01T01:16:00.022+0530] {dag.py:3211} INFO - Sync 1 DAGs
[2024-09-01T01:16:00.028+0530] {logging_mixin.py:190} INFO - [2024-09-01T01:16:00.028+0530] {dag.py:4138} INFO - Setting next_dagrun for example_workday_timetable to 2021-01-01 00:00:00+00:00, run_after=2021-01-02 00:00:00+00:00
[2024-09-01T01:16:00.035+0530] {processor.py:208} INFO - Processing /Users/ravipal/Desktop/Workspace/airflow_tutorial/py_env/lib/python3.12/site-packages/airflow/example_dags/example_workday_timetable.py took 0.056 seconds
[2024-09-01T01:17:06.168+0530] {processor.py:186} INFO - Started process (PID=4930) to work on /Users/ravipal/Desktop/Workspace/airflow_tutorial/py_env/lib/python3.12/site-packages/airflow/example_dags/example_workday_timetable.py
[2024-09-01T01:17:06.169+0530] {processor.py:914} INFO - Processing file /Users/ravipal/Desktop/Workspace/airflow_tutorial/py_env/lib/python3.12/site-packages/airflow/example_dags/example_workday_timetable.py for tasks to queue
[2024-09-01T01:17:06.169+0530] {logging_mixin.py:190} INFO - [2024-09-01T01:17:06.169+0530] {dagbag.py:587} INFO - Filling up the DagBag from /Users/ravipal/Desktop/Workspace/airflow_tutorial/py_env/lib/python3.12/site-packages/airflow/example_dags/example_workday_timetable.py
[2024-09-01T01:17:06.170+0530] {logging_mixin.py:190} INFO - [2024-09-01T01:17:06.170+0530] {workday.py:41} WARNING - Could not import pandas. Holidays will not be considered.
[2024-09-01T01:17:06.173+0530] {processor.py:925} INFO - DAG(s) 'example_workday_timetable' retrieved from /Users/ravipal/Desktop/Workspace/airflow_tutorial/py_env/lib/python3.12/site-packages/airflow/example_dags/example_workday_timetable.py
[2024-09-01T01:17:06.204+0530] {logging_mixin.py:190} INFO - [2024-09-01T01:17:06.204+0530] {workday.py:41} WARNING - Could not import pandas. Holidays will not be considered.
[2024-09-01T01:17:06.211+0530] {logging_mixin.py:190} INFO - [2024-09-01T01:17:06.211+0530] {dag.py:3211} INFO - Sync 1 DAGs
[2024-09-01T01:17:06.217+0530] {logging_mixin.py:190} INFO - [2024-09-01T01:17:06.217+0530] {dag.py:4138} INFO - Setting next_dagrun for example_workday_timetable to 2021-01-01 00:00:00+00:00, run_after=2021-01-02 00:00:00+00:00
[2024-09-01T01:17:06.223+0530] {processor.py:208} INFO - Processing /Users/ravipal/Desktop/Workspace/airflow_tutorial/py_env/lib/python3.12/site-packages/airflow/example_dags/example_workday_timetable.py took 0.057 seconds
[2024-09-01T01:18:10.043+0530] {processor.py:186} INFO - Started process (PID=4996) to work on /Users/ravipal/Desktop/Workspace/airflow_tutorial/py_env/lib/python3.12/site-packages/airflow/example_dags/example_workday_timetable.py
[2024-09-01T01:18:10.044+0530] {processor.py:914} INFO - Processing file /Users/ravipal/Desktop/Workspace/airflow_tutorial/py_env/lib/python3.12/site-packages/airflow/example_dags/example_workday_timetable.py for tasks to queue
[2024-09-01T01:18:10.044+0530] {logging_mixin.py:190} INFO - [2024-09-01T01:18:10.044+0530] {dagbag.py:587} INFO - Filling up the DagBag from /Users/ravipal/Desktop/Workspace/airflow_tutorial/py_env/lib/python3.12/site-packages/airflow/example_dags/example_workday_timetable.py
[2024-09-01T01:18:10.045+0530] {logging_mixin.py:190} INFO - [2024-09-01T01:18:10.045+0530] {workday.py:41} WARNING - Could not import pandas. Holidays will not be considered.
[2024-09-01T01:18:10.047+0530] {processor.py:925} INFO - DAG(s) 'example_workday_timetable' retrieved from /Users/ravipal/Desktop/Workspace/airflow_tutorial/py_env/lib/python3.12/site-packages/airflow/example_dags/example_workday_timetable.py
[2024-09-01T01:18:10.079+0530] {logging_mixin.py:190} INFO - [2024-09-01T01:18:10.078+0530] {workday.py:41} WARNING - Could not import pandas. Holidays will not be considered.
[2024-09-01T01:18:10.086+0530] {logging_mixin.py:190} INFO - [2024-09-01T01:18:10.086+0530] {dag.py:3211} INFO - Sync 1 DAGs
[2024-09-01T01:18:10.092+0530] {logging_mixin.py:190} INFO - [2024-09-01T01:18:10.092+0530] {dag.py:4138} INFO - Setting next_dagrun for example_workday_timetable to 2021-01-01 00:00:00+00:00, run_after=2021-01-02 00:00:00+00:00
[2024-09-01T01:18:10.098+0530] {processor.py:208} INFO - Processing /Users/ravipal/Desktop/Workspace/airflow_tutorial/py_env/lib/python3.12/site-packages/airflow/example_dags/example_workday_timetable.py took 0.057 seconds
