[2024-09-01T00:23:38.978+0530] {processor.py:186} INFO - Started process (PID=1465) to work on /Users/ravipal/Desktop/Workspace/airflow_tutorial/py_env/lib/python3.12/site-packages/airflow/example_dags/example_latest_only_with_trigger.py
[2024-09-01T00:23:38.978+0530] {processor.py:914} INFO - Processing file /Users/ravipal/Desktop/Workspace/airflow_tutorial/py_env/lib/python3.12/site-packages/airflow/example_dags/example_latest_only_with_trigger.py for tasks to queue
[2024-09-01T00:23:38.978+0530] {logging_mixin.py:190} INFO - [2024-09-01T00:23:38.978+0530] {dagbag.py:587} INFO - Filling up the DagBag from /Users/ravipal/Desktop/Workspace/airflow_tutorial/py_env/lib/python3.12/site-packages/airflow/example_dags/example_latest_only_with_trigger.py
[2024-09-01T00:23:38.982+0530] {processor.py:925} INFO - DAG(s) 'latest_only_with_trigger' retrieved from /Users/ravipal/Desktop/Workspace/airflow_tutorial/py_env/lib/python3.12/site-packages/airflow/example_dags/example_latest_only_with_trigger.py
[2024-09-01T00:23:39.056+0530] {logging_mixin.py:190} INFO - [2024-09-01T00:23:39.055+0530] {override.py:1858} INFO - Created Permission View: can edit on DAG:latest_only_with_trigger
[2024-09-01T00:23:39.059+0530] {logging_mixin.py:190} INFO - [2024-09-01T00:23:39.059+0530] {override.py:1858} INFO - Created Permission View: can read on DAG:latest_only_with_trigger
[2024-09-01T00:23:39.061+0530] {logging_mixin.py:190} INFO - [2024-09-01T00:23:39.061+0530] {override.py:1858} INFO - Created Permission View: can delete on DAG:latest_only_with_trigger
[2024-09-01T00:23:39.061+0530] {logging_mixin.py:190} INFO - [2024-09-01T00:23:39.061+0530] {dag.py:3211} INFO - Sync 1 DAGs
[2024-09-01T00:23:39.066+0530] {logging_mixin.py:190} INFO - [2024-09-01T00:23:39.066+0530] {dag.py:3234} INFO - Creating ORM DAG for latest_only_with_trigger
[2024-09-01T00:23:39.072+0530] {logging_mixin.py:190} INFO - [2024-09-01T00:23:39.072+0530] {dag.py:4138} INFO - Setting next_dagrun for latest_only_with_trigger to 2024-08-31 12:00:00+00:00, run_after=2024-08-31 16:00:00+00:00
[2024-09-01T00:23:39.112+0530] {processor.py:208} INFO - Processing /Users/ravipal/Desktop/Workspace/airflow_tutorial/py_env/lib/python3.12/site-packages/airflow/example_dags/example_latest_only_with_trigger.py took 0.136 seconds
[2024-09-01T00:25:17.706+0530] {processor.py:186} INFO - Started process (PID=1564) to work on /Users/ravipal/Desktop/Workspace/airflow_tutorial/py_env/lib/python3.12/site-packages/airflow/example_dags/example_latest_only_with_trigger.py
[2024-09-01T00:25:17.706+0530] {processor.py:914} INFO - Processing file /Users/ravipal/Desktop/Workspace/airflow_tutorial/py_env/lib/python3.12/site-packages/airflow/example_dags/example_latest_only_with_trigger.py for tasks to queue
[2024-09-01T00:25:17.707+0530] {logging_mixin.py:190} INFO - [2024-09-01T00:25:17.707+0530] {dagbag.py:587} INFO - Filling up the DagBag from /Users/ravipal/Desktop/Workspace/airflow_tutorial/py_env/lib/python3.12/site-packages/airflow/example_dags/example_latest_only_with_trigger.py
[2024-09-01T00:25:17.710+0530] {processor.py:925} INFO - DAG(s) 'latest_only_with_trigger' retrieved from /Users/ravipal/Desktop/Workspace/airflow_tutorial/py_env/lib/python3.12/site-packages/airflow/example_dags/example_latest_only_with_trigger.py
[2024-09-01T00:25:17.745+0530] {logging_mixin.py:190} INFO - [2024-09-01T00:25:17.745+0530] {dag.py:3211} INFO - Sync 1 DAGs
[2024-09-01T00:25:17.751+0530] {logging_mixin.py:190} INFO - [2024-09-01T00:25:17.751+0530] {dag.py:4138} INFO - Setting next_dagrun for latest_only_with_trigger to 2024-08-31 12:00:00+00:00, run_after=2024-08-31 16:00:00+00:00
[2024-09-01T00:25:17.758+0530] {processor.py:208} INFO - Processing /Users/ravipal/Desktop/Workspace/airflow_tutorial/py_env/lib/python3.12/site-packages/airflow/example_dags/example_latest_only_with_trigger.py took 0.054 seconds
[2024-09-01T00:27:33.314+0530] {processor.py:186} INFO - Started process (PID=1876) to work on /Users/ravipal/Desktop/Workspace/airflow_tutorial/py_env/lib/python3.12/site-packages/airflow/example_dags/example_latest_only_with_trigger.py
[2024-09-01T00:27:33.314+0530] {processor.py:914} INFO - Processing file /Users/ravipal/Desktop/Workspace/airflow_tutorial/py_env/lib/python3.12/site-packages/airflow/example_dags/example_latest_only_with_trigger.py for tasks to queue
[2024-09-01T00:27:33.315+0530] {logging_mixin.py:190} INFO - [2024-09-01T00:27:33.315+0530] {dagbag.py:587} INFO - Filling up the DagBag from /Users/ravipal/Desktop/Workspace/airflow_tutorial/py_env/lib/python3.12/site-packages/airflow/example_dags/example_latest_only_with_trigger.py
[2024-09-01T00:27:33.318+0530] {processor.py:925} INFO - DAG(s) 'latest_only_with_trigger' retrieved from /Users/ravipal/Desktop/Workspace/airflow_tutorial/py_env/lib/python3.12/site-packages/airflow/example_dags/example_latest_only_with_trigger.py
[2024-09-01T00:27:33.357+0530] {logging_mixin.py:190} INFO - [2024-09-01T00:27:33.357+0530] {dag.py:3211} INFO - Sync 1 DAGs
[2024-09-01T00:27:33.363+0530] {logging_mixin.py:190} INFO - [2024-09-01T00:27:33.363+0530] {dag.py:4138} INFO - Setting next_dagrun for latest_only_with_trigger to 2024-08-31 12:00:00+00:00, run_after=2024-08-31 16:00:00+00:00
[2024-09-01T00:27:33.370+0530] {processor.py:208} INFO - Processing /Users/ravipal/Desktop/Workspace/airflow_tutorial/py_env/lib/python3.12/site-packages/airflow/example_dags/example_latest_only_with_trigger.py took 0.059 seconds
[2024-09-01T00:29:43.814+0530] {processor.py:186} INFO - Started process (PID=2022) to work on /Users/ravipal/Desktop/Workspace/airflow_tutorial/py_env/lib/python3.12/site-packages/airflow/example_dags/example_latest_only_with_trigger.py
[2024-09-01T00:29:43.814+0530] {processor.py:914} INFO - Processing file /Users/ravipal/Desktop/Workspace/airflow_tutorial/py_env/lib/python3.12/site-packages/airflow/example_dags/example_latest_only_with_trigger.py for tasks to queue
[2024-09-01T00:29:43.815+0530] {logging_mixin.py:190} INFO - [2024-09-01T00:29:43.815+0530] {dagbag.py:587} INFO - Filling up the DagBag from /Users/ravipal/Desktop/Workspace/airflow_tutorial/py_env/lib/python3.12/site-packages/airflow/example_dags/example_latest_only_with_trigger.py
[2024-09-01T00:29:43.818+0530] {processor.py:925} INFO - DAG(s) 'latest_only_with_trigger' retrieved from /Users/ravipal/Desktop/Workspace/airflow_tutorial/py_env/lib/python3.12/site-packages/airflow/example_dags/example_latest_only_with_trigger.py
[2024-09-01T00:29:43.854+0530] {logging_mixin.py:190} INFO - [2024-09-01T00:29:43.854+0530] {dag.py:3211} INFO - Sync 1 DAGs
[2024-09-01T00:29:43.860+0530] {logging_mixin.py:190} INFO - [2024-09-01T00:29:43.859+0530] {dag.py:4138} INFO - Setting next_dagrun for latest_only_with_trigger to 2024-08-31 12:00:00+00:00, run_after=2024-08-31 16:00:00+00:00
[2024-09-01T00:29:43.866+0530] {processor.py:208} INFO - Processing /Users/ravipal/Desktop/Workspace/airflow_tutorial/py_env/lib/python3.12/site-packages/airflow/example_dags/example_latest_only_with_trigger.py took 0.054 seconds
[2024-09-01T00:31:57.709+0530] {processor.py:186} INFO - Started process (PID=2159) to work on /Users/ravipal/Desktop/Workspace/airflow_tutorial/py_env/lib/python3.12/site-packages/airflow/example_dags/example_latest_only_with_trigger.py
[2024-09-01T00:31:57.710+0530] {processor.py:914} INFO - Processing file /Users/ravipal/Desktop/Workspace/airflow_tutorial/py_env/lib/python3.12/site-packages/airflow/example_dags/example_latest_only_with_trigger.py for tasks to queue
[2024-09-01T00:31:57.710+0530] {logging_mixin.py:190} INFO - [2024-09-01T00:31:57.710+0530] {dagbag.py:587} INFO - Filling up the DagBag from /Users/ravipal/Desktop/Workspace/airflow_tutorial/py_env/lib/python3.12/site-packages/airflow/example_dags/example_latest_only_with_trigger.py
[2024-09-01T00:31:57.713+0530] {processor.py:925} INFO - DAG(s) 'latest_only_with_trigger' retrieved from /Users/ravipal/Desktop/Workspace/airflow_tutorial/py_env/lib/python3.12/site-packages/airflow/example_dags/example_latest_only_with_trigger.py
[2024-09-01T00:31:57.749+0530] {logging_mixin.py:190} INFO - [2024-09-01T00:31:57.749+0530] {dag.py:3211} INFO - Sync 1 DAGs
[2024-09-01T00:31:57.755+0530] {logging_mixin.py:190} INFO - [2024-09-01T00:31:57.755+0530] {dag.py:4138} INFO - Setting next_dagrun for latest_only_with_trigger to 2024-08-31 12:00:00+00:00, run_after=2024-08-31 16:00:00+00:00
[2024-09-01T00:31:57.762+0530] {processor.py:208} INFO - Processing /Users/ravipal/Desktop/Workspace/airflow_tutorial/py_env/lib/python3.12/site-packages/airflow/example_dags/example_latest_only_with_trigger.py took 0.055 seconds
[2024-09-01T00:34:11.647+0530] {processor.py:186} INFO - Started process (PID=2291) to work on /Users/ravipal/Desktop/Workspace/airflow_tutorial/py_env/lib/python3.12/site-packages/airflow/example_dags/example_latest_only_with_trigger.py
[2024-09-01T00:34:11.648+0530] {processor.py:914} INFO - Processing file /Users/ravipal/Desktop/Workspace/airflow_tutorial/py_env/lib/python3.12/site-packages/airflow/example_dags/example_latest_only_with_trigger.py for tasks to queue
[2024-09-01T00:34:11.648+0530] {logging_mixin.py:190} INFO - [2024-09-01T00:34:11.648+0530] {dagbag.py:587} INFO - Filling up the DagBag from /Users/ravipal/Desktop/Workspace/airflow_tutorial/py_env/lib/python3.12/site-packages/airflow/example_dags/example_latest_only_with_trigger.py
[2024-09-01T00:34:11.651+0530] {processor.py:925} INFO - DAG(s) 'latest_only_with_trigger' retrieved from /Users/ravipal/Desktop/Workspace/airflow_tutorial/py_env/lib/python3.12/site-packages/airflow/example_dags/example_latest_only_with_trigger.py
[2024-09-01T00:34:11.687+0530] {logging_mixin.py:190} INFO - [2024-09-01T00:34:11.686+0530] {dag.py:3211} INFO - Sync 1 DAGs
[2024-09-01T00:34:11.692+0530] {logging_mixin.py:190} INFO - [2024-09-01T00:34:11.692+0530] {dag.py:4138} INFO - Setting next_dagrun for latest_only_with_trigger to 2024-08-31 12:00:00+00:00, run_after=2024-08-31 16:00:00+00:00
[2024-09-01T00:34:11.699+0530] {processor.py:208} INFO - Processing /Users/ravipal/Desktop/Workspace/airflow_tutorial/py_env/lib/python3.12/site-packages/airflow/example_dags/example_latest_only_with_trigger.py took 0.054 seconds
[2024-09-01T00:36:27.156+0530] {processor.py:186} INFO - Started process (PID=2427) to work on /Users/ravipal/Desktop/Workspace/airflow_tutorial/py_env/lib/python3.12/site-packages/airflow/example_dags/example_latest_only_with_trigger.py
[2024-09-01T00:36:27.156+0530] {processor.py:914} INFO - Processing file /Users/ravipal/Desktop/Workspace/airflow_tutorial/py_env/lib/python3.12/site-packages/airflow/example_dags/example_latest_only_with_trigger.py for tasks to queue
[2024-09-01T00:36:27.156+0530] {logging_mixin.py:190} INFO - [2024-09-01T00:36:27.156+0530] {dagbag.py:587} INFO - Filling up the DagBag from /Users/ravipal/Desktop/Workspace/airflow_tutorial/py_env/lib/python3.12/site-packages/airflow/example_dags/example_latest_only_with_trigger.py
[2024-09-01T00:36:27.160+0530] {processor.py:925} INFO - DAG(s) 'latest_only_with_trigger' retrieved from /Users/ravipal/Desktop/Workspace/airflow_tutorial/py_env/lib/python3.12/site-packages/airflow/example_dags/example_latest_only_with_trigger.py
[2024-09-01T00:36:27.194+0530] {logging_mixin.py:190} INFO - [2024-09-01T00:36:27.194+0530] {dag.py:3211} INFO - Sync 1 DAGs
[2024-09-01T00:36:27.200+0530] {logging_mixin.py:190} INFO - [2024-09-01T00:36:27.200+0530] {dag.py:4138} INFO - Setting next_dagrun for latest_only_with_trigger to 2024-08-31 12:00:00+00:00, run_after=2024-08-31 16:00:00+00:00
[2024-09-01T00:36:27.206+0530] {processor.py:208} INFO - Processing /Users/ravipal/Desktop/Workspace/airflow_tutorial/py_env/lib/python3.12/site-packages/airflow/example_dags/example_latest_only_with_trigger.py took 0.052 seconds
[2024-09-01T00:38:37.837+0530] {processor.py:186} INFO - Started process (PID=2558) to work on /Users/ravipal/Desktop/Workspace/airflow_tutorial/py_env/lib/python3.12/site-packages/airflow/example_dags/example_latest_only_with_trigger.py
[2024-09-01T00:38:37.838+0530] {processor.py:914} INFO - Processing file /Users/ravipal/Desktop/Workspace/airflow_tutorial/py_env/lib/python3.12/site-packages/airflow/example_dags/example_latest_only_with_trigger.py for tasks to queue
[2024-09-01T00:38:37.838+0530] {logging_mixin.py:190} INFO - [2024-09-01T00:38:37.838+0530] {dagbag.py:587} INFO - Filling up the DagBag from /Users/ravipal/Desktop/Workspace/airflow_tutorial/py_env/lib/python3.12/site-packages/airflow/example_dags/example_latest_only_with_trigger.py
[2024-09-01T00:38:37.841+0530] {processor.py:925} INFO - DAG(s) 'latest_only_with_trigger' retrieved from /Users/ravipal/Desktop/Workspace/airflow_tutorial/py_env/lib/python3.12/site-packages/airflow/example_dags/example_latest_only_with_trigger.py
[2024-09-01T00:38:37.876+0530] {logging_mixin.py:190} INFO - [2024-09-01T00:38:37.876+0530] {dag.py:3211} INFO - Sync 1 DAGs
[2024-09-01T00:38:37.882+0530] {logging_mixin.py:190} INFO - [2024-09-01T00:38:37.882+0530] {dag.py:4138} INFO - Setting next_dagrun for latest_only_with_trigger to 2024-08-31 12:00:00+00:00, run_after=2024-08-31 16:00:00+00:00
[2024-09-01T00:38:37.889+0530] {processor.py:208} INFO - Processing /Users/ravipal/Desktop/Workspace/airflow_tutorial/py_env/lib/python3.12/site-packages/airflow/example_dags/example_latest_only_with_trigger.py took 0.054 seconds
[2024-09-01T00:40:43.808+0530] {processor.py:186} INFO - Started process (PID=2685) to work on /Users/ravipal/Desktop/Workspace/airflow_tutorial/py_env/lib/python3.12/site-packages/airflow/example_dags/example_latest_only_with_trigger.py
[2024-09-01T00:40:43.808+0530] {processor.py:914} INFO - Processing file /Users/ravipal/Desktop/Workspace/airflow_tutorial/py_env/lib/python3.12/site-packages/airflow/example_dags/example_latest_only_with_trigger.py for tasks to queue
[2024-09-01T00:40:43.809+0530] {logging_mixin.py:190} INFO - [2024-09-01T00:40:43.809+0530] {dagbag.py:587} INFO - Filling up the DagBag from /Users/ravipal/Desktop/Workspace/airflow_tutorial/py_env/lib/python3.12/site-packages/airflow/example_dags/example_latest_only_with_trigger.py
[2024-09-01T00:40:43.812+0530] {processor.py:925} INFO - DAG(s) 'latest_only_with_trigger' retrieved from /Users/ravipal/Desktop/Workspace/airflow_tutorial/py_env/lib/python3.12/site-packages/airflow/example_dags/example_latest_only_with_trigger.py
[2024-09-01T00:40:43.848+0530] {logging_mixin.py:190} INFO - [2024-09-01T00:40:43.848+0530] {dag.py:3211} INFO - Sync 1 DAGs
[2024-09-01T00:40:43.854+0530] {logging_mixin.py:190} INFO - [2024-09-01T00:40:43.854+0530] {dag.py:4138} INFO - Setting next_dagrun for latest_only_with_trigger to 2024-08-31 12:00:00+00:00, run_after=2024-08-31 16:00:00+00:00
[2024-09-01T00:40:43.860+0530] {processor.py:208} INFO - Processing /Users/ravipal/Desktop/Workspace/airflow_tutorial/py_env/lib/python3.12/site-packages/airflow/example_dags/example_latest_only_with_trigger.py took 0.054 seconds
[2024-09-01T00:42:58.019+0530] {processor.py:186} INFO - Started process (PID=2817) to work on /Users/ravipal/Desktop/Workspace/airflow_tutorial/py_env/lib/python3.12/site-packages/airflow/example_dags/example_latest_only_with_trigger.py
[2024-09-01T00:42:58.020+0530] {processor.py:914} INFO - Processing file /Users/ravipal/Desktop/Workspace/airflow_tutorial/py_env/lib/python3.12/site-packages/airflow/example_dags/example_latest_only_with_trigger.py for tasks to queue
[2024-09-01T00:42:58.020+0530] {logging_mixin.py:190} INFO - [2024-09-01T00:42:58.020+0530] {dagbag.py:587} INFO - Filling up the DagBag from /Users/ravipal/Desktop/Workspace/airflow_tutorial/py_env/lib/python3.12/site-packages/airflow/example_dags/example_latest_only_with_trigger.py
[2024-09-01T00:42:58.023+0530] {processor.py:925} INFO - DAG(s) 'latest_only_with_trigger' retrieved from /Users/ravipal/Desktop/Workspace/airflow_tutorial/py_env/lib/python3.12/site-packages/airflow/example_dags/example_latest_only_with_trigger.py
[2024-09-01T00:42:58.058+0530] {logging_mixin.py:190} INFO - [2024-09-01T00:42:58.058+0530] {dag.py:3211} INFO - Sync 1 DAGs
[2024-09-01T00:42:58.064+0530] {logging_mixin.py:190} INFO - [2024-09-01T00:42:58.064+0530] {dag.py:4138} INFO - Setting next_dagrun for latest_only_with_trigger to 2024-08-31 12:00:00+00:00, run_after=2024-08-31 16:00:00+00:00
[2024-09-01T00:42:58.070+0530] {processor.py:208} INFO - Processing /Users/ravipal/Desktop/Workspace/airflow_tutorial/py_env/lib/python3.12/site-packages/airflow/example_dags/example_latest_only_with_trigger.py took 0.053 seconds
[2024-09-01T00:45:13.971+0530] {processor.py:186} INFO - Started process (PID=2951) to work on /Users/ravipal/Desktop/Workspace/airflow_tutorial/py_env/lib/python3.12/site-packages/airflow/example_dags/example_latest_only_with_trigger.py
[2024-09-01T00:45:13.972+0530] {processor.py:914} INFO - Processing file /Users/ravipal/Desktop/Workspace/airflow_tutorial/py_env/lib/python3.12/site-packages/airflow/example_dags/example_latest_only_with_trigger.py for tasks to queue
[2024-09-01T00:45:13.972+0530] {logging_mixin.py:190} INFO - [2024-09-01T00:45:13.972+0530] {dagbag.py:587} INFO - Filling up the DagBag from /Users/ravipal/Desktop/Workspace/airflow_tutorial/py_env/lib/python3.12/site-packages/airflow/example_dags/example_latest_only_with_trigger.py
[2024-09-01T00:45:13.975+0530] {processor.py:925} INFO - DAG(s) 'latest_only_with_trigger' retrieved from /Users/ravipal/Desktop/Workspace/airflow_tutorial/py_env/lib/python3.12/site-packages/airflow/example_dags/example_latest_only_with_trigger.py
[2024-09-01T00:45:14.010+0530] {logging_mixin.py:190} INFO - [2024-09-01T00:45:14.010+0530] {dag.py:3211} INFO - Sync 1 DAGs
[2024-09-01T00:45:14.016+0530] {logging_mixin.py:190} INFO - [2024-09-01T00:45:14.016+0530] {dag.py:4138} INFO - Setting next_dagrun for latest_only_with_trigger to 2024-08-31 12:00:00+00:00, run_after=2024-08-31 16:00:00+00:00
[2024-09-01T00:45:14.022+0530] {processor.py:208} INFO - Processing /Users/ravipal/Desktop/Workspace/airflow_tutorial/py_env/lib/python3.12/site-packages/airflow/example_dags/example_latest_only_with_trigger.py took 0.053 seconds
[2024-09-01T00:47:26.986+0530] {processor.py:186} INFO - Started process (PID=3084) to work on /Users/ravipal/Desktop/Workspace/airflow_tutorial/py_env/lib/python3.12/site-packages/airflow/example_dags/example_latest_only_with_trigger.py
[2024-09-01T00:47:26.986+0530] {processor.py:914} INFO - Processing file /Users/ravipal/Desktop/Workspace/airflow_tutorial/py_env/lib/python3.12/site-packages/airflow/example_dags/example_latest_only_with_trigger.py for tasks to queue
[2024-09-01T00:47:26.986+0530] {logging_mixin.py:190} INFO - [2024-09-01T00:47:26.986+0530] {dagbag.py:587} INFO - Filling up the DagBag from /Users/ravipal/Desktop/Workspace/airflow_tutorial/py_env/lib/python3.12/site-packages/airflow/example_dags/example_latest_only_with_trigger.py
[2024-09-01T00:47:26.990+0530] {processor.py:925} INFO - DAG(s) 'latest_only_with_trigger' retrieved from /Users/ravipal/Desktop/Workspace/airflow_tutorial/py_env/lib/python3.12/site-packages/airflow/example_dags/example_latest_only_with_trigger.py
[2024-09-01T00:47:27.026+0530] {logging_mixin.py:190} INFO - [2024-09-01T00:47:27.025+0530] {dag.py:3211} INFO - Sync 1 DAGs
[2024-09-01T00:47:27.031+0530] {logging_mixin.py:190} INFO - [2024-09-01T00:47:27.031+0530] {dag.py:4138} INFO - Setting next_dagrun for latest_only_with_trigger to 2024-08-31 12:00:00+00:00, run_after=2024-08-31 16:00:00+00:00
[2024-09-01T00:47:27.038+0530] {processor.py:208} INFO - Processing /Users/ravipal/Desktop/Workspace/airflow_tutorial/py_env/lib/python3.12/site-packages/airflow/example_dags/example_latest_only_with_trigger.py took 0.054 seconds
[2024-09-01T00:49:32.993+0530] {processor.py:186} INFO - Started process (PID=3219) to work on /Users/ravipal/Desktop/Workspace/airflow_tutorial/py_env/lib/python3.12/site-packages/airflow/example_dags/example_latest_only_with_trigger.py
[2024-09-01T00:49:32.993+0530] {processor.py:914} INFO - Processing file /Users/ravipal/Desktop/Workspace/airflow_tutorial/py_env/lib/python3.12/site-packages/airflow/example_dags/example_latest_only_with_trigger.py for tasks to queue
[2024-09-01T00:49:32.994+0530] {logging_mixin.py:190} INFO - [2024-09-01T00:49:32.994+0530] {dagbag.py:587} INFO - Filling up the DagBag from /Users/ravipal/Desktop/Workspace/airflow_tutorial/py_env/lib/python3.12/site-packages/airflow/example_dags/example_latest_only_with_trigger.py
[2024-09-01T00:49:32.997+0530] {processor.py:925} INFO - DAG(s) 'latest_only_with_trigger' retrieved from /Users/ravipal/Desktop/Workspace/airflow_tutorial/py_env/lib/python3.12/site-packages/airflow/example_dags/example_latest_only_with_trigger.py
[2024-09-01T00:49:33.034+0530] {logging_mixin.py:190} INFO - [2024-09-01T00:49:33.034+0530] {dag.py:3211} INFO - Sync 1 DAGs
[2024-09-01T00:49:33.040+0530] {logging_mixin.py:190} INFO - [2024-09-01T00:49:33.040+0530] {dag.py:4138} INFO - Setting next_dagrun for latest_only_with_trigger to 2024-08-31 12:00:00+00:00, run_after=2024-08-31 16:00:00+00:00
[2024-09-01T00:49:33.048+0530] {processor.py:208} INFO - Processing /Users/ravipal/Desktop/Workspace/airflow_tutorial/py_env/lib/python3.12/site-packages/airflow/example_dags/example_latest_only_with_trigger.py took 0.057 seconds
[2024-09-01T00:51:50.017+0530] {processor.py:186} INFO - Started process (PID=3372) to work on /Users/ravipal/Desktop/Workspace/airflow_tutorial/py_env/lib/python3.12/site-packages/airflow/example_dags/example_latest_only_with_trigger.py
[2024-09-01T00:51:50.018+0530] {processor.py:914} INFO - Processing file /Users/ravipal/Desktop/Workspace/airflow_tutorial/py_env/lib/python3.12/site-packages/airflow/example_dags/example_latest_only_with_trigger.py for tasks to queue
[2024-09-01T00:51:50.019+0530] {logging_mixin.py:190} INFO - [2024-09-01T00:51:50.019+0530] {dagbag.py:587} INFO - Filling up the DagBag from /Users/ravipal/Desktop/Workspace/airflow_tutorial/py_env/lib/python3.12/site-packages/airflow/example_dags/example_latest_only_with_trigger.py
[2024-09-01T00:51:50.022+0530] {processor.py:925} INFO - DAG(s) 'latest_only_with_trigger' retrieved from /Users/ravipal/Desktop/Workspace/airflow_tutorial/py_env/lib/python3.12/site-packages/airflow/example_dags/example_latest_only_with_trigger.py
[2024-09-01T00:51:50.058+0530] {logging_mixin.py:190} INFO - [2024-09-01T00:51:50.058+0530] {dag.py:3211} INFO - Sync 1 DAGs
[2024-09-01T00:51:50.064+0530] {logging_mixin.py:190} INFO - [2024-09-01T00:51:50.064+0530] {dag.py:4138} INFO - Setting next_dagrun for latest_only_with_trigger to 2024-08-31 12:00:00+00:00, run_after=2024-08-31 16:00:00+00:00
[2024-09-01T00:51:50.070+0530] {processor.py:208} INFO - Processing /Users/ravipal/Desktop/Workspace/airflow_tutorial/py_env/lib/python3.12/site-packages/airflow/example_dags/example_latest_only_with_trigger.py took 0.055 seconds
[2024-09-01T00:54:00.495+0530] {processor.py:186} INFO - Started process (PID=3503) to work on /Users/ravipal/Desktop/Workspace/airflow_tutorial/py_env/lib/python3.12/site-packages/airflow/example_dags/example_latest_only_with_trigger.py
[2024-09-01T00:54:00.495+0530] {processor.py:914} INFO - Processing file /Users/ravipal/Desktop/Workspace/airflow_tutorial/py_env/lib/python3.12/site-packages/airflow/example_dags/example_latest_only_with_trigger.py for tasks to queue
[2024-09-01T00:54:00.496+0530] {logging_mixin.py:190} INFO - [2024-09-01T00:54:00.496+0530] {dagbag.py:587} INFO - Filling up the DagBag from /Users/ravipal/Desktop/Workspace/airflow_tutorial/py_env/lib/python3.12/site-packages/airflow/example_dags/example_latest_only_with_trigger.py
[2024-09-01T00:54:00.499+0530] {processor.py:925} INFO - DAG(s) 'latest_only_with_trigger' retrieved from /Users/ravipal/Desktop/Workspace/airflow_tutorial/py_env/lib/python3.12/site-packages/airflow/example_dags/example_latest_only_with_trigger.py
[2024-09-01T00:54:00.535+0530] {logging_mixin.py:190} INFO - [2024-09-01T00:54:00.535+0530] {dag.py:3211} INFO - Sync 1 DAGs
[2024-09-01T00:54:00.541+0530] {logging_mixin.py:190} INFO - [2024-09-01T00:54:00.540+0530] {dag.py:4138} INFO - Setting next_dagrun for latest_only_with_trigger to 2024-08-31 12:00:00+00:00, run_after=2024-08-31 16:00:00+00:00
[2024-09-01T00:54:00.547+0530] {processor.py:208} INFO - Processing /Users/ravipal/Desktop/Workspace/airflow_tutorial/py_env/lib/python3.12/site-packages/airflow/example_dags/example_latest_only_with_trigger.py took 0.054 seconds
[2024-09-01T00:56:10.765+0530] {processor.py:186} INFO - Started process (PID=3634) to work on /Users/ravipal/Desktop/Workspace/airflow_tutorial/py_env/lib/python3.12/site-packages/airflow/example_dags/example_latest_only_with_trigger.py
[2024-09-01T00:56:10.765+0530] {processor.py:914} INFO - Processing file /Users/ravipal/Desktop/Workspace/airflow_tutorial/py_env/lib/python3.12/site-packages/airflow/example_dags/example_latest_only_with_trigger.py for tasks to queue
[2024-09-01T00:56:10.766+0530] {logging_mixin.py:190} INFO - [2024-09-01T00:56:10.765+0530] {dagbag.py:587} INFO - Filling up the DagBag from /Users/ravipal/Desktop/Workspace/airflow_tutorial/py_env/lib/python3.12/site-packages/airflow/example_dags/example_latest_only_with_trigger.py
[2024-09-01T00:56:10.769+0530] {processor.py:925} INFO - DAG(s) 'latest_only_with_trigger' retrieved from /Users/ravipal/Desktop/Workspace/airflow_tutorial/py_env/lib/python3.12/site-packages/airflow/example_dags/example_latest_only_with_trigger.py
[2024-09-01T00:56:10.805+0530] {logging_mixin.py:190} INFO - [2024-09-01T00:56:10.805+0530] {dag.py:3211} INFO - Sync 1 DAGs
[2024-09-01T00:56:10.811+0530] {logging_mixin.py:190} INFO - [2024-09-01T00:56:10.811+0530] {dag.py:4138} INFO - Setting next_dagrun for latest_only_with_trigger to 2024-08-31 12:00:00+00:00, run_after=2024-08-31 16:00:00+00:00
[2024-09-01T00:56:10.818+0530] {processor.py:208} INFO - Processing /Users/ravipal/Desktop/Workspace/airflow_tutorial/py_env/lib/python3.12/site-packages/airflow/example_dags/example_latest_only_with_trigger.py took 0.055 seconds
[2024-09-01T00:58:24.138+0530] {processor.py:186} INFO - Started process (PID=3767) to work on /Users/ravipal/Desktop/Workspace/airflow_tutorial/py_env/lib/python3.12/site-packages/airflow/example_dags/example_latest_only_with_trigger.py
[2024-09-01T00:58:24.138+0530] {processor.py:914} INFO - Processing file /Users/ravipal/Desktop/Workspace/airflow_tutorial/py_env/lib/python3.12/site-packages/airflow/example_dags/example_latest_only_with_trigger.py for tasks to queue
[2024-09-01T00:58:24.138+0530] {logging_mixin.py:190} INFO - [2024-09-01T00:58:24.138+0530] {dagbag.py:587} INFO - Filling up the DagBag from /Users/ravipal/Desktop/Workspace/airflow_tutorial/py_env/lib/python3.12/site-packages/airflow/example_dags/example_latest_only_with_trigger.py
[2024-09-01T00:58:24.142+0530] {processor.py:925} INFO - DAG(s) 'latest_only_with_trigger' retrieved from /Users/ravipal/Desktop/Workspace/airflow_tutorial/py_env/lib/python3.12/site-packages/airflow/example_dags/example_latest_only_with_trigger.py
[2024-09-01T00:58:24.178+0530] {logging_mixin.py:190} INFO - [2024-09-01T00:58:24.177+0530] {dag.py:3211} INFO - Sync 1 DAGs
[2024-09-01T00:58:24.184+0530] {logging_mixin.py:190} INFO - [2024-09-01T00:58:24.183+0530] {dag.py:4138} INFO - Setting next_dagrun for latest_only_with_trigger to 2024-08-31 12:00:00+00:00, run_after=2024-08-31 16:00:00+00:00
[2024-09-01T00:58:24.190+0530] {processor.py:208} INFO - Processing /Users/ravipal/Desktop/Workspace/airflow_tutorial/py_env/lib/python3.12/site-packages/airflow/example_dags/example_latest_only_with_trigger.py took 0.055 seconds
[2024-09-01T01:00:32.150+0530] {processor.py:186} INFO - Started process (PID=3895) to work on /Users/ravipal/Desktop/Workspace/airflow_tutorial/py_env/lib/python3.12/site-packages/airflow/example_dags/example_latest_only_with_trigger.py
[2024-09-01T01:00:32.150+0530] {processor.py:914} INFO - Processing file /Users/ravipal/Desktop/Workspace/airflow_tutorial/py_env/lib/python3.12/site-packages/airflow/example_dags/example_latest_only_with_trigger.py for tasks to queue
[2024-09-01T01:00:32.151+0530] {logging_mixin.py:190} INFO - [2024-09-01T01:00:32.151+0530] {dagbag.py:587} INFO - Filling up the DagBag from /Users/ravipal/Desktop/Workspace/airflow_tutorial/py_env/lib/python3.12/site-packages/airflow/example_dags/example_latest_only_with_trigger.py
[2024-09-01T01:00:32.154+0530] {processor.py:925} INFO - DAG(s) 'latest_only_with_trigger' retrieved from /Users/ravipal/Desktop/Workspace/airflow_tutorial/py_env/lib/python3.12/site-packages/airflow/example_dags/example_latest_only_with_trigger.py
[2024-09-01T01:00:32.190+0530] {logging_mixin.py:190} INFO - [2024-09-01T01:00:32.189+0530] {dag.py:3211} INFO - Sync 1 DAGs
[2024-09-01T01:00:32.195+0530] {logging_mixin.py:190} INFO - [2024-09-01T01:00:32.195+0530] {dag.py:4138} INFO - Setting next_dagrun for latest_only_with_trigger to 2024-08-31 12:00:00+00:00, run_after=2024-08-31 16:00:00+00:00
[2024-09-01T01:00:32.202+0530] {processor.py:208} INFO - Processing /Users/ravipal/Desktop/Workspace/airflow_tutorial/py_env/lib/python3.12/site-packages/airflow/example_dags/example_latest_only_with_trigger.py took 0.054 seconds
[2024-09-01T01:02:39.795+0530] {processor.py:186} INFO - Started process (PID=4024) to work on /Users/ravipal/Desktop/Workspace/airflow_tutorial/py_env/lib/python3.12/site-packages/airflow/example_dags/example_latest_only_with_trigger.py
[2024-09-01T01:02:39.795+0530] {processor.py:914} INFO - Processing file /Users/ravipal/Desktop/Workspace/airflow_tutorial/py_env/lib/python3.12/site-packages/airflow/example_dags/example_latest_only_with_trigger.py for tasks to queue
[2024-09-01T01:02:39.796+0530] {logging_mixin.py:190} INFO - [2024-09-01T01:02:39.796+0530] {dagbag.py:587} INFO - Filling up the DagBag from /Users/ravipal/Desktop/Workspace/airflow_tutorial/py_env/lib/python3.12/site-packages/airflow/example_dags/example_latest_only_with_trigger.py
[2024-09-01T01:02:39.799+0530] {processor.py:925} INFO - DAG(s) 'latest_only_with_trigger' retrieved from /Users/ravipal/Desktop/Workspace/airflow_tutorial/py_env/lib/python3.12/site-packages/airflow/example_dags/example_latest_only_with_trigger.py
[2024-09-01T01:02:39.835+0530] {logging_mixin.py:190} INFO - [2024-09-01T01:02:39.835+0530] {dag.py:3211} INFO - Sync 1 DAGs
[2024-09-01T01:02:39.841+0530] {logging_mixin.py:190} INFO - [2024-09-01T01:02:39.840+0530] {dag.py:4138} INFO - Setting next_dagrun for latest_only_with_trigger to 2024-08-31 12:00:00+00:00, run_after=2024-08-31 16:00:00+00:00
[2024-09-01T01:02:39.847+0530] {processor.py:208} INFO - Processing /Users/ravipal/Desktop/Workspace/airflow_tutorial/py_env/lib/python3.12/site-packages/airflow/example_dags/example_latest_only_with_trigger.py took 0.054 seconds
[2024-09-01T01:04:46.996+0530] {processor.py:186} INFO - Started process (PID=4166) to work on /Users/ravipal/Desktop/Workspace/airflow_tutorial/py_env/lib/python3.12/site-packages/airflow/example_dags/example_latest_only_with_trigger.py
[2024-09-01T01:04:46.997+0530] {processor.py:914} INFO - Processing file /Users/ravipal/Desktop/Workspace/airflow_tutorial/py_env/lib/python3.12/site-packages/airflow/example_dags/example_latest_only_with_trigger.py for tasks to queue
[2024-09-01T01:04:46.997+0530] {logging_mixin.py:190} INFO - [2024-09-01T01:04:46.997+0530] {dagbag.py:587} INFO - Filling up the DagBag from /Users/ravipal/Desktop/Workspace/airflow_tutorial/py_env/lib/python3.12/site-packages/airflow/example_dags/example_latest_only_with_trigger.py
[2024-09-01T01:04:47.000+0530] {processor.py:925} INFO - DAG(s) 'latest_only_with_trigger' retrieved from /Users/ravipal/Desktop/Workspace/airflow_tutorial/py_env/lib/python3.12/site-packages/airflow/example_dags/example_latest_only_with_trigger.py
[2024-09-01T01:04:47.036+0530] {logging_mixin.py:190} INFO - [2024-09-01T01:04:47.036+0530] {dag.py:3211} INFO - Sync 1 DAGs
[2024-09-01T01:04:47.042+0530] {logging_mixin.py:190} INFO - [2024-09-01T01:04:47.042+0530] {dag.py:4138} INFO - Setting next_dagrun for latest_only_with_trigger to 2024-08-31 12:00:00+00:00, run_after=2024-08-31 16:00:00+00:00
[2024-09-01T01:04:47.049+0530] {processor.py:208} INFO - Processing /Users/ravipal/Desktop/Workspace/airflow_tutorial/py_env/lib/python3.12/site-packages/airflow/example_dags/example_latest_only_with_trigger.py took 0.055 seconds
[2024-09-01T01:06:57.203+0530] {processor.py:186} INFO - Started process (PID=4318) to work on /Users/ravipal/Desktop/Workspace/airflow_tutorial/py_env/lib/python3.12/site-packages/airflow/example_dags/example_latest_only_with_trigger.py
[2024-09-01T01:06:57.204+0530] {processor.py:914} INFO - Processing file /Users/ravipal/Desktop/Workspace/airflow_tutorial/py_env/lib/python3.12/site-packages/airflow/example_dags/example_latest_only_with_trigger.py for tasks to queue
[2024-09-01T01:06:57.204+0530] {logging_mixin.py:190} INFO - [2024-09-01T01:06:57.204+0530] {dagbag.py:587} INFO - Filling up the DagBag from /Users/ravipal/Desktop/Workspace/airflow_tutorial/py_env/lib/python3.12/site-packages/airflow/example_dags/example_latest_only_with_trigger.py
[2024-09-01T01:06:57.207+0530] {processor.py:925} INFO - DAG(s) 'latest_only_with_trigger' retrieved from /Users/ravipal/Desktop/Workspace/airflow_tutorial/py_env/lib/python3.12/site-packages/airflow/example_dags/example_latest_only_with_trigger.py
[2024-09-01T01:06:57.241+0530] {logging_mixin.py:190} INFO - [2024-09-01T01:06:57.241+0530] {dag.py:3211} INFO - Sync 1 DAGs
[2024-09-01T01:06:57.247+0530] {logging_mixin.py:190} INFO - [2024-09-01T01:06:57.247+0530] {dag.py:4138} INFO - Setting next_dagrun for latest_only_with_trigger to 2024-08-31 12:00:00+00:00, run_after=2024-08-31 16:00:00+00:00
[2024-09-01T01:06:57.253+0530] {processor.py:208} INFO - Processing /Users/ravipal/Desktop/Workspace/airflow_tutorial/py_env/lib/python3.12/site-packages/airflow/example_dags/example_latest_only_with_trigger.py took 0.052 seconds
[2024-09-01T01:09:06.305+0530] {processor.py:186} INFO - Started process (PID=4449) to work on /Users/ravipal/Desktop/Workspace/airflow_tutorial/py_env/lib/python3.12/site-packages/airflow/example_dags/example_latest_only_with_trigger.py
[2024-09-01T01:09:06.305+0530] {processor.py:914} INFO - Processing file /Users/ravipal/Desktop/Workspace/airflow_tutorial/py_env/lib/python3.12/site-packages/airflow/example_dags/example_latest_only_with_trigger.py for tasks to queue
[2024-09-01T01:09:06.306+0530] {logging_mixin.py:190} INFO - [2024-09-01T01:09:06.306+0530] {dagbag.py:587} INFO - Filling up the DagBag from /Users/ravipal/Desktop/Workspace/airflow_tutorial/py_env/lib/python3.12/site-packages/airflow/example_dags/example_latest_only_with_trigger.py
[2024-09-01T01:09:06.309+0530] {processor.py:925} INFO - DAG(s) 'latest_only_with_trigger' retrieved from /Users/ravipal/Desktop/Workspace/airflow_tutorial/py_env/lib/python3.12/site-packages/airflow/example_dags/example_latest_only_with_trigger.py
[2024-09-01T01:09:06.344+0530] {logging_mixin.py:190} INFO - [2024-09-01T01:09:06.344+0530] {dag.py:3211} INFO - Sync 1 DAGs
[2024-09-01T01:09:06.350+0530] {logging_mixin.py:190} INFO - [2024-09-01T01:09:06.350+0530] {dag.py:4138} INFO - Setting next_dagrun for latest_only_with_trigger to 2024-08-31 12:00:00+00:00, run_after=2024-08-31 16:00:00+00:00
[2024-09-01T01:09:06.356+0530] {processor.py:208} INFO - Processing /Users/ravipal/Desktop/Workspace/airflow_tutorial/py_env/lib/python3.12/site-packages/airflow/example_dags/example_latest_only_with_trigger.py took 0.053 seconds
[2024-09-01T01:11:11.647+0530] {processor.py:186} INFO - Started process (PID=4575) to work on /Users/ravipal/Desktop/Workspace/airflow_tutorial/py_env/lib/python3.12/site-packages/airflow/example_dags/example_latest_only_with_trigger.py
[2024-09-01T01:11:11.647+0530] {processor.py:914} INFO - Processing file /Users/ravipal/Desktop/Workspace/airflow_tutorial/py_env/lib/python3.12/site-packages/airflow/example_dags/example_latest_only_with_trigger.py for tasks to queue
[2024-09-01T01:11:11.647+0530] {logging_mixin.py:190} INFO - [2024-09-01T01:11:11.647+0530] {dagbag.py:587} INFO - Filling up the DagBag from /Users/ravipal/Desktop/Workspace/airflow_tutorial/py_env/lib/python3.12/site-packages/airflow/example_dags/example_latest_only_with_trigger.py
[2024-09-01T01:11:11.651+0530] {processor.py:925} INFO - DAG(s) 'latest_only_with_trigger' retrieved from /Users/ravipal/Desktop/Workspace/airflow_tutorial/py_env/lib/python3.12/site-packages/airflow/example_dags/example_latest_only_with_trigger.py
[2024-09-01T01:11:11.686+0530] {logging_mixin.py:190} INFO - [2024-09-01T01:11:11.686+0530] {dag.py:3211} INFO - Sync 1 DAGs
[2024-09-01T01:11:11.692+0530] {logging_mixin.py:190} INFO - [2024-09-01T01:11:11.692+0530] {dag.py:4138} INFO - Setting next_dagrun for latest_only_with_trigger to 2024-08-31 12:00:00+00:00, run_after=2024-08-31 16:00:00+00:00
[2024-09-01T01:11:11.698+0530] {processor.py:208} INFO - Processing /Users/ravipal/Desktop/Workspace/airflow_tutorial/py_env/lib/python3.12/site-packages/airflow/example_dags/example_latest_only_with_trigger.py took 0.053 seconds
[2024-09-01T01:13:17.520+0530] {processor.py:186} INFO - Started process (PID=4702) to work on /Users/ravipal/Desktop/Workspace/airflow_tutorial/py_env/lib/python3.12/site-packages/airflow/example_dags/example_latest_only_with_trigger.py
[2024-09-01T01:13:17.521+0530] {processor.py:914} INFO - Processing file /Users/ravipal/Desktop/Workspace/airflow_tutorial/py_env/lib/python3.12/site-packages/airflow/example_dags/example_latest_only_with_trigger.py for tasks to queue
[2024-09-01T01:13:17.521+0530] {logging_mixin.py:190} INFO - [2024-09-01T01:13:17.521+0530] {dagbag.py:587} INFO - Filling up the DagBag from /Users/ravipal/Desktop/Workspace/airflow_tutorial/py_env/lib/python3.12/site-packages/airflow/example_dags/example_latest_only_with_trigger.py
[2024-09-01T01:13:17.524+0530] {processor.py:925} INFO - DAG(s) 'latest_only_with_trigger' retrieved from /Users/ravipal/Desktop/Workspace/airflow_tutorial/py_env/lib/python3.12/site-packages/airflow/example_dags/example_latest_only_with_trigger.py
[2024-09-01T01:13:17.562+0530] {logging_mixin.py:190} INFO - [2024-09-01T01:13:17.562+0530] {dag.py:3211} INFO - Sync 1 DAGs
[2024-09-01T01:13:17.568+0530] {logging_mixin.py:190} INFO - [2024-09-01T01:13:17.568+0530] {dag.py:4138} INFO - Setting next_dagrun for latest_only_with_trigger to 2024-08-31 12:00:00+00:00, run_after=2024-08-31 16:00:00+00:00
[2024-09-01T01:13:17.574+0530] {processor.py:208} INFO - Processing /Users/ravipal/Desktop/Workspace/airflow_tutorial/py_env/lib/python3.12/site-packages/airflow/example_dags/example_latest_only_with_trigger.py took 0.056 seconds
[2024-09-01T01:15:29.888+0530] {processor.py:186} INFO - Started process (PID=4836) to work on /Users/ravipal/Desktop/Workspace/airflow_tutorial/py_env/lib/python3.12/site-packages/airflow/example_dags/example_latest_only_with_trigger.py
[2024-09-01T01:15:29.889+0530] {processor.py:914} INFO - Processing file /Users/ravipal/Desktop/Workspace/airflow_tutorial/py_env/lib/python3.12/site-packages/airflow/example_dags/example_latest_only_with_trigger.py for tasks to queue
[2024-09-01T01:15:29.889+0530] {logging_mixin.py:190} INFO - [2024-09-01T01:15:29.889+0530] {dagbag.py:587} INFO - Filling up the DagBag from /Users/ravipal/Desktop/Workspace/airflow_tutorial/py_env/lib/python3.12/site-packages/airflow/example_dags/example_latest_only_with_trigger.py
[2024-09-01T01:15:29.892+0530] {processor.py:925} INFO - DAG(s) 'latest_only_with_trigger' retrieved from /Users/ravipal/Desktop/Workspace/airflow_tutorial/py_env/lib/python3.12/site-packages/airflow/example_dags/example_latest_only_with_trigger.py
[2024-09-01T01:15:29.928+0530] {logging_mixin.py:190} INFO - [2024-09-01T01:15:29.927+0530] {dag.py:3211} INFO - Sync 1 DAGs
[2024-09-01T01:15:29.933+0530] {logging_mixin.py:190} INFO - [2024-09-01T01:15:29.933+0530] {dag.py:4138} INFO - Setting next_dagrun for latest_only_with_trigger to 2024-08-31 12:00:00+00:00, run_after=2024-08-31 16:00:00+00:00
[2024-09-01T01:15:29.940+0530] {processor.py:208} INFO - Processing /Users/ravipal/Desktop/Workspace/airflow_tutorial/py_env/lib/python3.12/site-packages/airflow/example_dags/example_latest_only_with_trigger.py took 0.054 seconds
[2024-09-01T01:17:41.579+0530] {processor.py:186} INFO - Started process (PID=4966) to work on /Users/ravipal/Desktop/Workspace/airflow_tutorial/py_env/lib/python3.12/site-packages/airflow/example_dags/example_latest_only_with_trigger.py
[2024-09-01T01:17:41.580+0530] {processor.py:914} INFO - Processing file /Users/ravipal/Desktop/Workspace/airflow_tutorial/py_env/lib/python3.12/site-packages/airflow/example_dags/example_latest_only_with_trigger.py for tasks to queue
[2024-09-01T01:17:41.580+0530] {logging_mixin.py:190} INFO - [2024-09-01T01:17:41.580+0530] {dagbag.py:587} INFO - Filling up the DagBag from /Users/ravipal/Desktop/Workspace/airflow_tutorial/py_env/lib/python3.12/site-packages/airflow/example_dags/example_latest_only_with_trigger.py
[2024-09-01T01:17:41.583+0530] {processor.py:925} INFO - DAG(s) 'latest_only_with_trigger' retrieved from /Users/ravipal/Desktop/Workspace/airflow_tutorial/py_env/lib/python3.12/site-packages/airflow/example_dags/example_latest_only_with_trigger.py
[2024-09-01T01:17:41.619+0530] {logging_mixin.py:190} INFO - [2024-09-01T01:17:41.619+0530] {dag.py:3211} INFO - Sync 1 DAGs
[2024-09-01T01:17:41.625+0530] {logging_mixin.py:190} INFO - [2024-09-01T01:17:41.625+0530] {dag.py:4138} INFO - Setting next_dagrun for latest_only_with_trigger to 2024-08-31 12:00:00+00:00, run_after=2024-08-31 16:00:00+00:00
[2024-09-01T01:17:41.632+0530] {processor.py:208} INFO - Processing /Users/ravipal/Desktop/Workspace/airflow_tutorial/py_env/lib/python3.12/site-packages/airflow/example_dags/example_latest_only_with_trigger.py took 0.054 seconds
