[2024-09-01T00:23:15.044+0530] {processor.py:186} INFO - Started process (PID=1438) to work on /Users/ravipal/Desktop/Workspace/airflow_tutorial/py_env/lib/python3.12/site-packages/airflow/example_dags/example_short_circuit_decorator.py
[2024-09-01T00:23:15.044+0530] {processor.py:914} INFO - Processing file /Users/ravipal/Desktop/Workspace/airflow_tutorial/py_env/lib/python3.12/site-packages/airflow/example_dags/example_short_circuit_decorator.py for tasks to queue
[2024-09-01T00:23:15.045+0530] {logging_mixin.py:190} INFO - [2024-09-01T00:23:15.045+0530] {dagbag.py:587} INFO - Filling up the DagBag from /Users/ravipal/Desktop/Workspace/airflow_tutorial/py_env/lib/python3.12/site-packages/airflow/example_dags/example_short_circuit_decorator.py
[2024-09-01T00:23:15.061+0530] {processor.py:925} INFO - DAG(s) 'example_short_circuit_decorator' retrieved from /Users/ravipal/Desktop/Workspace/airflow_tutorial/py_env/lib/python3.12/site-packages/airflow/example_dags/example_short_circuit_decorator.py
[2024-09-01T00:23:15.126+0530] {logging_mixin.py:190} INFO - [2024-09-01T00:23:15.125+0530] {override.py:1858} INFO - Created Permission View: can read on DAG:example_short_circuit_decorator
[2024-09-01T00:23:15.155+0530] {logging_mixin.py:190} INFO - [2024-09-01T00:23:15.155+0530] {override.py:1858} INFO - Created Permission View: can edit on DAG:example_short_circuit_decorator
[2024-09-01T00:23:15.157+0530] {logging_mixin.py:190} INFO - [2024-09-01T00:23:15.157+0530] {override.py:1858} INFO - Created Permission View: can delete on DAG:example_short_circuit_decorator
[2024-09-01T00:23:15.158+0530] {logging_mixin.py:190} INFO - [2024-09-01T00:23:15.157+0530] {dag.py:3211} INFO - Sync 1 DAGs
[2024-09-01T00:23:15.161+0530] {logging_mixin.py:190} INFO - [2024-09-01T00:23:15.161+0530] {dag.py:3234} INFO - Creating ORM DAG for example_short_circuit_decorator
[2024-09-01T00:23:15.164+0530] {logging_mixin.py:190} INFO - [2024-09-01T00:23:15.164+0530] {dag.py:4138} INFO - Setting next_dagrun for example_short_circuit_decorator to 2024-08-30 00:00:00+00:00, run_after=2024-08-31 00:00:00+00:00
[2024-09-01T00:23:15.170+0530] {processor.py:208} INFO - Processing /Users/ravipal/Desktop/Workspace/airflow_tutorial/py_env/lib/python3.12/site-packages/airflow/example_dags/example_short_circuit_decorator.py took 0.128 seconds
[2024-09-01T00:24:55.161+0530] {processor.py:186} INFO - Started process (PID=1540) to work on /Users/ravipal/Desktop/Workspace/airflow_tutorial/py_env/lib/python3.12/site-packages/airflow/example_dags/example_short_circuit_decorator.py
[2024-09-01T00:24:55.162+0530] {processor.py:914} INFO - Processing file /Users/ravipal/Desktop/Workspace/airflow_tutorial/py_env/lib/python3.12/site-packages/airflow/example_dags/example_short_circuit_decorator.py for tasks to queue
[2024-09-01T00:24:55.162+0530] {logging_mixin.py:190} INFO - [2024-09-01T00:24:55.162+0530] {dagbag.py:587} INFO - Filling up the DagBag from /Users/ravipal/Desktop/Workspace/airflow_tutorial/py_env/lib/python3.12/site-packages/airflow/example_dags/example_short_circuit_decorator.py
[2024-09-01T00:24:55.177+0530] {processor.py:925} INFO - DAG(s) 'example_short_circuit_decorator' retrieved from /Users/ravipal/Desktop/Workspace/airflow_tutorial/py_env/lib/python3.12/site-packages/airflow/example_dags/example_short_circuit_decorator.py
[2024-09-01T00:24:55.211+0530] {logging_mixin.py:190} INFO - [2024-09-01T00:24:55.211+0530] {dag.py:3211} INFO - Sync 1 DAGs
[2024-09-01T00:24:55.218+0530] {logging_mixin.py:190} INFO - [2024-09-01T00:24:55.218+0530] {dag.py:4138} INFO - Setting next_dagrun for example_short_circuit_decorator to 2024-08-30 00:00:00+00:00, run_after=2024-08-31 00:00:00+00:00
[2024-09-01T00:24:55.224+0530] {processor.py:208} INFO - Processing /Users/ravipal/Desktop/Workspace/airflow_tutorial/py_env/lib/python3.12/site-packages/airflow/example_dags/example_short_circuit_decorator.py took 0.065 seconds
[2024-09-01T00:27:08.992+0530] {processor.py:186} INFO - Started process (PID=1782) to work on /Users/ravipal/Desktop/Workspace/airflow_tutorial/py_env/lib/python3.12/site-packages/airflow/example_dags/example_short_circuit_decorator.py
[2024-09-01T00:27:08.992+0530] {processor.py:914} INFO - Processing file /Users/ravipal/Desktop/Workspace/airflow_tutorial/py_env/lib/python3.12/site-packages/airflow/example_dags/example_short_circuit_decorator.py for tasks to queue
[2024-09-01T00:27:08.993+0530] {logging_mixin.py:190} INFO - [2024-09-01T00:27:08.993+0530] {dagbag.py:587} INFO - Filling up the DagBag from /Users/ravipal/Desktop/Workspace/airflow_tutorial/py_env/lib/python3.12/site-packages/airflow/example_dags/example_short_circuit_decorator.py
[2024-09-01T00:27:09.010+0530] {processor.py:925} INFO - DAG(s) 'example_short_circuit_decorator' retrieved from /Users/ravipal/Desktop/Workspace/airflow_tutorial/py_env/lib/python3.12/site-packages/airflow/example_dags/example_short_circuit_decorator.py
[2024-09-01T00:27:09.047+0530] {logging_mixin.py:190} INFO - [2024-09-01T00:27:09.047+0530] {dag.py:3211} INFO - Sync 1 DAGs
[2024-09-01T00:27:09.054+0530] {logging_mixin.py:190} INFO - [2024-09-01T00:27:09.054+0530] {dag.py:4138} INFO - Setting next_dagrun for example_short_circuit_decorator to 2024-08-30 00:00:00+00:00, run_after=2024-08-31 00:00:00+00:00
[2024-09-01T00:27:09.061+0530] {processor.py:208} INFO - Processing /Users/ravipal/Desktop/Workspace/airflow_tutorial/py_env/lib/python3.12/site-packages/airflow/example_dags/example_short_circuit_decorator.py took 0.072 seconds
[2024-09-01T00:28:20.860+0530] {processor.py:186} INFO - Started process (PID=1938) to work on /Users/ravipal/Desktop/Workspace/airflow_tutorial/py_env/lib/python3.12/site-packages/airflow/example_dags/example_short_circuit_decorator.py
[2024-09-01T00:28:20.861+0530] {processor.py:914} INFO - Processing file /Users/ravipal/Desktop/Workspace/airflow_tutorial/py_env/lib/python3.12/site-packages/airflow/example_dags/example_short_circuit_decorator.py for tasks to queue
[2024-09-01T00:28:20.861+0530] {logging_mixin.py:190} INFO - [2024-09-01T00:28:20.861+0530] {dagbag.py:587} INFO - Filling up the DagBag from /Users/ravipal/Desktop/Workspace/airflow_tutorial/py_env/lib/python3.12/site-packages/airflow/example_dags/example_short_circuit_decorator.py
[2024-09-01T00:28:20.876+0530] {processor.py:925} INFO - DAG(s) 'example_short_circuit_decorator' retrieved from /Users/ravipal/Desktop/Workspace/airflow_tutorial/py_env/lib/python3.12/site-packages/airflow/example_dags/example_short_circuit_decorator.py
[2024-09-01T00:28:20.910+0530] {logging_mixin.py:190} INFO - [2024-09-01T00:28:20.910+0530] {dag.py:3211} INFO - Sync 1 DAGs
[2024-09-01T00:28:20.916+0530] {logging_mixin.py:190} INFO - [2024-09-01T00:28:20.916+0530] {dag.py:4138} INFO - Setting next_dagrun for example_short_circuit_decorator to 2024-08-30 00:00:00+00:00, run_after=2024-08-31 00:00:00+00:00
[2024-09-01T00:28:20.923+0530] {processor.py:208} INFO - Processing /Users/ravipal/Desktop/Workspace/airflow_tutorial/py_env/lib/python3.12/site-packages/airflow/example_dags/example_short_circuit_decorator.py took 0.065 seconds
[2024-09-01T00:30:27.371+0530] {processor.py:186} INFO - Started process (PID=2069) to work on /Users/ravipal/Desktop/Workspace/airflow_tutorial/py_env/lib/python3.12/site-packages/airflow/example_dags/example_short_circuit_decorator.py
[2024-09-01T00:30:27.372+0530] {processor.py:914} INFO - Processing file /Users/ravipal/Desktop/Workspace/airflow_tutorial/py_env/lib/python3.12/site-packages/airflow/example_dags/example_short_circuit_decorator.py for tasks to queue
[2024-09-01T00:30:27.372+0530] {logging_mixin.py:190} INFO - [2024-09-01T00:30:27.372+0530] {dagbag.py:587} INFO - Filling up the DagBag from /Users/ravipal/Desktop/Workspace/airflow_tutorial/py_env/lib/python3.12/site-packages/airflow/example_dags/example_short_circuit_decorator.py
[2024-09-01T00:30:27.387+0530] {processor.py:925} INFO - DAG(s) 'example_short_circuit_decorator' retrieved from /Users/ravipal/Desktop/Workspace/airflow_tutorial/py_env/lib/python3.12/site-packages/airflow/example_dags/example_short_circuit_decorator.py
[2024-09-01T00:30:27.422+0530] {logging_mixin.py:190} INFO - [2024-09-01T00:30:27.422+0530] {dag.py:3211} INFO - Sync 1 DAGs
[2024-09-01T00:30:27.432+0530] {logging_mixin.py:190} INFO - [2024-09-01T00:30:27.432+0530] {dag.py:4138} INFO - Setting next_dagrun for example_short_circuit_decorator to 2024-08-30 00:00:00+00:00, run_after=2024-08-31 00:00:00+00:00
[2024-09-01T00:30:27.440+0530] {processor.py:208} INFO - Processing /Users/ravipal/Desktop/Workspace/airflow_tutorial/py_env/lib/python3.12/site-packages/airflow/example_dags/example_short_circuit_decorator.py took 0.070 seconds
[2024-09-01T00:32:40.570+0530] {processor.py:186} INFO - Started process (PID=2200) to work on /Users/ravipal/Desktop/Workspace/airflow_tutorial/py_env/lib/python3.12/site-packages/airflow/example_dags/example_short_circuit_decorator.py
[2024-09-01T00:32:40.570+0530] {processor.py:914} INFO - Processing file /Users/ravipal/Desktop/Workspace/airflow_tutorial/py_env/lib/python3.12/site-packages/airflow/example_dags/example_short_circuit_decorator.py for tasks to queue
[2024-09-01T00:32:40.570+0530] {logging_mixin.py:190} INFO - [2024-09-01T00:32:40.570+0530] {dagbag.py:587} INFO - Filling up the DagBag from /Users/ravipal/Desktop/Workspace/airflow_tutorial/py_env/lib/python3.12/site-packages/airflow/example_dags/example_short_circuit_decorator.py
[2024-09-01T00:32:40.597+0530] {processor.py:925} INFO - DAG(s) 'example_short_circuit_decorator' retrieved from /Users/ravipal/Desktop/Workspace/airflow_tutorial/py_env/lib/python3.12/site-packages/airflow/example_dags/example_short_circuit_decorator.py
[2024-09-01T00:32:40.639+0530] {logging_mixin.py:190} INFO - [2024-09-01T00:32:40.639+0530] {dag.py:3211} INFO - Sync 1 DAGs
[2024-09-01T00:32:40.651+0530] {logging_mixin.py:190} INFO - [2024-09-01T00:32:40.651+0530] {dag.py:4138} INFO - Setting next_dagrun for example_short_circuit_decorator to 2024-08-30 00:00:00+00:00, run_after=2024-08-31 00:00:00+00:00
[2024-09-01T00:32:40.660+0530] {processor.py:208} INFO - Processing /Users/ravipal/Desktop/Workspace/airflow_tutorial/py_env/lib/python3.12/site-packages/airflow/example_dags/example_short_circuit_decorator.py took 0.092 seconds
[2024-09-01T00:33:50.143+0530] {processor.py:186} INFO - Started process (PID=2269) to work on /Users/ravipal/Desktop/Workspace/airflow_tutorial/py_env/lib/python3.12/site-packages/airflow/example_dags/example_short_circuit_decorator.py
[2024-09-01T00:33:50.144+0530] {processor.py:914} INFO - Processing file /Users/ravipal/Desktop/Workspace/airflow_tutorial/py_env/lib/python3.12/site-packages/airflow/example_dags/example_short_circuit_decorator.py for tasks to queue
[2024-09-01T00:33:50.144+0530] {logging_mixin.py:190} INFO - [2024-09-01T00:33:50.144+0530] {dagbag.py:587} INFO - Filling up the DagBag from /Users/ravipal/Desktop/Workspace/airflow_tutorial/py_env/lib/python3.12/site-packages/airflow/example_dags/example_short_circuit_decorator.py
[2024-09-01T00:33:50.159+0530] {processor.py:925} INFO - DAG(s) 'example_short_circuit_decorator' retrieved from /Users/ravipal/Desktop/Workspace/airflow_tutorial/py_env/lib/python3.12/site-packages/airflow/example_dags/example_short_circuit_decorator.py
[2024-09-01T00:33:50.193+0530] {logging_mixin.py:190} INFO - [2024-09-01T00:33:50.193+0530] {dag.py:3211} INFO - Sync 1 DAGs
[2024-09-01T00:33:50.199+0530] {logging_mixin.py:190} INFO - [2024-09-01T00:33:50.199+0530] {dag.py:4138} INFO - Setting next_dagrun for example_short_circuit_decorator to 2024-08-30 00:00:00+00:00, run_after=2024-08-31 00:00:00+00:00
[2024-09-01T00:33:50.206+0530] {processor.py:208} INFO - Processing /Users/ravipal/Desktop/Workspace/airflow_tutorial/py_env/lib/python3.12/site-packages/airflow/example_dags/example_short_circuit_decorator.py took 0.064 seconds
[2024-09-01T00:34:57.566+0530] {processor.py:186} INFO - Started process (PID=2337) to work on /Users/ravipal/Desktop/Workspace/airflow_tutorial/py_env/lib/python3.12/site-packages/airflow/example_dags/example_short_circuit_decorator.py
[2024-09-01T00:34:57.567+0530] {processor.py:914} INFO - Processing file /Users/ravipal/Desktop/Workspace/airflow_tutorial/py_env/lib/python3.12/site-packages/airflow/example_dags/example_short_circuit_decorator.py for tasks to queue
[2024-09-01T00:34:57.567+0530] {logging_mixin.py:190} INFO - [2024-09-01T00:34:57.567+0530] {dagbag.py:587} INFO - Filling up the DagBag from /Users/ravipal/Desktop/Workspace/airflow_tutorial/py_env/lib/python3.12/site-packages/airflow/example_dags/example_short_circuit_decorator.py
[2024-09-01T00:34:57.585+0530] {processor.py:925} INFO - DAG(s) 'example_short_circuit_decorator' retrieved from /Users/ravipal/Desktop/Workspace/airflow_tutorial/py_env/lib/python3.12/site-packages/airflow/example_dags/example_short_circuit_decorator.py
[2024-09-01T00:34:57.631+0530] {logging_mixin.py:190} INFO - [2024-09-01T00:34:57.631+0530] {dag.py:3211} INFO - Sync 1 DAGs
[2024-09-01T00:34:57.639+0530] {logging_mixin.py:190} INFO - [2024-09-01T00:34:57.639+0530] {dag.py:4138} INFO - Setting next_dagrun for example_short_circuit_decorator to 2024-08-30 00:00:00+00:00, run_after=2024-08-31 00:00:00+00:00
[2024-09-01T00:34:57.648+0530] {processor.py:208} INFO - Processing /Users/ravipal/Desktop/Workspace/airflow_tutorial/py_env/lib/python3.12/site-packages/airflow/example_dags/example_short_circuit_decorator.py took 0.086 seconds
[2024-09-01T00:36:06.312+0530] {processor.py:186} INFO - Started process (PID=2407) to work on /Users/ravipal/Desktop/Workspace/airflow_tutorial/py_env/lib/python3.12/site-packages/airflow/example_dags/example_short_circuit_decorator.py
[2024-09-01T00:36:06.312+0530] {processor.py:914} INFO - Processing file /Users/ravipal/Desktop/Workspace/airflow_tutorial/py_env/lib/python3.12/site-packages/airflow/example_dags/example_short_circuit_decorator.py for tasks to queue
[2024-09-01T00:36:06.313+0530] {logging_mixin.py:190} INFO - [2024-09-01T00:36:06.313+0530] {dagbag.py:587} INFO - Filling up the DagBag from /Users/ravipal/Desktop/Workspace/airflow_tutorial/py_env/lib/python3.12/site-packages/airflow/example_dags/example_short_circuit_decorator.py
[2024-09-01T00:36:06.329+0530] {processor.py:925} INFO - DAG(s) 'example_short_circuit_decorator' retrieved from /Users/ravipal/Desktop/Workspace/airflow_tutorial/py_env/lib/python3.12/site-packages/airflow/example_dags/example_short_circuit_decorator.py
[2024-09-01T00:36:06.363+0530] {logging_mixin.py:190} INFO - [2024-09-01T00:36:06.363+0530] {dag.py:3211} INFO - Sync 1 DAGs
[2024-09-01T00:36:06.369+0530] {logging_mixin.py:190} INFO - [2024-09-01T00:36:06.369+0530] {dag.py:4138} INFO - Setting next_dagrun for example_short_circuit_decorator to 2024-08-30 00:00:00+00:00, run_after=2024-08-31 00:00:00+00:00
[2024-09-01T00:36:06.376+0530] {processor.py:208} INFO - Processing /Users/ravipal/Desktop/Workspace/airflow_tutorial/py_env/lib/python3.12/site-packages/airflow/example_dags/example_short_circuit_decorator.py took 0.065 seconds
[2024-09-01T00:38:17.675+0530] {processor.py:186} INFO - Started process (PID=2538) to work on /Users/ravipal/Desktop/Workspace/airflow_tutorial/py_env/lib/python3.12/site-packages/airflow/example_dags/example_short_circuit_decorator.py
[2024-09-01T00:38:17.676+0530] {processor.py:914} INFO - Processing file /Users/ravipal/Desktop/Workspace/airflow_tutorial/py_env/lib/python3.12/site-packages/airflow/example_dags/example_short_circuit_decorator.py for tasks to queue
[2024-09-01T00:38:17.676+0530] {logging_mixin.py:190} INFO - [2024-09-01T00:38:17.676+0530] {dagbag.py:587} INFO - Filling up the DagBag from /Users/ravipal/Desktop/Workspace/airflow_tutorial/py_env/lib/python3.12/site-packages/airflow/example_dags/example_short_circuit_decorator.py
[2024-09-01T00:38:17.692+0530] {processor.py:925} INFO - DAG(s) 'example_short_circuit_decorator' retrieved from /Users/ravipal/Desktop/Workspace/airflow_tutorial/py_env/lib/python3.12/site-packages/airflow/example_dags/example_short_circuit_decorator.py
[2024-09-01T00:38:17.726+0530] {logging_mixin.py:190} INFO - [2024-09-01T00:38:17.725+0530] {dag.py:3211} INFO - Sync 1 DAGs
[2024-09-01T00:38:17.732+0530] {logging_mixin.py:190} INFO - [2024-09-01T00:38:17.732+0530] {dag.py:4138} INFO - Setting next_dagrun for example_short_circuit_decorator to 2024-08-30 00:00:00+00:00, run_after=2024-08-31 00:00:00+00:00
[2024-09-01T00:38:17.738+0530] {processor.py:208} INFO - Processing /Users/ravipal/Desktop/Workspace/airflow_tutorial/py_env/lib/python3.12/site-packages/airflow/example_dags/example_short_circuit_decorator.py took 0.065 seconds
[2024-09-01T00:40:23.177+0530] {processor.py:186} INFO - Started process (PID=2665) to work on /Users/ravipal/Desktop/Workspace/airflow_tutorial/py_env/lib/python3.12/site-packages/airflow/example_dags/example_short_circuit_decorator.py
[2024-09-01T00:40:23.177+0530] {processor.py:914} INFO - Processing file /Users/ravipal/Desktop/Workspace/airflow_tutorial/py_env/lib/python3.12/site-packages/airflow/example_dags/example_short_circuit_decorator.py for tasks to queue
[2024-09-01T00:40:23.178+0530] {logging_mixin.py:190} INFO - [2024-09-01T00:40:23.178+0530] {dagbag.py:587} INFO - Filling up the DagBag from /Users/ravipal/Desktop/Workspace/airflow_tutorial/py_env/lib/python3.12/site-packages/airflow/example_dags/example_short_circuit_decorator.py
[2024-09-01T00:40:23.194+0530] {processor.py:925} INFO - DAG(s) 'example_short_circuit_decorator' retrieved from /Users/ravipal/Desktop/Workspace/airflow_tutorial/py_env/lib/python3.12/site-packages/airflow/example_dags/example_short_circuit_decorator.py
[2024-09-01T00:40:23.229+0530] {logging_mixin.py:190} INFO - [2024-09-01T00:40:23.229+0530] {dag.py:3211} INFO - Sync 1 DAGs
[2024-09-01T00:40:23.236+0530] {logging_mixin.py:190} INFO - [2024-09-01T00:40:23.236+0530] {dag.py:4138} INFO - Setting next_dagrun for example_short_circuit_decorator to 2024-08-30 00:00:00+00:00, run_after=2024-08-31 00:00:00+00:00
[2024-09-01T00:40:23.242+0530] {processor.py:208} INFO - Processing /Users/ravipal/Desktop/Workspace/airflow_tutorial/py_env/lib/python3.12/site-packages/airflow/example_dags/example_short_circuit_decorator.py took 0.068 seconds
[2024-09-01T00:42:36.458+0530] {processor.py:186} INFO - Started process (PID=2797) to work on /Users/ravipal/Desktop/Workspace/airflow_tutorial/py_env/lib/python3.12/site-packages/airflow/example_dags/example_short_circuit_decorator.py
[2024-09-01T00:42:36.458+0530] {processor.py:914} INFO - Processing file /Users/ravipal/Desktop/Workspace/airflow_tutorial/py_env/lib/python3.12/site-packages/airflow/example_dags/example_short_circuit_decorator.py for tasks to queue
[2024-09-01T00:42:36.459+0530] {logging_mixin.py:190} INFO - [2024-09-01T00:42:36.459+0530] {dagbag.py:587} INFO - Filling up the DagBag from /Users/ravipal/Desktop/Workspace/airflow_tutorial/py_env/lib/python3.12/site-packages/airflow/example_dags/example_short_circuit_decorator.py
[2024-09-01T00:42:36.475+0530] {processor.py:925} INFO - DAG(s) 'example_short_circuit_decorator' retrieved from /Users/ravipal/Desktop/Workspace/airflow_tutorial/py_env/lib/python3.12/site-packages/airflow/example_dags/example_short_circuit_decorator.py
[2024-09-01T00:42:36.509+0530] {logging_mixin.py:190} INFO - [2024-09-01T00:42:36.509+0530] {dag.py:3211} INFO - Sync 1 DAGs
[2024-09-01T00:42:36.515+0530] {logging_mixin.py:190} INFO - [2024-09-01T00:42:36.515+0530] {dag.py:4138} INFO - Setting next_dagrun for example_short_circuit_decorator to 2024-08-30 00:00:00+00:00, run_after=2024-08-31 00:00:00+00:00
[2024-09-01T00:42:36.522+0530] {processor.py:208} INFO - Processing /Users/ravipal/Desktop/Workspace/airflow_tutorial/py_env/lib/python3.12/site-packages/airflow/example_dags/example_short_circuit_decorator.py took 0.066 seconds
[2024-09-01T00:44:53.151+0530] {processor.py:186} INFO - Started process (PID=2931) to work on /Users/ravipal/Desktop/Workspace/airflow_tutorial/py_env/lib/python3.12/site-packages/airflow/example_dags/example_short_circuit_decorator.py
[2024-09-01T00:44:53.152+0530] {processor.py:914} INFO - Processing file /Users/ravipal/Desktop/Workspace/airflow_tutorial/py_env/lib/python3.12/site-packages/airflow/example_dags/example_short_circuit_decorator.py for tasks to queue
[2024-09-01T00:44:53.152+0530] {logging_mixin.py:190} INFO - [2024-09-01T00:44:53.152+0530] {dagbag.py:587} INFO - Filling up the DagBag from /Users/ravipal/Desktop/Workspace/airflow_tutorial/py_env/lib/python3.12/site-packages/airflow/example_dags/example_short_circuit_decorator.py
[2024-09-01T00:44:53.169+0530] {processor.py:925} INFO - DAG(s) 'example_short_circuit_decorator' retrieved from /Users/ravipal/Desktop/Workspace/airflow_tutorial/py_env/lib/python3.12/site-packages/airflow/example_dags/example_short_circuit_decorator.py
[2024-09-01T00:44:53.203+0530] {logging_mixin.py:190} INFO - [2024-09-01T00:44:53.203+0530] {dag.py:3211} INFO - Sync 1 DAGs
[2024-09-01T00:44:53.209+0530] {logging_mixin.py:190} INFO - [2024-09-01T00:44:53.209+0530] {dag.py:4138} INFO - Setting next_dagrun for example_short_circuit_decorator to 2024-08-30 00:00:00+00:00, run_after=2024-08-31 00:00:00+00:00
[2024-09-01T00:44:53.216+0530] {processor.py:208} INFO - Processing /Users/ravipal/Desktop/Workspace/airflow_tutorial/py_env/lib/python3.12/site-packages/airflow/example_dags/example_short_circuit_decorator.py took 0.066 seconds
[2024-09-01T00:47:07.803+0530] {processor.py:186} INFO - Started process (PID=3064) to work on /Users/ravipal/Desktop/Workspace/airflow_tutorial/py_env/lib/python3.12/site-packages/airflow/example_dags/example_short_circuit_decorator.py
[2024-09-01T00:47:07.803+0530] {processor.py:914} INFO - Processing file /Users/ravipal/Desktop/Workspace/airflow_tutorial/py_env/lib/python3.12/site-packages/airflow/example_dags/example_short_circuit_decorator.py for tasks to queue
[2024-09-01T00:47:07.803+0530] {logging_mixin.py:190} INFO - [2024-09-01T00:47:07.803+0530] {dagbag.py:587} INFO - Filling up the DagBag from /Users/ravipal/Desktop/Workspace/airflow_tutorial/py_env/lib/python3.12/site-packages/airflow/example_dags/example_short_circuit_decorator.py
[2024-09-01T00:47:07.819+0530] {processor.py:925} INFO - DAG(s) 'example_short_circuit_decorator' retrieved from /Users/ravipal/Desktop/Workspace/airflow_tutorial/py_env/lib/python3.12/site-packages/airflow/example_dags/example_short_circuit_decorator.py
[2024-09-01T00:47:07.853+0530] {logging_mixin.py:190} INFO - [2024-09-01T00:47:07.853+0530] {dag.py:3211} INFO - Sync 1 DAGs
[2024-09-01T00:47:07.859+0530] {logging_mixin.py:190} INFO - [2024-09-01T00:47:07.859+0530] {dag.py:4138} INFO - Setting next_dagrun for example_short_circuit_decorator to 2024-08-30 00:00:00+00:00, run_after=2024-08-31 00:00:00+00:00
[2024-09-01T00:47:07.865+0530] {processor.py:208} INFO - Processing /Users/ravipal/Desktop/Workspace/airflow_tutorial/py_env/lib/python3.12/site-packages/airflow/example_dags/example_short_circuit_decorator.py took 0.065 seconds
[2024-09-01T00:49:10.950+0530] {processor.py:186} INFO - Started process (PID=3191) to work on /Users/ravipal/Desktop/Workspace/airflow_tutorial/py_env/lib/python3.12/site-packages/airflow/example_dags/example_short_circuit_decorator.py
[2024-09-01T00:49:10.951+0530] {processor.py:914} INFO - Processing file /Users/ravipal/Desktop/Workspace/airflow_tutorial/py_env/lib/python3.12/site-packages/airflow/example_dags/example_short_circuit_decorator.py for tasks to queue
[2024-09-01T00:49:10.951+0530] {logging_mixin.py:190} INFO - [2024-09-01T00:49:10.951+0530] {dagbag.py:587} INFO - Filling up the DagBag from /Users/ravipal/Desktop/Workspace/airflow_tutorial/py_env/lib/python3.12/site-packages/airflow/example_dags/example_short_circuit_decorator.py
[2024-09-01T00:49:10.966+0530] {processor.py:925} INFO - DAG(s) 'example_short_circuit_decorator' retrieved from /Users/ravipal/Desktop/Workspace/airflow_tutorial/py_env/lib/python3.12/site-packages/airflow/example_dags/example_short_circuit_decorator.py
[2024-09-01T00:49:11.001+0530] {logging_mixin.py:190} INFO - [2024-09-01T00:49:11.000+0530] {dag.py:3211} INFO - Sync 1 DAGs
[2024-09-01T00:49:11.007+0530] {logging_mixin.py:190} INFO - [2024-09-01T00:49:11.007+0530] {dag.py:4138} INFO - Setting next_dagrun for example_short_circuit_decorator to 2024-08-30 00:00:00+00:00, run_after=2024-08-31 00:00:00+00:00
[2024-09-01T00:49:11.014+0530] {processor.py:208} INFO - Processing /Users/ravipal/Desktop/Workspace/airflow_tutorial/py_env/lib/python3.12/site-packages/airflow/example_dags/example_short_circuit_decorator.py took 0.065 seconds
[2024-09-01T00:50:18.713+0530] {processor.py:186} INFO - Started process (PID=3279) to work on /Users/ravipal/Desktop/Workspace/airflow_tutorial/py_env/lib/python3.12/site-packages/airflow/example_dags/example_short_circuit_decorator.py
[2024-09-01T00:50:18.714+0530] {processor.py:914} INFO - Processing file /Users/ravipal/Desktop/Workspace/airflow_tutorial/py_env/lib/python3.12/site-packages/airflow/example_dags/example_short_circuit_decorator.py for tasks to queue
[2024-09-01T00:50:18.715+0530] {logging_mixin.py:190} INFO - [2024-09-01T00:50:18.715+0530] {dagbag.py:587} INFO - Filling up the DagBag from /Users/ravipal/Desktop/Workspace/airflow_tutorial/py_env/lib/python3.12/site-packages/airflow/example_dags/example_short_circuit_decorator.py
[2024-09-01T00:50:18.732+0530] {processor.py:925} INFO - DAG(s) 'example_short_circuit_decorator' retrieved from /Users/ravipal/Desktop/Workspace/airflow_tutorial/py_env/lib/python3.12/site-packages/airflow/example_dags/example_short_circuit_decorator.py
[2024-09-01T00:50:18.766+0530] {logging_mixin.py:190} INFO - [2024-09-01T00:50:18.766+0530] {dag.py:3211} INFO - Sync 1 DAGs
[2024-09-01T00:50:18.773+0530] {logging_mixin.py:190} INFO - [2024-09-01T00:50:18.773+0530] {dag.py:4138} INFO - Setting next_dagrun for example_short_circuit_decorator to 2024-08-30 00:00:00+00:00, run_after=2024-08-31 00:00:00+00:00
[2024-09-01T00:50:18.780+0530] {processor.py:208} INFO - Processing /Users/ravipal/Desktop/Workspace/airflow_tutorial/py_env/lib/python3.12/site-packages/airflow/example_dags/example_short_circuit_decorator.py took 0.069 seconds
[2024-09-01T00:51:28.088+0530] {processor.py:186} INFO - Started process (PID=3352) to work on /Users/ravipal/Desktop/Workspace/airflow_tutorial/py_env/lib/python3.12/site-packages/airflow/example_dags/example_short_circuit_decorator.py
[2024-09-01T00:51:28.089+0530] {processor.py:914} INFO - Processing file /Users/ravipal/Desktop/Workspace/airflow_tutorial/py_env/lib/python3.12/site-packages/airflow/example_dags/example_short_circuit_decorator.py for tasks to queue
[2024-09-01T00:51:28.090+0530] {logging_mixin.py:190} INFO - [2024-09-01T00:51:28.090+0530] {dagbag.py:587} INFO - Filling up the DagBag from /Users/ravipal/Desktop/Workspace/airflow_tutorial/py_env/lib/python3.12/site-packages/airflow/example_dags/example_short_circuit_decorator.py
[2024-09-01T00:51:28.106+0530] {processor.py:925} INFO - DAG(s) 'example_short_circuit_decorator' retrieved from /Users/ravipal/Desktop/Workspace/airflow_tutorial/py_env/lib/python3.12/site-packages/airflow/example_dags/example_short_circuit_decorator.py
[2024-09-01T00:51:28.139+0530] {logging_mixin.py:190} INFO - [2024-09-01T00:51:28.139+0530] {dag.py:3211} INFO - Sync 1 DAGs
[2024-09-01T00:51:28.145+0530] {logging_mixin.py:190} INFO - [2024-09-01T00:51:28.145+0530] {dag.py:4138} INFO - Setting next_dagrun for example_short_circuit_decorator to 2024-08-30 00:00:00+00:00, run_after=2024-08-31 00:00:00+00:00
[2024-09-01T00:51:28.152+0530] {processor.py:208} INFO - Processing /Users/ravipal/Desktop/Workspace/airflow_tutorial/py_env/lib/python3.12/site-packages/airflow/example_dags/example_short_circuit_decorator.py took 0.065 seconds
[2024-09-01T00:53:39.097+0530] {processor.py:186} INFO - Started process (PID=3483) to work on /Users/ravipal/Desktop/Workspace/airflow_tutorial/py_env/lib/python3.12/site-packages/airflow/example_dags/example_short_circuit_decorator.py
[2024-09-01T00:53:39.098+0530] {processor.py:914} INFO - Processing file /Users/ravipal/Desktop/Workspace/airflow_tutorial/py_env/lib/python3.12/site-packages/airflow/example_dags/example_short_circuit_decorator.py for tasks to queue
[2024-09-01T00:53:39.098+0530] {logging_mixin.py:190} INFO - [2024-09-01T00:53:39.098+0530] {dagbag.py:587} INFO - Filling up the DagBag from /Users/ravipal/Desktop/Workspace/airflow_tutorial/py_env/lib/python3.12/site-packages/airflow/example_dags/example_short_circuit_decorator.py
[2024-09-01T00:53:39.114+0530] {processor.py:925} INFO - DAG(s) 'example_short_circuit_decorator' retrieved from /Users/ravipal/Desktop/Workspace/airflow_tutorial/py_env/lib/python3.12/site-packages/airflow/example_dags/example_short_circuit_decorator.py
[2024-09-01T00:53:39.148+0530] {logging_mixin.py:190} INFO - [2024-09-01T00:53:39.148+0530] {dag.py:3211} INFO - Sync 1 DAGs
[2024-09-01T00:53:39.154+0530] {logging_mixin.py:190} INFO - [2024-09-01T00:53:39.154+0530] {dag.py:4138} INFO - Setting next_dagrun for example_short_circuit_decorator to 2024-08-30 00:00:00+00:00, run_after=2024-08-31 00:00:00+00:00
[2024-09-01T00:53:39.161+0530] {processor.py:208} INFO - Processing /Users/ravipal/Desktop/Workspace/airflow_tutorial/py_env/lib/python3.12/site-packages/airflow/example_dags/example_short_circuit_decorator.py took 0.065 seconds
[2024-09-01T00:55:49.591+0530] {processor.py:186} INFO - Started process (PID=3614) to work on /Users/ravipal/Desktop/Workspace/airflow_tutorial/py_env/lib/python3.12/site-packages/airflow/example_dags/example_short_circuit_decorator.py
[2024-09-01T00:55:49.591+0530] {processor.py:914} INFO - Processing file /Users/ravipal/Desktop/Workspace/airflow_tutorial/py_env/lib/python3.12/site-packages/airflow/example_dags/example_short_circuit_decorator.py for tasks to queue
[2024-09-01T00:55:49.592+0530] {logging_mixin.py:190} INFO - [2024-09-01T00:55:49.592+0530] {dagbag.py:587} INFO - Filling up the DagBag from /Users/ravipal/Desktop/Workspace/airflow_tutorial/py_env/lib/python3.12/site-packages/airflow/example_dags/example_short_circuit_decorator.py
[2024-09-01T00:55:49.608+0530] {processor.py:925} INFO - DAG(s) 'example_short_circuit_decorator' retrieved from /Users/ravipal/Desktop/Workspace/airflow_tutorial/py_env/lib/python3.12/site-packages/airflow/example_dags/example_short_circuit_decorator.py
[2024-09-01T00:55:49.642+0530] {logging_mixin.py:190} INFO - [2024-09-01T00:55:49.642+0530] {dag.py:3211} INFO - Sync 1 DAGs
[2024-09-01T00:55:49.648+0530] {logging_mixin.py:190} INFO - [2024-09-01T00:55:49.648+0530] {dag.py:4138} INFO - Setting next_dagrun for example_short_circuit_decorator to 2024-08-30 00:00:00+00:00, run_after=2024-08-31 00:00:00+00:00
[2024-09-01T00:55:49.654+0530] {processor.py:208} INFO - Processing /Users/ravipal/Desktop/Workspace/airflow_tutorial/py_env/lib/python3.12/site-packages/airflow/example_dags/example_short_circuit_decorator.py took 0.065 seconds
[2024-09-01T00:58:02.687+0530] {processor.py:186} INFO - Started process (PID=3747) to work on /Users/ravipal/Desktop/Workspace/airflow_tutorial/py_env/lib/python3.12/site-packages/airflow/example_dags/example_short_circuit_decorator.py
[2024-09-01T00:58:02.688+0530] {processor.py:914} INFO - Processing file /Users/ravipal/Desktop/Workspace/airflow_tutorial/py_env/lib/python3.12/site-packages/airflow/example_dags/example_short_circuit_decorator.py for tasks to queue
[2024-09-01T00:58:02.688+0530] {logging_mixin.py:190} INFO - [2024-09-01T00:58:02.688+0530] {dagbag.py:587} INFO - Filling up the DagBag from /Users/ravipal/Desktop/Workspace/airflow_tutorial/py_env/lib/python3.12/site-packages/airflow/example_dags/example_short_circuit_decorator.py
[2024-09-01T00:58:02.704+0530] {processor.py:925} INFO - DAG(s) 'example_short_circuit_decorator' retrieved from /Users/ravipal/Desktop/Workspace/airflow_tutorial/py_env/lib/python3.12/site-packages/airflow/example_dags/example_short_circuit_decorator.py
[2024-09-01T00:58:02.738+0530] {logging_mixin.py:190} INFO - [2024-09-01T00:58:02.738+0530] {dag.py:3211} INFO - Sync 1 DAGs
[2024-09-01T00:58:02.744+0530] {logging_mixin.py:190} INFO - [2024-09-01T00:58:02.744+0530] {dag.py:4138} INFO - Setting next_dagrun for example_short_circuit_decorator to 2024-08-30 00:00:00+00:00, run_after=2024-08-31 00:00:00+00:00
[2024-09-01T00:58:02.751+0530] {processor.py:208} INFO - Processing /Users/ravipal/Desktop/Workspace/airflow_tutorial/py_env/lib/python3.12/site-packages/airflow/example_dags/example_short_circuit_decorator.py took 0.066 seconds
[2024-09-01T01:00:12.029+0530] {processor.py:186} INFO - Started process (PID=3875) to work on /Users/ravipal/Desktop/Workspace/airflow_tutorial/py_env/lib/python3.12/site-packages/airflow/example_dags/example_short_circuit_decorator.py
[2024-09-01T01:00:12.029+0530] {processor.py:914} INFO - Processing file /Users/ravipal/Desktop/Workspace/airflow_tutorial/py_env/lib/python3.12/site-packages/airflow/example_dags/example_short_circuit_decorator.py for tasks to queue
[2024-09-01T01:00:12.029+0530] {logging_mixin.py:190} INFO - [2024-09-01T01:00:12.029+0530] {dagbag.py:587} INFO - Filling up the DagBag from /Users/ravipal/Desktop/Workspace/airflow_tutorial/py_env/lib/python3.12/site-packages/airflow/example_dags/example_short_circuit_decorator.py
[2024-09-01T01:00:12.045+0530] {processor.py:925} INFO - DAG(s) 'example_short_circuit_decorator' retrieved from /Users/ravipal/Desktop/Workspace/airflow_tutorial/py_env/lib/python3.12/site-packages/airflow/example_dags/example_short_circuit_decorator.py
[2024-09-01T01:00:12.080+0530] {logging_mixin.py:190} INFO - [2024-09-01T01:00:12.079+0530] {dag.py:3211} INFO - Sync 1 DAGs
[2024-09-01T01:00:12.086+0530] {logging_mixin.py:190} INFO - [2024-09-01T01:00:12.086+0530] {dag.py:4138} INFO - Setting next_dagrun for example_short_circuit_decorator to 2024-08-30 00:00:00+00:00, run_after=2024-08-31 00:00:00+00:00
[2024-09-01T01:00:12.092+0530] {processor.py:208} INFO - Processing /Users/ravipal/Desktop/Workspace/airflow_tutorial/py_env/lib/python3.12/site-packages/airflow/example_dags/example_short_circuit_decorator.py took 0.066 seconds
[2024-09-01T01:02:20.123+0530] {processor.py:186} INFO - Started process (PID=4004) to work on /Users/ravipal/Desktop/Workspace/airflow_tutorial/py_env/lib/python3.12/site-packages/airflow/example_dags/example_short_circuit_decorator.py
[2024-09-01T01:02:20.123+0530] {processor.py:914} INFO - Processing file /Users/ravipal/Desktop/Workspace/airflow_tutorial/py_env/lib/python3.12/site-packages/airflow/example_dags/example_short_circuit_decorator.py for tasks to queue
[2024-09-01T01:02:20.123+0530] {logging_mixin.py:190} INFO - [2024-09-01T01:02:20.123+0530] {dagbag.py:587} INFO - Filling up the DagBag from /Users/ravipal/Desktop/Workspace/airflow_tutorial/py_env/lib/python3.12/site-packages/airflow/example_dags/example_short_circuit_decorator.py
[2024-09-01T01:02:20.140+0530] {processor.py:925} INFO - DAG(s) 'example_short_circuit_decorator' retrieved from /Users/ravipal/Desktop/Workspace/airflow_tutorial/py_env/lib/python3.12/site-packages/airflow/example_dags/example_short_circuit_decorator.py
[2024-09-01T01:02:20.174+0530] {logging_mixin.py:190} INFO - [2024-09-01T01:02:20.174+0530] {dag.py:3211} INFO - Sync 1 DAGs
[2024-09-01T01:02:20.180+0530] {logging_mixin.py:190} INFO - [2024-09-01T01:02:20.180+0530] {dag.py:4138} INFO - Setting next_dagrun for example_short_circuit_decorator to 2024-08-30 00:00:00+00:00, run_after=2024-08-31 00:00:00+00:00
[2024-09-01T01:02:20.186+0530] {processor.py:208} INFO - Processing /Users/ravipal/Desktop/Workspace/airflow_tutorial/py_env/lib/python3.12/site-packages/airflow/example_dags/example_short_circuit_decorator.py took 0.066 seconds
[2024-09-01T01:04:27.718+0530] {processor.py:186} INFO - Started process (PID=4142) to work on /Users/ravipal/Desktop/Workspace/airflow_tutorial/py_env/lib/python3.12/site-packages/airflow/example_dags/example_short_circuit_decorator.py
[2024-09-01T01:04:27.718+0530] {processor.py:914} INFO - Processing file /Users/ravipal/Desktop/Workspace/airflow_tutorial/py_env/lib/python3.12/site-packages/airflow/example_dags/example_short_circuit_decorator.py for tasks to queue
[2024-09-01T01:04:27.719+0530] {logging_mixin.py:190} INFO - [2024-09-01T01:04:27.719+0530] {dagbag.py:587} INFO - Filling up the DagBag from /Users/ravipal/Desktop/Workspace/airflow_tutorial/py_env/lib/python3.12/site-packages/airflow/example_dags/example_short_circuit_decorator.py
[2024-09-01T01:04:27.735+0530] {processor.py:925} INFO - DAG(s) 'example_short_circuit_decorator' retrieved from /Users/ravipal/Desktop/Workspace/airflow_tutorial/py_env/lib/python3.12/site-packages/airflow/example_dags/example_short_circuit_decorator.py
[2024-09-01T01:04:27.769+0530] {logging_mixin.py:190} INFO - [2024-09-01T01:04:27.769+0530] {dag.py:3211} INFO - Sync 1 DAGs
[2024-09-01T01:04:27.775+0530] {logging_mixin.py:190} INFO - [2024-09-01T01:04:27.775+0530] {dag.py:4138} INFO - Setting next_dagrun for example_short_circuit_decorator to 2024-08-30 00:00:00+00:00, run_after=2024-08-31 00:00:00+00:00
[2024-09-01T01:04:27.782+0530] {processor.py:208} INFO - Processing /Users/ravipal/Desktop/Workspace/airflow_tutorial/py_env/lib/python3.12/site-packages/airflow/example_dags/example_short_circuit_decorator.py took 0.066 seconds
[2024-09-01T01:06:35.320+0530] {processor.py:186} INFO - Started process (PID=4298) to work on /Users/ravipal/Desktop/Workspace/airflow_tutorial/py_env/lib/python3.12/site-packages/airflow/example_dags/example_short_circuit_decorator.py
[2024-09-01T01:06:35.321+0530] {processor.py:914} INFO - Processing file /Users/ravipal/Desktop/Workspace/airflow_tutorial/py_env/lib/python3.12/site-packages/airflow/example_dags/example_short_circuit_decorator.py for tasks to queue
[2024-09-01T01:06:35.322+0530] {logging_mixin.py:190} INFO - [2024-09-01T01:06:35.322+0530] {dagbag.py:587} INFO - Filling up the DagBag from /Users/ravipal/Desktop/Workspace/airflow_tutorial/py_env/lib/python3.12/site-packages/airflow/example_dags/example_short_circuit_decorator.py
[2024-09-01T01:06:35.338+0530] {processor.py:925} INFO - DAG(s) 'example_short_circuit_decorator' retrieved from /Users/ravipal/Desktop/Workspace/airflow_tutorial/py_env/lib/python3.12/site-packages/airflow/example_dags/example_short_circuit_decorator.py
[2024-09-01T01:06:35.373+0530] {logging_mixin.py:190} INFO - [2024-09-01T01:06:35.373+0530] {dag.py:3211} INFO - Sync 1 DAGs
[2024-09-01T01:06:35.379+0530] {logging_mixin.py:190} INFO - [2024-09-01T01:06:35.379+0530] {dag.py:4138} INFO - Setting next_dagrun for example_short_circuit_decorator to 2024-08-30 00:00:00+00:00, run_after=2024-08-31 00:00:00+00:00
[2024-09-01T01:06:35.386+0530] {processor.py:208} INFO - Processing /Users/ravipal/Desktop/Workspace/airflow_tutorial/py_env/lib/python3.12/site-packages/airflow/example_dags/example_short_circuit_decorator.py took 0.068 seconds
[2024-09-01T01:08:47.743+0530] {processor.py:186} INFO - Started process (PID=4429) to work on /Users/ravipal/Desktop/Workspace/airflow_tutorial/py_env/lib/python3.12/site-packages/airflow/example_dags/example_short_circuit_decorator.py
[2024-09-01T01:08:47.744+0530] {processor.py:914} INFO - Processing file /Users/ravipal/Desktop/Workspace/airflow_tutorial/py_env/lib/python3.12/site-packages/airflow/example_dags/example_short_circuit_decorator.py for tasks to queue
[2024-09-01T01:08:47.744+0530] {logging_mixin.py:190} INFO - [2024-09-01T01:08:47.744+0530] {dagbag.py:587} INFO - Filling up the DagBag from /Users/ravipal/Desktop/Workspace/airflow_tutorial/py_env/lib/python3.12/site-packages/airflow/example_dags/example_short_circuit_decorator.py
[2024-09-01T01:08:47.760+0530] {processor.py:925} INFO - DAG(s) 'example_short_circuit_decorator' retrieved from /Users/ravipal/Desktop/Workspace/airflow_tutorial/py_env/lib/python3.12/site-packages/airflow/example_dags/example_short_circuit_decorator.py
[2024-09-01T01:08:47.794+0530] {logging_mixin.py:190} INFO - [2024-09-01T01:08:47.794+0530] {dag.py:3211} INFO - Sync 1 DAGs
[2024-09-01T01:08:47.800+0530] {logging_mixin.py:190} INFO - [2024-09-01T01:08:47.800+0530] {dag.py:4138} INFO - Setting next_dagrun for example_short_circuit_decorator to 2024-08-30 00:00:00+00:00, run_after=2024-08-31 00:00:00+00:00
[2024-09-01T01:08:47.806+0530] {processor.py:208} INFO - Processing /Users/ravipal/Desktop/Workspace/airflow_tutorial/py_env/lib/python3.12/site-packages/airflow/example_dags/example_short_circuit_decorator.py took 0.065 seconds
[2024-09-01T01:10:51.315+0530] {processor.py:186} INFO - Started process (PID=4555) to work on /Users/ravipal/Desktop/Workspace/airflow_tutorial/py_env/lib/python3.12/site-packages/airflow/example_dags/example_short_circuit_decorator.py
[2024-09-01T01:10:51.316+0530] {processor.py:914} INFO - Processing file /Users/ravipal/Desktop/Workspace/airflow_tutorial/py_env/lib/python3.12/site-packages/airflow/example_dags/example_short_circuit_decorator.py for tasks to queue
[2024-09-01T01:10:51.316+0530] {logging_mixin.py:190} INFO - [2024-09-01T01:10:51.316+0530] {dagbag.py:587} INFO - Filling up the DagBag from /Users/ravipal/Desktop/Workspace/airflow_tutorial/py_env/lib/python3.12/site-packages/airflow/example_dags/example_short_circuit_decorator.py
[2024-09-01T01:10:51.333+0530] {processor.py:925} INFO - DAG(s) 'example_short_circuit_decorator' retrieved from /Users/ravipal/Desktop/Workspace/airflow_tutorial/py_env/lib/python3.12/site-packages/airflow/example_dags/example_short_circuit_decorator.py
[2024-09-01T01:10:51.367+0530] {logging_mixin.py:190} INFO - [2024-09-01T01:10:51.367+0530] {dag.py:3211} INFO - Sync 1 DAGs
[2024-09-01T01:10:51.373+0530] {logging_mixin.py:190} INFO - [2024-09-01T01:10:51.373+0530] {dag.py:4138} INFO - Setting next_dagrun for example_short_circuit_decorator to 2024-08-30 00:00:00+00:00, run_after=2024-08-31 00:00:00+00:00
[2024-09-01T01:10:51.380+0530] {processor.py:208} INFO - Processing /Users/ravipal/Desktop/Workspace/airflow_tutorial/py_env/lib/python3.12/site-packages/airflow/example_dags/example_short_circuit_decorator.py took 0.066 seconds
[2024-09-01T01:12:56.124+0530] {processor.py:186} INFO - Started process (PID=4682) to work on /Users/ravipal/Desktop/Workspace/airflow_tutorial/py_env/lib/python3.12/site-packages/airflow/example_dags/example_short_circuit_decorator.py
[2024-09-01T01:12:56.124+0530] {processor.py:914} INFO - Processing file /Users/ravipal/Desktop/Workspace/airflow_tutorial/py_env/lib/python3.12/site-packages/airflow/example_dags/example_short_circuit_decorator.py for tasks to queue
[2024-09-01T01:12:56.125+0530] {logging_mixin.py:190} INFO - [2024-09-01T01:12:56.125+0530] {dagbag.py:587} INFO - Filling up the DagBag from /Users/ravipal/Desktop/Workspace/airflow_tutorial/py_env/lib/python3.12/site-packages/airflow/example_dags/example_short_circuit_decorator.py
[2024-09-01T01:12:56.141+0530] {processor.py:925} INFO - DAG(s) 'example_short_circuit_decorator' retrieved from /Users/ravipal/Desktop/Workspace/airflow_tutorial/py_env/lib/python3.12/site-packages/airflow/example_dags/example_short_circuit_decorator.py
[2024-09-01T01:12:56.174+0530] {logging_mixin.py:190} INFO - [2024-09-01T01:12:56.174+0530] {dag.py:3211} INFO - Sync 1 DAGs
[2024-09-01T01:12:56.181+0530] {logging_mixin.py:190} INFO - [2024-09-01T01:12:56.181+0530] {dag.py:4138} INFO - Setting next_dagrun for example_short_circuit_decorator to 2024-08-30 00:00:00+00:00, run_after=2024-08-31 00:00:00+00:00
[2024-09-01T01:12:56.187+0530] {processor.py:208} INFO - Processing /Users/ravipal/Desktop/Workspace/airflow_tutorial/py_env/lib/python3.12/site-packages/airflow/example_dags/example_short_circuit_decorator.py took 0.066 seconds
[2024-09-01T01:15:09.504+0530] {processor.py:186} INFO - Started process (PID=4815) to work on /Users/ravipal/Desktop/Workspace/airflow_tutorial/py_env/lib/python3.12/site-packages/airflow/example_dags/example_short_circuit_decorator.py
[2024-09-01T01:15:09.504+0530] {processor.py:914} INFO - Processing file /Users/ravipal/Desktop/Workspace/airflow_tutorial/py_env/lib/python3.12/site-packages/airflow/example_dags/example_short_circuit_decorator.py for tasks to queue
[2024-09-01T01:15:09.505+0530] {logging_mixin.py:190} INFO - [2024-09-01T01:15:09.505+0530] {dagbag.py:587} INFO - Filling up the DagBag from /Users/ravipal/Desktop/Workspace/airflow_tutorial/py_env/lib/python3.12/site-packages/airflow/example_dags/example_short_circuit_decorator.py
[2024-09-01T01:15:09.521+0530] {processor.py:925} INFO - DAG(s) 'example_short_circuit_decorator' retrieved from /Users/ravipal/Desktop/Workspace/airflow_tutorial/py_env/lib/python3.12/site-packages/airflow/example_dags/example_short_circuit_decorator.py
[2024-09-01T01:15:09.555+0530] {logging_mixin.py:190} INFO - [2024-09-01T01:15:09.555+0530] {dag.py:3211} INFO - Sync 1 DAGs
[2024-09-01T01:15:09.561+0530] {logging_mixin.py:190} INFO - [2024-09-01T01:15:09.561+0530] {dag.py:4138} INFO - Setting next_dagrun for example_short_circuit_decorator to 2024-08-30 00:00:00+00:00, run_after=2024-08-31 00:00:00+00:00
[2024-09-01T01:15:09.568+0530] {processor.py:208} INFO - Processing /Users/ravipal/Desktop/Workspace/airflow_tutorial/py_env/lib/python3.12/site-packages/airflow/example_dags/example_short_circuit_decorator.py took 0.066 seconds
[2024-09-01T01:17:20.477+0530] {processor.py:186} INFO - Started process (PID=4946) to work on /Users/ravipal/Desktop/Workspace/airflow_tutorial/py_env/lib/python3.12/site-packages/airflow/example_dags/example_short_circuit_decorator.py
[2024-09-01T01:17:20.478+0530] {processor.py:914} INFO - Processing file /Users/ravipal/Desktop/Workspace/airflow_tutorial/py_env/lib/python3.12/site-packages/airflow/example_dags/example_short_circuit_decorator.py for tasks to queue
[2024-09-01T01:17:20.478+0530] {logging_mixin.py:190} INFO - [2024-09-01T01:17:20.478+0530] {dagbag.py:587} INFO - Filling up the DagBag from /Users/ravipal/Desktop/Workspace/airflow_tutorial/py_env/lib/python3.12/site-packages/airflow/example_dags/example_short_circuit_decorator.py
[2024-09-01T01:17:20.494+0530] {processor.py:925} INFO - DAG(s) 'example_short_circuit_decorator' retrieved from /Users/ravipal/Desktop/Workspace/airflow_tutorial/py_env/lib/python3.12/site-packages/airflow/example_dags/example_short_circuit_decorator.py
[2024-09-01T01:17:20.529+0530] {logging_mixin.py:190} INFO - [2024-09-01T01:17:20.529+0530] {dag.py:3211} INFO - Sync 1 DAGs
[2024-09-01T01:17:20.535+0530] {logging_mixin.py:190} INFO - [2024-09-01T01:17:20.535+0530] {dag.py:4138} INFO - Setting next_dagrun for example_short_circuit_decorator to 2024-08-30 00:00:00+00:00, run_after=2024-08-31 00:00:00+00:00
[2024-09-01T01:17:20.542+0530] {processor.py:208} INFO - Processing /Users/ravipal/Desktop/Workspace/airflow_tutorial/py_env/lib/python3.12/site-packages/airflow/example_dags/example_short_circuit_decorator.py took 0.066 seconds
