[2024-09-01T00:23:40.997+0530] {processor.py:186} INFO - Started process (PID=1468) to work on /Users/ravipal/Desktop/Workspace/airflow_tutorial/py_env/lib/python3.12/site-packages/airflow/example_dags/example_latest_only.py
[2024-09-01T00:23:40.997+0530] {processor.py:914} INFO - Processing file /Users/ravipal/Desktop/Workspace/airflow_tutorial/py_env/lib/python3.12/site-packages/airflow/example_dags/example_latest_only.py for tasks to queue
[2024-09-01T00:23:40.997+0530] {logging_mixin.py:190} INFO - [2024-09-01T00:23:40.997+0530] {dagbag.py:587} INFO - Filling up the DagBag from /Users/ravipal/Desktop/Workspace/airflow_tutorial/py_env/lib/python3.12/site-packages/airflow/example_dags/example_latest_only.py
[2024-09-01T00:23:41.001+0530] {processor.py:925} INFO - DAG(s) 'latest_only' retrieved from /Users/ravipal/Desktop/Workspace/airflow_tutorial/py_env/lib/python3.12/site-packages/airflow/example_dags/example_latest_only.py
[2024-09-01T00:23:41.068+0530] {logging_mixin.py:190} INFO - [2024-09-01T00:23:41.068+0530] {override.py:1858} INFO - Created Permission View: can edit on DAG:latest_only
[2024-09-01T00:23:41.072+0530] {logging_mixin.py:190} INFO - [2024-09-01T00:23:41.072+0530] {override.py:1858} INFO - Created Permission View: can delete on DAG:latest_only
[2024-09-01T00:23:41.074+0530] {logging_mixin.py:190} INFO - [2024-09-01T00:23:41.074+0530] {override.py:1858} INFO - Created Permission View: can read on DAG:latest_only
[2024-09-01T00:23:41.074+0530] {logging_mixin.py:190} INFO - [2024-09-01T00:23:41.074+0530] {dag.py:3211} INFO - Sync 1 DAGs
[2024-09-01T00:23:41.078+0530] {logging_mixin.py:190} INFO - [2024-09-01T00:23:41.078+0530] {dag.py:3234} INFO - Creating ORM DAG for latest_only
[2024-09-01T00:23:41.082+0530] {logging_mixin.py:190} INFO - [2024-09-01T00:23:41.082+0530] {dag.py:4138} INFO - Setting next_dagrun for latest_only to 2024-08-31 12:00:00+00:00, run_after=2024-08-31 16:00:00+00:00
[2024-09-01T00:23:41.116+0530] {processor.py:208} INFO - Processing /Users/ravipal/Desktop/Workspace/airflow_tutorial/py_env/lib/python3.12/site-packages/airflow/example_dags/example_latest_only.py took 0.122 seconds
[2024-09-01T00:25:19.545+0530] {processor.py:186} INFO - Started process (PID=1565) to work on /Users/ravipal/Desktop/Workspace/airflow_tutorial/py_env/lib/python3.12/site-packages/airflow/example_dags/example_latest_only.py
[2024-09-01T00:25:19.546+0530] {processor.py:914} INFO - Processing file /Users/ravipal/Desktop/Workspace/airflow_tutorial/py_env/lib/python3.12/site-packages/airflow/example_dags/example_latest_only.py for tasks to queue
[2024-09-01T00:25:19.546+0530] {logging_mixin.py:190} INFO - [2024-09-01T00:25:19.546+0530] {dagbag.py:587} INFO - Filling up the DagBag from /Users/ravipal/Desktop/Workspace/airflow_tutorial/py_env/lib/python3.12/site-packages/airflow/example_dags/example_latest_only.py
[2024-09-01T00:25:19.549+0530] {processor.py:925} INFO - DAG(s) 'latest_only' retrieved from /Users/ravipal/Desktop/Workspace/airflow_tutorial/py_env/lib/python3.12/site-packages/airflow/example_dags/example_latest_only.py
[2024-09-01T00:25:19.585+0530] {logging_mixin.py:190} INFO - [2024-09-01T00:25:19.585+0530] {dag.py:3211} INFO - Sync 1 DAGs
[2024-09-01T00:25:19.591+0530] {logging_mixin.py:190} INFO - [2024-09-01T00:25:19.591+0530] {dag.py:4138} INFO - Setting next_dagrun for latest_only to 2024-08-31 12:00:00+00:00, run_after=2024-08-31 16:00:00+00:00
[2024-09-01T00:25:19.597+0530] {processor.py:208} INFO - Processing /Users/ravipal/Desktop/Workspace/airflow_tutorial/py_env/lib/python3.12/site-packages/airflow/example_dags/example_latest_only.py took 0.054 seconds
[2024-09-01T00:27:34.556+0530] {processor.py:186} INFO - Started process (PID=1877) to work on /Users/ravipal/Desktop/Workspace/airflow_tutorial/py_env/lib/python3.12/site-packages/airflow/example_dags/example_latest_only.py
[2024-09-01T00:27:34.556+0530] {processor.py:914} INFO - Processing file /Users/ravipal/Desktop/Workspace/airflow_tutorial/py_env/lib/python3.12/site-packages/airflow/example_dags/example_latest_only.py for tasks to queue
[2024-09-01T00:27:34.556+0530] {logging_mixin.py:190} INFO - [2024-09-01T00:27:34.556+0530] {dagbag.py:587} INFO - Filling up the DagBag from /Users/ravipal/Desktop/Workspace/airflow_tutorial/py_env/lib/python3.12/site-packages/airflow/example_dags/example_latest_only.py
[2024-09-01T00:27:34.559+0530] {processor.py:925} INFO - DAG(s) 'latest_only' retrieved from /Users/ravipal/Desktop/Workspace/airflow_tutorial/py_env/lib/python3.12/site-packages/airflow/example_dags/example_latest_only.py
[2024-09-01T00:27:34.596+0530] {logging_mixin.py:190} INFO - [2024-09-01T00:27:34.596+0530] {dag.py:3211} INFO - Sync 1 DAGs
[2024-09-01T00:27:34.602+0530] {logging_mixin.py:190} INFO - [2024-09-01T00:27:34.602+0530] {dag.py:4138} INFO - Setting next_dagrun for latest_only to 2024-08-31 12:00:00+00:00, run_after=2024-08-31 16:00:00+00:00
[2024-09-01T00:27:34.609+0530] {processor.py:208} INFO - Processing /Users/ravipal/Desktop/Workspace/airflow_tutorial/py_env/lib/python3.12/site-packages/airflow/example_dags/example_latest_only.py took 0.056 seconds
[2024-09-01T00:29:45.693+0530] {processor.py:186} INFO - Started process (PID=2025) to work on /Users/ravipal/Desktop/Workspace/airflow_tutorial/py_env/lib/python3.12/site-packages/airflow/example_dags/example_latest_only.py
[2024-09-01T00:29:45.694+0530] {processor.py:914} INFO - Processing file /Users/ravipal/Desktop/Workspace/airflow_tutorial/py_env/lib/python3.12/site-packages/airflow/example_dags/example_latest_only.py for tasks to queue
[2024-09-01T00:29:45.694+0530] {logging_mixin.py:190} INFO - [2024-09-01T00:29:45.694+0530] {dagbag.py:587} INFO - Filling up the DagBag from /Users/ravipal/Desktop/Workspace/airflow_tutorial/py_env/lib/python3.12/site-packages/airflow/example_dags/example_latest_only.py
[2024-09-01T00:29:45.697+0530] {processor.py:925} INFO - DAG(s) 'latest_only' retrieved from /Users/ravipal/Desktop/Workspace/airflow_tutorial/py_env/lib/python3.12/site-packages/airflow/example_dags/example_latest_only.py
[2024-09-01T00:29:45.735+0530] {logging_mixin.py:190} INFO - [2024-09-01T00:29:45.734+0530] {dag.py:3211} INFO - Sync 1 DAGs
[2024-09-01T00:29:45.740+0530] {logging_mixin.py:190} INFO - [2024-09-01T00:29:45.740+0530] {dag.py:4138} INFO - Setting next_dagrun for latest_only to 2024-08-31 12:00:00+00:00, run_after=2024-08-31 16:00:00+00:00
[2024-09-01T00:29:45.747+0530] {processor.py:208} INFO - Processing /Users/ravipal/Desktop/Workspace/airflow_tutorial/py_env/lib/python3.12/site-packages/airflow/example_dags/example_latest_only.py took 0.056 seconds
[2024-09-01T00:31:59.576+0530] {processor.py:186} INFO - Started process (PID=2160) to work on /Users/ravipal/Desktop/Workspace/airflow_tutorial/py_env/lib/python3.12/site-packages/airflow/example_dags/example_latest_only.py
[2024-09-01T00:31:59.576+0530] {processor.py:914} INFO - Processing file /Users/ravipal/Desktop/Workspace/airflow_tutorial/py_env/lib/python3.12/site-packages/airflow/example_dags/example_latest_only.py for tasks to queue
[2024-09-01T00:31:59.577+0530] {logging_mixin.py:190} INFO - [2024-09-01T00:31:59.577+0530] {dagbag.py:587} INFO - Filling up the DagBag from /Users/ravipal/Desktop/Workspace/airflow_tutorial/py_env/lib/python3.12/site-packages/airflow/example_dags/example_latest_only.py
[2024-09-01T00:31:59.580+0530] {processor.py:925} INFO - DAG(s) 'latest_only' retrieved from /Users/ravipal/Desktop/Workspace/airflow_tutorial/py_env/lib/python3.12/site-packages/airflow/example_dags/example_latest_only.py
[2024-09-01T00:31:59.614+0530] {logging_mixin.py:190} INFO - [2024-09-01T00:31:59.613+0530] {dag.py:3211} INFO - Sync 1 DAGs
[2024-09-01T00:31:59.620+0530] {logging_mixin.py:190} INFO - [2024-09-01T00:31:59.620+0530] {dag.py:4138} INFO - Setting next_dagrun for latest_only to 2024-08-31 12:00:00+00:00, run_after=2024-08-31 16:00:00+00:00
[2024-09-01T00:31:59.626+0530] {processor.py:208} INFO - Processing /Users/ravipal/Desktop/Workspace/airflow_tutorial/py_env/lib/python3.12/site-packages/airflow/example_dags/example_latest_only.py took 0.052 seconds
[2024-09-01T00:34:13.477+0530] {processor.py:186} INFO - Started process (PID=2292) to work on /Users/ravipal/Desktop/Workspace/airflow_tutorial/py_env/lib/python3.12/site-packages/airflow/example_dags/example_latest_only.py
[2024-09-01T00:34:13.477+0530] {processor.py:914} INFO - Processing file /Users/ravipal/Desktop/Workspace/airflow_tutorial/py_env/lib/python3.12/site-packages/airflow/example_dags/example_latest_only.py for tasks to queue
[2024-09-01T00:34:13.477+0530] {logging_mixin.py:190} INFO - [2024-09-01T00:34:13.477+0530] {dagbag.py:587} INFO - Filling up the DagBag from /Users/ravipal/Desktop/Workspace/airflow_tutorial/py_env/lib/python3.12/site-packages/airflow/example_dags/example_latest_only.py
[2024-09-01T00:34:13.481+0530] {processor.py:925} INFO - DAG(s) 'latest_only' retrieved from /Users/ravipal/Desktop/Workspace/airflow_tutorial/py_env/lib/python3.12/site-packages/airflow/example_dags/example_latest_only.py
[2024-09-01T00:34:13.516+0530] {logging_mixin.py:190} INFO - [2024-09-01T00:34:13.516+0530] {dag.py:3211} INFO - Sync 1 DAGs
[2024-09-01T00:34:13.522+0530] {logging_mixin.py:190} INFO - [2024-09-01T00:34:13.522+0530] {dag.py:4138} INFO - Setting next_dagrun for latest_only to 2024-08-31 12:00:00+00:00, run_after=2024-08-31 16:00:00+00:00
[2024-09-01T00:34:13.528+0530] {processor.py:208} INFO - Processing /Users/ravipal/Desktop/Workspace/airflow_tutorial/py_env/lib/python3.12/site-packages/airflow/example_dags/example_latest_only.py took 0.053 seconds
[2024-09-01T00:36:29.002+0530] {processor.py:186} INFO - Started process (PID=2429) to work on /Users/ravipal/Desktop/Workspace/airflow_tutorial/py_env/lib/python3.12/site-packages/airflow/example_dags/example_latest_only.py
[2024-09-01T00:36:29.003+0530] {processor.py:914} INFO - Processing file /Users/ravipal/Desktop/Workspace/airflow_tutorial/py_env/lib/python3.12/site-packages/airflow/example_dags/example_latest_only.py for tasks to queue
[2024-09-01T00:36:29.003+0530] {logging_mixin.py:190} INFO - [2024-09-01T00:36:29.003+0530] {dagbag.py:587} INFO - Filling up the DagBag from /Users/ravipal/Desktop/Workspace/airflow_tutorial/py_env/lib/python3.12/site-packages/airflow/example_dags/example_latest_only.py
[2024-09-01T00:36:29.006+0530] {processor.py:925} INFO - DAG(s) 'latest_only' retrieved from /Users/ravipal/Desktop/Workspace/airflow_tutorial/py_env/lib/python3.12/site-packages/airflow/example_dags/example_latest_only.py
[2024-09-01T00:36:29.041+0530] {logging_mixin.py:190} INFO - [2024-09-01T00:36:29.041+0530] {dag.py:3211} INFO - Sync 1 DAGs
[2024-09-01T00:36:29.047+0530] {logging_mixin.py:190} INFO - [2024-09-01T00:36:29.047+0530] {dag.py:4138} INFO - Setting next_dagrun for latest_only to 2024-08-31 12:00:00+00:00, run_after=2024-08-31 16:00:00+00:00
[2024-09-01T00:36:29.054+0530] {processor.py:208} INFO - Processing /Users/ravipal/Desktop/Workspace/airflow_tutorial/py_env/lib/python3.12/site-packages/airflow/example_dags/example_latest_only.py took 0.054 seconds
[2024-09-01T00:38:38.693+0530] {processor.py:186} INFO - Started process (PID=2559) to work on /Users/ravipal/Desktop/Workspace/airflow_tutorial/py_env/lib/python3.12/site-packages/airflow/example_dags/example_latest_only.py
[2024-09-01T00:38:38.693+0530] {processor.py:914} INFO - Processing file /Users/ravipal/Desktop/Workspace/airflow_tutorial/py_env/lib/python3.12/site-packages/airflow/example_dags/example_latest_only.py for tasks to queue
[2024-09-01T00:38:38.694+0530] {logging_mixin.py:190} INFO - [2024-09-01T00:38:38.693+0530] {dagbag.py:587} INFO - Filling up the DagBag from /Users/ravipal/Desktop/Workspace/airflow_tutorial/py_env/lib/python3.12/site-packages/airflow/example_dags/example_latest_only.py
[2024-09-01T00:38:38.697+0530] {processor.py:925} INFO - DAG(s) 'latest_only' retrieved from /Users/ravipal/Desktop/Workspace/airflow_tutorial/py_env/lib/python3.12/site-packages/airflow/example_dags/example_latest_only.py
[2024-09-01T00:38:38.740+0530] {logging_mixin.py:190} INFO - [2024-09-01T00:38:38.740+0530] {dag.py:3211} INFO - Sync 1 DAGs
[2024-09-01T00:38:38.746+0530] {logging_mixin.py:190} INFO - [2024-09-01T00:38:38.746+0530] {dag.py:4138} INFO - Setting next_dagrun for latest_only to 2024-08-31 12:00:00+00:00, run_after=2024-08-31 16:00:00+00:00
[2024-09-01T00:38:38.753+0530] {processor.py:208} INFO - Processing /Users/ravipal/Desktop/Workspace/airflow_tutorial/py_env/lib/python3.12/site-packages/airflow/example_dags/example_latest_only.py took 0.063 seconds
[2024-09-01T00:40:45.651+0530] {processor.py:186} INFO - Started process (PID=2686) to work on /Users/ravipal/Desktop/Workspace/airflow_tutorial/py_env/lib/python3.12/site-packages/airflow/example_dags/example_latest_only.py
[2024-09-01T00:40:45.651+0530] {processor.py:914} INFO - Processing file /Users/ravipal/Desktop/Workspace/airflow_tutorial/py_env/lib/python3.12/site-packages/airflow/example_dags/example_latest_only.py for tasks to queue
[2024-09-01T00:40:45.652+0530] {logging_mixin.py:190} INFO - [2024-09-01T00:40:45.651+0530] {dagbag.py:587} INFO - Filling up the DagBag from /Users/ravipal/Desktop/Workspace/airflow_tutorial/py_env/lib/python3.12/site-packages/airflow/example_dags/example_latest_only.py
[2024-09-01T00:40:45.655+0530] {processor.py:925} INFO - DAG(s) 'latest_only' retrieved from /Users/ravipal/Desktop/Workspace/airflow_tutorial/py_env/lib/python3.12/site-packages/airflow/example_dags/example_latest_only.py
[2024-09-01T00:40:45.690+0530] {logging_mixin.py:190} INFO - [2024-09-01T00:40:45.689+0530] {dag.py:3211} INFO - Sync 1 DAGs
[2024-09-01T00:40:45.695+0530] {logging_mixin.py:190} INFO - [2024-09-01T00:40:45.695+0530] {dag.py:4138} INFO - Setting next_dagrun for latest_only to 2024-08-31 12:00:00+00:00, run_after=2024-08-31 16:00:00+00:00
[2024-09-01T00:40:45.702+0530] {processor.py:208} INFO - Processing /Users/ravipal/Desktop/Workspace/airflow_tutorial/py_env/lib/python3.12/site-packages/airflow/example_dags/example_latest_only.py took 0.053 seconds
[2024-09-01T00:42:59.376+0530] {processor.py:186} INFO - Started process (PID=2818) to work on /Users/ravipal/Desktop/Workspace/airflow_tutorial/py_env/lib/python3.12/site-packages/airflow/example_dags/example_latest_only.py
[2024-09-01T00:42:59.377+0530] {processor.py:914} INFO - Processing file /Users/ravipal/Desktop/Workspace/airflow_tutorial/py_env/lib/python3.12/site-packages/airflow/example_dags/example_latest_only.py for tasks to queue
[2024-09-01T00:42:59.377+0530] {logging_mixin.py:190} INFO - [2024-09-01T00:42:59.377+0530] {dagbag.py:587} INFO - Filling up the DagBag from /Users/ravipal/Desktop/Workspace/airflow_tutorial/py_env/lib/python3.12/site-packages/airflow/example_dags/example_latest_only.py
[2024-09-01T00:42:59.380+0530] {processor.py:925} INFO - DAG(s) 'latest_only' retrieved from /Users/ravipal/Desktop/Workspace/airflow_tutorial/py_env/lib/python3.12/site-packages/airflow/example_dags/example_latest_only.py
[2024-09-01T00:42:59.415+0530] {logging_mixin.py:190} INFO - [2024-09-01T00:42:59.415+0530] {dag.py:3211} INFO - Sync 1 DAGs
[2024-09-01T00:42:59.421+0530] {logging_mixin.py:190} INFO - [2024-09-01T00:42:59.421+0530] {dag.py:4138} INFO - Setting next_dagrun for latest_only to 2024-08-31 12:00:00+00:00, run_after=2024-08-31 16:00:00+00:00
[2024-09-01T00:42:59.427+0530] {processor.py:208} INFO - Processing /Users/ravipal/Desktop/Workspace/airflow_tutorial/py_env/lib/python3.12/site-packages/airflow/example_dags/example_latest_only.py took 0.053 seconds
[2024-09-01T00:45:15.810+0530] {processor.py:186} INFO - Started process (PID=2952) to work on /Users/ravipal/Desktop/Workspace/airflow_tutorial/py_env/lib/python3.12/site-packages/airflow/example_dags/example_latest_only.py
[2024-09-01T00:45:15.811+0530] {processor.py:914} INFO - Processing file /Users/ravipal/Desktop/Workspace/airflow_tutorial/py_env/lib/python3.12/site-packages/airflow/example_dags/example_latest_only.py for tasks to queue
[2024-09-01T00:45:15.811+0530] {logging_mixin.py:190} INFO - [2024-09-01T00:45:15.811+0530] {dagbag.py:587} INFO - Filling up the DagBag from /Users/ravipal/Desktop/Workspace/airflow_tutorial/py_env/lib/python3.12/site-packages/airflow/example_dags/example_latest_only.py
[2024-09-01T00:45:15.814+0530] {processor.py:925} INFO - DAG(s) 'latest_only' retrieved from /Users/ravipal/Desktop/Workspace/airflow_tutorial/py_env/lib/python3.12/site-packages/airflow/example_dags/example_latest_only.py
[2024-09-01T00:45:15.849+0530] {logging_mixin.py:190} INFO - [2024-09-01T00:45:15.849+0530] {dag.py:3211} INFO - Sync 1 DAGs
[2024-09-01T00:45:15.855+0530] {logging_mixin.py:190} INFO - [2024-09-01T00:45:15.855+0530] {dag.py:4138} INFO - Setting next_dagrun for latest_only to 2024-08-31 12:00:00+00:00, run_after=2024-08-31 16:00:00+00:00
[2024-09-01T00:45:15.861+0530] {processor.py:208} INFO - Processing /Users/ravipal/Desktop/Workspace/airflow_tutorial/py_env/lib/python3.12/site-packages/airflow/example_dags/example_latest_only.py took 0.053 seconds
[2024-09-01T00:47:28.801+0530] {processor.py:186} INFO - Started process (PID=3085) to work on /Users/ravipal/Desktop/Workspace/airflow_tutorial/py_env/lib/python3.12/site-packages/airflow/example_dags/example_latest_only.py
[2024-09-01T00:47:28.801+0530] {processor.py:914} INFO - Processing file /Users/ravipal/Desktop/Workspace/airflow_tutorial/py_env/lib/python3.12/site-packages/airflow/example_dags/example_latest_only.py for tasks to queue
[2024-09-01T00:47:28.801+0530] {logging_mixin.py:190} INFO - [2024-09-01T00:47:28.801+0530] {dagbag.py:587} INFO - Filling up the DagBag from /Users/ravipal/Desktop/Workspace/airflow_tutorial/py_env/lib/python3.12/site-packages/airflow/example_dags/example_latest_only.py
[2024-09-01T00:47:28.804+0530] {processor.py:925} INFO - DAG(s) 'latest_only' retrieved from /Users/ravipal/Desktop/Workspace/airflow_tutorial/py_env/lib/python3.12/site-packages/airflow/example_dags/example_latest_only.py
[2024-09-01T00:47:28.839+0530] {logging_mixin.py:190} INFO - [2024-09-01T00:47:28.839+0530] {dag.py:3211} INFO - Sync 1 DAGs
[2024-09-01T00:47:28.845+0530] {logging_mixin.py:190} INFO - [2024-09-01T00:47:28.845+0530] {dag.py:4138} INFO - Setting next_dagrun for latest_only to 2024-08-31 12:00:00+00:00, run_after=2024-08-31 16:00:00+00:00
[2024-09-01T00:47:28.851+0530] {processor.py:208} INFO - Processing /Users/ravipal/Desktop/Workspace/airflow_tutorial/py_env/lib/python3.12/site-packages/airflow/example_dags/example_latest_only.py took 0.053 seconds
[2024-09-01T00:49:34.852+0530] {processor.py:186} INFO - Started process (PID=3220) to work on /Users/ravipal/Desktop/Workspace/airflow_tutorial/py_env/lib/python3.12/site-packages/airflow/example_dags/example_latest_only.py
[2024-09-01T00:49:34.852+0530] {processor.py:914} INFO - Processing file /Users/ravipal/Desktop/Workspace/airflow_tutorial/py_env/lib/python3.12/site-packages/airflow/example_dags/example_latest_only.py for tasks to queue
[2024-09-01T00:49:34.852+0530] {logging_mixin.py:190} INFO - [2024-09-01T00:49:34.852+0530] {dagbag.py:587} INFO - Filling up the DagBag from /Users/ravipal/Desktop/Workspace/airflow_tutorial/py_env/lib/python3.12/site-packages/airflow/example_dags/example_latest_only.py
[2024-09-01T00:49:34.855+0530] {processor.py:925} INFO - DAG(s) 'latest_only' retrieved from /Users/ravipal/Desktop/Workspace/airflow_tutorial/py_env/lib/python3.12/site-packages/airflow/example_dags/example_latest_only.py
[2024-09-01T00:49:34.890+0530] {logging_mixin.py:190} INFO - [2024-09-01T00:49:34.889+0530] {dag.py:3211} INFO - Sync 1 DAGs
[2024-09-01T00:49:34.895+0530] {logging_mixin.py:190} INFO - [2024-09-01T00:49:34.895+0530] {dag.py:4138} INFO - Setting next_dagrun for latest_only to 2024-08-31 12:00:00+00:00, run_after=2024-08-31 16:00:00+00:00
[2024-09-01T00:49:34.902+0530] {processor.py:208} INFO - Processing /Users/ravipal/Desktop/Workspace/airflow_tutorial/py_env/lib/python3.12/site-packages/airflow/example_dags/example_latest_only.py took 0.052 seconds
[2024-09-01T00:51:51.847+0530] {processor.py:186} INFO - Started process (PID=3375) to work on /Users/ravipal/Desktop/Workspace/airflow_tutorial/py_env/lib/python3.12/site-packages/airflow/example_dags/example_latest_only.py
[2024-09-01T00:51:51.848+0530] {processor.py:914} INFO - Processing file /Users/ravipal/Desktop/Workspace/airflow_tutorial/py_env/lib/python3.12/site-packages/airflow/example_dags/example_latest_only.py for tasks to queue
[2024-09-01T00:51:51.848+0530] {logging_mixin.py:190} INFO - [2024-09-01T00:51:51.848+0530] {dagbag.py:587} INFO - Filling up the DagBag from /Users/ravipal/Desktop/Workspace/airflow_tutorial/py_env/lib/python3.12/site-packages/airflow/example_dags/example_latest_only.py
[2024-09-01T00:51:51.851+0530] {processor.py:925} INFO - DAG(s) 'latest_only' retrieved from /Users/ravipal/Desktop/Workspace/airflow_tutorial/py_env/lib/python3.12/site-packages/airflow/example_dags/example_latest_only.py
[2024-09-01T00:51:51.886+0530] {logging_mixin.py:190} INFO - [2024-09-01T00:51:51.886+0530] {dag.py:3211} INFO - Sync 1 DAGs
[2024-09-01T00:51:51.892+0530] {logging_mixin.py:190} INFO - [2024-09-01T00:51:51.892+0530] {dag.py:4138} INFO - Setting next_dagrun for latest_only to 2024-08-31 12:00:00+00:00, run_after=2024-08-31 16:00:00+00:00
[2024-09-01T00:51:51.898+0530] {processor.py:208} INFO - Processing /Users/ravipal/Desktop/Workspace/airflow_tutorial/py_env/lib/python3.12/site-packages/airflow/example_dags/example_latest_only.py took 0.053 seconds
[2024-09-01T00:54:02.336+0530] {processor.py:186} INFO - Started process (PID=3507) to work on /Users/ravipal/Desktop/Workspace/airflow_tutorial/py_env/lib/python3.12/site-packages/airflow/example_dags/example_latest_only.py
[2024-09-01T00:54:02.337+0530] {processor.py:914} INFO - Processing file /Users/ravipal/Desktop/Workspace/airflow_tutorial/py_env/lib/python3.12/site-packages/airflow/example_dags/example_latest_only.py for tasks to queue
[2024-09-01T00:54:02.337+0530] {logging_mixin.py:190} INFO - [2024-09-01T00:54:02.337+0530] {dagbag.py:587} INFO - Filling up the DagBag from /Users/ravipal/Desktop/Workspace/airflow_tutorial/py_env/lib/python3.12/site-packages/airflow/example_dags/example_latest_only.py
[2024-09-01T00:54:02.340+0530] {processor.py:925} INFO - DAG(s) 'latest_only' retrieved from /Users/ravipal/Desktop/Workspace/airflow_tutorial/py_env/lib/python3.12/site-packages/airflow/example_dags/example_latest_only.py
[2024-09-01T00:54:02.375+0530] {logging_mixin.py:190} INFO - [2024-09-01T00:54:02.375+0530] {dag.py:3211} INFO - Sync 1 DAGs
[2024-09-01T00:54:02.381+0530] {logging_mixin.py:190} INFO - [2024-09-01T00:54:02.381+0530] {dag.py:4138} INFO - Setting next_dagrun for latest_only to 2024-08-31 12:00:00+00:00, run_after=2024-08-31 16:00:00+00:00
[2024-09-01T00:54:02.387+0530] {processor.py:208} INFO - Processing /Users/ravipal/Desktop/Workspace/airflow_tutorial/py_env/lib/python3.12/site-packages/airflow/example_dags/example_latest_only.py took 0.053 seconds
[2024-09-01T00:56:12.597+0530] {processor.py:186} INFO - Started process (PID=3637) to work on /Users/ravipal/Desktop/Workspace/airflow_tutorial/py_env/lib/python3.12/site-packages/airflow/example_dags/example_latest_only.py
[2024-09-01T00:56:12.597+0530] {processor.py:914} INFO - Processing file /Users/ravipal/Desktop/Workspace/airflow_tutorial/py_env/lib/python3.12/site-packages/airflow/example_dags/example_latest_only.py for tasks to queue
[2024-09-01T00:56:12.598+0530] {logging_mixin.py:190} INFO - [2024-09-01T00:56:12.597+0530] {dagbag.py:587} INFO - Filling up the DagBag from /Users/ravipal/Desktop/Workspace/airflow_tutorial/py_env/lib/python3.12/site-packages/airflow/example_dags/example_latest_only.py
[2024-09-01T00:56:12.601+0530] {processor.py:925} INFO - DAG(s) 'latest_only' retrieved from /Users/ravipal/Desktop/Workspace/airflow_tutorial/py_env/lib/python3.12/site-packages/airflow/example_dags/example_latest_only.py
[2024-09-01T00:56:12.636+0530] {logging_mixin.py:190} INFO - [2024-09-01T00:56:12.635+0530] {dag.py:3211} INFO - Sync 1 DAGs
[2024-09-01T00:56:12.641+0530] {logging_mixin.py:190} INFO - [2024-09-01T00:56:12.641+0530] {dag.py:4138} INFO - Setting next_dagrun for latest_only to 2024-08-31 12:00:00+00:00, run_after=2024-08-31 16:00:00+00:00
[2024-09-01T00:56:12.648+0530] {processor.py:208} INFO - Processing /Users/ravipal/Desktop/Workspace/airflow_tutorial/py_env/lib/python3.12/site-packages/airflow/example_dags/example_latest_only.py took 0.053 seconds
[2024-09-01T00:58:24.963+0530] {processor.py:186} INFO - Started process (PID=3768) to work on /Users/ravipal/Desktop/Workspace/airflow_tutorial/py_env/lib/python3.12/site-packages/airflow/example_dags/example_latest_only.py
[2024-09-01T00:58:24.963+0530] {processor.py:914} INFO - Processing file /Users/ravipal/Desktop/Workspace/airflow_tutorial/py_env/lib/python3.12/site-packages/airflow/example_dags/example_latest_only.py for tasks to queue
[2024-09-01T00:58:24.963+0530] {logging_mixin.py:190} INFO - [2024-09-01T00:58:24.963+0530] {dagbag.py:587} INFO - Filling up the DagBag from /Users/ravipal/Desktop/Workspace/airflow_tutorial/py_env/lib/python3.12/site-packages/airflow/example_dags/example_latest_only.py
[2024-09-01T00:58:24.966+0530] {processor.py:925} INFO - DAG(s) 'latest_only' retrieved from /Users/ravipal/Desktop/Workspace/airflow_tutorial/py_env/lib/python3.12/site-packages/airflow/example_dags/example_latest_only.py
[2024-09-01T00:58:25.001+0530] {logging_mixin.py:190} INFO - [2024-09-01T00:58:25.001+0530] {dag.py:3211} INFO - Sync 1 DAGs
[2024-09-01T00:58:25.007+0530] {logging_mixin.py:190} INFO - [2024-09-01T00:58:25.007+0530] {dag.py:4138} INFO - Setting next_dagrun for latest_only to 2024-08-31 12:00:00+00:00, run_after=2024-08-31 16:00:00+00:00
[2024-09-01T00:58:25.013+0530] {processor.py:208} INFO - Processing /Users/ravipal/Desktop/Workspace/airflow_tutorial/py_env/lib/python3.12/site-packages/airflow/example_dags/example_latest_only.py took 0.053 seconds
[2024-09-01T01:00:33.992+0530] {processor.py:186} INFO - Started process (PID=3898) to work on /Users/ravipal/Desktop/Workspace/airflow_tutorial/py_env/lib/python3.12/site-packages/airflow/example_dags/example_latest_only.py
[2024-09-01T01:00:33.992+0530] {processor.py:914} INFO - Processing file /Users/ravipal/Desktop/Workspace/airflow_tutorial/py_env/lib/python3.12/site-packages/airflow/example_dags/example_latest_only.py for tasks to queue
[2024-09-01T01:00:33.993+0530] {logging_mixin.py:190} INFO - [2024-09-01T01:00:33.992+0530] {dagbag.py:587} INFO - Filling up the DagBag from /Users/ravipal/Desktop/Workspace/airflow_tutorial/py_env/lib/python3.12/site-packages/airflow/example_dags/example_latest_only.py
[2024-09-01T01:00:33.996+0530] {processor.py:925} INFO - DAG(s) 'latest_only' retrieved from /Users/ravipal/Desktop/Workspace/airflow_tutorial/py_env/lib/python3.12/site-packages/airflow/example_dags/example_latest_only.py
[2024-09-01T01:00:34.030+0530] {logging_mixin.py:190} INFO - [2024-09-01T01:00:34.030+0530] {dag.py:3211} INFO - Sync 1 DAGs
[2024-09-01T01:00:34.036+0530] {logging_mixin.py:190} INFO - [2024-09-01T01:00:34.036+0530] {dag.py:4138} INFO - Setting next_dagrun for latest_only to 2024-08-31 12:00:00+00:00, run_after=2024-08-31 16:00:00+00:00
[2024-09-01T01:00:34.042+0530] {processor.py:208} INFO - Processing /Users/ravipal/Desktop/Workspace/airflow_tutorial/py_env/lib/python3.12/site-packages/airflow/example_dags/example_latest_only.py took 0.052 seconds
[2024-09-01T01:02:41.643+0530] {processor.py:186} INFO - Started process (PID=4025) to work on /Users/ravipal/Desktop/Workspace/airflow_tutorial/py_env/lib/python3.12/site-packages/airflow/example_dags/example_latest_only.py
[2024-09-01T01:02:41.643+0530] {processor.py:914} INFO - Processing file /Users/ravipal/Desktop/Workspace/airflow_tutorial/py_env/lib/python3.12/site-packages/airflow/example_dags/example_latest_only.py for tasks to queue
[2024-09-01T01:02:41.643+0530] {logging_mixin.py:190} INFO - [2024-09-01T01:02:41.643+0530] {dagbag.py:587} INFO - Filling up the DagBag from /Users/ravipal/Desktop/Workspace/airflow_tutorial/py_env/lib/python3.12/site-packages/airflow/example_dags/example_latest_only.py
[2024-09-01T01:02:41.647+0530] {processor.py:925} INFO - DAG(s) 'latest_only' retrieved from /Users/ravipal/Desktop/Workspace/airflow_tutorial/py_env/lib/python3.12/site-packages/airflow/example_dags/example_latest_only.py
[2024-09-01T01:02:41.681+0530] {logging_mixin.py:190} INFO - [2024-09-01T01:02:41.681+0530] {dag.py:3211} INFO - Sync 1 DAGs
[2024-09-01T01:02:41.687+0530] {logging_mixin.py:190} INFO - [2024-09-01T01:02:41.687+0530] {dag.py:4138} INFO - Setting next_dagrun for latest_only to 2024-08-31 12:00:00+00:00, run_after=2024-08-31 16:00:00+00:00
[2024-09-01T01:02:41.693+0530] {processor.py:208} INFO - Processing /Users/ravipal/Desktop/Workspace/airflow_tutorial/py_env/lib/python3.12/site-packages/airflow/example_dags/example_latest_only.py took 0.053 seconds
[2024-09-01T01:04:48.229+0530] {processor.py:186} INFO - Started process (PID=4169) to work on /Users/ravipal/Desktop/Workspace/airflow_tutorial/py_env/lib/python3.12/site-packages/airflow/example_dags/example_latest_only.py
[2024-09-01T01:04:48.229+0530] {processor.py:914} INFO - Processing file /Users/ravipal/Desktop/Workspace/airflow_tutorial/py_env/lib/python3.12/site-packages/airflow/example_dags/example_latest_only.py for tasks to queue
[2024-09-01T01:04:48.230+0530] {logging_mixin.py:190} INFO - [2024-09-01T01:04:48.230+0530] {dagbag.py:587} INFO - Filling up the DagBag from /Users/ravipal/Desktop/Workspace/airflow_tutorial/py_env/lib/python3.12/site-packages/airflow/example_dags/example_latest_only.py
[2024-09-01T01:04:48.233+0530] {processor.py:925} INFO - DAG(s) 'latest_only' retrieved from /Users/ravipal/Desktop/Workspace/airflow_tutorial/py_env/lib/python3.12/site-packages/airflow/example_dags/example_latest_only.py
[2024-09-01T01:04:48.268+0530] {logging_mixin.py:190} INFO - [2024-09-01T01:04:48.268+0530] {dag.py:3211} INFO - Sync 1 DAGs
[2024-09-01T01:04:48.273+0530] {logging_mixin.py:190} INFO - [2024-09-01T01:04:48.273+0530] {dag.py:4138} INFO - Setting next_dagrun for latest_only to 2024-08-31 12:00:00+00:00, run_after=2024-08-31 16:00:00+00:00
[2024-09-01T01:04:48.280+0530] {processor.py:208} INFO - Processing /Users/ravipal/Desktop/Workspace/airflow_tutorial/py_env/lib/python3.12/site-packages/airflow/example_dags/example_latest_only.py took 0.053 seconds
[2024-09-01T01:06:59.037+0530] {processor.py:186} INFO - Started process (PID=4321) to work on /Users/ravipal/Desktop/Workspace/airflow_tutorial/py_env/lib/python3.12/site-packages/airflow/example_dags/example_latest_only.py
[2024-09-01T01:06:59.039+0530] {processor.py:914} INFO - Processing file /Users/ravipal/Desktop/Workspace/airflow_tutorial/py_env/lib/python3.12/site-packages/airflow/example_dags/example_latest_only.py for tasks to queue
[2024-09-01T01:06:59.039+0530] {logging_mixin.py:190} INFO - [2024-09-01T01:06:59.039+0530] {dagbag.py:587} INFO - Filling up the DagBag from /Users/ravipal/Desktop/Workspace/airflow_tutorial/py_env/lib/python3.12/site-packages/airflow/example_dags/example_latest_only.py
[2024-09-01T01:06:59.042+0530] {processor.py:925} INFO - DAG(s) 'latest_only' retrieved from /Users/ravipal/Desktop/Workspace/airflow_tutorial/py_env/lib/python3.12/site-packages/airflow/example_dags/example_latest_only.py
[2024-09-01T01:06:59.077+0530] {logging_mixin.py:190} INFO - [2024-09-01T01:06:59.077+0530] {dag.py:3211} INFO - Sync 1 DAGs
[2024-09-01T01:06:59.083+0530] {logging_mixin.py:190} INFO - [2024-09-01T01:06:59.083+0530] {dag.py:4138} INFO - Setting next_dagrun for latest_only to 2024-08-31 12:00:00+00:00, run_after=2024-08-31 16:00:00+00:00
[2024-09-01T01:06:59.089+0530] {processor.py:208} INFO - Processing /Users/ravipal/Desktop/Workspace/airflow_tutorial/py_env/lib/python3.12/site-packages/airflow/example_dags/example_latest_only.py took 0.054 seconds
[2024-09-01T01:09:08.141+0530] {processor.py:186} INFO - Started process (PID=4452) to work on /Users/ravipal/Desktop/Workspace/airflow_tutorial/py_env/lib/python3.12/site-packages/airflow/example_dags/example_latest_only.py
[2024-09-01T01:09:08.141+0530] {processor.py:914} INFO - Processing file /Users/ravipal/Desktop/Workspace/airflow_tutorial/py_env/lib/python3.12/site-packages/airflow/example_dags/example_latest_only.py for tasks to queue
[2024-09-01T01:09:08.142+0530] {logging_mixin.py:190} INFO - [2024-09-01T01:09:08.142+0530] {dagbag.py:587} INFO - Filling up the DagBag from /Users/ravipal/Desktop/Workspace/airflow_tutorial/py_env/lib/python3.12/site-packages/airflow/example_dags/example_latest_only.py
[2024-09-01T01:09:08.145+0530] {processor.py:925} INFO - DAG(s) 'latest_only' retrieved from /Users/ravipal/Desktop/Workspace/airflow_tutorial/py_env/lib/python3.12/site-packages/airflow/example_dags/example_latest_only.py
[2024-09-01T01:09:08.179+0530] {logging_mixin.py:190} INFO - [2024-09-01T01:09:08.179+0530] {dag.py:3211} INFO - Sync 1 DAGs
[2024-09-01T01:09:08.185+0530] {logging_mixin.py:190} INFO - [2024-09-01T01:09:08.185+0530] {dag.py:4138} INFO - Setting next_dagrun for latest_only to 2024-08-31 12:00:00+00:00, run_after=2024-08-31 16:00:00+00:00
[2024-09-01T01:09:08.192+0530] {processor.py:208} INFO - Processing /Users/ravipal/Desktop/Workspace/airflow_tutorial/py_env/lib/python3.12/site-packages/airflow/example_dags/example_latest_only.py took 0.053 seconds
[2024-09-01T01:11:13.483+0530] {processor.py:186} INFO - Started process (PID=4578) to work on /Users/ravipal/Desktop/Workspace/airflow_tutorial/py_env/lib/python3.12/site-packages/airflow/example_dags/example_latest_only.py
[2024-09-01T01:11:13.484+0530] {processor.py:914} INFO - Processing file /Users/ravipal/Desktop/Workspace/airflow_tutorial/py_env/lib/python3.12/site-packages/airflow/example_dags/example_latest_only.py for tasks to queue
[2024-09-01T01:11:13.484+0530] {logging_mixin.py:190} INFO - [2024-09-01T01:11:13.484+0530] {dagbag.py:587} INFO - Filling up the DagBag from /Users/ravipal/Desktop/Workspace/airflow_tutorial/py_env/lib/python3.12/site-packages/airflow/example_dags/example_latest_only.py
[2024-09-01T01:11:13.487+0530] {processor.py:925} INFO - DAG(s) 'latest_only' retrieved from /Users/ravipal/Desktop/Workspace/airflow_tutorial/py_env/lib/python3.12/site-packages/airflow/example_dags/example_latest_only.py
[2024-09-01T01:11:13.522+0530] {logging_mixin.py:190} INFO - [2024-09-01T01:11:13.522+0530] {dag.py:3211} INFO - Sync 1 DAGs
[2024-09-01T01:11:13.528+0530] {logging_mixin.py:190} INFO - [2024-09-01T01:11:13.528+0530] {dag.py:4138} INFO - Setting next_dagrun for latest_only to 2024-08-31 12:00:00+00:00, run_after=2024-08-31 16:00:00+00:00
[2024-09-01T01:11:13.534+0530] {processor.py:208} INFO - Processing /Users/ravipal/Desktop/Workspace/airflow_tutorial/py_env/lib/python3.12/site-packages/airflow/example_dags/example_latest_only.py took 0.053 seconds
[2024-09-01T01:13:19.360+0530] {processor.py:186} INFO - Started process (PID=4705) to work on /Users/ravipal/Desktop/Workspace/airflow_tutorial/py_env/lib/python3.12/site-packages/airflow/example_dags/example_latest_only.py
[2024-09-01T01:13:19.361+0530] {processor.py:914} INFO - Processing file /Users/ravipal/Desktop/Workspace/airflow_tutorial/py_env/lib/python3.12/site-packages/airflow/example_dags/example_latest_only.py for tasks to queue
[2024-09-01T01:13:19.361+0530] {logging_mixin.py:190} INFO - [2024-09-01T01:13:19.361+0530] {dagbag.py:587} INFO - Filling up the DagBag from /Users/ravipal/Desktop/Workspace/airflow_tutorial/py_env/lib/python3.12/site-packages/airflow/example_dags/example_latest_only.py
[2024-09-01T01:13:19.364+0530] {processor.py:925} INFO - DAG(s) 'latest_only' retrieved from /Users/ravipal/Desktop/Workspace/airflow_tutorial/py_env/lib/python3.12/site-packages/airflow/example_dags/example_latest_only.py
[2024-09-01T01:13:19.399+0530] {logging_mixin.py:190} INFO - [2024-09-01T01:13:19.398+0530] {dag.py:3211} INFO - Sync 1 DAGs
[2024-09-01T01:13:19.404+0530] {logging_mixin.py:190} INFO - [2024-09-01T01:13:19.404+0530] {dag.py:4138} INFO - Setting next_dagrun for latest_only to 2024-08-31 12:00:00+00:00, run_after=2024-08-31 16:00:00+00:00
[2024-09-01T01:13:19.411+0530] {processor.py:208} INFO - Processing /Users/ravipal/Desktop/Workspace/airflow_tutorial/py_env/lib/python3.12/site-packages/airflow/example_dags/example_latest_only.py took 0.053 seconds
[2024-09-01T01:15:31.230+0530] {processor.py:186} INFO - Started process (PID=4837) to work on /Users/ravipal/Desktop/Workspace/airflow_tutorial/py_env/lib/python3.12/site-packages/airflow/example_dags/example_latest_only.py
[2024-09-01T01:15:31.230+0530] {processor.py:914} INFO - Processing file /Users/ravipal/Desktop/Workspace/airflow_tutorial/py_env/lib/python3.12/site-packages/airflow/example_dags/example_latest_only.py for tasks to queue
[2024-09-01T01:15:31.231+0530] {logging_mixin.py:190} INFO - [2024-09-01T01:15:31.231+0530] {dagbag.py:587} INFO - Filling up the DagBag from /Users/ravipal/Desktop/Workspace/airflow_tutorial/py_env/lib/python3.12/site-packages/airflow/example_dags/example_latest_only.py
[2024-09-01T01:15:31.234+0530] {processor.py:925} INFO - DAG(s) 'latest_only' retrieved from /Users/ravipal/Desktop/Workspace/airflow_tutorial/py_env/lib/python3.12/site-packages/airflow/example_dags/example_latest_only.py
[2024-09-01T01:15:31.269+0530] {logging_mixin.py:190} INFO - [2024-09-01T01:15:31.269+0530] {dag.py:3211} INFO - Sync 1 DAGs
[2024-09-01T01:15:31.275+0530] {logging_mixin.py:190} INFO - [2024-09-01T01:15:31.275+0530] {dag.py:4138} INFO - Setting next_dagrun for latest_only to 2024-08-31 12:00:00+00:00, run_after=2024-08-31 16:00:00+00:00
[2024-09-01T01:15:31.281+0530] {processor.py:208} INFO - Processing /Users/ravipal/Desktop/Workspace/airflow_tutorial/py_env/lib/python3.12/site-packages/airflow/example_dags/example_latest_only.py took 0.053 seconds
[2024-09-01T01:17:43.106+0530] {processor.py:186} INFO - Started process (PID=4967) to work on /Users/ravipal/Desktop/Workspace/airflow_tutorial/py_env/lib/python3.12/site-packages/airflow/example_dags/example_latest_only.py
[2024-09-01T01:17:43.106+0530] {processor.py:914} INFO - Processing file /Users/ravipal/Desktop/Workspace/airflow_tutorial/py_env/lib/python3.12/site-packages/airflow/example_dags/example_latest_only.py for tasks to queue
[2024-09-01T01:17:43.107+0530] {logging_mixin.py:190} INFO - [2024-09-01T01:17:43.107+0530] {dagbag.py:587} INFO - Filling up the DagBag from /Users/ravipal/Desktop/Workspace/airflow_tutorial/py_env/lib/python3.12/site-packages/airflow/example_dags/example_latest_only.py
[2024-09-01T01:17:43.110+0530] {processor.py:925} INFO - DAG(s) 'latest_only' retrieved from /Users/ravipal/Desktop/Workspace/airflow_tutorial/py_env/lib/python3.12/site-packages/airflow/example_dags/example_latest_only.py
[2024-09-01T01:17:43.145+0530] {logging_mixin.py:190} INFO - [2024-09-01T01:17:43.145+0530] {dag.py:3211} INFO - Sync 1 DAGs
[2024-09-01T01:17:43.151+0530] {logging_mixin.py:190} INFO - [2024-09-01T01:17:43.151+0530] {dag.py:4138} INFO - Setting next_dagrun for latest_only to 2024-08-31 12:00:00+00:00, run_after=2024-08-31 16:00:00+00:00
[2024-09-01T01:17:43.158+0530] {processor.py:208} INFO - Processing /Users/ravipal/Desktop/Workspace/airflow_tutorial/py_env/lib/python3.12/site-packages/airflow/example_dags/example_latest_only.py took 0.054 seconds
