[2024-09-01T00:22:55.383+0530] {processor.py:186} INFO - Started process (PID=1416) to work on /Users/ravipal/Desktop/Workspace/airflow_tutorial/py_env/lib/python3.12/site-packages/airflow/example_dags/example_xcom.py
[2024-09-01T00:22:55.383+0530] {processor.py:914} INFO - Processing file /Users/ravipal/Desktop/Workspace/airflow_tutorial/py_env/lib/python3.12/site-packages/airflow/example_dags/example_xcom.py for tasks to queue
[2024-09-01T00:22:55.384+0530] {logging_mixin.py:190} INFO - [2024-09-01T00:22:55.384+0530] {dagbag.py:587} INFO - Filling up the DagBag from /Users/ravipal/Desktop/Workspace/airflow_tutorial/py_env/lib/python3.12/site-packages/airflow/example_dags/example_xcom.py
[2024-09-01T00:22:55.400+0530] {processor.py:925} INFO - DAG(s) 'example_xcom' retrieved from /Users/ravipal/Desktop/Workspace/airflow_tutorial/py_env/lib/python3.12/site-packages/airflow/example_dags/example_xcom.py
[2024-09-01T00:22:55.464+0530] {logging_mixin.py:190} INFO - [2024-09-01T00:22:55.464+0530] {override.py:1858} INFO - Created Permission View: can edit on DAG:example_xcom
[2024-09-01T00:22:55.495+0530] {logging_mixin.py:190} INFO - [2024-09-01T00:22:55.495+0530] {override.py:1858} INFO - Created Permission View: can delete on DAG:example_xcom
[2024-09-01T00:22:55.497+0530] {logging_mixin.py:190} INFO - [2024-09-01T00:22:55.497+0530] {override.py:1858} INFO - Created Permission View: can read on DAG:example_xcom
[2024-09-01T00:22:55.497+0530] {logging_mixin.py:190} INFO - [2024-09-01T00:22:55.497+0530] {dag.py:3211} INFO - Sync 1 DAGs
[2024-09-01T00:22:55.501+0530] {logging_mixin.py:190} INFO - [2024-09-01T00:22:55.501+0530] {dag.py:3234} INFO - Creating ORM DAG for example_xcom
[2024-09-01T00:22:55.504+0530] {logging_mixin.py:190} INFO - [2024-09-01T00:22:55.504+0530] {dag.py:4138} INFO - Setting next_dagrun for example_xcom to 2021-01-01 00:00:00+00:00, run_after=2021-01-01 00:00:00+00:00
[2024-09-01T00:22:55.509+0530] {processor.py:208} INFO - Processing /Users/ravipal/Desktop/Workspace/airflow_tutorial/py_env/lib/python3.12/site-packages/airflow/example_dags/example_xcom.py took 0.128 seconds
[2024-09-01T00:24:36.205+0530] {processor.py:186} INFO - Started process (PID=1522) to work on /Users/ravipal/Desktop/Workspace/airflow_tutorial/py_env/lib/python3.12/site-packages/airflow/example_dags/example_xcom.py
[2024-09-01T00:24:36.206+0530] {processor.py:914} INFO - Processing file /Users/ravipal/Desktop/Workspace/airflow_tutorial/py_env/lib/python3.12/site-packages/airflow/example_dags/example_xcom.py for tasks to queue
[2024-09-01T00:24:36.206+0530] {logging_mixin.py:190} INFO - [2024-09-01T00:24:36.206+0530] {dagbag.py:587} INFO - Filling up the DagBag from /Users/ravipal/Desktop/Workspace/airflow_tutorial/py_env/lib/python3.12/site-packages/airflow/example_dags/example_xcom.py
[2024-09-01T00:24:36.223+0530] {processor.py:925} INFO - DAG(s) 'example_xcom' retrieved from /Users/ravipal/Desktop/Workspace/airflow_tutorial/py_env/lib/python3.12/site-packages/airflow/example_dags/example_xcom.py
[2024-09-01T00:24:36.256+0530] {logging_mixin.py:190} INFO - [2024-09-01T00:24:36.256+0530] {dag.py:3211} INFO - Sync 1 DAGs
[2024-09-01T00:24:36.262+0530] {logging_mixin.py:190} INFO - [2024-09-01T00:24:36.262+0530] {dag.py:4138} INFO - Setting next_dagrun for example_xcom to 2021-01-01 00:00:00+00:00, run_after=2021-01-01 00:00:00+00:00
[2024-09-01T00:24:36.268+0530] {processor.py:208} INFO - Processing /Users/ravipal/Desktop/Workspace/airflow_tutorial/py_env/lib/python3.12/site-packages/airflow/example_dags/example_xcom.py took 0.065 seconds
[2024-09-01T00:25:42.464+0530] {processor.py:186} INFO - Started process (PID=1590) to work on /Users/ravipal/Desktop/Workspace/airflow_tutorial/py_env/lib/python3.12/site-packages/airflow/example_dags/example_xcom.py
[2024-09-01T00:25:42.465+0530] {processor.py:914} INFO - Processing file /Users/ravipal/Desktop/Workspace/airflow_tutorial/py_env/lib/python3.12/site-packages/airflow/example_dags/example_xcom.py for tasks to queue
[2024-09-01T00:25:42.465+0530] {logging_mixin.py:190} INFO - [2024-09-01T00:25:42.465+0530] {dagbag.py:587} INFO - Filling up the DagBag from /Users/ravipal/Desktop/Workspace/airflow_tutorial/py_env/lib/python3.12/site-packages/airflow/example_dags/example_xcom.py
[2024-09-01T00:25:42.481+0530] {processor.py:925} INFO - DAG(s) 'example_xcom' retrieved from /Users/ravipal/Desktop/Workspace/airflow_tutorial/py_env/lib/python3.12/site-packages/airflow/example_dags/example_xcom.py
[2024-09-01T00:25:42.515+0530] {logging_mixin.py:190} INFO - [2024-09-01T00:25:42.515+0530] {dag.py:3211} INFO - Sync 1 DAGs
[2024-09-01T00:25:42.521+0530] {logging_mixin.py:190} INFO - [2024-09-01T00:25:42.521+0530] {dag.py:4138} INFO - Setting next_dagrun for example_xcom to 2021-01-01 00:00:00+00:00, run_after=2021-01-01 00:00:00+00:00
[2024-09-01T00:25:42.528+0530] {processor.py:208} INFO - Processing /Users/ravipal/Desktop/Workspace/airflow_tutorial/py_env/lib/python3.12/site-packages/airflow/example_dags/example_xcom.py took 0.066 seconds
[2024-09-01T00:26:49.895+0530] {processor.py:186} INFO - Started process (PID=1660) to work on /Users/ravipal/Desktop/Workspace/airflow_tutorial/py_env/lib/python3.12/site-packages/airflow/example_dags/example_xcom.py
[2024-09-01T00:26:49.896+0530] {processor.py:914} INFO - Processing file /Users/ravipal/Desktop/Workspace/airflow_tutorial/py_env/lib/python3.12/site-packages/airflow/example_dags/example_xcom.py for tasks to queue
[2024-09-01T00:26:49.896+0530] {logging_mixin.py:190} INFO - [2024-09-01T00:26:49.896+0530] {dagbag.py:587} INFO - Filling up the DagBag from /Users/ravipal/Desktop/Workspace/airflow_tutorial/py_env/lib/python3.12/site-packages/airflow/example_dags/example_xcom.py
[2024-09-01T00:26:49.912+0530] {processor.py:925} INFO - DAG(s) 'example_xcom' retrieved from /Users/ravipal/Desktop/Workspace/airflow_tutorial/py_env/lib/python3.12/site-packages/airflow/example_dags/example_xcom.py
[2024-09-01T00:26:49.946+0530] {logging_mixin.py:190} INFO - [2024-09-01T00:26:49.946+0530] {dag.py:3211} INFO - Sync 1 DAGs
[2024-09-01T00:26:49.952+0530] {logging_mixin.py:190} INFO - [2024-09-01T00:26:49.952+0530] {dag.py:4138} INFO - Setting next_dagrun for example_xcom to 2021-01-01 00:00:00+00:00, run_after=2021-01-01 00:00:00+00:00
[2024-09-01T00:26:49.959+0530] {processor.py:208} INFO - Processing /Users/ravipal/Desktop/Workspace/airflow_tutorial/py_env/lib/python3.12/site-packages/airflow/example_dags/example_xcom.py took 0.066 seconds
[2024-09-01T00:28:01.797+0530] {processor.py:186} INFO - Started process (PID=1919) to work on /Users/ravipal/Desktop/Workspace/airflow_tutorial/py_env/lib/python3.12/site-packages/airflow/example_dags/example_xcom.py
[2024-09-01T00:28:01.797+0530] {processor.py:914} INFO - Processing file /Users/ravipal/Desktop/Workspace/airflow_tutorial/py_env/lib/python3.12/site-packages/airflow/example_dags/example_xcom.py for tasks to queue
[2024-09-01T00:28:01.798+0530] {logging_mixin.py:190} INFO - [2024-09-01T00:28:01.798+0530] {dagbag.py:587} INFO - Filling up the DagBag from /Users/ravipal/Desktop/Workspace/airflow_tutorial/py_env/lib/python3.12/site-packages/airflow/example_dags/example_xcom.py
[2024-09-01T00:28:01.813+0530] {processor.py:925} INFO - DAG(s) 'example_xcom' retrieved from /Users/ravipal/Desktop/Workspace/airflow_tutorial/py_env/lib/python3.12/site-packages/airflow/example_dags/example_xcom.py
[2024-09-01T00:28:01.846+0530] {logging_mixin.py:190} INFO - [2024-09-01T00:28:01.846+0530] {dag.py:3211} INFO - Sync 1 DAGs
[2024-09-01T00:28:01.852+0530] {logging_mixin.py:190} INFO - [2024-09-01T00:28:01.852+0530] {dag.py:4138} INFO - Setting next_dagrun for example_xcom to 2021-01-01 00:00:00+00:00, run_after=2021-01-01 00:00:00+00:00
[2024-09-01T00:28:01.859+0530] {processor.py:208} INFO - Processing /Users/ravipal/Desktop/Workspace/airflow_tutorial/py_env/lib/python3.12/site-packages/airflow/example_dags/example_xcom.py took 0.064 seconds
[2024-09-01T00:29:08.843+0530] {processor.py:186} INFO - Started process (PID=1987) to work on /Users/ravipal/Desktop/Workspace/airflow_tutorial/py_env/lib/python3.12/site-packages/airflow/example_dags/example_xcom.py
[2024-09-01T00:29:08.843+0530] {processor.py:914} INFO - Processing file /Users/ravipal/Desktop/Workspace/airflow_tutorial/py_env/lib/python3.12/site-packages/airflow/example_dags/example_xcom.py for tasks to queue
[2024-09-01T00:29:08.843+0530] {logging_mixin.py:190} INFO - [2024-09-01T00:29:08.843+0530] {dagbag.py:587} INFO - Filling up the DagBag from /Users/ravipal/Desktop/Workspace/airflow_tutorial/py_env/lib/python3.12/site-packages/airflow/example_dags/example_xcom.py
[2024-09-01T00:29:08.859+0530] {processor.py:925} INFO - DAG(s) 'example_xcom' retrieved from /Users/ravipal/Desktop/Workspace/airflow_tutorial/py_env/lib/python3.12/site-packages/airflow/example_dags/example_xcom.py
[2024-09-01T00:29:08.892+0530] {logging_mixin.py:190} INFO - [2024-09-01T00:29:08.892+0530] {dag.py:3211} INFO - Sync 1 DAGs
[2024-09-01T00:29:08.898+0530] {logging_mixin.py:190} INFO - [2024-09-01T00:29:08.898+0530] {dag.py:4138} INFO - Setting next_dagrun for example_xcom to 2021-01-01 00:00:00+00:00, run_after=2021-01-01 00:00:00+00:00
[2024-09-01T00:29:08.905+0530] {processor.py:208} INFO - Processing /Users/ravipal/Desktop/Workspace/airflow_tutorial/py_env/lib/python3.12/site-packages/airflow/example_dags/example_xcom.py took 0.064 seconds
[2024-09-01T00:30:11.464+0530] {processor.py:186} INFO - Started process (PID=2053) to work on /Users/ravipal/Desktop/Workspace/airflow_tutorial/py_env/lib/python3.12/site-packages/airflow/example_dags/example_xcom.py
[2024-09-01T00:30:11.465+0530] {processor.py:914} INFO - Processing file /Users/ravipal/Desktop/Workspace/airflow_tutorial/py_env/lib/python3.12/site-packages/airflow/example_dags/example_xcom.py for tasks to queue
[2024-09-01T00:30:11.465+0530] {logging_mixin.py:190} INFO - [2024-09-01T00:30:11.465+0530] {dagbag.py:587} INFO - Filling up the DagBag from /Users/ravipal/Desktop/Workspace/airflow_tutorial/py_env/lib/python3.12/site-packages/airflow/example_dags/example_xcom.py
[2024-09-01T00:30:11.480+0530] {processor.py:925} INFO - DAG(s) 'example_xcom' retrieved from /Users/ravipal/Desktop/Workspace/airflow_tutorial/py_env/lib/python3.12/site-packages/airflow/example_dags/example_xcom.py
[2024-09-01T00:30:11.514+0530] {logging_mixin.py:190} INFO - [2024-09-01T00:30:11.513+0530] {dag.py:3211} INFO - Sync 1 DAGs
[2024-09-01T00:30:11.520+0530] {logging_mixin.py:190} INFO - [2024-09-01T00:30:11.520+0530] {dag.py:4138} INFO - Setting next_dagrun for example_xcom to 2021-01-01 00:00:00+00:00, run_after=2021-01-01 00:00:00+00:00
[2024-09-01T00:30:11.526+0530] {processor.py:208} INFO - Processing /Users/ravipal/Desktop/Workspace/airflow_tutorial/py_env/lib/python3.12/site-packages/airflow/example_dags/example_xcom.py took 0.064 seconds
[2024-09-01T00:31:17.642+0530] {processor.py:186} INFO - Started process (PID=2118) to work on /Users/ravipal/Desktop/Workspace/airflow_tutorial/py_env/lib/python3.12/site-packages/airflow/example_dags/example_xcom.py
[2024-09-01T00:31:17.643+0530] {processor.py:914} INFO - Processing file /Users/ravipal/Desktop/Workspace/airflow_tutorial/py_env/lib/python3.12/site-packages/airflow/example_dags/example_xcom.py for tasks to queue
[2024-09-01T00:31:17.643+0530] {logging_mixin.py:190} INFO - [2024-09-01T00:31:17.643+0530] {dagbag.py:587} INFO - Filling up the DagBag from /Users/ravipal/Desktop/Workspace/airflow_tutorial/py_env/lib/python3.12/site-packages/airflow/example_dags/example_xcom.py
[2024-09-01T00:31:17.658+0530] {processor.py:925} INFO - DAG(s) 'example_xcom' retrieved from /Users/ravipal/Desktop/Workspace/airflow_tutorial/py_env/lib/python3.12/site-packages/airflow/example_dags/example_xcom.py
[2024-09-01T00:31:17.692+0530] {logging_mixin.py:190} INFO - [2024-09-01T00:31:17.691+0530] {dag.py:3211} INFO - Sync 1 DAGs
[2024-09-01T00:31:17.698+0530] {logging_mixin.py:190} INFO - [2024-09-01T00:31:17.698+0530] {dag.py:4138} INFO - Setting next_dagrun for example_xcom to 2021-01-01 00:00:00+00:00, run_after=2021-01-01 00:00:00+00:00
[2024-09-01T00:31:17.705+0530] {processor.py:208} INFO - Processing /Users/ravipal/Desktop/Workspace/airflow_tutorial/py_env/lib/python3.12/site-packages/airflow/example_dags/example_xcom.py took 0.064 seconds
[2024-09-01T00:32:24.044+0530] {processor.py:186} INFO - Started process (PID=2185) to work on /Users/ravipal/Desktop/Workspace/airflow_tutorial/py_env/lib/python3.12/site-packages/airflow/example_dags/example_xcom.py
[2024-09-01T00:32:24.045+0530] {processor.py:914} INFO - Processing file /Users/ravipal/Desktop/Workspace/airflow_tutorial/py_env/lib/python3.12/site-packages/airflow/example_dags/example_xcom.py for tasks to queue
[2024-09-01T00:32:24.045+0530] {logging_mixin.py:190} INFO - [2024-09-01T00:32:24.045+0530] {dagbag.py:587} INFO - Filling up the DagBag from /Users/ravipal/Desktop/Workspace/airflow_tutorial/py_env/lib/python3.12/site-packages/airflow/example_dags/example_xcom.py
[2024-09-01T00:32:24.060+0530] {processor.py:925} INFO - DAG(s) 'example_xcom' retrieved from /Users/ravipal/Desktop/Workspace/airflow_tutorial/py_env/lib/python3.12/site-packages/airflow/example_dags/example_xcom.py
[2024-09-01T00:32:24.096+0530] {logging_mixin.py:190} INFO - [2024-09-01T00:32:24.096+0530] {dag.py:3211} INFO - Sync 1 DAGs
[2024-09-01T00:32:24.103+0530] {logging_mixin.py:190} INFO - [2024-09-01T00:32:24.103+0530] {dag.py:4138} INFO - Setting next_dagrun for example_xcom to 2021-01-01 00:00:00+00:00, run_after=2021-01-01 00:00:00+00:00
[2024-09-01T00:32:24.109+0530] {processor.py:208} INFO - Processing /Users/ravipal/Desktop/Workspace/airflow_tutorial/py_env/lib/python3.12/site-packages/airflow/example_dags/example_xcom.py took 0.067 seconds
[2024-09-01T00:33:32.165+0530] {processor.py:186} INFO - Started process (PID=2251) to work on /Users/ravipal/Desktop/Workspace/airflow_tutorial/py_env/lib/python3.12/site-packages/airflow/example_dags/example_xcom.py
[2024-09-01T00:33:32.166+0530] {processor.py:914} INFO - Processing file /Users/ravipal/Desktop/Workspace/airflow_tutorial/py_env/lib/python3.12/site-packages/airflow/example_dags/example_xcom.py for tasks to queue
[2024-09-01T00:33:32.166+0530] {logging_mixin.py:190} INFO - [2024-09-01T00:33:32.166+0530] {dagbag.py:587} INFO - Filling up the DagBag from /Users/ravipal/Desktop/Workspace/airflow_tutorial/py_env/lib/python3.12/site-packages/airflow/example_dags/example_xcom.py
[2024-09-01T00:33:32.181+0530] {processor.py:925} INFO - DAG(s) 'example_xcom' retrieved from /Users/ravipal/Desktop/Workspace/airflow_tutorial/py_env/lib/python3.12/site-packages/airflow/example_dags/example_xcom.py
[2024-09-01T00:33:32.215+0530] {logging_mixin.py:190} INFO - [2024-09-01T00:33:32.214+0530] {dag.py:3211} INFO - Sync 1 DAGs
[2024-09-01T00:33:32.221+0530] {logging_mixin.py:190} INFO - [2024-09-01T00:33:32.221+0530] {dag.py:4138} INFO - Setting next_dagrun for example_xcom to 2021-01-01 00:00:00+00:00, run_after=2021-01-01 00:00:00+00:00
[2024-09-01T00:33:32.227+0530] {processor.py:208} INFO - Processing /Users/ravipal/Desktop/Workspace/airflow_tutorial/py_env/lib/python3.12/site-packages/airflow/example_dags/example_xcom.py took 0.064 seconds
[2024-09-01T00:34:40.155+0530] {processor.py:186} INFO - Started process (PID=2318) to work on /Users/ravipal/Desktop/Workspace/airflow_tutorial/py_env/lib/python3.12/site-packages/airflow/example_dags/example_xcom.py
[2024-09-01T00:34:40.155+0530] {processor.py:914} INFO - Processing file /Users/ravipal/Desktop/Workspace/airflow_tutorial/py_env/lib/python3.12/site-packages/airflow/example_dags/example_xcom.py for tasks to queue
[2024-09-01T00:34:40.156+0530] {logging_mixin.py:190} INFO - [2024-09-01T00:34:40.156+0530] {dagbag.py:587} INFO - Filling up the DagBag from /Users/ravipal/Desktop/Workspace/airflow_tutorial/py_env/lib/python3.12/site-packages/airflow/example_dags/example_xcom.py
[2024-09-01T00:34:40.173+0530] {processor.py:925} INFO - DAG(s) 'example_xcom' retrieved from /Users/ravipal/Desktop/Workspace/airflow_tutorial/py_env/lib/python3.12/site-packages/airflow/example_dags/example_xcom.py
[2024-09-01T00:34:40.209+0530] {logging_mixin.py:190} INFO - [2024-09-01T00:34:40.209+0530] {dag.py:3211} INFO - Sync 1 DAGs
[2024-09-01T00:34:40.215+0530] {logging_mixin.py:190} INFO - [2024-09-01T00:34:40.215+0530] {dag.py:4138} INFO - Setting next_dagrun for example_xcom to 2021-01-01 00:00:00+00:00, run_after=2021-01-01 00:00:00+00:00
[2024-09-01T00:34:40.221+0530] {processor.py:208} INFO - Processing /Users/ravipal/Desktop/Workspace/airflow_tutorial/py_env/lib/python3.12/site-packages/airflow/example_dags/example_xcom.py took 0.069 seconds
[2024-09-01T00:35:46.024+0530] {processor.py:186} INFO - Started process (PID=2388) to work on /Users/ravipal/Desktop/Workspace/airflow_tutorial/py_env/lib/python3.12/site-packages/airflow/example_dags/example_xcom.py
[2024-09-01T00:35:46.025+0530] {processor.py:914} INFO - Processing file /Users/ravipal/Desktop/Workspace/airflow_tutorial/py_env/lib/python3.12/site-packages/airflow/example_dags/example_xcom.py for tasks to queue
[2024-09-01T00:35:46.025+0530] {logging_mixin.py:190} INFO - [2024-09-01T00:35:46.025+0530] {dagbag.py:587} INFO - Filling up the DagBag from /Users/ravipal/Desktop/Workspace/airflow_tutorial/py_env/lib/python3.12/site-packages/airflow/example_dags/example_xcom.py
[2024-09-01T00:35:46.040+0530] {processor.py:925} INFO - DAG(s) 'example_xcom' retrieved from /Users/ravipal/Desktop/Workspace/airflow_tutorial/py_env/lib/python3.12/site-packages/airflow/example_dags/example_xcom.py
[2024-09-01T00:35:46.076+0530] {logging_mixin.py:190} INFO - [2024-09-01T00:35:46.075+0530] {dag.py:3211} INFO - Sync 1 DAGs
[2024-09-01T00:35:46.084+0530] {logging_mixin.py:190} INFO - [2024-09-01T00:35:46.084+0530] {dag.py:4138} INFO - Setting next_dagrun for example_xcom to 2021-01-01 00:00:00+00:00, run_after=2021-01-01 00:00:00+00:00
[2024-09-01T00:35:46.091+0530] {processor.py:208} INFO - Processing /Users/ravipal/Desktop/Workspace/airflow_tutorial/py_env/lib/python3.12/site-packages/airflow/example_dags/example_xcom.py took 0.069 seconds
[2024-09-01T00:36:55.872+0530] {processor.py:186} INFO - Started process (PID=2454) to work on /Users/ravipal/Desktop/Workspace/airflow_tutorial/py_env/lib/python3.12/site-packages/airflow/example_dags/example_xcom.py
[2024-09-01T00:36:55.873+0530] {processor.py:914} INFO - Processing file /Users/ravipal/Desktop/Workspace/airflow_tutorial/py_env/lib/python3.12/site-packages/airflow/example_dags/example_xcom.py for tasks to queue
[2024-09-01T00:36:55.873+0530] {logging_mixin.py:190} INFO - [2024-09-01T00:36:55.873+0530] {dagbag.py:587} INFO - Filling up the DagBag from /Users/ravipal/Desktop/Workspace/airflow_tutorial/py_env/lib/python3.12/site-packages/airflow/example_dags/example_xcom.py
[2024-09-01T00:36:55.887+0530] {processor.py:925} INFO - DAG(s) 'example_xcom' retrieved from /Users/ravipal/Desktop/Workspace/airflow_tutorial/py_env/lib/python3.12/site-packages/airflow/example_dags/example_xcom.py
[2024-09-01T00:36:55.919+0530] {logging_mixin.py:190} INFO - [2024-09-01T00:36:55.919+0530] {dag.py:3211} INFO - Sync 1 DAGs
[2024-09-01T00:36:55.925+0530] {logging_mixin.py:190} INFO - [2024-09-01T00:36:55.925+0530] {dag.py:4138} INFO - Setting next_dagrun for example_xcom to 2021-01-01 00:00:00+00:00, run_after=2021-01-01 00:00:00+00:00
[2024-09-01T00:36:55.932+0530] {processor.py:208} INFO - Processing /Users/ravipal/Desktop/Workspace/airflow_tutorial/py_env/lib/python3.12/site-packages/airflow/example_dags/example_xcom.py took 0.061 seconds
[2024-09-01T00:38:00.954+0530] {processor.py:186} INFO - Started process (PID=2522) to work on /Users/ravipal/Desktop/Workspace/airflow_tutorial/py_env/lib/python3.12/site-packages/airflow/example_dags/example_xcom.py
[2024-09-01T00:38:00.954+0530] {processor.py:914} INFO - Processing file /Users/ravipal/Desktop/Workspace/airflow_tutorial/py_env/lib/python3.12/site-packages/airflow/example_dags/example_xcom.py for tasks to queue
[2024-09-01T00:38:00.955+0530] {logging_mixin.py:190} INFO - [2024-09-01T00:38:00.955+0530] {dagbag.py:587} INFO - Filling up the DagBag from /Users/ravipal/Desktop/Workspace/airflow_tutorial/py_env/lib/python3.12/site-packages/airflow/example_dags/example_xcom.py
[2024-09-01T00:38:00.970+0530] {processor.py:925} INFO - DAG(s) 'example_xcom' retrieved from /Users/ravipal/Desktop/Workspace/airflow_tutorial/py_env/lib/python3.12/site-packages/airflow/example_dags/example_xcom.py
[2024-09-01T00:38:01.003+0530] {logging_mixin.py:190} INFO - [2024-09-01T00:38:01.003+0530] {dag.py:3211} INFO - Sync 1 DAGs
[2024-09-01T00:38:01.010+0530] {logging_mixin.py:190} INFO - [2024-09-01T00:38:01.010+0530] {dag.py:4138} INFO - Setting next_dagrun for example_xcom to 2021-01-01 00:00:00+00:00, run_after=2021-01-01 00:00:00+00:00
[2024-09-01T00:38:01.017+0530] {processor.py:208} INFO - Processing /Users/ravipal/Desktop/Workspace/airflow_tutorial/py_env/lib/python3.12/site-packages/airflow/example_dags/example_xcom.py took 0.065 seconds
[2024-09-01T00:39:02.861+0530] {processor.py:186} INFO - Started process (PID=2585) to work on /Users/ravipal/Desktop/Workspace/airflow_tutorial/py_env/lib/python3.12/site-packages/airflow/example_dags/example_xcom.py
[2024-09-01T00:39:02.861+0530] {processor.py:914} INFO - Processing file /Users/ravipal/Desktop/Workspace/airflow_tutorial/py_env/lib/python3.12/site-packages/airflow/example_dags/example_xcom.py for tasks to queue
[2024-09-01T00:39:02.862+0530] {logging_mixin.py:190} INFO - [2024-09-01T00:39:02.862+0530] {dagbag.py:587} INFO - Filling up the DagBag from /Users/ravipal/Desktop/Workspace/airflow_tutorial/py_env/lib/python3.12/site-packages/airflow/example_dags/example_xcom.py
[2024-09-01T00:39:02.878+0530] {processor.py:925} INFO - DAG(s) 'example_xcom' retrieved from /Users/ravipal/Desktop/Workspace/airflow_tutorial/py_env/lib/python3.12/site-packages/airflow/example_dags/example_xcom.py
[2024-09-01T00:39:02.911+0530] {logging_mixin.py:190} INFO - [2024-09-01T00:39:02.911+0530] {dag.py:3211} INFO - Sync 1 DAGs
[2024-09-01T00:39:02.917+0530] {logging_mixin.py:190} INFO - [2024-09-01T00:39:02.917+0530] {dag.py:4138} INFO - Setting next_dagrun for example_xcom to 2021-01-01 00:00:00+00:00, run_after=2021-01-01 00:00:00+00:00
[2024-09-01T00:39:02.923+0530] {processor.py:208} INFO - Processing /Users/ravipal/Desktop/Workspace/airflow_tutorial/py_env/lib/python3.12/site-packages/airflow/example_dags/example_xcom.py took 0.064 seconds
[2024-09-01T00:40:05.386+0530] {processor.py:186} INFO - Started process (PID=2647) to work on /Users/ravipal/Desktop/Workspace/airflow_tutorial/py_env/lib/python3.12/site-packages/airflow/example_dags/example_xcom.py
[2024-09-01T00:40:05.387+0530] {processor.py:914} INFO - Processing file /Users/ravipal/Desktop/Workspace/airflow_tutorial/py_env/lib/python3.12/site-packages/airflow/example_dags/example_xcom.py for tasks to queue
[2024-09-01T00:40:05.387+0530] {logging_mixin.py:190} INFO - [2024-09-01T00:40:05.387+0530] {dagbag.py:587} INFO - Filling up the DagBag from /Users/ravipal/Desktop/Workspace/airflow_tutorial/py_env/lib/python3.12/site-packages/airflow/example_dags/example_xcom.py
[2024-09-01T00:40:05.403+0530] {processor.py:925} INFO - DAG(s) 'example_xcom' retrieved from /Users/ravipal/Desktop/Workspace/airflow_tutorial/py_env/lib/python3.12/site-packages/airflow/example_dags/example_xcom.py
[2024-09-01T00:40:05.438+0530] {logging_mixin.py:190} INFO - [2024-09-01T00:40:05.438+0530] {dag.py:3211} INFO - Sync 1 DAGs
[2024-09-01T00:40:05.445+0530] {logging_mixin.py:190} INFO - [2024-09-01T00:40:05.444+0530] {dag.py:4138} INFO - Setting next_dagrun for example_xcom to 2021-01-01 00:00:00+00:00, run_after=2021-01-01 00:00:00+00:00
[2024-09-01T00:40:05.451+0530] {processor.py:208} INFO - Processing /Users/ravipal/Desktop/Workspace/airflow_tutorial/py_env/lib/python3.12/site-packages/airflow/example_dags/example_xcom.py took 0.067 seconds
[2024-09-01T00:41:12.473+0530] {processor.py:186} INFO - Started process (PID=2713) to work on /Users/ravipal/Desktop/Workspace/airflow_tutorial/py_env/lib/python3.12/site-packages/airflow/example_dags/example_xcom.py
[2024-09-01T00:41:12.474+0530] {processor.py:914} INFO - Processing file /Users/ravipal/Desktop/Workspace/airflow_tutorial/py_env/lib/python3.12/site-packages/airflow/example_dags/example_xcom.py for tasks to queue
[2024-09-01T00:41:12.474+0530] {logging_mixin.py:190} INFO - [2024-09-01T00:41:12.474+0530] {dagbag.py:587} INFO - Filling up the DagBag from /Users/ravipal/Desktop/Workspace/airflow_tutorial/py_env/lib/python3.12/site-packages/airflow/example_dags/example_xcom.py
[2024-09-01T00:41:12.490+0530] {processor.py:925} INFO - DAG(s) 'example_xcom' retrieved from /Users/ravipal/Desktop/Workspace/airflow_tutorial/py_env/lib/python3.12/site-packages/airflow/example_dags/example_xcom.py
[2024-09-01T00:41:12.523+0530] {logging_mixin.py:190} INFO - [2024-09-01T00:41:12.523+0530] {dag.py:3211} INFO - Sync 1 DAGs
[2024-09-01T00:41:12.529+0530] {logging_mixin.py:190} INFO - [2024-09-01T00:41:12.529+0530] {dag.py:4138} INFO - Setting next_dagrun for example_xcom to 2021-01-01 00:00:00+00:00, run_after=2021-01-01 00:00:00+00:00
[2024-09-01T00:41:12.535+0530] {processor.py:208} INFO - Processing /Users/ravipal/Desktop/Workspace/airflow_tutorial/py_env/lib/python3.12/site-packages/airflow/example_dags/example_xcom.py took 0.064 seconds
[2024-09-01T00:42:18.521+0530] {processor.py:186} INFO - Started process (PID=2779) to work on /Users/ravipal/Desktop/Workspace/airflow_tutorial/py_env/lib/python3.12/site-packages/airflow/example_dags/example_xcom.py
[2024-09-01T00:42:18.522+0530] {processor.py:914} INFO - Processing file /Users/ravipal/Desktop/Workspace/airflow_tutorial/py_env/lib/python3.12/site-packages/airflow/example_dags/example_xcom.py for tasks to queue
[2024-09-01T00:42:18.522+0530] {logging_mixin.py:190} INFO - [2024-09-01T00:42:18.522+0530] {dagbag.py:587} INFO - Filling up the DagBag from /Users/ravipal/Desktop/Workspace/airflow_tutorial/py_env/lib/python3.12/site-packages/airflow/example_dags/example_xcom.py
[2024-09-01T00:42:18.538+0530] {processor.py:925} INFO - DAG(s) 'example_xcom' retrieved from /Users/ravipal/Desktop/Workspace/airflow_tutorial/py_env/lib/python3.12/site-packages/airflow/example_dags/example_xcom.py
[2024-09-01T00:42:18.571+0530] {logging_mixin.py:190} INFO - [2024-09-01T00:42:18.571+0530] {dag.py:3211} INFO - Sync 1 DAGs
[2024-09-01T00:42:18.577+0530] {logging_mixin.py:190} INFO - [2024-09-01T00:42:18.577+0530] {dag.py:4138} INFO - Setting next_dagrun for example_xcom to 2021-01-01 00:00:00+00:00, run_after=2021-01-01 00:00:00+00:00
[2024-09-01T00:42:18.583+0530] {processor.py:208} INFO - Processing /Users/ravipal/Desktop/Workspace/airflow_tutorial/py_env/lib/python3.12/site-packages/airflow/example_dags/example_xcom.py took 0.064 seconds
[2024-09-01T00:43:25.285+0530] {processor.py:186} INFO - Started process (PID=2843) to work on /Users/ravipal/Desktop/Workspace/airflow_tutorial/py_env/lib/python3.12/site-packages/airflow/example_dags/example_xcom.py
[2024-09-01T00:43:25.286+0530] {processor.py:914} INFO - Processing file /Users/ravipal/Desktop/Workspace/airflow_tutorial/py_env/lib/python3.12/site-packages/airflow/example_dags/example_xcom.py for tasks to queue
[2024-09-01T00:43:25.286+0530] {logging_mixin.py:190} INFO - [2024-09-01T00:43:25.286+0530] {dagbag.py:587} INFO - Filling up the DagBag from /Users/ravipal/Desktop/Workspace/airflow_tutorial/py_env/lib/python3.12/site-packages/airflow/example_dags/example_xcom.py
[2024-09-01T00:43:25.301+0530] {processor.py:925} INFO - DAG(s) 'example_xcom' retrieved from /Users/ravipal/Desktop/Workspace/airflow_tutorial/py_env/lib/python3.12/site-packages/airflow/example_dags/example_xcom.py
[2024-09-01T00:43:25.334+0530] {logging_mixin.py:190} INFO - [2024-09-01T00:43:25.334+0530] {dag.py:3211} INFO - Sync 1 DAGs
[2024-09-01T00:43:25.340+0530] {logging_mixin.py:190} INFO - [2024-09-01T00:43:25.340+0530] {dag.py:4138} INFO - Setting next_dagrun for example_xcom to 2021-01-01 00:00:00+00:00, run_after=2021-01-01 00:00:00+00:00
[2024-09-01T00:43:25.347+0530] {processor.py:208} INFO - Processing /Users/ravipal/Desktop/Workspace/airflow_tutorial/py_env/lib/python3.12/site-packages/airflow/example_dags/example_xcom.py took 0.063 seconds
[2024-09-01T00:44:33.574+0530] {processor.py:186} INFO - Started process (PID=2911) to work on /Users/ravipal/Desktop/Workspace/airflow_tutorial/py_env/lib/python3.12/site-packages/airflow/example_dags/example_xcom.py
[2024-09-01T00:44:33.574+0530] {processor.py:914} INFO - Processing file /Users/ravipal/Desktop/Workspace/airflow_tutorial/py_env/lib/python3.12/site-packages/airflow/example_dags/example_xcom.py for tasks to queue
[2024-09-01T00:44:33.574+0530] {logging_mixin.py:190} INFO - [2024-09-01T00:44:33.574+0530] {dagbag.py:587} INFO - Filling up the DagBag from /Users/ravipal/Desktop/Workspace/airflow_tutorial/py_env/lib/python3.12/site-packages/airflow/example_dags/example_xcom.py
[2024-09-01T00:44:33.591+0530] {processor.py:925} INFO - DAG(s) 'example_xcom' retrieved from /Users/ravipal/Desktop/Workspace/airflow_tutorial/py_env/lib/python3.12/site-packages/airflow/example_dags/example_xcom.py
[2024-09-01T00:44:33.624+0530] {logging_mixin.py:190} INFO - [2024-09-01T00:44:33.624+0530] {dag.py:3211} INFO - Sync 1 DAGs
[2024-09-01T00:44:33.631+0530] {logging_mixin.py:190} INFO - [2024-09-01T00:44:33.630+0530] {dag.py:4138} INFO - Setting next_dagrun for example_xcom to 2021-01-01 00:00:00+00:00, run_after=2021-01-01 00:00:00+00:00
[2024-09-01T00:44:33.637+0530] {processor.py:208} INFO - Processing /Users/ravipal/Desktop/Workspace/airflow_tutorial/py_env/lib/python3.12/site-packages/airflow/example_dags/example_xcom.py took 0.065 seconds
[2024-09-01T00:45:42.208+0530] {processor.py:186} INFO - Started process (PID=2980) to work on /Users/ravipal/Desktop/Workspace/airflow_tutorial/py_env/lib/python3.12/site-packages/airflow/example_dags/example_xcom.py
[2024-09-01T00:45:42.208+0530] {processor.py:914} INFO - Processing file /Users/ravipal/Desktop/Workspace/airflow_tutorial/py_env/lib/python3.12/site-packages/airflow/example_dags/example_xcom.py for tasks to queue
[2024-09-01T00:45:42.208+0530] {logging_mixin.py:190} INFO - [2024-09-01T00:45:42.208+0530] {dagbag.py:587} INFO - Filling up the DagBag from /Users/ravipal/Desktop/Workspace/airflow_tutorial/py_env/lib/python3.12/site-packages/airflow/example_dags/example_xcom.py
[2024-09-01T00:45:42.224+0530] {processor.py:925} INFO - DAG(s) 'example_xcom' retrieved from /Users/ravipal/Desktop/Workspace/airflow_tutorial/py_env/lib/python3.12/site-packages/airflow/example_dags/example_xcom.py
[2024-09-01T00:45:42.257+0530] {logging_mixin.py:190} INFO - [2024-09-01T00:45:42.257+0530] {dag.py:3211} INFO - Sync 1 DAGs
[2024-09-01T00:45:42.263+0530] {logging_mixin.py:190} INFO - [2024-09-01T00:45:42.263+0530] {dag.py:4138} INFO - Setting next_dagrun for example_xcom to 2021-01-01 00:00:00+00:00, run_after=2021-01-01 00:00:00+00:00
[2024-09-01T00:45:42.270+0530] {processor.py:208} INFO - Processing /Users/ravipal/Desktop/Workspace/airflow_tutorial/py_env/lib/python3.12/site-packages/airflow/example_dags/example_xcom.py took 0.064 seconds
[2024-09-01T00:46:47.934+0530] {processor.py:186} INFO - Started process (PID=3045) to work on /Users/ravipal/Desktop/Workspace/airflow_tutorial/py_env/lib/python3.12/site-packages/airflow/example_dags/example_xcom.py
[2024-09-01T00:46:47.934+0530] {processor.py:914} INFO - Processing file /Users/ravipal/Desktop/Workspace/airflow_tutorial/py_env/lib/python3.12/site-packages/airflow/example_dags/example_xcom.py for tasks to queue
[2024-09-01T00:46:47.935+0530] {logging_mixin.py:190} INFO - [2024-09-01T00:46:47.935+0530] {dagbag.py:587} INFO - Filling up the DagBag from /Users/ravipal/Desktop/Workspace/airflow_tutorial/py_env/lib/python3.12/site-packages/airflow/example_dags/example_xcom.py
[2024-09-01T00:46:47.951+0530] {processor.py:925} INFO - DAG(s) 'example_xcom' retrieved from /Users/ravipal/Desktop/Workspace/airflow_tutorial/py_env/lib/python3.12/site-packages/airflow/example_dags/example_xcom.py
[2024-09-01T00:46:47.984+0530] {logging_mixin.py:190} INFO - [2024-09-01T00:46:47.984+0530] {dag.py:3211} INFO - Sync 1 DAGs
[2024-09-01T00:46:47.990+0530] {logging_mixin.py:190} INFO - [2024-09-01T00:46:47.990+0530] {dag.py:4138} INFO - Setting next_dagrun for example_xcom to 2021-01-01 00:00:00+00:00, run_after=2021-01-01 00:00:00+00:00
[2024-09-01T00:46:47.996+0530] {processor.py:208} INFO - Processing /Users/ravipal/Desktop/Workspace/airflow_tutorial/py_env/lib/python3.12/site-packages/airflow/example_dags/example_xcom.py took 0.064 seconds
[2024-09-01T00:47:51.940+0530] {processor.py:186} INFO - Started process (PID=3110) to work on /Users/ravipal/Desktop/Workspace/airflow_tutorial/py_env/lib/python3.12/site-packages/airflow/example_dags/example_xcom.py
[2024-09-01T00:47:51.941+0530] {processor.py:914} INFO - Processing file /Users/ravipal/Desktop/Workspace/airflow_tutorial/py_env/lib/python3.12/site-packages/airflow/example_dags/example_xcom.py for tasks to queue
[2024-09-01T00:47:51.941+0530] {logging_mixin.py:190} INFO - [2024-09-01T00:47:51.941+0530] {dagbag.py:587} INFO - Filling up the DagBag from /Users/ravipal/Desktop/Workspace/airflow_tutorial/py_env/lib/python3.12/site-packages/airflow/example_dags/example_xcom.py
[2024-09-01T00:47:51.957+0530] {processor.py:925} INFO - DAG(s) 'example_xcom' retrieved from /Users/ravipal/Desktop/Workspace/airflow_tutorial/py_env/lib/python3.12/site-packages/airflow/example_dags/example_xcom.py
[2024-09-01T00:47:51.990+0530] {logging_mixin.py:190} INFO - [2024-09-01T00:47:51.990+0530] {dag.py:3211} INFO - Sync 1 DAGs
[2024-09-01T00:47:51.996+0530] {logging_mixin.py:190} INFO - [2024-09-01T00:47:51.996+0530] {dag.py:4138} INFO - Setting next_dagrun for example_xcom to 2021-01-01 00:00:00+00:00, run_after=2021-01-01 00:00:00+00:00
[2024-09-01T00:47:52.002+0530] {processor.py:208} INFO - Processing /Users/ravipal/Desktop/Workspace/airflow_tutorial/py_env/lib/python3.12/site-packages/airflow/example_dags/example_xcom.py took 0.064 seconds
[2024-09-01T00:48:55.415+0530] {processor.py:186} INFO - Started process (PID=3173) to work on /Users/ravipal/Desktop/Workspace/airflow_tutorial/py_env/lib/python3.12/site-packages/airflow/example_dags/example_xcom.py
[2024-09-01T00:48:55.416+0530] {processor.py:914} INFO - Processing file /Users/ravipal/Desktop/Workspace/airflow_tutorial/py_env/lib/python3.12/site-packages/airflow/example_dags/example_xcom.py for tasks to queue
[2024-09-01T00:48:55.416+0530] {logging_mixin.py:190} INFO - [2024-09-01T00:48:55.416+0530] {dagbag.py:587} INFO - Filling up the DagBag from /Users/ravipal/Desktop/Workspace/airflow_tutorial/py_env/lib/python3.12/site-packages/airflow/example_dags/example_xcom.py
[2024-09-01T00:48:55.432+0530] {processor.py:925} INFO - DAG(s) 'example_xcom' retrieved from /Users/ravipal/Desktop/Workspace/airflow_tutorial/py_env/lib/python3.12/site-packages/airflow/example_dags/example_xcom.py
[2024-09-01T00:48:55.465+0530] {logging_mixin.py:190} INFO - [2024-09-01T00:48:55.465+0530] {dag.py:3211} INFO - Sync 1 DAGs
[2024-09-01T00:48:55.472+0530] {logging_mixin.py:190} INFO - [2024-09-01T00:48:55.472+0530] {dag.py:4138} INFO - Setting next_dagrun for example_xcom to 2021-01-01 00:00:00+00:00, run_after=2021-01-01 00:00:00+00:00
[2024-09-01T00:48:55.479+0530] {processor.py:208} INFO - Processing /Users/ravipal/Desktop/Workspace/airflow_tutorial/py_env/lib/python3.12/site-packages/airflow/example_dags/example_xcom.py took 0.066 seconds
[2024-09-01T00:49:59.249+0530] {processor.py:186} INFO - Started process (PID=3251) to work on /Users/ravipal/Desktop/Workspace/airflow_tutorial/py_env/lib/python3.12/site-packages/airflow/example_dags/example_xcom.py
[2024-09-01T00:49:59.250+0530] {processor.py:914} INFO - Processing file /Users/ravipal/Desktop/Workspace/airflow_tutorial/py_env/lib/python3.12/site-packages/airflow/example_dags/example_xcom.py for tasks to queue
[2024-09-01T00:49:59.250+0530] {logging_mixin.py:190} INFO - [2024-09-01T00:49:59.250+0530] {dagbag.py:587} INFO - Filling up the DagBag from /Users/ravipal/Desktop/Workspace/airflow_tutorial/py_env/lib/python3.12/site-packages/airflow/example_dags/example_xcom.py
[2024-09-01T00:49:59.268+0530] {processor.py:925} INFO - DAG(s) 'example_xcom' retrieved from /Users/ravipal/Desktop/Workspace/airflow_tutorial/py_env/lib/python3.12/site-packages/airflow/example_dags/example_xcom.py
[2024-09-01T00:49:59.306+0530] {logging_mixin.py:190} INFO - [2024-09-01T00:49:59.305+0530] {dag.py:3211} INFO - Sync 1 DAGs
[2024-09-01T00:49:59.313+0530] {logging_mixin.py:190} INFO - [2024-09-01T00:49:59.313+0530] {dag.py:4138} INFO - Setting next_dagrun for example_xcom to 2021-01-01 00:00:00+00:00, run_after=2021-01-01 00:00:00+00:00
[2024-09-01T00:49:59.321+0530] {processor.py:208} INFO - Processing /Users/ravipal/Desktop/Workspace/airflow_tutorial/py_env/lib/python3.12/site-packages/airflow/example_dags/example_xcom.py took 0.074 seconds
[2024-09-01T00:51:09.615+0530] {processor.py:186} INFO - Started process (PID=3333) to work on /Users/ravipal/Desktop/Workspace/airflow_tutorial/py_env/lib/python3.12/site-packages/airflow/example_dags/example_xcom.py
[2024-09-01T00:51:09.616+0530] {processor.py:914} INFO - Processing file /Users/ravipal/Desktop/Workspace/airflow_tutorial/py_env/lib/python3.12/site-packages/airflow/example_dags/example_xcom.py for tasks to queue
[2024-09-01T00:51:09.616+0530] {logging_mixin.py:190} INFO - [2024-09-01T00:51:09.616+0530] {dagbag.py:587} INFO - Filling up the DagBag from /Users/ravipal/Desktop/Workspace/airflow_tutorial/py_env/lib/python3.12/site-packages/airflow/example_dags/example_xcom.py
[2024-09-01T00:51:09.632+0530] {processor.py:925} INFO - DAG(s) 'example_xcom' retrieved from /Users/ravipal/Desktop/Workspace/airflow_tutorial/py_env/lib/python3.12/site-packages/airflow/example_dags/example_xcom.py
[2024-09-01T00:51:09.665+0530] {logging_mixin.py:190} INFO - [2024-09-01T00:51:09.665+0530] {dag.py:3211} INFO - Sync 1 DAGs
[2024-09-01T00:51:09.671+0530] {logging_mixin.py:190} INFO - [2024-09-01T00:51:09.671+0530] {dag.py:4138} INFO - Setting next_dagrun for example_xcom to 2021-01-01 00:00:00+00:00, run_after=2021-01-01 00:00:00+00:00
[2024-09-01T00:51:09.678+0530] {processor.py:208} INFO - Processing /Users/ravipal/Desktop/Workspace/airflow_tutorial/py_env/lib/python3.12/site-packages/airflow/example_dags/example_xcom.py took 0.065 seconds
[2024-09-01T00:52:16.325+0530] {processor.py:186} INFO - Started process (PID=3399) to work on /Users/ravipal/Desktop/Workspace/airflow_tutorial/py_env/lib/python3.12/site-packages/airflow/example_dags/example_xcom.py
[2024-09-01T00:52:16.326+0530] {processor.py:914} INFO - Processing file /Users/ravipal/Desktop/Workspace/airflow_tutorial/py_env/lib/python3.12/site-packages/airflow/example_dags/example_xcom.py for tasks to queue
[2024-09-01T00:52:16.326+0530] {logging_mixin.py:190} INFO - [2024-09-01T00:52:16.326+0530] {dagbag.py:587} INFO - Filling up the DagBag from /Users/ravipal/Desktop/Workspace/airflow_tutorial/py_env/lib/python3.12/site-packages/airflow/example_dags/example_xcom.py
[2024-09-01T00:52:16.342+0530] {processor.py:925} INFO - DAG(s) 'example_xcom' retrieved from /Users/ravipal/Desktop/Workspace/airflow_tutorial/py_env/lib/python3.12/site-packages/airflow/example_dags/example_xcom.py
[2024-09-01T00:52:16.375+0530] {logging_mixin.py:190} INFO - [2024-09-01T00:52:16.375+0530] {dag.py:3211} INFO - Sync 1 DAGs
[2024-09-01T00:52:16.381+0530] {logging_mixin.py:190} INFO - [2024-09-01T00:52:16.381+0530] {dag.py:4138} INFO - Setting next_dagrun for example_xcom to 2021-01-01 00:00:00+00:00, run_after=2021-01-01 00:00:00+00:00
[2024-09-01T00:52:16.388+0530] {processor.py:208} INFO - Processing /Users/ravipal/Desktop/Workspace/airflow_tutorial/py_env/lib/python3.12/site-packages/airflow/example_dags/example_xcom.py took 0.064 seconds
[2024-09-01T00:53:22.230+0530] {processor.py:186} INFO - Started process (PID=3467) to work on /Users/ravipal/Desktop/Workspace/airflow_tutorial/py_env/lib/python3.12/site-packages/airflow/example_dags/example_xcom.py
[2024-09-01T00:53:22.230+0530] {processor.py:914} INFO - Processing file /Users/ravipal/Desktop/Workspace/airflow_tutorial/py_env/lib/python3.12/site-packages/airflow/example_dags/example_xcom.py for tasks to queue
[2024-09-01T00:53:22.231+0530] {logging_mixin.py:190} INFO - [2024-09-01T00:53:22.231+0530] {dagbag.py:587} INFO - Filling up the DagBag from /Users/ravipal/Desktop/Workspace/airflow_tutorial/py_env/lib/python3.12/site-packages/airflow/example_dags/example_xcom.py
[2024-09-01T00:53:22.246+0530] {processor.py:925} INFO - DAG(s) 'example_xcom' retrieved from /Users/ravipal/Desktop/Workspace/airflow_tutorial/py_env/lib/python3.12/site-packages/airflow/example_dags/example_xcom.py
[2024-09-01T00:53:22.280+0530] {logging_mixin.py:190} INFO - [2024-09-01T00:53:22.280+0530] {dag.py:3211} INFO - Sync 1 DAGs
[2024-09-01T00:53:22.287+0530] {logging_mixin.py:190} INFO - [2024-09-01T00:53:22.286+0530] {dag.py:4138} INFO - Setting next_dagrun for example_xcom to 2021-01-01 00:00:00+00:00, run_after=2021-01-01 00:00:00+00:00
[2024-09-01T00:53:22.293+0530] {processor.py:208} INFO - Processing /Users/ravipal/Desktop/Workspace/airflow_tutorial/py_env/lib/python3.12/site-packages/airflow/example_dags/example_xcom.py took 0.066 seconds
[2024-09-01T00:54:27.686+0530] {processor.py:186} INFO - Started process (PID=3532) to work on /Users/ravipal/Desktop/Workspace/airflow_tutorial/py_env/lib/python3.12/site-packages/airflow/example_dags/example_xcom.py
[2024-09-01T00:54:27.687+0530] {processor.py:914} INFO - Processing file /Users/ravipal/Desktop/Workspace/airflow_tutorial/py_env/lib/python3.12/site-packages/airflow/example_dags/example_xcom.py for tasks to queue
[2024-09-01T00:54:27.687+0530] {logging_mixin.py:190} INFO - [2024-09-01T00:54:27.687+0530] {dagbag.py:587} INFO - Filling up the DagBag from /Users/ravipal/Desktop/Workspace/airflow_tutorial/py_env/lib/python3.12/site-packages/airflow/example_dags/example_xcom.py
[2024-09-01T00:54:27.702+0530] {processor.py:925} INFO - DAG(s) 'example_xcom' retrieved from /Users/ravipal/Desktop/Workspace/airflow_tutorial/py_env/lib/python3.12/site-packages/airflow/example_dags/example_xcom.py
[2024-09-01T00:54:27.735+0530] {logging_mixin.py:190} INFO - [2024-09-01T00:54:27.734+0530] {dag.py:3211} INFO - Sync 1 DAGs
[2024-09-01T00:54:27.741+0530] {logging_mixin.py:190} INFO - [2024-09-01T00:54:27.741+0530] {dag.py:4138} INFO - Setting next_dagrun for example_xcom to 2021-01-01 00:00:00+00:00, run_after=2021-01-01 00:00:00+00:00
[2024-09-01T00:54:27.747+0530] {processor.py:208} INFO - Processing /Users/ravipal/Desktop/Workspace/airflow_tutorial/py_env/lib/python3.12/site-packages/airflow/example_dags/example_xcom.py took 0.063 seconds
[2024-09-01T00:55:33.739+0530] {processor.py:186} INFO - Started process (PID=3599) to work on /Users/ravipal/Desktop/Workspace/airflow_tutorial/py_env/lib/python3.12/site-packages/airflow/example_dags/example_xcom.py
[2024-09-01T00:55:33.740+0530] {processor.py:914} INFO - Processing file /Users/ravipal/Desktop/Workspace/airflow_tutorial/py_env/lib/python3.12/site-packages/airflow/example_dags/example_xcom.py for tasks to queue
[2024-09-01T00:55:33.740+0530] {logging_mixin.py:190} INFO - [2024-09-01T00:55:33.740+0530] {dagbag.py:587} INFO - Filling up the DagBag from /Users/ravipal/Desktop/Workspace/airflow_tutorial/py_env/lib/python3.12/site-packages/airflow/example_dags/example_xcom.py
[2024-09-01T00:55:33.756+0530] {processor.py:925} INFO - DAG(s) 'example_xcom' retrieved from /Users/ravipal/Desktop/Workspace/airflow_tutorial/py_env/lib/python3.12/site-packages/airflow/example_dags/example_xcom.py
[2024-09-01T00:55:33.790+0530] {logging_mixin.py:190} INFO - [2024-09-01T00:55:33.789+0530] {dag.py:3211} INFO - Sync 1 DAGs
[2024-09-01T00:55:33.796+0530] {logging_mixin.py:190} INFO - [2024-09-01T00:55:33.796+0530] {dag.py:4138} INFO - Setting next_dagrun for example_xcom to 2021-01-01 00:00:00+00:00, run_after=2021-01-01 00:00:00+00:00
[2024-09-01T00:55:33.803+0530] {processor.py:208} INFO - Processing /Users/ravipal/Desktop/Workspace/airflow_tutorial/py_env/lib/python3.12/site-packages/airflow/example_dags/example_xcom.py took 0.065 seconds
[2024-09-01T00:56:37.956+0530] {processor.py:186} INFO - Started process (PID=3662) to work on /Users/ravipal/Desktop/Workspace/airflow_tutorial/py_env/lib/python3.12/site-packages/airflow/example_dags/example_xcom.py
[2024-09-01T00:56:37.956+0530] {processor.py:914} INFO - Processing file /Users/ravipal/Desktop/Workspace/airflow_tutorial/py_env/lib/python3.12/site-packages/airflow/example_dags/example_xcom.py for tasks to queue
[2024-09-01T00:56:37.956+0530] {logging_mixin.py:190} INFO - [2024-09-01T00:56:37.956+0530] {dagbag.py:587} INFO - Filling up the DagBag from /Users/ravipal/Desktop/Workspace/airflow_tutorial/py_env/lib/python3.12/site-packages/airflow/example_dags/example_xcom.py
[2024-09-01T00:56:37.972+0530] {processor.py:925} INFO - DAG(s) 'example_xcom' retrieved from /Users/ravipal/Desktop/Workspace/airflow_tutorial/py_env/lib/python3.12/site-packages/airflow/example_dags/example_xcom.py
[2024-09-01T00:56:38.005+0530] {logging_mixin.py:190} INFO - [2024-09-01T00:56:38.005+0530] {dag.py:3211} INFO - Sync 1 DAGs
[2024-09-01T00:56:38.011+0530] {logging_mixin.py:190} INFO - [2024-09-01T00:56:38.011+0530] {dag.py:4138} INFO - Setting next_dagrun for example_xcom to 2021-01-01 00:00:00+00:00, run_after=2021-01-01 00:00:00+00:00
[2024-09-01T00:56:38.018+0530] {processor.py:208} INFO - Processing /Users/ravipal/Desktop/Workspace/airflow_tutorial/py_env/lib/python3.12/site-packages/airflow/example_dags/example_xcom.py took 0.064 seconds
[2024-09-01T00:57:44.525+0530] {processor.py:186} INFO - Started process (PID=3727) to work on /Users/ravipal/Desktop/Workspace/airflow_tutorial/py_env/lib/python3.12/site-packages/airflow/example_dags/example_xcom.py
[2024-09-01T00:57:44.525+0530] {processor.py:914} INFO - Processing file /Users/ravipal/Desktop/Workspace/airflow_tutorial/py_env/lib/python3.12/site-packages/airflow/example_dags/example_xcom.py for tasks to queue
[2024-09-01T00:57:44.526+0530] {logging_mixin.py:190} INFO - [2024-09-01T00:57:44.526+0530] {dagbag.py:587} INFO - Filling up the DagBag from /Users/ravipal/Desktop/Workspace/airflow_tutorial/py_env/lib/python3.12/site-packages/airflow/example_dags/example_xcom.py
[2024-09-01T00:57:44.541+0530] {processor.py:925} INFO - DAG(s) 'example_xcom' retrieved from /Users/ravipal/Desktop/Workspace/airflow_tutorial/py_env/lib/python3.12/site-packages/airflow/example_dags/example_xcom.py
[2024-09-01T00:57:44.574+0530] {logging_mixin.py:190} INFO - [2024-09-01T00:57:44.574+0530] {dag.py:3211} INFO - Sync 1 DAGs
[2024-09-01T00:57:44.581+0530] {logging_mixin.py:190} INFO - [2024-09-01T00:57:44.580+0530] {dag.py:4138} INFO - Setting next_dagrun for example_xcom to 2021-01-01 00:00:00+00:00, run_after=2021-01-01 00:00:00+00:00
[2024-09-01T00:57:44.587+0530] {processor.py:208} INFO - Processing /Users/ravipal/Desktop/Workspace/airflow_tutorial/py_env/lib/python3.12/site-packages/airflow/example_dags/example_xcom.py took 0.064 seconds
[2024-09-01T00:58:49.785+0530] {processor.py:186} INFO - Started process (PID=3793) to work on /Users/ravipal/Desktop/Workspace/airflow_tutorial/py_env/lib/python3.12/site-packages/airflow/example_dags/example_xcom.py
[2024-09-01T00:58:49.785+0530] {processor.py:914} INFO - Processing file /Users/ravipal/Desktop/Workspace/airflow_tutorial/py_env/lib/python3.12/site-packages/airflow/example_dags/example_xcom.py for tasks to queue
[2024-09-01T00:58:49.786+0530] {logging_mixin.py:190} INFO - [2024-09-01T00:58:49.786+0530] {dagbag.py:587} INFO - Filling up the DagBag from /Users/ravipal/Desktop/Workspace/airflow_tutorial/py_env/lib/python3.12/site-packages/airflow/example_dags/example_xcom.py
[2024-09-01T00:58:49.802+0530] {processor.py:925} INFO - DAG(s) 'example_xcom' retrieved from /Users/ravipal/Desktop/Workspace/airflow_tutorial/py_env/lib/python3.12/site-packages/airflow/example_dags/example_xcom.py
[2024-09-01T00:58:49.835+0530] {logging_mixin.py:190} INFO - [2024-09-01T00:58:49.835+0530] {dag.py:3211} INFO - Sync 1 DAGs
[2024-09-01T00:58:49.841+0530] {logging_mixin.py:190} INFO - [2024-09-01T00:58:49.841+0530] {dag.py:4138} INFO - Setting next_dagrun for example_xcom to 2021-01-01 00:00:00+00:00, run_after=2021-01-01 00:00:00+00:00
[2024-09-01T00:58:49.848+0530] {processor.py:208} INFO - Processing /Users/ravipal/Desktop/Workspace/airflow_tutorial/py_env/lib/python3.12/site-packages/airflow/example_dags/example_xcom.py took 0.065 seconds
[2024-09-01T00:59:56.438+0530] {processor.py:186} INFO - Started process (PID=3858) to work on /Users/ravipal/Desktop/Workspace/airflow_tutorial/py_env/lib/python3.12/site-packages/airflow/example_dags/example_xcom.py
[2024-09-01T00:59:56.438+0530] {processor.py:914} INFO - Processing file /Users/ravipal/Desktop/Workspace/airflow_tutorial/py_env/lib/python3.12/site-packages/airflow/example_dags/example_xcom.py for tasks to queue
[2024-09-01T00:59:56.439+0530] {logging_mixin.py:190} INFO - [2024-09-01T00:59:56.439+0530] {dagbag.py:587} INFO - Filling up the DagBag from /Users/ravipal/Desktop/Workspace/airflow_tutorial/py_env/lib/python3.12/site-packages/airflow/example_dags/example_xcom.py
[2024-09-01T00:59:56.454+0530] {processor.py:925} INFO - DAG(s) 'example_xcom' retrieved from /Users/ravipal/Desktop/Workspace/airflow_tutorial/py_env/lib/python3.12/site-packages/airflow/example_dags/example_xcom.py
[2024-09-01T00:59:56.487+0530] {logging_mixin.py:190} INFO - [2024-09-01T00:59:56.487+0530] {dag.py:3211} INFO - Sync 1 DAGs
[2024-09-01T00:59:56.493+0530] {logging_mixin.py:190} INFO - [2024-09-01T00:59:56.493+0530] {dag.py:4138} INFO - Setting next_dagrun for example_xcom to 2021-01-01 00:00:00+00:00, run_after=2021-01-01 00:00:00+00:00
[2024-09-01T00:59:56.499+0530] {processor.py:208} INFO - Processing /Users/ravipal/Desktop/Workspace/airflow_tutorial/py_env/lib/python3.12/site-packages/airflow/example_dags/example_xcom.py took 0.063 seconds
[2024-09-01T01:00:58.587+0530] {processor.py:186} INFO - Started process (PID=3923) to work on /Users/ravipal/Desktop/Workspace/airflow_tutorial/py_env/lib/python3.12/site-packages/airflow/example_dags/example_xcom.py
[2024-09-01T01:00:58.588+0530] {processor.py:914} INFO - Processing file /Users/ravipal/Desktop/Workspace/airflow_tutorial/py_env/lib/python3.12/site-packages/airflow/example_dags/example_xcom.py for tasks to queue
[2024-09-01T01:00:58.588+0530] {logging_mixin.py:190} INFO - [2024-09-01T01:00:58.588+0530] {dagbag.py:587} INFO - Filling up the DagBag from /Users/ravipal/Desktop/Workspace/airflow_tutorial/py_env/lib/python3.12/site-packages/airflow/example_dags/example_xcom.py
[2024-09-01T01:00:58.603+0530] {processor.py:925} INFO - DAG(s) 'example_xcom' retrieved from /Users/ravipal/Desktop/Workspace/airflow_tutorial/py_env/lib/python3.12/site-packages/airflow/example_dags/example_xcom.py
[2024-09-01T01:00:58.636+0530] {logging_mixin.py:190} INFO - [2024-09-01T01:00:58.636+0530] {dag.py:3211} INFO - Sync 1 DAGs
[2024-09-01T01:00:58.642+0530] {logging_mixin.py:190} INFO - [2024-09-01T01:00:58.642+0530] {dag.py:4138} INFO - Setting next_dagrun for example_xcom to 2021-01-01 00:00:00+00:00, run_after=2021-01-01 00:00:00+00:00
[2024-09-01T01:00:58.649+0530] {processor.py:208} INFO - Processing /Users/ravipal/Desktop/Workspace/airflow_tutorial/py_env/lib/python3.12/site-packages/airflow/example_dags/example_xcom.py took 0.064 seconds
[2024-09-01T01:02:02.424+0530] {processor.py:186} INFO - Started process (PID=3986) to work on /Users/ravipal/Desktop/Workspace/airflow_tutorial/py_env/lib/python3.12/site-packages/airflow/example_dags/example_xcom.py
[2024-09-01T01:02:02.425+0530] {processor.py:914} INFO - Processing file /Users/ravipal/Desktop/Workspace/airflow_tutorial/py_env/lib/python3.12/site-packages/airflow/example_dags/example_xcom.py for tasks to queue
[2024-09-01T01:02:02.425+0530] {logging_mixin.py:190} INFO - [2024-09-01T01:02:02.425+0530] {dagbag.py:587} INFO - Filling up the DagBag from /Users/ravipal/Desktop/Workspace/airflow_tutorial/py_env/lib/python3.12/site-packages/airflow/example_dags/example_xcom.py
[2024-09-01T01:02:02.440+0530] {processor.py:925} INFO - DAG(s) 'example_xcom' retrieved from /Users/ravipal/Desktop/Workspace/airflow_tutorial/py_env/lib/python3.12/site-packages/airflow/example_dags/example_xcom.py
[2024-09-01T01:02:02.473+0530] {logging_mixin.py:190} INFO - [2024-09-01T01:02:02.473+0530] {dag.py:3211} INFO - Sync 1 DAGs
[2024-09-01T01:02:02.479+0530] {logging_mixin.py:190} INFO - [2024-09-01T01:02:02.479+0530] {dag.py:4138} INFO - Setting next_dagrun for example_xcom to 2021-01-01 00:00:00+00:00, run_after=2021-01-01 00:00:00+00:00
[2024-09-01T01:02:02.486+0530] {processor.py:208} INFO - Processing /Users/ravipal/Desktop/Workspace/airflow_tutorial/py_env/lib/python3.12/site-packages/airflow/example_dags/example_xcom.py took 0.064 seconds
[2024-09-01T01:03:04.272+0530] {processor.py:186} INFO - Started process (PID=4053) to work on /Users/ravipal/Desktop/Workspace/airflow_tutorial/py_env/lib/python3.12/site-packages/airflow/example_dags/example_xcom.py
[2024-09-01T01:03:04.273+0530] {processor.py:914} INFO - Processing file /Users/ravipal/Desktop/Workspace/airflow_tutorial/py_env/lib/python3.12/site-packages/airflow/example_dags/example_xcom.py for tasks to queue
[2024-09-01T01:03:04.273+0530] {logging_mixin.py:190} INFO - [2024-09-01T01:03:04.273+0530] {dagbag.py:587} INFO - Filling up the DagBag from /Users/ravipal/Desktop/Workspace/airflow_tutorial/py_env/lib/python3.12/site-packages/airflow/example_dags/example_xcom.py
[2024-09-01T01:03:04.288+0530] {processor.py:925} INFO - DAG(s) 'example_xcom' retrieved from /Users/ravipal/Desktop/Workspace/airflow_tutorial/py_env/lib/python3.12/site-packages/airflow/example_dags/example_xcom.py
[2024-09-01T01:03:04.320+0530] {logging_mixin.py:190} INFO - [2024-09-01T01:03:04.320+0530] {dag.py:3211} INFO - Sync 1 DAGs
[2024-09-01T01:03:04.326+0530] {logging_mixin.py:190} INFO - [2024-09-01T01:03:04.326+0530] {dag.py:4138} INFO - Setting next_dagrun for example_xcom to 2021-01-01 00:00:00+00:00, run_after=2021-01-01 00:00:00+00:00
[2024-09-01T01:03:04.333+0530] {processor.py:208} INFO - Processing /Users/ravipal/Desktop/Workspace/airflow_tutorial/py_env/lib/python3.12/site-packages/airflow/example_dags/example_xcom.py took 0.062 seconds
[2024-09-01T01:04:08.763+0530] {processor.py:186} INFO - Started process (PID=4123) to work on /Users/ravipal/Desktop/Workspace/airflow_tutorial/py_env/lib/python3.12/site-packages/airflow/example_dags/example_xcom.py
[2024-09-01T01:04:08.763+0530] {processor.py:914} INFO - Processing file /Users/ravipal/Desktop/Workspace/airflow_tutorial/py_env/lib/python3.12/site-packages/airflow/example_dags/example_xcom.py for tasks to queue
[2024-09-01T01:04:08.763+0530] {logging_mixin.py:190} INFO - [2024-09-01T01:04:08.763+0530] {dagbag.py:587} INFO - Filling up the DagBag from /Users/ravipal/Desktop/Workspace/airflow_tutorial/py_env/lib/python3.12/site-packages/airflow/example_dags/example_xcom.py
[2024-09-01T01:04:08.779+0530] {processor.py:925} INFO - DAG(s) 'example_xcom' retrieved from /Users/ravipal/Desktop/Workspace/airflow_tutorial/py_env/lib/python3.12/site-packages/airflow/example_dags/example_xcom.py
[2024-09-01T01:04:08.814+0530] {logging_mixin.py:190} INFO - [2024-09-01T01:04:08.814+0530] {dag.py:3211} INFO - Sync 1 DAGs
[2024-09-01T01:04:08.820+0530] {logging_mixin.py:190} INFO - [2024-09-01T01:04:08.820+0530] {dag.py:4138} INFO - Setting next_dagrun for example_xcom to 2021-01-01 00:00:00+00:00, run_after=2021-01-01 00:00:00+00:00
[2024-09-01T01:04:08.827+0530] {processor.py:208} INFO - Processing /Users/ravipal/Desktop/Workspace/airflow_tutorial/py_env/lib/python3.12/site-packages/airflow/example_dags/example_xcom.py took 0.067 seconds
[2024-09-01T01:05:12.556+0530] {processor.py:186} INFO - Started process (PID=4201) to work on /Users/ravipal/Desktop/Workspace/airflow_tutorial/py_env/lib/python3.12/site-packages/airflow/example_dags/example_xcom.py
[2024-09-01T01:05:12.556+0530] {processor.py:914} INFO - Processing file /Users/ravipal/Desktop/Workspace/airflow_tutorial/py_env/lib/python3.12/site-packages/airflow/example_dags/example_xcom.py for tasks to queue
[2024-09-01T01:05:12.557+0530] {logging_mixin.py:190} INFO - [2024-09-01T01:05:12.557+0530] {dagbag.py:587} INFO - Filling up the DagBag from /Users/ravipal/Desktop/Workspace/airflow_tutorial/py_env/lib/python3.12/site-packages/airflow/example_dags/example_xcom.py
[2024-09-01T01:05:12.573+0530] {processor.py:925} INFO - DAG(s) 'example_xcom' retrieved from /Users/ravipal/Desktop/Workspace/airflow_tutorial/py_env/lib/python3.12/site-packages/airflow/example_dags/example_xcom.py
[2024-09-01T01:05:12.606+0530] {logging_mixin.py:190} INFO - [2024-09-01T01:05:12.606+0530] {dag.py:3211} INFO - Sync 1 DAGs
[2024-09-01T01:05:12.612+0530] {logging_mixin.py:190} INFO - [2024-09-01T01:05:12.612+0530] {dag.py:4138} INFO - Setting next_dagrun for example_xcom to 2021-01-01 00:00:00+00:00, run_after=2021-01-01 00:00:00+00:00
[2024-09-01T01:05:12.618+0530] {processor.py:208} INFO - Processing /Users/ravipal/Desktop/Workspace/airflow_tutorial/py_env/lib/python3.12/site-packages/airflow/example_dags/example_xcom.py took 0.064 seconds
[2024-09-01T01:06:16.475+0530] {processor.py:186} INFO - Started process (PID=4275) to work on /Users/ravipal/Desktop/Workspace/airflow_tutorial/py_env/lib/python3.12/site-packages/airflow/example_dags/example_xcom.py
[2024-09-01T01:06:16.476+0530] {processor.py:914} INFO - Processing file /Users/ravipal/Desktop/Workspace/airflow_tutorial/py_env/lib/python3.12/site-packages/airflow/example_dags/example_xcom.py for tasks to queue
[2024-09-01T01:06:16.477+0530] {logging_mixin.py:190} INFO - [2024-09-01T01:06:16.477+0530] {dagbag.py:587} INFO - Filling up the DagBag from /Users/ravipal/Desktop/Workspace/airflow_tutorial/py_env/lib/python3.12/site-packages/airflow/example_dags/example_xcom.py
[2024-09-01T01:06:16.493+0530] {processor.py:925} INFO - DAG(s) 'example_xcom' retrieved from /Users/ravipal/Desktop/Workspace/airflow_tutorial/py_env/lib/python3.12/site-packages/airflow/example_dags/example_xcom.py
[2024-09-01T01:06:16.528+0530] {logging_mixin.py:190} INFO - [2024-09-01T01:06:16.528+0530] {dag.py:3211} INFO - Sync 1 DAGs
[2024-09-01T01:06:16.534+0530] {logging_mixin.py:190} INFO - [2024-09-01T01:06:16.534+0530] {dag.py:4138} INFO - Setting next_dagrun for example_xcom to 2021-01-01 00:00:00+00:00, run_after=2021-01-01 00:00:00+00:00
[2024-09-01T01:06:16.542+0530] {processor.py:208} INFO - Processing /Users/ravipal/Desktop/Workspace/airflow_tutorial/py_env/lib/python3.12/site-packages/airflow/example_dags/example_xcom.py took 0.069 seconds
[2024-09-01T01:07:23.333+0530] {processor.py:186} INFO - Started process (PID=4346) to work on /Users/ravipal/Desktop/Workspace/airflow_tutorial/py_env/lib/python3.12/site-packages/airflow/example_dags/example_xcom.py
[2024-09-01T01:07:23.334+0530] {processor.py:914} INFO - Processing file /Users/ravipal/Desktop/Workspace/airflow_tutorial/py_env/lib/python3.12/site-packages/airflow/example_dags/example_xcom.py for tasks to queue
[2024-09-01T01:07:23.334+0530] {logging_mixin.py:190} INFO - [2024-09-01T01:07:23.334+0530] {dagbag.py:587} INFO - Filling up the DagBag from /Users/ravipal/Desktop/Workspace/airflow_tutorial/py_env/lib/python3.12/site-packages/airflow/example_dags/example_xcom.py
[2024-09-01T01:07:23.350+0530] {processor.py:925} INFO - DAG(s) 'example_xcom' retrieved from /Users/ravipal/Desktop/Workspace/airflow_tutorial/py_env/lib/python3.12/site-packages/airflow/example_dags/example_xcom.py
[2024-09-01T01:07:23.383+0530] {logging_mixin.py:190} INFO - [2024-09-01T01:07:23.383+0530] {dag.py:3211} INFO - Sync 1 DAGs
[2024-09-01T01:07:23.389+0530] {logging_mixin.py:190} INFO - [2024-09-01T01:07:23.389+0530] {dag.py:4138} INFO - Setting next_dagrun for example_xcom to 2021-01-01 00:00:00+00:00, run_after=2021-01-01 00:00:00+00:00
[2024-09-01T01:07:23.395+0530] {processor.py:208} INFO - Processing /Users/ravipal/Desktop/Workspace/airflow_tutorial/py_env/lib/python3.12/site-packages/airflow/example_dags/example_xcom.py took 0.064 seconds
[2024-09-01T01:08:29.716+0530] {processor.py:186} INFO - Started process (PID=4412) to work on /Users/ravipal/Desktop/Workspace/airflow_tutorial/py_env/lib/python3.12/site-packages/airflow/example_dags/example_xcom.py
[2024-09-01T01:08:29.716+0530] {processor.py:914} INFO - Processing file /Users/ravipal/Desktop/Workspace/airflow_tutorial/py_env/lib/python3.12/site-packages/airflow/example_dags/example_xcom.py for tasks to queue
[2024-09-01T01:08:29.717+0530] {logging_mixin.py:190} INFO - [2024-09-01T01:08:29.717+0530] {dagbag.py:587} INFO - Filling up the DagBag from /Users/ravipal/Desktop/Workspace/airflow_tutorial/py_env/lib/python3.12/site-packages/airflow/example_dags/example_xcom.py
[2024-09-01T01:08:29.732+0530] {processor.py:925} INFO - DAG(s) 'example_xcom' retrieved from /Users/ravipal/Desktop/Workspace/airflow_tutorial/py_env/lib/python3.12/site-packages/airflow/example_dags/example_xcom.py
[2024-09-01T01:08:29.765+0530] {logging_mixin.py:190} INFO - [2024-09-01T01:08:29.765+0530] {dag.py:3211} INFO - Sync 1 DAGs
[2024-09-01T01:08:29.771+0530] {logging_mixin.py:190} INFO - [2024-09-01T01:08:29.771+0530] {dag.py:4138} INFO - Setting next_dagrun for example_xcom to 2021-01-01 00:00:00+00:00, run_after=2021-01-01 00:00:00+00:00
[2024-09-01T01:08:29.778+0530] {processor.py:208} INFO - Processing /Users/ravipal/Desktop/Workspace/airflow_tutorial/py_env/lib/python3.12/site-packages/airflow/example_dags/example_xcom.py took 0.064 seconds
[2024-09-01T01:09:34.573+0530] {processor.py:186} INFO - Started process (PID=4477) to work on /Users/ravipal/Desktop/Workspace/airflow_tutorial/py_env/lib/python3.12/site-packages/airflow/example_dags/example_xcom.py
[2024-09-01T01:09:34.574+0530] {processor.py:914} INFO - Processing file /Users/ravipal/Desktop/Workspace/airflow_tutorial/py_env/lib/python3.12/site-packages/airflow/example_dags/example_xcom.py for tasks to queue
[2024-09-01T01:09:34.574+0530] {logging_mixin.py:190} INFO - [2024-09-01T01:09:34.574+0530] {dagbag.py:587} INFO - Filling up the DagBag from /Users/ravipal/Desktop/Workspace/airflow_tutorial/py_env/lib/python3.12/site-packages/airflow/example_dags/example_xcom.py
[2024-09-01T01:09:34.589+0530] {processor.py:925} INFO - DAG(s) 'example_xcom' retrieved from /Users/ravipal/Desktop/Workspace/airflow_tutorial/py_env/lib/python3.12/site-packages/airflow/example_dags/example_xcom.py
[2024-09-01T01:09:34.623+0530] {logging_mixin.py:190} INFO - [2024-09-01T01:09:34.623+0530] {dag.py:3211} INFO - Sync 1 DAGs
[2024-09-01T01:09:34.629+0530] {logging_mixin.py:190} INFO - [2024-09-01T01:09:34.629+0530] {dag.py:4138} INFO - Setting next_dagrun for example_xcom to 2021-01-01 00:00:00+00:00, run_after=2021-01-01 00:00:00+00:00
[2024-09-01T01:09:34.636+0530] {processor.py:208} INFO - Processing /Users/ravipal/Desktop/Workspace/airflow_tutorial/py_env/lib/python3.12/site-packages/airflow/example_dags/example_xcom.py took 0.065 seconds
[2024-09-01T01:10:35.964+0530] {processor.py:186} INFO - Started process (PID=4539) to work on /Users/ravipal/Desktop/Workspace/airflow_tutorial/py_env/lib/python3.12/site-packages/airflow/example_dags/example_xcom.py
[2024-09-01T01:10:35.964+0530] {processor.py:914} INFO - Processing file /Users/ravipal/Desktop/Workspace/airflow_tutorial/py_env/lib/python3.12/site-packages/airflow/example_dags/example_xcom.py for tasks to queue
[2024-09-01T01:10:35.965+0530] {logging_mixin.py:190} INFO - [2024-09-01T01:10:35.965+0530] {dagbag.py:587} INFO - Filling up the DagBag from /Users/ravipal/Desktop/Workspace/airflow_tutorial/py_env/lib/python3.12/site-packages/airflow/example_dags/example_xcom.py
[2024-09-01T01:10:35.981+0530] {processor.py:925} INFO - DAG(s) 'example_xcom' retrieved from /Users/ravipal/Desktop/Workspace/airflow_tutorial/py_env/lib/python3.12/site-packages/airflow/example_dags/example_xcom.py
[2024-09-01T01:10:36.014+0530] {logging_mixin.py:190} INFO - [2024-09-01T01:10:36.014+0530] {dag.py:3211} INFO - Sync 1 DAGs
[2024-09-01T01:10:36.020+0530] {logging_mixin.py:190} INFO - [2024-09-01T01:10:36.020+0530] {dag.py:4138} INFO - Setting next_dagrun for example_xcom to 2021-01-01 00:00:00+00:00, run_after=2021-01-01 00:00:00+00:00
[2024-09-01T01:10:36.026+0530] {processor.py:208} INFO - Processing /Users/ravipal/Desktop/Workspace/airflow_tutorial/py_env/lib/python3.12/site-packages/airflow/example_dags/example_xcom.py took 0.064 seconds
[2024-09-01T01:11:38.777+0530] {processor.py:186} INFO - Started process (PID=4603) to work on /Users/ravipal/Desktop/Workspace/airflow_tutorial/py_env/lib/python3.12/site-packages/airflow/example_dags/example_xcom.py
[2024-09-01T01:11:38.778+0530] {processor.py:914} INFO - Processing file /Users/ravipal/Desktop/Workspace/airflow_tutorial/py_env/lib/python3.12/site-packages/airflow/example_dags/example_xcom.py for tasks to queue
[2024-09-01T01:11:38.778+0530] {logging_mixin.py:190} INFO - [2024-09-01T01:11:38.778+0530] {dagbag.py:587} INFO - Filling up the DagBag from /Users/ravipal/Desktop/Workspace/airflow_tutorial/py_env/lib/python3.12/site-packages/airflow/example_dags/example_xcom.py
[2024-09-01T01:11:38.794+0530] {processor.py:925} INFO - DAG(s) 'example_xcom' retrieved from /Users/ravipal/Desktop/Workspace/airflow_tutorial/py_env/lib/python3.12/site-packages/airflow/example_dags/example_xcom.py
[2024-09-01T01:11:38.827+0530] {logging_mixin.py:190} INFO - [2024-09-01T01:11:38.827+0530] {dag.py:3211} INFO - Sync 1 DAGs
[2024-09-01T01:11:38.833+0530] {logging_mixin.py:190} INFO - [2024-09-01T01:11:38.833+0530] {dag.py:4138} INFO - Setting next_dagrun for example_xcom to 2021-01-01 00:00:00+00:00, run_after=2021-01-01 00:00:00+00:00
[2024-09-01T01:11:38.840+0530] {processor.py:208} INFO - Processing /Users/ravipal/Desktop/Workspace/airflow_tutorial/py_env/lib/python3.12/site-packages/airflow/example_dags/example_xcom.py took 0.064 seconds
[2024-09-01T01:12:41.543+0530] {processor.py:186} INFO - Started process (PID=4667) to work on /Users/ravipal/Desktop/Workspace/airflow_tutorial/py_env/lib/python3.12/site-packages/airflow/example_dags/example_xcom.py
[2024-09-01T01:12:41.543+0530] {processor.py:914} INFO - Processing file /Users/ravipal/Desktop/Workspace/airflow_tutorial/py_env/lib/python3.12/site-packages/airflow/example_dags/example_xcom.py for tasks to queue
[2024-09-01T01:12:41.544+0530] {logging_mixin.py:190} INFO - [2024-09-01T01:12:41.544+0530] {dagbag.py:587} INFO - Filling up the DagBag from /Users/ravipal/Desktop/Workspace/airflow_tutorial/py_env/lib/python3.12/site-packages/airflow/example_dags/example_xcom.py
[2024-09-01T01:12:41.559+0530] {processor.py:925} INFO - DAG(s) 'example_xcom' retrieved from /Users/ravipal/Desktop/Workspace/airflow_tutorial/py_env/lib/python3.12/site-packages/airflow/example_dags/example_xcom.py
[2024-09-01T01:12:41.592+0530] {logging_mixin.py:190} INFO - [2024-09-01T01:12:41.592+0530] {dag.py:3211} INFO - Sync 1 DAGs
[2024-09-01T01:12:41.598+0530] {logging_mixin.py:190} INFO - [2024-09-01T01:12:41.598+0530] {dag.py:4138} INFO - Setting next_dagrun for example_xcom to 2021-01-01 00:00:00+00:00, run_after=2021-01-01 00:00:00+00:00
[2024-09-01T01:12:41.605+0530] {processor.py:208} INFO - Processing /Users/ravipal/Desktop/Workspace/airflow_tutorial/py_env/lib/python3.12/site-packages/airflow/example_dags/example_xcom.py took 0.064 seconds
[2024-09-01T01:13:45.469+0530] {processor.py:186} INFO - Started process (PID=4730) to work on /Users/ravipal/Desktop/Workspace/airflow_tutorial/py_env/lib/python3.12/site-packages/airflow/example_dags/example_xcom.py
[2024-09-01T01:13:45.469+0530] {processor.py:914} INFO - Processing file /Users/ravipal/Desktop/Workspace/airflow_tutorial/py_env/lib/python3.12/site-packages/airflow/example_dags/example_xcom.py for tasks to queue
[2024-09-01T01:13:45.469+0530] {logging_mixin.py:190} INFO - [2024-09-01T01:13:45.469+0530] {dagbag.py:587} INFO - Filling up the DagBag from /Users/ravipal/Desktop/Workspace/airflow_tutorial/py_env/lib/python3.12/site-packages/airflow/example_dags/example_xcom.py
[2024-09-01T01:13:45.485+0530] {processor.py:925} INFO - DAG(s) 'example_xcom' retrieved from /Users/ravipal/Desktop/Workspace/airflow_tutorial/py_env/lib/python3.12/site-packages/airflow/example_dags/example_xcom.py
[2024-09-01T01:13:45.519+0530] {logging_mixin.py:190} INFO - [2024-09-01T01:13:45.519+0530] {dag.py:3211} INFO - Sync 1 DAGs
[2024-09-01T01:13:45.525+0530] {logging_mixin.py:190} INFO - [2024-09-01T01:13:45.525+0530] {dag.py:4138} INFO - Setting next_dagrun for example_xcom to 2021-01-01 00:00:00+00:00, run_after=2021-01-01 00:00:00+00:00
[2024-09-01T01:13:45.531+0530] {processor.py:208} INFO - Processing /Users/ravipal/Desktop/Workspace/airflow_tutorial/py_env/lib/python3.12/site-packages/airflow/example_dags/example_xcom.py took 0.065 seconds
[2024-09-01T01:14:51.806+0530] {processor.py:186} INFO - Started process (PID=4797) to work on /Users/ravipal/Desktop/Workspace/airflow_tutorial/py_env/lib/python3.12/site-packages/airflow/example_dags/example_xcom.py
[2024-09-01T01:14:51.806+0530] {processor.py:914} INFO - Processing file /Users/ravipal/Desktop/Workspace/airflow_tutorial/py_env/lib/python3.12/site-packages/airflow/example_dags/example_xcom.py for tasks to queue
[2024-09-01T01:14:51.807+0530] {logging_mixin.py:190} INFO - [2024-09-01T01:14:51.807+0530] {dagbag.py:587} INFO - Filling up the DagBag from /Users/ravipal/Desktop/Workspace/airflow_tutorial/py_env/lib/python3.12/site-packages/airflow/example_dags/example_xcom.py
[2024-09-01T01:14:51.822+0530] {processor.py:925} INFO - DAG(s) 'example_xcom' retrieved from /Users/ravipal/Desktop/Workspace/airflow_tutorial/py_env/lib/python3.12/site-packages/airflow/example_dags/example_xcom.py
[2024-09-01T01:14:51.856+0530] {logging_mixin.py:190} INFO - [2024-09-01T01:14:51.855+0530] {dag.py:3211} INFO - Sync 1 DAGs
[2024-09-01T01:14:51.862+0530] {logging_mixin.py:190} INFO - [2024-09-01T01:14:51.861+0530] {dag.py:4138} INFO - Setting next_dagrun for example_xcom to 2021-01-01 00:00:00+00:00, run_after=2021-01-01 00:00:00+00:00
[2024-09-01T01:14:51.868+0530] {processor.py:208} INFO - Processing /Users/ravipal/Desktop/Workspace/airflow_tutorial/py_env/lib/python3.12/site-packages/airflow/example_dags/example_xcom.py took 0.064 seconds
[2024-09-01T01:15:58.130+0530] {processor.py:186} INFO - Started process (PID=4862) to work on /Users/ravipal/Desktop/Workspace/airflow_tutorial/py_env/lib/python3.12/site-packages/airflow/example_dags/example_xcom.py
[2024-09-01T01:15:58.131+0530] {processor.py:914} INFO - Processing file /Users/ravipal/Desktop/Workspace/airflow_tutorial/py_env/lib/python3.12/site-packages/airflow/example_dags/example_xcom.py for tasks to queue
[2024-09-01T01:15:58.131+0530] {logging_mixin.py:190} INFO - [2024-09-01T01:15:58.131+0530] {dagbag.py:587} INFO - Filling up the DagBag from /Users/ravipal/Desktop/Workspace/airflow_tutorial/py_env/lib/python3.12/site-packages/airflow/example_dags/example_xcom.py
[2024-09-01T01:15:58.147+0530] {processor.py:925} INFO - DAG(s) 'example_xcom' retrieved from /Users/ravipal/Desktop/Workspace/airflow_tutorial/py_env/lib/python3.12/site-packages/airflow/example_dags/example_xcom.py
[2024-09-01T01:15:58.180+0530] {logging_mixin.py:190} INFO - [2024-09-01T01:15:58.180+0530] {dag.py:3211} INFO - Sync 1 DAGs
[2024-09-01T01:15:58.186+0530] {logging_mixin.py:190} INFO - [2024-09-01T01:15:58.186+0530] {dag.py:4138} INFO - Setting next_dagrun for example_xcom to 2021-01-01 00:00:00+00:00, run_after=2021-01-01 00:00:00+00:00
[2024-09-01T01:15:58.193+0530] {processor.py:208} INFO - Processing /Users/ravipal/Desktop/Workspace/airflow_tutorial/py_env/lib/python3.12/site-packages/airflow/example_dags/example_xcom.py took 0.064 seconds
[2024-09-01T01:17:04.312+0530] {processor.py:186} INFO - Started process (PID=4929) to work on /Users/ravipal/Desktop/Workspace/airflow_tutorial/py_env/lib/python3.12/site-packages/airflow/example_dags/example_xcom.py
[2024-09-01T01:17:04.313+0530] {processor.py:914} INFO - Processing file /Users/ravipal/Desktop/Workspace/airflow_tutorial/py_env/lib/python3.12/site-packages/airflow/example_dags/example_xcom.py for tasks to queue
[2024-09-01T01:17:04.313+0530] {logging_mixin.py:190} INFO - [2024-09-01T01:17:04.313+0530] {dagbag.py:587} INFO - Filling up the DagBag from /Users/ravipal/Desktop/Workspace/airflow_tutorial/py_env/lib/python3.12/site-packages/airflow/example_dags/example_xcom.py
[2024-09-01T01:17:04.328+0530] {processor.py:925} INFO - DAG(s) 'example_xcom' retrieved from /Users/ravipal/Desktop/Workspace/airflow_tutorial/py_env/lib/python3.12/site-packages/airflow/example_dags/example_xcom.py
[2024-09-01T01:17:04.362+0530] {logging_mixin.py:190} INFO - [2024-09-01T01:17:04.361+0530] {dag.py:3211} INFO - Sync 1 DAGs
[2024-09-01T01:17:04.368+0530] {logging_mixin.py:190} INFO - [2024-09-01T01:17:04.367+0530] {dag.py:4138} INFO - Setting next_dagrun for example_xcom to 2021-01-01 00:00:00+00:00, run_after=2021-01-01 00:00:00+00:00
[2024-09-01T01:17:04.374+0530] {processor.py:208} INFO - Processing /Users/ravipal/Desktop/Workspace/airflow_tutorial/py_env/lib/python3.12/site-packages/airflow/example_dags/example_xcom.py took 0.064 seconds
[2024-09-01T01:18:08.190+0530] {processor.py:186} INFO - Started process (PID=4993) to work on /Users/ravipal/Desktop/Workspace/airflow_tutorial/py_env/lib/python3.12/site-packages/airflow/example_dags/example_xcom.py
[2024-09-01T01:18:08.191+0530] {processor.py:914} INFO - Processing file /Users/ravipal/Desktop/Workspace/airflow_tutorial/py_env/lib/python3.12/site-packages/airflow/example_dags/example_xcom.py for tasks to queue
[2024-09-01T01:18:08.191+0530] {logging_mixin.py:190} INFO - [2024-09-01T01:18:08.191+0530] {dagbag.py:587} INFO - Filling up the DagBag from /Users/ravipal/Desktop/Workspace/airflow_tutorial/py_env/lib/python3.12/site-packages/airflow/example_dags/example_xcom.py
[2024-09-01T01:18:08.206+0530] {processor.py:925} INFO - DAG(s) 'example_xcom' retrieved from /Users/ravipal/Desktop/Workspace/airflow_tutorial/py_env/lib/python3.12/site-packages/airflow/example_dags/example_xcom.py
[2024-09-01T01:18:08.240+0530] {logging_mixin.py:190} INFO - [2024-09-01T01:18:08.239+0530] {dag.py:3211} INFO - Sync 1 DAGs
[2024-09-01T01:18:08.246+0530] {logging_mixin.py:190} INFO - [2024-09-01T01:18:08.246+0530] {dag.py:4138} INFO - Setting next_dagrun for example_xcom to 2021-01-01 00:00:00+00:00, run_after=2021-01-01 00:00:00+00:00
[2024-09-01T01:18:08.252+0530] {processor.py:208} INFO - Processing /Users/ravipal/Desktop/Workspace/airflow_tutorial/py_env/lib/python3.12/site-packages/airflow/example_dags/example_xcom.py took 0.064 seconds
