[2024-09-01T00:23:20.800+0530] {processor.py:186} INFO - Started process (PID=1445) to work on /Users/ravipal/Desktop/Workspace/airflow_tutorial/py_env/lib/python3.12/site-packages/airflow/example_dags/example_sensors.py
[2024-09-01T00:23:20.800+0530] {processor.py:914} INFO - Processing file /Users/ravipal/Desktop/Workspace/airflow_tutorial/py_env/lib/python3.12/site-packages/airflow/example_dags/example_sensors.py for tasks to queue
[2024-09-01T00:23:20.801+0530] {logging_mixin.py:190} INFO - [2024-09-01T00:23:20.801+0530] {dagbag.py:587} INFO - Filling up the DagBag from /Users/ravipal/Desktop/Workspace/airflow_tutorial/py_env/lib/python3.12/site-packages/airflow/example_dags/example_sensors.py
[2024-09-01T00:23:20.810+0530] {processor.py:925} INFO - DAG(s) 'example_sensors' retrieved from /Users/ravipal/Desktop/Workspace/airflow_tutorial/py_env/lib/python3.12/site-packages/airflow/example_dags/example_sensors.py
[2024-09-01T00:23:20.847+0530] {logging_mixin.py:190} INFO - [2024-09-01T00:23:20.847+0530] {workday.py:41} WARNING - Could not import pandas. Holidays will not be considered.
[2024-09-01T00:23:20.901+0530] {logging_mixin.py:190} INFO - [2024-09-01T00:23:20.901+0530] {override.py:1858} INFO - Created Permission View: can delete on DAG:example_sensors
[2024-09-01T00:23:20.905+0530] {logging_mixin.py:190} INFO - [2024-09-01T00:23:20.905+0530] {override.py:1858} INFO - Created Permission View: can read on DAG:example_sensors
[2024-09-01T00:23:20.908+0530] {logging_mixin.py:190} INFO - [2024-09-01T00:23:20.907+0530] {override.py:1858} INFO - Created Permission View: can edit on DAG:example_sensors
[2024-09-01T00:23:20.908+0530] {logging_mixin.py:190} INFO - [2024-09-01T00:23:20.908+0530] {dag.py:3211} INFO - Sync 1 DAGs
[2024-09-01T00:23:20.951+0530] {logging_mixin.py:190} INFO - [2024-09-01T00:23:20.951+0530] {dag.py:3234} INFO - Creating ORM DAG for example_sensors
[2024-09-01T00:23:20.951+0530] {logging_mixin.py:190} INFO - [2024-09-01T00:23:20.951+0530] {dag.py:4138} INFO - Setting next_dagrun for example_sensors to None, run_after=None
[2024-09-01T00:23:20.959+0530] {processor.py:208} INFO - Processing /Users/ravipal/Desktop/Workspace/airflow_tutorial/py_env/lib/python3.12/site-packages/airflow/example_dags/example_sensors.py took 0.161 seconds
[2024-09-01T00:24:59.791+0530] {processor.py:186} INFO - Started process (PID=1545) to work on /Users/ravipal/Desktop/Workspace/airflow_tutorial/py_env/lib/python3.12/site-packages/airflow/example_dags/example_sensors.py
[2024-09-01T00:24:59.791+0530] {processor.py:914} INFO - Processing file /Users/ravipal/Desktop/Workspace/airflow_tutorial/py_env/lib/python3.12/site-packages/airflow/example_dags/example_sensors.py for tasks to queue
[2024-09-01T00:24:59.791+0530] {logging_mixin.py:190} INFO - [2024-09-01T00:24:59.791+0530] {dagbag.py:587} INFO - Filling up the DagBag from /Users/ravipal/Desktop/Workspace/airflow_tutorial/py_env/lib/python3.12/site-packages/airflow/example_dags/example_sensors.py
[2024-09-01T00:24:59.797+0530] {processor.py:925} INFO - DAG(s) 'example_sensors' retrieved from /Users/ravipal/Desktop/Workspace/airflow_tutorial/py_env/lib/python3.12/site-packages/airflow/example_dags/example_sensors.py
[2024-09-01T00:24:59.828+0530] {logging_mixin.py:190} INFO - [2024-09-01T00:24:59.828+0530] {workday.py:41} WARNING - Could not import pandas. Holidays will not be considered.
[2024-09-01T00:24:59.838+0530] {logging_mixin.py:190} INFO - [2024-09-01T00:24:59.838+0530] {dag.py:3211} INFO - Sync 1 DAGs
[2024-09-01T00:24:59.841+0530] {logging_mixin.py:190} INFO - [2024-09-01T00:24:59.841+0530] {dag.py:4138} INFO - Setting next_dagrun for example_sensors to None, run_after=None
[2024-09-01T00:24:59.848+0530] {processor.py:208} INFO - Processing /Users/ravipal/Desktop/Workspace/airflow_tutorial/py_env/lib/python3.12/site-packages/airflow/example_dags/example_sensors.py took 0.059 seconds
[2024-09-01T00:27:14.747+0530] {processor.py:186} INFO - Started process (PID=1824) to work on /Users/ravipal/Desktop/Workspace/airflow_tutorial/py_env/lib/python3.12/site-packages/airflow/example_dags/example_sensors.py
[2024-09-01T00:27:14.747+0530] {processor.py:914} INFO - Processing file /Users/ravipal/Desktop/Workspace/airflow_tutorial/py_env/lib/python3.12/site-packages/airflow/example_dags/example_sensors.py for tasks to queue
[2024-09-01T00:27:14.748+0530] {logging_mixin.py:190} INFO - [2024-09-01T00:27:14.748+0530] {dagbag.py:587} INFO - Filling up the DagBag from /Users/ravipal/Desktop/Workspace/airflow_tutorial/py_env/lib/python3.12/site-packages/airflow/example_dags/example_sensors.py
[2024-09-01T00:27:14.753+0530] {processor.py:925} INFO - DAG(s) 'example_sensors' retrieved from /Users/ravipal/Desktop/Workspace/airflow_tutorial/py_env/lib/python3.12/site-packages/airflow/example_dags/example_sensors.py
[2024-09-01T00:27:14.788+0530] {logging_mixin.py:190} INFO - [2024-09-01T00:27:14.788+0530] {workday.py:41} WARNING - Could not import pandas. Holidays will not be considered.
[2024-09-01T00:27:14.798+0530] {logging_mixin.py:190} INFO - [2024-09-01T00:27:14.798+0530] {dag.py:3211} INFO - Sync 1 DAGs
[2024-09-01T00:27:14.802+0530] {logging_mixin.py:190} INFO - [2024-09-01T00:27:14.802+0530] {dag.py:4138} INFO - Setting next_dagrun for example_sensors to None, run_after=None
[2024-09-01T00:27:14.809+0530] {processor.py:208} INFO - Processing /Users/ravipal/Desktop/Workspace/airflow_tutorial/py_env/lib/python3.12/site-packages/airflow/example_dags/example_sensors.py took 0.064 seconds
[2024-09-01T00:29:27.212+0530] {processor.py:186} INFO - Started process (PID=2006) to work on /Users/ravipal/Desktop/Workspace/airflow_tutorial/py_env/lib/python3.12/site-packages/airflow/example_dags/example_sensors.py
[2024-09-01T00:29:27.212+0530] {processor.py:914} INFO - Processing file /Users/ravipal/Desktop/Workspace/airflow_tutorial/py_env/lib/python3.12/site-packages/airflow/example_dags/example_sensors.py for tasks to queue
[2024-09-01T00:29:27.213+0530] {logging_mixin.py:190} INFO - [2024-09-01T00:29:27.212+0530] {dagbag.py:587} INFO - Filling up the DagBag from /Users/ravipal/Desktop/Workspace/airflow_tutorial/py_env/lib/python3.12/site-packages/airflow/example_dags/example_sensors.py
[2024-09-01T00:29:27.218+0530] {processor.py:925} INFO - DAG(s) 'example_sensors' retrieved from /Users/ravipal/Desktop/Workspace/airflow_tutorial/py_env/lib/python3.12/site-packages/airflow/example_dags/example_sensors.py
[2024-09-01T00:29:27.250+0530] {logging_mixin.py:190} INFO - [2024-09-01T00:29:27.249+0530] {workday.py:41} WARNING - Could not import pandas. Holidays will not be considered.
[2024-09-01T00:29:27.259+0530] {logging_mixin.py:190} INFO - [2024-09-01T00:29:27.259+0530] {dag.py:3211} INFO - Sync 1 DAGs
[2024-09-01T00:29:27.263+0530] {logging_mixin.py:190} INFO - [2024-09-01T00:29:27.263+0530] {dag.py:4138} INFO - Setting next_dagrun for example_sensors to None, run_after=None
[2024-09-01T00:29:27.273+0530] {processor.py:208} INFO - Processing /Users/ravipal/Desktop/Workspace/airflow_tutorial/py_env/lib/python3.12/site-packages/airflow/example_dags/example_sensors.py took 0.063 seconds
[2024-09-01T00:31:39.671+0530] {processor.py:186} INFO - Started process (PID=2141) to work on /Users/ravipal/Desktop/Workspace/airflow_tutorial/py_env/lib/python3.12/site-packages/airflow/example_dags/example_sensors.py
[2024-09-01T00:31:39.672+0530] {processor.py:914} INFO - Processing file /Users/ravipal/Desktop/Workspace/airflow_tutorial/py_env/lib/python3.12/site-packages/airflow/example_dags/example_sensors.py for tasks to queue
[2024-09-01T00:31:39.672+0530] {logging_mixin.py:190} INFO - [2024-09-01T00:31:39.672+0530] {dagbag.py:587} INFO - Filling up the DagBag from /Users/ravipal/Desktop/Workspace/airflow_tutorial/py_env/lib/python3.12/site-packages/airflow/example_dags/example_sensors.py
[2024-09-01T00:31:39.677+0530] {processor.py:925} INFO - DAG(s) 'example_sensors' retrieved from /Users/ravipal/Desktop/Workspace/airflow_tutorial/py_env/lib/python3.12/site-packages/airflow/example_dags/example_sensors.py
[2024-09-01T00:31:39.708+0530] {logging_mixin.py:190} INFO - [2024-09-01T00:31:39.708+0530] {workday.py:41} WARNING - Could not import pandas. Holidays will not be considered.
[2024-09-01T00:31:39.718+0530] {logging_mixin.py:190} INFO - [2024-09-01T00:31:39.718+0530] {dag.py:3211} INFO - Sync 1 DAGs
[2024-09-01T00:31:39.721+0530] {logging_mixin.py:190} INFO - [2024-09-01T00:31:39.721+0530] {dag.py:4138} INFO - Setting next_dagrun for example_sensors to None, run_after=None
[2024-09-01T00:31:39.728+0530] {processor.py:208} INFO - Processing /Users/ravipal/Desktop/Workspace/airflow_tutorial/py_env/lib/python3.12/site-packages/airflow/example_dags/example_sensors.py took 0.059 seconds
[2024-09-01T00:33:53.840+0530] {processor.py:186} INFO - Started process (PID=2273) to work on /Users/ravipal/Desktop/Workspace/airflow_tutorial/py_env/lib/python3.12/site-packages/airflow/example_dags/example_sensors.py
[2024-09-01T00:33:53.840+0530] {processor.py:914} INFO - Processing file /Users/ravipal/Desktop/Workspace/airflow_tutorial/py_env/lib/python3.12/site-packages/airflow/example_dags/example_sensors.py for tasks to queue
[2024-09-01T00:33:53.841+0530] {logging_mixin.py:190} INFO - [2024-09-01T00:33:53.841+0530] {dagbag.py:587} INFO - Filling up the DagBag from /Users/ravipal/Desktop/Workspace/airflow_tutorial/py_env/lib/python3.12/site-packages/airflow/example_dags/example_sensors.py
[2024-09-01T00:33:53.847+0530] {processor.py:925} INFO - DAG(s) 'example_sensors' retrieved from /Users/ravipal/Desktop/Workspace/airflow_tutorial/py_env/lib/python3.12/site-packages/airflow/example_dags/example_sensors.py
[2024-09-01T00:33:53.878+0530] {logging_mixin.py:190} INFO - [2024-09-01T00:33:53.878+0530] {workday.py:41} WARNING - Could not import pandas. Holidays will not be considered.
[2024-09-01T00:33:53.888+0530] {logging_mixin.py:190} INFO - [2024-09-01T00:33:53.888+0530] {dag.py:3211} INFO - Sync 1 DAGs
[2024-09-01T00:33:53.892+0530] {logging_mixin.py:190} INFO - [2024-09-01T00:33:53.892+0530] {dag.py:4138} INFO - Setting next_dagrun for example_sensors to None, run_after=None
[2024-09-01T00:33:53.898+0530] {processor.py:208} INFO - Processing /Users/ravipal/Desktop/Workspace/airflow_tutorial/py_env/lib/python3.12/site-packages/airflow/example_dags/example_sensors.py took 0.060 seconds
[2024-09-01T00:36:09.674+0530] {processor.py:186} INFO - Started process (PID=2409) to work on /Users/ravipal/Desktop/Workspace/airflow_tutorial/py_env/lib/python3.12/site-packages/airflow/example_dags/example_sensors.py
[2024-09-01T00:36:09.675+0530] {processor.py:914} INFO - Processing file /Users/ravipal/Desktop/Workspace/airflow_tutorial/py_env/lib/python3.12/site-packages/airflow/example_dags/example_sensors.py for tasks to queue
[2024-09-01T00:36:09.675+0530] {logging_mixin.py:190} INFO - [2024-09-01T00:36:09.675+0530] {dagbag.py:587} INFO - Filling up the DagBag from /Users/ravipal/Desktop/Workspace/airflow_tutorial/py_env/lib/python3.12/site-packages/airflow/example_dags/example_sensors.py
[2024-09-01T00:36:09.680+0530] {processor.py:925} INFO - DAG(s) 'example_sensors' retrieved from /Users/ravipal/Desktop/Workspace/airflow_tutorial/py_env/lib/python3.12/site-packages/airflow/example_dags/example_sensors.py
[2024-09-01T00:36:09.710+0530] {logging_mixin.py:190} INFO - [2024-09-01T00:36:09.710+0530] {workday.py:41} WARNING - Could not import pandas. Holidays will not be considered.
[2024-09-01T00:36:09.720+0530] {logging_mixin.py:190} INFO - [2024-09-01T00:36:09.720+0530] {dag.py:3211} INFO - Sync 1 DAGs
[2024-09-01T00:36:09.724+0530] {logging_mixin.py:190} INFO - [2024-09-01T00:36:09.724+0530] {dag.py:4138} INFO - Setting next_dagrun for example_sensors to None, run_after=None
[2024-09-01T00:36:09.731+0530] {processor.py:208} INFO - Processing /Users/ravipal/Desktop/Workspace/airflow_tutorial/py_env/lib/python3.12/site-packages/airflow/example_dags/example_sensors.py took 0.058 seconds
[2024-09-01T00:38:20.863+0530] {processor.py:186} INFO - Started process (PID=2540) to work on /Users/ravipal/Desktop/Workspace/airflow_tutorial/py_env/lib/python3.12/site-packages/airflow/example_dags/example_sensors.py
[2024-09-01T00:38:20.863+0530] {processor.py:914} INFO - Processing file /Users/ravipal/Desktop/Workspace/airflow_tutorial/py_env/lib/python3.12/site-packages/airflow/example_dags/example_sensors.py for tasks to queue
[2024-09-01T00:38:20.864+0530] {logging_mixin.py:190} INFO - [2024-09-01T00:38:20.864+0530] {dagbag.py:587} INFO - Filling up the DagBag from /Users/ravipal/Desktop/Workspace/airflow_tutorial/py_env/lib/python3.12/site-packages/airflow/example_dags/example_sensors.py
[2024-09-01T00:38:20.868+0530] {processor.py:925} INFO - DAG(s) 'example_sensors' retrieved from /Users/ravipal/Desktop/Workspace/airflow_tutorial/py_env/lib/python3.12/site-packages/airflow/example_dags/example_sensors.py
[2024-09-01T00:38:20.902+0530] {logging_mixin.py:190} INFO - [2024-09-01T00:38:20.902+0530] {workday.py:41} WARNING - Could not import pandas. Holidays will not be considered.
[2024-09-01T00:38:20.913+0530] {logging_mixin.py:190} INFO - [2024-09-01T00:38:20.912+0530] {dag.py:3211} INFO - Sync 1 DAGs
[2024-09-01T00:38:20.917+0530] {logging_mixin.py:190} INFO - [2024-09-01T00:38:20.916+0530] {dag.py:4138} INFO - Setting next_dagrun for example_sensors to None, run_after=None
[2024-09-01T00:38:20.949+0530] {processor.py:208} INFO - Processing /Users/ravipal/Desktop/Workspace/airflow_tutorial/py_env/lib/python3.12/site-packages/airflow/example_dags/example_sensors.py took 0.088 seconds
[2024-09-01T00:40:26.952+0530] {processor.py:186} INFO - Started process (PID=2669) to work on /Users/ravipal/Desktop/Workspace/airflow_tutorial/py_env/lib/python3.12/site-packages/airflow/example_dags/example_sensors.py
[2024-09-01T00:40:26.953+0530] {processor.py:914} INFO - Processing file /Users/ravipal/Desktop/Workspace/airflow_tutorial/py_env/lib/python3.12/site-packages/airflow/example_dags/example_sensors.py for tasks to queue
[2024-09-01T00:40:26.953+0530] {logging_mixin.py:190} INFO - [2024-09-01T00:40:26.953+0530] {dagbag.py:587} INFO - Filling up the DagBag from /Users/ravipal/Desktop/Workspace/airflow_tutorial/py_env/lib/python3.12/site-packages/airflow/example_dags/example_sensors.py
[2024-09-01T00:40:26.959+0530] {processor.py:925} INFO - DAG(s) 'example_sensors' retrieved from /Users/ravipal/Desktop/Workspace/airflow_tutorial/py_env/lib/python3.12/site-packages/airflow/example_dags/example_sensors.py
[2024-09-01T00:40:26.991+0530] {logging_mixin.py:190} INFO - [2024-09-01T00:40:26.991+0530] {workday.py:41} WARNING - Could not import pandas. Holidays will not be considered.
[2024-09-01T00:40:27.001+0530] {logging_mixin.py:190} INFO - [2024-09-01T00:40:27.001+0530] {dag.py:3211} INFO - Sync 1 DAGs
[2024-09-01T00:40:27.005+0530] {logging_mixin.py:190} INFO - [2024-09-01T00:40:27.005+0530] {dag.py:4138} INFO - Setting next_dagrun for example_sensors to None, run_after=None
[2024-09-01T00:40:27.011+0530] {processor.py:208} INFO - Processing /Users/ravipal/Desktop/Workspace/airflow_tutorial/py_env/lib/python3.12/site-packages/airflow/example_dags/example_sensors.py took 0.061 seconds
[2024-09-01T00:42:39.858+0530] {processor.py:186} INFO - Started process (PID=2799) to work on /Users/ravipal/Desktop/Workspace/airflow_tutorial/py_env/lib/python3.12/site-packages/airflow/example_dags/example_sensors.py
[2024-09-01T00:42:39.859+0530] {processor.py:914} INFO - Processing file /Users/ravipal/Desktop/Workspace/airflow_tutorial/py_env/lib/python3.12/site-packages/airflow/example_dags/example_sensors.py for tasks to queue
[2024-09-01T00:42:39.859+0530] {logging_mixin.py:190} INFO - [2024-09-01T00:42:39.859+0530] {dagbag.py:587} INFO - Filling up the DagBag from /Users/ravipal/Desktop/Workspace/airflow_tutorial/py_env/lib/python3.12/site-packages/airflow/example_dags/example_sensors.py
[2024-09-01T00:42:39.865+0530] {processor.py:925} INFO - DAG(s) 'example_sensors' retrieved from /Users/ravipal/Desktop/Workspace/airflow_tutorial/py_env/lib/python3.12/site-packages/airflow/example_dags/example_sensors.py
[2024-09-01T00:42:39.896+0530] {logging_mixin.py:190} INFO - [2024-09-01T00:42:39.896+0530] {workday.py:41} WARNING - Could not import pandas. Holidays will not be considered.
[2024-09-01T00:42:39.905+0530] {logging_mixin.py:190} INFO - [2024-09-01T00:42:39.905+0530] {dag.py:3211} INFO - Sync 1 DAGs
[2024-09-01T00:42:39.909+0530] {logging_mixin.py:190} INFO - [2024-09-01T00:42:39.909+0530] {dag.py:4138} INFO - Setting next_dagrun for example_sensors to None, run_after=None
[2024-09-01T00:42:39.916+0530] {processor.py:208} INFO - Processing /Users/ravipal/Desktop/Workspace/airflow_tutorial/py_env/lib/python3.12/site-packages/airflow/example_dags/example_sensors.py took 0.059 seconds
[2024-09-01T00:44:55.805+0530] {processor.py:186} INFO - Started process (PID=2933) to work on /Users/ravipal/Desktop/Workspace/airflow_tutorial/py_env/lib/python3.12/site-packages/airflow/example_dags/example_sensors.py
[2024-09-01T00:44:55.806+0530] {processor.py:914} INFO - Processing file /Users/ravipal/Desktop/Workspace/airflow_tutorial/py_env/lib/python3.12/site-packages/airflow/example_dags/example_sensors.py for tasks to queue
[2024-09-01T00:44:55.806+0530] {logging_mixin.py:190} INFO - [2024-09-01T00:44:55.806+0530] {dagbag.py:587} INFO - Filling up the DagBag from /Users/ravipal/Desktop/Workspace/airflow_tutorial/py_env/lib/python3.12/site-packages/airflow/example_dags/example_sensors.py
[2024-09-01T00:44:55.812+0530] {processor.py:925} INFO - DAG(s) 'example_sensors' retrieved from /Users/ravipal/Desktop/Workspace/airflow_tutorial/py_env/lib/python3.12/site-packages/airflow/example_dags/example_sensors.py
[2024-09-01T00:44:55.843+0530] {logging_mixin.py:190} INFO - [2024-09-01T00:44:55.843+0530] {workday.py:41} WARNING - Could not import pandas. Holidays will not be considered.
[2024-09-01T00:44:55.853+0530] {logging_mixin.py:190} INFO - [2024-09-01T00:44:55.853+0530] {dag.py:3211} INFO - Sync 1 DAGs
[2024-09-01T00:44:55.857+0530] {logging_mixin.py:190} INFO - [2024-09-01T00:44:55.857+0530] {dag.py:4138} INFO - Setting next_dagrun for example_sensors to None, run_after=None
[2024-09-01T00:44:55.863+0530] {processor.py:208} INFO - Processing /Users/ravipal/Desktop/Workspace/airflow_tutorial/py_env/lib/python3.12/site-packages/airflow/example_dags/example_sensors.py took 0.060 seconds
[2024-09-01T00:47:10.122+0530] {processor.py:186} INFO - Started process (PID=3066) to work on /Users/ravipal/Desktop/Workspace/airflow_tutorial/py_env/lib/python3.12/site-packages/airflow/example_dags/example_sensors.py
[2024-09-01T00:47:10.122+0530] {processor.py:914} INFO - Processing file /Users/ravipal/Desktop/Workspace/airflow_tutorial/py_env/lib/python3.12/site-packages/airflow/example_dags/example_sensors.py for tasks to queue
[2024-09-01T00:47:10.123+0530] {logging_mixin.py:190} INFO - [2024-09-01T00:47:10.122+0530] {dagbag.py:587} INFO - Filling up the DagBag from /Users/ravipal/Desktop/Workspace/airflow_tutorial/py_env/lib/python3.12/site-packages/airflow/example_dags/example_sensors.py
[2024-09-01T00:47:10.129+0530] {processor.py:925} INFO - DAG(s) 'example_sensors' retrieved from /Users/ravipal/Desktop/Workspace/airflow_tutorial/py_env/lib/python3.12/site-packages/airflow/example_dags/example_sensors.py
[2024-09-01T00:47:10.161+0530] {logging_mixin.py:190} INFO - [2024-09-01T00:47:10.161+0530] {workday.py:41} WARNING - Could not import pandas. Holidays will not be considered.
[2024-09-01T00:47:10.170+0530] {logging_mixin.py:190} INFO - [2024-09-01T00:47:10.170+0530] {dag.py:3211} INFO - Sync 1 DAGs
[2024-09-01T00:47:10.174+0530] {logging_mixin.py:190} INFO - [2024-09-01T00:47:10.174+0530] {dag.py:4138} INFO - Setting next_dagrun for example_sensors to None, run_after=None
[2024-09-01T00:47:10.180+0530] {processor.py:208} INFO - Processing /Users/ravipal/Desktop/Workspace/airflow_tutorial/py_env/lib/python3.12/site-packages/airflow/example_dags/example_sensors.py took 0.061 seconds
[2024-09-01T00:49:14.707+0530] {processor.py:186} INFO - Started process (PID=3198) to work on /Users/ravipal/Desktop/Workspace/airflow_tutorial/py_env/lib/python3.12/site-packages/airflow/example_dags/example_sensors.py
[2024-09-01T00:49:14.707+0530] {processor.py:914} INFO - Processing file /Users/ravipal/Desktop/Workspace/airflow_tutorial/py_env/lib/python3.12/site-packages/airflow/example_dags/example_sensors.py for tasks to queue
[2024-09-01T00:49:14.707+0530] {logging_mixin.py:190} INFO - [2024-09-01T00:49:14.707+0530] {dagbag.py:587} INFO - Filling up the DagBag from /Users/ravipal/Desktop/Workspace/airflow_tutorial/py_env/lib/python3.12/site-packages/airflow/example_dags/example_sensors.py
[2024-09-01T00:49:14.714+0530] {processor.py:925} INFO - DAG(s) 'example_sensors' retrieved from /Users/ravipal/Desktop/Workspace/airflow_tutorial/py_env/lib/python3.12/site-packages/airflow/example_dags/example_sensors.py
[2024-09-01T00:49:14.748+0530] {logging_mixin.py:190} INFO - [2024-09-01T00:49:14.748+0530] {workday.py:41} WARNING - Could not import pandas. Holidays will not be considered.
[2024-09-01T00:49:14.758+0530] {logging_mixin.py:190} INFO - [2024-09-01T00:49:14.758+0530] {dag.py:3211} INFO - Sync 1 DAGs
[2024-09-01T00:49:14.762+0530] {logging_mixin.py:190} INFO - [2024-09-01T00:49:14.762+0530] {dag.py:4138} INFO - Setting next_dagrun for example_sensors to None, run_after=None
[2024-09-01T00:49:14.769+0530] {processor.py:208} INFO - Processing /Users/ravipal/Desktop/Workspace/airflow_tutorial/py_env/lib/python3.12/site-packages/airflow/example_dags/example_sensors.py took 0.065 seconds
[2024-09-01T00:51:31.769+0530] {processor.py:186} INFO - Started process (PID=3356) to work on /Users/ravipal/Desktop/Workspace/airflow_tutorial/py_env/lib/python3.12/site-packages/airflow/example_dags/example_sensors.py
[2024-09-01T00:51:31.770+0530] {processor.py:914} INFO - Processing file /Users/ravipal/Desktop/Workspace/airflow_tutorial/py_env/lib/python3.12/site-packages/airflow/example_dags/example_sensors.py for tasks to queue
[2024-09-01T00:51:31.771+0530] {logging_mixin.py:190} INFO - [2024-09-01T00:51:31.771+0530] {dagbag.py:587} INFO - Filling up the DagBag from /Users/ravipal/Desktop/Workspace/airflow_tutorial/py_env/lib/python3.12/site-packages/airflow/example_dags/example_sensors.py
[2024-09-01T00:51:31.777+0530] {processor.py:925} INFO - DAG(s) 'example_sensors' retrieved from /Users/ravipal/Desktop/Workspace/airflow_tutorial/py_env/lib/python3.12/site-packages/airflow/example_dags/example_sensors.py
[2024-09-01T00:51:31.809+0530] {logging_mixin.py:190} INFO - [2024-09-01T00:51:31.809+0530] {workday.py:41} WARNING - Could not import pandas. Holidays will not be considered.
[2024-09-01T00:51:31.819+0530] {logging_mixin.py:190} INFO - [2024-09-01T00:51:31.819+0530] {dag.py:3211} INFO - Sync 1 DAGs
[2024-09-01T00:51:31.823+0530] {logging_mixin.py:190} INFO - [2024-09-01T00:51:31.823+0530] {dag.py:4138} INFO - Setting next_dagrun for example_sensors to None, run_after=None
[2024-09-01T00:51:31.829+0530] {processor.py:208} INFO - Processing /Users/ravipal/Desktop/Workspace/airflow_tutorial/py_env/lib/python3.12/site-packages/airflow/example_dags/example_sensors.py took 0.062 seconds
[2024-09-01T00:53:42.800+0530] {processor.py:186} INFO - Started process (PID=3487) to work on /Users/ravipal/Desktop/Workspace/airflow_tutorial/py_env/lib/python3.12/site-packages/airflow/example_dags/example_sensors.py
[2024-09-01T00:53:42.801+0530] {processor.py:914} INFO - Processing file /Users/ravipal/Desktop/Workspace/airflow_tutorial/py_env/lib/python3.12/site-packages/airflow/example_dags/example_sensors.py for tasks to queue
[2024-09-01T00:53:42.801+0530] {logging_mixin.py:190} INFO - [2024-09-01T00:53:42.801+0530] {dagbag.py:587} INFO - Filling up the DagBag from /Users/ravipal/Desktop/Workspace/airflow_tutorial/py_env/lib/python3.12/site-packages/airflow/example_dags/example_sensors.py
[2024-09-01T00:53:42.807+0530] {processor.py:925} INFO - DAG(s) 'example_sensors' retrieved from /Users/ravipal/Desktop/Workspace/airflow_tutorial/py_env/lib/python3.12/site-packages/airflow/example_dags/example_sensors.py
[2024-09-01T00:53:42.839+0530] {logging_mixin.py:190} INFO - [2024-09-01T00:53:42.838+0530] {workday.py:41} WARNING - Could not import pandas. Holidays will not be considered.
[2024-09-01T00:53:42.848+0530] {logging_mixin.py:190} INFO - [2024-09-01T00:53:42.848+0530] {dag.py:3211} INFO - Sync 1 DAGs
[2024-09-01T00:53:42.852+0530] {logging_mixin.py:190} INFO - [2024-09-01T00:53:42.852+0530] {dag.py:4138} INFO - Setting next_dagrun for example_sensors to None, run_after=None
[2024-09-01T00:53:42.858+0530] {processor.py:208} INFO - Processing /Users/ravipal/Desktop/Workspace/airflow_tutorial/py_env/lib/python3.12/site-packages/airflow/example_dags/example_sensors.py took 0.060 seconds
[2024-09-01T00:55:52.508+0530] {processor.py:186} INFO - Started process (PID=3618) to work on /Users/ravipal/Desktop/Workspace/airflow_tutorial/py_env/lib/python3.12/site-packages/airflow/example_dags/example_sensors.py
[2024-09-01T00:55:52.509+0530] {processor.py:914} INFO - Processing file /Users/ravipal/Desktop/Workspace/airflow_tutorial/py_env/lib/python3.12/site-packages/airflow/example_dags/example_sensors.py for tasks to queue
[2024-09-01T00:55:52.509+0530] {logging_mixin.py:190} INFO - [2024-09-01T00:55:52.509+0530] {dagbag.py:587} INFO - Filling up the DagBag from /Users/ravipal/Desktop/Workspace/airflow_tutorial/py_env/lib/python3.12/site-packages/airflow/example_dags/example_sensors.py
[2024-09-01T00:55:52.515+0530] {processor.py:925} INFO - DAG(s) 'example_sensors' retrieved from /Users/ravipal/Desktop/Workspace/airflow_tutorial/py_env/lib/python3.12/site-packages/airflow/example_dags/example_sensors.py
[2024-09-01T00:55:52.546+0530] {logging_mixin.py:190} INFO - [2024-09-01T00:55:52.546+0530] {workday.py:41} WARNING - Could not import pandas. Holidays will not be considered.
[2024-09-01T00:55:52.556+0530] {logging_mixin.py:190} INFO - [2024-09-01T00:55:52.556+0530] {dag.py:3211} INFO - Sync 1 DAGs
[2024-09-01T00:55:52.560+0530] {logging_mixin.py:190} INFO - [2024-09-01T00:55:52.560+0530] {dag.py:4138} INFO - Setting next_dagrun for example_sensors to None, run_after=None
[2024-09-01T00:55:52.566+0530] {processor.py:208} INFO - Processing /Users/ravipal/Desktop/Workspace/airflow_tutorial/py_env/lib/python3.12/site-packages/airflow/example_dags/example_sensors.py took 0.060 seconds
[2024-09-01T00:58:06.413+0530] {processor.py:186} INFO - Started process (PID=3749) to work on /Users/ravipal/Desktop/Workspace/airflow_tutorial/py_env/lib/python3.12/site-packages/airflow/example_dags/example_sensors.py
[2024-09-01T00:58:06.413+0530] {processor.py:914} INFO - Processing file /Users/ravipal/Desktop/Workspace/airflow_tutorial/py_env/lib/python3.12/site-packages/airflow/example_dags/example_sensors.py for tasks to queue
[2024-09-01T00:58:06.414+0530] {logging_mixin.py:190} INFO - [2024-09-01T00:58:06.413+0530] {dagbag.py:587} INFO - Filling up the DagBag from /Users/ravipal/Desktop/Workspace/airflow_tutorial/py_env/lib/python3.12/site-packages/airflow/example_dags/example_sensors.py
[2024-09-01T00:58:06.419+0530] {processor.py:925} INFO - DAG(s) 'example_sensors' retrieved from /Users/ravipal/Desktop/Workspace/airflow_tutorial/py_env/lib/python3.12/site-packages/airflow/example_dags/example_sensors.py
[2024-09-01T00:58:06.451+0530] {logging_mixin.py:190} INFO - [2024-09-01T00:58:06.451+0530] {workday.py:41} WARNING - Could not import pandas. Holidays will not be considered.
[2024-09-01T00:58:06.461+0530] {logging_mixin.py:190} INFO - [2024-09-01T00:58:06.461+0530] {dag.py:3211} INFO - Sync 1 DAGs
[2024-09-01T00:58:06.464+0530] {logging_mixin.py:190} INFO - [2024-09-01T00:58:06.464+0530] {dag.py:4138} INFO - Setting next_dagrun for example_sensors to None, run_after=None
[2024-09-01T00:58:06.471+0530] {processor.py:208} INFO - Processing /Users/ravipal/Desktop/Workspace/airflow_tutorial/py_env/lib/python3.12/site-packages/airflow/example_dags/example_sensors.py took 0.060 seconds
[2024-09-01T01:00:15.464+0530] {processor.py:186} INFO - Started process (PID=3879) to work on /Users/ravipal/Desktop/Workspace/airflow_tutorial/py_env/lib/python3.12/site-packages/airflow/example_dags/example_sensors.py
[2024-09-01T01:00:15.464+0530] {processor.py:914} INFO - Processing file /Users/ravipal/Desktop/Workspace/airflow_tutorial/py_env/lib/python3.12/site-packages/airflow/example_dags/example_sensors.py for tasks to queue
[2024-09-01T01:00:15.464+0530] {logging_mixin.py:190} INFO - [2024-09-01T01:00:15.464+0530] {dagbag.py:587} INFO - Filling up the DagBag from /Users/ravipal/Desktop/Workspace/airflow_tutorial/py_env/lib/python3.12/site-packages/airflow/example_dags/example_sensors.py
[2024-09-01T01:00:15.470+0530] {processor.py:925} INFO - DAG(s) 'example_sensors' retrieved from /Users/ravipal/Desktop/Workspace/airflow_tutorial/py_env/lib/python3.12/site-packages/airflow/example_dags/example_sensors.py
[2024-09-01T01:00:15.502+0530] {logging_mixin.py:190} INFO - [2024-09-01T01:00:15.502+0530] {workday.py:41} WARNING - Could not import pandas. Holidays will not be considered.
[2024-09-01T01:00:15.511+0530] {logging_mixin.py:190} INFO - [2024-09-01T01:00:15.511+0530] {dag.py:3211} INFO - Sync 1 DAGs
[2024-09-01T01:00:15.515+0530] {logging_mixin.py:190} INFO - [2024-09-01T01:00:15.515+0530] {dag.py:4138} INFO - Setting next_dagrun for example_sensors to None, run_after=None
[2024-09-01T01:00:15.521+0530] {processor.py:208} INFO - Processing /Users/ravipal/Desktop/Workspace/airflow_tutorial/py_env/lib/python3.12/site-packages/airflow/example_dags/example_sensors.py took 0.059 seconds
[2024-09-01T01:02:22.809+0530] {processor.py:186} INFO - Started process (PID=4008) to work on /Users/ravipal/Desktop/Workspace/airflow_tutorial/py_env/lib/python3.12/site-packages/airflow/example_dags/example_sensors.py
[2024-09-01T01:02:22.809+0530] {processor.py:914} INFO - Processing file /Users/ravipal/Desktop/Workspace/airflow_tutorial/py_env/lib/python3.12/site-packages/airflow/example_dags/example_sensors.py for tasks to queue
[2024-09-01T01:02:22.810+0530] {logging_mixin.py:190} INFO - [2024-09-01T01:02:22.810+0530] {dagbag.py:587} INFO - Filling up the DagBag from /Users/ravipal/Desktop/Workspace/airflow_tutorial/py_env/lib/python3.12/site-packages/airflow/example_dags/example_sensors.py
[2024-09-01T01:02:22.815+0530] {processor.py:925} INFO - DAG(s) 'example_sensors' retrieved from /Users/ravipal/Desktop/Workspace/airflow_tutorial/py_env/lib/python3.12/site-packages/airflow/example_dags/example_sensors.py
[2024-09-01T01:02:22.846+0530] {logging_mixin.py:190} INFO - [2024-09-01T01:02:22.846+0530] {workday.py:41} WARNING - Could not import pandas. Holidays will not be considered.
[2024-09-01T01:02:22.856+0530] {logging_mixin.py:190} INFO - [2024-09-01T01:02:22.856+0530] {dag.py:3211} INFO - Sync 1 DAGs
[2024-09-01T01:02:22.859+0530] {logging_mixin.py:190} INFO - [2024-09-01T01:02:22.859+0530] {dag.py:4138} INFO - Setting next_dagrun for example_sensors to None, run_after=None
[2024-09-01T01:02:22.866+0530] {processor.py:208} INFO - Processing /Users/ravipal/Desktop/Workspace/airflow_tutorial/py_env/lib/python3.12/site-packages/airflow/example_dags/example_sensors.py took 0.059 seconds
[2024-09-01T01:04:31.430+0530] {processor.py:186} INFO - Started process (PID=4144) to work on /Users/ravipal/Desktop/Workspace/airflow_tutorial/py_env/lib/python3.12/site-packages/airflow/example_dags/example_sensors.py
[2024-09-01T01:04:31.430+0530] {processor.py:914} INFO - Processing file /Users/ravipal/Desktop/Workspace/airflow_tutorial/py_env/lib/python3.12/site-packages/airflow/example_dags/example_sensors.py for tasks to queue
[2024-09-01T01:04:31.431+0530] {logging_mixin.py:190} INFO - [2024-09-01T01:04:31.431+0530] {dagbag.py:587} INFO - Filling up the DagBag from /Users/ravipal/Desktop/Workspace/airflow_tutorial/py_env/lib/python3.12/site-packages/airflow/example_dags/example_sensors.py
[2024-09-01T01:04:31.437+0530] {processor.py:925} INFO - DAG(s) 'example_sensors' retrieved from /Users/ravipal/Desktop/Workspace/airflow_tutorial/py_env/lib/python3.12/site-packages/airflow/example_dags/example_sensors.py
[2024-09-01T01:04:31.470+0530] {logging_mixin.py:190} INFO - [2024-09-01T01:04:31.470+0530] {workday.py:41} WARNING - Could not import pandas. Holidays will not be considered.
[2024-09-01T01:04:31.481+0530] {logging_mixin.py:190} INFO - [2024-09-01T01:04:31.481+0530] {dag.py:3211} INFO - Sync 1 DAGs
[2024-09-01T01:04:31.484+0530] {logging_mixin.py:190} INFO - [2024-09-01T01:04:31.484+0530] {dag.py:4138} INFO - Setting next_dagrun for example_sensors to None, run_after=None
[2024-09-01T01:04:31.491+0530] {processor.py:208} INFO - Processing /Users/ravipal/Desktop/Workspace/airflow_tutorial/py_env/lib/python3.12/site-packages/airflow/example_dags/example_sensors.py took 0.063 seconds
[2024-09-01T01:06:38.998+0530] {processor.py:186} INFO - Started process (PID=4302) to work on /Users/ravipal/Desktop/Workspace/airflow_tutorial/py_env/lib/python3.12/site-packages/airflow/example_dags/example_sensors.py
[2024-09-01T01:06:38.999+0530] {processor.py:914} INFO - Processing file /Users/ravipal/Desktop/Workspace/airflow_tutorial/py_env/lib/python3.12/site-packages/airflow/example_dags/example_sensors.py for tasks to queue
[2024-09-01T01:06:38.999+0530] {logging_mixin.py:190} INFO - [2024-09-01T01:06:38.999+0530] {dagbag.py:587} INFO - Filling up the DagBag from /Users/ravipal/Desktop/Workspace/airflow_tutorial/py_env/lib/python3.12/site-packages/airflow/example_dags/example_sensors.py
[2024-09-01T01:06:39.007+0530] {processor.py:925} INFO - DAG(s) 'example_sensors' retrieved from /Users/ravipal/Desktop/Workspace/airflow_tutorial/py_env/lib/python3.12/site-packages/airflow/example_dags/example_sensors.py
[2024-09-01T01:06:39.038+0530] {logging_mixin.py:190} INFO - [2024-09-01T01:06:39.038+0530] {workday.py:41} WARNING - Could not import pandas. Holidays will not be considered.
[2024-09-01T01:06:39.048+0530] {logging_mixin.py:190} INFO - [2024-09-01T01:06:39.048+0530] {dag.py:3211} INFO - Sync 1 DAGs
[2024-09-01T01:06:39.051+0530] {logging_mixin.py:190} INFO - [2024-09-01T01:06:39.051+0530] {dag.py:4138} INFO - Setting next_dagrun for example_sensors to None, run_after=None
[2024-09-01T01:06:39.057+0530] {processor.py:208} INFO - Processing /Users/ravipal/Desktop/Workspace/airflow_tutorial/py_env/lib/python3.12/site-packages/airflow/example_dags/example_sensors.py took 0.062 seconds
[2024-09-01T01:08:50.482+0530] {processor.py:186} INFO - Started process (PID=4433) to work on /Users/ravipal/Desktop/Workspace/airflow_tutorial/py_env/lib/python3.12/site-packages/airflow/example_dags/example_sensors.py
[2024-09-01T01:08:50.482+0530] {processor.py:914} INFO - Processing file /Users/ravipal/Desktop/Workspace/airflow_tutorial/py_env/lib/python3.12/site-packages/airflow/example_dags/example_sensors.py for tasks to queue
[2024-09-01T01:08:50.483+0530] {logging_mixin.py:190} INFO - [2024-09-01T01:08:50.483+0530] {dagbag.py:587} INFO - Filling up the DagBag from /Users/ravipal/Desktop/Workspace/airflow_tutorial/py_env/lib/python3.12/site-packages/airflow/example_dags/example_sensors.py
[2024-09-01T01:08:50.489+0530] {processor.py:925} INFO - DAG(s) 'example_sensors' retrieved from /Users/ravipal/Desktop/Workspace/airflow_tutorial/py_env/lib/python3.12/site-packages/airflow/example_dags/example_sensors.py
[2024-09-01T01:08:50.521+0530] {logging_mixin.py:190} INFO - [2024-09-01T01:08:50.521+0530] {workday.py:41} WARNING - Could not import pandas. Holidays will not be considered.
[2024-09-01T01:08:50.530+0530] {logging_mixin.py:190} INFO - [2024-09-01T01:08:50.530+0530] {dag.py:3211} INFO - Sync 1 DAGs
[2024-09-01T01:08:50.534+0530] {logging_mixin.py:190} INFO - [2024-09-01T01:08:50.534+0530] {dag.py:4138} INFO - Setting next_dagrun for example_sensors to None, run_after=None
[2024-09-01T01:08:50.540+0530] {processor.py:208} INFO - Processing /Users/ravipal/Desktop/Workspace/airflow_tutorial/py_env/lib/python3.12/site-packages/airflow/example_dags/example_sensors.py took 0.060 seconds
[2024-09-01T01:10:54.983+0530] {processor.py:186} INFO - Started process (PID=4559) to work on /Users/ravipal/Desktop/Workspace/airflow_tutorial/py_env/lib/python3.12/site-packages/airflow/example_dags/example_sensors.py
[2024-09-01T01:10:54.984+0530] {processor.py:914} INFO - Processing file /Users/ravipal/Desktop/Workspace/airflow_tutorial/py_env/lib/python3.12/site-packages/airflow/example_dags/example_sensors.py for tasks to queue
[2024-09-01T01:10:54.984+0530] {logging_mixin.py:190} INFO - [2024-09-01T01:10:54.984+0530] {dagbag.py:587} INFO - Filling up the DagBag from /Users/ravipal/Desktop/Workspace/airflow_tutorial/py_env/lib/python3.12/site-packages/airflow/example_dags/example_sensors.py
[2024-09-01T01:10:54.990+0530] {processor.py:925} INFO - DAG(s) 'example_sensors' retrieved from /Users/ravipal/Desktop/Workspace/airflow_tutorial/py_env/lib/python3.12/site-packages/airflow/example_dags/example_sensors.py
[2024-09-01T01:10:55.022+0530] {logging_mixin.py:190} INFO - [2024-09-01T01:10:55.022+0530] {workday.py:41} WARNING - Could not import pandas. Holidays will not be considered.
[2024-09-01T01:10:55.032+0530] {logging_mixin.py:190} INFO - [2024-09-01T01:10:55.031+0530] {dag.py:3211} INFO - Sync 1 DAGs
[2024-09-01T01:10:55.035+0530] {logging_mixin.py:190} INFO - [2024-09-01T01:10:55.035+0530] {dag.py:4138} INFO - Setting next_dagrun for example_sensors to None, run_after=None
[2024-09-01T01:10:55.042+0530] {processor.py:208} INFO - Processing /Users/ravipal/Desktop/Workspace/airflow_tutorial/py_env/lib/python3.12/site-packages/airflow/example_dags/example_sensors.py took 0.060 seconds
[2024-09-01T01:12:59.826+0530] {processor.py:186} INFO - Started process (PID=4686) to work on /Users/ravipal/Desktop/Workspace/airflow_tutorial/py_env/lib/python3.12/site-packages/airflow/example_dags/example_sensors.py
[2024-09-01T01:12:59.827+0530] {processor.py:914} INFO - Processing file /Users/ravipal/Desktop/Workspace/airflow_tutorial/py_env/lib/python3.12/site-packages/airflow/example_dags/example_sensors.py for tasks to queue
[2024-09-01T01:12:59.827+0530] {logging_mixin.py:190} INFO - [2024-09-01T01:12:59.827+0530] {dagbag.py:587} INFO - Filling up the DagBag from /Users/ravipal/Desktop/Workspace/airflow_tutorial/py_env/lib/python3.12/site-packages/airflow/example_dags/example_sensors.py
[2024-09-01T01:12:59.833+0530] {processor.py:925} INFO - DAG(s) 'example_sensors' retrieved from /Users/ravipal/Desktop/Workspace/airflow_tutorial/py_env/lib/python3.12/site-packages/airflow/example_dags/example_sensors.py
[2024-09-01T01:12:59.866+0530] {logging_mixin.py:190} INFO - [2024-09-01T01:12:59.866+0530] {workday.py:41} WARNING - Could not import pandas. Holidays will not be considered.
[2024-09-01T01:12:59.875+0530] {logging_mixin.py:190} INFO - [2024-09-01T01:12:59.875+0530] {dag.py:3211} INFO - Sync 1 DAGs
[2024-09-01T01:12:59.879+0530] {logging_mixin.py:190} INFO - [2024-09-01T01:12:59.879+0530] {dag.py:4138} INFO - Setting next_dagrun for example_sensors to None, run_after=None
[2024-09-01T01:12:59.885+0530] {processor.py:208} INFO - Processing /Users/ravipal/Desktop/Workspace/airflow_tutorial/py_env/lib/python3.12/site-packages/airflow/example_dags/example_sensors.py took 0.061 seconds
[2024-09-01T01:15:13.188+0530] {processor.py:186} INFO - Started process (PID=4817) to work on /Users/ravipal/Desktop/Workspace/airflow_tutorial/py_env/lib/python3.12/site-packages/airflow/example_dags/example_sensors.py
[2024-09-01T01:15:13.188+0530] {processor.py:914} INFO - Processing file /Users/ravipal/Desktop/Workspace/airflow_tutorial/py_env/lib/python3.12/site-packages/airflow/example_dags/example_sensors.py for tasks to queue
[2024-09-01T01:15:13.188+0530] {logging_mixin.py:190} INFO - [2024-09-01T01:15:13.188+0530] {dagbag.py:587} INFO - Filling up the DagBag from /Users/ravipal/Desktop/Workspace/airflow_tutorial/py_env/lib/python3.12/site-packages/airflow/example_dags/example_sensors.py
[2024-09-01T01:15:13.194+0530] {processor.py:925} INFO - DAG(s) 'example_sensors' retrieved from /Users/ravipal/Desktop/Workspace/airflow_tutorial/py_env/lib/python3.12/site-packages/airflow/example_dags/example_sensors.py
[2024-09-01T01:15:13.226+0530] {logging_mixin.py:190} INFO - [2024-09-01T01:15:13.226+0530] {workday.py:41} WARNING - Could not import pandas. Holidays will not be considered.
[2024-09-01T01:15:13.236+0530] {logging_mixin.py:190} INFO - [2024-09-01T01:15:13.236+0530] {dag.py:3211} INFO - Sync 1 DAGs
[2024-09-01T01:15:13.239+0530] {logging_mixin.py:190} INFO - [2024-09-01T01:15:13.239+0530] {dag.py:4138} INFO - Setting next_dagrun for example_sensors to None, run_after=None
[2024-09-01T01:15:13.246+0530] {processor.py:208} INFO - Processing /Users/ravipal/Desktop/Workspace/airflow_tutorial/py_env/lib/python3.12/site-packages/airflow/example_dags/example_sensors.py took 0.061 seconds
[2024-09-01T01:17:23.617+0530] {processor.py:186} INFO - Started process (PID=4950) to work on /Users/ravipal/Desktop/Workspace/airflow_tutorial/py_env/lib/python3.12/site-packages/airflow/example_dags/example_sensors.py
[2024-09-01T01:17:23.617+0530] {processor.py:914} INFO - Processing file /Users/ravipal/Desktop/Workspace/airflow_tutorial/py_env/lib/python3.12/site-packages/airflow/example_dags/example_sensors.py for tasks to queue
[2024-09-01T01:17:23.618+0530] {logging_mixin.py:190} INFO - [2024-09-01T01:17:23.618+0530] {dagbag.py:587} INFO - Filling up the DagBag from /Users/ravipal/Desktop/Workspace/airflow_tutorial/py_env/lib/python3.12/site-packages/airflow/example_dags/example_sensors.py
[2024-09-01T01:17:23.624+0530] {processor.py:925} INFO - DAG(s) 'example_sensors' retrieved from /Users/ravipal/Desktop/Workspace/airflow_tutorial/py_env/lib/python3.12/site-packages/airflow/example_dags/example_sensors.py
[2024-09-01T01:17:23.655+0530] {logging_mixin.py:190} INFO - [2024-09-01T01:17:23.655+0530] {workday.py:41} WARNING - Could not import pandas. Holidays will not be considered.
[2024-09-01T01:17:23.665+0530] {logging_mixin.py:190} INFO - [2024-09-01T01:17:23.665+0530] {dag.py:3211} INFO - Sync 1 DAGs
[2024-09-01T01:17:23.669+0530] {logging_mixin.py:190} INFO - [2024-09-01T01:17:23.669+0530] {dag.py:4138} INFO - Setting next_dagrun for example_sensors to None, run_after=None
[2024-09-01T01:17:23.675+0530] {processor.py:208} INFO - Processing /Users/ravipal/Desktop/Workspace/airflow_tutorial/py_env/lib/python3.12/site-packages/airflow/example_dags/example_sensors.py took 0.060 seconds
