[2024-09-01T00:23:24.811+0530] {processor.py:186} INFO - Started process (PID=1447) to work on /Users/ravipal/Desktop/Workspace/airflow_tutorial/py_env/lib/python3.12/site-packages/airflow/example_dags/example_python_operator.py
[2024-09-01T00:23:24.811+0530] {processor.py:914} INFO - Processing file /Users/ravipal/Desktop/Workspace/airflow_tutorial/py_env/lib/python3.12/site-packages/airflow/example_dags/example_python_operator.py for tasks to queue
[2024-09-01T00:23:24.811+0530] {logging_mixin.py:190} INFO - [2024-09-01T00:23:24.811+0530] {dagbag.py:587} INFO - Filling up the DagBag from /Users/ravipal/Desktop/Workspace/airflow_tutorial/py_env/lib/python3.12/site-packages/airflow/example_dags/example_python_operator.py
[2024-09-01T00:23:24.821+0530] {logging_mixin.py:190} INFO - [2024-09-01T00:23:24.821+0530] {example_python_operator.py:93} WARNING - The virtalenv_python example task requires virtualenv, please install it.
[2024-09-01T00:23:24.823+0530] {processor.py:925} INFO - DAG(s) 'example_python_operator' retrieved from /Users/ravipal/Desktop/Workspace/airflow_tutorial/py_env/lib/python3.12/site-packages/airflow/example_dags/example_python_operator.py
[2024-09-01T00:23:24.886+0530] {logging_mixin.py:190} INFO - [2024-09-01T00:23:24.886+0530] {override.py:1858} INFO - Created Permission View: can edit on DAG:example_python_operator
[2024-09-01T00:23:24.890+0530] {logging_mixin.py:190} INFO - [2024-09-01T00:23:24.890+0530] {override.py:1858} INFO - Created Permission View: can read on DAG:example_python_operator
[2024-09-01T00:23:24.892+0530] {logging_mixin.py:190} INFO - [2024-09-01T00:23:24.892+0530] {override.py:1858} INFO - Created Permission View: can delete on DAG:example_python_operator
[2024-09-01T00:23:24.892+0530] {logging_mixin.py:190} INFO - [2024-09-01T00:23:24.892+0530] {dag.py:3211} INFO - Sync 1 DAGs
[2024-09-01T00:23:24.924+0530] {logging_mixin.py:190} INFO - [2024-09-01T00:23:24.924+0530] {dag.py:3234} INFO - Creating ORM DAG for example_python_operator
[2024-09-01T00:23:24.924+0530] {logging_mixin.py:190} INFO - [2024-09-01T00:23:24.924+0530] {dag.py:4138} INFO - Setting next_dagrun for example_python_operator to None, run_after=None
[2024-09-01T00:23:24.930+0530] {processor.py:208} INFO - Processing /Users/ravipal/Desktop/Workspace/airflow_tutorial/py_env/lib/python3.12/site-packages/airflow/example_dags/example_python_operator.py took 0.121 seconds
[2024-09-01T00:25:03.538+0530] {processor.py:186} INFO - Started process (PID=1550) to work on /Users/ravipal/Desktop/Workspace/airflow_tutorial/py_env/lib/python3.12/site-packages/airflow/example_dags/example_python_operator.py
[2024-09-01T00:25:03.538+0530] {processor.py:914} INFO - Processing file /Users/ravipal/Desktop/Workspace/airflow_tutorial/py_env/lib/python3.12/site-packages/airflow/example_dags/example_python_operator.py for tasks to queue
[2024-09-01T00:25:03.538+0530] {logging_mixin.py:190} INFO - [2024-09-01T00:25:03.538+0530] {dagbag.py:587} INFO - Filling up the DagBag from /Users/ravipal/Desktop/Workspace/airflow_tutorial/py_env/lib/python3.12/site-packages/airflow/example_dags/example_python_operator.py
[2024-09-01T00:25:03.548+0530] {logging_mixin.py:190} INFO - [2024-09-01T00:25:03.548+0530] {example_python_operator.py:93} WARNING - The virtalenv_python example task requires virtualenv, please install it.
[2024-09-01T00:25:03.552+0530] {processor.py:925} INFO - DAG(s) 'example_python_operator' retrieved from /Users/ravipal/Desktop/Workspace/airflow_tutorial/py_env/lib/python3.12/site-packages/airflow/example_dags/example_python_operator.py
[2024-09-01T00:25:03.587+0530] {logging_mixin.py:190} INFO - [2024-09-01T00:25:03.587+0530] {dag.py:3211} INFO - Sync 1 DAGs
[2024-09-01T00:25:03.590+0530] {logging_mixin.py:190} INFO - [2024-09-01T00:25:03.590+0530] {dag.py:4138} INFO - Setting next_dagrun for example_python_operator to None, run_after=None
[2024-09-01T00:25:03.598+0530] {processor.py:208} INFO - Processing /Users/ravipal/Desktop/Workspace/airflow_tutorial/py_env/lib/python3.12/site-packages/airflow/example_dags/example_python_operator.py took 0.062 seconds
[2024-09-01T00:27:17.907+0530] {processor.py:186} INFO - Started process (PID=1839) to work on /Users/ravipal/Desktop/Workspace/airflow_tutorial/py_env/lib/python3.12/site-packages/airflow/example_dags/example_python_operator.py
[2024-09-01T00:27:17.907+0530] {processor.py:914} INFO - Processing file /Users/ravipal/Desktop/Workspace/airflow_tutorial/py_env/lib/python3.12/site-packages/airflow/example_dags/example_python_operator.py for tasks to queue
[2024-09-01T00:27:17.908+0530] {logging_mixin.py:190} INFO - [2024-09-01T00:27:17.908+0530] {dagbag.py:587} INFO - Filling up the DagBag from /Users/ravipal/Desktop/Workspace/airflow_tutorial/py_env/lib/python3.12/site-packages/airflow/example_dags/example_python_operator.py
[2024-09-01T00:27:17.917+0530] {logging_mixin.py:190} INFO - [2024-09-01T00:27:17.917+0530] {example_python_operator.py:93} WARNING - The virtalenv_python example task requires virtualenv, please install it.
[2024-09-01T00:27:17.919+0530] {processor.py:925} INFO - DAG(s) 'example_python_operator' retrieved from /Users/ravipal/Desktop/Workspace/airflow_tutorial/py_env/lib/python3.12/site-packages/airflow/example_dags/example_python_operator.py
[2024-09-01T00:27:17.960+0530] {logging_mixin.py:190} INFO - [2024-09-01T00:27:17.960+0530] {dag.py:3211} INFO - Sync 1 DAGs
[2024-09-01T00:27:17.964+0530] {logging_mixin.py:190} INFO - [2024-09-01T00:27:17.964+0530] {dag.py:4138} INFO - Setting next_dagrun for example_python_operator to None, run_after=None
[2024-09-01T00:27:17.971+0530] {processor.py:208} INFO - Processing /Users/ravipal/Desktop/Workspace/airflow_tutorial/py_env/lib/python3.12/site-packages/airflow/example_dags/example_python_operator.py took 0.066 seconds
[2024-09-01T00:29:30.972+0530] {processor.py:186} INFO - Started process (PID=2010) to work on /Users/ravipal/Desktop/Workspace/airflow_tutorial/py_env/lib/python3.12/site-packages/airflow/example_dags/example_python_operator.py
[2024-09-01T00:29:30.972+0530] {processor.py:914} INFO - Processing file /Users/ravipal/Desktop/Workspace/airflow_tutorial/py_env/lib/python3.12/site-packages/airflow/example_dags/example_python_operator.py for tasks to queue
[2024-09-01T00:29:30.973+0530] {logging_mixin.py:190} INFO - [2024-09-01T00:29:30.972+0530] {dagbag.py:587} INFO - Filling up the DagBag from /Users/ravipal/Desktop/Workspace/airflow_tutorial/py_env/lib/python3.12/site-packages/airflow/example_dags/example_python_operator.py
[2024-09-01T00:29:30.982+0530] {logging_mixin.py:190} INFO - [2024-09-01T00:29:30.982+0530] {example_python_operator.py:93} WARNING - The virtalenv_python example task requires virtualenv, please install it.
[2024-09-01T00:29:30.984+0530] {processor.py:925} INFO - DAG(s) 'example_python_operator' retrieved from /Users/ravipal/Desktop/Workspace/airflow_tutorial/py_env/lib/python3.12/site-packages/airflow/example_dags/example_python_operator.py
[2024-09-01T00:29:31.018+0530] {logging_mixin.py:190} INFO - [2024-09-01T00:29:31.017+0530] {dag.py:3211} INFO - Sync 1 DAGs
[2024-09-01T00:29:31.021+0530] {logging_mixin.py:190} INFO - [2024-09-01T00:29:31.021+0530] {dag.py:4138} INFO - Setting next_dagrun for example_python_operator to None, run_after=None
[2024-09-01T00:29:31.028+0530] {processor.py:208} INFO - Processing /Users/ravipal/Desktop/Workspace/airflow_tutorial/py_env/lib/python3.12/site-packages/airflow/example_dags/example_python_operator.py took 0.058 seconds
[2024-09-01T00:31:43.078+0530] {processor.py:186} INFO - Started process (PID=2145) to work on /Users/ravipal/Desktop/Workspace/airflow_tutorial/py_env/lib/python3.12/site-packages/airflow/example_dags/example_python_operator.py
[2024-09-01T00:31:43.079+0530] {processor.py:914} INFO - Processing file /Users/ravipal/Desktop/Workspace/airflow_tutorial/py_env/lib/python3.12/site-packages/airflow/example_dags/example_python_operator.py for tasks to queue
[2024-09-01T00:31:43.079+0530] {logging_mixin.py:190} INFO - [2024-09-01T00:31:43.079+0530] {dagbag.py:587} INFO - Filling up the DagBag from /Users/ravipal/Desktop/Workspace/airflow_tutorial/py_env/lib/python3.12/site-packages/airflow/example_dags/example_python_operator.py
[2024-09-01T00:31:43.089+0530] {logging_mixin.py:190} INFO - [2024-09-01T00:31:43.089+0530] {example_python_operator.py:93} WARNING - The virtalenv_python example task requires virtualenv, please install it.
[2024-09-01T00:31:43.091+0530] {processor.py:925} INFO - DAG(s) 'example_python_operator' retrieved from /Users/ravipal/Desktop/Workspace/airflow_tutorial/py_env/lib/python3.12/site-packages/airflow/example_dags/example_python_operator.py
[2024-09-01T00:31:43.124+0530] {logging_mixin.py:190} INFO - [2024-09-01T00:31:43.124+0530] {dag.py:3211} INFO - Sync 1 DAGs
[2024-09-01T00:31:43.128+0530] {logging_mixin.py:190} INFO - [2024-09-01T00:31:43.128+0530] {dag.py:4138} INFO - Setting next_dagrun for example_python_operator to None, run_after=None
[2024-09-01T00:31:43.136+0530] {processor.py:208} INFO - Processing /Users/ravipal/Desktop/Workspace/airflow_tutorial/py_env/lib/python3.12/site-packages/airflow/example_dags/example_python_operator.py took 0.060 seconds
[2024-09-01T00:33:57.563+0530] {processor.py:186} INFO - Started process (PID=2277) to work on /Users/ravipal/Desktop/Workspace/airflow_tutorial/py_env/lib/python3.12/site-packages/airflow/example_dags/example_python_operator.py
[2024-09-01T00:33:57.564+0530] {processor.py:914} INFO - Processing file /Users/ravipal/Desktop/Workspace/airflow_tutorial/py_env/lib/python3.12/site-packages/airflow/example_dags/example_python_operator.py for tasks to queue
[2024-09-01T00:33:57.564+0530] {logging_mixin.py:190} INFO - [2024-09-01T00:33:57.564+0530] {dagbag.py:587} INFO - Filling up the DagBag from /Users/ravipal/Desktop/Workspace/airflow_tutorial/py_env/lib/python3.12/site-packages/airflow/example_dags/example_python_operator.py
[2024-09-01T00:33:57.573+0530] {logging_mixin.py:190} INFO - [2024-09-01T00:33:57.573+0530] {example_python_operator.py:93} WARNING - The virtalenv_python example task requires virtualenv, please install it.
[2024-09-01T00:33:57.575+0530] {processor.py:925} INFO - DAG(s) 'example_python_operator' retrieved from /Users/ravipal/Desktop/Workspace/airflow_tutorial/py_env/lib/python3.12/site-packages/airflow/example_dags/example_python_operator.py
[2024-09-01T00:33:57.609+0530] {logging_mixin.py:190} INFO - [2024-09-01T00:33:57.609+0530] {dag.py:3211} INFO - Sync 1 DAGs
[2024-09-01T00:33:57.612+0530] {logging_mixin.py:190} INFO - [2024-09-01T00:33:57.612+0530] {dag.py:4138} INFO - Setting next_dagrun for example_python_operator to None, run_after=None
[2024-09-01T00:33:57.619+0530] {processor.py:208} INFO - Processing /Users/ravipal/Desktop/Workspace/airflow_tutorial/py_env/lib/python3.12/site-packages/airflow/example_dags/example_python_operator.py took 0.058 seconds
[2024-09-01T00:36:13.178+0530] {processor.py:186} INFO - Started process (PID=2413) to work on /Users/ravipal/Desktop/Workspace/airflow_tutorial/py_env/lib/python3.12/site-packages/airflow/example_dags/example_python_operator.py
[2024-09-01T00:36:13.178+0530] {processor.py:914} INFO - Processing file /Users/ravipal/Desktop/Workspace/airflow_tutorial/py_env/lib/python3.12/site-packages/airflow/example_dags/example_python_operator.py for tasks to queue
[2024-09-01T00:36:13.179+0530] {logging_mixin.py:190} INFO - [2024-09-01T00:36:13.179+0530] {dagbag.py:587} INFO - Filling up the DagBag from /Users/ravipal/Desktop/Workspace/airflow_tutorial/py_env/lib/python3.12/site-packages/airflow/example_dags/example_python_operator.py
[2024-09-01T00:36:13.190+0530] {logging_mixin.py:190} INFO - [2024-09-01T00:36:13.190+0530] {example_python_operator.py:93} WARNING - The virtalenv_python example task requires virtualenv, please install it.
[2024-09-01T00:36:13.192+0530] {processor.py:925} INFO - DAG(s) 'example_python_operator' retrieved from /Users/ravipal/Desktop/Workspace/airflow_tutorial/py_env/lib/python3.12/site-packages/airflow/example_dags/example_python_operator.py
[2024-09-01T00:36:13.232+0530] {logging_mixin.py:190} INFO - [2024-09-01T00:36:13.232+0530] {dag.py:3211} INFO - Sync 1 DAGs
[2024-09-01T00:36:13.236+0530] {logging_mixin.py:190} INFO - [2024-09-01T00:36:13.236+0530] {dag.py:4138} INFO - Setting next_dagrun for example_python_operator to None, run_after=None
[2024-09-01T00:36:13.243+0530] {processor.py:208} INFO - Processing /Users/ravipal/Desktop/Workspace/airflow_tutorial/py_env/lib/python3.12/site-packages/airflow/example_dags/example_python_operator.py took 0.068 seconds
[2024-09-01T00:38:24.608+0530] {processor.py:186} INFO - Started process (PID=2544) to work on /Users/ravipal/Desktop/Workspace/airflow_tutorial/py_env/lib/python3.12/site-packages/airflow/example_dags/example_python_operator.py
[2024-09-01T00:38:24.608+0530] {processor.py:914} INFO - Processing file /Users/ravipal/Desktop/Workspace/airflow_tutorial/py_env/lib/python3.12/site-packages/airflow/example_dags/example_python_operator.py for tasks to queue
[2024-09-01T00:38:24.609+0530] {logging_mixin.py:190} INFO - [2024-09-01T00:38:24.608+0530] {dagbag.py:587} INFO - Filling up the DagBag from /Users/ravipal/Desktop/Workspace/airflow_tutorial/py_env/lib/python3.12/site-packages/airflow/example_dags/example_python_operator.py
[2024-09-01T00:38:24.618+0530] {logging_mixin.py:190} INFO - [2024-09-01T00:38:24.618+0530] {example_python_operator.py:93} WARNING - The virtalenv_python example task requires virtualenv, please install it.
[2024-09-01T00:38:24.620+0530] {processor.py:925} INFO - DAG(s) 'example_python_operator' retrieved from /Users/ravipal/Desktop/Workspace/airflow_tutorial/py_env/lib/python3.12/site-packages/airflow/example_dags/example_python_operator.py
[2024-09-01T00:38:24.654+0530] {logging_mixin.py:190} INFO - [2024-09-01T00:38:24.654+0530] {dag.py:3211} INFO - Sync 1 DAGs
[2024-09-01T00:38:24.657+0530] {logging_mixin.py:190} INFO - [2024-09-01T00:38:24.657+0530] {dag.py:4138} INFO - Setting next_dagrun for example_python_operator to None, run_after=None
[2024-09-01T00:38:24.664+0530] {processor.py:208} INFO - Processing /Users/ravipal/Desktop/Workspace/airflow_tutorial/py_env/lib/python3.12/site-packages/airflow/example_dags/example_python_operator.py took 0.058 seconds
[2024-09-01T00:40:30.672+0530] {processor.py:186} INFO - Started process (PID=2671) to work on /Users/ravipal/Desktop/Workspace/airflow_tutorial/py_env/lib/python3.12/site-packages/airflow/example_dags/example_python_operator.py
[2024-09-01T00:40:30.672+0530] {processor.py:914} INFO - Processing file /Users/ravipal/Desktop/Workspace/airflow_tutorial/py_env/lib/python3.12/site-packages/airflow/example_dags/example_python_operator.py for tasks to queue
[2024-09-01T00:40:30.672+0530] {logging_mixin.py:190} INFO - [2024-09-01T00:40:30.672+0530] {dagbag.py:587} INFO - Filling up the DagBag from /Users/ravipal/Desktop/Workspace/airflow_tutorial/py_env/lib/python3.12/site-packages/airflow/example_dags/example_python_operator.py
[2024-09-01T00:40:30.682+0530] {logging_mixin.py:190} INFO - [2024-09-01T00:40:30.682+0530] {example_python_operator.py:93} WARNING - The virtalenv_python example task requires virtualenv, please install it.
[2024-09-01T00:40:30.684+0530] {processor.py:925} INFO - DAG(s) 'example_python_operator' retrieved from /Users/ravipal/Desktop/Workspace/airflow_tutorial/py_env/lib/python3.12/site-packages/airflow/example_dags/example_python_operator.py
[2024-09-01T00:40:30.718+0530] {logging_mixin.py:190} INFO - [2024-09-01T00:40:30.718+0530] {dag.py:3211} INFO - Sync 1 DAGs
[2024-09-01T00:40:30.721+0530] {logging_mixin.py:190} INFO - [2024-09-01T00:40:30.721+0530] {dag.py:4138} INFO - Setting next_dagrun for example_python_operator to None, run_after=None
[2024-09-01T00:40:30.728+0530] {processor.py:208} INFO - Processing /Users/ravipal/Desktop/Workspace/airflow_tutorial/py_env/lib/python3.12/site-packages/airflow/example_dags/example_python_operator.py took 0.059 seconds
[2024-09-01T00:42:43.539+0530] {processor.py:186} INFO - Started process (PID=2803) to work on /Users/ravipal/Desktop/Workspace/airflow_tutorial/py_env/lib/python3.12/site-packages/airflow/example_dags/example_python_operator.py
[2024-09-01T00:42:43.539+0530] {processor.py:914} INFO - Processing file /Users/ravipal/Desktop/Workspace/airflow_tutorial/py_env/lib/python3.12/site-packages/airflow/example_dags/example_python_operator.py for tasks to queue
[2024-09-01T00:42:43.539+0530] {logging_mixin.py:190} INFO - [2024-09-01T00:42:43.539+0530] {dagbag.py:587} INFO - Filling up the DagBag from /Users/ravipal/Desktop/Workspace/airflow_tutorial/py_env/lib/python3.12/site-packages/airflow/example_dags/example_python_operator.py
[2024-09-01T00:42:43.549+0530] {logging_mixin.py:190} INFO - [2024-09-01T00:42:43.549+0530] {example_python_operator.py:93} WARNING - The virtalenv_python example task requires virtualenv, please install it.
[2024-09-01T00:42:43.550+0530] {processor.py:925} INFO - DAG(s) 'example_python_operator' retrieved from /Users/ravipal/Desktop/Workspace/airflow_tutorial/py_env/lib/python3.12/site-packages/airflow/example_dags/example_python_operator.py
[2024-09-01T00:42:43.584+0530] {logging_mixin.py:190} INFO - [2024-09-01T00:42:43.584+0530] {dag.py:3211} INFO - Sync 1 DAGs
[2024-09-01T00:42:43.587+0530] {logging_mixin.py:190} INFO - [2024-09-01T00:42:43.587+0530] {dag.py:4138} INFO - Setting next_dagrun for example_python_operator to None, run_after=None
[2024-09-01T00:42:43.594+0530] {processor.py:208} INFO - Processing /Users/ravipal/Desktop/Workspace/airflow_tutorial/py_env/lib/python3.12/site-packages/airflow/example_dags/example_python_operator.py took 0.058 seconds
[2024-09-01T00:44:59.456+0530] {processor.py:186} INFO - Started process (PID=2937) to work on /Users/ravipal/Desktop/Workspace/airflow_tutorial/py_env/lib/python3.12/site-packages/airflow/example_dags/example_python_operator.py
[2024-09-01T00:44:59.456+0530] {processor.py:914} INFO - Processing file /Users/ravipal/Desktop/Workspace/airflow_tutorial/py_env/lib/python3.12/site-packages/airflow/example_dags/example_python_operator.py for tasks to queue
[2024-09-01T00:44:59.456+0530] {logging_mixin.py:190} INFO - [2024-09-01T00:44:59.456+0530] {dagbag.py:587} INFO - Filling up the DagBag from /Users/ravipal/Desktop/Workspace/airflow_tutorial/py_env/lib/python3.12/site-packages/airflow/example_dags/example_python_operator.py
[2024-09-01T00:44:59.465+0530] {logging_mixin.py:190} INFO - [2024-09-01T00:44:59.465+0530] {example_python_operator.py:93} WARNING - The virtalenv_python example task requires virtualenv, please install it.
[2024-09-01T00:44:59.467+0530] {processor.py:925} INFO - DAG(s) 'example_python_operator' retrieved from /Users/ravipal/Desktop/Workspace/airflow_tutorial/py_env/lib/python3.12/site-packages/airflow/example_dags/example_python_operator.py
[2024-09-01T00:44:59.500+0530] {logging_mixin.py:190} INFO - [2024-09-01T00:44:59.500+0530] {dag.py:3211} INFO - Sync 1 DAGs
[2024-09-01T00:44:59.503+0530] {logging_mixin.py:190} INFO - [2024-09-01T00:44:59.503+0530] {dag.py:4138} INFO - Setting next_dagrun for example_python_operator to None, run_after=None
[2024-09-01T00:44:59.510+0530] {processor.py:208} INFO - Processing /Users/ravipal/Desktop/Workspace/airflow_tutorial/py_env/lib/python3.12/site-packages/airflow/example_dags/example_python_operator.py took 0.057 seconds
[2024-09-01T00:47:13.812+0530] {processor.py:186} INFO - Started process (PID=3070) to work on /Users/ravipal/Desktop/Workspace/airflow_tutorial/py_env/lib/python3.12/site-packages/airflow/example_dags/example_python_operator.py
[2024-09-01T00:47:13.812+0530] {processor.py:914} INFO - Processing file /Users/ravipal/Desktop/Workspace/airflow_tutorial/py_env/lib/python3.12/site-packages/airflow/example_dags/example_python_operator.py for tasks to queue
[2024-09-01T00:47:13.813+0530] {logging_mixin.py:190} INFO - [2024-09-01T00:47:13.813+0530] {dagbag.py:587} INFO - Filling up the DagBag from /Users/ravipal/Desktop/Workspace/airflow_tutorial/py_env/lib/python3.12/site-packages/airflow/example_dags/example_python_operator.py
[2024-09-01T00:47:13.823+0530] {logging_mixin.py:190} INFO - [2024-09-01T00:47:13.823+0530] {example_python_operator.py:93} WARNING - The virtalenv_python example task requires virtualenv, please install it.
[2024-09-01T00:47:13.824+0530] {processor.py:925} INFO - DAG(s) 'example_python_operator' retrieved from /Users/ravipal/Desktop/Workspace/airflow_tutorial/py_env/lib/python3.12/site-packages/airflow/example_dags/example_python_operator.py
[2024-09-01T00:47:13.858+0530] {logging_mixin.py:190} INFO - [2024-09-01T00:47:13.858+0530] {dag.py:3211} INFO - Sync 1 DAGs
[2024-09-01T00:47:13.862+0530] {logging_mixin.py:190} INFO - [2024-09-01T00:47:13.861+0530] {dag.py:4138} INFO - Setting next_dagrun for example_python_operator to None, run_after=None
[2024-09-01T00:47:13.868+0530] {processor.py:208} INFO - Processing /Users/ravipal/Desktop/Workspace/airflow_tutorial/py_env/lib/python3.12/site-packages/airflow/example_dags/example_python_operator.py took 0.058 seconds
[2024-09-01T00:49:17.954+0530] {processor.py:186} INFO - Started process (PID=3202) to work on /Users/ravipal/Desktop/Workspace/airflow_tutorial/py_env/lib/python3.12/site-packages/airflow/example_dags/example_python_operator.py
[2024-09-01T00:49:17.955+0530] {processor.py:914} INFO - Processing file /Users/ravipal/Desktop/Workspace/airflow_tutorial/py_env/lib/python3.12/site-packages/airflow/example_dags/example_python_operator.py for tasks to queue
[2024-09-01T00:49:17.955+0530] {logging_mixin.py:190} INFO - [2024-09-01T00:49:17.955+0530] {dagbag.py:587} INFO - Filling up the DagBag from /Users/ravipal/Desktop/Workspace/airflow_tutorial/py_env/lib/python3.12/site-packages/airflow/example_dags/example_python_operator.py
[2024-09-01T00:49:17.965+0530] {logging_mixin.py:190} INFO - [2024-09-01T00:49:17.965+0530] {example_python_operator.py:93} WARNING - The virtalenv_python example task requires virtualenv, please install it.
[2024-09-01T00:49:17.966+0530] {processor.py:925} INFO - DAG(s) 'example_python_operator' retrieved from /Users/ravipal/Desktop/Workspace/airflow_tutorial/py_env/lib/python3.12/site-packages/airflow/example_dags/example_python_operator.py
[2024-09-01T00:49:18.001+0530] {logging_mixin.py:190} INFO - [2024-09-01T00:49:18.001+0530] {dag.py:3211} INFO - Sync 1 DAGs
[2024-09-01T00:49:18.005+0530] {logging_mixin.py:190} INFO - [2024-09-01T00:49:18.005+0530] {dag.py:4138} INFO - Setting next_dagrun for example_python_operator to None, run_after=None
[2024-09-01T00:49:18.013+0530] {processor.py:208} INFO - Processing /Users/ravipal/Desktop/Workspace/airflow_tutorial/py_env/lib/python3.12/site-packages/airflow/example_dags/example_python_operator.py took 0.061 seconds
[2024-09-01T00:51:35.462+0530] {processor.py:186} INFO - Started process (PID=3358) to work on /Users/ravipal/Desktop/Workspace/airflow_tutorial/py_env/lib/python3.12/site-packages/airflow/example_dags/example_python_operator.py
[2024-09-01T00:51:35.463+0530] {processor.py:914} INFO - Processing file /Users/ravipal/Desktop/Workspace/airflow_tutorial/py_env/lib/python3.12/site-packages/airflow/example_dags/example_python_operator.py for tasks to queue
[2024-09-01T00:51:35.464+0530] {logging_mixin.py:190} INFO - [2024-09-01T00:51:35.464+0530] {dagbag.py:587} INFO - Filling up the DagBag from /Users/ravipal/Desktop/Workspace/airflow_tutorial/py_env/lib/python3.12/site-packages/airflow/example_dags/example_python_operator.py
[2024-09-01T00:51:35.474+0530] {logging_mixin.py:190} INFO - [2024-09-01T00:51:35.473+0530] {example_python_operator.py:93} WARNING - The virtalenv_python example task requires virtualenv, please install it.
[2024-09-01T00:51:35.475+0530] {processor.py:925} INFO - DAG(s) 'example_python_operator' retrieved from /Users/ravipal/Desktop/Workspace/airflow_tutorial/py_env/lib/python3.12/site-packages/airflow/example_dags/example_python_operator.py
[2024-09-01T00:51:35.509+0530] {logging_mixin.py:190} INFO - [2024-09-01T00:51:35.508+0530] {dag.py:3211} INFO - Sync 1 DAGs
[2024-09-01T00:51:35.512+0530] {logging_mixin.py:190} INFO - [2024-09-01T00:51:35.512+0530] {dag.py:4138} INFO - Setting next_dagrun for example_python_operator to None, run_after=None
[2024-09-01T00:51:35.519+0530] {processor.py:208} INFO - Processing /Users/ravipal/Desktop/Workspace/airflow_tutorial/py_env/lib/python3.12/site-packages/airflow/example_dags/example_python_operator.py took 0.058 seconds
[2024-09-01T00:53:46.488+0530] {processor.py:186} INFO - Started process (PID=3489) to work on /Users/ravipal/Desktop/Workspace/airflow_tutorial/py_env/lib/python3.12/site-packages/airflow/example_dags/example_python_operator.py
[2024-09-01T00:53:46.489+0530] {processor.py:914} INFO - Processing file /Users/ravipal/Desktop/Workspace/airflow_tutorial/py_env/lib/python3.12/site-packages/airflow/example_dags/example_python_operator.py for tasks to queue
[2024-09-01T00:53:46.489+0530] {logging_mixin.py:190} INFO - [2024-09-01T00:53:46.489+0530] {dagbag.py:587} INFO - Filling up the DagBag from /Users/ravipal/Desktop/Workspace/airflow_tutorial/py_env/lib/python3.12/site-packages/airflow/example_dags/example_python_operator.py
[2024-09-01T00:53:46.498+0530] {logging_mixin.py:190} INFO - [2024-09-01T00:53:46.498+0530] {example_python_operator.py:93} WARNING - The virtalenv_python example task requires virtualenv, please install it.
[2024-09-01T00:53:46.500+0530] {processor.py:925} INFO - DAG(s) 'example_python_operator' retrieved from /Users/ravipal/Desktop/Workspace/airflow_tutorial/py_env/lib/python3.12/site-packages/airflow/example_dags/example_python_operator.py
[2024-09-01T00:53:46.533+0530] {logging_mixin.py:190} INFO - [2024-09-01T00:53:46.533+0530] {dag.py:3211} INFO - Sync 1 DAGs
[2024-09-01T00:53:46.537+0530] {logging_mixin.py:190} INFO - [2024-09-01T00:53:46.537+0530] {dag.py:4138} INFO - Setting next_dagrun for example_python_operator to None, run_after=None
[2024-09-01T00:53:46.544+0530] {processor.py:208} INFO - Processing /Users/ravipal/Desktop/Workspace/airflow_tutorial/py_env/lib/python3.12/site-packages/airflow/example_dags/example_python_operator.py took 0.057 seconds
[2024-09-01T00:55:56.217+0530] {processor.py:186} INFO - Started process (PID=3620) to work on /Users/ravipal/Desktop/Workspace/airflow_tutorial/py_env/lib/python3.12/site-packages/airflow/example_dags/example_python_operator.py
[2024-09-01T00:55:56.217+0530] {processor.py:914} INFO - Processing file /Users/ravipal/Desktop/Workspace/airflow_tutorial/py_env/lib/python3.12/site-packages/airflow/example_dags/example_python_operator.py for tasks to queue
[2024-09-01T00:55:56.218+0530] {logging_mixin.py:190} INFO - [2024-09-01T00:55:56.218+0530] {dagbag.py:587} INFO - Filling up the DagBag from /Users/ravipal/Desktop/Workspace/airflow_tutorial/py_env/lib/python3.12/site-packages/airflow/example_dags/example_python_operator.py
[2024-09-01T00:55:56.228+0530] {logging_mixin.py:190} INFO - [2024-09-01T00:55:56.227+0530] {example_python_operator.py:93} WARNING - The virtalenv_python example task requires virtualenv, please install it.
[2024-09-01T00:55:56.229+0530] {processor.py:925} INFO - DAG(s) 'example_python_operator' retrieved from /Users/ravipal/Desktop/Workspace/airflow_tutorial/py_env/lib/python3.12/site-packages/airflow/example_dags/example_python_operator.py
[2024-09-01T00:55:56.265+0530] {logging_mixin.py:190} INFO - [2024-09-01T00:55:56.265+0530] {dag.py:3211} INFO - Sync 1 DAGs
[2024-09-01T00:55:56.269+0530] {logging_mixin.py:190} INFO - [2024-09-01T00:55:56.269+0530] {dag.py:4138} INFO - Setting next_dagrun for example_python_operator to None, run_after=None
[2024-09-01T00:55:56.276+0530] {processor.py:208} INFO - Processing /Users/ravipal/Desktop/Workspace/airflow_tutorial/py_env/lib/python3.12/site-packages/airflow/example_dags/example_python_operator.py took 0.061 seconds
[2024-09-01T00:58:10.120+0530] {processor.py:186} INFO - Started process (PID=3753) to work on /Users/ravipal/Desktop/Workspace/airflow_tutorial/py_env/lib/python3.12/site-packages/airflow/example_dags/example_python_operator.py
[2024-09-01T00:58:10.120+0530] {processor.py:914} INFO - Processing file /Users/ravipal/Desktop/Workspace/airflow_tutorial/py_env/lib/python3.12/site-packages/airflow/example_dags/example_python_operator.py for tasks to queue
[2024-09-01T00:58:10.121+0530] {logging_mixin.py:190} INFO - [2024-09-01T00:58:10.121+0530] {dagbag.py:587} INFO - Filling up the DagBag from /Users/ravipal/Desktop/Workspace/airflow_tutorial/py_env/lib/python3.12/site-packages/airflow/example_dags/example_python_operator.py
[2024-09-01T00:58:10.130+0530] {logging_mixin.py:190} INFO - [2024-09-01T00:58:10.130+0530] {example_python_operator.py:93} WARNING - The virtalenv_python example task requires virtualenv, please install it.
[2024-09-01T00:58:10.132+0530] {processor.py:925} INFO - DAG(s) 'example_python_operator' retrieved from /Users/ravipal/Desktop/Workspace/airflow_tutorial/py_env/lib/python3.12/site-packages/airflow/example_dags/example_python_operator.py
[2024-09-01T00:58:10.165+0530] {logging_mixin.py:190} INFO - [2024-09-01T00:58:10.165+0530] {dag.py:3211} INFO - Sync 1 DAGs
[2024-09-01T00:58:10.169+0530] {logging_mixin.py:190} INFO - [2024-09-01T00:58:10.169+0530] {dag.py:4138} INFO - Setting next_dagrun for example_python_operator to None, run_after=None
[2024-09-01T00:58:10.176+0530] {processor.py:208} INFO - Processing /Users/ravipal/Desktop/Workspace/airflow_tutorial/py_env/lib/python3.12/site-packages/airflow/example_dags/example_python_operator.py took 0.058 seconds
[2024-09-01T01:00:19.154+0530] {processor.py:186} INFO - Started process (PID=3883) to work on /Users/ravipal/Desktop/Workspace/airflow_tutorial/py_env/lib/python3.12/site-packages/airflow/example_dags/example_python_operator.py
[2024-09-01T01:00:19.155+0530] {processor.py:914} INFO - Processing file /Users/ravipal/Desktop/Workspace/airflow_tutorial/py_env/lib/python3.12/site-packages/airflow/example_dags/example_python_operator.py for tasks to queue
[2024-09-01T01:00:19.155+0530] {logging_mixin.py:190} INFO - [2024-09-01T01:00:19.155+0530] {dagbag.py:587} INFO - Filling up the DagBag from /Users/ravipal/Desktop/Workspace/airflow_tutorial/py_env/lib/python3.12/site-packages/airflow/example_dags/example_python_operator.py
[2024-09-01T01:00:19.164+0530] {logging_mixin.py:190} INFO - [2024-09-01T01:00:19.164+0530] {example_python_operator.py:93} WARNING - The virtalenv_python example task requires virtualenv, please install it.
[2024-09-01T01:00:19.166+0530] {processor.py:925} INFO - DAG(s) 'example_python_operator' retrieved from /Users/ravipal/Desktop/Workspace/airflow_tutorial/py_env/lib/python3.12/site-packages/airflow/example_dags/example_python_operator.py
[2024-09-01T01:00:19.200+0530] {logging_mixin.py:190} INFO - [2024-09-01T01:00:19.199+0530] {dag.py:3211} INFO - Sync 1 DAGs
[2024-09-01T01:00:19.203+0530] {logging_mixin.py:190} INFO - [2024-09-01T01:00:19.203+0530] {dag.py:4138} INFO - Setting next_dagrun for example_python_operator to None, run_after=None
[2024-09-01T01:00:19.210+0530] {processor.py:208} INFO - Processing /Users/ravipal/Desktop/Workspace/airflow_tutorial/py_env/lib/python3.12/site-packages/airflow/example_dags/example_python_operator.py took 0.058 seconds
[2024-09-01T01:02:25.972+0530] {processor.py:186} INFO - Started process (PID=4010) to work on /Users/ravipal/Desktop/Workspace/airflow_tutorial/py_env/lib/python3.12/site-packages/airflow/example_dags/example_python_operator.py
[2024-09-01T01:02:25.972+0530] {processor.py:914} INFO - Processing file /Users/ravipal/Desktop/Workspace/airflow_tutorial/py_env/lib/python3.12/site-packages/airflow/example_dags/example_python_operator.py for tasks to queue
[2024-09-01T01:02:25.972+0530] {logging_mixin.py:190} INFO - [2024-09-01T01:02:25.972+0530] {dagbag.py:587} INFO - Filling up the DagBag from /Users/ravipal/Desktop/Workspace/airflow_tutorial/py_env/lib/python3.12/site-packages/airflow/example_dags/example_python_operator.py
[2024-09-01T01:02:25.982+0530] {logging_mixin.py:190} INFO - [2024-09-01T01:02:25.982+0530] {example_python_operator.py:93} WARNING - The virtalenv_python example task requires virtualenv, please install it.
[2024-09-01T01:02:25.983+0530] {processor.py:925} INFO - DAG(s) 'example_python_operator' retrieved from /Users/ravipal/Desktop/Workspace/airflow_tutorial/py_env/lib/python3.12/site-packages/airflow/example_dags/example_python_operator.py
[2024-09-01T01:02:26.017+0530] {logging_mixin.py:190} INFO - [2024-09-01T01:02:26.017+0530] {dag.py:3211} INFO - Sync 1 DAGs
[2024-09-01T01:02:26.020+0530] {logging_mixin.py:190} INFO - [2024-09-01T01:02:26.020+0530] {dag.py:4138} INFO - Setting next_dagrun for example_python_operator to None, run_after=None
[2024-09-01T01:02:26.027+0530] {processor.py:208} INFO - Processing /Users/ravipal/Desktop/Workspace/airflow_tutorial/py_env/lib/python3.12/site-packages/airflow/example_dags/example_python_operator.py took 0.058 seconds
[2024-09-01T01:04:34.282+0530] {processor.py:186} INFO - Started process (PID=4148) to work on /Users/ravipal/Desktop/Workspace/airflow_tutorial/py_env/lib/python3.12/site-packages/airflow/example_dags/example_python_operator.py
[2024-09-01T01:04:34.283+0530] {processor.py:914} INFO - Processing file /Users/ravipal/Desktop/Workspace/airflow_tutorial/py_env/lib/python3.12/site-packages/airflow/example_dags/example_python_operator.py for tasks to queue
[2024-09-01T01:04:34.283+0530] {logging_mixin.py:190} INFO - [2024-09-01T01:04:34.283+0530] {dagbag.py:587} INFO - Filling up the DagBag from /Users/ravipal/Desktop/Workspace/airflow_tutorial/py_env/lib/python3.12/site-packages/airflow/example_dags/example_python_operator.py
[2024-09-01T01:04:34.293+0530] {logging_mixin.py:190} INFO - [2024-09-01T01:04:34.293+0530] {example_python_operator.py:93} WARNING - The virtalenv_python example task requires virtualenv, please install it.
[2024-09-01T01:04:34.295+0530] {processor.py:925} INFO - DAG(s) 'example_python_operator' retrieved from /Users/ravipal/Desktop/Workspace/airflow_tutorial/py_env/lib/python3.12/site-packages/airflow/example_dags/example_python_operator.py
[2024-09-01T01:04:34.330+0530] {logging_mixin.py:190} INFO - [2024-09-01T01:04:34.330+0530] {dag.py:3211} INFO - Sync 1 DAGs
[2024-09-01T01:04:34.333+0530] {logging_mixin.py:190} INFO - [2024-09-01T01:04:34.333+0530] {dag.py:4138} INFO - Setting next_dagrun for example_python_operator to None, run_after=None
[2024-09-01T01:04:34.341+0530] {processor.py:208} INFO - Processing /Users/ravipal/Desktop/Workspace/airflow_tutorial/py_env/lib/python3.12/site-packages/airflow/example_dags/example_python_operator.py took 0.060 seconds
[2024-09-01T01:06:42.702+0530] {processor.py:186} INFO - Started process (PID=4304) to work on /Users/ravipal/Desktop/Workspace/airflow_tutorial/py_env/lib/python3.12/site-packages/airflow/example_dags/example_python_operator.py
[2024-09-01T01:06:42.703+0530] {processor.py:914} INFO - Processing file /Users/ravipal/Desktop/Workspace/airflow_tutorial/py_env/lib/python3.12/site-packages/airflow/example_dags/example_python_operator.py for tasks to queue
[2024-09-01T01:06:42.704+0530] {logging_mixin.py:190} INFO - [2024-09-01T01:06:42.704+0530] {dagbag.py:587} INFO - Filling up the DagBag from /Users/ravipal/Desktop/Workspace/airflow_tutorial/py_env/lib/python3.12/site-packages/airflow/example_dags/example_python_operator.py
[2024-09-01T01:06:42.714+0530] {logging_mixin.py:190} INFO - [2024-09-01T01:06:42.714+0530] {example_python_operator.py:93} WARNING - The virtalenv_python example task requires virtualenv, please install it.
[2024-09-01T01:06:42.715+0530] {processor.py:925} INFO - DAG(s) 'example_python_operator' retrieved from /Users/ravipal/Desktop/Workspace/airflow_tutorial/py_env/lib/python3.12/site-packages/airflow/example_dags/example_python_operator.py
[2024-09-01T01:06:42.749+0530] {logging_mixin.py:190} INFO - [2024-09-01T01:06:42.749+0530] {dag.py:3211} INFO - Sync 1 DAGs
[2024-09-01T01:06:42.753+0530] {logging_mixin.py:190} INFO - [2024-09-01T01:06:42.753+0530] {dag.py:4138} INFO - Setting next_dagrun for example_python_operator to None, run_after=None
[2024-09-01T01:06:42.760+0530] {processor.py:208} INFO - Processing /Users/ravipal/Desktop/Workspace/airflow_tutorial/py_env/lib/python3.12/site-packages/airflow/example_dags/example_python_operator.py took 0.059 seconds
[2024-09-01T01:08:53.849+0530] {processor.py:186} INFO - Started process (PID=4437) to work on /Users/ravipal/Desktop/Workspace/airflow_tutorial/py_env/lib/python3.12/site-packages/airflow/example_dags/example_python_operator.py
[2024-09-01T01:08:53.849+0530] {processor.py:914} INFO - Processing file /Users/ravipal/Desktop/Workspace/airflow_tutorial/py_env/lib/python3.12/site-packages/airflow/example_dags/example_python_operator.py for tasks to queue
[2024-09-01T01:08:53.850+0530] {logging_mixin.py:190} INFO - [2024-09-01T01:08:53.850+0530] {dagbag.py:587} INFO - Filling up the DagBag from /Users/ravipal/Desktop/Workspace/airflow_tutorial/py_env/lib/python3.12/site-packages/airflow/example_dags/example_python_operator.py
[2024-09-01T01:08:53.859+0530] {logging_mixin.py:190} INFO - [2024-09-01T01:08:53.859+0530] {example_python_operator.py:93} WARNING - The virtalenv_python example task requires virtualenv, please install it.
[2024-09-01T01:08:53.861+0530] {processor.py:925} INFO - DAG(s) 'example_python_operator' retrieved from /Users/ravipal/Desktop/Workspace/airflow_tutorial/py_env/lib/python3.12/site-packages/airflow/example_dags/example_python_operator.py
[2024-09-01T01:08:53.895+0530] {logging_mixin.py:190} INFO - [2024-09-01T01:08:53.895+0530] {dag.py:3211} INFO - Sync 1 DAGs
[2024-09-01T01:08:53.898+0530] {logging_mixin.py:190} INFO - [2024-09-01T01:08:53.898+0530] {dag.py:4138} INFO - Setting next_dagrun for example_python_operator to None, run_after=None
[2024-09-01T01:08:53.905+0530] {processor.py:208} INFO - Processing /Users/ravipal/Desktop/Workspace/airflow_tutorial/py_env/lib/python3.12/site-packages/airflow/example_dags/example_python_operator.py took 0.059 seconds
[2024-09-01T01:10:58.412+0530] {processor.py:186} INFO - Started process (PID=4563) to work on /Users/ravipal/Desktop/Workspace/airflow_tutorial/py_env/lib/python3.12/site-packages/airflow/example_dags/example_python_operator.py
[2024-09-01T01:10:58.412+0530] {processor.py:914} INFO - Processing file /Users/ravipal/Desktop/Workspace/airflow_tutorial/py_env/lib/python3.12/site-packages/airflow/example_dags/example_python_operator.py for tasks to queue
[2024-09-01T01:10:58.413+0530] {logging_mixin.py:190} INFO - [2024-09-01T01:10:58.413+0530] {dagbag.py:587} INFO - Filling up the DagBag from /Users/ravipal/Desktop/Workspace/airflow_tutorial/py_env/lib/python3.12/site-packages/airflow/example_dags/example_python_operator.py
[2024-09-01T01:10:58.422+0530] {logging_mixin.py:190} INFO - [2024-09-01T01:10:58.422+0530] {example_python_operator.py:93} WARNING - The virtalenv_python example task requires virtualenv, please install it.
[2024-09-01T01:10:58.424+0530] {processor.py:925} INFO - DAG(s) 'example_python_operator' retrieved from /Users/ravipal/Desktop/Workspace/airflow_tutorial/py_env/lib/python3.12/site-packages/airflow/example_dags/example_python_operator.py
[2024-09-01T01:10:58.457+0530] {logging_mixin.py:190} INFO - [2024-09-01T01:10:58.457+0530] {dag.py:3211} INFO - Sync 1 DAGs
[2024-09-01T01:10:58.461+0530] {logging_mixin.py:190} INFO - [2024-09-01T01:10:58.461+0530] {dag.py:4138} INFO - Setting next_dagrun for example_python_operator to None, run_after=None
[2024-09-01T01:10:58.468+0530] {processor.py:208} INFO - Processing /Users/ravipal/Desktop/Workspace/airflow_tutorial/py_env/lib/python3.12/site-packages/airflow/example_dags/example_python_operator.py took 0.058 seconds
[2024-09-01T01:13:03.515+0530] {processor.py:186} INFO - Started process (PID=4690) to work on /Users/ravipal/Desktop/Workspace/airflow_tutorial/py_env/lib/python3.12/site-packages/airflow/example_dags/example_python_operator.py
[2024-09-01T01:13:03.516+0530] {processor.py:914} INFO - Processing file /Users/ravipal/Desktop/Workspace/airflow_tutorial/py_env/lib/python3.12/site-packages/airflow/example_dags/example_python_operator.py for tasks to queue
[2024-09-01T01:13:03.516+0530] {logging_mixin.py:190} INFO - [2024-09-01T01:13:03.516+0530] {dagbag.py:587} INFO - Filling up the DagBag from /Users/ravipal/Desktop/Workspace/airflow_tutorial/py_env/lib/python3.12/site-packages/airflow/example_dags/example_python_operator.py
[2024-09-01T01:13:03.526+0530] {logging_mixin.py:190} INFO - [2024-09-01T01:13:03.526+0530] {example_python_operator.py:93} WARNING - The virtalenv_python example task requires virtualenv, please install it.
[2024-09-01T01:13:03.527+0530] {processor.py:925} INFO - DAG(s) 'example_python_operator' retrieved from /Users/ravipal/Desktop/Workspace/airflow_tutorial/py_env/lib/python3.12/site-packages/airflow/example_dags/example_python_operator.py
[2024-09-01T01:13:03.561+0530] {logging_mixin.py:190} INFO - [2024-09-01T01:13:03.561+0530] {dag.py:3211} INFO - Sync 1 DAGs
[2024-09-01T01:13:03.565+0530] {logging_mixin.py:190} INFO - [2024-09-01T01:13:03.564+0530] {dag.py:4138} INFO - Setting next_dagrun for example_python_operator to None, run_after=None
[2024-09-01T01:13:03.572+0530] {processor.py:208} INFO - Processing /Users/ravipal/Desktop/Workspace/airflow_tutorial/py_env/lib/python3.12/site-packages/airflow/example_dags/example_python_operator.py took 0.058 seconds
[2024-09-01T01:15:16.885+0530] {processor.py:186} INFO - Started process (PID=4821) to work on /Users/ravipal/Desktop/Workspace/airflow_tutorial/py_env/lib/python3.12/site-packages/airflow/example_dags/example_python_operator.py
[2024-09-01T01:15:16.886+0530] {processor.py:914} INFO - Processing file /Users/ravipal/Desktop/Workspace/airflow_tutorial/py_env/lib/python3.12/site-packages/airflow/example_dags/example_python_operator.py for tasks to queue
[2024-09-01T01:15:16.886+0530] {logging_mixin.py:190} INFO - [2024-09-01T01:15:16.886+0530] {dagbag.py:587} INFO - Filling up the DagBag from /Users/ravipal/Desktop/Workspace/airflow_tutorial/py_env/lib/python3.12/site-packages/airflow/example_dags/example_python_operator.py
[2024-09-01T01:15:16.896+0530] {logging_mixin.py:190} INFO - [2024-09-01T01:15:16.896+0530] {example_python_operator.py:93} WARNING - The virtalenv_python example task requires virtualenv, please install it.
[2024-09-01T01:15:16.897+0530] {processor.py:925} INFO - DAG(s) 'example_python_operator' retrieved from /Users/ravipal/Desktop/Workspace/airflow_tutorial/py_env/lib/python3.12/site-packages/airflow/example_dags/example_python_operator.py
[2024-09-01T01:15:16.931+0530] {logging_mixin.py:190} INFO - [2024-09-01T01:15:16.931+0530] {dag.py:3211} INFO - Sync 1 DAGs
[2024-09-01T01:15:16.935+0530] {logging_mixin.py:190} INFO - [2024-09-01T01:15:16.935+0530] {dag.py:4138} INFO - Setting next_dagrun for example_python_operator to None, run_after=None
[2024-09-01T01:15:16.942+0530] {processor.py:208} INFO - Processing /Users/ravipal/Desktop/Workspace/airflow_tutorial/py_env/lib/python3.12/site-packages/airflow/example_dags/example_python_operator.py took 0.059 seconds
[2024-09-01T01:17:27.266+0530] {processor.py:186} INFO - Started process (PID=4952) to work on /Users/ravipal/Desktop/Workspace/airflow_tutorial/py_env/lib/python3.12/site-packages/airflow/example_dags/example_python_operator.py
[2024-09-01T01:17:27.266+0530] {processor.py:914} INFO - Processing file /Users/ravipal/Desktop/Workspace/airflow_tutorial/py_env/lib/python3.12/site-packages/airflow/example_dags/example_python_operator.py for tasks to queue
[2024-09-01T01:17:27.266+0530] {logging_mixin.py:190} INFO - [2024-09-01T01:17:27.266+0530] {dagbag.py:587} INFO - Filling up the DagBag from /Users/ravipal/Desktop/Workspace/airflow_tutorial/py_env/lib/python3.12/site-packages/airflow/example_dags/example_python_operator.py
[2024-09-01T01:17:27.276+0530] {logging_mixin.py:190} INFO - [2024-09-01T01:17:27.276+0530] {example_python_operator.py:93} WARNING - The virtalenv_python example task requires virtualenv, please install it.
[2024-09-01T01:17:27.277+0530] {processor.py:925} INFO - DAG(s) 'example_python_operator' retrieved from /Users/ravipal/Desktop/Workspace/airflow_tutorial/py_env/lib/python3.12/site-packages/airflow/example_dags/example_python_operator.py
[2024-09-01T01:17:27.311+0530] {logging_mixin.py:190} INFO - [2024-09-01T01:17:27.311+0530] {dag.py:3211} INFO - Sync 1 DAGs
[2024-09-01T01:17:27.315+0530] {logging_mixin.py:190} INFO - [2024-09-01T01:17:27.315+0530] {dag.py:4138} INFO - Setting next_dagrun for example_python_operator to None, run_after=None
[2024-09-01T01:17:27.322+0530] {processor.py:208} INFO - Processing /Users/ravipal/Desktop/Workspace/airflow_tutorial/py_env/lib/python3.12/site-packages/airflow/example_dags/example_python_operator.py took 0.058 seconds
