[2024-09-01T00:23:33.970+0530] {processor.py:186} INFO - Started process (PID=1460) to work on /Users/ravipal/Desktop/Workspace/airflow_tutorial/py_env/lib/python3.12/site-packages/airflow/example_dags/example_outlet_event_extra.py
[2024-09-01T00:23:33.970+0530] {processor.py:914} INFO - Processing file /Users/ravipal/Desktop/Workspace/airflow_tutorial/py_env/lib/python3.12/site-packages/airflow/example_dags/example_outlet_event_extra.py for tasks to queue
[2024-09-01T00:23:33.971+0530] {logging_mixin.py:190} INFO - [2024-09-01T00:23:33.971+0530] {dagbag.py:587} INFO - Filling up the DagBag from /Users/ravipal/Desktop/Workspace/airflow_tutorial/py_env/lib/python3.12/site-packages/airflow/example_dags/example_outlet_event_extra.py
[2024-09-01T00:23:34.004+0530] {processor.py:925} INFO - DAG(s) 'dataset_with_extra_by_context', 'dataset_with_extra_from_classic_operator', 'dataset_with_extra_by_yield' retrieved from /Users/ravipal/Desktop/Workspace/airflow_tutorial/py_env/lib/python3.12/site-packages/airflow/example_dags/example_outlet_event_extra.py
[2024-09-01T00:23:34.106+0530] {logging_mixin.py:190} INFO - [2024-09-01T00:23:34.106+0530] {override.py:1858} INFO - Created Permission View: can delete on DAG:dataset_with_extra_by_context
[2024-09-01T00:23:34.110+0530] {logging_mixin.py:190} INFO - [2024-09-01T00:23:34.110+0530] {override.py:1858} INFO - Created Permission View: can edit on DAG:dataset_with_extra_by_context
[2024-09-01T00:23:34.112+0530] {logging_mixin.py:190} INFO - [2024-09-01T00:23:34.112+0530] {override.py:1858} INFO - Created Permission View: can read on DAG:dataset_with_extra_by_context
[2024-09-01T00:23:34.118+0530] {logging_mixin.py:190} INFO - [2024-09-01T00:23:34.117+0530] {override.py:1858} INFO - Created Permission View: can delete on DAG:dataset_with_extra_from_classic_operator
[2024-09-01T00:23:34.121+0530] {logging_mixin.py:190} INFO - [2024-09-01T00:23:34.121+0530] {override.py:1858} INFO - Created Permission View: can edit on DAG:dataset_with_extra_from_classic_operator
[2024-09-01T00:23:34.123+0530] {logging_mixin.py:190} INFO - [2024-09-01T00:23:34.123+0530] {override.py:1858} INFO - Created Permission View: can read on DAG:dataset_with_extra_from_classic_operator
[2024-09-01T00:23:34.128+0530] {logging_mixin.py:190} INFO - [2024-09-01T00:23:34.128+0530] {override.py:1858} INFO - Created Permission View: can delete on DAG:dataset_with_extra_by_yield
[2024-09-01T00:23:34.130+0530] {logging_mixin.py:190} INFO - [2024-09-01T00:23:34.130+0530] {override.py:1858} INFO - Created Permission View: can edit on DAG:dataset_with_extra_by_yield
[2024-09-01T00:23:34.134+0530] {logging_mixin.py:190} INFO - [2024-09-01T00:23:34.133+0530] {override.py:1858} INFO - Created Permission View: can read on DAG:dataset_with_extra_by_yield
[2024-09-01T00:23:34.134+0530] {logging_mixin.py:190} INFO - [2024-09-01T00:23:34.134+0530] {dag.py:3211} INFO - Sync 3 DAGs
[2024-09-01T00:23:34.139+0530] {logging_mixin.py:190} INFO - [2024-09-01T00:23:34.139+0530] {dag.py:3234} INFO - Creating ORM DAG for dataset_with_extra_from_classic_operator
[2024-09-01T00:23:34.140+0530] {logging_mixin.py:190} INFO - [2024-09-01T00:23:34.140+0530] {dag.py:3234} INFO - Creating ORM DAG for dataset_with_extra_by_yield
[2024-09-01T00:23:34.140+0530] {logging_mixin.py:190} INFO - [2024-09-01T00:23:34.140+0530] {dag.py:3234} INFO - Creating ORM DAG for dataset_with_extra_by_context
[2024-09-01T00:23:34.143+0530] {logging_mixin.py:190} INFO - [2024-09-01T00:23:34.143+0530] {dag.py:4138} INFO - Setting next_dagrun for dataset_with_extra_by_context to 2024-08-30 00:00:00+00:00, run_after=2024-08-31 00:00:00+00:00
[2024-09-01T00:23:34.144+0530] {logging_mixin.py:190} INFO - [2024-09-01T00:23:34.144+0530] {dag.py:4138} INFO - Setting next_dagrun for dataset_with_extra_by_yield to 2024-08-30 00:00:00+00:00, run_after=2024-08-31 00:00:00+00:00
[2024-09-01T00:23:34.144+0530] {logging_mixin.py:190} INFO - [2024-09-01T00:23:34.144+0530] {dag.py:4138} INFO - Setting next_dagrun for dataset_with_extra_from_classic_operator to 2024-08-30 00:00:00+00:00, run_after=2024-08-31 00:00:00+00:00
[2024-09-01T00:23:34.149+0530] {logging_mixin.py:190} INFO - [2024-09-01T00:23:34.149+0530] {workday.py:41} WARNING - Could not import pandas. Holidays will not be considered.
[2024-09-01T00:23:34.156+0530] {processor.py:208} INFO - Processing /Users/ravipal/Desktop/Workspace/airflow_tutorial/py_env/lib/python3.12/site-packages/airflow/example_dags/example_outlet_event_extra.py took 0.189 seconds
[2024-09-01T00:25:12.464+0530] {processor.py:186} INFO - Started process (PID=1559) to work on /Users/ravipal/Desktop/Workspace/airflow_tutorial/py_env/lib/python3.12/site-packages/airflow/example_dags/example_outlet_event_extra.py
[2024-09-01T00:25:12.465+0530] {processor.py:914} INFO - Processing file /Users/ravipal/Desktop/Workspace/airflow_tutorial/py_env/lib/python3.12/site-packages/airflow/example_dags/example_outlet_event_extra.py for tasks to queue
[2024-09-01T00:25:12.465+0530] {logging_mixin.py:190} INFO - [2024-09-01T00:25:12.465+0530] {dagbag.py:587} INFO - Filling up the DagBag from /Users/ravipal/Desktop/Workspace/airflow_tutorial/py_env/lib/python3.12/site-packages/airflow/example_dags/example_outlet_event_extra.py
[2024-09-01T00:25:12.495+0530] {processor.py:925} INFO - DAG(s) 'dataset_with_extra_by_yield', 'dataset_with_extra_from_classic_operator', 'dataset_with_extra_by_context' retrieved from /Users/ravipal/Desktop/Workspace/airflow_tutorial/py_env/lib/python3.12/site-packages/airflow/example_dags/example_outlet_event_extra.py
[2024-09-01T00:25:12.532+0530] {logging_mixin.py:190} INFO - [2024-09-01T00:25:12.531+0530] {dag.py:3211} INFO - Sync 3 DAGs
[2024-09-01T00:25:12.539+0530] {logging_mixin.py:190} INFO - [2024-09-01T00:25:12.539+0530] {dag.py:4138} INFO - Setting next_dagrun for dataset_with_extra_by_context to 2024-08-30 00:00:00+00:00, run_after=2024-08-31 00:00:00+00:00
[2024-09-01T00:25:12.541+0530] {logging_mixin.py:190} INFO - [2024-09-01T00:25:12.541+0530] {dag.py:4138} INFO - Setting next_dagrun for dataset_with_extra_by_yield to 2024-08-30 00:00:00+00:00, run_after=2024-08-31 00:00:00+00:00
[2024-09-01T00:25:12.541+0530] {logging_mixin.py:190} INFO - [2024-09-01T00:25:12.541+0530] {dag.py:4138} INFO - Setting next_dagrun for dataset_with_extra_from_classic_operator to 2024-08-30 00:00:00+00:00, run_after=2024-08-31 00:00:00+00:00
[2024-09-01T00:25:12.549+0530] {processor.py:208} INFO - Processing /Users/ravipal/Desktop/Workspace/airflow_tutorial/py_env/lib/python3.12/site-packages/airflow/example_dags/example_outlet_event_extra.py took 0.088 seconds
[2024-09-01T00:27:27.709+0530] {processor.py:186} INFO - Started process (PID=1870) to work on /Users/ravipal/Desktop/Workspace/airflow_tutorial/py_env/lib/python3.12/site-packages/airflow/example_dags/example_outlet_event_extra.py
[2024-09-01T00:27:27.709+0530] {processor.py:914} INFO - Processing file /Users/ravipal/Desktop/Workspace/airflow_tutorial/py_env/lib/python3.12/site-packages/airflow/example_dags/example_outlet_event_extra.py for tasks to queue
[2024-09-01T00:27:27.710+0530] {logging_mixin.py:190} INFO - [2024-09-01T00:27:27.710+0530] {dagbag.py:587} INFO - Filling up the DagBag from /Users/ravipal/Desktop/Workspace/airflow_tutorial/py_env/lib/python3.12/site-packages/airflow/example_dags/example_outlet_event_extra.py
[2024-09-01T00:27:27.738+0530] {processor.py:925} INFO - DAG(s) 'dataset_with_extra_by_yield', 'dataset_with_extra_from_classic_operator', 'dataset_with_extra_by_context' retrieved from /Users/ravipal/Desktop/Workspace/airflow_tutorial/py_env/lib/python3.12/site-packages/airflow/example_dags/example_outlet_event_extra.py
[2024-09-01T00:27:27.773+0530] {logging_mixin.py:190} INFO - [2024-09-01T00:27:27.773+0530] {dag.py:3211} INFO - Sync 3 DAGs
[2024-09-01T00:27:27.780+0530] {logging_mixin.py:190} INFO - [2024-09-01T00:27:27.780+0530] {dag.py:4138} INFO - Setting next_dagrun for dataset_with_extra_by_context to 2024-08-30 00:00:00+00:00, run_after=2024-08-31 00:00:00+00:00
[2024-09-01T00:27:27.781+0530] {logging_mixin.py:190} INFO - [2024-09-01T00:27:27.781+0530] {dag.py:4138} INFO - Setting next_dagrun for dataset_with_extra_by_yield to 2024-08-30 00:00:00+00:00, run_after=2024-08-31 00:00:00+00:00
[2024-09-01T00:27:27.782+0530] {logging_mixin.py:190} INFO - [2024-09-01T00:27:27.782+0530] {dag.py:4138} INFO - Setting next_dagrun for dataset_with_extra_from_classic_operator to 2024-08-30 00:00:00+00:00, run_after=2024-08-31 00:00:00+00:00
[2024-09-01T00:27:27.789+0530] {processor.py:208} INFO - Processing /Users/ravipal/Desktop/Workspace/airflow_tutorial/py_env/lib/python3.12/site-packages/airflow/example_dags/example_outlet_event_extra.py took 0.082 seconds
[2024-09-01T00:29:39.699+0530] {processor.py:186} INFO - Started process (PID=2017) to work on /Users/ravipal/Desktop/Workspace/airflow_tutorial/py_env/lib/python3.12/site-packages/airflow/example_dags/example_outlet_event_extra.py
[2024-09-01T00:29:39.699+0530] {processor.py:914} INFO - Processing file /Users/ravipal/Desktop/Workspace/airflow_tutorial/py_env/lib/python3.12/site-packages/airflow/example_dags/example_outlet_event_extra.py for tasks to queue
[2024-09-01T00:29:39.699+0530] {logging_mixin.py:190} INFO - [2024-09-01T00:29:39.699+0530] {dagbag.py:587} INFO - Filling up the DagBag from /Users/ravipal/Desktop/Workspace/airflow_tutorial/py_env/lib/python3.12/site-packages/airflow/example_dags/example_outlet_event_extra.py
[2024-09-01T00:29:39.729+0530] {processor.py:925} INFO - DAG(s) 'dataset_with_extra_from_classic_operator', 'dataset_with_extra_by_context', 'dataset_with_extra_by_yield' retrieved from /Users/ravipal/Desktop/Workspace/airflow_tutorial/py_env/lib/python3.12/site-packages/airflow/example_dags/example_outlet_event_extra.py
[2024-09-01T00:29:39.767+0530] {logging_mixin.py:190} INFO - [2024-09-01T00:29:39.767+0530] {dag.py:3211} INFO - Sync 3 DAGs
[2024-09-01T00:29:39.775+0530] {logging_mixin.py:190} INFO - [2024-09-01T00:29:39.775+0530] {dag.py:4138} INFO - Setting next_dagrun for dataset_with_extra_by_context to 2024-08-30 00:00:00+00:00, run_after=2024-08-31 00:00:00+00:00
[2024-09-01T00:29:39.776+0530] {logging_mixin.py:190} INFO - [2024-09-01T00:29:39.776+0530] {dag.py:4138} INFO - Setting next_dagrun for dataset_with_extra_by_yield to 2024-08-30 00:00:00+00:00, run_after=2024-08-31 00:00:00+00:00
[2024-09-01T00:29:39.777+0530] {logging_mixin.py:190} INFO - [2024-09-01T00:29:39.777+0530] {dag.py:4138} INFO - Setting next_dagrun for dataset_with_extra_from_classic_operator to 2024-08-30 00:00:00+00:00, run_after=2024-08-31 00:00:00+00:00
[2024-09-01T00:29:39.785+0530] {processor.py:208} INFO - Processing /Users/ravipal/Desktop/Workspace/airflow_tutorial/py_env/lib/python3.12/site-packages/airflow/example_dags/example_outlet_event_extra.py took 0.089 seconds
[2024-09-01T00:31:52.056+0530] {processor.py:186} INFO - Started process (PID=2154) to work on /Users/ravipal/Desktop/Workspace/airflow_tutorial/py_env/lib/python3.12/site-packages/airflow/example_dags/example_outlet_event_extra.py
[2024-09-01T00:31:52.056+0530] {processor.py:914} INFO - Processing file /Users/ravipal/Desktop/Workspace/airflow_tutorial/py_env/lib/python3.12/site-packages/airflow/example_dags/example_outlet_event_extra.py for tasks to queue
[2024-09-01T00:31:52.056+0530] {logging_mixin.py:190} INFO - [2024-09-01T00:31:52.056+0530] {dagbag.py:587} INFO - Filling up the DagBag from /Users/ravipal/Desktop/Workspace/airflow_tutorial/py_env/lib/python3.12/site-packages/airflow/example_dags/example_outlet_event_extra.py
[2024-09-01T00:31:52.083+0530] {processor.py:925} INFO - DAG(s) 'dataset_with_extra_by_context', 'dataset_with_extra_by_yield', 'dataset_with_extra_from_classic_operator' retrieved from /Users/ravipal/Desktop/Workspace/airflow_tutorial/py_env/lib/python3.12/site-packages/airflow/example_dags/example_outlet_event_extra.py
[2024-09-01T00:31:52.116+0530] {logging_mixin.py:190} INFO - [2024-09-01T00:31:52.116+0530] {dag.py:3211} INFO - Sync 3 DAGs
[2024-09-01T00:31:52.123+0530] {logging_mixin.py:190} INFO - [2024-09-01T00:31:52.123+0530] {dag.py:4138} INFO - Setting next_dagrun for dataset_with_extra_by_context to 2024-08-30 00:00:00+00:00, run_after=2024-08-31 00:00:00+00:00
[2024-09-01T00:31:52.124+0530] {logging_mixin.py:190} INFO - [2024-09-01T00:31:52.124+0530] {dag.py:4138} INFO - Setting next_dagrun for dataset_with_extra_by_yield to 2024-08-30 00:00:00+00:00, run_after=2024-08-31 00:00:00+00:00
[2024-09-01T00:31:52.125+0530] {logging_mixin.py:190} INFO - [2024-09-01T00:31:52.125+0530] {dag.py:4138} INFO - Setting next_dagrun for dataset_with_extra_from_classic_operator to 2024-08-30 00:00:00+00:00, run_after=2024-08-31 00:00:00+00:00
[2024-09-01T00:31:52.132+0530] {processor.py:208} INFO - Processing /Users/ravipal/Desktop/Workspace/airflow_tutorial/py_env/lib/python3.12/site-packages/airflow/example_dags/example_outlet_event_extra.py took 0.078 seconds
[2024-09-01T00:34:06.024+0530] {processor.py:186} INFO - Started process (PID=2286) to work on /Users/ravipal/Desktop/Workspace/airflow_tutorial/py_env/lib/python3.12/site-packages/airflow/example_dags/example_outlet_event_extra.py
[2024-09-01T00:34:06.024+0530] {processor.py:914} INFO - Processing file /Users/ravipal/Desktop/Workspace/airflow_tutorial/py_env/lib/python3.12/site-packages/airflow/example_dags/example_outlet_event_extra.py for tasks to queue
[2024-09-01T00:34:06.025+0530] {logging_mixin.py:190} INFO - [2024-09-01T00:34:06.025+0530] {dagbag.py:587} INFO - Filling up the DagBag from /Users/ravipal/Desktop/Workspace/airflow_tutorial/py_env/lib/python3.12/site-packages/airflow/example_dags/example_outlet_event_extra.py
[2024-09-01T00:34:06.053+0530] {processor.py:925} INFO - DAG(s) 'dataset_with_extra_from_classic_operator', 'dataset_with_extra_by_yield', 'dataset_with_extra_by_context' retrieved from /Users/ravipal/Desktop/Workspace/airflow_tutorial/py_env/lib/python3.12/site-packages/airflow/example_dags/example_outlet_event_extra.py
[2024-09-01T00:34:06.087+0530] {logging_mixin.py:190} INFO - [2024-09-01T00:34:06.087+0530] {dag.py:3211} INFO - Sync 3 DAGs
[2024-09-01T00:34:06.095+0530] {logging_mixin.py:190} INFO - [2024-09-01T00:34:06.095+0530] {dag.py:4138} INFO - Setting next_dagrun for dataset_with_extra_by_context to 2024-08-30 00:00:00+00:00, run_after=2024-08-31 00:00:00+00:00
[2024-09-01T00:34:06.098+0530] {logging_mixin.py:190} INFO - [2024-09-01T00:34:06.097+0530] {dag.py:4138} INFO - Setting next_dagrun for dataset_with_extra_by_yield to 2024-08-30 00:00:00+00:00, run_after=2024-08-31 00:00:00+00:00
[2024-09-01T00:34:06.098+0530] {logging_mixin.py:190} INFO - [2024-09-01T00:34:06.098+0530] {dag.py:4138} INFO - Setting next_dagrun for dataset_with_extra_from_classic_operator to 2024-08-30 00:00:00+00:00, run_after=2024-08-31 00:00:00+00:00
[2024-09-01T00:34:06.106+0530] {processor.py:208} INFO - Processing /Users/ravipal/Desktop/Workspace/airflow_tutorial/py_env/lib/python3.12/site-packages/airflow/example_dags/example_outlet_event_extra.py took 0.085 seconds
[2024-09-01T00:36:22.427+0530] {processor.py:186} INFO - Started process (PID=2422) to work on /Users/ravipal/Desktop/Workspace/airflow_tutorial/py_env/lib/python3.12/site-packages/airflow/example_dags/example_outlet_event_extra.py
[2024-09-01T00:36:22.427+0530] {processor.py:914} INFO - Processing file /Users/ravipal/Desktop/Workspace/airflow_tutorial/py_env/lib/python3.12/site-packages/airflow/example_dags/example_outlet_event_extra.py for tasks to queue
[2024-09-01T00:36:22.428+0530] {logging_mixin.py:190} INFO - [2024-09-01T00:36:22.428+0530] {dagbag.py:587} INFO - Filling up the DagBag from /Users/ravipal/Desktop/Workspace/airflow_tutorial/py_env/lib/python3.12/site-packages/airflow/example_dags/example_outlet_event_extra.py
[2024-09-01T00:36:22.456+0530] {processor.py:925} INFO - DAG(s) 'dataset_with_extra_by_yield', 'dataset_with_extra_by_context', 'dataset_with_extra_from_classic_operator' retrieved from /Users/ravipal/Desktop/Workspace/airflow_tutorial/py_env/lib/python3.12/site-packages/airflow/example_dags/example_outlet_event_extra.py
[2024-09-01T00:36:22.504+0530] {logging_mixin.py:190} INFO - [2024-09-01T00:36:22.504+0530] {dag.py:3211} INFO - Sync 3 DAGs
[2024-09-01T00:36:22.513+0530] {logging_mixin.py:190} INFO - [2024-09-01T00:36:22.513+0530] {dag.py:4138} INFO - Setting next_dagrun for dataset_with_extra_by_context to 2024-08-30 00:00:00+00:00, run_after=2024-08-31 00:00:00+00:00
[2024-09-01T00:36:22.515+0530] {logging_mixin.py:190} INFO - [2024-09-01T00:36:22.515+0530] {dag.py:4138} INFO - Setting next_dagrun for dataset_with_extra_by_yield to 2024-08-30 00:00:00+00:00, run_after=2024-08-31 00:00:00+00:00
[2024-09-01T00:36:22.516+0530] {logging_mixin.py:190} INFO - [2024-09-01T00:36:22.516+0530] {dag.py:4138} INFO - Setting next_dagrun for dataset_with_extra_from_classic_operator to 2024-08-30 00:00:00+00:00, run_after=2024-08-31 00:00:00+00:00
[2024-09-01T00:36:22.526+0530] {processor.py:208} INFO - Processing /Users/ravipal/Desktop/Workspace/airflow_tutorial/py_env/lib/python3.12/site-packages/airflow/example_dags/example_outlet_event_extra.py took 0.101 seconds
[2024-09-01T00:38:32.641+0530] {processor.py:186} INFO - Started process (PID=2553) to work on /Users/ravipal/Desktop/Workspace/airflow_tutorial/py_env/lib/python3.12/site-packages/airflow/example_dags/example_outlet_event_extra.py
[2024-09-01T00:38:32.641+0530] {processor.py:914} INFO - Processing file /Users/ravipal/Desktop/Workspace/airflow_tutorial/py_env/lib/python3.12/site-packages/airflow/example_dags/example_outlet_event_extra.py for tasks to queue
[2024-09-01T00:38:32.642+0530] {logging_mixin.py:190} INFO - [2024-09-01T00:38:32.641+0530] {dagbag.py:587} INFO - Filling up the DagBag from /Users/ravipal/Desktop/Workspace/airflow_tutorial/py_env/lib/python3.12/site-packages/airflow/example_dags/example_outlet_event_extra.py
[2024-09-01T00:38:32.670+0530] {processor.py:925} INFO - DAG(s) 'dataset_with_extra_by_yield', 'dataset_with_extra_from_classic_operator', 'dataset_with_extra_by_context' retrieved from /Users/ravipal/Desktop/Workspace/airflow_tutorial/py_env/lib/python3.12/site-packages/airflow/example_dags/example_outlet_event_extra.py
[2024-09-01T00:38:32.703+0530] {logging_mixin.py:190} INFO - [2024-09-01T00:38:32.703+0530] {dag.py:3211} INFO - Sync 3 DAGs
[2024-09-01T00:38:32.710+0530] {logging_mixin.py:190} INFO - [2024-09-01T00:38:32.710+0530] {dag.py:4138} INFO - Setting next_dagrun for dataset_with_extra_by_context to 2024-08-30 00:00:00+00:00, run_after=2024-08-31 00:00:00+00:00
[2024-09-01T00:38:32.712+0530] {logging_mixin.py:190} INFO - [2024-09-01T00:38:32.711+0530] {dag.py:4138} INFO - Setting next_dagrun for dataset_with_extra_by_yield to 2024-08-30 00:00:00+00:00, run_after=2024-08-31 00:00:00+00:00
[2024-09-01T00:38:32.712+0530] {logging_mixin.py:190} INFO - [2024-09-01T00:38:32.712+0530] {dag.py:4138} INFO - Setting next_dagrun for dataset_with_extra_from_classic_operator to 2024-08-30 00:00:00+00:00, run_after=2024-08-31 00:00:00+00:00
[2024-09-01T00:38:32.719+0530] {processor.py:208} INFO - Processing /Users/ravipal/Desktop/Workspace/airflow_tutorial/py_env/lib/python3.12/site-packages/airflow/example_dags/example_outlet_event_extra.py took 0.081 seconds
[2024-09-01T00:40:39.004+0530] {processor.py:186} INFO - Started process (PID=2680) to work on /Users/ravipal/Desktop/Workspace/airflow_tutorial/py_env/lib/python3.12/site-packages/airflow/example_dags/example_outlet_event_extra.py
[2024-09-01T00:40:39.004+0530] {processor.py:914} INFO - Processing file /Users/ravipal/Desktop/Workspace/airflow_tutorial/py_env/lib/python3.12/site-packages/airflow/example_dags/example_outlet_event_extra.py for tasks to queue
[2024-09-01T00:40:39.004+0530] {logging_mixin.py:190} INFO - [2024-09-01T00:40:39.004+0530] {dagbag.py:587} INFO - Filling up the DagBag from /Users/ravipal/Desktop/Workspace/airflow_tutorial/py_env/lib/python3.12/site-packages/airflow/example_dags/example_outlet_event_extra.py
[2024-09-01T00:40:39.033+0530] {processor.py:925} INFO - DAG(s) 'dataset_with_extra_from_classic_operator', 'dataset_with_extra_by_context', 'dataset_with_extra_by_yield' retrieved from /Users/ravipal/Desktop/Workspace/airflow_tutorial/py_env/lib/python3.12/site-packages/airflow/example_dags/example_outlet_event_extra.py
[2024-09-01T00:40:39.068+0530] {logging_mixin.py:190} INFO - [2024-09-01T00:40:39.068+0530] {dag.py:3211} INFO - Sync 3 DAGs
[2024-09-01T00:40:39.075+0530] {logging_mixin.py:190} INFO - [2024-09-01T00:40:39.075+0530] {dag.py:4138} INFO - Setting next_dagrun for dataset_with_extra_by_context to 2024-08-30 00:00:00+00:00, run_after=2024-08-31 00:00:00+00:00
[2024-09-01T00:40:39.076+0530] {logging_mixin.py:190} INFO - [2024-09-01T00:40:39.076+0530] {dag.py:4138} INFO - Setting next_dagrun for dataset_with_extra_by_yield to 2024-08-30 00:00:00+00:00, run_after=2024-08-31 00:00:00+00:00
[2024-09-01T00:40:39.077+0530] {logging_mixin.py:190} INFO - [2024-09-01T00:40:39.077+0530] {dag.py:4138} INFO - Setting next_dagrun for dataset_with_extra_from_classic_operator to 2024-08-30 00:00:00+00:00, run_after=2024-08-31 00:00:00+00:00
[2024-09-01T00:40:39.084+0530] {processor.py:208} INFO - Processing /Users/ravipal/Desktop/Workspace/airflow_tutorial/py_env/lib/python3.12/site-packages/airflow/example_dags/example_outlet_event_extra.py took 0.082 seconds
[2024-09-01T00:42:52.792+0530] {processor.py:186} INFO - Started process (PID=2812) to work on /Users/ravipal/Desktop/Workspace/airflow_tutorial/py_env/lib/python3.12/site-packages/airflow/example_dags/example_outlet_event_extra.py
[2024-09-01T00:42:52.793+0530] {processor.py:914} INFO - Processing file /Users/ravipal/Desktop/Workspace/airflow_tutorial/py_env/lib/python3.12/site-packages/airflow/example_dags/example_outlet_event_extra.py for tasks to queue
[2024-09-01T00:42:52.793+0530] {logging_mixin.py:190} INFO - [2024-09-01T00:42:52.793+0530] {dagbag.py:587} INFO - Filling up the DagBag from /Users/ravipal/Desktop/Workspace/airflow_tutorial/py_env/lib/python3.12/site-packages/airflow/example_dags/example_outlet_event_extra.py
[2024-09-01T00:42:52.821+0530] {processor.py:925} INFO - DAG(s) 'dataset_with_extra_by_context', 'dataset_with_extra_by_yield', 'dataset_with_extra_from_classic_operator' retrieved from /Users/ravipal/Desktop/Workspace/airflow_tutorial/py_env/lib/python3.12/site-packages/airflow/example_dags/example_outlet_event_extra.py
[2024-09-01T00:42:52.855+0530] {logging_mixin.py:190} INFO - [2024-09-01T00:42:52.855+0530] {dag.py:3211} INFO - Sync 3 DAGs
[2024-09-01T00:42:52.861+0530] {logging_mixin.py:190} INFO - [2024-09-01T00:42:52.861+0530] {dag.py:4138} INFO - Setting next_dagrun for dataset_with_extra_by_context to 2024-08-30 00:00:00+00:00, run_after=2024-08-31 00:00:00+00:00
[2024-09-01T00:42:52.863+0530] {logging_mixin.py:190} INFO - [2024-09-01T00:42:52.863+0530] {dag.py:4138} INFO - Setting next_dagrun for dataset_with_extra_by_yield to 2024-08-30 00:00:00+00:00, run_after=2024-08-31 00:00:00+00:00
[2024-09-01T00:42:52.863+0530] {logging_mixin.py:190} INFO - [2024-09-01T00:42:52.863+0530] {dag.py:4138} INFO - Setting next_dagrun for dataset_with_extra_from_classic_operator to 2024-08-30 00:00:00+00:00, run_after=2024-08-31 00:00:00+00:00
[2024-09-01T00:42:52.871+0530] {processor.py:208} INFO - Processing /Users/ravipal/Desktop/Workspace/airflow_tutorial/py_env/lib/python3.12/site-packages/airflow/example_dags/example_outlet_event_extra.py took 0.080 seconds
[2024-09-01T00:45:08.663+0530] {processor.py:186} INFO - Started process (PID=2946) to work on /Users/ravipal/Desktop/Workspace/airflow_tutorial/py_env/lib/python3.12/site-packages/airflow/example_dags/example_outlet_event_extra.py
[2024-09-01T00:45:08.663+0530] {processor.py:914} INFO - Processing file /Users/ravipal/Desktop/Workspace/airflow_tutorial/py_env/lib/python3.12/site-packages/airflow/example_dags/example_outlet_event_extra.py for tasks to queue
[2024-09-01T00:45:08.664+0530] {logging_mixin.py:190} INFO - [2024-09-01T00:45:08.664+0530] {dagbag.py:587} INFO - Filling up the DagBag from /Users/ravipal/Desktop/Workspace/airflow_tutorial/py_env/lib/python3.12/site-packages/airflow/example_dags/example_outlet_event_extra.py
[2024-09-01T00:45:08.691+0530] {processor.py:925} INFO - DAG(s) 'dataset_with_extra_by_context', 'dataset_with_extra_from_classic_operator', 'dataset_with_extra_by_yield' retrieved from /Users/ravipal/Desktop/Workspace/airflow_tutorial/py_env/lib/python3.12/site-packages/airflow/example_dags/example_outlet_event_extra.py
[2024-09-01T00:45:08.725+0530] {logging_mixin.py:190} INFO - [2024-09-01T00:45:08.725+0530] {dag.py:3211} INFO - Sync 3 DAGs
[2024-09-01T00:45:08.731+0530] {logging_mixin.py:190} INFO - [2024-09-01T00:45:08.731+0530] {dag.py:4138} INFO - Setting next_dagrun for dataset_with_extra_by_context to 2024-08-30 00:00:00+00:00, run_after=2024-08-31 00:00:00+00:00
[2024-09-01T00:45:08.733+0530] {logging_mixin.py:190} INFO - [2024-09-01T00:45:08.733+0530] {dag.py:4138} INFO - Setting next_dagrun for dataset_with_extra_by_yield to 2024-08-30 00:00:00+00:00, run_after=2024-08-31 00:00:00+00:00
[2024-09-01T00:45:08.733+0530] {logging_mixin.py:190} INFO - [2024-09-01T00:45:08.733+0530] {dag.py:4138} INFO - Setting next_dagrun for dataset_with_extra_from_classic_operator to 2024-08-30 00:00:00+00:00, run_after=2024-08-31 00:00:00+00:00
[2024-09-01T00:45:08.741+0530] {processor.py:208} INFO - Processing /Users/ravipal/Desktop/Workspace/airflow_tutorial/py_env/lib/python3.12/site-packages/airflow/example_dags/example_outlet_event_extra.py took 0.080 seconds
[2024-09-01T00:47:21.505+0530] {processor.py:186} INFO - Started process (PID=3079) to work on /Users/ravipal/Desktop/Workspace/airflow_tutorial/py_env/lib/python3.12/site-packages/airflow/example_dags/example_outlet_event_extra.py
[2024-09-01T00:47:21.505+0530] {processor.py:914} INFO - Processing file /Users/ravipal/Desktop/Workspace/airflow_tutorial/py_env/lib/python3.12/site-packages/airflow/example_dags/example_outlet_event_extra.py for tasks to queue
[2024-09-01T00:47:21.505+0530] {logging_mixin.py:190} INFO - [2024-09-01T00:47:21.505+0530] {dagbag.py:587} INFO - Filling up the DagBag from /Users/ravipal/Desktop/Workspace/airflow_tutorial/py_env/lib/python3.12/site-packages/airflow/example_dags/example_outlet_event_extra.py
[2024-09-01T00:47:21.534+0530] {processor.py:925} INFO - DAG(s) 'dataset_with_extra_by_yield', 'dataset_with_extra_from_classic_operator', 'dataset_with_extra_by_context' retrieved from /Users/ravipal/Desktop/Workspace/airflow_tutorial/py_env/lib/python3.12/site-packages/airflow/example_dags/example_outlet_event_extra.py
[2024-09-01T00:47:21.568+0530] {logging_mixin.py:190} INFO - [2024-09-01T00:47:21.568+0530] {dag.py:3211} INFO - Sync 3 DAGs
[2024-09-01T00:47:21.575+0530] {logging_mixin.py:190} INFO - [2024-09-01T00:47:21.575+0530] {dag.py:4138} INFO - Setting next_dagrun for dataset_with_extra_by_context to 2024-08-30 00:00:00+00:00, run_after=2024-08-31 00:00:00+00:00
[2024-09-01T00:47:21.576+0530] {logging_mixin.py:190} INFO - [2024-09-01T00:47:21.576+0530] {dag.py:4138} INFO - Setting next_dagrun for dataset_with_extra_by_yield to 2024-08-30 00:00:00+00:00, run_after=2024-08-31 00:00:00+00:00
[2024-09-01T00:47:21.577+0530] {logging_mixin.py:190} INFO - [2024-09-01T00:47:21.577+0530] {dag.py:4138} INFO - Setting next_dagrun for dataset_with_extra_from_classic_operator to 2024-08-30 00:00:00+00:00, run_after=2024-08-31 00:00:00+00:00
[2024-09-01T00:47:21.584+0530] {processor.py:208} INFO - Processing /Users/ravipal/Desktop/Workspace/airflow_tutorial/py_env/lib/python3.12/site-packages/airflow/example_dags/example_outlet_event_extra.py took 0.082 seconds
[2024-09-01T00:49:27.393+0530] {processor.py:186} INFO - Started process (PID=3214) to work on /Users/ravipal/Desktop/Workspace/airflow_tutorial/py_env/lib/python3.12/site-packages/airflow/example_dags/example_outlet_event_extra.py
[2024-09-01T00:49:27.393+0530] {processor.py:914} INFO - Processing file /Users/ravipal/Desktop/Workspace/airflow_tutorial/py_env/lib/python3.12/site-packages/airflow/example_dags/example_outlet_event_extra.py for tasks to queue
[2024-09-01T00:49:27.394+0530] {logging_mixin.py:190} INFO - [2024-09-01T00:49:27.394+0530] {dagbag.py:587} INFO - Filling up the DagBag from /Users/ravipal/Desktop/Workspace/airflow_tutorial/py_env/lib/python3.12/site-packages/airflow/example_dags/example_outlet_event_extra.py
[2024-09-01T00:49:27.424+0530] {processor.py:925} INFO - DAG(s) 'dataset_with_extra_by_context', 'dataset_with_extra_from_classic_operator', 'dataset_with_extra_by_yield' retrieved from /Users/ravipal/Desktop/Workspace/airflow_tutorial/py_env/lib/python3.12/site-packages/airflow/example_dags/example_outlet_event_extra.py
[2024-09-01T00:49:27.465+0530] {logging_mixin.py:190} INFO - [2024-09-01T00:49:27.465+0530] {dag.py:3211} INFO - Sync 3 DAGs
[2024-09-01T00:49:27.472+0530] {logging_mixin.py:190} INFO - [2024-09-01T00:49:27.472+0530] {dag.py:4138} INFO - Setting next_dagrun for dataset_with_extra_by_context to 2024-08-30 00:00:00+00:00, run_after=2024-08-31 00:00:00+00:00
[2024-09-01T00:49:27.473+0530] {logging_mixin.py:190} INFO - [2024-09-01T00:49:27.473+0530] {dag.py:4138} INFO - Setting next_dagrun for dataset_with_extra_by_yield to 2024-08-30 00:00:00+00:00, run_after=2024-08-31 00:00:00+00:00
[2024-09-01T00:49:27.474+0530] {logging_mixin.py:190} INFO - [2024-09-01T00:49:27.474+0530] {dag.py:4138} INFO - Setting next_dagrun for dataset_with_extra_from_classic_operator to 2024-08-30 00:00:00+00:00, run_after=2024-08-31 00:00:00+00:00
[2024-09-01T00:49:27.481+0530] {processor.py:208} INFO - Processing /Users/ravipal/Desktop/Workspace/airflow_tutorial/py_env/lib/python3.12/site-packages/airflow/example_dags/example_outlet_event_extra.py took 0.090 seconds
[2024-09-01T00:51:44.473+0530] {processor.py:186} INFO - Started process (PID=3367) to work on /Users/ravipal/Desktop/Workspace/airflow_tutorial/py_env/lib/python3.12/site-packages/airflow/example_dags/example_outlet_event_extra.py
[2024-09-01T00:51:44.475+0530] {processor.py:914} INFO - Processing file /Users/ravipal/Desktop/Workspace/airflow_tutorial/py_env/lib/python3.12/site-packages/airflow/example_dags/example_outlet_event_extra.py for tasks to queue
[2024-09-01T00:51:44.475+0530] {logging_mixin.py:190} INFO - [2024-09-01T00:51:44.475+0530] {dagbag.py:587} INFO - Filling up the DagBag from /Users/ravipal/Desktop/Workspace/airflow_tutorial/py_env/lib/python3.12/site-packages/airflow/example_dags/example_outlet_event_extra.py
[2024-09-01T00:51:44.509+0530] {processor.py:925} INFO - DAG(s) 'dataset_with_extra_by_context', 'dataset_with_extra_by_yield', 'dataset_with_extra_from_classic_operator' retrieved from /Users/ravipal/Desktop/Workspace/airflow_tutorial/py_env/lib/python3.12/site-packages/airflow/example_dags/example_outlet_event_extra.py
[2024-09-01T00:51:44.543+0530] {logging_mixin.py:190} INFO - [2024-09-01T00:51:44.543+0530] {dag.py:3211} INFO - Sync 3 DAGs
[2024-09-01T00:51:44.550+0530] {logging_mixin.py:190} INFO - [2024-09-01T00:51:44.550+0530] {dag.py:4138} INFO - Setting next_dagrun for dataset_with_extra_by_context to 2024-08-30 00:00:00+00:00, run_after=2024-08-31 00:00:00+00:00
[2024-09-01T00:51:44.551+0530] {logging_mixin.py:190} INFO - [2024-09-01T00:51:44.551+0530] {dag.py:4138} INFO - Setting next_dagrun for dataset_with_extra_by_yield to 2024-08-30 00:00:00+00:00, run_after=2024-08-31 00:00:00+00:00
[2024-09-01T00:51:44.552+0530] {logging_mixin.py:190} INFO - [2024-09-01T00:51:44.552+0530] {dag.py:4138} INFO - Setting next_dagrun for dataset_with_extra_from_classic_operator to 2024-08-30 00:00:00+00:00, run_after=2024-08-31 00:00:00+00:00
[2024-09-01T00:51:44.559+0530] {processor.py:208} INFO - Processing /Users/ravipal/Desktop/Workspace/airflow_tutorial/py_env/lib/python3.12/site-packages/airflow/example_dags/example_outlet_event_extra.py took 0.088 seconds
[2024-09-01T00:53:55.364+0530] {processor.py:186} INFO - Started process (PID=3498) to work on /Users/ravipal/Desktop/Workspace/airflow_tutorial/py_env/lib/python3.12/site-packages/airflow/example_dags/example_outlet_event_extra.py
[2024-09-01T00:53:55.365+0530] {processor.py:914} INFO - Processing file /Users/ravipal/Desktop/Workspace/airflow_tutorial/py_env/lib/python3.12/site-packages/airflow/example_dags/example_outlet_event_extra.py for tasks to queue
[2024-09-01T00:53:55.365+0530] {logging_mixin.py:190} INFO - [2024-09-01T00:53:55.365+0530] {dagbag.py:587} INFO - Filling up the DagBag from /Users/ravipal/Desktop/Workspace/airflow_tutorial/py_env/lib/python3.12/site-packages/airflow/example_dags/example_outlet_event_extra.py
[2024-09-01T00:53:55.393+0530] {processor.py:925} INFO - DAG(s) 'dataset_with_extra_by_context', 'dataset_with_extra_from_classic_operator', 'dataset_with_extra_by_yield' retrieved from /Users/ravipal/Desktop/Workspace/airflow_tutorial/py_env/lib/python3.12/site-packages/airflow/example_dags/example_outlet_event_extra.py
[2024-09-01T00:53:55.427+0530] {logging_mixin.py:190} INFO - [2024-09-01T00:53:55.427+0530] {dag.py:3211} INFO - Sync 3 DAGs
[2024-09-01T00:53:55.434+0530] {logging_mixin.py:190} INFO - [2024-09-01T00:53:55.434+0530] {dag.py:4138} INFO - Setting next_dagrun for dataset_with_extra_by_context to 2024-08-30 00:00:00+00:00, run_after=2024-08-31 00:00:00+00:00
[2024-09-01T00:53:55.436+0530] {logging_mixin.py:190} INFO - [2024-09-01T00:53:55.435+0530] {dag.py:4138} INFO - Setting next_dagrun for dataset_with_extra_by_yield to 2024-08-30 00:00:00+00:00, run_after=2024-08-31 00:00:00+00:00
[2024-09-01T00:53:55.436+0530] {logging_mixin.py:190} INFO - [2024-09-01T00:53:55.436+0530] {dag.py:4138} INFO - Setting next_dagrun for dataset_with_extra_from_classic_operator to 2024-08-30 00:00:00+00:00, run_after=2024-08-31 00:00:00+00:00
[2024-09-01T00:53:55.444+0530] {processor.py:208} INFO - Processing /Users/ravipal/Desktop/Workspace/airflow_tutorial/py_env/lib/python3.12/site-packages/airflow/example_dags/example_outlet_event_extra.py took 0.081 seconds
[2024-09-01T00:56:05.451+0530] {processor.py:186} INFO - Started process (PID=3629) to work on /Users/ravipal/Desktop/Workspace/airflow_tutorial/py_env/lib/python3.12/site-packages/airflow/example_dags/example_outlet_event_extra.py
[2024-09-01T00:56:05.452+0530] {processor.py:914} INFO - Processing file /Users/ravipal/Desktop/Workspace/airflow_tutorial/py_env/lib/python3.12/site-packages/airflow/example_dags/example_outlet_event_extra.py for tasks to queue
[2024-09-01T00:56:05.452+0530] {logging_mixin.py:190} INFO - [2024-09-01T00:56:05.452+0530] {dagbag.py:587} INFO - Filling up the DagBag from /Users/ravipal/Desktop/Workspace/airflow_tutorial/py_env/lib/python3.12/site-packages/airflow/example_dags/example_outlet_event_extra.py
[2024-09-01T00:56:05.480+0530] {processor.py:925} INFO - DAG(s) 'dataset_with_extra_from_classic_operator', 'dataset_with_extra_by_context', 'dataset_with_extra_by_yield' retrieved from /Users/ravipal/Desktop/Workspace/airflow_tutorial/py_env/lib/python3.12/site-packages/airflow/example_dags/example_outlet_event_extra.py
[2024-09-01T00:56:05.513+0530] {logging_mixin.py:190} INFO - [2024-09-01T00:56:05.513+0530] {dag.py:3211} INFO - Sync 3 DAGs
[2024-09-01T00:56:05.520+0530] {logging_mixin.py:190} INFO - [2024-09-01T00:56:05.520+0530] {dag.py:4138} INFO - Setting next_dagrun for dataset_with_extra_by_context to 2024-08-30 00:00:00+00:00, run_after=2024-08-31 00:00:00+00:00
[2024-09-01T00:56:05.521+0530] {logging_mixin.py:190} INFO - [2024-09-01T00:56:05.521+0530] {dag.py:4138} INFO - Setting next_dagrun for dataset_with_extra_by_yield to 2024-08-30 00:00:00+00:00, run_after=2024-08-31 00:00:00+00:00
[2024-09-01T00:56:05.522+0530] {logging_mixin.py:190} INFO - [2024-09-01T00:56:05.522+0530] {dag.py:4138} INFO - Setting next_dagrun for dataset_with_extra_from_classic_operator to 2024-08-30 00:00:00+00:00, run_after=2024-08-31 00:00:00+00:00
[2024-09-01T00:56:05.529+0530] {processor.py:208} INFO - Processing /Users/ravipal/Desktop/Workspace/airflow_tutorial/py_env/lib/python3.12/site-packages/airflow/example_dags/example_outlet_event_extra.py took 0.080 seconds
[2024-09-01T00:58:19.124+0530] {processor.py:186} INFO - Started process (PID=3762) to work on /Users/ravipal/Desktop/Workspace/airflow_tutorial/py_env/lib/python3.12/site-packages/airflow/example_dags/example_outlet_event_extra.py
[2024-09-01T00:58:19.124+0530] {processor.py:914} INFO - Processing file /Users/ravipal/Desktop/Workspace/airflow_tutorial/py_env/lib/python3.12/site-packages/airflow/example_dags/example_outlet_event_extra.py for tasks to queue
[2024-09-01T00:58:19.124+0530] {logging_mixin.py:190} INFO - [2024-09-01T00:58:19.124+0530] {dagbag.py:587} INFO - Filling up the DagBag from /Users/ravipal/Desktop/Workspace/airflow_tutorial/py_env/lib/python3.12/site-packages/airflow/example_dags/example_outlet_event_extra.py
[2024-09-01T00:58:19.154+0530] {processor.py:925} INFO - DAG(s) 'dataset_with_extra_from_classic_operator', 'dataset_with_extra_by_yield', 'dataset_with_extra_by_context' retrieved from /Users/ravipal/Desktop/Workspace/airflow_tutorial/py_env/lib/python3.12/site-packages/airflow/example_dags/example_outlet_event_extra.py
[2024-09-01T00:58:19.187+0530] {logging_mixin.py:190} INFO - [2024-09-01T00:58:19.187+0530] {dag.py:3211} INFO - Sync 3 DAGs
[2024-09-01T00:58:19.194+0530] {logging_mixin.py:190} INFO - [2024-09-01T00:58:19.194+0530] {dag.py:4138} INFO - Setting next_dagrun for dataset_with_extra_by_context to 2024-08-30 00:00:00+00:00, run_after=2024-08-31 00:00:00+00:00
[2024-09-01T00:58:19.196+0530] {logging_mixin.py:190} INFO - [2024-09-01T00:58:19.195+0530] {dag.py:4138} INFO - Setting next_dagrun for dataset_with_extra_by_yield to 2024-08-30 00:00:00+00:00, run_after=2024-08-31 00:00:00+00:00
[2024-09-01T00:58:19.196+0530] {logging_mixin.py:190} INFO - [2024-09-01T00:58:19.196+0530] {dag.py:4138} INFO - Setting next_dagrun for dataset_with_extra_from_classic_operator to 2024-08-30 00:00:00+00:00, run_after=2024-08-31 00:00:00+00:00
[2024-09-01T00:58:19.203+0530] {processor.py:208} INFO - Processing /Users/ravipal/Desktop/Workspace/airflow_tutorial/py_env/lib/python3.12/site-packages/airflow/example_dags/example_outlet_event_extra.py took 0.081 seconds
[2024-09-01T01:00:28.165+0530] {processor.py:186} INFO - Started process (PID=3892) to work on /Users/ravipal/Desktop/Workspace/airflow_tutorial/py_env/lib/python3.12/site-packages/airflow/example_dags/example_outlet_event_extra.py
[2024-09-01T01:00:28.166+0530] {processor.py:914} INFO - Processing file /Users/ravipal/Desktop/Workspace/airflow_tutorial/py_env/lib/python3.12/site-packages/airflow/example_dags/example_outlet_event_extra.py for tasks to queue
[2024-09-01T01:00:28.166+0530] {logging_mixin.py:190} INFO - [2024-09-01T01:00:28.166+0530] {dagbag.py:587} INFO - Filling up the DagBag from /Users/ravipal/Desktop/Workspace/airflow_tutorial/py_env/lib/python3.12/site-packages/airflow/example_dags/example_outlet_event_extra.py
[2024-09-01T01:00:28.194+0530] {processor.py:925} INFO - DAG(s) 'dataset_with_extra_from_classic_operator', 'dataset_with_extra_by_context', 'dataset_with_extra_by_yield' retrieved from /Users/ravipal/Desktop/Workspace/airflow_tutorial/py_env/lib/python3.12/site-packages/airflow/example_dags/example_outlet_event_extra.py
[2024-09-01T01:00:28.227+0530] {logging_mixin.py:190} INFO - [2024-09-01T01:00:28.227+0530] {dag.py:3211} INFO - Sync 3 DAGs
[2024-09-01T01:00:28.234+0530] {logging_mixin.py:190} INFO - [2024-09-01T01:00:28.234+0530] {dag.py:4138} INFO - Setting next_dagrun for dataset_with_extra_by_context to 2024-08-30 00:00:00+00:00, run_after=2024-08-31 00:00:00+00:00
[2024-09-01T01:00:28.235+0530] {logging_mixin.py:190} INFO - [2024-09-01T01:00:28.235+0530] {dag.py:4138} INFO - Setting next_dagrun for dataset_with_extra_by_yield to 2024-08-30 00:00:00+00:00, run_after=2024-08-31 00:00:00+00:00
[2024-09-01T01:00:28.236+0530] {logging_mixin.py:190} INFO - [2024-09-01T01:00:28.236+0530] {dag.py:4138} INFO - Setting next_dagrun for dataset_with_extra_from_classic_operator to 2024-08-30 00:00:00+00:00, run_after=2024-08-31 00:00:00+00:00
[2024-09-01T01:00:28.243+0530] {processor.py:208} INFO - Processing /Users/ravipal/Desktop/Workspace/airflow_tutorial/py_env/lib/python3.12/site-packages/airflow/example_dags/example_outlet_event_extra.py took 0.080 seconds
[2024-09-01T01:02:34.972+0530] {processor.py:186} INFO - Started process (PID=4019) to work on /Users/ravipal/Desktop/Workspace/airflow_tutorial/py_env/lib/python3.12/site-packages/airflow/example_dags/example_outlet_event_extra.py
[2024-09-01T01:02:34.972+0530] {processor.py:914} INFO - Processing file /Users/ravipal/Desktop/Workspace/airflow_tutorial/py_env/lib/python3.12/site-packages/airflow/example_dags/example_outlet_event_extra.py for tasks to queue
[2024-09-01T01:02:34.973+0530] {logging_mixin.py:190} INFO - [2024-09-01T01:02:34.973+0530] {dagbag.py:587} INFO - Filling up the DagBag from /Users/ravipal/Desktop/Workspace/airflow_tutorial/py_env/lib/python3.12/site-packages/airflow/example_dags/example_outlet_event_extra.py
[2024-09-01T01:02:35.002+0530] {processor.py:925} INFO - DAG(s) 'dataset_with_extra_by_context', 'dataset_with_extra_from_classic_operator', 'dataset_with_extra_by_yield' retrieved from /Users/ravipal/Desktop/Workspace/airflow_tutorial/py_env/lib/python3.12/site-packages/airflow/example_dags/example_outlet_event_extra.py
[2024-09-01T01:02:35.035+0530] {logging_mixin.py:190} INFO - [2024-09-01T01:02:35.035+0530] {dag.py:3211} INFO - Sync 3 DAGs
[2024-09-01T01:02:35.042+0530] {logging_mixin.py:190} INFO - [2024-09-01T01:02:35.042+0530] {dag.py:4138} INFO - Setting next_dagrun for dataset_with_extra_by_context to 2024-08-30 00:00:00+00:00, run_after=2024-08-31 00:00:00+00:00
[2024-09-01T01:02:35.044+0530] {logging_mixin.py:190} INFO - [2024-09-01T01:02:35.044+0530] {dag.py:4138} INFO - Setting next_dagrun for dataset_with_extra_by_yield to 2024-08-30 00:00:00+00:00, run_after=2024-08-31 00:00:00+00:00
[2024-09-01T01:02:35.044+0530] {logging_mixin.py:190} INFO - [2024-09-01T01:02:35.044+0530] {dag.py:4138} INFO - Setting next_dagrun for dataset_with_extra_from_classic_operator to 2024-08-30 00:00:00+00:00, run_after=2024-08-31 00:00:00+00:00
[2024-09-01T01:02:35.052+0530] {processor.py:208} INFO - Processing /Users/ravipal/Desktop/Workspace/airflow_tutorial/py_env/lib/python3.12/site-packages/airflow/example_dags/example_outlet_event_extra.py took 0.082 seconds
[2024-09-01T01:04:42.367+0530] {processor.py:186} INFO - Started process (PID=4159) to work on /Users/ravipal/Desktop/Workspace/airflow_tutorial/py_env/lib/python3.12/site-packages/airflow/example_dags/example_outlet_event_extra.py
[2024-09-01T01:04:42.367+0530] {processor.py:914} INFO - Processing file /Users/ravipal/Desktop/Workspace/airflow_tutorial/py_env/lib/python3.12/site-packages/airflow/example_dags/example_outlet_event_extra.py for tasks to queue
[2024-09-01T01:04:42.367+0530] {logging_mixin.py:190} INFO - [2024-09-01T01:04:42.367+0530] {dagbag.py:587} INFO - Filling up the DagBag from /Users/ravipal/Desktop/Workspace/airflow_tutorial/py_env/lib/python3.12/site-packages/airflow/example_dags/example_outlet_event_extra.py
[2024-09-01T01:04:42.395+0530] {processor.py:925} INFO - DAG(s) 'dataset_with_extra_by_yield', 'dataset_with_extra_from_classic_operator', 'dataset_with_extra_by_context' retrieved from /Users/ravipal/Desktop/Workspace/airflow_tutorial/py_env/lib/python3.12/site-packages/airflow/example_dags/example_outlet_event_extra.py
[2024-09-01T01:04:42.429+0530] {logging_mixin.py:190} INFO - [2024-09-01T01:04:42.429+0530] {dag.py:3211} INFO - Sync 3 DAGs
[2024-09-01T01:04:42.436+0530] {logging_mixin.py:190} INFO - [2024-09-01T01:04:42.436+0530] {dag.py:4138} INFO - Setting next_dagrun for dataset_with_extra_by_context to 2024-08-30 00:00:00+00:00, run_after=2024-08-31 00:00:00+00:00
[2024-09-01T01:04:42.437+0530] {logging_mixin.py:190} INFO - [2024-09-01T01:04:42.437+0530] {dag.py:4138} INFO - Setting next_dagrun for dataset_with_extra_by_yield to 2024-08-30 00:00:00+00:00, run_after=2024-08-31 00:00:00+00:00
[2024-09-01T01:04:42.438+0530] {logging_mixin.py:190} INFO - [2024-09-01T01:04:42.438+0530] {dag.py:4138} INFO - Setting next_dagrun for dataset_with_extra_from_classic_operator to 2024-08-30 00:00:00+00:00, run_after=2024-08-31 00:00:00+00:00
[2024-09-01T01:04:42.445+0530] {processor.py:208} INFO - Processing /Users/ravipal/Desktop/Workspace/airflow_tutorial/py_env/lib/python3.12/site-packages/airflow/example_dags/example_outlet_event_extra.py took 0.080 seconds
[2024-09-01T01:06:51.682+0530] {processor.py:186} INFO - Started process (PID=4313) to work on /Users/ravipal/Desktop/Workspace/airflow_tutorial/py_env/lib/python3.12/site-packages/airflow/example_dags/example_outlet_event_extra.py
[2024-09-01T01:06:51.683+0530] {processor.py:914} INFO - Processing file /Users/ravipal/Desktop/Workspace/airflow_tutorial/py_env/lib/python3.12/site-packages/airflow/example_dags/example_outlet_event_extra.py for tasks to queue
[2024-09-01T01:06:51.683+0530] {logging_mixin.py:190} INFO - [2024-09-01T01:06:51.683+0530] {dagbag.py:587} INFO - Filling up the DagBag from /Users/ravipal/Desktop/Workspace/airflow_tutorial/py_env/lib/python3.12/site-packages/airflow/example_dags/example_outlet_event_extra.py
[2024-09-01T01:06:51.712+0530] {processor.py:925} INFO - DAG(s) 'dataset_with_extra_by_context', 'dataset_with_extra_by_yield', 'dataset_with_extra_from_classic_operator' retrieved from /Users/ravipal/Desktop/Workspace/airflow_tutorial/py_env/lib/python3.12/site-packages/airflow/example_dags/example_outlet_event_extra.py
[2024-09-01T01:06:51.745+0530] {logging_mixin.py:190} INFO - [2024-09-01T01:06:51.745+0530] {dag.py:3211} INFO - Sync 3 DAGs
[2024-09-01T01:06:51.752+0530] {logging_mixin.py:190} INFO - [2024-09-01T01:06:51.752+0530] {dag.py:4138} INFO - Setting next_dagrun for dataset_with_extra_by_context to 2024-08-30 00:00:00+00:00, run_after=2024-08-31 00:00:00+00:00
[2024-09-01T01:06:51.753+0530] {logging_mixin.py:190} INFO - [2024-09-01T01:06:51.753+0530] {dag.py:4138} INFO - Setting next_dagrun for dataset_with_extra_by_yield to 2024-08-30 00:00:00+00:00, run_after=2024-08-31 00:00:00+00:00
[2024-09-01T01:06:51.754+0530] {logging_mixin.py:190} INFO - [2024-09-01T01:06:51.754+0530] {dag.py:4138} INFO - Setting next_dagrun for dataset_with_extra_from_classic_operator to 2024-08-30 00:00:00+00:00, run_after=2024-08-31 00:00:00+00:00
[2024-09-01T01:06:51.761+0530] {processor.py:208} INFO - Processing /Users/ravipal/Desktop/Workspace/airflow_tutorial/py_env/lib/python3.12/site-packages/airflow/example_dags/example_outlet_event_extra.py took 0.081 seconds
[2024-09-01T01:09:02.291+0530] {processor.py:186} INFO - Started process (PID=4444) to work on /Users/ravipal/Desktop/Workspace/airflow_tutorial/py_env/lib/python3.12/site-packages/airflow/example_dags/example_outlet_event_extra.py
[2024-09-01T01:09:02.292+0530] {processor.py:914} INFO - Processing file /Users/ravipal/Desktop/Workspace/airflow_tutorial/py_env/lib/python3.12/site-packages/airflow/example_dags/example_outlet_event_extra.py for tasks to queue
[2024-09-01T01:09:02.292+0530] {logging_mixin.py:190} INFO - [2024-09-01T01:09:02.292+0530] {dagbag.py:587} INFO - Filling up the DagBag from /Users/ravipal/Desktop/Workspace/airflow_tutorial/py_env/lib/python3.12/site-packages/airflow/example_dags/example_outlet_event_extra.py
[2024-09-01T01:09:02.319+0530] {processor.py:925} INFO - DAG(s) 'dataset_with_extra_by_context', 'dataset_with_extra_from_classic_operator', 'dataset_with_extra_by_yield' retrieved from /Users/ravipal/Desktop/Workspace/airflow_tutorial/py_env/lib/python3.12/site-packages/airflow/example_dags/example_outlet_event_extra.py
[2024-09-01T01:09:02.353+0530] {logging_mixin.py:190} INFO - [2024-09-01T01:09:02.353+0530] {dag.py:3211} INFO - Sync 3 DAGs
[2024-09-01T01:09:02.360+0530] {logging_mixin.py:190} INFO - [2024-09-01T01:09:02.360+0530] {dag.py:4138} INFO - Setting next_dagrun for dataset_with_extra_by_context to 2024-08-30 00:00:00+00:00, run_after=2024-08-31 00:00:00+00:00
[2024-09-01T01:09:02.361+0530] {logging_mixin.py:190} INFO - [2024-09-01T01:09:02.361+0530] {dag.py:4138} INFO - Setting next_dagrun for dataset_with_extra_by_yield to 2024-08-30 00:00:00+00:00, run_after=2024-08-31 00:00:00+00:00
[2024-09-01T01:09:02.362+0530] {logging_mixin.py:190} INFO - [2024-09-01T01:09:02.362+0530] {dag.py:4138} INFO - Setting next_dagrun for dataset_with_extra_from_classic_operator to 2024-08-30 00:00:00+00:00, run_after=2024-08-31 00:00:00+00:00
[2024-09-01T01:09:02.369+0530] {processor.py:208} INFO - Processing /Users/ravipal/Desktop/Workspace/airflow_tutorial/py_env/lib/python3.12/site-packages/airflow/example_dags/example_outlet_event_extra.py took 0.080 seconds
[2024-09-01T01:11:06.097+0530] {processor.py:186} INFO - Started process (PID=4570) to work on /Users/ravipal/Desktop/Workspace/airflow_tutorial/py_env/lib/python3.12/site-packages/airflow/example_dags/example_outlet_event_extra.py
[2024-09-01T01:11:06.098+0530] {processor.py:914} INFO - Processing file /Users/ravipal/Desktop/Workspace/airflow_tutorial/py_env/lib/python3.12/site-packages/airflow/example_dags/example_outlet_event_extra.py for tasks to queue
[2024-09-01T01:11:06.098+0530] {logging_mixin.py:190} INFO - [2024-09-01T01:11:06.098+0530] {dagbag.py:587} INFO - Filling up the DagBag from /Users/ravipal/Desktop/Workspace/airflow_tutorial/py_env/lib/python3.12/site-packages/airflow/example_dags/example_outlet_event_extra.py
[2024-09-01T01:11:06.126+0530] {processor.py:925} INFO - DAG(s) 'dataset_with_extra_from_classic_operator', 'dataset_with_extra_by_yield', 'dataset_with_extra_by_context' retrieved from /Users/ravipal/Desktop/Workspace/airflow_tutorial/py_env/lib/python3.12/site-packages/airflow/example_dags/example_outlet_event_extra.py
[2024-09-01T01:11:06.160+0530] {logging_mixin.py:190} INFO - [2024-09-01T01:11:06.160+0530] {dag.py:3211} INFO - Sync 3 DAGs
[2024-09-01T01:11:06.167+0530] {logging_mixin.py:190} INFO - [2024-09-01T01:11:06.167+0530] {dag.py:4138} INFO - Setting next_dagrun for dataset_with_extra_by_context to 2024-08-30 00:00:00+00:00, run_after=2024-08-31 00:00:00+00:00
[2024-09-01T01:11:06.168+0530] {logging_mixin.py:190} INFO - [2024-09-01T01:11:06.168+0530] {dag.py:4138} INFO - Setting next_dagrun for dataset_with_extra_by_yield to 2024-08-30 00:00:00+00:00, run_after=2024-08-31 00:00:00+00:00
[2024-09-01T01:11:06.169+0530] {logging_mixin.py:190} INFO - [2024-09-01T01:11:06.169+0530] {dag.py:4138} INFO - Setting next_dagrun for dataset_with_extra_from_classic_operator to 2024-08-30 00:00:00+00:00, run_after=2024-08-31 00:00:00+00:00
[2024-09-01T01:11:06.176+0530] {processor.py:208} INFO - Processing /Users/ravipal/Desktop/Workspace/airflow_tutorial/py_env/lib/python3.12/site-packages/airflow/example_dags/example_outlet_event_extra.py took 0.081 seconds
[2024-09-01T01:13:12.264+0530] {processor.py:186} INFO - Started process (PID=4697) to work on /Users/ravipal/Desktop/Workspace/airflow_tutorial/py_env/lib/python3.12/site-packages/airflow/example_dags/example_outlet_event_extra.py
[2024-09-01T01:13:12.264+0530] {processor.py:914} INFO - Processing file /Users/ravipal/Desktop/Workspace/airflow_tutorial/py_env/lib/python3.12/site-packages/airflow/example_dags/example_outlet_event_extra.py for tasks to queue
[2024-09-01T01:13:12.265+0530] {logging_mixin.py:190} INFO - [2024-09-01T01:13:12.265+0530] {dagbag.py:587} INFO - Filling up the DagBag from /Users/ravipal/Desktop/Workspace/airflow_tutorial/py_env/lib/python3.12/site-packages/airflow/example_dags/example_outlet_event_extra.py
[2024-09-01T01:13:12.294+0530] {processor.py:925} INFO - DAG(s) 'dataset_with_extra_by_context', 'dataset_with_extra_by_yield', 'dataset_with_extra_from_classic_operator' retrieved from /Users/ravipal/Desktop/Workspace/airflow_tutorial/py_env/lib/python3.12/site-packages/airflow/example_dags/example_outlet_event_extra.py
[2024-09-01T01:13:12.327+0530] {logging_mixin.py:190} INFO - [2024-09-01T01:13:12.327+0530] {dag.py:3211} INFO - Sync 3 DAGs
[2024-09-01T01:13:12.334+0530] {logging_mixin.py:190} INFO - [2024-09-01T01:13:12.334+0530] {dag.py:4138} INFO - Setting next_dagrun for dataset_with_extra_by_context to 2024-08-30 00:00:00+00:00, run_after=2024-08-31 00:00:00+00:00
[2024-09-01T01:13:12.335+0530] {logging_mixin.py:190} INFO - [2024-09-01T01:13:12.335+0530] {dag.py:4138} INFO - Setting next_dagrun for dataset_with_extra_by_yield to 2024-08-30 00:00:00+00:00, run_after=2024-08-31 00:00:00+00:00
[2024-09-01T01:13:12.336+0530] {logging_mixin.py:190} INFO - [2024-09-01T01:13:12.336+0530] {dag.py:4138} INFO - Setting next_dagrun for dataset_with_extra_from_classic_operator to 2024-08-30 00:00:00+00:00, run_after=2024-08-31 00:00:00+00:00
[2024-09-01T01:13:12.343+0530] {processor.py:208} INFO - Processing /Users/ravipal/Desktop/Workspace/airflow_tutorial/py_env/lib/python3.12/site-packages/airflow/example_dags/example_outlet_event_extra.py took 0.081 seconds
[2024-09-01T01:15:25.341+0530] {processor.py:186} INFO - Started process (PID=4830) to work on /Users/ravipal/Desktop/Workspace/airflow_tutorial/py_env/lib/python3.12/site-packages/airflow/example_dags/example_outlet_event_extra.py
[2024-09-01T01:15:25.341+0530] {processor.py:914} INFO - Processing file /Users/ravipal/Desktop/Workspace/airflow_tutorial/py_env/lib/python3.12/site-packages/airflow/example_dags/example_outlet_event_extra.py for tasks to queue
[2024-09-01T01:15:25.342+0530] {logging_mixin.py:190} INFO - [2024-09-01T01:15:25.342+0530] {dagbag.py:587} INFO - Filling up the DagBag from /Users/ravipal/Desktop/Workspace/airflow_tutorial/py_env/lib/python3.12/site-packages/airflow/example_dags/example_outlet_event_extra.py
[2024-09-01T01:15:25.369+0530] {processor.py:925} INFO - DAG(s) 'dataset_with_extra_from_classic_operator', 'dataset_with_extra_by_context', 'dataset_with_extra_by_yield' retrieved from /Users/ravipal/Desktop/Workspace/airflow_tutorial/py_env/lib/python3.12/site-packages/airflow/example_dags/example_outlet_event_extra.py
[2024-09-01T01:15:25.402+0530] {logging_mixin.py:190} INFO - [2024-09-01T01:15:25.402+0530] {dag.py:3211} INFO - Sync 3 DAGs
[2024-09-01T01:15:25.408+0530] {logging_mixin.py:190} INFO - [2024-09-01T01:15:25.408+0530] {dag.py:4138} INFO - Setting next_dagrun for dataset_with_extra_by_context to 2024-08-30 00:00:00+00:00, run_after=2024-08-31 00:00:00+00:00
[2024-09-01T01:15:25.410+0530] {logging_mixin.py:190} INFO - [2024-09-01T01:15:25.410+0530] {dag.py:4138} INFO - Setting next_dagrun for dataset_with_extra_by_yield to 2024-08-30 00:00:00+00:00, run_after=2024-08-31 00:00:00+00:00
[2024-09-01T01:15:25.410+0530] {logging_mixin.py:190} INFO - [2024-09-01T01:15:25.410+0530] {dag.py:4138} INFO - Setting next_dagrun for dataset_with_extra_from_classic_operator to 2024-08-30 00:00:00+00:00, run_after=2024-08-31 00:00:00+00:00
[2024-09-01T01:15:25.417+0530] {processor.py:208} INFO - Processing /Users/ravipal/Desktop/Workspace/airflow_tutorial/py_env/lib/python3.12/site-packages/airflow/example_dags/example_outlet_event_extra.py took 0.078 seconds
[2024-09-01T01:17:36.519+0530] {processor.py:186} INFO - Started process (PID=4961) to work on /Users/ravipal/Desktop/Workspace/airflow_tutorial/py_env/lib/python3.12/site-packages/airflow/example_dags/example_outlet_event_extra.py
[2024-09-01T01:17:36.519+0530] {processor.py:914} INFO - Processing file /Users/ravipal/Desktop/Workspace/airflow_tutorial/py_env/lib/python3.12/site-packages/airflow/example_dags/example_outlet_event_extra.py for tasks to queue
[2024-09-01T01:17:36.520+0530] {logging_mixin.py:190} INFO - [2024-09-01T01:17:36.519+0530] {dagbag.py:587} INFO - Filling up the DagBag from /Users/ravipal/Desktop/Workspace/airflow_tutorial/py_env/lib/python3.12/site-packages/airflow/example_dags/example_outlet_event_extra.py
[2024-09-01T01:17:36.548+0530] {processor.py:925} INFO - DAG(s) 'dataset_with_extra_by_yield', 'dataset_with_extra_by_context', 'dataset_with_extra_from_classic_operator' retrieved from /Users/ravipal/Desktop/Workspace/airflow_tutorial/py_env/lib/python3.12/site-packages/airflow/example_dags/example_outlet_event_extra.py
[2024-09-01T01:17:36.582+0530] {logging_mixin.py:190} INFO - [2024-09-01T01:17:36.581+0530] {dag.py:3211} INFO - Sync 3 DAGs
[2024-09-01T01:17:36.588+0530] {logging_mixin.py:190} INFO - [2024-09-01T01:17:36.588+0530] {dag.py:4138} INFO - Setting next_dagrun for dataset_with_extra_by_context to 2024-08-30 00:00:00+00:00, run_after=2024-08-31 00:00:00+00:00
[2024-09-01T01:17:36.590+0530] {logging_mixin.py:190} INFO - [2024-09-01T01:17:36.590+0530] {dag.py:4138} INFO - Setting next_dagrun for dataset_with_extra_by_yield to 2024-08-30 00:00:00+00:00, run_after=2024-08-31 00:00:00+00:00
[2024-09-01T01:17:36.590+0530] {logging_mixin.py:190} INFO - [2024-09-01T01:17:36.590+0530] {dag.py:4138} INFO - Setting next_dagrun for dataset_with_extra_from_classic_operator to 2024-08-30 00:00:00+00:00, run_after=2024-08-31 00:00:00+00:00
[2024-09-01T01:17:36.597+0530] {processor.py:208} INFO - Processing /Users/ravipal/Desktop/Workspace/airflow_tutorial/py_env/lib/python3.12/site-packages/airflow/example_dags/example_outlet_event_extra.py took 0.081 seconds
