[2024-09-01T00:23:16.965+0530] {processor.py:186} INFO - Started process (PID=1441) to work on /Users/ravipal/Desktop/Workspace/airflow_tutorial/py_env/lib/python3.12/site-packages/airflow/example_dags/example_setup_teardown_taskflow.py
[2024-09-01T00:23:16.965+0530] {processor.py:914} INFO - Processing file /Users/ravipal/Desktop/Workspace/airflow_tutorial/py_env/lib/python3.12/site-packages/airflow/example_dags/example_setup_teardown_taskflow.py for tasks to queue
[2024-09-01T00:23:16.966+0530] {logging_mixin.py:190} INFO - [2024-09-01T00:23:16.966+0530] {dagbag.py:587} INFO - Filling up the DagBag from /Users/ravipal/Desktop/Workspace/airflow_tutorial/py_env/lib/python3.12/site-packages/airflow/example_dags/example_setup_teardown_taskflow.py
[2024-09-01T00:23:16.982+0530] {processor.py:925} INFO - DAG(s) 'example_setup_teardown_taskflow' retrieved from /Users/ravipal/Desktop/Workspace/airflow_tutorial/py_env/lib/python3.12/site-packages/airflow/example_dags/example_setup_teardown_taskflow.py
[2024-09-01T00:23:17.047+0530] {logging_mixin.py:190} INFO - [2024-09-01T00:23:17.046+0530] {override.py:1858} INFO - Created Permission View: can delete on DAG:example_setup_teardown_taskflow
[2024-09-01T00:23:17.077+0530] {logging_mixin.py:190} INFO - [2024-09-01T00:23:17.077+0530] {override.py:1858} INFO - Created Permission View: can edit on DAG:example_setup_teardown_taskflow
[2024-09-01T00:23:17.079+0530] {logging_mixin.py:190} INFO - [2024-09-01T00:23:17.079+0530] {override.py:1858} INFO - Created Permission View: can read on DAG:example_setup_teardown_taskflow
[2024-09-01T00:23:17.079+0530] {logging_mixin.py:190} INFO - [2024-09-01T00:23:17.079+0530] {dag.py:3211} INFO - Sync 1 DAGs
[2024-09-01T00:23:17.083+0530] {logging_mixin.py:190} INFO - [2024-09-01T00:23:17.083+0530] {dag.py:3234} INFO - Creating ORM DAG for example_setup_teardown_taskflow
[2024-09-01T00:23:17.086+0530] {logging_mixin.py:190} INFO - [2024-09-01T00:23:17.086+0530] {dag.py:4138} INFO - Setting next_dagrun for example_setup_teardown_taskflow to 2024-08-30 00:00:00+00:00, run_after=2024-08-31 00:00:00+00:00
[2024-09-01T00:23:17.091+0530] {processor.py:208} INFO - Processing /Users/ravipal/Desktop/Workspace/airflow_tutorial/py_env/lib/python3.12/site-packages/airflow/example_dags/example_setup_teardown_taskflow.py took 0.128 seconds
[2024-09-01T00:24:57.009+0530] {processor.py:186} INFO - Started process (PID=1543) to work on /Users/ravipal/Desktop/Workspace/airflow_tutorial/py_env/lib/python3.12/site-packages/airflow/example_dags/example_setup_teardown_taskflow.py
[2024-09-01T00:24:57.010+0530] {processor.py:914} INFO - Processing file /Users/ravipal/Desktop/Workspace/airflow_tutorial/py_env/lib/python3.12/site-packages/airflow/example_dags/example_setup_teardown_taskflow.py for tasks to queue
[2024-09-01T00:24:57.010+0530] {logging_mixin.py:190} INFO - [2024-09-01T00:24:57.010+0530] {dagbag.py:587} INFO - Filling up the DagBag from /Users/ravipal/Desktop/Workspace/airflow_tutorial/py_env/lib/python3.12/site-packages/airflow/example_dags/example_setup_teardown_taskflow.py
[2024-09-01T00:24:57.026+0530] {processor.py:925} INFO - DAG(s) 'example_setup_teardown_taskflow' retrieved from /Users/ravipal/Desktop/Workspace/airflow_tutorial/py_env/lib/python3.12/site-packages/airflow/example_dags/example_setup_teardown_taskflow.py
[2024-09-01T00:24:57.059+0530] {logging_mixin.py:190} INFO - [2024-09-01T00:24:57.059+0530] {dag.py:3211} INFO - Sync 1 DAGs
[2024-09-01T00:24:57.066+0530] {logging_mixin.py:190} INFO - [2024-09-01T00:24:57.066+0530] {dag.py:4138} INFO - Setting next_dagrun for example_setup_teardown_taskflow to 2024-08-30 00:00:00+00:00, run_after=2024-08-31 00:00:00+00:00
[2024-09-01T00:24:57.072+0530] {processor.py:208} INFO - Processing /Users/ravipal/Desktop/Workspace/airflow_tutorial/py_env/lib/python3.12/site-packages/airflow/example_dags/example_setup_teardown_taskflow.py took 0.065 seconds
[2024-09-01T00:27:10.974+0530] {processor.py:186} INFO - Started process (PID=1819) to work on /Users/ravipal/Desktop/Workspace/airflow_tutorial/py_env/lib/python3.12/site-packages/airflow/example_dags/example_setup_teardown_taskflow.py
[2024-09-01T00:27:10.974+0530] {processor.py:914} INFO - Processing file /Users/ravipal/Desktop/Workspace/airflow_tutorial/py_env/lib/python3.12/site-packages/airflow/example_dags/example_setup_teardown_taskflow.py for tasks to queue
[2024-09-01T00:27:10.975+0530] {logging_mixin.py:190} INFO - [2024-09-01T00:27:10.975+0530] {dagbag.py:587} INFO - Filling up the DagBag from /Users/ravipal/Desktop/Workspace/airflow_tutorial/py_env/lib/python3.12/site-packages/airflow/example_dags/example_setup_teardown_taskflow.py
[2024-09-01T00:27:10.992+0530] {processor.py:925} INFO - DAG(s) 'example_setup_teardown_taskflow' retrieved from /Users/ravipal/Desktop/Workspace/airflow_tutorial/py_env/lib/python3.12/site-packages/airflow/example_dags/example_setup_teardown_taskflow.py
[2024-09-01T00:27:11.027+0530] {logging_mixin.py:190} INFO - [2024-09-01T00:27:11.026+0530] {dag.py:3211} INFO - Sync 1 DAGs
[2024-09-01T00:27:11.033+0530] {logging_mixin.py:190} INFO - [2024-09-01T00:27:11.033+0530] {dag.py:4138} INFO - Setting next_dagrun for example_setup_teardown_taskflow to 2024-08-30 00:00:00+00:00, run_after=2024-08-31 00:00:00+00:00
[2024-09-01T00:27:11.040+0530] {processor.py:208} INFO - Processing /Users/ravipal/Desktop/Workspace/airflow_tutorial/py_env/lib/python3.12/site-packages/airflow/example_dags/example_setup_teardown_taskflow.py took 0.068 seconds
[2024-09-01T00:28:22.715+0530] {processor.py:186} INFO - Started process (PID=1939) to work on /Users/ravipal/Desktop/Workspace/airflow_tutorial/py_env/lib/python3.12/site-packages/airflow/example_dags/example_setup_teardown_taskflow.py
[2024-09-01T00:28:22.716+0530] {processor.py:914} INFO - Processing file /Users/ravipal/Desktop/Workspace/airflow_tutorial/py_env/lib/python3.12/site-packages/airflow/example_dags/example_setup_teardown_taskflow.py for tasks to queue
[2024-09-01T00:28:22.716+0530] {logging_mixin.py:190} INFO - [2024-09-01T00:28:22.716+0530] {dagbag.py:587} INFO - Filling up the DagBag from /Users/ravipal/Desktop/Workspace/airflow_tutorial/py_env/lib/python3.12/site-packages/airflow/example_dags/example_setup_teardown_taskflow.py
[2024-09-01T00:28:22.731+0530] {processor.py:925} INFO - DAG(s) 'example_setup_teardown_taskflow' retrieved from /Users/ravipal/Desktop/Workspace/airflow_tutorial/py_env/lib/python3.12/site-packages/airflow/example_dags/example_setup_teardown_taskflow.py
[2024-09-01T00:28:22.765+0530] {logging_mixin.py:190} INFO - [2024-09-01T00:28:22.764+0530] {dag.py:3211} INFO - Sync 1 DAGs
[2024-09-01T00:28:22.771+0530] {logging_mixin.py:190} INFO - [2024-09-01T00:28:22.771+0530] {dag.py:4138} INFO - Setting next_dagrun for example_setup_teardown_taskflow to 2024-08-30 00:00:00+00:00, run_after=2024-08-31 00:00:00+00:00
[2024-09-01T00:28:22.778+0530] {processor.py:208} INFO - Processing /Users/ravipal/Desktop/Workspace/airflow_tutorial/py_env/lib/python3.12/site-packages/airflow/example_dags/example_setup_teardown_taskflow.py took 0.064 seconds
[2024-09-01T00:30:29.245+0530] {processor.py:186} INFO - Started process (PID=2070) to work on /Users/ravipal/Desktop/Workspace/airflow_tutorial/py_env/lib/python3.12/site-packages/airflow/example_dags/example_setup_teardown_taskflow.py
[2024-09-01T00:30:29.245+0530] {processor.py:914} INFO - Processing file /Users/ravipal/Desktop/Workspace/airflow_tutorial/py_env/lib/python3.12/site-packages/airflow/example_dags/example_setup_teardown_taskflow.py for tasks to queue
[2024-09-01T00:30:29.245+0530] {logging_mixin.py:190} INFO - [2024-09-01T00:30:29.245+0530] {dagbag.py:587} INFO - Filling up the DagBag from /Users/ravipal/Desktop/Workspace/airflow_tutorial/py_env/lib/python3.12/site-packages/airflow/example_dags/example_setup_teardown_taskflow.py
[2024-09-01T00:30:29.262+0530] {processor.py:925} INFO - DAG(s) 'example_setup_teardown_taskflow' retrieved from /Users/ravipal/Desktop/Workspace/airflow_tutorial/py_env/lib/python3.12/site-packages/airflow/example_dags/example_setup_teardown_taskflow.py
[2024-09-01T00:30:29.296+0530] {logging_mixin.py:190} INFO - [2024-09-01T00:30:29.296+0530] {dag.py:3211} INFO - Sync 1 DAGs
[2024-09-01T00:30:29.302+0530] {logging_mixin.py:190} INFO - [2024-09-01T00:30:29.302+0530] {dag.py:4138} INFO - Setting next_dagrun for example_setup_teardown_taskflow to 2024-08-30 00:00:00+00:00, run_after=2024-08-31 00:00:00+00:00
[2024-09-01T00:30:29.309+0530] {processor.py:208} INFO - Processing /Users/ravipal/Desktop/Workspace/airflow_tutorial/py_env/lib/python3.12/site-packages/airflow/example_dags/example_setup_teardown_taskflow.py took 0.066 seconds
[2024-09-01T00:32:42.524+0530] {processor.py:186} INFO - Started process (PID=2203) to work on /Users/ravipal/Desktop/Workspace/airflow_tutorial/py_env/lib/python3.12/site-packages/airflow/example_dags/example_setup_teardown_taskflow.py
[2024-09-01T00:32:42.525+0530] {processor.py:914} INFO - Processing file /Users/ravipal/Desktop/Workspace/airflow_tutorial/py_env/lib/python3.12/site-packages/airflow/example_dags/example_setup_teardown_taskflow.py for tasks to queue
[2024-09-01T00:32:42.525+0530] {logging_mixin.py:190} INFO - [2024-09-01T00:32:42.525+0530] {dagbag.py:587} INFO - Filling up the DagBag from /Users/ravipal/Desktop/Workspace/airflow_tutorial/py_env/lib/python3.12/site-packages/airflow/example_dags/example_setup_teardown_taskflow.py
[2024-09-01T00:32:42.541+0530] {processor.py:925} INFO - DAG(s) 'example_setup_teardown_taskflow' retrieved from /Users/ravipal/Desktop/Workspace/airflow_tutorial/py_env/lib/python3.12/site-packages/airflow/example_dags/example_setup_teardown_taskflow.py
[2024-09-01T00:32:42.575+0530] {logging_mixin.py:190} INFO - [2024-09-01T00:32:42.574+0530] {dag.py:3211} INFO - Sync 1 DAGs
[2024-09-01T00:32:42.581+0530] {logging_mixin.py:190} INFO - [2024-09-01T00:32:42.581+0530] {dag.py:4138} INFO - Setting next_dagrun for example_setup_teardown_taskflow to 2024-08-30 00:00:00+00:00, run_after=2024-08-31 00:00:00+00:00
[2024-09-01T00:32:42.587+0530] {processor.py:208} INFO - Processing /Users/ravipal/Desktop/Workspace/airflow_tutorial/py_env/lib/python3.12/site-packages/airflow/example_dags/example_setup_teardown_taskflow.py took 0.065 seconds
[2024-09-01T00:34:59.438+0530] {processor.py:186} INFO - Started process (PID=2338) to work on /Users/ravipal/Desktop/Workspace/airflow_tutorial/py_env/lib/python3.12/site-packages/airflow/example_dags/example_setup_teardown_taskflow.py
[2024-09-01T00:34:59.439+0530] {processor.py:914} INFO - Processing file /Users/ravipal/Desktop/Workspace/airflow_tutorial/py_env/lib/python3.12/site-packages/airflow/example_dags/example_setup_teardown_taskflow.py for tasks to queue
[2024-09-01T00:34:59.439+0530] {logging_mixin.py:190} INFO - [2024-09-01T00:34:59.439+0530] {dagbag.py:587} INFO - Filling up the DagBag from /Users/ravipal/Desktop/Workspace/airflow_tutorial/py_env/lib/python3.12/site-packages/airflow/example_dags/example_setup_teardown_taskflow.py
[2024-09-01T00:34:59.455+0530] {processor.py:925} INFO - DAG(s) 'example_setup_teardown_taskflow' retrieved from /Users/ravipal/Desktop/Workspace/airflow_tutorial/py_env/lib/python3.12/site-packages/airflow/example_dags/example_setup_teardown_taskflow.py
[2024-09-01T00:34:59.490+0530] {logging_mixin.py:190} INFO - [2024-09-01T00:34:59.490+0530] {dag.py:3211} INFO - Sync 1 DAGs
[2024-09-01T00:34:59.498+0530] {logging_mixin.py:190} INFO - [2024-09-01T00:34:59.497+0530] {dag.py:4138} INFO - Setting next_dagrun for example_setup_teardown_taskflow to 2024-08-30 00:00:00+00:00, run_after=2024-08-31 00:00:00+00:00
[2024-09-01T00:34:59.505+0530] {processor.py:208} INFO - Processing /Users/ravipal/Desktop/Workspace/airflow_tutorial/py_env/lib/python3.12/site-packages/airflow/example_dags/example_setup_teardown_taskflow.py took 0.069 seconds
[2024-09-01T00:37:13.903+0530] {processor.py:186} INFO - Started process (PID=2473) to work on /Users/ravipal/Desktop/Workspace/airflow_tutorial/py_env/lib/python3.12/site-packages/airflow/example_dags/example_setup_teardown_taskflow.py
[2024-09-01T00:37:13.903+0530] {processor.py:914} INFO - Processing file /Users/ravipal/Desktop/Workspace/airflow_tutorial/py_env/lib/python3.12/site-packages/airflow/example_dags/example_setup_teardown_taskflow.py for tasks to queue
[2024-09-01T00:37:13.903+0530] {logging_mixin.py:190} INFO - [2024-09-01T00:37:13.903+0530] {dagbag.py:587} INFO - Filling up the DagBag from /Users/ravipal/Desktop/Workspace/airflow_tutorial/py_env/lib/python3.12/site-packages/airflow/example_dags/example_setup_teardown_taskflow.py
[2024-09-01T00:37:13.919+0530] {processor.py:925} INFO - DAG(s) 'example_setup_teardown_taskflow' retrieved from /Users/ravipal/Desktop/Workspace/airflow_tutorial/py_env/lib/python3.12/site-packages/airflow/example_dags/example_setup_teardown_taskflow.py
[2024-09-01T00:37:13.952+0530] {logging_mixin.py:190} INFO - [2024-09-01T00:37:13.952+0530] {dag.py:3211} INFO - Sync 1 DAGs
[2024-09-01T00:37:13.959+0530] {logging_mixin.py:190} INFO - [2024-09-01T00:37:13.958+0530] {dag.py:4138} INFO - Setting next_dagrun for example_setup_teardown_taskflow to 2024-08-30 00:00:00+00:00, run_after=2024-08-31 00:00:00+00:00
[2024-09-01T00:37:13.965+0530] {processor.py:208} INFO - Processing /Users/ravipal/Desktop/Workspace/airflow_tutorial/py_env/lib/python3.12/site-packages/airflow/example_dags/example_setup_teardown_taskflow.py took 0.064 seconds
[2024-09-01T00:39:18.725+0530] {processor.py:186} INFO - Started process (PID=2600) to work on /Users/ravipal/Desktop/Workspace/airflow_tutorial/py_env/lib/python3.12/site-packages/airflow/example_dags/example_setup_teardown_taskflow.py
[2024-09-01T00:39:18.726+0530] {processor.py:914} INFO - Processing file /Users/ravipal/Desktop/Workspace/airflow_tutorial/py_env/lib/python3.12/site-packages/airflow/example_dags/example_setup_teardown_taskflow.py for tasks to queue
[2024-09-01T00:39:18.726+0530] {logging_mixin.py:190} INFO - [2024-09-01T00:39:18.726+0530] {dagbag.py:587} INFO - Filling up the DagBag from /Users/ravipal/Desktop/Workspace/airflow_tutorial/py_env/lib/python3.12/site-packages/airflow/example_dags/example_setup_teardown_taskflow.py
[2024-09-01T00:39:18.742+0530] {processor.py:925} INFO - DAG(s) 'example_setup_teardown_taskflow' retrieved from /Users/ravipal/Desktop/Workspace/airflow_tutorial/py_env/lib/python3.12/site-packages/airflow/example_dags/example_setup_teardown_taskflow.py
[2024-09-01T00:39:18.775+0530] {logging_mixin.py:190} INFO - [2024-09-01T00:39:18.775+0530] {dag.py:3211} INFO - Sync 1 DAGs
[2024-09-01T00:39:18.781+0530] {logging_mixin.py:190} INFO - [2024-09-01T00:39:18.781+0530] {dag.py:4138} INFO - Setting next_dagrun for example_setup_teardown_taskflow to 2024-08-30 00:00:00+00:00, run_after=2024-08-31 00:00:00+00:00
[2024-09-01T00:39:18.788+0530] {processor.py:208} INFO - Processing /Users/ravipal/Desktop/Workspace/airflow_tutorial/py_env/lib/python3.12/site-packages/airflow/example_dags/example_setup_teardown_taskflow.py took 0.065 seconds
[2024-09-01T00:41:31.957+0530] {processor.py:186} INFO - Started process (PID=2732) to work on /Users/ravipal/Desktop/Workspace/airflow_tutorial/py_env/lib/python3.12/site-packages/airflow/example_dags/example_setup_teardown_taskflow.py
[2024-09-01T00:41:31.957+0530] {processor.py:914} INFO - Processing file /Users/ravipal/Desktop/Workspace/airflow_tutorial/py_env/lib/python3.12/site-packages/airflow/example_dags/example_setup_teardown_taskflow.py for tasks to queue
[2024-09-01T00:41:31.958+0530] {logging_mixin.py:190} INFO - [2024-09-01T00:41:31.958+0530] {dagbag.py:587} INFO - Filling up the DagBag from /Users/ravipal/Desktop/Workspace/airflow_tutorial/py_env/lib/python3.12/site-packages/airflow/example_dags/example_setup_teardown_taskflow.py
[2024-09-01T00:41:31.974+0530] {processor.py:925} INFO - DAG(s) 'example_setup_teardown_taskflow' retrieved from /Users/ravipal/Desktop/Workspace/airflow_tutorial/py_env/lib/python3.12/site-packages/airflow/example_dags/example_setup_teardown_taskflow.py
[2024-09-01T00:41:32.008+0530] {logging_mixin.py:190} INFO - [2024-09-01T00:41:32.008+0530] {dag.py:3211} INFO - Sync 1 DAGs
[2024-09-01T00:41:32.014+0530] {logging_mixin.py:190} INFO - [2024-09-01T00:41:32.014+0530] {dag.py:4138} INFO - Setting next_dagrun for example_setup_teardown_taskflow to 2024-08-30 00:00:00+00:00, run_after=2024-08-31 00:00:00+00:00
[2024-09-01T00:41:32.021+0530] {processor.py:208} INFO - Processing /Users/ravipal/Desktop/Workspace/airflow_tutorial/py_env/lib/python3.12/site-packages/airflow/example_dags/example_setup_teardown_taskflow.py took 0.066 seconds
[2024-09-01T00:43:45.335+0530] {processor.py:186} INFO - Started process (PID=2862) to work on /Users/ravipal/Desktop/Workspace/airflow_tutorial/py_env/lib/python3.12/site-packages/airflow/example_dags/example_setup_teardown_taskflow.py
[2024-09-01T00:43:45.336+0530] {processor.py:914} INFO - Processing file /Users/ravipal/Desktop/Workspace/airflow_tutorial/py_env/lib/python3.12/site-packages/airflow/example_dags/example_setup_teardown_taskflow.py for tasks to queue
[2024-09-01T00:43:45.336+0530] {logging_mixin.py:190} INFO - [2024-09-01T00:43:45.336+0530] {dagbag.py:587} INFO - Filling up the DagBag from /Users/ravipal/Desktop/Workspace/airflow_tutorial/py_env/lib/python3.12/site-packages/airflow/example_dags/example_setup_teardown_taskflow.py
[2024-09-01T00:43:45.352+0530] {processor.py:925} INFO - DAG(s) 'example_setup_teardown_taskflow' retrieved from /Users/ravipal/Desktop/Workspace/airflow_tutorial/py_env/lib/python3.12/site-packages/airflow/example_dags/example_setup_teardown_taskflow.py
[2024-09-01T00:43:45.386+0530] {logging_mixin.py:190} INFO - [2024-09-01T00:43:45.386+0530] {dag.py:3211} INFO - Sync 1 DAGs
[2024-09-01T00:43:45.392+0530] {logging_mixin.py:190} INFO - [2024-09-01T00:43:45.392+0530] {dag.py:4138} INFO - Setting next_dagrun for example_setup_teardown_taskflow to 2024-08-30 00:00:00+00:00, run_after=2024-08-31 00:00:00+00:00
[2024-09-01T00:43:45.398+0530] {processor.py:208} INFO - Processing /Users/ravipal/Desktop/Workspace/airflow_tutorial/py_env/lib/python3.12/site-packages/airflow/example_dags/example_setup_teardown_taskflow.py took 0.065 seconds
[2024-09-01T00:45:59.391+0530] {processor.py:186} INFO - Started process (PID=2997) to work on /Users/ravipal/Desktop/Workspace/airflow_tutorial/py_env/lib/python3.12/site-packages/airflow/example_dags/example_setup_teardown_taskflow.py
[2024-09-01T00:45:59.391+0530] {processor.py:914} INFO - Processing file /Users/ravipal/Desktop/Workspace/airflow_tutorial/py_env/lib/python3.12/site-packages/airflow/example_dags/example_setup_teardown_taskflow.py for tasks to queue
[2024-09-01T00:45:59.391+0530] {logging_mixin.py:190} INFO - [2024-09-01T00:45:59.391+0530] {dagbag.py:587} INFO - Filling up the DagBag from /Users/ravipal/Desktop/Workspace/airflow_tutorial/py_env/lib/python3.12/site-packages/airflow/example_dags/example_setup_teardown_taskflow.py
[2024-09-01T00:45:59.407+0530] {processor.py:925} INFO - DAG(s) 'example_setup_teardown_taskflow' retrieved from /Users/ravipal/Desktop/Workspace/airflow_tutorial/py_env/lib/python3.12/site-packages/airflow/example_dags/example_setup_teardown_taskflow.py
[2024-09-01T00:45:59.441+0530] {logging_mixin.py:190} INFO - [2024-09-01T00:45:59.441+0530] {dag.py:3211} INFO - Sync 1 DAGs
[2024-09-01T00:45:59.447+0530] {logging_mixin.py:190} INFO - [2024-09-01T00:45:59.447+0530] {dag.py:4138} INFO - Setting next_dagrun for example_setup_teardown_taskflow to 2024-08-30 00:00:00+00:00, run_after=2024-08-31 00:00:00+00:00
[2024-09-01T00:45:59.454+0530] {processor.py:208} INFO - Processing /Users/ravipal/Desktop/Workspace/airflow_tutorial/py_env/lib/python3.12/site-packages/airflow/example_dags/example_setup_teardown_taskflow.py took 0.065 seconds
[2024-09-01T00:48:08.848+0530] {processor.py:186} INFO - Started process (PID=3127) to work on /Users/ravipal/Desktop/Workspace/airflow_tutorial/py_env/lib/python3.12/site-packages/airflow/example_dags/example_setup_teardown_taskflow.py
[2024-09-01T00:48:08.849+0530] {processor.py:914} INFO - Processing file /Users/ravipal/Desktop/Workspace/airflow_tutorial/py_env/lib/python3.12/site-packages/airflow/example_dags/example_setup_teardown_taskflow.py for tasks to queue
[2024-09-01T00:48:08.849+0530] {logging_mixin.py:190} INFO - [2024-09-01T00:48:08.849+0530] {dagbag.py:587} INFO - Filling up the DagBag from /Users/ravipal/Desktop/Workspace/airflow_tutorial/py_env/lib/python3.12/site-packages/airflow/example_dags/example_setup_teardown_taskflow.py
[2024-09-01T00:48:08.866+0530] {processor.py:925} INFO - DAG(s) 'example_setup_teardown_taskflow' retrieved from /Users/ravipal/Desktop/Workspace/airflow_tutorial/py_env/lib/python3.12/site-packages/airflow/example_dags/example_setup_teardown_taskflow.py
[2024-09-01T00:48:08.900+0530] {logging_mixin.py:190} INFO - [2024-09-01T00:48:08.899+0530] {dag.py:3211} INFO - Sync 1 DAGs
[2024-09-01T00:48:08.906+0530] {logging_mixin.py:190} INFO - [2024-09-01T00:48:08.906+0530] {dag.py:4138} INFO - Setting next_dagrun for example_setup_teardown_taskflow to 2024-08-30 00:00:00+00:00, run_after=2024-08-31 00:00:00+00:00
[2024-09-01T00:48:08.912+0530] {processor.py:208} INFO - Processing /Users/ravipal/Desktop/Workspace/airflow_tutorial/py_env/lib/python3.12/site-packages/airflow/example_dags/example_setup_teardown_taskflow.py took 0.066 seconds
[2024-09-01T00:50:20.614+0530] {processor.py:186} INFO - Started process (PID=3280) to work on /Users/ravipal/Desktop/Workspace/airflow_tutorial/py_env/lib/python3.12/site-packages/airflow/example_dags/example_setup_teardown_taskflow.py
[2024-09-01T00:50:20.615+0530] {processor.py:914} INFO - Processing file /Users/ravipal/Desktop/Workspace/airflow_tutorial/py_env/lib/python3.12/site-packages/airflow/example_dags/example_setup_teardown_taskflow.py for tasks to queue
[2024-09-01T00:50:20.616+0530] {logging_mixin.py:190} INFO - [2024-09-01T00:50:20.616+0530] {dagbag.py:587} INFO - Filling up the DagBag from /Users/ravipal/Desktop/Workspace/airflow_tutorial/py_env/lib/python3.12/site-packages/airflow/example_dags/example_setup_teardown_taskflow.py
[2024-09-01T00:50:20.632+0530] {processor.py:925} INFO - DAG(s) 'example_setup_teardown_taskflow' retrieved from /Users/ravipal/Desktop/Workspace/airflow_tutorial/py_env/lib/python3.12/site-packages/airflow/example_dags/example_setup_teardown_taskflow.py
[2024-09-01T00:50:20.665+0530] {logging_mixin.py:190} INFO - [2024-09-01T00:50:20.665+0530] {dag.py:3211} INFO - Sync 1 DAGs
[2024-09-01T00:50:20.671+0530] {logging_mixin.py:190} INFO - [2024-09-01T00:50:20.671+0530] {dag.py:4138} INFO - Setting next_dagrun for example_setup_teardown_taskflow to 2024-08-30 00:00:00+00:00, run_after=2024-08-31 00:00:00+00:00
[2024-09-01T00:50:20.677+0530] {processor.py:208} INFO - Processing /Users/ravipal/Desktop/Workspace/airflow_tutorial/py_env/lib/python3.12/site-packages/airflow/example_dags/example_setup_teardown_taskflow.py took 0.065 seconds
[2024-09-01T00:52:35.070+0530] {processor.py:186} INFO - Started process (PID=3418) to work on /Users/ravipal/Desktop/Workspace/airflow_tutorial/py_env/lib/python3.12/site-packages/airflow/example_dags/example_setup_teardown_taskflow.py
[2024-09-01T00:52:35.071+0530] {processor.py:914} INFO - Processing file /Users/ravipal/Desktop/Workspace/airflow_tutorial/py_env/lib/python3.12/site-packages/airflow/example_dags/example_setup_teardown_taskflow.py for tasks to queue
[2024-09-01T00:52:35.072+0530] {logging_mixin.py:190} INFO - [2024-09-01T00:52:35.072+0530] {dagbag.py:587} INFO - Filling up the DagBag from /Users/ravipal/Desktop/Workspace/airflow_tutorial/py_env/lib/python3.12/site-packages/airflow/example_dags/example_setup_teardown_taskflow.py
[2024-09-01T00:52:35.088+0530] {processor.py:925} INFO - DAG(s) 'example_setup_teardown_taskflow' retrieved from /Users/ravipal/Desktop/Workspace/airflow_tutorial/py_env/lib/python3.12/site-packages/airflow/example_dags/example_setup_teardown_taskflow.py
[2024-09-01T00:52:35.122+0530] {logging_mixin.py:190} INFO - [2024-09-01T00:52:35.122+0530] {dag.py:3211} INFO - Sync 1 DAGs
[2024-09-01T00:52:35.128+0530] {logging_mixin.py:190} INFO - [2024-09-01T00:52:35.128+0530] {dag.py:4138} INFO - Setting next_dagrun for example_setup_teardown_taskflow to 2024-08-30 00:00:00+00:00, run_after=2024-08-31 00:00:00+00:00
[2024-09-01T00:52:35.135+0530] {processor.py:208} INFO - Processing /Users/ravipal/Desktop/Workspace/airflow_tutorial/py_env/lib/python3.12/site-packages/airflow/example_dags/example_setup_teardown_taskflow.py took 0.067 seconds
[2024-09-01T00:54:46.189+0530] {processor.py:186} INFO - Started process (PID=3549) to work on /Users/ravipal/Desktop/Workspace/airflow_tutorial/py_env/lib/python3.12/site-packages/airflow/example_dags/example_setup_teardown_taskflow.py
[2024-09-01T00:54:46.190+0530] {processor.py:914} INFO - Processing file /Users/ravipal/Desktop/Workspace/airflow_tutorial/py_env/lib/python3.12/site-packages/airflow/example_dags/example_setup_teardown_taskflow.py for tasks to queue
[2024-09-01T00:54:46.190+0530] {logging_mixin.py:190} INFO - [2024-09-01T00:54:46.190+0530] {dagbag.py:587} INFO - Filling up the DagBag from /Users/ravipal/Desktop/Workspace/airflow_tutorial/py_env/lib/python3.12/site-packages/airflow/example_dags/example_setup_teardown_taskflow.py
[2024-09-01T00:54:46.206+0530] {processor.py:925} INFO - DAG(s) 'example_setup_teardown_taskflow' retrieved from /Users/ravipal/Desktop/Workspace/airflow_tutorial/py_env/lib/python3.12/site-packages/airflow/example_dags/example_setup_teardown_taskflow.py
[2024-09-01T00:54:46.239+0530] {logging_mixin.py:190} INFO - [2024-09-01T00:54:46.239+0530] {dag.py:3211} INFO - Sync 1 DAGs
[2024-09-01T00:54:46.246+0530] {logging_mixin.py:190} INFO - [2024-09-01T00:54:46.246+0530] {dag.py:4138} INFO - Setting next_dagrun for example_setup_teardown_taskflow to 2024-08-30 00:00:00+00:00, run_after=2024-08-31 00:00:00+00:00
[2024-09-01T00:54:46.252+0530] {processor.py:208} INFO - Processing /Users/ravipal/Desktop/Workspace/airflow_tutorial/py_env/lib/python3.12/site-packages/airflow/example_dags/example_setup_teardown_taskflow.py took 0.065 seconds
[2024-09-01T00:56:55.214+0530] {processor.py:186} INFO - Started process (PID=3679) to work on /Users/ravipal/Desktop/Workspace/airflow_tutorial/py_env/lib/python3.12/site-packages/airflow/example_dags/example_setup_teardown_taskflow.py
[2024-09-01T00:56:55.214+0530] {processor.py:914} INFO - Processing file /Users/ravipal/Desktop/Workspace/airflow_tutorial/py_env/lib/python3.12/site-packages/airflow/example_dags/example_setup_teardown_taskflow.py for tasks to queue
[2024-09-01T00:56:55.214+0530] {logging_mixin.py:190} INFO - [2024-09-01T00:56:55.214+0530] {dagbag.py:587} INFO - Filling up the DagBag from /Users/ravipal/Desktop/Workspace/airflow_tutorial/py_env/lib/python3.12/site-packages/airflow/example_dags/example_setup_teardown_taskflow.py
[2024-09-01T00:56:55.230+0530] {processor.py:925} INFO - DAG(s) 'example_setup_teardown_taskflow' retrieved from /Users/ravipal/Desktop/Workspace/airflow_tutorial/py_env/lib/python3.12/site-packages/airflow/example_dags/example_setup_teardown_taskflow.py
[2024-09-01T00:56:55.264+0530] {logging_mixin.py:190} INFO - [2024-09-01T00:56:55.264+0530] {dag.py:3211} INFO - Sync 1 DAGs
[2024-09-01T00:56:55.270+0530] {logging_mixin.py:190} INFO - [2024-09-01T00:56:55.270+0530] {dag.py:4138} INFO - Setting next_dagrun for example_setup_teardown_taskflow to 2024-08-30 00:00:00+00:00, run_after=2024-08-31 00:00:00+00:00
[2024-09-01T00:56:55.277+0530] {processor.py:208} INFO - Processing /Users/ravipal/Desktop/Workspace/airflow_tutorial/py_env/lib/python3.12/site-packages/airflow/example_dags/example_setup_teardown_taskflow.py took 0.066 seconds
[2024-09-01T00:59:07.775+0530] {processor.py:186} INFO - Started process (PID=3812) to work on /Users/ravipal/Desktop/Workspace/airflow_tutorial/py_env/lib/python3.12/site-packages/airflow/example_dags/example_setup_teardown_taskflow.py
[2024-09-01T00:59:07.775+0530] {processor.py:914} INFO - Processing file /Users/ravipal/Desktop/Workspace/airflow_tutorial/py_env/lib/python3.12/site-packages/airflow/example_dags/example_setup_teardown_taskflow.py for tasks to queue
[2024-09-01T00:59:07.775+0530] {logging_mixin.py:190} INFO - [2024-09-01T00:59:07.775+0530] {dagbag.py:587} INFO - Filling up the DagBag from /Users/ravipal/Desktop/Workspace/airflow_tutorial/py_env/lib/python3.12/site-packages/airflow/example_dags/example_setup_teardown_taskflow.py
[2024-09-01T00:59:07.792+0530] {processor.py:925} INFO - DAG(s) 'example_setup_teardown_taskflow' retrieved from /Users/ravipal/Desktop/Workspace/airflow_tutorial/py_env/lib/python3.12/site-packages/airflow/example_dags/example_setup_teardown_taskflow.py
[2024-09-01T00:59:07.827+0530] {logging_mixin.py:190} INFO - [2024-09-01T00:59:07.827+0530] {dag.py:3211} INFO - Sync 1 DAGs
[2024-09-01T00:59:07.833+0530] {logging_mixin.py:190} INFO - [2024-09-01T00:59:07.833+0530] {dag.py:4138} INFO - Setting next_dagrun for example_setup_teardown_taskflow to 2024-08-30 00:00:00+00:00, run_after=2024-08-31 00:00:00+00:00
[2024-09-01T00:59:07.839+0530] {processor.py:208} INFO - Processing /Users/ravipal/Desktop/Workspace/airflow_tutorial/py_env/lib/python3.12/site-packages/airflow/example_dags/example_setup_teardown_taskflow.py took 0.067 seconds
[2024-09-01T01:01:15.678+0530] {processor.py:186} INFO - Started process (PID=3939) to work on /Users/ravipal/Desktop/Workspace/airflow_tutorial/py_env/lib/python3.12/site-packages/airflow/example_dags/example_setup_teardown_taskflow.py
[2024-09-01T01:01:15.679+0530] {processor.py:914} INFO - Processing file /Users/ravipal/Desktop/Workspace/airflow_tutorial/py_env/lib/python3.12/site-packages/airflow/example_dags/example_setup_teardown_taskflow.py for tasks to queue
[2024-09-01T01:01:15.679+0530] {logging_mixin.py:190} INFO - [2024-09-01T01:01:15.679+0530] {dagbag.py:587} INFO - Filling up the DagBag from /Users/ravipal/Desktop/Workspace/airflow_tutorial/py_env/lib/python3.12/site-packages/airflow/example_dags/example_setup_teardown_taskflow.py
[2024-09-01T01:01:15.695+0530] {processor.py:925} INFO - DAG(s) 'example_setup_teardown_taskflow' retrieved from /Users/ravipal/Desktop/Workspace/airflow_tutorial/py_env/lib/python3.12/site-packages/airflow/example_dags/example_setup_teardown_taskflow.py
[2024-09-01T01:01:15.728+0530] {logging_mixin.py:190} INFO - [2024-09-01T01:01:15.728+0530] {dag.py:3211} INFO - Sync 1 DAGs
[2024-09-01T01:01:15.734+0530] {logging_mixin.py:190} INFO - [2024-09-01T01:01:15.734+0530] {dag.py:4138} INFO - Setting next_dagrun for example_setup_teardown_taskflow to 2024-08-30 00:00:00+00:00, run_after=2024-08-31 00:00:00+00:00
[2024-09-01T01:01:15.741+0530] {processor.py:208} INFO - Processing /Users/ravipal/Desktop/Workspace/airflow_tutorial/py_env/lib/python3.12/site-packages/airflow/example_dags/example_setup_teardown_taskflow.py took 0.065 seconds
[2024-09-01T01:03:19.973+0530] {processor.py:186} INFO - Started process (PID=4071) to work on /Users/ravipal/Desktop/Workspace/airflow_tutorial/py_env/lib/python3.12/site-packages/airflow/example_dags/example_setup_teardown_taskflow.py
[2024-09-01T01:03:19.973+0530] {processor.py:914} INFO - Processing file /Users/ravipal/Desktop/Workspace/airflow_tutorial/py_env/lib/python3.12/site-packages/airflow/example_dags/example_setup_teardown_taskflow.py for tasks to queue
[2024-09-01T01:03:19.974+0530] {logging_mixin.py:190} INFO - [2024-09-01T01:03:19.973+0530] {dagbag.py:587} INFO - Filling up the DagBag from /Users/ravipal/Desktop/Workspace/airflow_tutorial/py_env/lib/python3.12/site-packages/airflow/example_dags/example_setup_teardown_taskflow.py
[2024-09-01T01:03:19.989+0530] {processor.py:925} INFO - DAG(s) 'example_setup_teardown_taskflow' retrieved from /Users/ravipal/Desktop/Workspace/airflow_tutorial/py_env/lib/python3.12/site-packages/airflow/example_dags/example_setup_teardown_taskflow.py
[2024-09-01T01:03:20.023+0530] {logging_mixin.py:190} INFO - [2024-09-01T01:03:20.022+0530] {dag.py:3211} INFO - Sync 1 DAGs
[2024-09-01T01:03:20.029+0530] {logging_mixin.py:190} INFO - [2024-09-01T01:03:20.029+0530] {dag.py:4138} INFO - Setting next_dagrun for example_setup_teardown_taskflow to 2024-08-30 00:00:00+00:00, run_after=2024-08-31 00:00:00+00:00
[2024-09-01T01:03:20.035+0530] {processor.py:208} INFO - Processing /Users/ravipal/Desktop/Workspace/airflow_tutorial/py_env/lib/python3.12/site-packages/airflow/example_dags/example_setup_teardown_taskflow.py took 0.064 seconds
[2024-09-01T01:05:28.427+0530] {processor.py:186} INFO - Started process (PID=4225) to work on /Users/ravipal/Desktop/Workspace/airflow_tutorial/py_env/lib/python3.12/site-packages/airflow/example_dags/example_setup_teardown_taskflow.py
[2024-09-01T01:05:28.427+0530] {processor.py:914} INFO - Processing file /Users/ravipal/Desktop/Workspace/airflow_tutorial/py_env/lib/python3.12/site-packages/airflow/example_dags/example_setup_teardown_taskflow.py for tasks to queue
[2024-09-01T01:05:28.428+0530] {logging_mixin.py:190} INFO - [2024-09-01T01:05:28.427+0530] {dagbag.py:587} INFO - Filling up the DagBag from /Users/ravipal/Desktop/Workspace/airflow_tutorial/py_env/lib/python3.12/site-packages/airflow/example_dags/example_setup_teardown_taskflow.py
[2024-09-01T01:05:28.443+0530] {processor.py:925} INFO - DAG(s) 'example_setup_teardown_taskflow' retrieved from /Users/ravipal/Desktop/Workspace/airflow_tutorial/py_env/lib/python3.12/site-packages/airflow/example_dags/example_setup_teardown_taskflow.py
[2024-09-01T01:05:28.477+0530] {logging_mixin.py:190} INFO - [2024-09-01T01:05:28.477+0530] {dag.py:3211} INFO - Sync 1 DAGs
[2024-09-01T01:05:28.483+0530] {logging_mixin.py:190} INFO - [2024-09-01T01:05:28.483+0530] {dag.py:4138} INFO - Setting next_dagrun for example_setup_teardown_taskflow to 2024-08-30 00:00:00+00:00, run_after=2024-08-31 00:00:00+00:00
[2024-09-01T01:05:28.490+0530] {processor.py:208} INFO - Processing /Users/ravipal/Desktop/Workspace/airflow_tutorial/py_env/lib/python3.12/site-packages/airflow/example_dags/example_setup_teardown_taskflow.py took 0.065 seconds
[2024-09-01T01:07:40.248+0530] {processor.py:186} INFO - Started process (PID=4362) to work on /Users/ravipal/Desktop/Workspace/airflow_tutorial/py_env/lib/python3.12/site-packages/airflow/example_dags/example_setup_teardown_taskflow.py
[2024-09-01T01:07:40.248+0530] {processor.py:914} INFO - Processing file /Users/ravipal/Desktop/Workspace/airflow_tutorial/py_env/lib/python3.12/site-packages/airflow/example_dags/example_setup_teardown_taskflow.py for tasks to queue
[2024-09-01T01:07:40.249+0530] {logging_mixin.py:190} INFO - [2024-09-01T01:07:40.249+0530] {dagbag.py:587} INFO - Filling up the DagBag from /Users/ravipal/Desktop/Workspace/airflow_tutorial/py_env/lib/python3.12/site-packages/airflow/example_dags/example_setup_teardown_taskflow.py
[2024-09-01T01:07:40.265+0530] {processor.py:925} INFO - DAG(s) 'example_setup_teardown_taskflow' retrieved from /Users/ravipal/Desktop/Workspace/airflow_tutorial/py_env/lib/python3.12/site-packages/airflow/example_dags/example_setup_teardown_taskflow.py
[2024-09-01T01:07:40.299+0530] {logging_mixin.py:190} INFO - [2024-09-01T01:07:40.299+0530] {dag.py:3211} INFO - Sync 1 DAGs
[2024-09-01T01:07:40.305+0530] {logging_mixin.py:190} INFO - [2024-09-01T01:07:40.305+0530] {dag.py:4138} INFO - Setting next_dagrun for example_setup_teardown_taskflow to 2024-08-30 00:00:00+00:00, run_after=2024-08-31 00:00:00+00:00
[2024-09-01T01:07:40.312+0530] {processor.py:208} INFO - Processing /Users/ravipal/Desktop/Workspace/airflow_tutorial/py_env/lib/python3.12/site-packages/airflow/example_dags/example_setup_teardown_taskflow.py took 0.066 seconds
[2024-09-01T01:09:49.609+0530] {processor.py:186} INFO - Started process (PID=4492) to work on /Users/ravipal/Desktop/Workspace/airflow_tutorial/py_env/lib/python3.12/site-packages/airflow/example_dags/example_setup_teardown_taskflow.py
[2024-09-01T01:09:49.609+0530] {processor.py:914} INFO - Processing file /Users/ravipal/Desktop/Workspace/airflow_tutorial/py_env/lib/python3.12/site-packages/airflow/example_dags/example_setup_teardown_taskflow.py for tasks to queue
[2024-09-01T01:09:49.609+0530] {logging_mixin.py:190} INFO - [2024-09-01T01:09:49.609+0530] {dagbag.py:587} INFO - Filling up the DagBag from /Users/ravipal/Desktop/Workspace/airflow_tutorial/py_env/lib/python3.12/site-packages/airflow/example_dags/example_setup_teardown_taskflow.py
[2024-09-01T01:09:49.625+0530] {processor.py:925} INFO - DAG(s) 'example_setup_teardown_taskflow' retrieved from /Users/ravipal/Desktop/Workspace/airflow_tutorial/py_env/lib/python3.12/site-packages/airflow/example_dags/example_setup_teardown_taskflow.py
[2024-09-01T01:09:49.659+0530] {logging_mixin.py:190} INFO - [2024-09-01T01:09:49.659+0530] {dag.py:3211} INFO - Sync 1 DAGs
[2024-09-01T01:09:49.665+0530] {logging_mixin.py:190} INFO - [2024-09-01T01:09:49.665+0530] {dag.py:4138} INFO - Setting next_dagrun for example_setup_teardown_taskflow to 2024-08-30 00:00:00+00:00, run_after=2024-08-31 00:00:00+00:00
[2024-09-01T01:09:49.672+0530] {processor.py:208} INFO - Processing /Users/ravipal/Desktop/Workspace/airflow_tutorial/py_env/lib/python3.12/site-packages/airflow/example_dags/example_setup_teardown_taskflow.py took 0.065 seconds
[2024-09-01T01:11:57.832+0530] {processor.py:186} INFO - Started process (PID=4620) to work on /Users/ravipal/Desktop/Workspace/airflow_tutorial/py_env/lib/python3.12/site-packages/airflow/example_dags/example_setup_teardown_taskflow.py
[2024-09-01T01:11:57.833+0530] {processor.py:914} INFO - Processing file /Users/ravipal/Desktop/Workspace/airflow_tutorial/py_env/lib/python3.12/site-packages/airflow/example_dags/example_setup_teardown_taskflow.py for tasks to queue
[2024-09-01T01:11:57.833+0530] {logging_mixin.py:190} INFO - [2024-09-01T01:11:57.833+0530] {dagbag.py:587} INFO - Filling up the DagBag from /Users/ravipal/Desktop/Workspace/airflow_tutorial/py_env/lib/python3.12/site-packages/airflow/example_dags/example_setup_teardown_taskflow.py
[2024-09-01T01:11:57.849+0530] {processor.py:925} INFO - DAG(s) 'example_setup_teardown_taskflow' retrieved from /Users/ravipal/Desktop/Workspace/airflow_tutorial/py_env/lib/python3.12/site-packages/airflow/example_dags/example_setup_teardown_taskflow.py
[2024-09-01T01:11:57.883+0530] {logging_mixin.py:190} INFO - [2024-09-01T01:11:57.882+0530] {dag.py:3211} INFO - Sync 1 DAGs
[2024-09-01T01:11:57.889+0530] {logging_mixin.py:190} INFO - [2024-09-01T01:11:57.889+0530] {dag.py:4138} INFO - Setting next_dagrun for example_setup_teardown_taskflow to 2024-08-30 00:00:00+00:00, run_after=2024-08-31 00:00:00+00:00
[2024-09-01T01:11:57.895+0530] {processor.py:208} INFO - Processing /Users/ravipal/Desktop/Workspace/airflow_tutorial/py_env/lib/python3.12/site-packages/airflow/example_dags/example_setup_teardown_taskflow.py took 0.065 seconds
[2024-09-01T01:14:05.026+0530] {processor.py:186} INFO - Started process (PID=4750) to work on /Users/ravipal/Desktop/Workspace/airflow_tutorial/py_env/lib/python3.12/site-packages/airflow/example_dags/example_setup_teardown_taskflow.py
[2024-09-01T01:14:05.026+0530] {processor.py:914} INFO - Processing file /Users/ravipal/Desktop/Workspace/airflow_tutorial/py_env/lib/python3.12/site-packages/airflow/example_dags/example_setup_teardown_taskflow.py for tasks to queue
[2024-09-01T01:14:05.027+0530] {logging_mixin.py:190} INFO - [2024-09-01T01:14:05.027+0530] {dagbag.py:587} INFO - Filling up the DagBag from /Users/ravipal/Desktop/Workspace/airflow_tutorial/py_env/lib/python3.12/site-packages/airflow/example_dags/example_setup_teardown_taskflow.py
[2024-09-01T01:14:05.042+0530] {processor.py:925} INFO - DAG(s) 'example_setup_teardown_taskflow' retrieved from /Users/ravipal/Desktop/Workspace/airflow_tutorial/py_env/lib/python3.12/site-packages/airflow/example_dags/example_setup_teardown_taskflow.py
[2024-09-01T01:14:05.076+0530] {logging_mixin.py:190} INFO - [2024-09-01T01:14:05.076+0530] {dag.py:3211} INFO - Sync 1 DAGs
[2024-09-01T01:14:05.082+0530] {logging_mixin.py:190} INFO - [2024-09-01T01:14:05.082+0530] {dag.py:4138} INFO - Setting next_dagrun for example_setup_teardown_taskflow to 2024-08-30 00:00:00+00:00, run_after=2024-08-31 00:00:00+00:00
[2024-09-01T01:14:05.089+0530] {processor.py:208} INFO - Processing /Users/ravipal/Desktop/Workspace/airflow_tutorial/py_env/lib/python3.12/site-packages/airflow/example_dags/example_setup_teardown_taskflow.py took 0.065 seconds
[2024-09-01T01:16:15.342+0530] {processor.py:186} INFO - Started process (PID=4881) to work on /Users/ravipal/Desktop/Workspace/airflow_tutorial/py_env/lib/python3.12/site-packages/airflow/example_dags/example_setup_teardown_taskflow.py
[2024-09-01T01:16:15.343+0530] {processor.py:914} INFO - Processing file /Users/ravipal/Desktop/Workspace/airflow_tutorial/py_env/lib/python3.12/site-packages/airflow/example_dags/example_setup_teardown_taskflow.py for tasks to queue
[2024-09-01T01:16:15.343+0530] {logging_mixin.py:190} INFO - [2024-09-01T01:16:15.343+0530] {dagbag.py:587} INFO - Filling up the DagBag from /Users/ravipal/Desktop/Workspace/airflow_tutorial/py_env/lib/python3.12/site-packages/airflow/example_dags/example_setup_teardown_taskflow.py
[2024-09-01T01:16:15.360+0530] {processor.py:925} INFO - DAG(s) 'example_setup_teardown_taskflow' retrieved from /Users/ravipal/Desktop/Workspace/airflow_tutorial/py_env/lib/python3.12/site-packages/airflow/example_dags/example_setup_teardown_taskflow.py
[2024-09-01T01:16:15.393+0530] {logging_mixin.py:190} INFO - [2024-09-01T01:16:15.393+0530] {dag.py:3211} INFO - Sync 1 DAGs
[2024-09-01T01:16:15.399+0530] {logging_mixin.py:190} INFO - [2024-09-01T01:16:15.399+0530] {dag.py:4138} INFO - Setting next_dagrun for example_setup_teardown_taskflow to 2024-08-30 00:00:00+00:00, run_after=2024-08-31 00:00:00+00:00
[2024-09-01T01:16:15.406+0530] {processor.py:208} INFO - Processing /Users/ravipal/Desktop/Workspace/airflow_tutorial/py_env/lib/python3.12/site-packages/airflow/example_dags/example_setup_teardown_taskflow.py took 0.065 seconds
[2024-09-01T01:18:27.756+0530] {processor.py:186} INFO - Started process (PID=5012) to work on /Users/ravipal/Desktop/Workspace/airflow_tutorial/py_env/lib/python3.12/site-packages/airflow/example_dags/example_setup_teardown_taskflow.py
[2024-09-01T01:18:27.757+0530] {processor.py:914} INFO - Processing file /Users/ravipal/Desktop/Workspace/airflow_tutorial/py_env/lib/python3.12/site-packages/airflow/example_dags/example_setup_teardown_taskflow.py for tasks to queue
[2024-09-01T01:18:27.757+0530] {logging_mixin.py:190} INFO - [2024-09-01T01:18:27.757+0530] {dagbag.py:587} INFO - Filling up the DagBag from /Users/ravipal/Desktop/Workspace/airflow_tutorial/py_env/lib/python3.12/site-packages/airflow/example_dags/example_setup_teardown_taskflow.py
[2024-09-01T01:18:27.773+0530] {processor.py:925} INFO - DAG(s) 'example_setup_teardown_taskflow' retrieved from /Users/ravipal/Desktop/Workspace/airflow_tutorial/py_env/lib/python3.12/site-packages/airflow/example_dags/example_setup_teardown_taskflow.py
[2024-09-01T01:18:27.807+0530] {logging_mixin.py:190} INFO - [2024-09-01T01:18:27.807+0530] {dag.py:3211} INFO - Sync 1 DAGs
[2024-09-01T01:18:27.813+0530] {logging_mixin.py:190} INFO - [2024-09-01T01:18:27.813+0530] {dag.py:4138} INFO - Setting next_dagrun for example_setup_teardown_taskflow to 2024-08-30 00:00:00+00:00, run_after=2024-08-31 00:00:00+00:00
[2024-09-01T01:18:27.820+0530] {processor.py:208} INFO - Processing /Users/ravipal/Desktop/Workspace/airflow_tutorial/py_env/lib/python3.12/site-packages/airflow/example_dags/example_setup_teardown_taskflow.py took 0.065 seconds
