[2024-09-01T00:23:51.940+0530] {processor.py:186} INFO - Started process (PID=1478) to work on /Users/ravipal/Desktop/Workspace/airflow_tutorial/py_env/lib/python3.12/site-packages/airflow/example_dags/example_display_name.py
[2024-09-01T00:23:51.940+0530] {processor.py:914} INFO - Processing file /Users/ravipal/Desktop/Workspace/airflow_tutorial/py_env/lib/python3.12/site-packages/airflow/example_dags/example_display_name.py for tasks to queue
[2024-09-01T00:23:51.941+0530] {logging_mixin.py:190} INFO - [2024-09-01T00:23:51.941+0530] {dagbag.py:587} INFO - Filling up the DagBag from /Users/ravipal/Desktop/Workspace/airflow_tutorial/py_env/lib/python3.12/site-packages/airflow/example_dags/example_display_name.py
[2024-09-01T00:23:51.957+0530] {processor.py:925} INFO - DAG(s) 'example_display_name' retrieved from /Users/ravipal/Desktop/Workspace/airflow_tutorial/py_env/lib/python3.12/site-packages/airflow/example_dags/example_display_name.py
[2024-09-01T00:23:52.027+0530] {logging_mixin.py:190} INFO - [2024-09-01T00:23:52.027+0530] {override.py:1858} INFO - Created Permission View: can delete on DAG:example_display_name
[2024-09-01T00:23:52.064+0530] {logging_mixin.py:190} INFO - [2024-09-01T00:23:52.064+0530] {override.py:1858} INFO - Created Permission View: can edit on DAG:example_display_name
[2024-09-01T00:23:52.067+0530] {logging_mixin.py:190} INFO - [2024-09-01T00:23:52.067+0530] {override.py:1858} INFO - Created Permission View: can read on DAG:example_display_name
[2024-09-01T00:23:52.067+0530] {logging_mixin.py:190} INFO - [2024-09-01T00:23:52.067+0530] {dag.py:3211} INFO - Sync 1 DAGs
[2024-09-01T00:23:52.072+0530] {logging_mixin.py:190} INFO - [2024-09-01T00:23:52.072+0530] {dag.py:3234} INFO - Creating ORM DAG for example_display_name
[2024-09-01T00:23:52.072+0530] {logging_mixin.py:190} INFO - [2024-09-01T00:23:52.072+0530] {dag.py:4138} INFO - Setting next_dagrun for example_display_name to None, run_after=None
[2024-09-01T00:23:52.079+0530] {processor.py:208} INFO - Processing /Users/ravipal/Desktop/Workspace/airflow_tutorial/py_env/lib/python3.12/site-packages/airflow/example_dags/example_display_name.py took 0.141 seconds
[2024-09-01T00:26:06.887+0530] {processor.py:186} INFO - Started process (PID=1614) to work on /Users/ravipal/Desktop/Workspace/airflow_tutorial/py_env/lib/python3.12/site-packages/airflow/example_dags/example_display_name.py
[2024-09-01T00:26:06.887+0530] {processor.py:914} INFO - Processing file /Users/ravipal/Desktop/Workspace/airflow_tutorial/py_env/lib/python3.12/site-packages/airflow/example_dags/example_display_name.py for tasks to queue
[2024-09-01T00:26:06.888+0530] {logging_mixin.py:190} INFO - [2024-09-01T00:26:06.888+0530] {dagbag.py:587} INFO - Filling up the DagBag from /Users/ravipal/Desktop/Workspace/airflow_tutorial/py_env/lib/python3.12/site-packages/airflow/example_dags/example_display_name.py
[2024-09-01T00:26:06.904+0530] {processor.py:925} INFO - DAG(s) 'example_display_name' retrieved from /Users/ravipal/Desktop/Workspace/airflow_tutorial/py_env/lib/python3.12/site-packages/airflow/example_dags/example_display_name.py
[2024-09-01T00:26:06.939+0530] {logging_mixin.py:190} INFO - [2024-09-01T00:26:06.939+0530] {dag.py:3211} INFO - Sync 1 DAGs
[2024-09-01T00:26:06.944+0530] {logging_mixin.py:190} INFO - [2024-09-01T00:26:06.943+0530] {dag.py:4138} INFO - Setting next_dagrun for example_display_name to None, run_after=None
[2024-09-01T00:26:06.951+0530] {processor.py:208} INFO - Processing /Users/ravipal/Desktop/Workspace/airflow_tutorial/py_env/lib/python3.12/site-packages/airflow/example_dags/example_display_name.py took 0.067 seconds
[2024-09-01T00:28:27.291+0530] {processor.py:186} INFO - Started process (PID=1945) to work on /Users/ravipal/Desktop/Workspace/airflow_tutorial/py_env/lib/python3.12/site-packages/airflow/example_dags/example_display_name.py
[2024-09-01T00:28:27.292+0530] {processor.py:914} INFO - Processing file /Users/ravipal/Desktop/Workspace/airflow_tutorial/py_env/lib/python3.12/site-packages/airflow/example_dags/example_display_name.py for tasks to queue
[2024-09-01T00:28:27.292+0530] {logging_mixin.py:190} INFO - [2024-09-01T00:28:27.292+0530] {dagbag.py:587} INFO - Filling up the DagBag from /Users/ravipal/Desktop/Workspace/airflow_tutorial/py_env/lib/python3.12/site-packages/airflow/example_dags/example_display_name.py
[2024-09-01T00:28:27.307+0530] {processor.py:925} INFO - DAG(s) 'example_display_name' retrieved from /Users/ravipal/Desktop/Workspace/airflow_tutorial/py_env/lib/python3.12/site-packages/airflow/example_dags/example_display_name.py
[2024-09-01T00:28:27.340+0530] {logging_mixin.py:190} INFO - [2024-09-01T00:28:27.340+0530] {dag.py:3211} INFO - Sync 1 DAGs
[2024-09-01T00:28:27.346+0530] {logging_mixin.py:190} INFO - [2024-09-01T00:28:27.346+0530] {dag.py:4138} INFO - Setting next_dagrun for example_display_name to None, run_after=None
[2024-09-01T00:28:27.354+0530] {processor.py:208} INFO - Processing /Users/ravipal/Desktop/Workspace/airflow_tutorial/py_env/lib/python3.12/site-packages/airflow/example_dags/example_display_name.py took 0.065 seconds
[2024-09-01T00:30:34.860+0530] {processor.py:186} INFO - Started process (PID=2075) to work on /Users/ravipal/Desktop/Workspace/airflow_tutorial/py_env/lib/python3.12/site-packages/airflow/example_dags/example_display_name.py
[2024-09-01T00:30:34.860+0530] {processor.py:914} INFO - Processing file /Users/ravipal/Desktop/Workspace/airflow_tutorial/py_env/lib/python3.12/site-packages/airflow/example_dags/example_display_name.py for tasks to queue
[2024-09-01T00:30:34.861+0530] {logging_mixin.py:190} INFO - [2024-09-01T00:30:34.861+0530] {dagbag.py:587} INFO - Filling up the DagBag from /Users/ravipal/Desktop/Workspace/airflow_tutorial/py_env/lib/python3.12/site-packages/airflow/example_dags/example_display_name.py
[2024-09-01T00:30:34.875+0530] {processor.py:925} INFO - DAG(s) 'example_display_name' retrieved from /Users/ravipal/Desktop/Workspace/airflow_tutorial/py_env/lib/python3.12/site-packages/airflow/example_dags/example_display_name.py
[2024-09-01T00:30:34.907+0530] {logging_mixin.py:190} INFO - [2024-09-01T00:30:34.907+0530] {dag.py:3211} INFO - Sync 1 DAGs
[2024-09-01T00:30:34.911+0530] {logging_mixin.py:190} INFO - [2024-09-01T00:30:34.911+0530] {dag.py:4138} INFO - Setting next_dagrun for example_display_name to None, run_after=None
[2024-09-01T00:30:34.918+0530] {processor.py:208} INFO - Processing /Users/ravipal/Desktop/Workspace/airflow_tutorial/py_env/lib/python3.12/site-packages/airflow/example_dags/example_display_name.py took 0.060 seconds
[2024-09-01T00:32:47.472+0530] {processor.py:186} INFO - Started process (PID=2208) to work on /Users/ravipal/Desktop/Workspace/airflow_tutorial/py_env/lib/python3.12/site-packages/airflow/example_dags/example_display_name.py
[2024-09-01T00:32:47.472+0530] {processor.py:914} INFO - Processing file /Users/ravipal/Desktop/Workspace/airflow_tutorial/py_env/lib/python3.12/site-packages/airflow/example_dags/example_display_name.py for tasks to queue
[2024-09-01T00:32:47.472+0530] {logging_mixin.py:190} INFO - [2024-09-01T00:32:47.472+0530] {dagbag.py:587} INFO - Filling up the DagBag from /Users/ravipal/Desktop/Workspace/airflow_tutorial/py_env/lib/python3.12/site-packages/airflow/example_dags/example_display_name.py
[2024-09-01T00:32:47.488+0530] {processor.py:925} INFO - DAG(s) 'example_display_name' retrieved from /Users/ravipal/Desktop/Workspace/airflow_tutorial/py_env/lib/python3.12/site-packages/airflow/example_dags/example_display_name.py
[2024-09-01T00:32:47.520+0530] {logging_mixin.py:190} INFO - [2024-09-01T00:32:47.520+0530] {dag.py:3211} INFO - Sync 1 DAGs
[2024-09-01T00:32:47.524+0530] {logging_mixin.py:190} INFO - [2024-09-01T00:32:47.524+0530] {dag.py:4138} INFO - Setting next_dagrun for example_display_name to None, run_after=None
[2024-09-01T00:32:47.531+0530] {processor.py:208} INFO - Processing /Users/ravipal/Desktop/Workspace/airflow_tutorial/py_env/lib/python3.12/site-packages/airflow/example_dags/example_display_name.py took 0.061 seconds
[2024-09-01T00:35:05.113+0530] {processor.py:186} INFO - Started process (PID=2343) to work on /Users/ravipal/Desktop/Workspace/airflow_tutorial/py_env/lib/python3.12/site-packages/airflow/example_dags/example_display_name.py
[2024-09-01T00:35:05.114+0530] {processor.py:914} INFO - Processing file /Users/ravipal/Desktop/Workspace/airflow_tutorial/py_env/lib/python3.12/site-packages/airflow/example_dags/example_display_name.py for tasks to queue
[2024-09-01T00:35:05.114+0530] {logging_mixin.py:190} INFO - [2024-09-01T00:35:05.114+0530] {dagbag.py:587} INFO - Filling up the DagBag from /Users/ravipal/Desktop/Workspace/airflow_tutorial/py_env/lib/python3.12/site-packages/airflow/example_dags/example_display_name.py
[2024-09-01T00:35:05.130+0530] {processor.py:925} INFO - DAG(s) 'example_display_name' retrieved from /Users/ravipal/Desktop/Workspace/airflow_tutorial/py_env/lib/python3.12/site-packages/airflow/example_dags/example_display_name.py
[2024-09-01T00:35:05.162+0530] {logging_mixin.py:190} INFO - [2024-09-01T00:35:05.162+0530] {dag.py:3211} INFO - Sync 1 DAGs
[2024-09-01T00:35:05.166+0530] {logging_mixin.py:190} INFO - [2024-09-01T00:35:05.166+0530] {dag.py:4138} INFO - Setting next_dagrun for example_display_name to None, run_after=None
[2024-09-01T00:35:05.174+0530] {processor.py:208} INFO - Processing /Users/ravipal/Desktop/Workspace/airflow_tutorial/py_env/lib/python3.12/site-packages/airflow/example_dags/example_display_name.py took 0.062 seconds
[2024-09-01T00:37:19.484+0530] {processor.py:186} INFO - Started process (PID=2478) to work on /Users/ravipal/Desktop/Workspace/airflow_tutorial/py_env/lib/python3.12/site-packages/airflow/example_dags/example_display_name.py
[2024-09-01T00:37:19.485+0530] {processor.py:914} INFO - Processing file /Users/ravipal/Desktop/Workspace/airflow_tutorial/py_env/lib/python3.12/site-packages/airflow/example_dags/example_display_name.py for tasks to queue
[2024-09-01T00:37:19.485+0530] {logging_mixin.py:190} INFO - [2024-09-01T00:37:19.485+0530] {dagbag.py:587} INFO - Filling up the DagBag from /Users/ravipal/Desktop/Workspace/airflow_tutorial/py_env/lib/python3.12/site-packages/airflow/example_dags/example_display_name.py
[2024-09-01T00:37:19.499+0530] {processor.py:925} INFO - DAG(s) 'example_display_name' retrieved from /Users/ravipal/Desktop/Workspace/airflow_tutorial/py_env/lib/python3.12/site-packages/airflow/example_dags/example_display_name.py
[2024-09-01T00:37:19.532+0530] {logging_mixin.py:190} INFO - [2024-09-01T00:37:19.531+0530] {dag.py:3211} INFO - Sync 1 DAGs
[2024-09-01T00:37:19.536+0530] {logging_mixin.py:190} INFO - [2024-09-01T00:37:19.536+0530] {dag.py:4138} INFO - Setting next_dagrun for example_display_name to None, run_after=None
[2024-09-01T00:37:19.542+0530] {processor.py:208} INFO - Processing /Users/ravipal/Desktop/Workspace/airflow_tutorial/py_env/lib/python3.12/site-packages/airflow/example_dags/example_display_name.py took 0.060 seconds
[2024-09-01T00:39:24.276+0530] {processor.py:186} INFO - Started process (PID=2605) to work on /Users/ravipal/Desktop/Workspace/airflow_tutorial/py_env/lib/python3.12/site-packages/airflow/example_dags/example_display_name.py
[2024-09-01T00:39:24.276+0530] {processor.py:914} INFO - Processing file /Users/ravipal/Desktop/Workspace/airflow_tutorial/py_env/lib/python3.12/site-packages/airflow/example_dags/example_display_name.py for tasks to queue
[2024-09-01T00:39:24.277+0530] {logging_mixin.py:190} INFO - [2024-09-01T00:39:24.277+0530] {dagbag.py:587} INFO - Filling up the DagBag from /Users/ravipal/Desktop/Workspace/airflow_tutorial/py_env/lib/python3.12/site-packages/airflow/example_dags/example_display_name.py
[2024-09-01T00:39:24.291+0530] {processor.py:925} INFO - DAG(s) 'example_display_name' retrieved from /Users/ravipal/Desktop/Workspace/airflow_tutorial/py_env/lib/python3.12/site-packages/airflow/example_dags/example_display_name.py
[2024-09-01T00:39:24.324+0530] {logging_mixin.py:190} INFO - [2024-09-01T00:39:24.324+0530] {dag.py:3211} INFO - Sync 1 DAGs
[2024-09-01T00:39:24.328+0530] {logging_mixin.py:190} INFO - [2024-09-01T00:39:24.328+0530] {dag.py:4138} INFO - Setting next_dagrun for example_display_name to None, run_after=None
[2024-09-01T00:39:24.334+0530] {processor.py:208} INFO - Processing /Users/ravipal/Desktop/Workspace/airflow_tutorial/py_env/lib/python3.12/site-packages/airflow/example_dags/example_display_name.py took 0.061 seconds
[2024-09-01T00:41:37.473+0530] {processor.py:186} INFO - Started process (PID=2737) to work on /Users/ravipal/Desktop/Workspace/airflow_tutorial/py_env/lib/python3.12/site-packages/airflow/example_dags/example_display_name.py
[2024-09-01T00:41:37.473+0530] {processor.py:914} INFO - Processing file /Users/ravipal/Desktop/Workspace/airflow_tutorial/py_env/lib/python3.12/site-packages/airflow/example_dags/example_display_name.py for tasks to queue
[2024-09-01T00:41:37.474+0530] {logging_mixin.py:190} INFO - [2024-09-01T00:41:37.474+0530] {dagbag.py:587} INFO - Filling up the DagBag from /Users/ravipal/Desktop/Workspace/airflow_tutorial/py_env/lib/python3.12/site-packages/airflow/example_dags/example_display_name.py
[2024-09-01T00:41:37.489+0530] {processor.py:925} INFO - DAG(s) 'example_display_name' retrieved from /Users/ravipal/Desktop/Workspace/airflow_tutorial/py_env/lib/python3.12/site-packages/airflow/example_dags/example_display_name.py
[2024-09-01T00:41:37.521+0530] {logging_mixin.py:190} INFO - [2024-09-01T00:41:37.521+0530] {dag.py:3211} INFO - Sync 1 DAGs
[2024-09-01T00:41:37.525+0530] {logging_mixin.py:190} INFO - [2024-09-01T00:41:37.525+0530] {dag.py:4138} INFO - Setting next_dagrun for example_display_name to None, run_after=None
[2024-09-01T00:41:37.532+0530] {processor.py:208} INFO - Processing /Users/ravipal/Desktop/Workspace/airflow_tutorial/py_env/lib/python3.12/site-packages/airflow/example_dags/example_display_name.py took 0.061 seconds
[2024-09-01T00:43:49.346+0530] {processor.py:186} INFO - Started process (PID=2868) to work on /Users/ravipal/Desktop/Workspace/airflow_tutorial/py_env/lib/python3.12/site-packages/airflow/example_dags/example_display_name.py
[2024-09-01T00:43:49.347+0530] {processor.py:914} INFO - Processing file /Users/ravipal/Desktop/Workspace/airflow_tutorial/py_env/lib/python3.12/site-packages/airflow/example_dags/example_display_name.py for tasks to queue
[2024-09-01T00:43:49.347+0530] {logging_mixin.py:190} INFO - [2024-09-01T00:43:49.347+0530] {dagbag.py:587} INFO - Filling up the DagBag from /Users/ravipal/Desktop/Workspace/airflow_tutorial/py_env/lib/python3.12/site-packages/airflow/example_dags/example_display_name.py
[2024-09-01T00:43:49.362+0530] {processor.py:925} INFO - DAG(s) 'example_display_name' retrieved from /Users/ravipal/Desktop/Workspace/airflow_tutorial/py_env/lib/python3.12/site-packages/airflow/example_dags/example_display_name.py
[2024-09-01T00:43:49.395+0530] {logging_mixin.py:190} INFO - [2024-09-01T00:43:49.395+0530] {dag.py:3211} INFO - Sync 1 DAGs
[2024-09-01T00:43:49.399+0530] {logging_mixin.py:190} INFO - [2024-09-01T00:43:49.399+0530] {dag.py:4138} INFO - Setting next_dagrun for example_display_name to None, run_after=None
[2024-09-01T00:43:49.405+0530] {processor.py:208} INFO - Processing /Users/ravipal/Desktop/Workspace/airflow_tutorial/py_env/lib/python3.12/site-packages/airflow/example_dags/example_display_name.py took 0.061 seconds
[2024-09-01T00:46:04.918+0530] {processor.py:186} INFO - Started process (PID=3002) to work on /Users/ravipal/Desktop/Workspace/airflow_tutorial/py_env/lib/python3.12/site-packages/airflow/example_dags/example_display_name.py
[2024-09-01T00:46:04.919+0530] {processor.py:914} INFO - Processing file /Users/ravipal/Desktop/Workspace/airflow_tutorial/py_env/lib/python3.12/site-packages/airflow/example_dags/example_display_name.py for tasks to queue
[2024-09-01T00:46:04.919+0530] {logging_mixin.py:190} INFO - [2024-09-01T00:46:04.919+0530] {dagbag.py:587} INFO - Filling up the DagBag from /Users/ravipal/Desktop/Workspace/airflow_tutorial/py_env/lib/python3.12/site-packages/airflow/example_dags/example_display_name.py
[2024-09-01T00:46:04.934+0530] {processor.py:925} INFO - DAG(s) 'example_display_name' retrieved from /Users/ravipal/Desktop/Workspace/airflow_tutorial/py_env/lib/python3.12/site-packages/airflow/example_dags/example_display_name.py
[2024-09-01T00:46:04.966+0530] {logging_mixin.py:190} INFO - [2024-09-01T00:46:04.966+0530] {dag.py:3211} INFO - Sync 1 DAGs
[2024-09-01T00:46:04.970+0530] {logging_mixin.py:190} INFO - [2024-09-01T00:46:04.970+0530] {dag.py:4138} INFO - Setting next_dagrun for example_display_name to None, run_after=None
[2024-09-01T00:46:04.977+0530] {processor.py:208} INFO - Processing /Users/ravipal/Desktop/Workspace/airflow_tutorial/py_env/lib/python3.12/site-packages/airflow/example_dags/example_display_name.py took 0.061 seconds
[2024-09-01T00:48:14.409+0530] {processor.py:186} INFO - Started process (PID=3132) to work on /Users/ravipal/Desktop/Workspace/airflow_tutorial/py_env/lib/python3.12/site-packages/airflow/example_dags/example_display_name.py
[2024-09-01T00:48:14.409+0530] {processor.py:914} INFO - Processing file /Users/ravipal/Desktop/Workspace/airflow_tutorial/py_env/lib/python3.12/site-packages/airflow/example_dags/example_display_name.py for tasks to queue
[2024-09-01T00:48:14.410+0530] {logging_mixin.py:190} INFO - [2024-09-01T00:48:14.410+0530] {dagbag.py:587} INFO - Filling up the DagBag from /Users/ravipal/Desktop/Workspace/airflow_tutorial/py_env/lib/python3.12/site-packages/airflow/example_dags/example_display_name.py
[2024-09-01T00:48:14.425+0530] {processor.py:925} INFO - DAG(s) 'example_display_name' retrieved from /Users/ravipal/Desktop/Workspace/airflow_tutorial/py_env/lib/python3.12/site-packages/airflow/example_dags/example_display_name.py
[2024-09-01T00:48:14.457+0530] {logging_mixin.py:190} INFO - [2024-09-01T00:48:14.457+0530] {dag.py:3211} INFO - Sync 1 DAGs
[2024-09-01T00:48:14.461+0530] {logging_mixin.py:190} INFO - [2024-09-01T00:48:14.461+0530] {dag.py:4138} INFO - Setting next_dagrun for example_display_name to None, run_after=None
[2024-09-01T00:48:14.468+0530] {processor.py:208} INFO - Processing /Users/ravipal/Desktop/Workspace/airflow_tutorial/py_env/lib/python3.12/site-packages/airflow/example_dags/example_display_name.py took 0.061 seconds
[2024-09-01T00:50:25.234+0530] {processor.py:186} INFO - Started process (PID=3286) to work on /Users/ravipal/Desktop/Workspace/airflow_tutorial/py_env/lib/python3.12/site-packages/airflow/example_dags/example_display_name.py
[2024-09-01T00:50:25.235+0530] {processor.py:914} INFO - Processing file /Users/ravipal/Desktop/Workspace/airflow_tutorial/py_env/lib/python3.12/site-packages/airflow/example_dags/example_display_name.py for tasks to queue
[2024-09-01T00:50:25.235+0530] {logging_mixin.py:190} INFO - [2024-09-01T00:50:25.235+0530] {dagbag.py:587} INFO - Filling up the DagBag from /Users/ravipal/Desktop/Workspace/airflow_tutorial/py_env/lib/python3.12/site-packages/airflow/example_dags/example_display_name.py
[2024-09-01T00:50:25.250+0530] {processor.py:925} INFO - DAG(s) 'example_display_name' retrieved from /Users/ravipal/Desktop/Workspace/airflow_tutorial/py_env/lib/python3.12/site-packages/airflow/example_dags/example_display_name.py
[2024-09-01T00:50:25.283+0530] {logging_mixin.py:190} INFO - [2024-09-01T00:50:25.283+0530] {dag.py:3211} INFO - Sync 1 DAGs
[2024-09-01T00:50:25.287+0530] {logging_mixin.py:190} INFO - [2024-09-01T00:50:25.287+0530] {dag.py:4138} INFO - Setting next_dagrun for example_display_name to None, run_after=None
[2024-09-01T00:50:25.294+0530] {processor.py:208} INFO - Processing /Users/ravipal/Desktop/Workspace/airflow_tutorial/py_env/lib/python3.12/site-packages/airflow/example_dags/example_display_name.py took 0.062 seconds
[2024-09-01T00:52:39.982+0530] {processor.py:186} INFO - Started process (PID=3423) to work on /Users/ravipal/Desktop/Workspace/airflow_tutorial/py_env/lib/python3.12/site-packages/airflow/example_dags/example_display_name.py
[2024-09-01T00:52:39.983+0530] {processor.py:914} INFO - Processing file /Users/ravipal/Desktop/Workspace/airflow_tutorial/py_env/lib/python3.12/site-packages/airflow/example_dags/example_display_name.py for tasks to queue
[2024-09-01T00:52:39.984+0530] {logging_mixin.py:190} INFO - [2024-09-01T00:52:39.984+0530] {dagbag.py:587} INFO - Filling up the DagBag from /Users/ravipal/Desktop/Workspace/airflow_tutorial/py_env/lib/python3.12/site-packages/airflow/example_dags/example_display_name.py
[2024-09-01T00:52:39.999+0530] {processor.py:925} INFO - DAG(s) 'example_display_name' retrieved from /Users/ravipal/Desktop/Workspace/airflow_tutorial/py_env/lib/python3.12/site-packages/airflow/example_dags/example_display_name.py
[2024-09-01T00:52:40.033+0530] {logging_mixin.py:190} INFO - [2024-09-01T00:52:40.033+0530] {dag.py:3211} INFO - Sync 1 DAGs
[2024-09-01T00:52:40.037+0530] {logging_mixin.py:190} INFO - [2024-09-01T00:52:40.037+0530] {dag.py:4138} INFO - Setting next_dagrun for example_display_name to None, run_after=None
[2024-09-01T00:52:40.043+0530] {processor.py:208} INFO - Processing /Users/ravipal/Desktop/Workspace/airflow_tutorial/py_env/lib/python3.12/site-packages/airflow/example_dags/example_display_name.py took 0.063 seconds
[2024-09-01T00:54:51.689+0530] {processor.py:186} INFO - Started process (PID=3554) to work on /Users/ravipal/Desktop/Workspace/airflow_tutorial/py_env/lib/python3.12/site-packages/airflow/example_dags/example_display_name.py
[2024-09-01T00:54:51.690+0530] {processor.py:914} INFO - Processing file /Users/ravipal/Desktop/Workspace/airflow_tutorial/py_env/lib/python3.12/site-packages/airflow/example_dags/example_display_name.py for tasks to queue
[2024-09-01T00:54:51.690+0530] {logging_mixin.py:190} INFO - [2024-09-01T00:54:51.690+0530] {dagbag.py:587} INFO - Filling up the DagBag from /Users/ravipal/Desktop/Workspace/airflow_tutorial/py_env/lib/python3.12/site-packages/airflow/example_dags/example_display_name.py
[2024-09-01T00:54:51.705+0530] {processor.py:925} INFO - DAG(s) 'example_display_name' retrieved from /Users/ravipal/Desktop/Workspace/airflow_tutorial/py_env/lib/python3.12/site-packages/airflow/example_dags/example_display_name.py
[2024-09-01T00:54:51.737+0530] {logging_mixin.py:190} INFO - [2024-09-01T00:54:51.737+0530] {dag.py:3211} INFO - Sync 1 DAGs
[2024-09-01T00:54:51.741+0530] {logging_mixin.py:190} INFO - [2024-09-01T00:54:51.741+0530] {dag.py:4138} INFO - Setting next_dagrun for example_display_name to None, run_after=None
[2024-09-01T00:54:51.748+0530] {processor.py:208} INFO - Processing /Users/ravipal/Desktop/Workspace/airflow_tutorial/py_env/lib/python3.12/site-packages/airflow/example_dags/example_display_name.py took 0.060 seconds
[2024-09-01T00:57:00.746+0530] {processor.py:186} INFO - Started process (PID=3684) to work on /Users/ravipal/Desktop/Workspace/airflow_tutorial/py_env/lib/python3.12/site-packages/airflow/example_dags/example_display_name.py
[2024-09-01T00:57:00.747+0530] {processor.py:914} INFO - Processing file /Users/ravipal/Desktop/Workspace/airflow_tutorial/py_env/lib/python3.12/site-packages/airflow/example_dags/example_display_name.py for tasks to queue
[2024-09-01T00:57:00.747+0530] {logging_mixin.py:190} INFO - [2024-09-01T00:57:00.747+0530] {dagbag.py:587} INFO - Filling up the DagBag from /Users/ravipal/Desktop/Workspace/airflow_tutorial/py_env/lib/python3.12/site-packages/airflow/example_dags/example_display_name.py
[2024-09-01T00:57:00.762+0530] {processor.py:925} INFO - DAG(s) 'example_display_name' retrieved from /Users/ravipal/Desktop/Workspace/airflow_tutorial/py_env/lib/python3.12/site-packages/airflow/example_dags/example_display_name.py
[2024-09-01T00:57:00.796+0530] {logging_mixin.py:190} INFO - [2024-09-01T00:57:00.796+0530] {dag.py:3211} INFO - Sync 1 DAGs
[2024-09-01T00:57:00.800+0530] {logging_mixin.py:190} INFO - [2024-09-01T00:57:00.800+0530] {dag.py:4138} INFO - Setting next_dagrun for example_display_name to None, run_after=None
[2024-09-01T00:57:00.807+0530] {processor.py:208} INFO - Processing /Users/ravipal/Desktop/Workspace/airflow_tutorial/py_env/lib/python3.12/site-packages/airflow/example_dags/example_display_name.py took 0.063 seconds
[2024-09-01T00:59:13.087+0530] {processor.py:186} INFO - Started process (PID=3817) to work on /Users/ravipal/Desktop/Workspace/airflow_tutorial/py_env/lib/python3.12/site-packages/airflow/example_dags/example_display_name.py
[2024-09-01T00:59:13.088+0530] {processor.py:914} INFO - Processing file /Users/ravipal/Desktop/Workspace/airflow_tutorial/py_env/lib/python3.12/site-packages/airflow/example_dags/example_display_name.py for tasks to queue
[2024-09-01T00:59:13.088+0530] {logging_mixin.py:190} INFO - [2024-09-01T00:59:13.088+0530] {dagbag.py:587} INFO - Filling up the DagBag from /Users/ravipal/Desktop/Workspace/airflow_tutorial/py_env/lib/python3.12/site-packages/airflow/example_dags/example_display_name.py
[2024-09-01T00:59:13.103+0530] {processor.py:925} INFO - DAG(s) 'example_display_name' retrieved from /Users/ravipal/Desktop/Workspace/airflow_tutorial/py_env/lib/python3.12/site-packages/airflow/example_dags/example_display_name.py
[2024-09-01T00:59:13.135+0530] {logging_mixin.py:190} INFO - [2024-09-01T00:59:13.135+0530] {dag.py:3211} INFO - Sync 1 DAGs
[2024-09-01T00:59:13.139+0530] {logging_mixin.py:190} INFO - [2024-09-01T00:59:13.139+0530] {dag.py:4138} INFO - Setting next_dagrun for example_display_name to None, run_after=None
[2024-09-01T00:59:13.146+0530] {processor.py:208} INFO - Processing /Users/ravipal/Desktop/Workspace/airflow_tutorial/py_env/lib/python3.12/site-packages/airflow/example_dags/example_display_name.py took 0.060 seconds
[2024-09-01T01:01:21.207+0530] {processor.py:186} INFO - Started process (PID=3944) to work on /Users/ravipal/Desktop/Workspace/airflow_tutorial/py_env/lib/python3.12/site-packages/airflow/example_dags/example_display_name.py
[2024-09-01T01:01:21.208+0530] {processor.py:914} INFO - Processing file /Users/ravipal/Desktop/Workspace/airflow_tutorial/py_env/lib/python3.12/site-packages/airflow/example_dags/example_display_name.py for tasks to queue
[2024-09-01T01:01:21.208+0530] {logging_mixin.py:190} INFO - [2024-09-01T01:01:21.208+0530] {dagbag.py:587} INFO - Filling up the DagBag from /Users/ravipal/Desktop/Workspace/airflow_tutorial/py_env/lib/python3.12/site-packages/airflow/example_dags/example_display_name.py
[2024-09-01T01:01:21.223+0530] {processor.py:925} INFO - DAG(s) 'example_display_name' retrieved from /Users/ravipal/Desktop/Workspace/airflow_tutorial/py_env/lib/python3.12/site-packages/airflow/example_dags/example_display_name.py
[2024-09-01T01:01:21.256+0530] {logging_mixin.py:190} INFO - [2024-09-01T01:01:21.256+0530] {dag.py:3211} INFO - Sync 1 DAGs
[2024-09-01T01:01:21.260+0530] {logging_mixin.py:190} INFO - [2024-09-01T01:01:21.260+0530] {dag.py:4138} INFO - Setting next_dagrun for example_display_name to None, run_after=None
[2024-09-01T01:01:21.266+0530] {processor.py:208} INFO - Processing /Users/ravipal/Desktop/Workspace/airflow_tutorial/py_env/lib/python3.12/site-packages/airflow/example_dags/example_display_name.py took 0.061 seconds
[2024-09-01T01:03:25.512+0530] {processor.py:186} INFO - Started process (PID=4076) to work on /Users/ravipal/Desktop/Workspace/airflow_tutorial/py_env/lib/python3.12/site-packages/airflow/example_dags/example_display_name.py
[2024-09-01T01:03:25.512+0530] {processor.py:914} INFO - Processing file /Users/ravipal/Desktop/Workspace/airflow_tutorial/py_env/lib/python3.12/site-packages/airflow/example_dags/example_display_name.py for tasks to queue
[2024-09-01T01:03:25.513+0530] {logging_mixin.py:190} INFO - [2024-09-01T01:03:25.513+0530] {dagbag.py:587} INFO - Filling up the DagBag from /Users/ravipal/Desktop/Workspace/airflow_tutorial/py_env/lib/python3.12/site-packages/airflow/example_dags/example_display_name.py
[2024-09-01T01:03:25.528+0530] {processor.py:925} INFO - DAG(s) 'example_display_name' retrieved from /Users/ravipal/Desktop/Workspace/airflow_tutorial/py_env/lib/python3.12/site-packages/airflow/example_dags/example_display_name.py
[2024-09-01T01:03:25.560+0530] {logging_mixin.py:190} INFO - [2024-09-01T01:03:25.560+0530] {dag.py:3211} INFO - Sync 1 DAGs
[2024-09-01T01:03:25.564+0530] {logging_mixin.py:190} INFO - [2024-09-01T01:03:25.564+0530] {dag.py:4138} INFO - Setting next_dagrun for example_display_name to None, run_after=None
[2024-09-01T01:03:25.571+0530] {processor.py:208} INFO - Processing /Users/ravipal/Desktop/Workspace/airflow_tutorial/py_env/lib/python3.12/site-packages/airflow/example_dags/example_display_name.py took 0.061 seconds
[2024-09-01T01:05:34.022+0530] {processor.py:186} INFO - Started process (PID=4230) to work on /Users/ravipal/Desktop/Workspace/airflow_tutorial/py_env/lib/python3.12/site-packages/airflow/example_dags/example_display_name.py
[2024-09-01T01:05:34.022+0530] {processor.py:914} INFO - Processing file /Users/ravipal/Desktop/Workspace/airflow_tutorial/py_env/lib/python3.12/site-packages/airflow/example_dags/example_display_name.py for tasks to queue
[2024-09-01T01:05:34.022+0530] {logging_mixin.py:190} INFO - [2024-09-01T01:05:34.022+0530] {dagbag.py:587} INFO - Filling up the DagBag from /Users/ravipal/Desktop/Workspace/airflow_tutorial/py_env/lib/python3.12/site-packages/airflow/example_dags/example_display_name.py
[2024-09-01T01:05:34.038+0530] {processor.py:925} INFO - DAG(s) 'example_display_name' retrieved from /Users/ravipal/Desktop/Workspace/airflow_tutorial/py_env/lib/python3.12/site-packages/airflow/example_dags/example_display_name.py
[2024-09-01T01:05:34.072+0530] {logging_mixin.py:190} INFO - [2024-09-01T01:05:34.072+0530] {dag.py:3211} INFO - Sync 1 DAGs
[2024-09-01T01:05:34.077+0530] {logging_mixin.py:190} INFO - [2024-09-01T01:05:34.077+0530] {dag.py:4138} INFO - Setting next_dagrun for example_display_name to None, run_after=None
[2024-09-01T01:05:34.084+0530] {processor.py:208} INFO - Processing /Users/ravipal/Desktop/Workspace/airflow_tutorial/py_env/lib/python3.12/site-packages/airflow/example_dags/example_display_name.py took 0.064 seconds
[2024-09-01T01:07:45.783+0530] {processor.py:186} INFO - Started process (PID=4367) to work on /Users/ravipal/Desktop/Workspace/airflow_tutorial/py_env/lib/python3.12/site-packages/airflow/example_dags/example_display_name.py
[2024-09-01T01:07:45.784+0530] {processor.py:914} INFO - Processing file /Users/ravipal/Desktop/Workspace/airflow_tutorial/py_env/lib/python3.12/site-packages/airflow/example_dags/example_display_name.py for tasks to queue
[2024-09-01T01:07:45.784+0530] {logging_mixin.py:190} INFO - [2024-09-01T01:07:45.784+0530] {dagbag.py:587} INFO - Filling up the DagBag from /Users/ravipal/Desktop/Workspace/airflow_tutorial/py_env/lib/python3.12/site-packages/airflow/example_dags/example_display_name.py
[2024-09-01T01:07:45.799+0530] {processor.py:925} INFO - DAG(s) 'example_display_name' retrieved from /Users/ravipal/Desktop/Workspace/airflow_tutorial/py_env/lib/python3.12/site-packages/airflow/example_dags/example_display_name.py
[2024-09-01T01:07:45.832+0530] {logging_mixin.py:190} INFO - [2024-09-01T01:07:45.832+0530] {dag.py:3211} INFO - Sync 1 DAGs
[2024-09-01T01:07:45.836+0530] {logging_mixin.py:190} INFO - [2024-09-01T01:07:45.836+0530] {dag.py:4138} INFO - Setting next_dagrun for example_display_name to None, run_after=None
[2024-09-01T01:07:45.843+0530] {processor.py:208} INFO - Processing /Users/ravipal/Desktop/Workspace/airflow_tutorial/py_env/lib/python3.12/site-packages/airflow/example_dags/example_display_name.py took 0.061 seconds
[2024-09-01T01:09:55.149+0530] {processor.py:186} INFO - Started process (PID=4497) to work on /Users/ravipal/Desktop/Workspace/airflow_tutorial/py_env/lib/python3.12/site-packages/airflow/example_dags/example_display_name.py
[2024-09-01T01:09:55.150+0530] {processor.py:914} INFO - Processing file /Users/ravipal/Desktop/Workspace/airflow_tutorial/py_env/lib/python3.12/site-packages/airflow/example_dags/example_display_name.py for tasks to queue
[2024-09-01T01:09:55.150+0530] {logging_mixin.py:190} INFO - [2024-09-01T01:09:55.150+0530] {dagbag.py:587} INFO - Filling up the DagBag from /Users/ravipal/Desktop/Workspace/airflow_tutorial/py_env/lib/python3.12/site-packages/airflow/example_dags/example_display_name.py
[2024-09-01T01:09:55.165+0530] {processor.py:925} INFO - DAG(s) 'example_display_name' retrieved from /Users/ravipal/Desktop/Workspace/airflow_tutorial/py_env/lib/python3.12/site-packages/airflow/example_dags/example_display_name.py
[2024-09-01T01:09:55.198+0530] {logging_mixin.py:190} INFO - [2024-09-01T01:09:55.198+0530] {dag.py:3211} INFO - Sync 1 DAGs
[2024-09-01T01:09:55.202+0530] {logging_mixin.py:190} INFO - [2024-09-01T01:09:55.202+0530] {dag.py:4138} INFO - Setting next_dagrun for example_display_name to None, run_after=None
[2024-09-01T01:09:55.209+0530] {processor.py:208} INFO - Processing /Users/ravipal/Desktop/Workspace/airflow_tutorial/py_env/lib/python3.12/site-packages/airflow/example_dags/example_display_name.py took 0.062 seconds
[2024-09-01T01:12:02.088+0530] {processor.py:186} INFO - Started process (PID=4626) to work on /Users/ravipal/Desktop/Workspace/airflow_tutorial/py_env/lib/python3.12/site-packages/airflow/example_dags/example_display_name.py
[2024-09-01T01:12:02.089+0530] {processor.py:914} INFO - Processing file /Users/ravipal/Desktop/Workspace/airflow_tutorial/py_env/lib/python3.12/site-packages/airflow/example_dags/example_display_name.py for tasks to queue
[2024-09-01T01:12:02.089+0530] {logging_mixin.py:190} INFO - [2024-09-01T01:12:02.089+0530] {dagbag.py:587} INFO - Filling up the DagBag from /Users/ravipal/Desktop/Workspace/airflow_tutorial/py_env/lib/python3.12/site-packages/airflow/example_dags/example_display_name.py
[2024-09-01T01:12:02.104+0530] {processor.py:925} INFO - DAG(s) 'example_display_name' retrieved from /Users/ravipal/Desktop/Workspace/airflow_tutorial/py_env/lib/python3.12/site-packages/airflow/example_dags/example_display_name.py
[2024-09-01T01:12:02.137+0530] {logging_mixin.py:190} INFO - [2024-09-01T01:12:02.137+0530] {dag.py:3211} INFO - Sync 1 DAGs
[2024-09-01T01:12:02.141+0530] {logging_mixin.py:190} INFO - [2024-09-01T01:12:02.141+0530] {dag.py:4138} INFO - Setting next_dagrun for example_display_name to None, run_after=None
[2024-09-01T01:12:02.147+0530] {processor.py:208} INFO - Processing /Users/ravipal/Desktop/Workspace/airflow_tutorial/py_env/lib/python3.12/site-packages/airflow/example_dags/example_display_name.py took 0.061 seconds
[2024-09-01T01:14:10.592+0530] {processor.py:186} INFO - Started process (PID=4755) to work on /Users/ravipal/Desktop/Workspace/airflow_tutorial/py_env/lib/python3.12/site-packages/airflow/example_dags/example_display_name.py
[2024-09-01T01:14:10.593+0530] {processor.py:914} INFO - Processing file /Users/ravipal/Desktop/Workspace/airflow_tutorial/py_env/lib/python3.12/site-packages/airflow/example_dags/example_display_name.py for tasks to queue
[2024-09-01T01:14:10.593+0530] {logging_mixin.py:190} INFO - [2024-09-01T01:14:10.593+0530] {dagbag.py:587} INFO - Filling up the DagBag from /Users/ravipal/Desktop/Workspace/airflow_tutorial/py_env/lib/python3.12/site-packages/airflow/example_dags/example_display_name.py
[2024-09-01T01:14:10.608+0530] {processor.py:925} INFO - DAG(s) 'example_display_name' retrieved from /Users/ravipal/Desktop/Workspace/airflow_tutorial/py_env/lib/python3.12/site-packages/airflow/example_dags/example_display_name.py
[2024-09-01T01:14:10.641+0530] {logging_mixin.py:190} INFO - [2024-09-01T01:14:10.641+0530] {dag.py:3211} INFO - Sync 1 DAGs
[2024-09-01T01:14:10.645+0530] {logging_mixin.py:190} INFO - [2024-09-01T01:14:10.645+0530] {dag.py:4138} INFO - Setting next_dagrun for example_display_name to None, run_after=None
[2024-09-01T01:14:10.651+0530] {processor.py:208} INFO - Processing /Users/ravipal/Desktop/Workspace/airflow_tutorial/py_env/lib/python3.12/site-packages/airflow/example_dags/example_display_name.py took 0.061 seconds
[2024-09-01T01:16:20.882+0530] {processor.py:186} INFO - Started process (PID=4886) to work on /Users/ravipal/Desktop/Workspace/airflow_tutorial/py_env/lib/python3.12/site-packages/airflow/example_dags/example_display_name.py
[2024-09-01T01:16:20.882+0530] {processor.py:914} INFO - Processing file /Users/ravipal/Desktop/Workspace/airflow_tutorial/py_env/lib/python3.12/site-packages/airflow/example_dags/example_display_name.py for tasks to queue
[2024-09-01T01:16:20.883+0530] {logging_mixin.py:190} INFO - [2024-09-01T01:16:20.883+0530] {dagbag.py:587} INFO - Filling up the DagBag from /Users/ravipal/Desktop/Workspace/airflow_tutorial/py_env/lib/python3.12/site-packages/airflow/example_dags/example_display_name.py
[2024-09-01T01:16:20.898+0530] {processor.py:925} INFO - DAG(s) 'example_display_name' retrieved from /Users/ravipal/Desktop/Workspace/airflow_tutorial/py_env/lib/python3.12/site-packages/airflow/example_dags/example_display_name.py
[2024-09-01T01:16:20.931+0530] {logging_mixin.py:190} INFO - [2024-09-01T01:16:20.930+0530] {dag.py:3211} INFO - Sync 1 DAGs
[2024-09-01T01:16:20.935+0530] {logging_mixin.py:190} INFO - [2024-09-01T01:16:20.934+0530] {dag.py:4138} INFO - Setting next_dagrun for example_display_name to None, run_after=None
[2024-09-01T01:16:20.941+0530] {processor.py:208} INFO - Processing /Users/ravipal/Desktop/Workspace/airflow_tutorial/py_env/lib/python3.12/site-packages/airflow/example_dags/example_display_name.py took 0.061 seconds
[2024-09-01T01:18:32.468+0530] {processor.py:186} INFO - Started process (PID=5017) to work on /Users/ravipal/Desktop/Workspace/airflow_tutorial/py_env/lib/python3.12/site-packages/airflow/example_dags/example_display_name.py
[2024-09-01T01:18:32.468+0530] {processor.py:914} INFO - Processing file /Users/ravipal/Desktop/Workspace/airflow_tutorial/py_env/lib/python3.12/site-packages/airflow/example_dags/example_display_name.py for tasks to queue
[2024-09-01T01:18:32.469+0530] {logging_mixin.py:190} INFO - [2024-09-01T01:18:32.469+0530] {dagbag.py:587} INFO - Filling up the DagBag from /Users/ravipal/Desktop/Workspace/airflow_tutorial/py_env/lib/python3.12/site-packages/airflow/example_dags/example_display_name.py
[2024-09-01T01:18:32.484+0530] {processor.py:925} INFO - DAG(s) 'example_display_name' retrieved from /Users/ravipal/Desktop/Workspace/airflow_tutorial/py_env/lib/python3.12/site-packages/airflow/example_dags/example_display_name.py
[2024-09-01T01:18:32.517+0530] {logging_mixin.py:190} INFO - [2024-09-01T01:18:32.517+0530] {dag.py:3211} INFO - Sync 1 DAGs
[2024-09-01T01:18:32.521+0530] {logging_mixin.py:190} INFO - [2024-09-01T01:18:32.521+0530] {dag.py:4138} INFO - Setting next_dagrun for example_display_name to None, run_after=None
[2024-09-01T01:18:32.527+0530] {processor.py:208} INFO - Processing /Users/ravipal/Desktop/Workspace/airflow_tutorial/py_env/lib/python3.12/site-packages/airflow/example_dags/example_display_name.py took 0.061 seconds
