[2024-09-01T00:22:49.770+0530] {processor.py:186} INFO - Started process (PID=1409) to work on /Users/ravipal/Desktop/Workspace/airflow_tutorial/py_env/lib/python3.12/site-packages/airflow/example_dags/tutorial_dag.py
[2024-09-01T00:22:49.771+0530] {processor.py:914} INFO - Processing file /Users/ravipal/Desktop/Workspace/airflow_tutorial/py_env/lib/python3.12/site-packages/airflow/example_dags/tutorial_dag.py for tasks to queue
[2024-09-01T00:22:49.771+0530] {logging_mixin.py:190} INFO - [2024-09-01T00:22:49.771+0530] {dagbag.py:587} INFO - Filling up the DagBag from /Users/ravipal/Desktop/Workspace/airflow_tutorial/py_env/lib/python3.12/site-packages/airflow/example_dags/tutorial_dag.py
[2024-09-01T00:22:49.782+0530] {processor.py:925} INFO - DAG(s) 'tutorial_dag' retrieved from /Users/ravipal/Desktop/Workspace/airflow_tutorial/py_env/lib/python3.12/site-packages/airflow/example_dags/tutorial_dag.py
[2024-09-01T00:22:49.845+0530] {logging_mixin.py:190} INFO - [2024-09-01T00:22:49.845+0530] {override.py:1858} INFO - Created Permission View: can edit on DAG:tutorial_dag
[2024-09-01T00:22:49.849+0530] {logging_mixin.py:190} INFO - [2024-09-01T00:22:49.849+0530] {override.py:1858} INFO - Created Permission View: can delete on DAG:tutorial_dag
[2024-09-01T00:22:49.851+0530] {logging_mixin.py:190} INFO - [2024-09-01T00:22:49.851+0530] {override.py:1858} INFO - Created Permission View: can read on DAG:tutorial_dag
[2024-09-01T00:22:49.851+0530] {logging_mixin.py:190} INFO - [2024-09-01T00:22:49.851+0530] {dag.py:3211} INFO - Sync 1 DAGs
[2024-09-01T00:22:49.882+0530] {logging_mixin.py:190} INFO - [2024-09-01T00:22:49.882+0530] {dag.py:3234} INFO - Creating ORM DAG for tutorial_dag
[2024-09-01T00:22:49.882+0530] {logging_mixin.py:190} INFO - [2024-09-01T00:22:49.882+0530] {dag.py:4138} INFO - Setting next_dagrun for tutorial_dag to None, run_after=None
[2024-09-01T00:22:49.888+0530] {processor.py:208} INFO - Processing /Users/ravipal/Desktop/Workspace/airflow_tutorial/py_env/lib/python3.12/site-packages/airflow/example_dags/tutorial_dag.py took 0.120 seconds
[2024-09-01T00:24:30.612+0530] {processor.py:186} INFO - Started process (PID=1517) to work on /Users/ravipal/Desktop/Workspace/airflow_tutorial/py_env/lib/python3.12/site-packages/airflow/example_dags/tutorial_dag.py
[2024-09-01T00:24:30.613+0530] {processor.py:914} INFO - Processing file /Users/ravipal/Desktop/Workspace/airflow_tutorial/py_env/lib/python3.12/site-packages/airflow/example_dags/tutorial_dag.py for tasks to queue
[2024-09-01T00:24:30.613+0530] {logging_mixin.py:190} INFO - [2024-09-01T00:24:30.613+0530] {dagbag.py:587} INFO - Filling up the DagBag from /Users/ravipal/Desktop/Workspace/airflow_tutorial/py_env/lib/python3.12/site-packages/airflow/example_dags/tutorial_dag.py
[2024-09-01T00:24:30.623+0530] {processor.py:925} INFO - DAG(s) 'tutorial_dag' retrieved from /Users/ravipal/Desktop/Workspace/airflow_tutorial/py_env/lib/python3.12/site-packages/airflow/example_dags/tutorial_dag.py
[2024-09-01T00:24:30.656+0530] {logging_mixin.py:190} INFO - [2024-09-01T00:24:30.656+0530] {dag.py:3211} INFO - Sync 1 DAGs
[2024-09-01T00:24:30.660+0530] {logging_mixin.py:190} INFO - [2024-09-01T00:24:30.659+0530] {dag.py:4138} INFO - Setting next_dagrun for tutorial_dag to None, run_after=None
[2024-09-01T00:24:30.667+0530] {processor.py:208} INFO - Processing /Users/ravipal/Desktop/Workspace/airflow_tutorial/py_env/lib/python3.12/site-packages/airflow/example_dags/tutorial_dag.py took 0.056 seconds
[2024-09-01T00:25:37.901+0530] {processor.py:186} INFO - Started process (PID=1585) to work on /Users/ravipal/Desktop/Workspace/airflow_tutorial/py_env/lib/python3.12/site-packages/airflow/example_dags/tutorial_dag.py
[2024-09-01T00:25:37.901+0530] {processor.py:914} INFO - Processing file /Users/ravipal/Desktop/Workspace/airflow_tutorial/py_env/lib/python3.12/site-packages/airflow/example_dags/tutorial_dag.py for tasks to queue
[2024-09-01T00:25:37.902+0530] {logging_mixin.py:190} INFO - [2024-09-01T00:25:37.902+0530] {dagbag.py:587} INFO - Filling up the DagBag from /Users/ravipal/Desktop/Workspace/airflow_tutorial/py_env/lib/python3.12/site-packages/airflow/example_dags/tutorial_dag.py
[2024-09-01T00:25:37.913+0530] {processor.py:925} INFO - DAG(s) 'tutorial_dag' retrieved from /Users/ravipal/Desktop/Workspace/airflow_tutorial/py_env/lib/python3.12/site-packages/airflow/example_dags/tutorial_dag.py
[2024-09-01T00:25:37.947+0530] {logging_mixin.py:190} INFO - [2024-09-01T00:25:37.946+0530] {dag.py:3211} INFO - Sync 1 DAGs
[2024-09-01T00:25:37.950+0530] {logging_mixin.py:190} INFO - [2024-09-01T00:25:37.950+0530] {dag.py:4138} INFO - Setting next_dagrun for tutorial_dag to None, run_after=None
[2024-09-01T00:25:37.957+0530] {processor.py:208} INFO - Processing /Users/ravipal/Desktop/Workspace/airflow_tutorial/py_env/lib/python3.12/site-packages/airflow/example_dags/tutorial_dag.py took 0.058 seconds
[2024-09-01T00:26:44.511+0530] {processor.py:186} INFO - Started process (PID=1654) to work on /Users/ravipal/Desktop/Workspace/airflow_tutorial/py_env/lib/python3.12/site-packages/airflow/example_dags/tutorial_dag.py
[2024-09-01T00:26:44.511+0530] {processor.py:914} INFO - Processing file /Users/ravipal/Desktop/Workspace/airflow_tutorial/py_env/lib/python3.12/site-packages/airflow/example_dags/tutorial_dag.py for tasks to queue
[2024-09-01T00:26:44.512+0530] {logging_mixin.py:190} INFO - [2024-09-01T00:26:44.512+0530] {dagbag.py:587} INFO - Filling up the DagBag from /Users/ravipal/Desktop/Workspace/airflow_tutorial/py_env/lib/python3.12/site-packages/airflow/example_dags/tutorial_dag.py
[2024-09-01T00:26:44.522+0530] {processor.py:925} INFO - DAG(s) 'tutorial_dag' retrieved from /Users/ravipal/Desktop/Workspace/airflow_tutorial/py_env/lib/python3.12/site-packages/airflow/example_dags/tutorial_dag.py
[2024-09-01T00:26:44.555+0530] {logging_mixin.py:190} INFO - [2024-09-01T00:26:44.555+0530] {dag.py:3211} INFO - Sync 1 DAGs
[2024-09-01T00:26:44.558+0530] {logging_mixin.py:190} INFO - [2024-09-01T00:26:44.558+0530] {dag.py:4138} INFO - Setting next_dagrun for tutorial_dag to None, run_after=None
[2024-09-01T00:26:44.565+0530] {processor.py:208} INFO - Processing /Users/ravipal/Desktop/Workspace/airflow_tutorial/py_env/lib/python3.12/site-packages/airflow/example_dags/tutorial_dag.py took 0.056 seconds
[2024-09-01T00:27:56.286+0530] {processor.py:186} INFO - Started process (PID=1914) to work on /Users/ravipal/Desktop/Workspace/airflow_tutorial/py_env/lib/python3.12/site-packages/airflow/example_dags/tutorial_dag.py
[2024-09-01T00:27:56.286+0530] {processor.py:914} INFO - Processing file /Users/ravipal/Desktop/Workspace/airflow_tutorial/py_env/lib/python3.12/site-packages/airflow/example_dags/tutorial_dag.py for tasks to queue
[2024-09-01T00:27:56.287+0530] {logging_mixin.py:190} INFO - [2024-09-01T00:27:56.287+0530] {dagbag.py:587} INFO - Filling up the DagBag from /Users/ravipal/Desktop/Workspace/airflow_tutorial/py_env/lib/python3.12/site-packages/airflow/example_dags/tutorial_dag.py
[2024-09-01T00:27:56.296+0530] {processor.py:925} INFO - DAG(s) 'tutorial_dag' retrieved from /Users/ravipal/Desktop/Workspace/airflow_tutorial/py_env/lib/python3.12/site-packages/airflow/example_dags/tutorial_dag.py
[2024-09-01T00:27:56.329+0530] {logging_mixin.py:190} INFO - [2024-09-01T00:27:56.328+0530] {dag.py:3211} INFO - Sync 1 DAGs
[2024-09-01T00:27:56.332+0530] {logging_mixin.py:190} INFO - [2024-09-01T00:27:56.332+0530] {dag.py:4138} INFO - Setting next_dagrun for tutorial_dag to None, run_after=None
[2024-09-01T00:27:56.339+0530] {processor.py:208} INFO - Processing /Users/ravipal/Desktop/Workspace/airflow_tutorial/py_env/lib/python3.12/site-packages/airflow/example_dags/tutorial_dag.py took 0.055 seconds
[2024-09-01T00:29:04.883+0530] {processor.py:186} INFO - Started process (PID=1982) to work on /Users/ravipal/Desktop/Workspace/airflow_tutorial/py_env/lib/python3.12/site-packages/airflow/example_dags/tutorial_dag.py
[2024-09-01T00:29:04.884+0530] {processor.py:914} INFO - Processing file /Users/ravipal/Desktop/Workspace/airflow_tutorial/py_env/lib/python3.12/site-packages/airflow/example_dags/tutorial_dag.py for tasks to queue
[2024-09-01T00:29:04.884+0530] {logging_mixin.py:190} INFO - [2024-09-01T00:29:04.884+0530] {dagbag.py:587} INFO - Filling up the DagBag from /Users/ravipal/Desktop/Workspace/airflow_tutorial/py_env/lib/python3.12/site-packages/airflow/example_dags/tutorial_dag.py
[2024-09-01T00:29:04.896+0530] {processor.py:925} INFO - DAG(s) 'tutorial_dag' retrieved from /Users/ravipal/Desktop/Workspace/airflow_tutorial/py_env/lib/python3.12/site-packages/airflow/example_dags/tutorial_dag.py
[2024-09-01T00:29:04.932+0530] {logging_mixin.py:190} INFO - [2024-09-01T00:29:04.931+0530] {dag.py:3211} INFO - Sync 1 DAGs
[2024-09-01T00:29:04.935+0530] {logging_mixin.py:190} INFO - [2024-09-01T00:29:04.935+0530] {dag.py:4138} INFO - Setting next_dagrun for tutorial_dag to None, run_after=None
[2024-09-01T00:29:04.942+0530] {processor.py:208} INFO - Processing /Users/ravipal/Desktop/Workspace/airflow_tutorial/py_env/lib/python3.12/site-packages/airflow/example_dags/tutorial_dag.py took 0.061 seconds
[2024-09-01T00:30:06.798+0530] {processor.py:186} INFO - Started process (PID=2048) to work on /Users/ravipal/Desktop/Workspace/airflow_tutorial/py_env/lib/python3.12/site-packages/airflow/example_dags/tutorial_dag.py
[2024-09-01T00:30:06.798+0530] {processor.py:914} INFO - Processing file /Users/ravipal/Desktop/Workspace/airflow_tutorial/py_env/lib/python3.12/site-packages/airflow/example_dags/tutorial_dag.py for tasks to queue
[2024-09-01T00:30:06.798+0530] {logging_mixin.py:190} INFO - [2024-09-01T00:30:06.798+0530] {dagbag.py:587} INFO - Filling up the DagBag from /Users/ravipal/Desktop/Workspace/airflow_tutorial/py_env/lib/python3.12/site-packages/airflow/example_dags/tutorial_dag.py
[2024-09-01T00:30:06.809+0530] {processor.py:925} INFO - DAG(s) 'tutorial_dag' retrieved from /Users/ravipal/Desktop/Workspace/airflow_tutorial/py_env/lib/python3.12/site-packages/airflow/example_dags/tutorial_dag.py
[2024-09-01T00:30:06.842+0530] {logging_mixin.py:190} INFO - [2024-09-01T00:30:06.842+0530] {dag.py:3211} INFO - Sync 1 DAGs
[2024-09-01T00:30:06.846+0530] {logging_mixin.py:190} INFO - [2024-09-01T00:30:06.845+0530] {dag.py:4138} INFO - Setting next_dagrun for tutorial_dag to None, run_after=None
[2024-09-01T00:30:06.853+0530] {processor.py:208} INFO - Processing /Users/ravipal/Desktop/Workspace/airflow_tutorial/py_env/lib/python3.12/site-packages/airflow/example_dags/tutorial_dag.py took 0.057 seconds
[2024-09-01T00:31:12.558+0530] {processor.py:186} INFO - Started process (PID=2113) to work on /Users/ravipal/Desktop/Workspace/airflow_tutorial/py_env/lib/python3.12/site-packages/airflow/example_dags/tutorial_dag.py
[2024-09-01T00:31:12.558+0530] {processor.py:914} INFO - Processing file /Users/ravipal/Desktop/Workspace/airflow_tutorial/py_env/lib/python3.12/site-packages/airflow/example_dags/tutorial_dag.py for tasks to queue
[2024-09-01T00:31:12.559+0530] {logging_mixin.py:190} INFO - [2024-09-01T00:31:12.559+0530] {dagbag.py:587} INFO - Filling up the DagBag from /Users/ravipal/Desktop/Workspace/airflow_tutorial/py_env/lib/python3.12/site-packages/airflow/example_dags/tutorial_dag.py
[2024-09-01T00:31:12.569+0530] {processor.py:925} INFO - DAG(s) 'tutorial_dag' retrieved from /Users/ravipal/Desktop/Workspace/airflow_tutorial/py_env/lib/python3.12/site-packages/airflow/example_dags/tutorial_dag.py
[2024-09-01T00:31:12.602+0530] {logging_mixin.py:190} INFO - [2024-09-01T00:31:12.602+0530] {dag.py:3211} INFO - Sync 1 DAGs
[2024-09-01T00:31:12.606+0530] {logging_mixin.py:190} INFO - [2024-09-01T00:31:12.606+0530] {dag.py:4138} INFO - Setting next_dagrun for tutorial_dag to None, run_after=None
[2024-09-01T00:31:12.613+0530] {processor.py:208} INFO - Processing /Users/ravipal/Desktop/Workspace/airflow_tutorial/py_env/lib/python3.12/site-packages/airflow/example_dags/tutorial_dag.py took 0.057 seconds
[2024-09-01T00:32:18.403+0530] {processor.py:186} INFO - Started process (PID=2180) to work on /Users/ravipal/Desktop/Workspace/airflow_tutorial/py_env/lib/python3.12/site-packages/airflow/example_dags/tutorial_dag.py
[2024-09-01T00:32:18.404+0530] {processor.py:914} INFO - Processing file /Users/ravipal/Desktop/Workspace/airflow_tutorial/py_env/lib/python3.12/site-packages/airflow/example_dags/tutorial_dag.py for tasks to queue
[2024-09-01T00:32:18.404+0530] {logging_mixin.py:190} INFO - [2024-09-01T00:32:18.404+0530] {dagbag.py:587} INFO - Filling up the DagBag from /Users/ravipal/Desktop/Workspace/airflow_tutorial/py_env/lib/python3.12/site-packages/airflow/example_dags/tutorial_dag.py
[2024-09-01T00:32:18.414+0530] {processor.py:925} INFO - DAG(s) 'tutorial_dag' retrieved from /Users/ravipal/Desktop/Workspace/airflow_tutorial/py_env/lib/python3.12/site-packages/airflow/example_dags/tutorial_dag.py
[2024-09-01T00:32:18.448+0530] {logging_mixin.py:190} INFO - [2024-09-01T00:32:18.448+0530] {dag.py:3211} INFO - Sync 1 DAGs
[2024-09-01T00:32:18.452+0530] {logging_mixin.py:190} INFO - [2024-09-01T00:32:18.451+0530] {dag.py:4138} INFO - Setting next_dagrun for tutorial_dag to None, run_after=None
[2024-09-01T00:32:18.459+0530] {processor.py:208} INFO - Processing /Users/ravipal/Desktop/Workspace/airflow_tutorial/py_env/lib/python3.12/site-packages/airflow/example_dags/tutorial_dag.py took 0.057 seconds
[2024-09-01T00:33:26.573+0530] {processor.py:186} INFO - Started process (PID=2246) to work on /Users/ravipal/Desktop/Workspace/airflow_tutorial/py_env/lib/python3.12/site-packages/airflow/example_dags/tutorial_dag.py
[2024-09-01T00:33:26.573+0530] {processor.py:914} INFO - Processing file /Users/ravipal/Desktop/Workspace/airflow_tutorial/py_env/lib/python3.12/site-packages/airflow/example_dags/tutorial_dag.py for tasks to queue
[2024-09-01T00:33:26.574+0530] {logging_mixin.py:190} INFO - [2024-09-01T00:33:26.574+0530] {dagbag.py:587} INFO - Filling up the DagBag from /Users/ravipal/Desktop/Workspace/airflow_tutorial/py_env/lib/python3.12/site-packages/airflow/example_dags/tutorial_dag.py
[2024-09-01T00:33:26.584+0530] {processor.py:925} INFO - DAG(s) 'tutorial_dag' retrieved from /Users/ravipal/Desktop/Workspace/airflow_tutorial/py_env/lib/python3.12/site-packages/airflow/example_dags/tutorial_dag.py
[2024-09-01T00:33:26.618+0530] {logging_mixin.py:190} INFO - [2024-09-01T00:33:26.618+0530] {dag.py:3211} INFO - Sync 1 DAGs
[2024-09-01T00:33:26.621+0530] {logging_mixin.py:190} INFO - [2024-09-01T00:33:26.621+0530] {dag.py:4138} INFO - Setting next_dagrun for tutorial_dag to None, run_after=None
[2024-09-01T00:33:26.628+0530] {processor.py:208} INFO - Processing /Users/ravipal/Desktop/Workspace/airflow_tutorial/py_env/lib/python3.12/site-packages/airflow/example_dags/tutorial_dag.py took 0.057 seconds
[2024-09-01T00:34:35.176+0530] {processor.py:186} INFO - Started process (PID=2312) to work on /Users/ravipal/Desktop/Workspace/airflow_tutorial/py_env/lib/python3.12/site-packages/airflow/example_dags/tutorial_dag.py
[2024-09-01T00:34:35.176+0530] {processor.py:914} INFO - Processing file /Users/ravipal/Desktop/Workspace/airflow_tutorial/py_env/lib/python3.12/site-packages/airflow/example_dags/tutorial_dag.py for tasks to queue
[2024-09-01T00:34:35.176+0530] {logging_mixin.py:190} INFO - [2024-09-01T00:34:35.176+0530] {dagbag.py:587} INFO - Filling up the DagBag from /Users/ravipal/Desktop/Workspace/airflow_tutorial/py_env/lib/python3.12/site-packages/airflow/example_dags/tutorial_dag.py
[2024-09-01T00:34:35.186+0530] {processor.py:925} INFO - DAG(s) 'tutorial_dag' retrieved from /Users/ravipal/Desktop/Workspace/airflow_tutorial/py_env/lib/python3.12/site-packages/airflow/example_dags/tutorial_dag.py
[2024-09-01T00:34:35.219+0530] {logging_mixin.py:190} INFO - [2024-09-01T00:34:35.219+0530] {dag.py:3211} INFO - Sync 1 DAGs
[2024-09-01T00:34:35.222+0530] {logging_mixin.py:190} INFO - [2024-09-01T00:34:35.222+0530] {dag.py:4138} INFO - Setting next_dagrun for tutorial_dag to None, run_after=None
[2024-09-01T00:34:35.229+0530] {processor.py:208} INFO - Processing /Users/ravipal/Desktop/Workspace/airflow_tutorial/py_env/lib/python3.12/site-packages/airflow/example_dags/tutorial_dag.py took 0.055 seconds
[2024-09-01T00:35:40.418+0530] {processor.py:186} INFO - Started process (PID=2381) to work on /Users/ravipal/Desktop/Workspace/airflow_tutorial/py_env/lib/python3.12/site-packages/airflow/example_dags/tutorial_dag.py
[2024-09-01T00:35:40.418+0530] {processor.py:914} INFO - Processing file /Users/ravipal/Desktop/Workspace/airflow_tutorial/py_env/lib/python3.12/site-packages/airflow/example_dags/tutorial_dag.py for tasks to queue
[2024-09-01T00:35:40.418+0530] {logging_mixin.py:190} INFO - [2024-09-01T00:35:40.418+0530] {dagbag.py:587} INFO - Filling up the DagBag from /Users/ravipal/Desktop/Workspace/airflow_tutorial/py_env/lib/python3.12/site-packages/airflow/example_dags/tutorial_dag.py
[2024-09-01T00:35:40.429+0530] {processor.py:925} INFO - DAG(s) 'tutorial_dag' retrieved from /Users/ravipal/Desktop/Workspace/airflow_tutorial/py_env/lib/python3.12/site-packages/airflow/example_dags/tutorial_dag.py
[2024-09-01T00:35:40.467+0530] {logging_mixin.py:190} INFO - [2024-09-01T00:35:40.467+0530] {dag.py:3211} INFO - Sync 1 DAGs
[2024-09-01T00:35:40.471+0530] {logging_mixin.py:190} INFO - [2024-09-01T00:35:40.471+0530] {dag.py:4138} INFO - Setting next_dagrun for tutorial_dag to None, run_after=None
[2024-09-01T00:35:40.478+0530] {processor.py:208} INFO - Processing /Users/ravipal/Desktop/Workspace/airflow_tutorial/py_env/lib/python3.12/site-packages/airflow/example_dags/tutorial_dag.py took 0.062 seconds
[2024-09-01T00:36:50.400+0530] {processor.py:186} INFO - Started process (PID=2449) to work on /Users/ravipal/Desktop/Workspace/airflow_tutorial/py_env/lib/python3.12/site-packages/airflow/example_dags/tutorial_dag.py
[2024-09-01T00:36:50.401+0530] {processor.py:914} INFO - Processing file /Users/ravipal/Desktop/Workspace/airflow_tutorial/py_env/lib/python3.12/site-packages/airflow/example_dags/tutorial_dag.py for tasks to queue
[2024-09-01T00:36:50.401+0530] {logging_mixin.py:190} INFO - [2024-09-01T00:36:50.401+0530] {dagbag.py:587} INFO - Filling up the DagBag from /Users/ravipal/Desktop/Workspace/airflow_tutorial/py_env/lib/python3.12/site-packages/airflow/example_dags/tutorial_dag.py
[2024-09-01T00:36:50.411+0530] {processor.py:925} INFO - DAG(s) 'tutorial_dag' retrieved from /Users/ravipal/Desktop/Workspace/airflow_tutorial/py_env/lib/python3.12/site-packages/airflow/example_dags/tutorial_dag.py
[2024-09-01T00:36:50.445+0530] {logging_mixin.py:190} INFO - [2024-09-01T00:36:50.444+0530] {dag.py:3211} INFO - Sync 1 DAGs
[2024-09-01T00:36:50.448+0530] {logging_mixin.py:190} INFO - [2024-09-01T00:36:50.448+0530] {dag.py:4138} INFO - Setting next_dagrun for tutorial_dag to None, run_after=None
[2024-09-01T00:36:50.455+0530] {processor.py:208} INFO - Processing /Users/ravipal/Desktop/Workspace/airflow_tutorial/py_env/lib/python3.12/site-packages/airflow/example_dags/tutorial_dag.py took 0.057 seconds
[2024-09-01T00:37:55.446+0530] {processor.py:186} INFO - Started process (PID=2514) to work on /Users/ravipal/Desktop/Workspace/airflow_tutorial/py_env/lib/python3.12/site-packages/airflow/example_dags/tutorial_dag.py
[2024-09-01T00:37:55.447+0530] {processor.py:914} INFO - Processing file /Users/ravipal/Desktop/Workspace/airflow_tutorial/py_env/lib/python3.12/site-packages/airflow/example_dags/tutorial_dag.py for tasks to queue
[2024-09-01T00:37:55.447+0530] {logging_mixin.py:190} INFO - [2024-09-01T00:37:55.447+0530] {dagbag.py:587} INFO - Filling up the DagBag from /Users/ravipal/Desktop/Workspace/airflow_tutorial/py_env/lib/python3.12/site-packages/airflow/example_dags/tutorial_dag.py
[2024-09-01T00:37:55.457+0530] {processor.py:925} INFO - DAG(s) 'tutorial_dag' retrieved from /Users/ravipal/Desktop/Workspace/airflow_tutorial/py_env/lib/python3.12/site-packages/airflow/example_dags/tutorial_dag.py
[2024-09-01T00:37:55.491+0530] {logging_mixin.py:190} INFO - [2024-09-01T00:37:55.490+0530] {dag.py:3211} INFO - Sync 1 DAGs
[2024-09-01T00:37:55.494+0530] {logging_mixin.py:190} INFO - [2024-09-01T00:37:55.494+0530] {dag.py:4138} INFO - Setting next_dagrun for tutorial_dag to None, run_after=None
[2024-09-01T00:37:55.501+0530] {processor.py:208} INFO - Processing /Users/ravipal/Desktop/Workspace/airflow_tutorial/py_env/lib/python3.12/site-packages/airflow/example_dags/tutorial_dag.py took 0.057 seconds
[2024-09-01T00:38:57.327+0530] {processor.py:186} INFO - Started process (PID=2580) to work on /Users/ravipal/Desktop/Workspace/airflow_tutorial/py_env/lib/python3.12/site-packages/airflow/example_dags/tutorial_dag.py
[2024-09-01T00:38:57.327+0530] {processor.py:914} INFO - Processing file /Users/ravipal/Desktop/Workspace/airflow_tutorial/py_env/lib/python3.12/site-packages/airflow/example_dags/tutorial_dag.py for tasks to queue
[2024-09-01T00:38:57.328+0530] {logging_mixin.py:190} INFO - [2024-09-01T00:38:57.328+0530] {dagbag.py:587} INFO - Filling up the DagBag from /Users/ravipal/Desktop/Workspace/airflow_tutorial/py_env/lib/python3.12/site-packages/airflow/example_dags/tutorial_dag.py
[2024-09-01T00:38:57.338+0530] {processor.py:925} INFO - DAG(s) 'tutorial_dag' retrieved from /Users/ravipal/Desktop/Workspace/airflow_tutorial/py_env/lib/python3.12/site-packages/airflow/example_dags/tutorial_dag.py
[2024-09-01T00:38:57.372+0530] {logging_mixin.py:190} INFO - [2024-09-01T00:38:57.372+0530] {dag.py:3211} INFO - Sync 1 DAGs
[2024-09-01T00:38:57.375+0530] {logging_mixin.py:190} INFO - [2024-09-01T00:38:57.375+0530] {dag.py:4138} INFO - Setting next_dagrun for tutorial_dag to None, run_after=None
[2024-09-01T00:38:57.382+0530] {processor.py:208} INFO - Processing /Users/ravipal/Desktop/Workspace/airflow_tutorial/py_env/lib/python3.12/site-packages/airflow/example_dags/tutorial_dag.py took 0.057 seconds
[2024-09-01T00:39:59.869+0530] {processor.py:186} INFO - Started process (PID=2641) to work on /Users/ravipal/Desktop/Workspace/airflow_tutorial/py_env/lib/python3.12/site-packages/airflow/example_dags/tutorial_dag.py
[2024-09-01T00:39:59.869+0530] {processor.py:914} INFO - Processing file /Users/ravipal/Desktop/Workspace/airflow_tutorial/py_env/lib/python3.12/site-packages/airflow/example_dags/tutorial_dag.py for tasks to queue
[2024-09-01T00:39:59.869+0530] {logging_mixin.py:190} INFO - [2024-09-01T00:39:59.869+0530] {dagbag.py:587} INFO - Filling up the DagBag from /Users/ravipal/Desktop/Workspace/airflow_tutorial/py_env/lib/python3.12/site-packages/airflow/example_dags/tutorial_dag.py
[2024-09-01T00:39:59.880+0530] {processor.py:925} INFO - DAG(s) 'tutorial_dag' retrieved from /Users/ravipal/Desktop/Workspace/airflow_tutorial/py_env/lib/python3.12/site-packages/airflow/example_dags/tutorial_dag.py
[2024-09-01T00:39:59.913+0530] {logging_mixin.py:190} INFO - [2024-09-01T00:39:59.913+0530] {dag.py:3211} INFO - Sync 1 DAGs
[2024-09-01T00:39:59.917+0530] {logging_mixin.py:190} INFO - [2024-09-01T00:39:59.916+0530] {dag.py:4138} INFO - Setting next_dagrun for tutorial_dag to None, run_after=None
[2024-09-01T00:39:59.924+0530] {processor.py:208} INFO - Processing /Users/ravipal/Desktop/Workspace/airflow_tutorial/py_env/lib/python3.12/site-packages/airflow/example_dags/tutorial_dag.py took 0.057 seconds
[2024-09-01T00:41:07.439+0530] {processor.py:186} INFO - Started process (PID=2708) to work on /Users/ravipal/Desktop/Workspace/airflow_tutorial/py_env/lib/python3.12/site-packages/airflow/example_dags/tutorial_dag.py
[2024-09-01T00:41:07.439+0530] {processor.py:914} INFO - Processing file /Users/ravipal/Desktop/Workspace/airflow_tutorial/py_env/lib/python3.12/site-packages/airflow/example_dags/tutorial_dag.py for tasks to queue
[2024-09-01T00:41:07.440+0530] {logging_mixin.py:190} INFO - [2024-09-01T00:41:07.439+0530] {dagbag.py:587} INFO - Filling up the DagBag from /Users/ravipal/Desktop/Workspace/airflow_tutorial/py_env/lib/python3.12/site-packages/airflow/example_dags/tutorial_dag.py
[2024-09-01T00:41:07.450+0530] {processor.py:925} INFO - DAG(s) 'tutorial_dag' retrieved from /Users/ravipal/Desktop/Workspace/airflow_tutorial/py_env/lib/python3.12/site-packages/airflow/example_dags/tutorial_dag.py
[2024-09-01T00:41:07.483+0530] {logging_mixin.py:190} INFO - [2024-09-01T00:41:07.483+0530] {dag.py:3211} INFO - Sync 1 DAGs
[2024-09-01T00:41:07.487+0530] {logging_mixin.py:190} INFO - [2024-09-01T00:41:07.487+0530] {dag.py:4138} INFO - Setting next_dagrun for tutorial_dag to None, run_after=None
[2024-09-01T00:41:07.494+0530] {processor.py:208} INFO - Processing /Users/ravipal/Desktop/Workspace/airflow_tutorial/py_env/lib/python3.12/site-packages/airflow/example_dags/tutorial_dag.py took 0.057 seconds
[2024-09-01T00:42:14.010+0530] {processor.py:186} INFO - Started process (PID=2774) to work on /Users/ravipal/Desktop/Workspace/airflow_tutorial/py_env/lib/python3.12/site-packages/airflow/example_dags/tutorial_dag.py
[2024-09-01T00:42:14.011+0530] {processor.py:914} INFO - Processing file /Users/ravipal/Desktop/Workspace/airflow_tutorial/py_env/lib/python3.12/site-packages/airflow/example_dags/tutorial_dag.py for tasks to queue
[2024-09-01T00:42:14.011+0530] {logging_mixin.py:190} INFO - [2024-09-01T00:42:14.011+0530] {dagbag.py:587} INFO - Filling up the DagBag from /Users/ravipal/Desktop/Workspace/airflow_tutorial/py_env/lib/python3.12/site-packages/airflow/example_dags/tutorial_dag.py
[2024-09-01T00:42:14.022+0530] {processor.py:925} INFO - DAG(s) 'tutorial_dag' retrieved from /Users/ravipal/Desktop/Workspace/airflow_tutorial/py_env/lib/python3.12/site-packages/airflow/example_dags/tutorial_dag.py
[2024-09-01T00:42:14.056+0530] {logging_mixin.py:190} INFO - [2024-09-01T00:42:14.055+0530] {dag.py:3211} INFO - Sync 1 DAGs
[2024-09-01T00:42:14.059+0530] {logging_mixin.py:190} INFO - [2024-09-01T00:42:14.059+0530] {dag.py:4138} INFO - Setting next_dagrun for tutorial_dag to None, run_after=None
[2024-09-01T00:42:14.066+0530] {processor.py:208} INFO - Processing /Users/ravipal/Desktop/Workspace/airflow_tutorial/py_env/lib/python3.12/site-packages/airflow/example_dags/tutorial_dag.py took 0.058 seconds
[2024-09-01T00:43:19.757+0530] {processor.py:186} INFO - Started process (PID=2838) to work on /Users/ravipal/Desktop/Workspace/airflow_tutorial/py_env/lib/python3.12/site-packages/airflow/example_dags/tutorial_dag.py
[2024-09-01T00:43:19.758+0530] {processor.py:914} INFO - Processing file /Users/ravipal/Desktop/Workspace/airflow_tutorial/py_env/lib/python3.12/site-packages/airflow/example_dags/tutorial_dag.py for tasks to queue
[2024-09-01T00:43:19.758+0530] {logging_mixin.py:190} INFO - [2024-09-01T00:43:19.758+0530] {dagbag.py:587} INFO - Filling up the DagBag from /Users/ravipal/Desktop/Workspace/airflow_tutorial/py_env/lib/python3.12/site-packages/airflow/example_dags/tutorial_dag.py
[2024-09-01T00:43:19.768+0530] {processor.py:925} INFO - DAG(s) 'tutorial_dag' retrieved from /Users/ravipal/Desktop/Workspace/airflow_tutorial/py_env/lib/python3.12/site-packages/airflow/example_dags/tutorial_dag.py
[2024-09-01T00:43:19.801+0530] {logging_mixin.py:190} INFO - [2024-09-01T00:43:19.801+0530] {dag.py:3211} INFO - Sync 1 DAGs
[2024-09-01T00:43:19.805+0530] {logging_mixin.py:190} INFO - [2024-09-01T00:43:19.805+0530] {dag.py:4138} INFO - Setting next_dagrun for tutorial_dag to None, run_after=None
[2024-09-01T00:43:19.812+0530] {processor.py:208} INFO - Processing /Users/ravipal/Desktop/Workspace/airflow_tutorial/py_env/lib/python3.12/site-packages/airflow/example_dags/tutorial_dag.py took 0.057 seconds
[2024-09-01T00:44:28.084+0530] {processor.py:186} INFO - Started process (PID=2906) to work on /Users/ravipal/Desktop/Workspace/airflow_tutorial/py_env/lib/python3.12/site-packages/airflow/example_dags/tutorial_dag.py
[2024-09-01T00:44:28.084+0530] {processor.py:914} INFO - Processing file /Users/ravipal/Desktop/Workspace/airflow_tutorial/py_env/lib/python3.12/site-packages/airflow/example_dags/tutorial_dag.py for tasks to queue
[2024-09-01T00:44:28.085+0530] {logging_mixin.py:190} INFO - [2024-09-01T00:44:28.085+0530] {dagbag.py:587} INFO - Filling up the DagBag from /Users/ravipal/Desktop/Workspace/airflow_tutorial/py_env/lib/python3.12/site-packages/airflow/example_dags/tutorial_dag.py
[2024-09-01T00:44:28.095+0530] {processor.py:925} INFO - DAG(s) 'tutorial_dag' retrieved from /Users/ravipal/Desktop/Workspace/airflow_tutorial/py_env/lib/python3.12/site-packages/airflow/example_dags/tutorial_dag.py
[2024-09-01T00:44:28.129+0530] {logging_mixin.py:190} INFO - [2024-09-01T00:44:28.129+0530] {dag.py:3211} INFO - Sync 1 DAGs
[2024-09-01T00:44:28.133+0530] {logging_mixin.py:190} INFO - [2024-09-01T00:44:28.133+0530] {dag.py:4138} INFO - Setting next_dagrun for tutorial_dag to None, run_after=None
[2024-09-01T00:44:28.140+0530] {processor.py:208} INFO - Processing /Users/ravipal/Desktop/Workspace/airflow_tutorial/py_env/lib/python3.12/site-packages/airflow/example_dags/tutorial_dag.py took 0.058 seconds
[2024-09-01T00:45:36.685+0530] {processor.py:186} INFO - Started process (PID=2975) to work on /Users/ravipal/Desktop/Workspace/airflow_tutorial/py_env/lib/python3.12/site-packages/airflow/example_dags/tutorial_dag.py
[2024-09-01T00:45:36.686+0530] {processor.py:914} INFO - Processing file /Users/ravipal/Desktop/Workspace/airflow_tutorial/py_env/lib/python3.12/site-packages/airflow/example_dags/tutorial_dag.py for tasks to queue
[2024-09-01T00:45:36.686+0530] {logging_mixin.py:190} INFO - [2024-09-01T00:45:36.686+0530] {dagbag.py:587} INFO - Filling up the DagBag from /Users/ravipal/Desktop/Workspace/airflow_tutorial/py_env/lib/python3.12/site-packages/airflow/example_dags/tutorial_dag.py
[2024-09-01T00:45:36.697+0530] {processor.py:925} INFO - DAG(s) 'tutorial_dag' retrieved from /Users/ravipal/Desktop/Workspace/airflow_tutorial/py_env/lib/python3.12/site-packages/airflow/example_dags/tutorial_dag.py
[2024-09-01T00:45:36.730+0530] {logging_mixin.py:190} INFO - [2024-09-01T00:45:36.730+0530] {dag.py:3211} INFO - Sync 1 DAGs
[2024-09-01T00:45:36.734+0530] {logging_mixin.py:190} INFO - [2024-09-01T00:45:36.734+0530] {dag.py:4138} INFO - Setting next_dagrun for tutorial_dag to None, run_after=None
[2024-09-01T00:45:36.741+0530] {processor.py:208} INFO - Processing /Users/ravipal/Desktop/Workspace/airflow_tutorial/py_env/lib/python3.12/site-packages/airflow/example_dags/tutorial_dag.py took 0.058 seconds
[2024-09-01T00:46:42.907+0530] {processor.py:186} INFO - Started process (PID=3040) to work on /Users/ravipal/Desktop/Workspace/airflow_tutorial/py_env/lib/python3.12/site-packages/airflow/example_dags/tutorial_dag.py
[2024-09-01T00:46:42.907+0530] {processor.py:914} INFO - Processing file /Users/ravipal/Desktop/Workspace/airflow_tutorial/py_env/lib/python3.12/site-packages/airflow/example_dags/tutorial_dag.py for tasks to queue
[2024-09-01T00:46:42.908+0530] {logging_mixin.py:190} INFO - [2024-09-01T00:46:42.908+0530] {dagbag.py:587} INFO - Filling up the DagBag from /Users/ravipal/Desktop/Workspace/airflow_tutorial/py_env/lib/python3.12/site-packages/airflow/example_dags/tutorial_dag.py
[2024-09-01T00:46:42.918+0530] {processor.py:925} INFO - DAG(s) 'tutorial_dag' retrieved from /Users/ravipal/Desktop/Workspace/airflow_tutorial/py_env/lib/python3.12/site-packages/airflow/example_dags/tutorial_dag.py
[2024-09-01T00:46:42.951+0530] {logging_mixin.py:190} INFO - [2024-09-01T00:46:42.951+0530] {dag.py:3211} INFO - Sync 1 DAGs
[2024-09-01T00:46:42.955+0530] {logging_mixin.py:190} INFO - [2024-09-01T00:46:42.955+0530] {dag.py:4138} INFO - Setting next_dagrun for tutorial_dag to None, run_after=None
[2024-09-01T00:46:42.962+0530] {processor.py:208} INFO - Processing /Users/ravipal/Desktop/Workspace/airflow_tutorial/py_env/lib/python3.12/site-packages/airflow/example_dags/tutorial_dag.py took 0.057 seconds
[2024-09-01T00:47:47.897+0530] {processor.py:186} INFO - Started process (PID=3105) to work on /Users/ravipal/Desktop/Workspace/airflow_tutorial/py_env/lib/python3.12/site-packages/airflow/example_dags/tutorial_dag.py
[2024-09-01T00:47:47.897+0530] {processor.py:914} INFO - Processing file /Users/ravipal/Desktop/Workspace/airflow_tutorial/py_env/lib/python3.12/site-packages/airflow/example_dags/tutorial_dag.py for tasks to queue
[2024-09-01T00:47:47.898+0530] {logging_mixin.py:190} INFO - [2024-09-01T00:47:47.898+0530] {dagbag.py:587} INFO - Filling up the DagBag from /Users/ravipal/Desktop/Workspace/airflow_tutorial/py_env/lib/python3.12/site-packages/airflow/example_dags/tutorial_dag.py
[2024-09-01T00:47:47.908+0530] {processor.py:925} INFO - DAG(s) 'tutorial_dag' retrieved from /Users/ravipal/Desktop/Workspace/airflow_tutorial/py_env/lib/python3.12/site-packages/airflow/example_dags/tutorial_dag.py
[2024-09-01T00:47:47.942+0530] {logging_mixin.py:190} INFO - [2024-09-01T00:47:47.942+0530] {dag.py:3211} INFO - Sync 1 DAGs
[2024-09-01T00:47:47.945+0530] {logging_mixin.py:190} INFO - [2024-09-01T00:47:47.945+0530] {dag.py:4138} INFO - Setting next_dagrun for tutorial_dag to None, run_after=None
[2024-09-01T00:47:47.952+0530] {processor.py:208} INFO - Processing /Users/ravipal/Desktop/Workspace/airflow_tutorial/py_env/lib/python3.12/site-packages/airflow/example_dags/tutorial_dag.py took 0.057 seconds
[2024-09-01T00:48:49.637+0530] {processor.py:186} INFO - Started process (PID=3168) to work on /Users/ravipal/Desktop/Workspace/airflow_tutorial/py_env/lib/python3.12/site-packages/airflow/example_dags/tutorial_dag.py
[2024-09-01T00:48:49.637+0530] {processor.py:914} INFO - Processing file /Users/ravipal/Desktop/Workspace/airflow_tutorial/py_env/lib/python3.12/site-packages/airflow/example_dags/tutorial_dag.py for tasks to queue
[2024-09-01T00:48:49.638+0530] {logging_mixin.py:190} INFO - [2024-09-01T00:48:49.638+0530] {dagbag.py:587} INFO - Filling up the DagBag from /Users/ravipal/Desktop/Workspace/airflow_tutorial/py_env/lib/python3.12/site-packages/airflow/example_dags/tutorial_dag.py
[2024-09-01T00:48:49.649+0530] {processor.py:925} INFO - DAG(s) 'tutorial_dag' retrieved from /Users/ravipal/Desktop/Workspace/airflow_tutorial/py_env/lib/python3.12/site-packages/airflow/example_dags/tutorial_dag.py
[2024-09-01T00:48:49.685+0530] {logging_mixin.py:190} INFO - [2024-09-01T00:48:49.685+0530] {dag.py:3211} INFO - Sync 1 DAGs
[2024-09-01T00:48:49.689+0530] {logging_mixin.py:190} INFO - [2024-09-01T00:48:49.689+0530] {dag.py:4138} INFO - Setting next_dagrun for tutorial_dag to None, run_after=None
[2024-09-01T00:48:49.698+0530] {processor.py:208} INFO - Processing /Users/ravipal/Desktop/Workspace/airflow_tutorial/py_env/lib/python3.12/site-packages/airflow/example_dags/tutorial_dag.py took 0.063 seconds
[2024-09-01T00:49:53.653+0530] {processor.py:186} INFO - Started process (PID=3244) to work on /Users/ravipal/Desktop/Workspace/airflow_tutorial/py_env/lib/python3.12/site-packages/airflow/example_dags/tutorial_dag.py
[2024-09-01T00:49:53.654+0530] {processor.py:914} INFO - Processing file /Users/ravipal/Desktop/Workspace/airflow_tutorial/py_env/lib/python3.12/site-packages/airflow/example_dags/tutorial_dag.py for tasks to queue
[2024-09-01T00:49:53.654+0530] {logging_mixin.py:190} INFO - [2024-09-01T00:49:53.654+0530] {dagbag.py:587} INFO - Filling up the DagBag from /Users/ravipal/Desktop/Workspace/airflow_tutorial/py_env/lib/python3.12/site-packages/airflow/example_dags/tutorial_dag.py
[2024-09-01T00:49:53.666+0530] {processor.py:925} INFO - DAG(s) 'tutorial_dag' retrieved from /Users/ravipal/Desktop/Workspace/airflow_tutorial/py_env/lib/python3.12/site-packages/airflow/example_dags/tutorial_dag.py
[2024-09-01T00:49:53.701+0530] {logging_mixin.py:190} INFO - [2024-09-01T00:49:53.701+0530] {dag.py:3211} INFO - Sync 1 DAGs
[2024-09-01T00:49:53.705+0530] {logging_mixin.py:190} INFO - [2024-09-01T00:49:53.705+0530] {dag.py:4138} INFO - Setting next_dagrun for tutorial_dag to None, run_after=None
[2024-09-01T00:49:53.712+0530] {processor.py:208} INFO - Processing /Users/ravipal/Desktop/Workspace/airflow_tutorial/py_env/lib/python3.12/site-packages/airflow/example_dags/tutorial_dag.py took 0.061 seconds
[2024-09-01T00:51:04.092+0530] {processor.py:186} INFO - Started process (PID=3328) to work on /Users/ravipal/Desktop/Workspace/airflow_tutorial/py_env/lib/python3.12/site-packages/airflow/example_dags/tutorial_dag.py
[2024-09-01T00:51:04.093+0530] {processor.py:914} INFO - Processing file /Users/ravipal/Desktop/Workspace/airflow_tutorial/py_env/lib/python3.12/site-packages/airflow/example_dags/tutorial_dag.py for tasks to queue
[2024-09-01T00:51:04.093+0530] {logging_mixin.py:190} INFO - [2024-09-01T00:51:04.093+0530] {dagbag.py:587} INFO - Filling up the DagBag from /Users/ravipal/Desktop/Workspace/airflow_tutorial/py_env/lib/python3.12/site-packages/airflow/example_dags/tutorial_dag.py
[2024-09-01T00:51:04.104+0530] {processor.py:925} INFO - DAG(s) 'tutorial_dag' retrieved from /Users/ravipal/Desktop/Workspace/airflow_tutorial/py_env/lib/python3.12/site-packages/airflow/example_dags/tutorial_dag.py
[2024-09-01T00:51:04.138+0530] {logging_mixin.py:190} INFO - [2024-09-01T00:51:04.138+0530] {dag.py:3211} INFO - Sync 1 DAGs
[2024-09-01T00:51:04.141+0530] {logging_mixin.py:190} INFO - [2024-09-01T00:51:04.141+0530] {dag.py:4138} INFO - Setting next_dagrun for tutorial_dag to None, run_after=None
[2024-09-01T00:51:04.148+0530] {processor.py:208} INFO - Processing /Users/ravipal/Desktop/Workspace/airflow_tutorial/py_env/lib/python3.12/site-packages/airflow/example_dags/tutorial_dag.py took 0.058 seconds
[2024-09-01T00:52:10.790+0530] {processor.py:186} INFO - Started process (PID=3394) to work on /Users/ravipal/Desktop/Workspace/airflow_tutorial/py_env/lib/python3.12/site-packages/airflow/example_dags/tutorial_dag.py
[2024-09-01T00:52:10.790+0530] {processor.py:914} INFO - Processing file /Users/ravipal/Desktop/Workspace/airflow_tutorial/py_env/lib/python3.12/site-packages/airflow/example_dags/tutorial_dag.py for tasks to queue
[2024-09-01T00:52:10.791+0530] {logging_mixin.py:190} INFO - [2024-09-01T00:52:10.790+0530] {dagbag.py:587} INFO - Filling up the DagBag from /Users/ravipal/Desktop/Workspace/airflow_tutorial/py_env/lib/python3.12/site-packages/airflow/example_dags/tutorial_dag.py
[2024-09-01T00:52:10.801+0530] {processor.py:925} INFO - DAG(s) 'tutorial_dag' retrieved from /Users/ravipal/Desktop/Workspace/airflow_tutorial/py_env/lib/python3.12/site-packages/airflow/example_dags/tutorial_dag.py
[2024-09-01T00:52:10.834+0530] {logging_mixin.py:190} INFO - [2024-09-01T00:52:10.834+0530] {dag.py:3211} INFO - Sync 1 DAGs
[2024-09-01T00:52:10.838+0530] {logging_mixin.py:190} INFO - [2024-09-01T00:52:10.838+0530] {dag.py:4138} INFO - Setting next_dagrun for tutorial_dag to None, run_after=None
[2024-09-01T00:52:10.845+0530] {processor.py:208} INFO - Processing /Users/ravipal/Desktop/Workspace/airflow_tutorial/py_env/lib/python3.12/site-packages/airflow/example_dags/tutorial_dag.py took 0.057 seconds
[2024-09-01T00:53:16.827+0530] {processor.py:186} INFO - Started process (PID=3462) to work on /Users/ravipal/Desktop/Workspace/airflow_tutorial/py_env/lib/python3.12/site-packages/airflow/example_dags/tutorial_dag.py
[2024-09-01T00:53:16.827+0530] {processor.py:914} INFO - Processing file /Users/ravipal/Desktop/Workspace/airflow_tutorial/py_env/lib/python3.12/site-packages/airflow/example_dags/tutorial_dag.py for tasks to queue
[2024-09-01T00:53:16.827+0530] {logging_mixin.py:190} INFO - [2024-09-01T00:53:16.827+0530] {dagbag.py:587} INFO - Filling up the DagBag from /Users/ravipal/Desktop/Workspace/airflow_tutorial/py_env/lib/python3.12/site-packages/airflow/example_dags/tutorial_dag.py
[2024-09-01T00:53:16.838+0530] {processor.py:925} INFO - DAG(s) 'tutorial_dag' retrieved from /Users/ravipal/Desktop/Workspace/airflow_tutorial/py_env/lib/python3.12/site-packages/airflow/example_dags/tutorial_dag.py
[2024-09-01T00:53:16.870+0530] {logging_mixin.py:190} INFO - [2024-09-01T00:53:16.870+0530] {dag.py:3211} INFO - Sync 1 DAGs
[2024-09-01T00:53:16.874+0530] {logging_mixin.py:190} INFO - [2024-09-01T00:53:16.873+0530] {dag.py:4138} INFO - Setting next_dagrun for tutorial_dag to None, run_after=None
[2024-09-01T00:53:16.881+0530] {processor.py:208} INFO - Processing /Users/ravipal/Desktop/Workspace/airflow_tutorial/py_env/lib/python3.12/site-packages/airflow/example_dags/tutorial_dag.py took 0.056 seconds
[2024-09-01T00:54:22.163+0530] {processor.py:186} INFO - Started process (PID=3527) to work on /Users/ravipal/Desktop/Workspace/airflow_tutorial/py_env/lib/python3.12/site-packages/airflow/example_dags/tutorial_dag.py
[2024-09-01T00:54:22.163+0530] {processor.py:914} INFO - Processing file /Users/ravipal/Desktop/Workspace/airflow_tutorial/py_env/lib/python3.12/site-packages/airflow/example_dags/tutorial_dag.py for tasks to queue
[2024-09-01T00:54:22.164+0530] {logging_mixin.py:190} INFO - [2024-09-01T00:54:22.164+0530] {dagbag.py:587} INFO - Filling up the DagBag from /Users/ravipal/Desktop/Workspace/airflow_tutorial/py_env/lib/python3.12/site-packages/airflow/example_dags/tutorial_dag.py
[2024-09-01T00:54:22.174+0530] {processor.py:925} INFO - DAG(s) 'tutorial_dag' retrieved from /Users/ravipal/Desktop/Workspace/airflow_tutorial/py_env/lib/python3.12/site-packages/airflow/example_dags/tutorial_dag.py
[2024-09-01T00:54:22.208+0530] {logging_mixin.py:190} INFO - [2024-09-01T00:54:22.207+0530] {dag.py:3211} INFO - Sync 1 DAGs
[2024-09-01T00:54:22.211+0530] {logging_mixin.py:190} INFO - [2024-09-01T00:54:22.211+0530] {dag.py:4138} INFO - Setting next_dagrun for tutorial_dag to None, run_after=None
[2024-09-01T00:54:22.218+0530] {processor.py:208} INFO - Processing /Users/ravipal/Desktop/Workspace/airflow_tutorial/py_env/lib/python3.12/site-packages/airflow/example_dags/tutorial_dag.py took 0.057 seconds
[2024-09-01T00:55:28.722+0530] {processor.py:186} INFO - Started process (PID=3594) to work on /Users/ravipal/Desktop/Workspace/airflow_tutorial/py_env/lib/python3.12/site-packages/airflow/example_dags/tutorial_dag.py
[2024-09-01T00:55:28.722+0530] {processor.py:914} INFO - Processing file /Users/ravipal/Desktop/Workspace/airflow_tutorial/py_env/lib/python3.12/site-packages/airflow/example_dags/tutorial_dag.py for tasks to queue
[2024-09-01T00:55:28.722+0530] {logging_mixin.py:190} INFO - [2024-09-01T00:55:28.722+0530] {dagbag.py:587} INFO - Filling up the DagBag from /Users/ravipal/Desktop/Workspace/airflow_tutorial/py_env/lib/python3.12/site-packages/airflow/example_dags/tutorial_dag.py
[2024-09-01T00:55:28.733+0530] {processor.py:925} INFO - DAG(s) 'tutorial_dag' retrieved from /Users/ravipal/Desktop/Workspace/airflow_tutorial/py_env/lib/python3.12/site-packages/airflow/example_dags/tutorial_dag.py
[2024-09-01T00:55:28.766+0530] {logging_mixin.py:190} INFO - [2024-09-01T00:55:28.765+0530] {dag.py:3211} INFO - Sync 1 DAGs
[2024-09-01T00:55:28.769+0530] {logging_mixin.py:190} INFO - [2024-09-01T00:55:28.769+0530] {dag.py:4138} INFO - Setting next_dagrun for tutorial_dag to None, run_after=None
[2024-09-01T00:55:28.776+0530] {processor.py:208} INFO - Processing /Users/ravipal/Desktop/Workspace/airflow_tutorial/py_env/lib/python3.12/site-packages/airflow/example_dags/tutorial_dag.py took 0.056 seconds
[2024-09-01T00:56:33.988+0530] {processor.py:186} INFO - Started process (PID=3657) to work on /Users/ravipal/Desktop/Workspace/airflow_tutorial/py_env/lib/python3.12/site-packages/airflow/example_dags/tutorial_dag.py
[2024-09-01T00:56:33.988+0530] {processor.py:914} INFO - Processing file /Users/ravipal/Desktop/Workspace/airflow_tutorial/py_env/lib/python3.12/site-packages/airflow/example_dags/tutorial_dag.py for tasks to queue
[2024-09-01T00:56:33.988+0530] {logging_mixin.py:190} INFO - [2024-09-01T00:56:33.988+0530] {dagbag.py:587} INFO - Filling up the DagBag from /Users/ravipal/Desktop/Workspace/airflow_tutorial/py_env/lib/python3.12/site-packages/airflow/example_dags/tutorial_dag.py
[2024-09-01T00:56:33.999+0530] {processor.py:925} INFO - DAG(s) 'tutorial_dag' retrieved from /Users/ravipal/Desktop/Workspace/airflow_tutorial/py_env/lib/python3.12/site-packages/airflow/example_dags/tutorial_dag.py
[2024-09-01T00:56:34.033+0530] {logging_mixin.py:190} INFO - [2024-09-01T00:56:34.033+0530] {dag.py:3211} INFO - Sync 1 DAGs
[2024-09-01T00:56:34.037+0530] {logging_mixin.py:190} INFO - [2024-09-01T00:56:34.036+0530] {dag.py:4138} INFO - Setting next_dagrun for tutorial_dag to None, run_after=None
[2024-09-01T00:56:34.044+0530] {processor.py:208} INFO - Processing /Users/ravipal/Desktop/Workspace/airflow_tutorial/py_env/lib/python3.12/site-packages/airflow/example_dags/tutorial_dag.py took 0.059 seconds
[2024-09-01T00:57:38.937+0530] {processor.py:186} INFO - Started process (PID=3722) to work on /Users/ravipal/Desktop/Workspace/airflow_tutorial/py_env/lib/python3.12/site-packages/airflow/example_dags/tutorial_dag.py
[2024-09-01T00:57:38.937+0530] {processor.py:914} INFO - Processing file /Users/ravipal/Desktop/Workspace/airflow_tutorial/py_env/lib/python3.12/site-packages/airflow/example_dags/tutorial_dag.py for tasks to queue
[2024-09-01T00:57:38.938+0530] {logging_mixin.py:190} INFO - [2024-09-01T00:57:38.938+0530] {dagbag.py:587} INFO - Filling up the DagBag from /Users/ravipal/Desktop/Workspace/airflow_tutorial/py_env/lib/python3.12/site-packages/airflow/example_dags/tutorial_dag.py
[2024-09-01T00:57:38.948+0530] {processor.py:925} INFO - DAG(s) 'tutorial_dag' retrieved from /Users/ravipal/Desktop/Workspace/airflow_tutorial/py_env/lib/python3.12/site-packages/airflow/example_dags/tutorial_dag.py
[2024-09-01T00:57:38.982+0530] {logging_mixin.py:190} INFO - [2024-09-01T00:57:38.982+0530] {dag.py:3211} INFO - Sync 1 DAGs
[2024-09-01T00:57:38.985+0530] {logging_mixin.py:190} INFO - [2024-09-01T00:57:38.985+0530] {dag.py:4138} INFO - Setting next_dagrun for tutorial_dag to None, run_after=None
[2024-09-01T00:57:38.992+0530] {processor.py:208} INFO - Processing /Users/ravipal/Desktop/Workspace/airflow_tutorial/py_env/lib/python3.12/site-packages/airflow/example_dags/tutorial_dag.py took 0.057 seconds
[2024-09-01T00:58:44.988+0530] {processor.py:186} INFO - Started process (PID=3788) to work on /Users/ravipal/Desktop/Workspace/airflow_tutorial/py_env/lib/python3.12/site-packages/airflow/example_dags/tutorial_dag.py
[2024-09-01T00:58:44.988+0530] {processor.py:914} INFO - Processing file /Users/ravipal/Desktop/Workspace/airflow_tutorial/py_env/lib/python3.12/site-packages/airflow/example_dags/tutorial_dag.py for tasks to queue
[2024-09-01T00:58:44.989+0530] {logging_mixin.py:190} INFO - [2024-09-01T00:58:44.989+0530] {dagbag.py:587} INFO - Filling up the DagBag from /Users/ravipal/Desktop/Workspace/airflow_tutorial/py_env/lib/python3.12/site-packages/airflow/example_dags/tutorial_dag.py
[2024-09-01T00:58:44.999+0530] {processor.py:925} INFO - DAG(s) 'tutorial_dag' retrieved from /Users/ravipal/Desktop/Workspace/airflow_tutorial/py_env/lib/python3.12/site-packages/airflow/example_dags/tutorial_dag.py
[2024-09-01T00:58:45.033+0530] {logging_mixin.py:190} INFO - [2024-09-01T00:58:45.033+0530] {dag.py:3211} INFO - Sync 1 DAGs
[2024-09-01T00:58:45.037+0530] {logging_mixin.py:190} INFO - [2024-09-01T00:58:45.037+0530] {dag.py:4138} INFO - Setting next_dagrun for tutorial_dag to None, run_after=None
[2024-09-01T00:58:45.044+0530] {processor.py:208} INFO - Processing /Users/ravipal/Desktop/Workspace/airflow_tutorial/py_env/lib/python3.12/site-packages/airflow/example_dags/tutorial_dag.py took 0.058 seconds
[2024-09-01T00:59:51.117+0530] {processor.py:186} INFO - Started process (PID=3853) to work on /Users/ravipal/Desktop/Workspace/airflow_tutorial/py_env/lib/python3.12/site-packages/airflow/example_dags/tutorial_dag.py
[2024-09-01T00:59:51.118+0530] {processor.py:914} INFO - Processing file /Users/ravipal/Desktop/Workspace/airflow_tutorial/py_env/lib/python3.12/site-packages/airflow/example_dags/tutorial_dag.py for tasks to queue
[2024-09-01T00:59:51.118+0530] {logging_mixin.py:190} INFO - [2024-09-01T00:59:51.118+0530] {dagbag.py:587} INFO - Filling up the DagBag from /Users/ravipal/Desktop/Workspace/airflow_tutorial/py_env/lib/python3.12/site-packages/airflow/example_dags/tutorial_dag.py
[2024-09-01T00:59:51.129+0530] {processor.py:925} INFO - DAG(s) 'tutorial_dag' retrieved from /Users/ravipal/Desktop/Workspace/airflow_tutorial/py_env/lib/python3.12/site-packages/airflow/example_dags/tutorial_dag.py
[2024-09-01T00:59:51.162+0530] {logging_mixin.py:190} INFO - [2024-09-01T00:59:51.161+0530] {dag.py:3211} INFO - Sync 1 DAGs
[2024-09-01T00:59:51.165+0530] {logging_mixin.py:190} INFO - [2024-09-01T00:59:51.165+0530] {dag.py:4138} INFO - Setting next_dagrun for tutorial_dag to None, run_after=None
[2024-09-01T00:59:51.172+0530] {processor.py:208} INFO - Processing /Users/ravipal/Desktop/Workspace/airflow_tutorial/py_env/lib/python3.12/site-packages/airflow/example_dags/tutorial_dag.py took 0.057 seconds
[2024-09-01T01:00:54.017+0530] {processor.py:186} INFO - Started process (PID=3918) to work on /Users/ravipal/Desktop/Workspace/airflow_tutorial/py_env/lib/python3.12/site-packages/airflow/example_dags/tutorial_dag.py
[2024-09-01T01:00:54.017+0530] {processor.py:914} INFO - Processing file /Users/ravipal/Desktop/Workspace/airflow_tutorial/py_env/lib/python3.12/site-packages/airflow/example_dags/tutorial_dag.py for tasks to queue
[2024-09-01T01:00:54.018+0530] {logging_mixin.py:190} INFO - [2024-09-01T01:00:54.018+0530] {dagbag.py:587} INFO - Filling up the DagBag from /Users/ravipal/Desktop/Workspace/airflow_tutorial/py_env/lib/python3.12/site-packages/airflow/example_dags/tutorial_dag.py
[2024-09-01T01:00:54.028+0530] {processor.py:925} INFO - DAG(s) 'tutorial_dag' retrieved from /Users/ravipal/Desktop/Workspace/airflow_tutorial/py_env/lib/python3.12/site-packages/airflow/example_dags/tutorial_dag.py
[2024-09-01T01:00:54.061+0530] {logging_mixin.py:190} INFO - [2024-09-01T01:00:54.061+0530] {dag.py:3211} INFO - Sync 1 DAGs
[2024-09-01T01:00:54.065+0530] {logging_mixin.py:190} INFO - [2024-09-01T01:00:54.065+0530] {dag.py:4138} INFO - Setting next_dagrun for tutorial_dag to None, run_after=None
[2024-09-01T01:00:54.072+0530] {processor.py:208} INFO - Processing /Users/ravipal/Desktop/Workspace/airflow_tutorial/py_env/lib/python3.12/site-packages/airflow/example_dags/tutorial_dag.py took 0.057 seconds
[2024-09-01T01:01:56.899+0530] {processor.py:186} INFO - Started process (PID=3980) to work on /Users/ravipal/Desktop/Workspace/airflow_tutorial/py_env/lib/python3.12/site-packages/airflow/example_dags/tutorial_dag.py
[2024-09-01T01:01:56.899+0530] {processor.py:914} INFO - Processing file /Users/ravipal/Desktop/Workspace/airflow_tutorial/py_env/lib/python3.12/site-packages/airflow/example_dags/tutorial_dag.py for tasks to queue
[2024-09-01T01:01:56.899+0530] {logging_mixin.py:190} INFO - [2024-09-01T01:01:56.899+0530] {dagbag.py:587} INFO - Filling up the DagBag from /Users/ravipal/Desktop/Workspace/airflow_tutorial/py_env/lib/python3.12/site-packages/airflow/example_dags/tutorial_dag.py
[2024-09-01T01:01:56.909+0530] {processor.py:925} INFO - DAG(s) 'tutorial_dag' retrieved from /Users/ravipal/Desktop/Workspace/airflow_tutorial/py_env/lib/python3.12/site-packages/airflow/example_dags/tutorial_dag.py
[2024-09-01T01:01:56.940+0530] {logging_mixin.py:190} INFO - [2024-09-01T01:01:56.940+0530] {dag.py:3211} INFO - Sync 1 DAGs
[2024-09-01T01:01:56.944+0530] {logging_mixin.py:190} INFO - [2024-09-01T01:01:56.944+0530] {dag.py:4138} INFO - Setting next_dagrun for tutorial_dag to None, run_after=None
[2024-09-01T01:01:56.951+0530] {processor.py:208} INFO - Processing /Users/ravipal/Desktop/Workspace/airflow_tutorial/py_env/lib/python3.12/site-packages/airflow/example_dags/tutorial_dag.py took 0.054 seconds
[2024-09-01T01:02:59.553+0530] {processor.py:186} INFO - Started process (PID=4046) to work on /Users/ravipal/Desktop/Workspace/airflow_tutorial/py_env/lib/python3.12/site-packages/airflow/example_dags/tutorial_dag.py
[2024-09-01T01:02:59.553+0530] {processor.py:914} INFO - Processing file /Users/ravipal/Desktop/Workspace/airflow_tutorial/py_env/lib/python3.12/site-packages/airflow/example_dags/tutorial_dag.py for tasks to queue
[2024-09-01T01:02:59.554+0530] {logging_mixin.py:190} INFO - [2024-09-01T01:02:59.554+0530] {dagbag.py:587} INFO - Filling up the DagBag from /Users/ravipal/Desktop/Workspace/airflow_tutorial/py_env/lib/python3.12/site-packages/airflow/example_dags/tutorial_dag.py
[2024-09-01T01:02:59.564+0530] {processor.py:925} INFO - DAG(s) 'tutorial_dag' retrieved from /Users/ravipal/Desktop/Workspace/airflow_tutorial/py_env/lib/python3.12/site-packages/airflow/example_dags/tutorial_dag.py
[2024-09-01T01:02:59.597+0530] {logging_mixin.py:190} INFO - [2024-09-01T01:02:59.597+0530] {dag.py:3211} INFO - Sync 1 DAGs
[2024-09-01T01:02:59.601+0530] {logging_mixin.py:190} INFO - [2024-09-01T01:02:59.601+0530] {dag.py:4138} INFO - Setting next_dagrun for tutorial_dag to None, run_after=None
[2024-09-01T01:02:59.607+0530] {processor.py:208} INFO - Processing /Users/ravipal/Desktop/Workspace/airflow_tutorial/py_env/lib/python3.12/site-packages/airflow/example_dags/tutorial_dag.py took 0.056 seconds
[2024-09-01T01:04:03.155+0530] {processor.py:186} INFO - Started process (PID=4116) to work on /Users/ravipal/Desktop/Workspace/airflow_tutorial/py_env/lib/python3.12/site-packages/airflow/example_dags/tutorial_dag.py
[2024-09-01T01:04:03.156+0530] {processor.py:914} INFO - Processing file /Users/ravipal/Desktop/Workspace/airflow_tutorial/py_env/lib/python3.12/site-packages/airflow/example_dags/tutorial_dag.py for tasks to queue
[2024-09-01T01:04:03.156+0530] {logging_mixin.py:190} INFO - [2024-09-01T01:04:03.156+0530] {dagbag.py:587} INFO - Filling up the DagBag from /Users/ravipal/Desktop/Workspace/airflow_tutorial/py_env/lib/python3.12/site-packages/airflow/example_dags/tutorial_dag.py
[2024-09-01T01:04:03.167+0530] {processor.py:925} INFO - DAG(s) 'tutorial_dag' retrieved from /Users/ravipal/Desktop/Workspace/airflow_tutorial/py_env/lib/python3.12/site-packages/airflow/example_dags/tutorial_dag.py
[2024-09-01T01:04:03.200+0530] {logging_mixin.py:190} INFO - [2024-09-01T01:04:03.200+0530] {dag.py:3211} INFO - Sync 1 DAGs
[2024-09-01T01:04:03.204+0530] {logging_mixin.py:190} INFO - [2024-09-01T01:04:03.204+0530] {dag.py:4138} INFO - Setting next_dagrun for tutorial_dag to None, run_after=None
[2024-09-01T01:04:03.211+0530] {processor.py:208} INFO - Processing /Users/ravipal/Desktop/Workspace/airflow_tutorial/py_env/lib/python3.12/site-packages/airflow/example_dags/tutorial_dag.py took 0.058 seconds
[2024-09-01T01:05:08.695+0530] {processor.py:186} INFO - Started process (PID=4196) to work on /Users/ravipal/Desktop/Workspace/airflow_tutorial/py_env/lib/python3.12/site-packages/airflow/example_dags/tutorial_dag.py
[2024-09-01T01:05:08.696+0530] {processor.py:914} INFO - Processing file /Users/ravipal/Desktop/Workspace/airflow_tutorial/py_env/lib/python3.12/site-packages/airflow/example_dags/tutorial_dag.py for tasks to queue
[2024-09-01T01:05:08.696+0530] {logging_mixin.py:190} INFO - [2024-09-01T01:05:08.696+0530] {dagbag.py:587} INFO - Filling up the DagBag from /Users/ravipal/Desktop/Workspace/airflow_tutorial/py_env/lib/python3.12/site-packages/airflow/example_dags/tutorial_dag.py
[2024-09-01T01:05:08.707+0530] {processor.py:925} INFO - DAG(s) 'tutorial_dag' retrieved from /Users/ravipal/Desktop/Workspace/airflow_tutorial/py_env/lib/python3.12/site-packages/airflow/example_dags/tutorial_dag.py
[2024-09-01T01:05:08.742+0530] {logging_mixin.py:190} INFO - [2024-09-01T01:05:08.741+0530] {dag.py:3211} INFO - Sync 1 DAGs
[2024-09-01T01:05:08.746+0530] {logging_mixin.py:190} INFO - [2024-09-01T01:05:08.745+0530] {dag.py:4138} INFO - Setting next_dagrun for tutorial_dag to None, run_after=None
[2024-09-01T01:05:08.753+0530] {processor.py:208} INFO - Processing /Users/ravipal/Desktop/Workspace/airflow_tutorial/py_env/lib/python3.12/site-packages/airflow/example_dags/tutorial_dag.py took 0.059 seconds
[2024-09-01T01:06:10.895+0530] {processor.py:186} INFO - Started process (PID=4270) to work on /Users/ravipal/Desktop/Workspace/airflow_tutorial/py_env/lib/python3.12/site-packages/airflow/example_dags/tutorial_dag.py
[2024-09-01T01:06:10.896+0530] {processor.py:914} INFO - Processing file /Users/ravipal/Desktop/Workspace/airflow_tutorial/py_env/lib/python3.12/site-packages/airflow/example_dags/tutorial_dag.py for tasks to queue
[2024-09-01T01:06:10.896+0530] {logging_mixin.py:190} INFO - [2024-09-01T01:06:10.896+0530] {dagbag.py:587} INFO - Filling up the DagBag from /Users/ravipal/Desktop/Workspace/airflow_tutorial/py_env/lib/python3.12/site-packages/airflow/example_dags/tutorial_dag.py
[2024-09-01T01:06:10.907+0530] {processor.py:925} INFO - DAG(s) 'tutorial_dag' retrieved from /Users/ravipal/Desktop/Workspace/airflow_tutorial/py_env/lib/python3.12/site-packages/airflow/example_dags/tutorial_dag.py
[2024-09-01T01:06:10.941+0530] {logging_mixin.py:190} INFO - [2024-09-01T01:06:10.941+0530] {dag.py:3211} INFO - Sync 1 DAGs
[2024-09-01T01:06:10.945+0530] {logging_mixin.py:190} INFO - [2024-09-01T01:06:10.945+0530] {dag.py:4138} INFO - Setting next_dagrun for tutorial_dag to None, run_after=None
[2024-09-01T01:06:10.952+0530] {processor.py:208} INFO - Processing /Users/ravipal/Desktop/Workspace/airflow_tutorial/py_env/lib/python3.12/site-packages/airflow/example_dags/tutorial_dag.py took 0.059 seconds
[2024-09-01T01:07:18.004+0530] {processor.py:186} INFO - Started process (PID=4341) to work on /Users/ravipal/Desktop/Workspace/airflow_tutorial/py_env/lib/python3.12/site-packages/airflow/example_dags/tutorial_dag.py
[2024-09-01T01:07:18.005+0530] {processor.py:914} INFO - Processing file /Users/ravipal/Desktop/Workspace/airflow_tutorial/py_env/lib/python3.12/site-packages/airflow/example_dags/tutorial_dag.py for tasks to queue
[2024-09-01T01:07:18.005+0530] {logging_mixin.py:190} INFO - [2024-09-01T01:07:18.005+0530] {dagbag.py:587} INFO - Filling up the DagBag from /Users/ravipal/Desktop/Workspace/airflow_tutorial/py_env/lib/python3.12/site-packages/airflow/example_dags/tutorial_dag.py
[2024-09-01T01:07:18.016+0530] {processor.py:925} INFO - DAG(s) 'tutorial_dag' retrieved from /Users/ravipal/Desktop/Workspace/airflow_tutorial/py_env/lib/python3.12/site-packages/airflow/example_dags/tutorial_dag.py
[2024-09-01T01:07:18.048+0530] {logging_mixin.py:190} INFO - [2024-09-01T01:07:18.048+0530] {dag.py:3211} INFO - Sync 1 DAGs
[2024-09-01T01:07:18.052+0530] {logging_mixin.py:190} INFO - [2024-09-01T01:07:18.052+0530] {dag.py:4138} INFO - Setting next_dagrun for tutorial_dag to None, run_after=None
[2024-09-01T01:07:18.059+0530] {processor.py:208} INFO - Processing /Users/ravipal/Desktop/Workspace/airflow_tutorial/py_env/lib/python3.12/site-packages/airflow/example_dags/tutorial_dag.py took 0.057 seconds
[2024-09-01T01:08:24.374+0530] {processor.py:186} INFO - Started process (PID=4407) to work on /Users/ravipal/Desktop/Workspace/airflow_tutorial/py_env/lib/python3.12/site-packages/airflow/example_dags/tutorial_dag.py
[2024-09-01T01:08:24.374+0530] {processor.py:914} INFO - Processing file /Users/ravipal/Desktop/Workspace/airflow_tutorial/py_env/lib/python3.12/site-packages/airflow/example_dags/tutorial_dag.py for tasks to queue
[2024-09-01T01:08:24.374+0530] {logging_mixin.py:190} INFO - [2024-09-01T01:08:24.374+0530] {dagbag.py:587} INFO - Filling up the DagBag from /Users/ravipal/Desktop/Workspace/airflow_tutorial/py_env/lib/python3.12/site-packages/airflow/example_dags/tutorial_dag.py
[2024-09-01T01:08:24.385+0530] {processor.py:925} INFO - DAG(s) 'tutorial_dag' retrieved from /Users/ravipal/Desktop/Workspace/airflow_tutorial/py_env/lib/python3.12/site-packages/airflow/example_dags/tutorial_dag.py
[2024-09-01T01:08:24.418+0530] {logging_mixin.py:190} INFO - [2024-09-01T01:08:24.418+0530] {dag.py:3211} INFO - Sync 1 DAGs
[2024-09-01T01:08:24.422+0530] {logging_mixin.py:190} INFO - [2024-09-01T01:08:24.422+0530] {dag.py:4138} INFO - Setting next_dagrun for tutorial_dag to None, run_after=None
[2024-09-01T01:08:24.428+0530] {processor.py:208} INFO - Processing /Users/ravipal/Desktop/Workspace/airflow_tutorial/py_env/lib/python3.12/site-packages/airflow/example_dags/tutorial_dag.py took 0.057 seconds
[2024-09-01T01:09:29.160+0530] {processor.py:186} INFO - Started process (PID=4472) to work on /Users/ravipal/Desktop/Workspace/airflow_tutorial/py_env/lib/python3.12/site-packages/airflow/example_dags/tutorial_dag.py
[2024-09-01T01:09:29.160+0530] {processor.py:914} INFO - Processing file /Users/ravipal/Desktop/Workspace/airflow_tutorial/py_env/lib/python3.12/site-packages/airflow/example_dags/tutorial_dag.py for tasks to queue
[2024-09-01T01:09:29.160+0530] {logging_mixin.py:190} INFO - [2024-09-01T01:09:29.160+0530] {dagbag.py:587} INFO - Filling up the DagBag from /Users/ravipal/Desktop/Workspace/airflow_tutorial/py_env/lib/python3.12/site-packages/airflow/example_dags/tutorial_dag.py
[2024-09-01T01:09:29.171+0530] {processor.py:925} INFO - DAG(s) 'tutorial_dag' retrieved from /Users/ravipal/Desktop/Workspace/airflow_tutorial/py_env/lib/python3.12/site-packages/airflow/example_dags/tutorial_dag.py
[2024-09-01T01:09:29.205+0530] {logging_mixin.py:190} INFO - [2024-09-01T01:09:29.204+0530] {dag.py:3211} INFO - Sync 1 DAGs
[2024-09-01T01:09:29.208+0530] {logging_mixin.py:190} INFO - [2024-09-01T01:09:29.208+0530] {dag.py:4138} INFO - Setting next_dagrun for tutorial_dag to None, run_after=None
[2024-09-01T01:09:29.215+0530] {processor.py:208} INFO - Processing /Users/ravipal/Desktop/Workspace/airflow_tutorial/py_env/lib/python3.12/site-packages/airflow/example_dags/tutorial_dag.py took 0.058 seconds
[2024-09-01T01:10:30.447+0530] {processor.py:186} INFO - Started process (PID=4534) to work on /Users/ravipal/Desktop/Workspace/airflow_tutorial/py_env/lib/python3.12/site-packages/airflow/example_dags/tutorial_dag.py
[2024-09-01T01:10:30.447+0530] {processor.py:914} INFO - Processing file /Users/ravipal/Desktop/Workspace/airflow_tutorial/py_env/lib/python3.12/site-packages/airflow/example_dags/tutorial_dag.py for tasks to queue
[2024-09-01T01:10:30.447+0530] {logging_mixin.py:190} INFO - [2024-09-01T01:10:30.447+0530] {dagbag.py:587} INFO - Filling up the DagBag from /Users/ravipal/Desktop/Workspace/airflow_tutorial/py_env/lib/python3.12/site-packages/airflow/example_dags/tutorial_dag.py
[2024-09-01T01:10:30.458+0530] {processor.py:925} INFO - DAG(s) 'tutorial_dag' retrieved from /Users/ravipal/Desktop/Workspace/airflow_tutorial/py_env/lib/python3.12/site-packages/airflow/example_dags/tutorial_dag.py
[2024-09-01T01:10:30.491+0530] {logging_mixin.py:190} INFO - [2024-09-01T01:10:30.491+0530] {dag.py:3211} INFO - Sync 1 DAGs
[2024-09-01T01:10:30.495+0530] {logging_mixin.py:190} INFO - [2024-09-01T01:10:30.495+0530] {dag.py:4138} INFO - Setting next_dagrun for tutorial_dag to None, run_after=None
[2024-09-01T01:10:30.502+0530] {processor.py:208} INFO - Processing /Users/ravipal/Desktop/Workspace/airflow_tutorial/py_env/lib/python3.12/site-packages/airflow/example_dags/tutorial_dag.py took 0.057 seconds
[2024-09-01T01:11:33.951+0530] {processor.py:186} INFO - Started process (PID=4598) to work on /Users/ravipal/Desktop/Workspace/airflow_tutorial/py_env/lib/python3.12/site-packages/airflow/example_dags/tutorial_dag.py
[2024-09-01T01:11:33.951+0530] {processor.py:914} INFO - Processing file /Users/ravipal/Desktop/Workspace/airflow_tutorial/py_env/lib/python3.12/site-packages/airflow/example_dags/tutorial_dag.py for tasks to queue
[2024-09-01T01:11:33.952+0530] {logging_mixin.py:190} INFO - [2024-09-01T01:11:33.952+0530] {dagbag.py:587} INFO - Filling up the DagBag from /Users/ravipal/Desktop/Workspace/airflow_tutorial/py_env/lib/python3.12/site-packages/airflow/example_dags/tutorial_dag.py
[2024-09-01T01:11:33.962+0530] {processor.py:925} INFO - DAG(s) 'tutorial_dag' retrieved from /Users/ravipal/Desktop/Workspace/airflow_tutorial/py_env/lib/python3.12/site-packages/airflow/example_dags/tutorial_dag.py
[2024-09-01T01:11:33.996+0530] {logging_mixin.py:190} INFO - [2024-09-01T01:11:33.996+0530] {dag.py:3211} INFO - Sync 1 DAGs
[2024-09-01T01:11:33.999+0530] {logging_mixin.py:190} INFO - [2024-09-01T01:11:33.999+0530] {dag.py:4138} INFO - Setting next_dagrun for tutorial_dag to None, run_after=None
[2024-09-01T01:11:34.006+0530] {processor.py:208} INFO - Processing /Users/ravipal/Desktop/Workspace/airflow_tutorial/py_env/lib/python3.12/site-packages/airflow/example_dags/tutorial_dag.py took 0.058 seconds
[2024-09-01T01:12:37.593+0530] {processor.py:186} INFO - Started process (PID=4662) to work on /Users/ravipal/Desktop/Workspace/airflow_tutorial/py_env/lib/python3.12/site-packages/airflow/example_dags/tutorial_dag.py
[2024-09-01T01:12:37.594+0530] {processor.py:914} INFO - Processing file /Users/ravipal/Desktop/Workspace/airflow_tutorial/py_env/lib/python3.12/site-packages/airflow/example_dags/tutorial_dag.py for tasks to queue
[2024-09-01T01:12:37.594+0530] {logging_mixin.py:190} INFO - [2024-09-01T01:12:37.594+0530] {dagbag.py:587} INFO - Filling up the DagBag from /Users/ravipal/Desktop/Workspace/airflow_tutorial/py_env/lib/python3.12/site-packages/airflow/example_dags/tutorial_dag.py
[2024-09-01T01:12:37.605+0530] {processor.py:925} INFO - DAG(s) 'tutorial_dag' retrieved from /Users/ravipal/Desktop/Workspace/airflow_tutorial/py_env/lib/python3.12/site-packages/airflow/example_dags/tutorial_dag.py
[2024-09-01T01:12:37.638+0530] {logging_mixin.py:190} INFO - [2024-09-01T01:12:37.638+0530] {dag.py:3211} INFO - Sync 1 DAGs
[2024-09-01T01:12:37.642+0530] {logging_mixin.py:190} INFO - [2024-09-01T01:12:37.642+0530] {dag.py:4138} INFO - Setting next_dagrun for tutorial_dag to None, run_after=None
[2024-09-01T01:12:37.649+0530] {processor.py:208} INFO - Processing /Users/ravipal/Desktop/Workspace/airflow_tutorial/py_env/lib/python3.12/site-packages/airflow/example_dags/tutorial_dag.py took 0.058 seconds
[2024-09-01T01:13:39.905+0530] {processor.py:186} INFO - Started process (PID=4725) to work on /Users/ravipal/Desktop/Workspace/airflow_tutorial/py_env/lib/python3.12/site-packages/airflow/example_dags/tutorial_dag.py
[2024-09-01T01:13:39.905+0530] {processor.py:914} INFO - Processing file /Users/ravipal/Desktop/Workspace/airflow_tutorial/py_env/lib/python3.12/site-packages/airflow/example_dags/tutorial_dag.py for tasks to queue
[2024-09-01T01:13:39.906+0530] {logging_mixin.py:190} INFO - [2024-09-01T01:13:39.906+0530] {dagbag.py:587} INFO - Filling up the DagBag from /Users/ravipal/Desktop/Workspace/airflow_tutorial/py_env/lib/python3.12/site-packages/airflow/example_dags/tutorial_dag.py
[2024-09-01T01:13:39.916+0530] {processor.py:925} INFO - DAG(s) 'tutorial_dag' retrieved from /Users/ravipal/Desktop/Workspace/airflow_tutorial/py_env/lib/python3.12/site-packages/airflow/example_dags/tutorial_dag.py
[2024-09-01T01:13:39.950+0530] {logging_mixin.py:190} INFO - [2024-09-01T01:13:39.950+0530] {dag.py:3211} INFO - Sync 1 DAGs
[2024-09-01T01:13:39.954+0530] {logging_mixin.py:190} INFO - [2024-09-01T01:13:39.953+0530] {dag.py:4138} INFO - Setting next_dagrun for tutorial_dag to None, run_after=None
[2024-09-01T01:13:39.961+0530] {processor.py:208} INFO - Processing /Users/ravipal/Desktop/Workspace/airflow_tutorial/py_env/lib/python3.12/site-packages/airflow/example_dags/tutorial_dag.py took 0.058 seconds
[2024-09-01T01:14:46.251+0530] {processor.py:186} INFO - Started process (PID=4792) to work on /Users/ravipal/Desktop/Workspace/airflow_tutorial/py_env/lib/python3.12/site-packages/airflow/example_dags/tutorial_dag.py
[2024-09-01T01:14:46.252+0530] {processor.py:914} INFO - Processing file /Users/ravipal/Desktop/Workspace/airflow_tutorial/py_env/lib/python3.12/site-packages/airflow/example_dags/tutorial_dag.py for tasks to queue
[2024-09-01T01:14:46.252+0530] {logging_mixin.py:190} INFO - [2024-09-01T01:14:46.252+0530] {dagbag.py:587} INFO - Filling up the DagBag from /Users/ravipal/Desktop/Workspace/airflow_tutorial/py_env/lib/python3.12/site-packages/airflow/example_dags/tutorial_dag.py
[2024-09-01T01:14:46.262+0530] {processor.py:925} INFO - DAG(s) 'tutorial_dag' retrieved from /Users/ravipal/Desktop/Workspace/airflow_tutorial/py_env/lib/python3.12/site-packages/airflow/example_dags/tutorial_dag.py
[2024-09-01T01:14:46.296+0530] {logging_mixin.py:190} INFO - [2024-09-01T01:14:46.295+0530] {dag.py:3211} INFO - Sync 1 DAGs
[2024-09-01T01:14:46.299+0530] {logging_mixin.py:190} INFO - [2024-09-01T01:14:46.299+0530] {dag.py:4138} INFO - Setting next_dagrun for tutorial_dag to None, run_after=None
[2024-09-01T01:14:46.306+0530] {processor.py:208} INFO - Processing /Users/ravipal/Desktop/Workspace/airflow_tutorial/py_env/lib/python3.12/site-packages/airflow/example_dags/tutorial_dag.py took 0.057 seconds
[2024-09-01T01:15:52.897+0530] {processor.py:186} INFO - Started process (PID=4857) to work on /Users/ravipal/Desktop/Workspace/airflow_tutorial/py_env/lib/python3.12/site-packages/airflow/example_dags/tutorial_dag.py
[2024-09-01T01:15:52.897+0530] {processor.py:914} INFO - Processing file /Users/ravipal/Desktop/Workspace/airflow_tutorial/py_env/lib/python3.12/site-packages/airflow/example_dags/tutorial_dag.py for tasks to queue
[2024-09-01T01:15:52.898+0530] {logging_mixin.py:190} INFO - [2024-09-01T01:15:52.898+0530] {dagbag.py:587} INFO - Filling up the DagBag from /Users/ravipal/Desktop/Workspace/airflow_tutorial/py_env/lib/python3.12/site-packages/airflow/example_dags/tutorial_dag.py
[2024-09-01T01:15:52.908+0530] {processor.py:925} INFO - DAG(s) 'tutorial_dag' retrieved from /Users/ravipal/Desktop/Workspace/airflow_tutorial/py_env/lib/python3.12/site-packages/airflow/example_dags/tutorial_dag.py
[2024-09-01T01:15:52.941+0530] {logging_mixin.py:190} INFO - [2024-09-01T01:15:52.941+0530] {dag.py:3211} INFO - Sync 1 DAGs
[2024-09-01T01:15:52.945+0530] {logging_mixin.py:190} INFO - [2024-09-01T01:15:52.945+0530] {dag.py:4138} INFO - Setting next_dagrun for tutorial_dag to None, run_after=None
[2024-09-01T01:15:52.952+0530] {processor.py:208} INFO - Processing /Users/ravipal/Desktop/Workspace/airflow_tutorial/py_env/lib/python3.12/site-packages/airflow/example_dags/tutorial_dag.py took 0.057 seconds
[2024-09-01T01:16:58.787+0530] {processor.py:186} INFO - Started process (PID=4924) to work on /Users/ravipal/Desktop/Workspace/airflow_tutorial/py_env/lib/python3.12/site-packages/airflow/example_dags/tutorial_dag.py
[2024-09-01T01:16:58.787+0530] {processor.py:914} INFO - Processing file /Users/ravipal/Desktop/Workspace/airflow_tutorial/py_env/lib/python3.12/site-packages/airflow/example_dags/tutorial_dag.py for tasks to queue
[2024-09-01T01:16:58.788+0530] {logging_mixin.py:190} INFO - [2024-09-01T01:16:58.788+0530] {dagbag.py:587} INFO - Filling up the DagBag from /Users/ravipal/Desktop/Workspace/airflow_tutorial/py_env/lib/python3.12/site-packages/airflow/example_dags/tutorial_dag.py
[2024-09-01T01:16:58.798+0530] {processor.py:925} INFO - DAG(s) 'tutorial_dag' retrieved from /Users/ravipal/Desktop/Workspace/airflow_tutorial/py_env/lib/python3.12/site-packages/airflow/example_dags/tutorial_dag.py
[2024-09-01T01:16:58.832+0530] {logging_mixin.py:190} INFO - [2024-09-01T01:16:58.832+0530] {dag.py:3211} INFO - Sync 1 DAGs
[2024-09-01T01:16:58.836+0530] {logging_mixin.py:190} INFO - [2024-09-01T01:16:58.836+0530] {dag.py:4138} INFO - Setting next_dagrun for tutorial_dag to None, run_after=None
[2024-09-01T01:16:58.843+0530] {processor.py:208} INFO - Processing /Users/ravipal/Desktop/Workspace/airflow_tutorial/py_env/lib/python3.12/site-packages/airflow/example_dags/tutorial_dag.py took 0.058 seconds
[2024-09-01T01:18:02.638+0530] {processor.py:186} INFO - Started process (PID=4988) to work on /Users/ravipal/Desktop/Workspace/airflow_tutorial/py_env/lib/python3.12/site-packages/airflow/example_dags/tutorial_dag.py
[2024-09-01T01:18:02.639+0530] {processor.py:914} INFO - Processing file /Users/ravipal/Desktop/Workspace/airflow_tutorial/py_env/lib/python3.12/site-packages/airflow/example_dags/tutorial_dag.py for tasks to queue
[2024-09-01T01:18:02.639+0530] {logging_mixin.py:190} INFO - [2024-09-01T01:18:02.639+0530] {dagbag.py:587} INFO - Filling up the DagBag from /Users/ravipal/Desktop/Workspace/airflow_tutorial/py_env/lib/python3.12/site-packages/airflow/example_dags/tutorial_dag.py
[2024-09-01T01:18:02.650+0530] {processor.py:925} INFO - DAG(s) 'tutorial_dag' retrieved from /Users/ravipal/Desktop/Workspace/airflow_tutorial/py_env/lib/python3.12/site-packages/airflow/example_dags/tutorial_dag.py
[2024-09-01T01:18:02.683+0530] {logging_mixin.py:190} INFO - [2024-09-01T01:18:02.683+0530] {dag.py:3211} INFO - Sync 1 DAGs
[2024-09-01T01:18:02.686+0530] {logging_mixin.py:190} INFO - [2024-09-01T01:18:02.686+0530] {dag.py:4138} INFO - Setting next_dagrun for tutorial_dag to None, run_after=None
[2024-09-01T01:18:02.693+0530] {processor.py:208} INFO - Processing /Users/ravipal/Desktop/Workspace/airflow_tutorial/py_env/lib/python3.12/site-packages/airflow/example_dags/tutorial_dag.py took 0.057 seconds
