[2024-09-01T00:22:51.682+0530] {processor.py:186} INFO - Started process (PID=1412) to work on /Users/ravipal/Desktop/Workspace/airflow_tutorial/py_env/lib/python3.12/site-packages/airflow/example_dags/tutorial.py
[2024-09-01T00:22:51.682+0530] {processor.py:914} INFO - Processing file /Users/ravipal/Desktop/Workspace/airflow_tutorial/py_env/lib/python3.12/site-packages/airflow/example_dags/tutorial.py for tasks to queue
[2024-09-01T00:22:51.683+0530] {logging_mixin.py:190} INFO - [2024-09-01T00:22:51.683+0530] {dagbag.py:587} INFO - Filling up the DagBag from /Users/ravipal/Desktop/Workspace/airflow_tutorial/py_env/lib/python3.12/site-packages/airflow/example_dags/tutorial.py
[2024-09-01T00:22:51.686+0530] {processor.py:925} INFO - DAG(s) 'tutorial' retrieved from /Users/ravipal/Desktop/Workspace/airflow_tutorial/py_env/lib/python3.12/site-packages/airflow/example_dags/tutorial.py
[2024-09-01T00:22:51.754+0530] {logging_mixin.py:190} INFO - [2024-09-01T00:22:51.754+0530] {override.py:1858} INFO - Created Permission View: can edit on DAG:tutorial
[2024-09-01T00:22:51.757+0530] {logging_mixin.py:190} INFO - [2024-09-01T00:22:51.757+0530] {override.py:1858} INFO - Created Permission View: can delete on DAG:tutorial
[2024-09-01T00:22:51.759+0530] {logging_mixin.py:190} INFO - [2024-09-01T00:22:51.759+0530] {override.py:1858} INFO - Created Permission View: can read on DAG:tutorial
[2024-09-01T00:22:51.759+0530] {logging_mixin.py:190} INFO - [2024-09-01T00:22:51.759+0530] {dag.py:3211} INFO - Sync 1 DAGs
[2024-09-01T00:22:51.763+0530] {logging_mixin.py:190} INFO - [2024-09-01T00:22:51.763+0530] {dag.py:3234} INFO - Creating ORM DAG for tutorial
[2024-09-01T00:22:51.767+0530] {logging_mixin.py:190} INFO - [2024-09-01T00:22:51.767+0530] {dag.py:4138} INFO - Setting next_dagrun for tutorial to 2024-08-30 00:00:00+00:00, run_after=2024-08-31 00:00:00+00:00
[2024-09-01T00:22:51.800+0530] {processor.py:208} INFO - Processing /Users/ravipal/Desktop/Workspace/airflow_tutorial/py_env/lib/python3.12/site-packages/airflow/example_dags/tutorial.py took 0.120 seconds
[2024-09-01T00:24:32.469+0530] {processor.py:186} INFO - Started process (PID=1518) to work on /Users/ravipal/Desktop/Workspace/airflow_tutorial/py_env/lib/python3.12/site-packages/airflow/example_dags/tutorial.py
[2024-09-01T00:24:32.470+0530] {processor.py:914} INFO - Processing file /Users/ravipal/Desktop/Workspace/airflow_tutorial/py_env/lib/python3.12/site-packages/airflow/example_dags/tutorial.py for tasks to queue
[2024-09-01T00:24:32.470+0530] {logging_mixin.py:190} INFO - [2024-09-01T00:24:32.470+0530] {dagbag.py:587} INFO - Filling up the DagBag from /Users/ravipal/Desktop/Workspace/airflow_tutorial/py_env/lib/python3.12/site-packages/airflow/example_dags/tutorial.py
[2024-09-01T00:24:32.475+0530] {processor.py:925} INFO - DAG(s) 'tutorial' retrieved from /Users/ravipal/Desktop/Workspace/airflow_tutorial/py_env/lib/python3.12/site-packages/airflow/example_dags/tutorial.py
[2024-09-01T00:24:32.511+0530] {logging_mixin.py:190} INFO - [2024-09-01T00:24:32.511+0530] {dag.py:3211} INFO - Sync 1 DAGs
[2024-09-01T00:24:32.517+0530] {logging_mixin.py:190} INFO - [2024-09-01T00:24:32.517+0530] {dag.py:4138} INFO - Setting next_dagrun for tutorial to 2024-08-30 00:00:00+00:00, run_after=2024-08-31 00:00:00+00:00
[2024-09-01T00:24:32.524+0530] {processor.py:208} INFO - Processing /Users/ravipal/Desktop/Workspace/airflow_tutorial/py_env/lib/python3.12/site-packages/airflow/example_dags/tutorial.py took 0.057 seconds
[2024-09-01T00:25:39.714+0530] {processor.py:186} INFO - Started process (PID=1586) to work on /Users/ravipal/Desktop/Workspace/airflow_tutorial/py_env/lib/python3.12/site-packages/airflow/example_dags/tutorial.py
[2024-09-01T00:25:39.714+0530] {processor.py:914} INFO - Processing file /Users/ravipal/Desktop/Workspace/airflow_tutorial/py_env/lib/python3.12/site-packages/airflow/example_dags/tutorial.py for tasks to queue
[2024-09-01T00:25:39.715+0530] {logging_mixin.py:190} INFO - [2024-09-01T00:25:39.714+0530] {dagbag.py:587} INFO - Filling up the DagBag from /Users/ravipal/Desktop/Workspace/airflow_tutorial/py_env/lib/python3.12/site-packages/airflow/example_dags/tutorial.py
[2024-09-01T00:25:39.718+0530] {processor.py:925} INFO - DAG(s) 'tutorial' retrieved from /Users/ravipal/Desktop/Workspace/airflow_tutorial/py_env/lib/python3.12/site-packages/airflow/example_dags/tutorial.py
[2024-09-01T00:25:39.753+0530] {logging_mixin.py:190} INFO - [2024-09-01T00:25:39.753+0530] {dag.py:3211} INFO - Sync 1 DAGs
[2024-09-01T00:25:39.759+0530] {logging_mixin.py:190} INFO - [2024-09-01T00:25:39.759+0530] {dag.py:4138} INFO - Setting next_dagrun for tutorial to 2024-08-30 00:00:00+00:00, run_after=2024-08-31 00:00:00+00:00
[2024-09-01T00:25:39.766+0530] {processor.py:208} INFO - Processing /Users/ravipal/Desktop/Workspace/airflow_tutorial/py_env/lib/python3.12/site-packages/airflow/example_dags/tutorial.py took 0.054 seconds
[2024-09-01T00:26:46.149+0530] {processor.py:186} INFO - Started process (PID=1657) to work on /Users/ravipal/Desktop/Workspace/airflow_tutorial/py_env/lib/python3.12/site-packages/airflow/example_dags/tutorial.py
[2024-09-01T00:26:46.149+0530] {processor.py:914} INFO - Processing file /Users/ravipal/Desktop/Workspace/airflow_tutorial/py_env/lib/python3.12/site-packages/airflow/example_dags/tutorial.py for tasks to queue
[2024-09-01T00:26:46.150+0530] {logging_mixin.py:190} INFO - [2024-09-01T00:26:46.150+0530] {dagbag.py:587} INFO - Filling up the DagBag from /Users/ravipal/Desktop/Workspace/airflow_tutorial/py_env/lib/python3.12/site-packages/airflow/example_dags/tutorial.py
[2024-09-01T00:26:46.154+0530] {processor.py:925} INFO - DAG(s) 'tutorial' retrieved from /Users/ravipal/Desktop/Workspace/airflow_tutorial/py_env/lib/python3.12/site-packages/airflow/example_dags/tutorial.py
[2024-09-01T00:26:46.197+0530] {logging_mixin.py:190} INFO - [2024-09-01T00:26:46.197+0530] {dag.py:3211} INFO - Sync 1 DAGs
[2024-09-01T00:26:46.203+0530] {logging_mixin.py:190} INFO - [2024-09-01T00:26:46.203+0530] {dag.py:4138} INFO - Setting next_dagrun for tutorial to 2024-08-30 00:00:00+00:00, run_after=2024-08-31 00:00:00+00:00
[2024-09-01T00:26:46.210+0530] {processor.py:208} INFO - Processing /Users/ravipal/Desktop/Workspace/airflow_tutorial/py_env/lib/python3.12/site-packages/airflow/example_dags/tutorial.py took 0.064 seconds
[2024-09-01T00:27:58.135+0530] {processor.py:186} INFO - Started process (PID=1915) to work on /Users/ravipal/Desktop/Workspace/airflow_tutorial/py_env/lib/python3.12/site-packages/airflow/example_dags/tutorial.py
[2024-09-01T00:27:58.136+0530] {processor.py:914} INFO - Processing file /Users/ravipal/Desktop/Workspace/airflow_tutorial/py_env/lib/python3.12/site-packages/airflow/example_dags/tutorial.py for tasks to queue
[2024-09-01T00:27:58.136+0530] {logging_mixin.py:190} INFO - [2024-09-01T00:27:58.136+0530] {dagbag.py:587} INFO - Filling up the DagBag from /Users/ravipal/Desktop/Workspace/airflow_tutorial/py_env/lib/python3.12/site-packages/airflow/example_dags/tutorial.py
[2024-09-01T00:27:58.140+0530] {processor.py:925} INFO - DAG(s) 'tutorial' retrieved from /Users/ravipal/Desktop/Workspace/airflow_tutorial/py_env/lib/python3.12/site-packages/airflow/example_dags/tutorial.py
[2024-09-01T00:27:58.175+0530] {logging_mixin.py:190} INFO - [2024-09-01T00:27:58.175+0530] {dag.py:3211} INFO - Sync 1 DAGs
[2024-09-01T00:27:58.181+0530] {logging_mixin.py:190} INFO - [2024-09-01T00:27:58.181+0530] {dag.py:4138} INFO - Setting next_dagrun for tutorial to 2024-08-30 00:00:00+00:00, run_after=2024-08-31 00:00:00+00:00
[2024-09-01T00:27:58.188+0530] {processor.py:208} INFO - Processing /Users/ravipal/Desktop/Workspace/airflow_tutorial/py_env/lib/python3.12/site-packages/airflow/example_dags/tutorial.py took 0.055 seconds
[2024-09-01T00:29:06.701+0530] {processor.py:186} INFO - Started process (PID=1985) to work on /Users/ravipal/Desktop/Workspace/airflow_tutorial/py_env/lib/python3.12/site-packages/airflow/example_dags/tutorial.py
[2024-09-01T00:29:06.701+0530] {processor.py:914} INFO - Processing file /Users/ravipal/Desktop/Workspace/airflow_tutorial/py_env/lib/python3.12/site-packages/airflow/example_dags/tutorial.py for tasks to queue
[2024-09-01T00:29:06.702+0530] {logging_mixin.py:190} INFO - [2024-09-01T00:29:06.702+0530] {dagbag.py:587} INFO - Filling up the DagBag from /Users/ravipal/Desktop/Workspace/airflow_tutorial/py_env/lib/python3.12/site-packages/airflow/example_dags/tutorial.py
[2024-09-01T00:29:06.705+0530] {processor.py:925} INFO - DAG(s) 'tutorial' retrieved from /Users/ravipal/Desktop/Workspace/airflow_tutorial/py_env/lib/python3.12/site-packages/airflow/example_dags/tutorial.py
[2024-09-01T00:29:06.739+0530] {logging_mixin.py:190} INFO - [2024-09-01T00:29:06.739+0530] {dag.py:3211} INFO - Sync 1 DAGs
[2024-09-01T00:29:06.745+0530] {logging_mixin.py:190} INFO - [2024-09-01T00:29:06.745+0530] {dag.py:4138} INFO - Setting next_dagrun for tutorial to 2024-08-30 00:00:00+00:00, run_after=2024-08-31 00:00:00+00:00
[2024-09-01T00:29:06.752+0530] {processor.py:208} INFO - Processing /Users/ravipal/Desktop/Workspace/airflow_tutorial/py_env/lib/python3.12/site-packages/airflow/example_dags/tutorial.py took 0.053 seconds
[2024-09-01T00:30:08.664+0530] {processor.py:186} INFO - Started process (PID=2049) to work on /Users/ravipal/Desktop/Workspace/airflow_tutorial/py_env/lib/python3.12/site-packages/airflow/example_dags/tutorial.py
[2024-09-01T00:30:08.664+0530] {processor.py:914} INFO - Processing file /Users/ravipal/Desktop/Workspace/airflow_tutorial/py_env/lib/python3.12/site-packages/airflow/example_dags/tutorial.py for tasks to queue
[2024-09-01T00:30:08.664+0530] {logging_mixin.py:190} INFO - [2024-09-01T00:30:08.664+0530] {dagbag.py:587} INFO - Filling up the DagBag from /Users/ravipal/Desktop/Workspace/airflow_tutorial/py_env/lib/python3.12/site-packages/airflow/example_dags/tutorial.py
[2024-09-01T00:30:08.667+0530] {processor.py:925} INFO - DAG(s) 'tutorial' retrieved from /Users/ravipal/Desktop/Workspace/airflow_tutorial/py_env/lib/python3.12/site-packages/airflow/example_dags/tutorial.py
[2024-09-01T00:30:08.702+0530] {logging_mixin.py:190} INFO - [2024-09-01T00:30:08.702+0530] {dag.py:3211} INFO - Sync 1 DAGs
[2024-09-01T00:30:08.708+0530] {logging_mixin.py:190} INFO - [2024-09-01T00:30:08.708+0530] {dag.py:4138} INFO - Setting next_dagrun for tutorial to 2024-08-30 00:00:00+00:00, run_after=2024-08-31 00:00:00+00:00
[2024-09-01T00:30:08.715+0530] {processor.py:208} INFO - Processing /Users/ravipal/Desktop/Workspace/airflow_tutorial/py_env/lib/python3.12/site-packages/airflow/example_dags/tutorial.py took 0.053 seconds
[2024-09-01T00:31:13.835+0530] {processor.py:186} INFO - Started process (PID=2114) to work on /Users/ravipal/Desktop/Workspace/airflow_tutorial/py_env/lib/python3.12/site-packages/airflow/example_dags/tutorial.py
[2024-09-01T00:31:13.836+0530] {processor.py:914} INFO - Processing file /Users/ravipal/Desktop/Workspace/airflow_tutorial/py_env/lib/python3.12/site-packages/airflow/example_dags/tutorial.py for tasks to queue
[2024-09-01T00:31:13.836+0530] {logging_mixin.py:190} INFO - [2024-09-01T00:31:13.836+0530] {dagbag.py:587} INFO - Filling up the DagBag from /Users/ravipal/Desktop/Workspace/airflow_tutorial/py_env/lib/python3.12/site-packages/airflow/example_dags/tutorial.py
[2024-09-01T00:31:13.840+0530] {processor.py:925} INFO - DAG(s) 'tutorial' retrieved from /Users/ravipal/Desktop/Workspace/airflow_tutorial/py_env/lib/python3.12/site-packages/airflow/example_dags/tutorial.py
[2024-09-01T00:31:13.874+0530] {logging_mixin.py:190} INFO - [2024-09-01T00:31:13.874+0530] {dag.py:3211} INFO - Sync 1 DAGs
[2024-09-01T00:31:13.880+0530] {logging_mixin.py:190} INFO - [2024-09-01T00:31:13.880+0530] {dag.py:4138} INFO - Setting next_dagrun for tutorial to 2024-08-30 00:00:00+00:00, run_after=2024-08-31 00:00:00+00:00
[2024-09-01T00:31:13.887+0530] {processor.py:208} INFO - Processing /Users/ravipal/Desktop/Workspace/airflow_tutorial/py_env/lib/python3.12/site-packages/airflow/example_dags/tutorial.py took 0.053 seconds
[2024-09-01T00:32:20.307+0530] {processor.py:186} INFO - Started process (PID=2181) to work on /Users/ravipal/Desktop/Workspace/airflow_tutorial/py_env/lib/python3.12/site-packages/airflow/example_dags/tutorial.py
[2024-09-01T00:32:20.308+0530] {processor.py:914} INFO - Processing file /Users/ravipal/Desktop/Workspace/airflow_tutorial/py_env/lib/python3.12/site-packages/airflow/example_dags/tutorial.py for tasks to queue
[2024-09-01T00:32:20.308+0530] {logging_mixin.py:190} INFO - [2024-09-01T00:32:20.308+0530] {dagbag.py:587} INFO - Filling up the DagBag from /Users/ravipal/Desktop/Workspace/airflow_tutorial/py_env/lib/python3.12/site-packages/airflow/example_dags/tutorial.py
[2024-09-01T00:32:20.312+0530] {processor.py:925} INFO - DAG(s) 'tutorial' retrieved from /Users/ravipal/Desktop/Workspace/airflow_tutorial/py_env/lib/python3.12/site-packages/airflow/example_dags/tutorial.py
[2024-09-01T00:32:20.346+0530] {logging_mixin.py:190} INFO - [2024-09-01T00:32:20.346+0530] {dag.py:3211} INFO - Sync 1 DAGs
[2024-09-01T00:32:20.353+0530] {logging_mixin.py:190} INFO - [2024-09-01T00:32:20.352+0530] {dag.py:4138} INFO - Setting next_dagrun for tutorial to 2024-08-30 00:00:00+00:00, run_after=2024-08-31 00:00:00+00:00
[2024-09-01T00:32:20.359+0530] {processor.py:208} INFO - Processing /Users/ravipal/Desktop/Workspace/airflow_tutorial/py_env/lib/python3.12/site-packages/airflow/example_dags/tutorial.py took 0.054 seconds
[2024-09-01T00:33:28.397+0530] {processor.py:186} INFO - Started process (PID=2247) to work on /Users/ravipal/Desktop/Workspace/airflow_tutorial/py_env/lib/python3.12/site-packages/airflow/example_dags/tutorial.py
[2024-09-01T00:33:28.397+0530] {processor.py:914} INFO - Processing file /Users/ravipal/Desktop/Workspace/airflow_tutorial/py_env/lib/python3.12/site-packages/airflow/example_dags/tutorial.py for tasks to queue
[2024-09-01T00:33:28.398+0530] {logging_mixin.py:190} INFO - [2024-09-01T00:33:28.398+0530] {dagbag.py:587} INFO - Filling up the DagBag from /Users/ravipal/Desktop/Workspace/airflow_tutorial/py_env/lib/python3.12/site-packages/airflow/example_dags/tutorial.py
[2024-09-01T00:33:28.401+0530] {processor.py:925} INFO - DAG(s) 'tutorial' retrieved from /Users/ravipal/Desktop/Workspace/airflow_tutorial/py_env/lib/python3.12/site-packages/airflow/example_dags/tutorial.py
[2024-09-01T00:33:28.435+0530] {logging_mixin.py:190} INFO - [2024-09-01T00:33:28.435+0530] {dag.py:3211} INFO - Sync 1 DAGs
[2024-09-01T00:33:28.441+0530] {logging_mixin.py:190} INFO - [2024-09-01T00:33:28.441+0530] {dag.py:4138} INFO - Setting next_dagrun for tutorial to 2024-08-30 00:00:00+00:00, run_after=2024-08-31 00:00:00+00:00
[2024-09-01T00:33:28.447+0530] {processor.py:208} INFO - Processing /Users/ravipal/Desktop/Workspace/airflow_tutorial/py_env/lib/python3.12/site-packages/airflow/example_dags/tutorial.py took 0.053 seconds
[2024-09-01T00:34:36.975+0530] {processor.py:186} INFO - Started process (PID=2316) to work on /Users/ravipal/Desktop/Workspace/airflow_tutorial/py_env/lib/python3.12/site-packages/airflow/example_dags/tutorial.py
[2024-09-01T00:34:36.975+0530] {processor.py:914} INFO - Processing file /Users/ravipal/Desktop/Workspace/airflow_tutorial/py_env/lib/python3.12/site-packages/airflow/example_dags/tutorial.py for tasks to queue
[2024-09-01T00:34:36.975+0530] {logging_mixin.py:190} INFO - [2024-09-01T00:34:36.975+0530] {dagbag.py:587} INFO - Filling up the DagBag from /Users/ravipal/Desktop/Workspace/airflow_tutorial/py_env/lib/python3.12/site-packages/airflow/example_dags/tutorial.py
[2024-09-01T00:34:36.979+0530] {processor.py:925} INFO - DAG(s) 'tutorial' retrieved from /Users/ravipal/Desktop/Workspace/airflow_tutorial/py_env/lib/python3.12/site-packages/airflow/example_dags/tutorial.py
[2024-09-01T00:34:37.017+0530] {logging_mixin.py:190} INFO - [2024-09-01T00:34:37.017+0530] {dag.py:3211} INFO - Sync 1 DAGs
[2024-09-01T00:34:37.023+0530] {logging_mixin.py:190} INFO - [2024-09-01T00:34:37.023+0530] {dag.py:4138} INFO - Setting next_dagrun for tutorial to 2024-08-30 00:00:00+00:00, run_after=2024-08-31 00:00:00+00:00
[2024-09-01T00:34:37.030+0530] {processor.py:208} INFO - Processing /Users/ravipal/Desktop/Workspace/airflow_tutorial/py_env/lib/python3.12/site-packages/airflow/example_dags/tutorial.py took 0.057 seconds
[2024-09-01T00:35:42.250+0530] {processor.py:186} INFO - Started process (PID=2384) to work on /Users/ravipal/Desktop/Workspace/airflow_tutorial/py_env/lib/python3.12/site-packages/airflow/example_dags/tutorial.py
[2024-09-01T00:35:42.251+0530] {processor.py:914} INFO - Processing file /Users/ravipal/Desktop/Workspace/airflow_tutorial/py_env/lib/python3.12/site-packages/airflow/example_dags/tutorial.py for tasks to queue
[2024-09-01T00:35:42.251+0530] {logging_mixin.py:190} INFO - [2024-09-01T00:35:42.251+0530] {dagbag.py:587} INFO - Filling up the DagBag from /Users/ravipal/Desktop/Workspace/airflow_tutorial/py_env/lib/python3.12/site-packages/airflow/example_dags/tutorial.py
[2024-09-01T00:35:42.254+0530] {processor.py:925} INFO - DAG(s) 'tutorial' retrieved from /Users/ravipal/Desktop/Workspace/airflow_tutorial/py_env/lib/python3.12/site-packages/airflow/example_dags/tutorial.py
[2024-09-01T00:35:42.287+0530] {logging_mixin.py:190} INFO - [2024-09-01T00:35:42.287+0530] {dag.py:3211} INFO - Sync 1 DAGs
[2024-09-01T00:35:42.293+0530] {logging_mixin.py:190} INFO - [2024-09-01T00:35:42.293+0530] {dag.py:4138} INFO - Setting next_dagrun for tutorial to 2024-08-30 00:00:00+00:00, run_after=2024-08-31 00:00:00+00:00
[2024-09-01T00:35:42.300+0530] {processor.py:208} INFO - Processing /Users/ravipal/Desktop/Workspace/airflow_tutorial/py_env/lib/python3.12/site-packages/airflow/example_dags/tutorial.py took 0.051 seconds
[2024-09-01T00:36:52.068+0530] {processor.py:186} INFO - Started process (PID=2452) to work on /Users/ravipal/Desktop/Workspace/airflow_tutorial/py_env/lib/python3.12/site-packages/airflow/example_dags/tutorial.py
[2024-09-01T00:36:52.068+0530] {processor.py:914} INFO - Processing file /Users/ravipal/Desktop/Workspace/airflow_tutorial/py_env/lib/python3.12/site-packages/airflow/example_dags/tutorial.py for tasks to queue
[2024-09-01T00:36:52.069+0530] {logging_mixin.py:190} INFO - [2024-09-01T00:36:52.069+0530] {dagbag.py:587} INFO - Filling up the DagBag from /Users/ravipal/Desktop/Workspace/airflow_tutorial/py_env/lib/python3.12/site-packages/airflow/example_dags/tutorial.py
[2024-09-01T00:36:52.072+0530] {processor.py:925} INFO - DAG(s) 'tutorial' retrieved from /Users/ravipal/Desktop/Workspace/airflow_tutorial/py_env/lib/python3.12/site-packages/airflow/example_dags/tutorial.py
[2024-09-01T00:36:52.107+0530] {logging_mixin.py:190} INFO - [2024-09-01T00:36:52.107+0530] {dag.py:3211} INFO - Sync 1 DAGs
[2024-09-01T00:36:52.113+0530] {logging_mixin.py:190} INFO - [2024-09-01T00:36:52.113+0530] {dag.py:4138} INFO - Setting next_dagrun for tutorial to 2024-08-30 00:00:00+00:00, run_after=2024-08-31 00:00:00+00:00
[2024-09-01T00:36:52.120+0530] {processor.py:208} INFO - Processing /Users/ravipal/Desktop/Workspace/airflow_tutorial/py_env/lib/python3.12/site-packages/airflow/example_dags/tutorial.py took 0.054 seconds
[2024-09-01T00:37:57.262+0530] {processor.py:186} INFO - Started process (PID=2517) to work on /Users/ravipal/Desktop/Workspace/airflow_tutorial/py_env/lib/python3.12/site-packages/airflow/example_dags/tutorial.py
[2024-09-01T00:37:57.262+0530] {processor.py:914} INFO - Processing file /Users/ravipal/Desktop/Workspace/airflow_tutorial/py_env/lib/python3.12/site-packages/airflow/example_dags/tutorial.py for tasks to queue
[2024-09-01T00:37:57.262+0530] {logging_mixin.py:190} INFO - [2024-09-01T00:37:57.262+0530] {dagbag.py:587} INFO - Filling up the DagBag from /Users/ravipal/Desktop/Workspace/airflow_tutorial/py_env/lib/python3.12/site-packages/airflow/example_dags/tutorial.py
[2024-09-01T00:37:57.266+0530] {processor.py:925} INFO - DAG(s) 'tutorial' retrieved from /Users/ravipal/Desktop/Workspace/airflow_tutorial/py_env/lib/python3.12/site-packages/airflow/example_dags/tutorial.py
[2024-09-01T00:37:57.301+0530] {logging_mixin.py:190} INFO - [2024-09-01T00:37:57.301+0530] {dag.py:3211} INFO - Sync 1 DAGs
[2024-09-01T00:37:57.307+0530] {logging_mixin.py:190} INFO - [2024-09-01T00:37:57.307+0530] {dag.py:4138} INFO - Setting next_dagrun for tutorial to 2024-08-30 00:00:00+00:00, run_after=2024-08-31 00:00:00+00:00
[2024-09-01T00:37:57.313+0530] {processor.py:208} INFO - Processing /Users/ravipal/Desktop/Workspace/airflow_tutorial/py_env/lib/python3.12/site-packages/airflow/example_dags/tutorial.py took 0.053 seconds
[2024-09-01T00:38:59.167+0530] {processor.py:186} INFO - Started process (PID=2581) to work on /Users/ravipal/Desktop/Workspace/airflow_tutorial/py_env/lib/python3.12/site-packages/airflow/example_dags/tutorial.py
[2024-09-01T00:38:59.167+0530] {processor.py:914} INFO - Processing file /Users/ravipal/Desktop/Workspace/airflow_tutorial/py_env/lib/python3.12/site-packages/airflow/example_dags/tutorial.py for tasks to queue
[2024-09-01T00:38:59.168+0530] {logging_mixin.py:190} INFO - [2024-09-01T00:38:59.168+0530] {dagbag.py:587} INFO - Filling up the DagBag from /Users/ravipal/Desktop/Workspace/airflow_tutorial/py_env/lib/python3.12/site-packages/airflow/example_dags/tutorial.py
[2024-09-01T00:38:59.171+0530] {processor.py:925} INFO - DAG(s) 'tutorial' retrieved from /Users/ravipal/Desktop/Workspace/airflow_tutorial/py_env/lib/python3.12/site-packages/airflow/example_dags/tutorial.py
[2024-09-01T00:38:59.206+0530] {logging_mixin.py:190} INFO - [2024-09-01T00:38:59.206+0530] {dag.py:3211} INFO - Sync 1 DAGs
[2024-09-01T00:38:59.212+0530] {logging_mixin.py:190} INFO - [2024-09-01T00:38:59.211+0530] {dag.py:4138} INFO - Setting next_dagrun for tutorial to 2024-08-30 00:00:00+00:00, run_after=2024-08-31 00:00:00+00:00
[2024-09-01T00:38:59.218+0530] {processor.py:208} INFO - Processing /Users/ravipal/Desktop/Workspace/airflow_tutorial/py_env/lib/python3.12/site-packages/airflow/example_dags/tutorial.py took 0.053 seconds
[2024-09-01T00:40:01.700+0530] {processor.py:186} INFO - Started process (PID=2645) to work on /Users/ravipal/Desktop/Workspace/airflow_tutorial/py_env/lib/python3.12/site-packages/airflow/example_dags/tutorial.py
[2024-09-01T00:40:01.700+0530] {processor.py:914} INFO - Processing file /Users/ravipal/Desktop/Workspace/airflow_tutorial/py_env/lib/python3.12/site-packages/airflow/example_dags/tutorial.py for tasks to queue
[2024-09-01T00:40:01.701+0530] {logging_mixin.py:190} INFO - [2024-09-01T00:40:01.700+0530] {dagbag.py:587} INFO - Filling up the DagBag from /Users/ravipal/Desktop/Workspace/airflow_tutorial/py_env/lib/python3.12/site-packages/airflow/example_dags/tutorial.py
[2024-09-01T00:40:01.704+0530] {processor.py:925} INFO - DAG(s) 'tutorial' retrieved from /Users/ravipal/Desktop/Workspace/airflow_tutorial/py_env/lib/python3.12/site-packages/airflow/example_dags/tutorial.py
[2024-09-01T00:40:01.740+0530] {logging_mixin.py:190} INFO - [2024-09-01T00:40:01.740+0530] {dag.py:3211} INFO - Sync 1 DAGs
[2024-09-01T00:40:01.746+0530] {logging_mixin.py:190} INFO - [2024-09-01T00:40:01.746+0530] {dag.py:4138} INFO - Setting next_dagrun for tutorial to 2024-08-30 00:00:00+00:00, run_after=2024-08-31 00:00:00+00:00
[2024-09-01T00:40:01.753+0530] {processor.py:208} INFO - Processing /Users/ravipal/Desktop/Workspace/airflow_tutorial/py_env/lib/python3.12/site-packages/airflow/example_dags/tutorial.py took 0.055 seconds
[2024-09-01T00:41:08.800+0530] {processor.py:186} INFO - Started process (PID=2709) to work on /Users/ravipal/Desktop/Workspace/airflow_tutorial/py_env/lib/python3.12/site-packages/airflow/example_dags/tutorial.py
[2024-09-01T00:41:08.800+0530] {processor.py:914} INFO - Processing file /Users/ravipal/Desktop/Workspace/airflow_tutorial/py_env/lib/python3.12/site-packages/airflow/example_dags/tutorial.py for tasks to queue
[2024-09-01T00:41:08.800+0530] {logging_mixin.py:190} INFO - [2024-09-01T00:41:08.800+0530] {dagbag.py:587} INFO - Filling up the DagBag from /Users/ravipal/Desktop/Workspace/airflow_tutorial/py_env/lib/python3.12/site-packages/airflow/example_dags/tutorial.py
[2024-09-01T00:41:08.804+0530] {processor.py:925} INFO - DAG(s) 'tutorial' retrieved from /Users/ravipal/Desktop/Workspace/airflow_tutorial/py_env/lib/python3.12/site-packages/airflow/example_dags/tutorial.py
[2024-09-01T00:41:08.838+0530] {logging_mixin.py:190} INFO - [2024-09-01T00:41:08.838+0530] {dag.py:3211} INFO - Sync 1 DAGs
[2024-09-01T00:41:08.844+0530] {logging_mixin.py:190} INFO - [2024-09-01T00:41:08.844+0530] {dag.py:4138} INFO - Setting next_dagrun for tutorial to 2024-08-30 00:00:00+00:00, run_after=2024-08-31 00:00:00+00:00
[2024-09-01T00:41:08.850+0530] {processor.py:208} INFO - Processing /Users/ravipal/Desktop/Workspace/airflow_tutorial/py_env/lib/python3.12/site-packages/airflow/example_dags/tutorial.py took 0.053 seconds
[2024-09-01T00:42:14.840+0530] {processor.py:186} INFO - Started process (PID=2775) to work on /Users/ravipal/Desktop/Workspace/airflow_tutorial/py_env/lib/python3.12/site-packages/airflow/example_dags/tutorial.py
[2024-09-01T00:42:14.840+0530] {processor.py:914} INFO - Processing file /Users/ravipal/Desktop/Workspace/airflow_tutorial/py_env/lib/python3.12/site-packages/airflow/example_dags/tutorial.py for tasks to queue
[2024-09-01T00:42:14.841+0530] {logging_mixin.py:190} INFO - [2024-09-01T00:42:14.841+0530] {dagbag.py:587} INFO - Filling up the DagBag from /Users/ravipal/Desktop/Workspace/airflow_tutorial/py_env/lib/python3.12/site-packages/airflow/example_dags/tutorial.py
[2024-09-01T00:42:14.844+0530] {processor.py:925} INFO - DAG(s) 'tutorial' retrieved from /Users/ravipal/Desktop/Workspace/airflow_tutorial/py_env/lib/python3.12/site-packages/airflow/example_dags/tutorial.py
[2024-09-01T00:42:14.879+0530] {logging_mixin.py:190} INFO - [2024-09-01T00:42:14.879+0530] {dag.py:3211} INFO - Sync 1 DAGs
[2024-09-01T00:42:14.885+0530] {logging_mixin.py:190} INFO - [2024-09-01T00:42:14.885+0530] {dag.py:4138} INFO - Setting next_dagrun for tutorial to 2024-08-30 00:00:00+00:00, run_after=2024-08-31 00:00:00+00:00
[2024-09-01T00:42:14.892+0530] {processor.py:208} INFO - Processing /Users/ravipal/Desktop/Workspace/airflow_tutorial/py_env/lib/python3.12/site-packages/airflow/example_dags/tutorial.py took 0.054 seconds
[2024-09-01T00:43:21.601+0530] {processor.py:186} INFO - Started process (PID=2841) to work on /Users/ravipal/Desktop/Workspace/airflow_tutorial/py_env/lib/python3.12/site-packages/airflow/example_dags/tutorial.py
[2024-09-01T00:43:21.602+0530] {processor.py:914} INFO - Processing file /Users/ravipal/Desktop/Workspace/airflow_tutorial/py_env/lib/python3.12/site-packages/airflow/example_dags/tutorial.py for tasks to queue
[2024-09-01T00:43:21.602+0530] {logging_mixin.py:190} INFO - [2024-09-01T00:43:21.602+0530] {dagbag.py:587} INFO - Filling up the DagBag from /Users/ravipal/Desktop/Workspace/airflow_tutorial/py_env/lib/python3.12/site-packages/airflow/example_dags/tutorial.py
[2024-09-01T00:43:21.605+0530] {processor.py:925} INFO - DAG(s) 'tutorial' retrieved from /Users/ravipal/Desktop/Workspace/airflow_tutorial/py_env/lib/python3.12/site-packages/airflow/example_dags/tutorial.py
[2024-09-01T00:43:21.640+0530] {logging_mixin.py:190} INFO - [2024-09-01T00:43:21.640+0530] {dag.py:3211} INFO - Sync 1 DAGs
[2024-09-01T00:43:21.646+0530] {logging_mixin.py:190} INFO - [2024-09-01T00:43:21.646+0530] {dag.py:4138} INFO - Setting next_dagrun for tutorial to 2024-08-30 00:00:00+00:00, run_after=2024-08-31 00:00:00+00:00
[2024-09-01T00:43:21.653+0530] {processor.py:208} INFO - Processing /Users/ravipal/Desktop/Workspace/airflow_tutorial/py_env/lib/python3.12/site-packages/airflow/example_dags/tutorial.py took 0.053 seconds
[2024-09-01T00:44:29.919+0530] {processor.py:186} INFO - Started process (PID=2907) to work on /Users/ravipal/Desktop/Workspace/airflow_tutorial/py_env/lib/python3.12/site-packages/airflow/example_dags/tutorial.py
[2024-09-01T00:44:29.919+0530] {processor.py:914} INFO - Processing file /Users/ravipal/Desktop/Workspace/airflow_tutorial/py_env/lib/python3.12/site-packages/airflow/example_dags/tutorial.py for tasks to queue
[2024-09-01T00:44:29.919+0530] {logging_mixin.py:190} INFO - [2024-09-01T00:44:29.919+0530] {dagbag.py:587} INFO - Filling up the DagBag from /Users/ravipal/Desktop/Workspace/airflow_tutorial/py_env/lib/python3.12/site-packages/airflow/example_dags/tutorial.py
[2024-09-01T00:44:29.922+0530] {processor.py:925} INFO - DAG(s) 'tutorial' retrieved from /Users/ravipal/Desktop/Workspace/airflow_tutorial/py_env/lib/python3.12/site-packages/airflow/example_dags/tutorial.py
[2024-09-01T00:44:29.956+0530] {logging_mixin.py:190} INFO - [2024-09-01T00:44:29.956+0530] {dag.py:3211} INFO - Sync 1 DAGs
[2024-09-01T00:44:29.962+0530] {logging_mixin.py:190} INFO - [2024-09-01T00:44:29.962+0530] {dag.py:4138} INFO - Setting next_dagrun for tutorial to 2024-08-30 00:00:00+00:00, run_after=2024-08-31 00:00:00+00:00
[2024-09-01T00:44:29.968+0530] {processor.py:208} INFO - Processing /Users/ravipal/Desktop/Workspace/airflow_tutorial/py_env/lib/python3.12/site-packages/airflow/example_dags/tutorial.py took 0.052 seconds
[2024-09-01T00:45:38.526+0530] {processor.py:186} INFO - Started process (PID=2976) to work on /Users/ravipal/Desktop/Workspace/airflow_tutorial/py_env/lib/python3.12/site-packages/airflow/example_dags/tutorial.py
[2024-09-01T00:45:38.527+0530] {processor.py:914} INFO - Processing file /Users/ravipal/Desktop/Workspace/airflow_tutorial/py_env/lib/python3.12/site-packages/airflow/example_dags/tutorial.py for tasks to queue
[2024-09-01T00:45:38.527+0530] {logging_mixin.py:190} INFO - [2024-09-01T00:45:38.527+0530] {dagbag.py:587} INFO - Filling up the DagBag from /Users/ravipal/Desktop/Workspace/airflow_tutorial/py_env/lib/python3.12/site-packages/airflow/example_dags/tutorial.py
[2024-09-01T00:45:38.531+0530] {processor.py:925} INFO - DAG(s) 'tutorial' retrieved from /Users/ravipal/Desktop/Workspace/airflow_tutorial/py_env/lib/python3.12/site-packages/airflow/example_dags/tutorial.py
[2024-09-01T00:45:38.566+0530] {logging_mixin.py:190} INFO - [2024-09-01T00:45:38.566+0530] {dag.py:3211} INFO - Sync 1 DAGs
[2024-09-01T00:45:38.572+0530] {logging_mixin.py:190} INFO - [2024-09-01T00:45:38.572+0530] {dag.py:4138} INFO - Setting next_dagrun for tutorial to 2024-08-30 00:00:00+00:00, run_after=2024-08-31 00:00:00+00:00
[2024-09-01T00:45:38.578+0530] {processor.py:208} INFO - Processing /Users/ravipal/Desktop/Workspace/airflow_tutorial/py_env/lib/python3.12/site-packages/airflow/example_dags/tutorial.py took 0.054 seconds
[2024-09-01T00:46:44.736+0530] {processor.py:186} INFO - Started process (PID=3041) to work on /Users/ravipal/Desktop/Workspace/airflow_tutorial/py_env/lib/python3.12/site-packages/airflow/example_dags/tutorial.py
[2024-09-01T00:46:44.736+0530] {processor.py:914} INFO - Processing file /Users/ravipal/Desktop/Workspace/airflow_tutorial/py_env/lib/python3.12/site-packages/airflow/example_dags/tutorial.py for tasks to queue
[2024-09-01T00:46:44.737+0530] {logging_mixin.py:190} INFO - [2024-09-01T00:46:44.736+0530] {dagbag.py:587} INFO - Filling up the DagBag from /Users/ravipal/Desktop/Workspace/airflow_tutorial/py_env/lib/python3.12/site-packages/airflow/example_dags/tutorial.py
[2024-09-01T00:46:44.740+0530] {processor.py:925} INFO - DAG(s) 'tutorial' retrieved from /Users/ravipal/Desktop/Workspace/airflow_tutorial/py_env/lib/python3.12/site-packages/airflow/example_dags/tutorial.py
[2024-09-01T00:46:44.776+0530] {logging_mixin.py:190} INFO - [2024-09-01T00:46:44.776+0530] {dag.py:3211} INFO - Sync 1 DAGs
[2024-09-01T00:46:44.782+0530] {logging_mixin.py:190} INFO - [2024-09-01T00:46:44.781+0530] {dag.py:4138} INFO - Setting next_dagrun for tutorial to 2024-08-30 00:00:00+00:00, run_after=2024-08-31 00:00:00+00:00
[2024-09-01T00:46:44.788+0530] {processor.py:208} INFO - Processing /Users/ravipal/Desktop/Workspace/airflow_tutorial/py_env/lib/python3.12/site-packages/airflow/example_dags/tutorial.py took 0.055 seconds
[2024-09-01T00:47:48.758+0530] {processor.py:186} INFO - Started process (PID=3106) to work on /Users/ravipal/Desktop/Workspace/airflow_tutorial/py_env/lib/python3.12/site-packages/airflow/example_dags/tutorial.py
[2024-09-01T00:47:48.759+0530] {processor.py:914} INFO - Processing file /Users/ravipal/Desktop/Workspace/airflow_tutorial/py_env/lib/python3.12/site-packages/airflow/example_dags/tutorial.py for tasks to queue
[2024-09-01T00:47:48.759+0530] {logging_mixin.py:190} INFO - [2024-09-01T00:47:48.759+0530] {dagbag.py:587} INFO - Filling up the DagBag from /Users/ravipal/Desktop/Workspace/airflow_tutorial/py_env/lib/python3.12/site-packages/airflow/example_dags/tutorial.py
[2024-09-01T00:47:48.762+0530] {processor.py:925} INFO - DAG(s) 'tutorial' retrieved from /Users/ravipal/Desktop/Workspace/airflow_tutorial/py_env/lib/python3.12/site-packages/airflow/example_dags/tutorial.py
[2024-09-01T00:47:48.798+0530] {logging_mixin.py:190} INFO - [2024-09-01T00:47:48.798+0530] {dag.py:3211} INFO - Sync 1 DAGs
[2024-09-01T00:47:48.803+0530] {logging_mixin.py:190} INFO - [2024-09-01T00:47:48.803+0530] {dag.py:4138} INFO - Setting next_dagrun for tutorial to 2024-08-30 00:00:00+00:00, run_after=2024-08-31 00:00:00+00:00
[2024-09-01T00:47:48.810+0530] {processor.py:208} INFO - Processing /Users/ravipal/Desktop/Workspace/airflow_tutorial/py_env/lib/python3.12/site-packages/airflow/example_dags/tutorial.py took 0.054 seconds
[2024-09-01T00:48:51.557+0530] {processor.py:186} INFO - Started process (PID=3171) to work on /Users/ravipal/Desktop/Workspace/airflow_tutorial/py_env/lib/python3.12/site-packages/airflow/example_dags/tutorial.py
[2024-09-01T00:48:51.557+0530] {processor.py:914} INFO - Processing file /Users/ravipal/Desktop/Workspace/airflow_tutorial/py_env/lib/python3.12/site-packages/airflow/example_dags/tutorial.py for tasks to queue
[2024-09-01T00:48:51.558+0530] {logging_mixin.py:190} INFO - [2024-09-01T00:48:51.558+0530] {dagbag.py:587} INFO - Filling up the DagBag from /Users/ravipal/Desktop/Workspace/airflow_tutorial/py_env/lib/python3.12/site-packages/airflow/example_dags/tutorial.py
[2024-09-01T00:48:51.562+0530] {processor.py:925} INFO - DAG(s) 'tutorial' retrieved from /Users/ravipal/Desktop/Workspace/airflow_tutorial/py_env/lib/python3.12/site-packages/airflow/example_dags/tutorial.py
[2024-09-01T00:48:51.600+0530] {logging_mixin.py:190} INFO - [2024-09-01T00:48:51.600+0530] {dag.py:3211} INFO - Sync 1 DAGs
[2024-09-01T00:48:51.606+0530] {logging_mixin.py:190} INFO - [2024-09-01T00:48:51.606+0530] {dag.py:4138} INFO - Setting next_dagrun for tutorial to 2024-08-30 00:00:00+00:00, run_after=2024-08-31 00:00:00+00:00
[2024-09-01T00:48:51.614+0530] {processor.py:208} INFO - Processing /Users/ravipal/Desktop/Workspace/airflow_tutorial/py_env/lib/python3.12/site-packages/airflow/example_dags/tutorial.py took 0.060 seconds
[2024-09-01T00:49:55.510+0530] {processor.py:186} INFO - Started process (PID=3247) to work on /Users/ravipal/Desktop/Workspace/airflow_tutorial/py_env/lib/python3.12/site-packages/airflow/example_dags/tutorial.py
[2024-09-01T00:49:55.511+0530] {processor.py:914} INFO - Processing file /Users/ravipal/Desktop/Workspace/airflow_tutorial/py_env/lib/python3.12/site-packages/airflow/example_dags/tutorial.py for tasks to queue
[2024-09-01T00:49:55.511+0530] {logging_mixin.py:190} INFO - [2024-09-01T00:49:55.511+0530] {dagbag.py:587} INFO - Filling up the DagBag from /Users/ravipal/Desktop/Workspace/airflow_tutorial/py_env/lib/python3.12/site-packages/airflow/example_dags/tutorial.py
[2024-09-01T00:49:55.514+0530] {processor.py:925} INFO - DAG(s) 'tutorial' retrieved from /Users/ravipal/Desktop/Workspace/airflow_tutorial/py_env/lib/python3.12/site-packages/airflow/example_dags/tutorial.py
[2024-09-01T00:49:55.549+0530] {logging_mixin.py:190} INFO - [2024-09-01T00:49:55.549+0530] {dag.py:3211} INFO - Sync 1 DAGs
[2024-09-01T00:49:55.555+0530] {logging_mixin.py:190} INFO - [2024-09-01T00:49:55.555+0530] {dag.py:4138} INFO - Setting next_dagrun for tutorial to 2024-08-30 00:00:00+00:00, run_after=2024-08-31 00:00:00+00:00
[2024-09-01T00:49:55.561+0530] {processor.py:208} INFO - Processing /Users/ravipal/Desktop/Workspace/airflow_tutorial/py_env/lib/python3.12/site-packages/airflow/example_dags/tutorial.py took 0.053 seconds
[2024-09-01T00:51:05.925+0530] {processor.py:186} INFO - Started process (PID=3329) to work on /Users/ravipal/Desktop/Workspace/airflow_tutorial/py_env/lib/python3.12/site-packages/airflow/example_dags/tutorial.py
[2024-09-01T00:51:05.926+0530] {processor.py:914} INFO - Processing file /Users/ravipal/Desktop/Workspace/airflow_tutorial/py_env/lib/python3.12/site-packages/airflow/example_dags/tutorial.py for tasks to queue
[2024-09-01T00:51:05.926+0530] {logging_mixin.py:190} INFO - [2024-09-01T00:51:05.926+0530] {dagbag.py:587} INFO - Filling up the DagBag from /Users/ravipal/Desktop/Workspace/airflow_tutorial/py_env/lib/python3.12/site-packages/airflow/example_dags/tutorial.py
[2024-09-01T00:51:05.930+0530] {processor.py:925} INFO - DAG(s) 'tutorial' retrieved from /Users/ravipal/Desktop/Workspace/airflow_tutorial/py_env/lib/python3.12/site-packages/airflow/example_dags/tutorial.py
[2024-09-01T00:51:05.964+0530] {logging_mixin.py:190} INFO - [2024-09-01T00:51:05.964+0530] {dag.py:3211} INFO - Sync 1 DAGs
[2024-09-01T00:51:05.970+0530] {logging_mixin.py:190} INFO - [2024-09-01T00:51:05.970+0530] {dag.py:4138} INFO - Setting next_dagrun for tutorial to 2024-08-30 00:00:00+00:00, run_after=2024-08-31 00:00:00+00:00
[2024-09-01T00:51:05.976+0530] {processor.py:208} INFO - Processing /Users/ravipal/Desktop/Workspace/airflow_tutorial/py_env/lib/python3.12/site-packages/airflow/example_dags/tutorial.py took 0.054 seconds
[2024-09-01T00:52:12.640+0530] {processor.py:186} INFO - Started process (PID=3397) to work on /Users/ravipal/Desktop/Workspace/airflow_tutorial/py_env/lib/python3.12/site-packages/airflow/example_dags/tutorial.py
[2024-09-01T00:52:12.641+0530] {processor.py:914} INFO - Processing file /Users/ravipal/Desktop/Workspace/airflow_tutorial/py_env/lib/python3.12/site-packages/airflow/example_dags/tutorial.py for tasks to queue
[2024-09-01T00:52:12.641+0530] {logging_mixin.py:190} INFO - [2024-09-01T00:52:12.641+0530] {dagbag.py:587} INFO - Filling up the DagBag from /Users/ravipal/Desktop/Workspace/airflow_tutorial/py_env/lib/python3.12/site-packages/airflow/example_dags/tutorial.py
[2024-09-01T00:52:12.644+0530] {processor.py:925} INFO - DAG(s) 'tutorial' retrieved from /Users/ravipal/Desktop/Workspace/airflow_tutorial/py_env/lib/python3.12/site-packages/airflow/example_dags/tutorial.py
[2024-09-01T00:52:12.679+0530] {logging_mixin.py:190} INFO - [2024-09-01T00:52:12.679+0530] {dag.py:3211} INFO - Sync 1 DAGs
[2024-09-01T00:52:12.685+0530] {logging_mixin.py:190} INFO - [2024-09-01T00:52:12.685+0530] {dag.py:4138} INFO - Setting next_dagrun for tutorial to 2024-08-30 00:00:00+00:00, run_after=2024-08-31 00:00:00+00:00
[2024-09-01T00:52:12.692+0530] {processor.py:208} INFO - Processing /Users/ravipal/Desktop/Workspace/airflow_tutorial/py_env/lib/python3.12/site-packages/airflow/example_dags/tutorial.py took 0.053 seconds
[2024-09-01T00:53:18.552+0530] {processor.py:186} INFO - Started process (PID=3463) to work on /Users/ravipal/Desktop/Workspace/airflow_tutorial/py_env/lib/python3.12/site-packages/airflow/example_dags/tutorial.py
[2024-09-01T00:53:18.552+0530] {processor.py:914} INFO - Processing file /Users/ravipal/Desktop/Workspace/airflow_tutorial/py_env/lib/python3.12/site-packages/airflow/example_dags/tutorial.py for tasks to queue
[2024-09-01T00:53:18.553+0530] {logging_mixin.py:190} INFO - [2024-09-01T00:53:18.552+0530] {dagbag.py:587} INFO - Filling up the DagBag from /Users/ravipal/Desktop/Workspace/airflow_tutorial/py_env/lib/python3.12/site-packages/airflow/example_dags/tutorial.py
[2024-09-01T00:53:18.556+0530] {processor.py:925} INFO - DAG(s) 'tutorial' retrieved from /Users/ravipal/Desktop/Workspace/airflow_tutorial/py_env/lib/python3.12/site-packages/airflow/example_dags/tutorial.py
[2024-09-01T00:53:18.590+0530] {logging_mixin.py:190} INFO - [2024-09-01T00:53:18.590+0530] {dag.py:3211} INFO - Sync 1 DAGs
[2024-09-01T00:53:18.596+0530] {logging_mixin.py:190} INFO - [2024-09-01T00:53:18.596+0530] {dag.py:4138} INFO - Setting next_dagrun for tutorial to 2024-08-30 00:00:00+00:00, run_after=2024-08-31 00:00:00+00:00
[2024-09-01T00:53:18.602+0530] {processor.py:208} INFO - Processing /Users/ravipal/Desktop/Workspace/airflow_tutorial/py_env/lib/python3.12/site-packages/airflow/example_dags/tutorial.py took 0.053 seconds
[2024-09-01T00:54:24.005+0530] {processor.py:186} INFO - Started process (PID=3528) to work on /Users/ravipal/Desktop/Workspace/airflow_tutorial/py_env/lib/python3.12/site-packages/airflow/example_dags/tutorial.py
[2024-09-01T00:54:24.006+0530] {processor.py:914} INFO - Processing file /Users/ravipal/Desktop/Workspace/airflow_tutorial/py_env/lib/python3.12/site-packages/airflow/example_dags/tutorial.py for tasks to queue
[2024-09-01T00:54:24.006+0530] {logging_mixin.py:190} INFO - [2024-09-01T00:54:24.006+0530] {dagbag.py:587} INFO - Filling up the DagBag from /Users/ravipal/Desktop/Workspace/airflow_tutorial/py_env/lib/python3.12/site-packages/airflow/example_dags/tutorial.py
[2024-09-01T00:54:24.010+0530] {processor.py:925} INFO - DAG(s) 'tutorial' retrieved from /Users/ravipal/Desktop/Workspace/airflow_tutorial/py_env/lib/python3.12/site-packages/airflow/example_dags/tutorial.py
[2024-09-01T00:54:24.045+0530] {logging_mixin.py:190} INFO - [2024-09-01T00:54:24.045+0530] {dag.py:3211} INFO - Sync 1 DAGs
[2024-09-01T00:54:24.051+0530] {logging_mixin.py:190} INFO - [2024-09-01T00:54:24.050+0530] {dag.py:4138} INFO - Setting next_dagrun for tutorial to 2024-08-30 00:00:00+00:00, run_after=2024-08-31 00:00:00+00:00
[2024-09-01T00:54:24.057+0530] {processor.py:208} INFO - Processing /Users/ravipal/Desktop/Workspace/airflow_tutorial/py_env/lib/python3.12/site-packages/airflow/example_dags/tutorial.py took 0.054 seconds
[2024-09-01T00:55:30.574+0530] {processor.py:186} INFO - Started process (PID=3595) to work on /Users/ravipal/Desktop/Workspace/airflow_tutorial/py_env/lib/python3.12/site-packages/airflow/example_dags/tutorial.py
[2024-09-01T00:55:30.575+0530] {processor.py:914} INFO - Processing file /Users/ravipal/Desktop/Workspace/airflow_tutorial/py_env/lib/python3.12/site-packages/airflow/example_dags/tutorial.py for tasks to queue
[2024-09-01T00:55:30.575+0530] {logging_mixin.py:190} INFO - [2024-09-01T00:55:30.575+0530] {dagbag.py:587} INFO - Filling up the DagBag from /Users/ravipal/Desktop/Workspace/airflow_tutorial/py_env/lib/python3.12/site-packages/airflow/example_dags/tutorial.py
[2024-09-01T00:55:30.579+0530] {processor.py:925} INFO - DAG(s) 'tutorial' retrieved from /Users/ravipal/Desktop/Workspace/airflow_tutorial/py_env/lib/python3.12/site-packages/airflow/example_dags/tutorial.py
[2024-09-01T00:55:30.614+0530] {logging_mixin.py:190} INFO - [2024-09-01T00:55:30.614+0530] {dag.py:3211} INFO - Sync 1 DAGs
[2024-09-01T00:55:30.620+0530] {logging_mixin.py:190} INFO - [2024-09-01T00:55:30.620+0530] {dag.py:4138} INFO - Setting next_dagrun for tutorial to 2024-08-30 00:00:00+00:00, run_after=2024-08-31 00:00:00+00:00
[2024-09-01T00:55:30.626+0530] {processor.py:208} INFO - Processing /Users/ravipal/Desktop/Workspace/airflow_tutorial/py_env/lib/python3.12/site-packages/airflow/example_dags/tutorial.py took 0.054 seconds
[2024-09-01T00:56:35.272+0530] {processor.py:186} INFO - Started process (PID=3658) to work on /Users/ravipal/Desktop/Workspace/airflow_tutorial/py_env/lib/python3.12/site-packages/airflow/example_dags/tutorial.py
[2024-09-01T00:56:35.272+0530] {processor.py:914} INFO - Processing file /Users/ravipal/Desktop/Workspace/airflow_tutorial/py_env/lib/python3.12/site-packages/airflow/example_dags/tutorial.py for tasks to queue
[2024-09-01T00:56:35.273+0530] {logging_mixin.py:190} INFO - [2024-09-01T00:56:35.273+0530] {dagbag.py:587} INFO - Filling up the DagBag from /Users/ravipal/Desktop/Workspace/airflow_tutorial/py_env/lib/python3.12/site-packages/airflow/example_dags/tutorial.py
[2024-09-01T00:56:35.276+0530] {processor.py:925} INFO - DAG(s) 'tutorial' retrieved from /Users/ravipal/Desktop/Workspace/airflow_tutorial/py_env/lib/python3.12/site-packages/airflow/example_dags/tutorial.py
[2024-09-01T00:56:35.313+0530] {logging_mixin.py:190} INFO - [2024-09-01T00:56:35.313+0530] {dag.py:3211} INFO - Sync 1 DAGs
[2024-09-01T00:56:35.319+0530] {logging_mixin.py:190} INFO - [2024-09-01T00:56:35.319+0530] {dag.py:4138} INFO - Setting next_dagrun for tutorial to 2024-08-30 00:00:00+00:00, run_after=2024-08-31 00:00:00+00:00
[2024-09-01T00:56:35.326+0530] {processor.py:208} INFO - Processing /Users/ravipal/Desktop/Workspace/airflow_tutorial/py_env/lib/python3.12/site-packages/airflow/example_dags/tutorial.py took 0.056 seconds
[2024-09-01T00:57:40.822+0530] {processor.py:186} INFO - Started process (PID=3723) to work on /Users/ravipal/Desktop/Workspace/airflow_tutorial/py_env/lib/python3.12/site-packages/airflow/example_dags/tutorial.py
[2024-09-01T00:57:40.822+0530] {processor.py:914} INFO - Processing file /Users/ravipal/Desktop/Workspace/airflow_tutorial/py_env/lib/python3.12/site-packages/airflow/example_dags/tutorial.py for tasks to queue
[2024-09-01T00:57:40.822+0530] {logging_mixin.py:190} INFO - [2024-09-01T00:57:40.822+0530] {dagbag.py:587} INFO - Filling up the DagBag from /Users/ravipal/Desktop/Workspace/airflow_tutorial/py_env/lib/python3.12/site-packages/airflow/example_dags/tutorial.py
[2024-09-01T00:57:40.826+0530] {processor.py:925} INFO - DAG(s) 'tutorial' retrieved from /Users/ravipal/Desktop/Workspace/airflow_tutorial/py_env/lib/python3.12/site-packages/airflow/example_dags/tutorial.py
[2024-09-01T00:57:40.860+0530] {logging_mixin.py:190} INFO - [2024-09-01T00:57:40.860+0530] {dag.py:3211} INFO - Sync 1 DAGs
[2024-09-01T00:57:40.865+0530] {logging_mixin.py:190} INFO - [2024-09-01T00:57:40.865+0530] {dag.py:4138} INFO - Setting next_dagrun for tutorial to 2024-08-30 00:00:00+00:00, run_after=2024-08-31 00:00:00+00:00
[2024-09-01T00:57:40.872+0530] {processor.py:208} INFO - Processing /Users/ravipal/Desktop/Workspace/airflow_tutorial/py_env/lib/python3.12/site-packages/airflow/example_dags/tutorial.py took 0.052 seconds
[2024-09-01T00:58:46.830+0530] {processor.py:186} INFO - Started process (PID=3789) to work on /Users/ravipal/Desktop/Workspace/airflow_tutorial/py_env/lib/python3.12/site-packages/airflow/example_dags/tutorial.py
[2024-09-01T00:58:46.831+0530] {processor.py:914} INFO - Processing file /Users/ravipal/Desktop/Workspace/airflow_tutorial/py_env/lib/python3.12/site-packages/airflow/example_dags/tutorial.py for tasks to queue
[2024-09-01T00:58:46.831+0530] {logging_mixin.py:190} INFO - [2024-09-01T00:58:46.831+0530] {dagbag.py:587} INFO - Filling up the DagBag from /Users/ravipal/Desktop/Workspace/airflow_tutorial/py_env/lib/python3.12/site-packages/airflow/example_dags/tutorial.py
[2024-09-01T00:58:46.834+0530] {processor.py:925} INFO - DAG(s) 'tutorial' retrieved from /Users/ravipal/Desktop/Workspace/airflow_tutorial/py_env/lib/python3.12/site-packages/airflow/example_dags/tutorial.py
[2024-09-01T00:58:46.869+0530] {logging_mixin.py:190} INFO - [2024-09-01T00:58:46.869+0530] {dag.py:3211} INFO - Sync 1 DAGs
[2024-09-01T00:58:46.875+0530] {logging_mixin.py:190} INFO - [2024-09-01T00:58:46.874+0530] {dag.py:4138} INFO - Setting next_dagrun for tutorial to 2024-08-30 00:00:00+00:00, run_after=2024-08-31 00:00:00+00:00
[2024-09-01T00:58:46.881+0530] {processor.py:208} INFO - Processing /Users/ravipal/Desktop/Workspace/airflow_tutorial/py_env/lib/python3.12/site-packages/airflow/example_dags/tutorial.py took 0.052 seconds
[2024-09-01T00:59:52.965+0530] {processor.py:186} INFO - Started process (PID=3856) to work on /Users/ravipal/Desktop/Workspace/airflow_tutorial/py_env/lib/python3.12/site-packages/airflow/example_dags/tutorial.py
[2024-09-01T00:59:52.966+0530] {processor.py:914} INFO - Processing file /Users/ravipal/Desktop/Workspace/airflow_tutorial/py_env/lib/python3.12/site-packages/airflow/example_dags/tutorial.py for tasks to queue
[2024-09-01T00:59:52.966+0530] {logging_mixin.py:190} INFO - [2024-09-01T00:59:52.966+0530] {dagbag.py:587} INFO - Filling up the DagBag from /Users/ravipal/Desktop/Workspace/airflow_tutorial/py_env/lib/python3.12/site-packages/airflow/example_dags/tutorial.py
[2024-09-01T00:59:52.970+0530] {processor.py:925} INFO - DAG(s) 'tutorial' retrieved from /Users/ravipal/Desktop/Workspace/airflow_tutorial/py_env/lib/python3.12/site-packages/airflow/example_dags/tutorial.py
[2024-09-01T00:59:53.004+0530] {logging_mixin.py:190} INFO - [2024-09-01T00:59:53.004+0530] {dag.py:3211} INFO - Sync 1 DAGs
[2024-09-01T00:59:53.010+0530] {logging_mixin.py:190} INFO - [2024-09-01T00:59:53.010+0530] {dag.py:4138} INFO - Setting next_dagrun for tutorial to 2024-08-30 00:00:00+00:00, run_after=2024-08-31 00:00:00+00:00
[2024-09-01T00:59:53.017+0530] {processor.py:208} INFO - Processing /Users/ravipal/Desktop/Workspace/airflow_tutorial/py_env/lib/python3.12/site-packages/airflow/example_dags/tutorial.py took 0.053 seconds
[2024-09-01T01:00:55.867+0530] {processor.py:186} INFO - Started process (PID=3919) to work on /Users/ravipal/Desktop/Workspace/airflow_tutorial/py_env/lib/python3.12/site-packages/airflow/example_dags/tutorial.py
[2024-09-01T01:00:55.868+0530] {processor.py:914} INFO - Processing file /Users/ravipal/Desktop/Workspace/airflow_tutorial/py_env/lib/python3.12/site-packages/airflow/example_dags/tutorial.py for tasks to queue
[2024-09-01T01:00:55.868+0530] {logging_mixin.py:190} INFO - [2024-09-01T01:00:55.868+0530] {dagbag.py:587} INFO - Filling up the DagBag from /Users/ravipal/Desktop/Workspace/airflow_tutorial/py_env/lib/python3.12/site-packages/airflow/example_dags/tutorial.py
[2024-09-01T01:00:55.871+0530] {processor.py:925} INFO - DAG(s) 'tutorial' retrieved from /Users/ravipal/Desktop/Workspace/airflow_tutorial/py_env/lib/python3.12/site-packages/airflow/example_dags/tutorial.py
[2024-09-01T01:00:55.906+0530] {logging_mixin.py:190} INFO - [2024-09-01T01:00:55.906+0530] {dag.py:3211} INFO - Sync 1 DAGs
[2024-09-01T01:00:55.912+0530] {logging_mixin.py:190} INFO - [2024-09-01T01:00:55.912+0530] {dag.py:4138} INFO - Setting next_dagrun for tutorial to 2024-08-30 00:00:00+00:00, run_after=2024-08-31 00:00:00+00:00
[2024-09-01T01:00:55.919+0530] {processor.py:208} INFO - Processing /Users/ravipal/Desktop/Workspace/airflow_tutorial/py_env/lib/python3.12/site-packages/airflow/example_dags/tutorial.py took 0.053 seconds
[2024-09-01T01:01:58.717+0530] {processor.py:186} INFO - Started process (PID=3983) to work on /Users/ravipal/Desktop/Workspace/airflow_tutorial/py_env/lib/python3.12/site-packages/airflow/example_dags/tutorial.py
[2024-09-01T01:01:58.717+0530] {processor.py:914} INFO - Processing file /Users/ravipal/Desktop/Workspace/airflow_tutorial/py_env/lib/python3.12/site-packages/airflow/example_dags/tutorial.py for tasks to queue
[2024-09-01T01:01:58.718+0530] {logging_mixin.py:190} INFO - [2024-09-01T01:01:58.717+0530] {dagbag.py:587} INFO - Filling up the DagBag from /Users/ravipal/Desktop/Workspace/airflow_tutorial/py_env/lib/python3.12/site-packages/airflow/example_dags/tutorial.py
[2024-09-01T01:01:58.721+0530] {processor.py:925} INFO - DAG(s) 'tutorial' retrieved from /Users/ravipal/Desktop/Workspace/airflow_tutorial/py_env/lib/python3.12/site-packages/airflow/example_dags/tutorial.py
[2024-09-01T01:01:58.756+0530] {logging_mixin.py:190} INFO - [2024-09-01T01:01:58.756+0530] {dag.py:3211} INFO - Sync 1 DAGs
[2024-09-01T01:01:58.761+0530] {logging_mixin.py:190} INFO - [2024-09-01T01:01:58.761+0530] {dag.py:4138} INFO - Setting next_dagrun for tutorial to 2024-08-30 00:00:00+00:00, run_after=2024-08-31 00:00:00+00:00
[2024-09-01T01:01:58.768+0530] {processor.py:208} INFO - Processing /Users/ravipal/Desktop/Workspace/airflow_tutorial/py_env/lib/python3.12/site-packages/airflow/example_dags/tutorial.py took 0.053 seconds
[2024-09-01T01:03:01.403+0530] {processor.py:186} INFO - Started process (PID=4047) to work on /Users/ravipal/Desktop/Workspace/airflow_tutorial/py_env/lib/python3.12/site-packages/airflow/example_dags/tutorial.py
[2024-09-01T01:03:01.403+0530] {processor.py:914} INFO - Processing file /Users/ravipal/Desktop/Workspace/airflow_tutorial/py_env/lib/python3.12/site-packages/airflow/example_dags/tutorial.py for tasks to queue
[2024-09-01T01:03:01.404+0530] {logging_mixin.py:190} INFO - [2024-09-01T01:03:01.403+0530] {dagbag.py:587} INFO - Filling up the DagBag from /Users/ravipal/Desktop/Workspace/airflow_tutorial/py_env/lib/python3.12/site-packages/airflow/example_dags/tutorial.py
[2024-09-01T01:03:01.407+0530] {processor.py:925} INFO - DAG(s) 'tutorial' retrieved from /Users/ravipal/Desktop/Workspace/airflow_tutorial/py_env/lib/python3.12/site-packages/airflow/example_dags/tutorial.py
[2024-09-01T01:03:01.442+0530] {logging_mixin.py:190} INFO - [2024-09-01T01:03:01.442+0530] {dag.py:3211} INFO - Sync 1 DAGs
[2024-09-01T01:03:01.448+0530] {logging_mixin.py:190} INFO - [2024-09-01T01:03:01.448+0530] {dag.py:4138} INFO - Setting next_dagrun for tutorial to 2024-08-30 00:00:00+00:00, run_after=2024-08-31 00:00:00+00:00
[2024-09-01T01:03:01.454+0530] {processor.py:208} INFO - Processing /Users/ravipal/Desktop/Workspace/airflow_tutorial/py_env/lib/python3.12/site-packages/airflow/example_dags/tutorial.py took 0.053 seconds
[2024-09-01T01:04:05.008+0530] {processor.py:186} INFO - Started process (PID=4119) to work on /Users/ravipal/Desktop/Workspace/airflow_tutorial/py_env/lib/python3.12/site-packages/airflow/example_dags/tutorial.py
[2024-09-01T01:04:05.009+0530] {processor.py:914} INFO - Processing file /Users/ravipal/Desktop/Workspace/airflow_tutorial/py_env/lib/python3.12/site-packages/airflow/example_dags/tutorial.py for tasks to queue
[2024-09-01T01:04:05.009+0530] {logging_mixin.py:190} INFO - [2024-09-01T01:04:05.009+0530] {dagbag.py:587} INFO - Filling up the DagBag from /Users/ravipal/Desktop/Workspace/airflow_tutorial/py_env/lib/python3.12/site-packages/airflow/example_dags/tutorial.py
[2024-09-01T01:04:05.012+0530] {processor.py:925} INFO - DAG(s) 'tutorial' retrieved from /Users/ravipal/Desktop/Workspace/airflow_tutorial/py_env/lib/python3.12/site-packages/airflow/example_dags/tutorial.py
[2024-09-01T01:04:05.048+0530] {logging_mixin.py:190} INFO - [2024-09-01T01:04:05.048+0530] {dag.py:3211} INFO - Sync 1 DAGs
[2024-09-01T01:04:05.054+0530] {logging_mixin.py:190} INFO - [2024-09-01T01:04:05.053+0530] {dag.py:4138} INFO - Setting next_dagrun for tutorial to 2024-08-30 00:00:00+00:00, run_after=2024-08-31 00:00:00+00:00
[2024-09-01T01:04:05.060+0530] {processor.py:208} INFO - Processing /Users/ravipal/Desktop/Workspace/airflow_tutorial/py_env/lib/python3.12/site-packages/airflow/example_dags/tutorial.py took 0.054 seconds
[2024-09-01T01:05:09.855+0530] {processor.py:186} INFO - Started process (PID=4197) to work on /Users/ravipal/Desktop/Workspace/airflow_tutorial/py_env/lib/python3.12/site-packages/airflow/example_dags/tutorial.py
[2024-09-01T01:05:09.856+0530] {processor.py:914} INFO - Processing file /Users/ravipal/Desktop/Workspace/airflow_tutorial/py_env/lib/python3.12/site-packages/airflow/example_dags/tutorial.py for tasks to queue
[2024-09-01T01:05:09.856+0530] {logging_mixin.py:190} INFO - [2024-09-01T01:05:09.856+0530] {dagbag.py:587} INFO - Filling up the DagBag from /Users/ravipal/Desktop/Workspace/airflow_tutorial/py_env/lib/python3.12/site-packages/airflow/example_dags/tutorial.py
[2024-09-01T01:05:09.859+0530] {processor.py:925} INFO - DAG(s) 'tutorial' retrieved from /Users/ravipal/Desktop/Workspace/airflow_tutorial/py_env/lib/python3.12/site-packages/airflow/example_dags/tutorial.py
[2024-09-01T01:05:09.894+0530] {logging_mixin.py:190} INFO - [2024-09-01T01:05:09.894+0530] {dag.py:3211} INFO - Sync 1 DAGs
[2024-09-01T01:05:09.900+0530] {logging_mixin.py:190} INFO - [2024-09-01T01:05:09.900+0530] {dag.py:4138} INFO - Setting next_dagrun for tutorial to 2024-08-30 00:00:00+00:00, run_after=2024-08-31 00:00:00+00:00
[2024-09-01T01:05:09.907+0530] {processor.py:208} INFO - Processing /Users/ravipal/Desktop/Workspace/airflow_tutorial/py_env/lib/python3.12/site-packages/airflow/example_dags/tutorial.py took 0.053 seconds
[2024-09-01T01:06:12.769+0530] {processor.py:186} INFO - Started process (PID=4273) to work on /Users/ravipal/Desktop/Workspace/airflow_tutorial/py_env/lib/python3.12/site-packages/airflow/example_dags/tutorial.py
[2024-09-01T01:06:12.770+0530] {processor.py:914} INFO - Processing file /Users/ravipal/Desktop/Workspace/airflow_tutorial/py_env/lib/python3.12/site-packages/airflow/example_dags/tutorial.py for tasks to queue
[2024-09-01T01:06:12.770+0530] {logging_mixin.py:190} INFO - [2024-09-01T01:06:12.770+0530] {dagbag.py:587} INFO - Filling up the DagBag from /Users/ravipal/Desktop/Workspace/airflow_tutorial/py_env/lib/python3.12/site-packages/airflow/example_dags/tutorial.py
[2024-09-01T01:06:12.774+0530] {processor.py:925} INFO - DAG(s) 'tutorial' retrieved from /Users/ravipal/Desktop/Workspace/airflow_tutorial/py_env/lib/python3.12/site-packages/airflow/example_dags/tutorial.py
[2024-09-01T01:06:12.810+0530] {logging_mixin.py:190} INFO - [2024-09-01T01:06:12.810+0530] {dag.py:3211} INFO - Sync 1 DAGs
[2024-09-01T01:06:12.816+0530] {logging_mixin.py:190} INFO - [2024-09-01T01:06:12.816+0530] {dag.py:4138} INFO - Setting next_dagrun for tutorial to 2024-08-30 00:00:00+00:00, run_after=2024-08-31 00:00:00+00:00
[2024-09-01T01:06:12.823+0530] {processor.py:208} INFO - Processing /Users/ravipal/Desktop/Workspace/airflow_tutorial/py_env/lib/python3.12/site-packages/airflow/example_dags/tutorial.py took 0.056 seconds
[2024-09-01T01:07:19.834+0530] {processor.py:186} INFO - Started process (PID=4342) to work on /Users/ravipal/Desktop/Workspace/airflow_tutorial/py_env/lib/python3.12/site-packages/airflow/example_dags/tutorial.py
[2024-09-01T01:07:19.835+0530] {processor.py:914} INFO - Processing file /Users/ravipal/Desktop/Workspace/airflow_tutorial/py_env/lib/python3.12/site-packages/airflow/example_dags/tutorial.py for tasks to queue
[2024-09-01T01:07:19.835+0530] {logging_mixin.py:190} INFO - [2024-09-01T01:07:19.835+0530] {dagbag.py:587} INFO - Filling up the DagBag from /Users/ravipal/Desktop/Workspace/airflow_tutorial/py_env/lib/python3.12/site-packages/airflow/example_dags/tutorial.py
[2024-09-01T01:07:19.838+0530] {processor.py:925} INFO - DAG(s) 'tutorial' retrieved from /Users/ravipal/Desktop/Workspace/airflow_tutorial/py_env/lib/python3.12/site-packages/airflow/example_dags/tutorial.py
[2024-09-01T01:07:19.873+0530] {logging_mixin.py:190} INFO - [2024-09-01T01:07:19.873+0530] {dag.py:3211} INFO - Sync 1 DAGs
[2024-09-01T01:07:19.879+0530] {logging_mixin.py:190} INFO - [2024-09-01T01:07:19.879+0530] {dag.py:4138} INFO - Setting next_dagrun for tutorial to 2024-08-30 00:00:00+00:00, run_after=2024-08-31 00:00:00+00:00
[2024-09-01T01:07:19.885+0530] {processor.py:208} INFO - Processing /Users/ravipal/Desktop/Workspace/airflow_tutorial/py_env/lib/python3.12/site-packages/airflow/example_dags/tutorial.py took 0.053 seconds
[2024-09-01T01:08:26.060+0530] {processor.py:186} INFO - Started process (PID=4408) to work on /Users/ravipal/Desktop/Workspace/airflow_tutorial/py_env/lib/python3.12/site-packages/airflow/example_dags/tutorial.py
[2024-09-01T01:08:26.061+0530] {processor.py:914} INFO - Processing file /Users/ravipal/Desktop/Workspace/airflow_tutorial/py_env/lib/python3.12/site-packages/airflow/example_dags/tutorial.py for tasks to queue
[2024-09-01T01:08:26.061+0530] {logging_mixin.py:190} INFO - [2024-09-01T01:08:26.061+0530] {dagbag.py:587} INFO - Filling up the DagBag from /Users/ravipal/Desktop/Workspace/airflow_tutorial/py_env/lib/python3.12/site-packages/airflow/example_dags/tutorial.py
[2024-09-01T01:08:26.064+0530] {processor.py:925} INFO - DAG(s) 'tutorial' retrieved from /Users/ravipal/Desktop/Workspace/airflow_tutorial/py_env/lib/python3.12/site-packages/airflow/example_dags/tutorial.py
[2024-09-01T01:08:26.099+0530] {logging_mixin.py:190} INFO - [2024-09-01T01:08:26.099+0530] {dag.py:3211} INFO - Sync 1 DAGs
[2024-09-01T01:08:26.105+0530] {logging_mixin.py:190} INFO - [2024-09-01T01:08:26.105+0530] {dag.py:4138} INFO - Setting next_dagrun for tutorial to 2024-08-30 00:00:00+00:00, run_after=2024-08-31 00:00:00+00:00
[2024-09-01T01:08:26.111+0530] {processor.py:208} INFO - Processing /Users/ravipal/Desktop/Workspace/airflow_tutorial/py_env/lib/python3.12/site-packages/airflow/example_dags/tutorial.py took 0.053 seconds
[2024-09-01T01:09:30.880+0530] {processor.py:186} INFO - Started process (PID=4473) to work on /Users/ravipal/Desktop/Workspace/airflow_tutorial/py_env/lib/python3.12/site-packages/airflow/example_dags/tutorial.py
[2024-09-01T01:09:30.880+0530] {processor.py:914} INFO - Processing file /Users/ravipal/Desktop/Workspace/airflow_tutorial/py_env/lib/python3.12/site-packages/airflow/example_dags/tutorial.py for tasks to queue
[2024-09-01T01:09:30.880+0530] {logging_mixin.py:190} INFO - [2024-09-01T01:09:30.880+0530] {dagbag.py:587} INFO - Filling up the DagBag from /Users/ravipal/Desktop/Workspace/airflow_tutorial/py_env/lib/python3.12/site-packages/airflow/example_dags/tutorial.py
[2024-09-01T01:09:30.884+0530] {processor.py:925} INFO - DAG(s) 'tutorial' retrieved from /Users/ravipal/Desktop/Workspace/airflow_tutorial/py_env/lib/python3.12/site-packages/airflow/example_dags/tutorial.py
[2024-09-01T01:09:30.919+0530] {logging_mixin.py:190} INFO - [2024-09-01T01:09:30.919+0530] {dag.py:3211} INFO - Sync 1 DAGs
[2024-09-01T01:09:30.925+0530] {logging_mixin.py:190} INFO - [2024-09-01T01:09:30.925+0530] {dag.py:4138} INFO - Setting next_dagrun for tutorial to 2024-08-30 00:00:00+00:00, run_after=2024-08-31 00:00:00+00:00
[2024-09-01T01:09:30.931+0530] {processor.py:208} INFO - Processing /Users/ravipal/Desktop/Workspace/airflow_tutorial/py_env/lib/python3.12/site-packages/airflow/example_dags/tutorial.py took 0.054 seconds
[2024-09-01T01:10:32.288+0530] {processor.py:186} INFO - Started process (PID=4535) to work on /Users/ravipal/Desktop/Workspace/airflow_tutorial/py_env/lib/python3.12/site-packages/airflow/example_dags/tutorial.py
[2024-09-01T01:10:32.288+0530] {processor.py:914} INFO - Processing file /Users/ravipal/Desktop/Workspace/airflow_tutorial/py_env/lib/python3.12/site-packages/airflow/example_dags/tutorial.py for tasks to queue
[2024-09-01T01:10:32.289+0530] {logging_mixin.py:190} INFO - [2024-09-01T01:10:32.289+0530] {dagbag.py:587} INFO - Filling up the DagBag from /Users/ravipal/Desktop/Workspace/airflow_tutorial/py_env/lib/python3.12/site-packages/airflow/example_dags/tutorial.py
[2024-09-01T01:10:32.292+0530] {processor.py:925} INFO - DAG(s) 'tutorial' retrieved from /Users/ravipal/Desktop/Workspace/airflow_tutorial/py_env/lib/python3.12/site-packages/airflow/example_dags/tutorial.py
[2024-09-01T01:10:32.327+0530] {logging_mixin.py:190} INFO - [2024-09-01T01:10:32.327+0530] {dag.py:3211} INFO - Sync 1 DAGs
[2024-09-01T01:10:32.333+0530] {logging_mixin.py:190} INFO - [2024-09-01T01:10:32.333+0530] {dag.py:4138} INFO - Setting next_dagrun for tutorial to 2024-08-30 00:00:00+00:00, run_after=2024-08-31 00:00:00+00:00
[2024-09-01T01:10:32.340+0530] {processor.py:208} INFO - Processing /Users/ravipal/Desktop/Workspace/airflow_tutorial/py_env/lib/python3.12/site-packages/airflow/example_dags/tutorial.py took 0.053 seconds
[2024-09-01T01:11:35.798+0530] {processor.py:186} INFO - Started process (PID=4599) to work on /Users/ravipal/Desktop/Workspace/airflow_tutorial/py_env/lib/python3.12/site-packages/airflow/example_dags/tutorial.py
[2024-09-01T01:11:35.799+0530] {processor.py:914} INFO - Processing file /Users/ravipal/Desktop/Workspace/airflow_tutorial/py_env/lib/python3.12/site-packages/airflow/example_dags/tutorial.py for tasks to queue
[2024-09-01T01:11:35.799+0530] {logging_mixin.py:190} INFO - [2024-09-01T01:11:35.799+0530] {dagbag.py:587} INFO - Filling up the DagBag from /Users/ravipal/Desktop/Workspace/airflow_tutorial/py_env/lib/python3.12/site-packages/airflow/example_dags/tutorial.py
[2024-09-01T01:11:35.803+0530] {processor.py:925} INFO - DAG(s) 'tutorial' retrieved from /Users/ravipal/Desktop/Workspace/airflow_tutorial/py_env/lib/python3.12/site-packages/airflow/example_dags/tutorial.py
[2024-09-01T01:11:35.838+0530] {logging_mixin.py:190} INFO - [2024-09-01T01:11:35.838+0530] {dag.py:3211} INFO - Sync 1 DAGs
[2024-09-01T01:11:35.844+0530] {logging_mixin.py:190} INFO - [2024-09-01T01:11:35.844+0530] {dag.py:4138} INFO - Setting next_dagrun for tutorial to 2024-08-30 00:00:00+00:00, run_after=2024-08-31 00:00:00+00:00
[2024-09-01T01:11:35.850+0530] {processor.py:208} INFO - Processing /Users/ravipal/Desktop/Workspace/airflow_tutorial/py_env/lib/python3.12/site-packages/airflow/example_dags/tutorial.py took 0.054 seconds
[2024-09-01T01:12:39.439+0530] {processor.py:186} INFO - Started process (PID=4665) to work on /Users/ravipal/Desktop/Workspace/airflow_tutorial/py_env/lib/python3.12/site-packages/airflow/example_dags/tutorial.py
[2024-09-01T01:12:39.439+0530] {processor.py:914} INFO - Processing file /Users/ravipal/Desktop/Workspace/airflow_tutorial/py_env/lib/python3.12/site-packages/airflow/example_dags/tutorial.py for tasks to queue
[2024-09-01T01:12:39.439+0530] {logging_mixin.py:190} INFO - [2024-09-01T01:12:39.439+0530] {dagbag.py:587} INFO - Filling up the DagBag from /Users/ravipal/Desktop/Workspace/airflow_tutorial/py_env/lib/python3.12/site-packages/airflow/example_dags/tutorial.py
[2024-09-01T01:12:39.443+0530] {processor.py:925} INFO - DAG(s) 'tutorial' retrieved from /Users/ravipal/Desktop/Workspace/airflow_tutorial/py_env/lib/python3.12/site-packages/airflow/example_dags/tutorial.py
[2024-09-01T01:12:39.478+0530] {logging_mixin.py:190} INFO - [2024-09-01T01:12:39.478+0530] {dag.py:3211} INFO - Sync 1 DAGs
[2024-09-01T01:12:39.484+0530] {logging_mixin.py:190} INFO - [2024-09-01T01:12:39.483+0530] {dag.py:4138} INFO - Setting next_dagrun for tutorial to 2024-08-30 00:00:00+00:00, run_after=2024-08-31 00:00:00+00:00
[2024-09-01T01:12:39.490+0530] {processor.py:208} INFO - Processing /Users/ravipal/Desktop/Workspace/airflow_tutorial/py_env/lib/python3.12/site-packages/airflow/example_dags/tutorial.py took 0.053 seconds
[2024-09-01T01:13:41.762+0530] {processor.py:186} INFO - Started process (PID=4726) to work on /Users/ravipal/Desktop/Workspace/airflow_tutorial/py_env/lib/python3.12/site-packages/airflow/example_dags/tutorial.py
[2024-09-01T01:13:41.762+0530] {processor.py:914} INFO - Processing file /Users/ravipal/Desktop/Workspace/airflow_tutorial/py_env/lib/python3.12/site-packages/airflow/example_dags/tutorial.py for tasks to queue
[2024-09-01T01:13:41.763+0530] {logging_mixin.py:190} INFO - [2024-09-01T01:13:41.763+0530] {dagbag.py:587} INFO - Filling up the DagBag from /Users/ravipal/Desktop/Workspace/airflow_tutorial/py_env/lib/python3.12/site-packages/airflow/example_dags/tutorial.py
[2024-09-01T01:13:41.766+0530] {processor.py:925} INFO - DAG(s) 'tutorial' retrieved from /Users/ravipal/Desktop/Workspace/airflow_tutorial/py_env/lib/python3.12/site-packages/airflow/example_dags/tutorial.py
[2024-09-01T01:13:41.802+0530] {logging_mixin.py:190} INFO - [2024-09-01T01:13:41.802+0530] {dag.py:3211} INFO - Sync 1 DAGs
[2024-09-01T01:13:41.807+0530] {logging_mixin.py:190} INFO - [2024-09-01T01:13:41.807+0530] {dag.py:4138} INFO - Setting next_dagrun for tutorial to 2024-08-30 00:00:00+00:00, run_after=2024-08-31 00:00:00+00:00
[2024-09-01T01:13:41.814+0530] {processor.py:208} INFO - Processing /Users/ravipal/Desktop/Workspace/airflow_tutorial/py_env/lib/python3.12/site-packages/airflow/example_dags/tutorial.py took 0.054 seconds
[2024-09-01T01:14:48.105+0530] {processor.py:186} INFO - Started process (PID=4793) to work on /Users/ravipal/Desktop/Workspace/airflow_tutorial/py_env/lib/python3.12/site-packages/airflow/example_dags/tutorial.py
[2024-09-01T01:14:48.106+0530] {processor.py:914} INFO - Processing file /Users/ravipal/Desktop/Workspace/airflow_tutorial/py_env/lib/python3.12/site-packages/airflow/example_dags/tutorial.py for tasks to queue
[2024-09-01T01:14:48.106+0530] {logging_mixin.py:190} INFO - [2024-09-01T01:14:48.106+0530] {dagbag.py:587} INFO - Filling up the DagBag from /Users/ravipal/Desktop/Workspace/airflow_tutorial/py_env/lib/python3.12/site-packages/airflow/example_dags/tutorial.py
[2024-09-01T01:14:48.109+0530] {processor.py:925} INFO - DAG(s) 'tutorial' retrieved from /Users/ravipal/Desktop/Workspace/airflow_tutorial/py_env/lib/python3.12/site-packages/airflow/example_dags/tutorial.py
[2024-09-01T01:14:48.144+0530] {logging_mixin.py:190} INFO - [2024-09-01T01:14:48.144+0530] {dag.py:3211} INFO - Sync 1 DAGs
[2024-09-01T01:14:48.150+0530] {logging_mixin.py:190} INFO - [2024-09-01T01:14:48.150+0530] {dag.py:4138} INFO - Setting next_dagrun for tutorial to 2024-08-30 00:00:00+00:00, run_after=2024-08-31 00:00:00+00:00
[2024-09-01T01:14:48.157+0530] {processor.py:208} INFO - Processing /Users/ravipal/Desktop/Workspace/airflow_tutorial/py_env/lib/python3.12/site-packages/airflow/example_dags/tutorial.py took 0.053 seconds
[2024-09-01T01:15:54.439+0530] {processor.py:186} INFO - Started process (PID=4860) to work on /Users/ravipal/Desktop/Workspace/airflow_tutorial/py_env/lib/python3.12/site-packages/airflow/example_dags/tutorial.py
[2024-09-01T01:15:54.439+0530] {processor.py:914} INFO - Processing file /Users/ravipal/Desktop/Workspace/airflow_tutorial/py_env/lib/python3.12/site-packages/airflow/example_dags/tutorial.py for tasks to queue
[2024-09-01T01:15:54.440+0530] {logging_mixin.py:190} INFO - [2024-09-01T01:15:54.440+0530] {dagbag.py:587} INFO - Filling up the DagBag from /Users/ravipal/Desktop/Workspace/airflow_tutorial/py_env/lib/python3.12/site-packages/airflow/example_dags/tutorial.py
[2024-09-01T01:15:54.443+0530] {processor.py:925} INFO - DAG(s) 'tutorial' retrieved from /Users/ravipal/Desktop/Workspace/airflow_tutorial/py_env/lib/python3.12/site-packages/airflow/example_dags/tutorial.py
[2024-09-01T01:15:54.478+0530] {logging_mixin.py:190} INFO - [2024-09-01T01:15:54.478+0530] {dag.py:3211} INFO - Sync 1 DAGs
[2024-09-01T01:15:54.484+0530] {logging_mixin.py:190} INFO - [2024-09-01T01:15:54.484+0530] {dag.py:4138} INFO - Setting next_dagrun for tutorial to 2024-08-30 00:00:00+00:00, run_after=2024-08-31 00:00:00+00:00
[2024-09-01T01:15:54.491+0530] {processor.py:208} INFO - Processing /Users/ravipal/Desktop/Workspace/airflow_tutorial/py_env/lib/python3.12/site-packages/airflow/example_dags/tutorial.py took 0.054 seconds
[2024-09-01T01:17:00.631+0530] {processor.py:186} INFO - Started process (PID=4925) to work on /Users/ravipal/Desktop/Workspace/airflow_tutorial/py_env/lib/python3.12/site-packages/airflow/example_dags/tutorial.py
[2024-09-01T01:17:00.632+0530] {processor.py:914} INFO - Processing file /Users/ravipal/Desktop/Workspace/airflow_tutorial/py_env/lib/python3.12/site-packages/airflow/example_dags/tutorial.py for tasks to queue
[2024-09-01T01:17:00.632+0530] {logging_mixin.py:190} INFO - [2024-09-01T01:17:00.632+0530] {dagbag.py:587} INFO - Filling up the DagBag from /Users/ravipal/Desktop/Workspace/airflow_tutorial/py_env/lib/python3.12/site-packages/airflow/example_dags/tutorial.py
[2024-09-01T01:17:00.635+0530] {processor.py:925} INFO - DAG(s) 'tutorial' retrieved from /Users/ravipal/Desktop/Workspace/airflow_tutorial/py_env/lib/python3.12/site-packages/airflow/example_dags/tutorial.py
[2024-09-01T01:17:00.669+0530] {logging_mixin.py:190} INFO - [2024-09-01T01:17:00.669+0530] {dag.py:3211} INFO - Sync 1 DAGs
[2024-09-01T01:17:00.675+0530] {logging_mixin.py:190} INFO - [2024-09-01T01:17:00.674+0530] {dag.py:4138} INFO - Setting next_dagrun for tutorial to 2024-08-30 00:00:00+00:00, run_after=2024-08-31 00:00:00+00:00
[2024-09-01T01:17:00.681+0530] {processor.py:208} INFO - Processing /Users/ravipal/Desktop/Workspace/airflow_tutorial/py_env/lib/python3.12/site-packages/airflow/example_dags/tutorial.py took 0.052 seconds
[2024-09-01T01:18:04.484+0530] {processor.py:186} INFO - Started process (PID=4991) to work on /Users/ravipal/Desktop/Workspace/airflow_tutorial/py_env/lib/python3.12/site-packages/airflow/example_dags/tutorial.py
[2024-09-01T01:18:04.484+0530] {processor.py:914} INFO - Processing file /Users/ravipal/Desktop/Workspace/airflow_tutorial/py_env/lib/python3.12/site-packages/airflow/example_dags/tutorial.py for tasks to queue
[2024-09-01T01:18:04.485+0530] {logging_mixin.py:190} INFO - [2024-09-01T01:18:04.485+0530] {dagbag.py:587} INFO - Filling up the DagBag from /Users/ravipal/Desktop/Workspace/airflow_tutorial/py_env/lib/python3.12/site-packages/airflow/example_dags/tutorial.py
[2024-09-01T01:18:04.488+0530] {processor.py:925} INFO - DAG(s) 'tutorial' retrieved from /Users/ravipal/Desktop/Workspace/airflow_tutorial/py_env/lib/python3.12/site-packages/airflow/example_dags/tutorial.py
[2024-09-01T01:18:04.523+0530] {logging_mixin.py:190} INFO - [2024-09-01T01:18:04.523+0530] {dag.py:3211} INFO - Sync 1 DAGs
[2024-09-01T01:18:04.529+0530] {logging_mixin.py:190} INFO - [2024-09-01T01:18:04.529+0530] {dag.py:4138} INFO - Setting next_dagrun for tutorial to 2024-08-30 00:00:00+00:00, run_after=2024-08-31 00:00:00+00:00
[2024-09-01T01:18:04.535+0530] {processor.py:208} INFO - Processing /Users/ravipal/Desktop/Workspace/airflow_tutorial/py_env/lib/python3.12/site-packages/airflow/example_dags/tutorial.py took 0.053 seconds
