[2024-09-01T00:22:46.381+0530] {processor.py:186} INFO - Started process (PID=1407) to work on /Users/ravipal/Desktop/Workspace/airflow_tutorial/py_env/lib/python3.12/site-packages/airflow/example_dags/tutorial_taskflow_api.py
[2024-09-01T00:22:46.382+0530] {processor.py:914} INFO - Processing file /Users/ravipal/Desktop/Workspace/airflow_tutorial/py_env/lib/python3.12/site-packages/airflow/example_dags/tutorial_taskflow_api.py for tasks to queue
[2024-09-01T00:22:46.382+0530] {logging_mixin.py:190} INFO - [2024-09-01T00:22:46.382+0530] {dagbag.py:587} INFO - Filling up the DagBag from /Users/ravipal/Desktop/Workspace/airflow_tutorial/py_env/lib/python3.12/site-packages/airflow/example_dags/tutorial_taskflow_api.py
[2024-09-01T00:22:46.398+0530] {processor.py:925} INFO - DAG(s) 'tutorial_taskflow_api' retrieved from /Users/ravipal/Desktop/Workspace/airflow_tutorial/py_env/lib/python3.12/site-packages/airflow/example_dags/tutorial_taskflow_api.py
[2024-09-01T00:22:46.463+0530] {logging_mixin.py:190} INFO - [2024-09-01T00:22:46.463+0530] {override.py:1858} INFO - Created Permission View: can delete on DAG:tutorial_taskflow_api
[2024-09-01T00:22:46.493+0530] {logging_mixin.py:190} INFO - [2024-09-01T00:22:46.493+0530] {override.py:1858} INFO - Created Permission View: can edit on DAG:tutorial_taskflow_api
[2024-09-01T00:22:46.495+0530] {logging_mixin.py:190} INFO - [2024-09-01T00:22:46.495+0530] {override.py:1858} INFO - Created Permission View: can read on DAG:tutorial_taskflow_api
[2024-09-01T00:22:46.496+0530] {logging_mixin.py:190} INFO - [2024-09-01T00:22:46.495+0530] {dag.py:3211} INFO - Sync 1 DAGs
[2024-09-01T00:22:46.499+0530] {logging_mixin.py:190} INFO - [2024-09-01T00:22:46.499+0530] {dag.py:3234} INFO - Creating ORM DAG for tutorial_taskflow_api
[2024-09-01T00:22:46.500+0530] {logging_mixin.py:190} INFO - [2024-09-01T00:22:46.500+0530] {dag.py:4138} INFO - Setting next_dagrun for tutorial_taskflow_api to None, run_after=None
[2024-09-01T00:22:46.505+0530] {processor.py:208} INFO - Processing /Users/ravipal/Desktop/Workspace/airflow_tutorial/py_env/lib/python3.12/site-packages/airflow/example_dags/tutorial_taskflow_api.py took 0.126 seconds
[2024-09-01T00:24:26.929+0530] {processor.py:186} INFO - Started process (PID=1512) to work on /Users/ravipal/Desktop/Workspace/airflow_tutorial/py_env/lib/python3.12/site-packages/airflow/example_dags/tutorial_taskflow_api.py
[2024-09-01T00:24:26.930+0530] {processor.py:914} INFO - Processing file /Users/ravipal/Desktop/Workspace/airflow_tutorial/py_env/lib/python3.12/site-packages/airflow/example_dags/tutorial_taskflow_api.py for tasks to queue
[2024-09-01T00:24:26.930+0530] {logging_mixin.py:190} INFO - [2024-09-01T00:24:26.930+0530] {dagbag.py:587} INFO - Filling up the DagBag from /Users/ravipal/Desktop/Workspace/airflow_tutorial/py_env/lib/python3.12/site-packages/airflow/example_dags/tutorial_taskflow_api.py
[2024-09-01T00:24:26.945+0530] {processor.py:925} INFO - DAG(s) 'tutorial_taskflow_api' retrieved from /Users/ravipal/Desktop/Workspace/airflow_tutorial/py_env/lib/python3.12/site-packages/airflow/example_dags/tutorial_taskflow_api.py
[2024-09-01T00:24:26.978+0530] {logging_mixin.py:190} INFO - [2024-09-01T00:24:26.978+0530] {dag.py:3211} INFO - Sync 1 DAGs
[2024-09-01T00:24:26.982+0530] {logging_mixin.py:190} INFO - [2024-09-01T00:24:26.982+0530] {dag.py:4138} INFO - Setting next_dagrun for tutorial_taskflow_api to None, run_after=None
[2024-09-01T00:24:26.988+0530] {processor.py:208} INFO - Processing /Users/ravipal/Desktop/Workspace/airflow_tutorial/py_env/lib/python3.12/site-packages/airflow/example_dags/tutorial_taskflow_api.py took 0.061 seconds
[2024-09-01T00:25:35.149+0530] {processor.py:186} INFO - Started process (PID=1581) to work on /Users/ravipal/Desktop/Workspace/airflow_tutorial/py_env/lib/python3.12/site-packages/airflow/example_dags/tutorial_taskflow_api.py
[2024-09-01T00:25:35.150+0530] {processor.py:914} INFO - Processing file /Users/ravipal/Desktop/Workspace/airflow_tutorial/py_env/lib/python3.12/site-packages/airflow/example_dags/tutorial_taskflow_api.py for tasks to queue
[2024-09-01T00:25:35.150+0530] {logging_mixin.py:190} INFO - [2024-09-01T00:25:35.150+0530] {dagbag.py:587} INFO - Filling up the DagBag from /Users/ravipal/Desktop/Workspace/airflow_tutorial/py_env/lib/python3.12/site-packages/airflow/example_dags/tutorial_taskflow_api.py
[2024-09-01T00:25:35.165+0530] {processor.py:925} INFO - DAG(s) 'tutorial_taskflow_api' retrieved from /Users/ravipal/Desktop/Workspace/airflow_tutorial/py_env/lib/python3.12/site-packages/airflow/example_dags/tutorial_taskflow_api.py
[2024-09-01T00:25:35.198+0530] {logging_mixin.py:190} INFO - [2024-09-01T00:25:35.198+0530] {dag.py:3211} INFO - Sync 1 DAGs
[2024-09-01T00:25:35.202+0530] {logging_mixin.py:190} INFO - [2024-09-01T00:25:35.202+0530] {dag.py:4138} INFO - Setting next_dagrun for tutorial_taskflow_api to None, run_after=None
[2024-09-01T00:25:35.209+0530] {processor.py:208} INFO - Processing /Users/ravipal/Desktop/Workspace/airflow_tutorial/py_env/lib/python3.12/site-packages/airflow/example_dags/tutorial_taskflow_api.py took 0.061 seconds
[2024-09-01T00:26:40.776+0530] {processor.py:186} INFO - Started process (PID=1652) to work on /Users/ravipal/Desktop/Workspace/airflow_tutorial/py_env/lib/python3.12/site-packages/airflow/example_dags/tutorial_taskflow_api.py
[2024-09-01T00:26:40.776+0530] {processor.py:914} INFO - Processing file /Users/ravipal/Desktop/Workspace/airflow_tutorial/py_env/lib/python3.12/site-packages/airflow/example_dags/tutorial_taskflow_api.py for tasks to queue
[2024-09-01T00:26:40.776+0530] {logging_mixin.py:190} INFO - [2024-09-01T00:26:40.776+0530] {dagbag.py:587} INFO - Filling up the DagBag from /Users/ravipal/Desktop/Workspace/airflow_tutorial/py_env/lib/python3.12/site-packages/airflow/example_dags/tutorial_taskflow_api.py
[2024-09-01T00:26:40.790+0530] {processor.py:925} INFO - DAG(s) 'tutorial_taskflow_api' retrieved from /Users/ravipal/Desktop/Workspace/airflow_tutorial/py_env/lib/python3.12/site-packages/airflow/example_dags/tutorial_taskflow_api.py
[2024-09-01T00:26:40.823+0530] {logging_mixin.py:190} INFO - [2024-09-01T00:26:40.823+0530] {dag.py:3211} INFO - Sync 1 DAGs
[2024-09-01T00:26:40.827+0530] {logging_mixin.py:190} INFO - [2024-09-01T00:26:40.827+0530] {dag.py:4138} INFO - Setting next_dagrun for tutorial_taskflow_api to None, run_after=None
[2024-09-01T00:26:40.833+0530] {processor.py:208} INFO - Processing /Users/ravipal/Desktop/Workspace/airflow_tutorial/py_env/lib/python3.12/site-packages/airflow/example_dags/tutorial_taskflow_api.py took 0.059 seconds
[2024-09-01T00:27:52.810+0530] {processor.py:186} INFO - Started process (PID=1910) to work on /Users/ravipal/Desktop/Workspace/airflow_tutorial/py_env/lib/python3.12/site-packages/airflow/example_dags/tutorial_taskflow_api.py
[2024-09-01T00:27:52.810+0530] {processor.py:914} INFO - Processing file /Users/ravipal/Desktop/Workspace/airflow_tutorial/py_env/lib/python3.12/site-packages/airflow/example_dags/tutorial_taskflow_api.py for tasks to queue
[2024-09-01T00:27:52.811+0530] {logging_mixin.py:190} INFO - [2024-09-01T00:27:52.811+0530] {dagbag.py:587} INFO - Filling up the DagBag from /Users/ravipal/Desktop/Workspace/airflow_tutorial/py_env/lib/python3.12/site-packages/airflow/example_dags/tutorial_taskflow_api.py
[2024-09-01T00:27:52.826+0530] {processor.py:925} INFO - DAG(s) 'tutorial_taskflow_api' retrieved from /Users/ravipal/Desktop/Workspace/airflow_tutorial/py_env/lib/python3.12/site-packages/airflow/example_dags/tutorial_taskflow_api.py
[2024-09-01T00:27:52.858+0530] {logging_mixin.py:190} INFO - [2024-09-01T00:27:52.858+0530] {dag.py:3211} INFO - Sync 1 DAGs
[2024-09-01T00:27:52.862+0530] {logging_mixin.py:190} INFO - [2024-09-01T00:27:52.862+0530] {dag.py:4138} INFO - Setting next_dagrun for tutorial_taskflow_api to None, run_after=None
[2024-09-01T00:27:52.869+0530] {processor.py:208} INFO - Processing /Users/ravipal/Desktop/Workspace/airflow_tutorial/py_env/lib/python3.12/site-packages/airflow/example_dags/tutorial_taskflow_api.py took 0.061 seconds
[2024-09-01T00:29:01.157+0530] {processor.py:186} INFO - Started process (PID=1980) to work on /Users/ravipal/Desktop/Workspace/airflow_tutorial/py_env/lib/python3.12/site-packages/airflow/example_dags/tutorial_taskflow_api.py
[2024-09-01T00:29:01.158+0530] {processor.py:914} INFO - Processing file /Users/ravipal/Desktop/Workspace/airflow_tutorial/py_env/lib/python3.12/site-packages/airflow/example_dags/tutorial_taskflow_api.py for tasks to queue
[2024-09-01T00:29:01.158+0530] {logging_mixin.py:190} INFO - [2024-09-01T00:29:01.158+0530] {dagbag.py:587} INFO - Filling up the DagBag from /Users/ravipal/Desktop/Workspace/airflow_tutorial/py_env/lib/python3.12/site-packages/airflow/example_dags/tutorial_taskflow_api.py
[2024-09-01T00:29:01.172+0530] {processor.py:925} INFO - DAG(s) 'tutorial_taskflow_api' retrieved from /Users/ravipal/Desktop/Workspace/airflow_tutorial/py_env/lib/python3.12/site-packages/airflow/example_dags/tutorial_taskflow_api.py
[2024-09-01T00:29:01.204+0530] {logging_mixin.py:190} INFO - [2024-09-01T00:29:01.204+0530] {dag.py:3211} INFO - Sync 1 DAGs
[2024-09-01T00:29:01.208+0530] {logging_mixin.py:190} INFO - [2024-09-01T00:29:01.208+0530] {dag.py:4138} INFO - Setting next_dagrun for tutorial_taskflow_api to None, run_after=None
[2024-09-01T00:29:01.215+0530] {processor.py:208} INFO - Processing /Users/ravipal/Desktop/Workspace/airflow_tutorial/py_env/lib/python3.12/site-packages/airflow/example_dags/tutorial_taskflow_api.py took 0.060 seconds
[2024-09-01T00:30:03.010+0530] {processor.py:186} INFO - Started process (PID=2043) to work on /Users/ravipal/Desktop/Workspace/airflow_tutorial/py_env/lib/python3.12/site-packages/airflow/example_dags/tutorial_taskflow_api.py
[2024-09-01T00:30:03.011+0530] {processor.py:914} INFO - Processing file /Users/ravipal/Desktop/Workspace/airflow_tutorial/py_env/lib/python3.12/site-packages/airflow/example_dags/tutorial_taskflow_api.py for tasks to queue
[2024-09-01T00:30:03.011+0530] {logging_mixin.py:190} INFO - [2024-09-01T00:30:03.011+0530] {dagbag.py:587} INFO - Filling up the DagBag from /Users/ravipal/Desktop/Workspace/airflow_tutorial/py_env/lib/python3.12/site-packages/airflow/example_dags/tutorial_taskflow_api.py
[2024-09-01T00:30:03.027+0530] {processor.py:925} INFO - DAG(s) 'tutorial_taskflow_api' retrieved from /Users/ravipal/Desktop/Workspace/airflow_tutorial/py_env/lib/python3.12/site-packages/airflow/example_dags/tutorial_taskflow_api.py
[2024-09-01T00:30:03.062+0530] {logging_mixin.py:190} INFO - [2024-09-01T00:30:03.062+0530] {dag.py:3211} INFO - Sync 1 DAGs
[2024-09-01T00:30:03.067+0530] {logging_mixin.py:190} INFO - [2024-09-01T00:30:03.067+0530] {dag.py:4138} INFO - Setting next_dagrun for tutorial_taskflow_api to None, run_after=None
[2024-09-01T00:30:03.074+0530] {processor.py:208} INFO - Processing /Users/ravipal/Desktop/Workspace/airflow_tutorial/py_env/lib/python3.12/site-packages/airflow/example_dags/tutorial_taskflow_api.py took 0.066 seconds
[2024-09-01T00:31:08.786+0530] {processor.py:186} INFO - Started process (PID=2109) to work on /Users/ravipal/Desktop/Workspace/airflow_tutorial/py_env/lib/python3.12/site-packages/airflow/example_dags/tutorial_taskflow_api.py
[2024-09-01T00:31:08.786+0530] {processor.py:914} INFO - Processing file /Users/ravipal/Desktop/Workspace/airflow_tutorial/py_env/lib/python3.12/site-packages/airflow/example_dags/tutorial_taskflow_api.py for tasks to queue
[2024-09-01T00:31:08.787+0530] {logging_mixin.py:190} INFO - [2024-09-01T00:31:08.787+0530] {dagbag.py:587} INFO - Filling up the DagBag from /Users/ravipal/Desktop/Workspace/airflow_tutorial/py_env/lib/python3.12/site-packages/airflow/example_dags/tutorial_taskflow_api.py
[2024-09-01T00:31:08.802+0530] {processor.py:925} INFO - DAG(s) 'tutorial_taskflow_api' retrieved from /Users/ravipal/Desktop/Workspace/airflow_tutorial/py_env/lib/python3.12/site-packages/airflow/example_dags/tutorial_taskflow_api.py
[2024-09-01T00:31:08.835+0530] {logging_mixin.py:190} INFO - [2024-09-01T00:31:08.835+0530] {dag.py:3211} INFO - Sync 1 DAGs
[2024-09-01T00:31:08.839+0530] {logging_mixin.py:190} INFO - [2024-09-01T00:31:08.839+0530] {dag.py:4138} INFO - Setting next_dagrun for tutorial_taskflow_api to None, run_after=None
[2024-09-01T00:31:08.845+0530] {processor.py:208} INFO - Processing /Users/ravipal/Desktop/Workspace/airflow_tutorial/py_env/lib/python3.12/site-packages/airflow/example_dags/tutorial_taskflow_api.py took 0.061 seconds
[2024-09-01T00:32:15.047+0530] {processor.py:186} INFO - Started process (PID=2176) to work on /Users/ravipal/Desktop/Workspace/airflow_tutorial/py_env/lib/python3.12/site-packages/airflow/example_dags/tutorial_taskflow_api.py
[2024-09-01T00:32:15.047+0530] {processor.py:914} INFO - Processing file /Users/ravipal/Desktop/Workspace/airflow_tutorial/py_env/lib/python3.12/site-packages/airflow/example_dags/tutorial_taskflow_api.py for tasks to queue
[2024-09-01T00:32:15.048+0530] {logging_mixin.py:190} INFO - [2024-09-01T00:32:15.048+0530] {dagbag.py:587} INFO - Filling up the DagBag from /Users/ravipal/Desktop/Workspace/airflow_tutorial/py_env/lib/python3.12/site-packages/airflow/example_dags/tutorial_taskflow_api.py
[2024-09-01T00:32:15.064+0530] {processor.py:925} INFO - DAG(s) 'tutorial_taskflow_api' retrieved from /Users/ravipal/Desktop/Workspace/airflow_tutorial/py_env/lib/python3.12/site-packages/airflow/example_dags/tutorial_taskflow_api.py
[2024-09-01T00:32:15.097+0530] {logging_mixin.py:190} INFO - [2024-09-01T00:32:15.097+0530] {dag.py:3211} INFO - Sync 1 DAGs
[2024-09-01T00:32:15.101+0530] {logging_mixin.py:190} INFO - [2024-09-01T00:32:15.101+0530] {dag.py:4138} INFO - Setting next_dagrun for tutorial_taskflow_api to None, run_after=None
[2024-09-01T00:32:15.108+0530] {processor.py:208} INFO - Processing /Users/ravipal/Desktop/Workspace/airflow_tutorial/py_env/lib/python3.12/site-packages/airflow/example_dags/tutorial_taskflow_api.py took 0.063 seconds
[2024-09-01T00:33:22.859+0530] {processor.py:186} INFO - Started process (PID=2242) to work on /Users/ravipal/Desktop/Workspace/airflow_tutorial/py_env/lib/python3.12/site-packages/airflow/example_dags/tutorial_taskflow_api.py
[2024-09-01T00:33:22.859+0530] {processor.py:914} INFO - Processing file /Users/ravipal/Desktop/Workspace/airflow_tutorial/py_env/lib/python3.12/site-packages/airflow/example_dags/tutorial_taskflow_api.py for tasks to queue
[2024-09-01T00:33:22.860+0530] {logging_mixin.py:190} INFO - [2024-09-01T00:33:22.860+0530] {dagbag.py:587} INFO - Filling up the DagBag from /Users/ravipal/Desktop/Workspace/airflow_tutorial/py_env/lib/python3.12/site-packages/airflow/example_dags/tutorial_taskflow_api.py
[2024-09-01T00:33:22.877+0530] {processor.py:925} INFO - DAG(s) 'tutorial_taskflow_api' retrieved from /Users/ravipal/Desktop/Workspace/airflow_tutorial/py_env/lib/python3.12/site-packages/airflow/example_dags/tutorial_taskflow_api.py
[2024-09-01T00:33:22.910+0530] {logging_mixin.py:190} INFO - [2024-09-01T00:33:22.910+0530] {dag.py:3211} INFO - Sync 1 DAGs
[2024-09-01T00:33:22.914+0530] {logging_mixin.py:190} INFO - [2024-09-01T00:33:22.914+0530] {dag.py:4138} INFO - Setting next_dagrun for tutorial_taskflow_api to None, run_after=None
[2024-09-01T00:33:22.920+0530] {processor.py:208} INFO - Processing /Users/ravipal/Desktop/Workspace/airflow_tutorial/py_env/lib/python3.12/site-packages/airflow/example_dags/tutorial_taskflow_api.py took 0.064 seconds
[2024-09-01T00:34:31.643+0530] {processor.py:186} INFO - Started process (PID=2310) to work on /Users/ravipal/Desktop/Workspace/airflow_tutorial/py_env/lib/python3.12/site-packages/airflow/example_dags/tutorial_taskflow_api.py
[2024-09-01T00:34:31.644+0530] {processor.py:914} INFO - Processing file /Users/ravipal/Desktop/Workspace/airflow_tutorial/py_env/lib/python3.12/site-packages/airflow/example_dags/tutorial_taskflow_api.py for tasks to queue
[2024-09-01T00:34:31.644+0530] {logging_mixin.py:190} INFO - [2024-09-01T00:34:31.644+0530] {dagbag.py:587} INFO - Filling up the DagBag from /Users/ravipal/Desktop/Workspace/airflow_tutorial/py_env/lib/python3.12/site-packages/airflow/example_dags/tutorial_taskflow_api.py
[2024-09-01T00:34:31.659+0530] {processor.py:925} INFO - DAG(s) 'tutorial_taskflow_api' retrieved from /Users/ravipal/Desktop/Workspace/airflow_tutorial/py_env/lib/python3.12/site-packages/airflow/example_dags/tutorial_taskflow_api.py
[2024-09-01T00:34:31.692+0530] {logging_mixin.py:190} INFO - [2024-09-01T00:34:31.692+0530] {dag.py:3211} INFO - Sync 1 DAGs
[2024-09-01T00:34:31.696+0530] {logging_mixin.py:190} INFO - [2024-09-01T00:34:31.696+0530] {dag.py:4138} INFO - Setting next_dagrun for tutorial_taskflow_api to None, run_after=None
[2024-09-01T00:34:31.703+0530] {processor.py:208} INFO - Processing /Users/ravipal/Desktop/Workspace/airflow_tutorial/py_env/lib/python3.12/site-packages/airflow/example_dags/tutorial_taskflow_api.py took 0.062 seconds
[2024-09-01T00:35:37.719+0530] {processor.py:186} INFO - Started process (PID=2379) to work on /Users/ravipal/Desktop/Workspace/airflow_tutorial/py_env/lib/python3.12/site-packages/airflow/example_dags/tutorial_taskflow_api.py
[2024-09-01T00:35:37.720+0530] {processor.py:914} INFO - Processing file /Users/ravipal/Desktop/Workspace/airflow_tutorial/py_env/lib/python3.12/site-packages/airflow/example_dags/tutorial_taskflow_api.py for tasks to queue
[2024-09-01T00:35:37.720+0530] {logging_mixin.py:190} INFO - [2024-09-01T00:35:37.720+0530] {dagbag.py:587} INFO - Filling up the DagBag from /Users/ravipal/Desktop/Workspace/airflow_tutorial/py_env/lib/python3.12/site-packages/airflow/example_dags/tutorial_taskflow_api.py
[2024-09-01T00:35:37.735+0530] {processor.py:925} INFO - DAG(s) 'tutorial_taskflow_api' retrieved from /Users/ravipal/Desktop/Workspace/airflow_tutorial/py_env/lib/python3.12/site-packages/airflow/example_dags/tutorial_taskflow_api.py
[2024-09-01T00:35:37.769+0530] {logging_mixin.py:190} INFO - [2024-09-01T00:35:37.769+0530] {dag.py:3211} INFO - Sync 1 DAGs
[2024-09-01T00:35:37.773+0530] {logging_mixin.py:190} INFO - [2024-09-01T00:35:37.773+0530] {dag.py:4138} INFO - Setting next_dagrun for tutorial_taskflow_api to None, run_after=None
[2024-09-01T00:35:37.780+0530] {processor.py:208} INFO - Processing /Users/ravipal/Desktop/Workspace/airflow_tutorial/py_env/lib/python3.12/site-packages/airflow/example_dags/tutorial_taskflow_api.py took 0.064 seconds
[2024-09-01T00:36:46.664+0530] {processor.py:186} INFO - Started process (PID=2447) to work on /Users/ravipal/Desktop/Workspace/airflow_tutorial/py_env/lib/python3.12/site-packages/airflow/example_dags/tutorial_taskflow_api.py
[2024-09-01T00:36:46.664+0530] {processor.py:914} INFO - Processing file /Users/ravipal/Desktop/Workspace/airflow_tutorial/py_env/lib/python3.12/site-packages/airflow/example_dags/tutorial_taskflow_api.py for tasks to queue
[2024-09-01T00:36:46.665+0530] {logging_mixin.py:190} INFO - [2024-09-01T00:36:46.664+0530] {dagbag.py:587} INFO - Filling up the DagBag from /Users/ravipal/Desktop/Workspace/airflow_tutorial/py_env/lib/python3.12/site-packages/airflow/example_dags/tutorial_taskflow_api.py
[2024-09-01T00:36:46.680+0530] {processor.py:925} INFO - DAG(s) 'tutorial_taskflow_api' retrieved from /Users/ravipal/Desktop/Workspace/airflow_tutorial/py_env/lib/python3.12/site-packages/airflow/example_dags/tutorial_taskflow_api.py
[2024-09-01T00:36:46.713+0530] {logging_mixin.py:190} INFO - [2024-09-01T00:36:46.713+0530] {dag.py:3211} INFO - Sync 1 DAGs
[2024-09-01T00:36:46.717+0530] {logging_mixin.py:190} INFO - [2024-09-01T00:36:46.717+0530] {dag.py:4138} INFO - Setting next_dagrun for tutorial_taskflow_api to None, run_after=None
[2024-09-01T00:36:46.724+0530] {processor.py:208} INFO - Processing /Users/ravipal/Desktop/Workspace/airflow_tutorial/py_env/lib/python3.12/site-packages/airflow/example_dags/tutorial_taskflow_api.py took 0.062 seconds
[2024-09-01T00:37:51.719+0530] {processor.py:186} INFO - Started process (PID=2512) to work on /Users/ravipal/Desktop/Workspace/airflow_tutorial/py_env/lib/python3.12/site-packages/airflow/example_dags/tutorial_taskflow_api.py
[2024-09-01T00:37:51.720+0530] {processor.py:914} INFO - Processing file /Users/ravipal/Desktop/Workspace/airflow_tutorial/py_env/lib/python3.12/site-packages/airflow/example_dags/tutorial_taskflow_api.py for tasks to queue
[2024-09-01T00:37:51.720+0530] {logging_mixin.py:190} INFO - [2024-09-01T00:37:51.720+0530] {dagbag.py:587} INFO - Filling up the DagBag from /Users/ravipal/Desktop/Workspace/airflow_tutorial/py_env/lib/python3.12/site-packages/airflow/example_dags/tutorial_taskflow_api.py
[2024-09-01T00:37:51.735+0530] {processor.py:925} INFO - DAG(s) 'tutorial_taskflow_api' retrieved from /Users/ravipal/Desktop/Workspace/airflow_tutorial/py_env/lib/python3.12/site-packages/airflow/example_dags/tutorial_taskflow_api.py
[2024-09-01T00:37:51.768+0530] {logging_mixin.py:190} INFO - [2024-09-01T00:37:51.768+0530] {dag.py:3211} INFO - Sync 1 DAGs
[2024-09-01T00:37:51.772+0530] {logging_mixin.py:190} INFO - [2024-09-01T00:37:51.772+0530] {dag.py:4138} INFO - Setting next_dagrun for tutorial_taskflow_api to None, run_after=None
[2024-09-01T00:37:51.779+0530] {processor.py:208} INFO - Processing /Users/ravipal/Desktop/Workspace/airflow_tutorial/py_env/lib/python3.12/site-packages/airflow/example_dags/tutorial_taskflow_api.py took 0.062 seconds
[2024-09-01T00:38:53.544+0530] {processor.py:186} INFO - Started process (PID=2576) to work on /Users/ravipal/Desktop/Workspace/airflow_tutorial/py_env/lib/python3.12/site-packages/airflow/example_dags/tutorial_taskflow_api.py
[2024-09-01T00:38:53.544+0530] {processor.py:914} INFO - Processing file /Users/ravipal/Desktop/Workspace/airflow_tutorial/py_env/lib/python3.12/site-packages/airflow/example_dags/tutorial_taskflow_api.py for tasks to queue
[2024-09-01T00:38:53.544+0530] {logging_mixin.py:190} INFO - [2024-09-01T00:38:53.544+0530] {dagbag.py:587} INFO - Filling up the DagBag from /Users/ravipal/Desktop/Workspace/airflow_tutorial/py_env/lib/python3.12/site-packages/airflow/example_dags/tutorial_taskflow_api.py
[2024-09-01T00:38:53.561+0530] {processor.py:925} INFO - DAG(s) 'tutorial_taskflow_api' retrieved from /Users/ravipal/Desktop/Workspace/airflow_tutorial/py_env/lib/python3.12/site-packages/airflow/example_dags/tutorial_taskflow_api.py
[2024-09-01T00:38:53.596+0530] {logging_mixin.py:190} INFO - [2024-09-01T00:38:53.596+0530] {dag.py:3211} INFO - Sync 1 DAGs
[2024-09-01T00:38:53.601+0530] {logging_mixin.py:190} INFO - [2024-09-01T00:38:53.601+0530] {dag.py:4138} INFO - Setting next_dagrun for tutorial_taskflow_api to None, run_after=None
[2024-09-01T00:38:53.608+0530] {processor.py:208} INFO - Processing /Users/ravipal/Desktop/Workspace/airflow_tutorial/py_env/lib/python3.12/site-packages/airflow/example_dags/tutorial_taskflow_api.py took 0.067 seconds
[2024-09-01T00:39:56.776+0530] {processor.py:186} INFO - Started process (PID=2639) to work on /Users/ravipal/Desktop/Workspace/airflow_tutorial/py_env/lib/python3.12/site-packages/airflow/example_dags/tutorial_taskflow_api.py
[2024-09-01T00:39:56.776+0530] {processor.py:914} INFO - Processing file /Users/ravipal/Desktop/Workspace/airflow_tutorial/py_env/lib/python3.12/site-packages/airflow/example_dags/tutorial_taskflow_api.py for tasks to queue
[2024-09-01T00:39:56.776+0530] {logging_mixin.py:190} INFO - [2024-09-01T00:39:56.776+0530] {dagbag.py:587} INFO - Filling up the DagBag from /Users/ravipal/Desktop/Workspace/airflow_tutorial/py_env/lib/python3.12/site-packages/airflow/example_dags/tutorial_taskflow_api.py
[2024-09-01T00:39:56.792+0530] {processor.py:925} INFO - DAG(s) 'tutorial_taskflow_api' retrieved from /Users/ravipal/Desktop/Workspace/airflow_tutorial/py_env/lib/python3.12/site-packages/airflow/example_dags/tutorial_taskflow_api.py
[2024-09-01T00:39:56.825+0530] {logging_mixin.py:190} INFO - [2024-09-01T00:39:56.825+0530] {dag.py:3211} INFO - Sync 1 DAGs
[2024-09-01T00:39:56.829+0530] {logging_mixin.py:190} INFO - [2024-09-01T00:39:56.829+0530] {dag.py:4138} INFO - Setting next_dagrun for tutorial_taskflow_api to None, run_after=None
[2024-09-01T00:39:56.836+0530] {processor.py:208} INFO - Processing /Users/ravipal/Desktop/Workspace/airflow_tutorial/py_env/lib/python3.12/site-packages/airflow/example_dags/tutorial_taskflow_api.py took 0.062 seconds
[2024-09-01T00:41:03.761+0530] {processor.py:186} INFO - Started process (PID=2704) to work on /Users/ravipal/Desktop/Workspace/airflow_tutorial/py_env/lib/python3.12/site-packages/airflow/example_dags/tutorial_taskflow_api.py
[2024-09-01T00:41:03.762+0530] {processor.py:914} INFO - Processing file /Users/ravipal/Desktop/Workspace/airflow_tutorial/py_env/lib/python3.12/site-packages/airflow/example_dags/tutorial_taskflow_api.py for tasks to queue
[2024-09-01T00:41:03.762+0530] {logging_mixin.py:190} INFO - [2024-09-01T00:41:03.762+0530] {dagbag.py:587} INFO - Filling up the DagBag from /Users/ravipal/Desktop/Workspace/airflow_tutorial/py_env/lib/python3.12/site-packages/airflow/example_dags/tutorial_taskflow_api.py
[2024-09-01T00:41:03.777+0530] {processor.py:925} INFO - DAG(s) 'tutorial_taskflow_api' retrieved from /Users/ravipal/Desktop/Workspace/airflow_tutorial/py_env/lib/python3.12/site-packages/airflow/example_dags/tutorial_taskflow_api.py
[2024-09-01T00:41:03.810+0530] {logging_mixin.py:190} INFO - [2024-09-01T00:41:03.810+0530] {dag.py:3211} INFO - Sync 1 DAGs
[2024-09-01T00:41:03.814+0530] {logging_mixin.py:190} INFO - [2024-09-01T00:41:03.814+0530] {dag.py:4138} INFO - Setting next_dagrun for tutorial_taskflow_api to None, run_after=None
[2024-09-01T00:41:03.821+0530] {processor.py:208} INFO - Processing /Users/ravipal/Desktop/Workspace/airflow_tutorial/py_env/lib/python3.12/site-packages/airflow/example_dags/tutorial_taskflow_api.py took 0.061 seconds
[2024-09-01T00:42:10.922+0530] {processor.py:186} INFO - Started process (PID=2770) to work on /Users/ravipal/Desktop/Workspace/airflow_tutorial/py_env/lib/python3.12/site-packages/airflow/example_dags/tutorial_taskflow_api.py
[2024-09-01T00:42:10.922+0530] {processor.py:914} INFO - Processing file /Users/ravipal/Desktop/Workspace/airflow_tutorial/py_env/lib/python3.12/site-packages/airflow/example_dags/tutorial_taskflow_api.py for tasks to queue
[2024-09-01T00:42:10.923+0530] {logging_mixin.py:190} INFO - [2024-09-01T00:42:10.923+0530] {dagbag.py:587} INFO - Filling up the DagBag from /Users/ravipal/Desktop/Workspace/airflow_tutorial/py_env/lib/python3.12/site-packages/airflow/example_dags/tutorial_taskflow_api.py
[2024-09-01T00:42:10.938+0530] {processor.py:925} INFO - DAG(s) 'tutorial_taskflow_api' retrieved from /Users/ravipal/Desktop/Workspace/airflow_tutorial/py_env/lib/python3.12/site-packages/airflow/example_dags/tutorial_taskflow_api.py
[2024-09-01T00:42:10.970+0530] {logging_mixin.py:190} INFO - [2024-09-01T00:42:10.970+0530] {dag.py:3211} INFO - Sync 1 DAGs
[2024-09-01T00:42:10.974+0530] {logging_mixin.py:190} INFO - [2024-09-01T00:42:10.974+0530] {dag.py:4138} INFO - Setting next_dagrun for tutorial_taskflow_api to None, run_after=None
[2024-09-01T00:42:10.981+0530] {processor.py:208} INFO - Processing /Users/ravipal/Desktop/Workspace/airflow_tutorial/py_env/lib/python3.12/site-packages/airflow/example_dags/tutorial_taskflow_api.py took 0.061 seconds
[2024-09-01T00:43:17.017+0530] {processor.py:186} INFO - Started process (PID=2836) to work on /Users/ravipal/Desktop/Workspace/airflow_tutorial/py_env/lib/python3.12/site-packages/airflow/example_dags/tutorial_taskflow_api.py
[2024-09-01T00:43:17.018+0530] {processor.py:914} INFO - Processing file /Users/ravipal/Desktop/Workspace/airflow_tutorial/py_env/lib/python3.12/site-packages/airflow/example_dags/tutorial_taskflow_api.py for tasks to queue
[2024-09-01T00:43:17.018+0530] {logging_mixin.py:190} INFO - [2024-09-01T00:43:17.018+0530] {dagbag.py:587} INFO - Filling up the DagBag from /Users/ravipal/Desktop/Workspace/airflow_tutorial/py_env/lib/python3.12/site-packages/airflow/example_dags/tutorial_taskflow_api.py
[2024-09-01T00:43:17.033+0530] {processor.py:925} INFO - DAG(s) 'tutorial_taskflow_api' retrieved from /Users/ravipal/Desktop/Workspace/airflow_tutorial/py_env/lib/python3.12/site-packages/airflow/example_dags/tutorial_taskflow_api.py
[2024-09-01T00:43:17.066+0530] {logging_mixin.py:190} INFO - [2024-09-01T00:43:17.066+0530] {dag.py:3211} INFO - Sync 1 DAGs
[2024-09-01T00:43:17.070+0530] {logging_mixin.py:190} INFO - [2024-09-01T00:43:17.070+0530] {dag.py:4138} INFO - Setting next_dagrun for tutorial_taskflow_api to None, run_after=None
[2024-09-01T00:43:17.076+0530] {processor.py:208} INFO - Processing /Users/ravipal/Desktop/Workspace/airflow_tutorial/py_env/lib/python3.12/site-packages/airflow/example_dags/tutorial_taskflow_api.py took 0.061 seconds
[2024-09-01T00:44:24.388+0530] {processor.py:186} INFO - Started process (PID=2902) to work on /Users/ravipal/Desktop/Workspace/airflow_tutorial/py_env/lib/python3.12/site-packages/airflow/example_dags/tutorial_taskflow_api.py
[2024-09-01T00:44:24.388+0530] {processor.py:914} INFO - Processing file /Users/ravipal/Desktop/Workspace/airflow_tutorial/py_env/lib/python3.12/site-packages/airflow/example_dags/tutorial_taskflow_api.py for tasks to queue
[2024-09-01T00:44:24.389+0530] {logging_mixin.py:190} INFO - [2024-09-01T00:44:24.389+0530] {dagbag.py:587} INFO - Filling up the DagBag from /Users/ravipal/Desktop/Workspace/airflow_tutorial/py_env/lib/python3.12/site-packages/airflow/example_dags/tutorial_taskflow_api.py
[2024-09-01T00:44:24.405+0530] {processor.py:925} INFO - DAG(s) 'tutorial_taskflow_api' retrieved from /Users/ravipal/Desktop/Workspace/airflow_tutorial/py_env/lib/python3.12/site-packages/airflow/example_dags/tutorial_taskflow_api.py
[2024-09-01T00:44:24.438+0530] {logging_mixin.py:190} INFO - [2024-09-01T00:44:24.438+0530] {dag.py:3211} INFO - Sync 1 DAGs
[2024-09-01T00:44:24.442+0530] {logging_mixin.py:190} INFO - [2024-09-01T00:44:24.442+0530] {dag.py:4138} INFO - Setting next_dagrun for tutorial_taskflow_api to None, run_after=None
[2024-09-01T00:44:24.449+0530] {processor.py:208} INFO - Processing /Users/ravipal/Desktop/Workspace/airflow_tutorial/py_env/lib/python3.12/site-packages/airflow/example_dags/tutorial_taskflow_api.py took 0.063 seconds
[2024-09-01T00:45:33.495+0530] {processor.py:186} INFO - Started process (PID=2971) to work on /Users/ravipal/Desktop/Workspace/airflow_tutorial/py_env/lib/python3.12/site-packages/airflow/example_dags/tutorial_taskflow_api.py
[2024-09-01T00:45:33.496+0530] {processor.py:914} INFO - Processing file /Users/ravipal/Desktop/Workspace/airflow_tutorial/py_env/lib/python3.12/site-packages/airflow/example_dags/tutorial_taskflow_api.py for tasks to queue
[2024-09-01T00:45:33.496+0530] {logging_mixin.py:190} INFO - [2024-09-01T00:45:33.496+0530] {dagbag.py:587} INFO - Filling up the DagBag from /Users/ravipal/Desktop/Workspace/airflow_tutorial/py_env/lib/python3.12/site-packages/airflow/example_dags/tutorial_taskflow_api.py
[2024-09-01T00:45:33.511+0530] {processor.py:925} INFO - DAG(s) 'tutorial_taskflow_api' retrieved from /Users/ravipal/Desktop/Workspace/airflow_tutorial/py_env/lib/python3.12/site-packages/airflow/example_dags/tutorial_taskflow_api.py
[2024-09-01T00:45:33.545+0530] {logging_mixin.py:190} INFO - [2024-09-01T00:45:33.544+0530] {dag.py:3211} INFO - Sync 1 DAGs
[2024-09-01T00:45:33.549+0530] {logging_mixin.py:190} INFO - [2024-09-01T00:45:33.549+0530] {dag.py:4138} INFO - Setting next_dagrun for tutorial_taskflow_api to None, run_after=None
[2024-09-01T00:45:33.555+0530] {processor.py:208} INFO - Processing /Users/ravipal/Desktop/Workspace/airflow_tutorial/py_env/lib/python3.12/site-packages/airflow/example_dags/tutorial_taskflow_api.py took 0.062 seconds
[2024-09-01T00:46:40.278+0530] {processor.py:186} INFO - Started process (PID=3036) to work on /Users/ravipal/Desktop/Workspace/airflow_tutorial/py_env/lib/python3.12/site-packages/airflow/example_dags/tutorial_taskflow_api.py
[2024-09-01T00:46:40.279+0530] {processor.py:914} INFO - Processing file /Users/ravipal/Desktop/Workspace/airflow_tutorial/py_env/lib/python3.12/site-packages/airflow/example_dags/tutorial_taskflow_api.py for tasks to queue
[2024-09-01T00:46:40.279+0530] {logging_mixin.py:190} INFO - [2024-09-01T00:46:40.279+0530] {dagbag.py:587} INFO - Filling up the DagBag from /Users/ravipal/Desktop/Workspace/airflow_tutorial/py_env/lib/python3.12/site-packages/airflow/example_dags/tutorial_taskflow_api.py
[2024-09-01T00:46:40.293+0530] {processor.py:925} INFO - DAG(s) 'tutorial_taskflow_api' retrieved from /Users/ravipal/Desktop/Workspace/airflow_tutorial/py_env/lib/python3.12/site-packages/airflow/example_dags/tutorial_taskflow_api.py
[2024-09-01T00:46:40.326+0530] {logging_mixin.py:190} INFO - [2024-09-01T00:46:40.326+0530] {dag.py:3211} INFO - Sync 1 DAGs
[2024-09-01T00:46:40.330+0530] {logging_mixin.py:190} INFO - [2024-09-01T00:46:40.330+0530] {dag.py:4138} INFO - Setting next_dagrun for tutorial_taskflow_api to None, run_after=None
[2024-09-01T00:46:40.337+0530] {processor.py:208} INFO - Processing /Users/ravipal/Desktop/Workspace/airflow_tutorial/py_env/lib/python3.12/site-packages/airflow/example_dags/tutorial_taskflow_api.py took 0.060 seconds
[2024-09-01T00:47:44.227+0530] {processor.py:186} INFO - Started process (PID=3101) to work on /Users/ravipal/Desktop/Workspace/airflow_tutorial/py_env/lib/python3.12/site-packages/airflow/example_dags/tutorial_taskflow_api.py
[2024-09-01T00:47:44.228+0530] {processor.py:914} INFO - Processing file /Users/ravipal/Desktop/Workspace/airflow_tutorial/py_env/lib/python3.12/site-packages/airflow/example_dags/tutorial_taskflow_api.py for tasks to queue
[2024-09-01T00:47:44.228+0530] {logging_mixin.py:190} INFO - [2024-09-01T00:47:44.228+0530] {dagbag.py:587} INFO - Filling up the DagBag from /Users/ravipal/Desktop/Workspace/airflow_tutorial/py_env/lib/python3.12/site-packages/airflow/example_dags/tutorial_taskflow_api.py
[2024-09-01T00:47:44.243+0530] {processor.py:925} INFO - DAG(s) 'tutorial_taskflow_api' retrieved from /Users/ravipal/Desktop/Workspace/airflow_tutorial/py_env/lib/python3.12/site-packages/airflow/example_dags/tutorial_taskflow_api.py
[2024-09-01T00:47:44.276+0530] {logging_mixin.py:190} INFO - [2024-09-01T00:47:44.276+0530] {dag.py:3211} INFO - Sync 1 DAGs
[2024-09-01T00:47:44.280+0530] {logging_mixin.py:190} INFO - [2024-09-01T00:47:44.280+0530] {dag.py:4138} INFO - Setting next_dagrun for tutorial_taskflow_api to None, run_after=None
[2024-09-01T00:47:44.287+0530] {processor.py:208} INFO - Processing /Users/ravipal/Desktop/Workspace/airflow_tutorial/py_env/lib/python3.12/site-packages/airflow/example_dags/tutorial_taskflow_api.py took 0.062 seconds
[2024-09-01T00:48:46.202+0530] {processor.py:186} INFO - Started process (PID=3164) to work on /Users/ravipal/Desktop/Workspace/airflow_tutorial/py_env/lib/python3.12/site-packages/airflow/example_dags/tutorial_taskflow_api.py
[2024-09-01T00:48:46.203+0530] {processor.py:914} INFO - Processing file /Users/ravipal/Desktop/Workspace/airflow_tutorial/py_env/lib/python3.12/site-packages/airflow/example_dags/tutorial_taskflow_api.py for tasks to queue
[2024-09-01T00:48:46.203+0530] {logging_mixin.py:190} INFO - [2024-09-01T00:48:46.203+0530] {dagbag.py:587} INFO - Filling up the DagBag from /Users/ravipal/Desktop/Workspace/airflow_tutorial/py_env/lib/python3.12/site-packages/airflow/example_dags/tutorial_taskflow_api.py
[2024-09-01T00:48:46.220+0530] {processor.py:925} INFO - DAG(s) 'tutorial_taskflow_api' retrieved from /Users/ravipal/Desktop/Workspace/airflow_tutorial/py_env/lib/python3.12/site-packages/airflow/example_dags/tutorial_taskflow_api.py
[2024-09-01T00:48:46.256+0530] {logging_mixin.py:190} INFO - [2024-09-01T00:48:46.256+0530] {dag.py:3211} INFO - Sync 1 DAGs
[2024-09-01T00:48:46.261+0530] {logging_mixin.py:190} INFO - [2024-09-01T00:48:46.261+0530] {dag.py:4138} INFO - Setting next_dagrun for tutorial_taskflow_api to None, run_after=None
[2024-09-01T00:48:46.269+0530] {processor.py:208} INFO - Processing /Users/ravipal/Desktop/Workspace/airflow_tutorial/py_env/lib/python3.12/site-packages/airflow/example_dags/tutorial_taskflow_api.py took 0.069 seconds
[2024-09-01T00:49:50.495+0530] {processor.py:186} INFO - Started process (PID=3240) to work on /Users/ravipal/Desktop/Workspace/airflow_tutorial/py_env/lib/python3.12/site-packages/airflow/example_dags/tutorial_taskflow_api.py
[2024-09-01T00:49:50.495+0530] {processor.py:914} INFO - Processing file /Users/ravipal/Desktop/Workspace/airflow_tutorial/py_env/lib/python3.12/site-packages/airflow/example_dags/tutorial_taskflow_api.py for tasks to queue
[2024-09-01T00:49:50.496+0530] {logging_mixin.py:190} INFO - [2024-09-01T00:49:50.495+0530] {dagbag.py:587} INFO - Filling up the DagBag from /Users/ravipal/Desktop/Workspace/airflow_tutorial/py_env/lib/python3.12/site-packages/airflow/example_dags/tutorial_taskflow_api.py
[2024-09-01T00:49:50.511+0530] {processor.py:925} INFO - DAG(s) 'tutorial_taskflow_api' retrieved from /Users/ravipal/Desktop/Workspace/airflow_tutorial/py_env/lib/python3.12/site-packages/airflow/example_dags/tutorial_taskflow_api.py
[2024-09-01T00:49:50.544+0530] {logging_mixin.py:190} INFO - [2024-09-01T00:49:50.544+0530] {dag.py:3211} INFO - Sync 1 DAGs
[2024-09-01T00:49:50.548+0530] {logging_mixin.py:190} INFO - [2024-09-01T00:49:50.547+0530] {dag.py:4138} INFO - Setting next_dagrun for tutorial_taskflow_api to None, run_after=None
[2024-09-01T00:49:50.554+0530] {processor.py:208} INFO - Processing /Users/ravipal/Desktop/Workspace/airflow_tutorial/py_env/lib/python3.12/site-packages/airflow/example_dags/tutorial_taskflow_api.py took 0.061 seconds
[2024-09-01T00:51:00.397+0530] {processor.py:186} INFO - Started process (PID=3324) to work on /Users/ravipal/Desktop/Workspace/airflow_tutorial/py_env/lib/python3.12/site-packages/airflow/example_dags/tutorial_taskflow_api.py
[2024-09-01T00:51:00.398+0530] {processor.py:914} INFO - Processing file /Users/ravipal/Desktop/Workspace/airflow_tutorial/py_env/lib/python3.12/site-packages/airflow/example_dags/tutorial_taskflow_api.py for tasks to queue
[2024-09-01T00:51:00.399+0530] {logging_mixin.py:190} INFO - [2024-09-01T00:51:00.398+0530] {dagbag.py:587} INFO - Filling up the DagBag from /Users/ravipal/Desktop/Workspace/airflow_tutorial/py_env/lib/python3.12/site-packages/airflow/example_dags/tutorial_taskflow_api.py
[2024-09-01T00:51:00.414+0530] {processor.py:925} INFO - DAG(s) 'tutorial_taskflow_api' retrieved from /Users/ravipal/Desktop/Workspace/airflow_tutorial/py_env/lib/python3.12/site-packages/airflow/example_dags/tutorial_taskflow_api.py
[2024-09-01T00:51:00.447+0530] {logging_mixin.py:190} INFO - [2024-09-01T00:51:00.447+0530] {dag.py:3211} INFO - Sync 1 DAGs
[2024-09-01T00:51:00.451+0530] {logging_mixin.py:190} INFO - [2024-09-01T00:51:00.451+0530] {dag.py:4138} INFO - Setting next_dagrun for tutorial_taskflow_api to None, run_after=None
[2024-09-01T00:51:00.458+0530] {processor.py:208} INFO - Processing /Users/ravipal/Desktop/Workspace/airflow_tutorial/py_env/lib/python3.12/site-packages/airflow/example_dags/tutorial_taskflow_api.py took 0.063 seconds
[2024-09-01T00:52:07.107+0530] {processor.py:186} INFO - Started process (PID=3392) to work on /Users/ravipal/Desktop/Workspace/airflow_tutorial/py_env/lib/python3.12/site-packages/airflow/example_dags/tutorial_taskflow_api.py
[2024-09-01T00:52:07.107+0530] {processor.py:914} INFO - Processing file /Users/ravipal/Desktop/Workspace/airflow_tutorial/py_env/lib/python3.12/site-packages/airflow/example_dags/tutorial_taskflow_api.py for tasks to queue
[2024-09-01T00:52:07.107+0530] {logging_mixin.py:190} INFO - [2024-09-01T00:52:07.107+0530] {dagbag.py:587} INFO - Filling up the DagBag from /Users/ravipal/Desktop/Workspace/airflow_tutorial/py_env/lib/python3.12/site-packages/airflow/example_dags/tutorial_taskflow_api.py
[2024-09-01T00:52:07.122+0530] {processor.py:925} INFO - DAG(s) 'tutorial_taskflow_api' retrieved from /Users/ravipal/Desktop/Workspace/airflow_tutorial/py_env/lib/python3.12/site-packages/airflow/example_dags/tutorial_taskflow_api.py
[2024-09-01T00:52:07.155+0530] {logging_mixin.py:190} INFO - [2024-09-01T00:52:07.155+0530] {dag.py:3211} INFO - Sync 1 DAGs
[2024-09-01T00:52:07.159+0530] {logging_mixin.py:190} INFO - [2024-09-01T00:52:07.159+0530] {dag.py:4138} INFO - Setting next_dagrun for tutorial_taskflow_api to None, run_after=None
[2024-09-01T00:52:07.165+0530] {processor.py:208} INFO - Processing /Users/ravipal/Desktop/Workspace/airflow_tutorial/py_env/lib/python3.12/site-packages/airflow/example_dags/tutorial_taskflow_api.py took 0.061 seconds
[2024-09-01T00:53:13.161+0530] {processor.py:186} INFO - Started process (PID=3458) to work on /Users/ravipal/Desktop/Workspace/airflow_tutorial/py_env/lib/python3.12/site-packages/airflow/example_dags/tutorial_taskflow_api.py
[2024-09-01T00:53:13.161+0530] {processor.py:914} INFO - Processing file /Users/ravipal/Desktop/Workspace/airflow_tutorial/py_env/lib/python3.12/site-packages/airflow/example_dags/tutorial_taskflow_api.py for tasks to queue
[2024-09-01T00:53:13.162+0530] {logging_mixin.py:190} INFO - [2024-09-01T00:53:13.161+0530] {dagbag.py:587} INFO - Filling up the DagBag from /Users/ravipal/Desktop/Workspace/airflow_tutorial/py_env/lib/python3.12/site-packages/airflow/example_dags/tutorial_taskflow_api.py
[2024-09-01T00:53:13.177+0530] {processor.py:925} INFO - DAG(s) 'tutorial_taskflow_api' retrieved from /Users/ravipal/Desktop/Workspace/airflow_tutorial/py_env/lib/python3.12/site-packages/airflow/example_dags/tutorial_taskflow_api.py
[2024-09-01T00:53:13.209+0530] {logging_mixin.py:190} INFO - [2024-09-01T00:53:13.209+0530] {dag.py:3211} INFO - Sync 1 DAGs
[2024-09-01T00:53:13.213+0530] {logging_mixin.py:190} INFO - [2024-09-01T00:53:13.213+0530] {dag.py:4138} INFO - Setting next_dagrun for tutorial_taskflow_api to None, run_after=None
[2024-09-01T00:53:13.220+0530] {processor.py:208} INFO - Processing /Users/ravipal/Desktop/Workspace/airflow_tutorial/py_env/lib/python3.12/site-packages/airflow/example_dags/tutorial_taskflow_api.py took 0.061 seconds
[2024-09-01T00:54:18.942+0530] {processor.py:186} INFO - Started process (PID=3523) to work on /Users/ravipal/Desktop/Workspace/airflow_tutorial/py_env/lib/python3.12/site-packages/airflow/example_dags/tutorial_taskflow_api.py
[2024-09-01T00:54:18.942+0530] {processor.py:914} INFO - Processing file /Users/ravipal/Desktop/Workspace/airflow_tutorial/py_env/lib/python3.12/site-packages/airflow/example_dags/tutorial_taskflow_api.py for tasks to queue
[2024-09-01T00:54:18.942+0530] {logging_mixin.py:190} INFO - [2024-09-01T00:54:18.942+0530] {dagbag.py:587} INFO - Filling up the DagBag from /Users/ravipal/Desktop/Workspace/airflow_tutorial/py_env/lib/python3.12/site-packages/airflow/example_dags/tutorial_taskflow_api.py
[2024-09-01T00:54:18.957+0530] {processor.py:925} INFO - DAG(s) 'tutorial_taskflow_api' retrieved from /Users/ravipal/Desktop/Workspace/airflow_tutorial/py_env/lib/python3.12/site-packages/airflow/example_dags/tutorial_taskflow_api.py
[2024-09-01T00:54:18.990+0530] {logging_mixin.py:190} INFO - [2024-09-01T00:54:18.990+0530] {dag.py:3211} INFO - Sync 1 DAGs
[2024-09-01T00:54:18.994+0530] {logging_mixin.py:190} INFO - [2024-09-01T00:54:18.994+0530] {dag.py:4138} INFO - Setting next_dagrun for tutorial_taskflow_api to None, run_after=None
[2024-09-01T00:54:19.001+0530] {processor.py:208} INFO - Processing /Users/ravipal/Desktop/Workspace/airflow_tutorial/py_env/lib/python3.12/site-packages/airflow/example_dags/tutorial_taskflow_api.py took 0.061 seconds
[2024-09-01T00:55:25.198+0530] {processor.py:186} INFO - Started process (PID=3590) to work on /Users/ravipal/Desktop/Workspace/airflow_tutorial/py_env/lib/python3.12/site-packages/airflow/example_dags/tutorial_taskflow_api.py
[2024-09-01T00:55:25.198+0530] {processor.py:914} INFO - Processing file /Users/ravipal/Desktop/Workspace/airflow_tutorial/py_env/lib/python3.12/site-packages/airflow/example_dags/tutorial_taskflow_api.py for tasks to queue
[2024-09-01T00:55:25.198+0530] {logging_mixin.py:190} INFO - [2024-09-01T00:55:25.198+0530] {dagbag.py:587} INFO - Filling up the DagBag from /Users/ravipal/Desktop/Workspace/airflow_tutorial/py_env/lib/python3.12/site-packages/airflow/example_dags/tutorial_taskflow_api.py
[2024-09-01T00:55:25.214+0530] {processor.py:925} INFO - DAG(s) 'tutorial_taskflow_api' retrieved from /Users/ravipal/Desktop/Workspace/airflow_tutorial/py_env/lib/python3.12/site-packages/airflow/example_dags/tutorial_taskflow_api.py
[2024-09-01T00:55:25.246+0530] {logging_mixin.py:190} INFO - [2024-09-01T00:55:25.246+0530] {dag.py:3211} INFO - Sync 1 DAGs
[2024-09-01T00:55:25.250+0530] {logging_mixin.py:190} INFO - [2024-09-01T00:55:25.250+0530] {dag.py:4138} INFO - Setting next_dagrun for tutorial_taskflow_api to None, run_after=None
[2024-09-01T00:55:25.257+0530] {processor.py:208} INFO - Processing /Users/ravipal/Desktop/Workspace/airflow_tutorial/py_env/lib/python3.12/site-packages/airflow/example_dags/tutorial_taskflow_api.py took 0.061 seconds
[2024-09-01T00:56:30.281+0530] {processor.py:186} INFO - Started process (PID=3653) to work on /Users/ravipal/Desktop/Workspace/airflow_tutorial/py_env/lib/python3.12/site-packages/airflow/example_dags/tutorial_taskflow_api.py
[2024-09-01T00:56:30.281+0530] {processor.py:914} INFO - Processing file /Users/ravipal/Desktop/Workspace/airflow_tutorial/py_env/lib/python3.12/site-packages/airflow/example_dags/tutorial_taskflow_api.py for tasks to queue
[2024-09-01T00:56:30.282+0530] {logging_mixin.py:190} INFO - [2024-09-01T00:56:30.282+0530] {dagbag.py:587} INFO - Filling up the DagBag from /Users/ravipal/Desktop/Workspace/airflow_tutorial/py_env/lib/python3.12/site-packages/airflow/example_dags/tutorial_taskflow_api.py
[2024-09-01T00:56:30.297+0530] {processor.py:925} INFO - DAG(s) 'tutorial_taskflow_api' retrieved from /Users/ravipal/Desktop/Workspace/airflow_tutorial/py_env/lib/python3.12/site-packages/airflow/example_dags/tutorial_taskflow_api.py
[2024-09-01T00:56:30.329+0530] {logging_mixin.py:190} INFO - [2024-09-01T00:56:30.329+0530] {dag.py:3211} INFO - Sync 1 DAGs
[2024-09-01T00:56:30.333+0530] {logging_mixin.py:190} INFO - [2024-09-01T00:56:30.333+0530] {dag.py:4138} INFO - Setting next_dagrun for tutorial_taskflow_api to None, run_after=None
[2024-09-01T00:56:30.340+0530] {processor.py:208} INFO - Processing /Users/ravipal/Desktop/Workspace/airflow_tutorial/py_env/lib/python3.12/site-packages/airflow/example_dags/tutorial_taskflow_api.py took 0.061 seconds
[2024-09-01T00:57:36.804+0530] {processor.py:186} INFO - Started process (PID=3718) to work on /Users/ravipal/Desktop/Workspace/airflow_tutorial/py_env/lib/python3.12/site-packages/airflow/example_dags/tutorial_taskflow_api.py
[2024-09-01T00:57:36.804+0530] {processor.py:914} INFO - Processing file /Users/ravipal/Desktop/Workspace/airflow_tutorial/py_env/lib/python3.12/site-packages/airflow/example_dags/tutorial_taskflow_api.py for tasks to queue
[2024-09-01T00:57:36.805+0530] {logging_mixin.py:190} INFO - [2024-09-01T00:57:36.805+0530] {dagbag.py:587} INFO - Filling up the DagBag from /Users/ravipal/Desktop/Workspace/airflow_tutorial/py_env/lib/python3.12/site-packages/airflow/example_dags/tutorial_taskflow_api.py
[2024-09-01T00:57:36.820+0530] {processor.py:925} INFO - DAG(s) 'tutorial_taskflow_api' retrieved from /Users/ravipal/Desktop/Workspace/airflow_tutorial/py_env/lib/python3.12/site-packages/airflow/example_dags/tutorial_taskflow_api.py
[2024-09-01T00:57:36.853+0530] {logging_mixin.py:190} INFO - [2024-09-01T00:57:36.852+0530] {dag.py:3211} INFO - Sync 1 DAGs
[2024-09-01T00:57:36.857+0530] {logging_mixin.py:190} INFO - [2024-09-01T00:57:36.857+0530] {dag.py:4138} INFO - Setting next_dagrun for tutorial_taskflow_api to None, run_after=None
[2024-09-01T00:57:36.863+0530] {processor.py:208} INFO - Processing /Users/ravipal/Desktop/Workspace/airflow_tutorial/py_env/lib/python3.12/site-packages/airflow/example_dags/tutorial_taskflow_api.py took 0.061 seconds
[2024-09-01T00:58:41.271+0530] {processor.py:186} INFO - Started process (PID=3784) to work on /Users/ravipal/Desktop/Workspace/airflow_tutorial/py_env/lib/python3.12/site-packages/airflow/example_dags/tutorial_taskflow_api.py
[2024-09-01T00:58:41.272+0530] {processor.py:914} INFO - Processing file /Users/ravipal/Desktop/Workspace/airflow_tutorial/py_env/lib/python3.12/site-packages/airflow/example_dags/tutorial_taskflow_api.py for tasks to queue
[2024-09-01T00:58:41.272+0530] {logging_mixin.py:190} INFO - [2024-09-01T00:58:41.272+0530] {dagbag.py:587} INFO - Filling up the DagBag from /Users/ravipal/Desktop/Workspace/airflow_tutorial/py_env/lib/python3.12/site-packages/airflow/example_dags/tutorial_taskflow_api.py
[2024-09-01T00:58:41.288+0530] {processor.py:925} INFO - DAG(s) 'tutorial_taskflow_api' retrieved from /Users/ravipal/Desktop/Workspace/airflow_tutorial/py_env/lib/python3.12/site-packages/airflow/example_dags/tutorial_taskflow_api.py
[2024-09-01T00:58:41.321+0530] {logging_mixin.py:190} INFO - [2024-09-01T00:58:41.321+0530] {dag.py:3211} INFO - Sync 1 DAGs
[2024-09-01T00:58:41.325+0530] {logging_mixin.py:190} INFO - [2024-09-01T00:58:41.325+0530] {dag.py:4138} INFO - Setting next_dagrun for tutorial_taskflow_api to None, run_after=None
[2024-09-01T00:58:41.332+0530] {processor.py:208} INFO - Processing /Users/ravipal/Desktop/Workspace/airflow_tutorial/py_env/lib/python3.12/site-packages/airflow/example_dags/tutorial_taskflow_api.py took 0.063 seconds
[2024-09-01T00:59:47.426+0530] {processor.py:186} INFO - Started process (PID=3851) to work on /Users/ravipal/Desktop/Workspace/airflow_tutorial/py_env/lib/python3.12/site-packages/airflow/example_dags/tutorial_taskflow_api.py
[2024-09-01T00:59:47.427+0530] {processor.py:914} INFO - Processing file /Users/ravipal/Desktop/Workspace/airflow_tutorial/py_env/lib/python3.12/site-packages/airflow/example_dags/tutorial_taskflow_api.py for tasks to queue
[2024-09-01T00:59:47.427+0530] {logging_mixin.py:190} INFO - [2024-09-01T00:59:47.427+0530] {dagbag.py:587} INFO - Filling up the DagBag from /Users/ravipal/Desktop/Workspace/airflow_tutorial/py_env/lib/python3.12/site-packages/airflow/example_dags/tutorial_taskflow_api.py
[2024-09-01T00:59:47.442+0530] {processor.py:925} INFO - DAG(s) 'tutorial_taskflow_api' retrieved from /Users/ravipal/Desktop/Workspace/airflow_tutorial/py_env/lib/python3.12/site-packages/airflow/example_dags/tutorial_taskflow_api.py
[2024-09-01T00:59:47.476+0530] {logging_mixin.py:190} INFO - [2024-09-01T00:59:47.475+0530] {dag.py:3211} INFO - Sync 1 DAGs
[2024-09-01T00:59:47.479+0530] {logging_mixin.py:190} INFO - [2024-09-01T00:59:47.479+0530] {dag.py:4138} INFO - Setting next_dagrun for tutorial_taskflow_api to None, run_after=None
[2024-09-01T00:59:47.486+0530] {processor.py:208} INFO - Processing /Users/ravipal/Desktop/Workspace/airflow_tutorial/py_env/lib/python3.12/site-packages/airflow/example_dags/tutorial_taskflow_api.py took 0.062 seconds
[2024-09-01T01:00:50.323+0530] {processor.py:186} INFO - Started process (PID=3914) to work on /Users/ravipal/Desktop/Workspace/airflow_tutorial/py_env/lib/python3.12/site-packages/airflow/example_dags/tutorial_taskflow_api.py
[2024-09-01T01:00:50.324+0530] {processor.py:914} INFO - Processing file /Users/ravipal/Desktop/Workspace/airflow_tutorial/py_env/lib/python3.12/site-packages/airflow/example_dags/tutorial_taskflow_api.py for tasks to queue
[2024-09-01T01:00:50.324+0530] {logging_mixin.py:190} INFO - [2024-09-01T01:00:50.324+0530] {dagbag.py:587} INFO - Filling up the DagBag from /Users/ravipal/Desktop/Workspace/airflow_tutorial/py_env/lib/python3.12/site-packages/airflow/example_dags/tutorial_taskflow_api.py
[2024-09-01T01:00:50.339+0530] {processor.py:925} INFO - DAG(s) 'tutorial_taskflow_api' retrieved from /Users/ravipal/Desktop/Workspace/airflow_tutorial/py_env/lib/python3.12/site-packages/airflow/example_dags/tutorial_taskflow_api.py
[2024-09-01T01:00:50.372+0530] {logging_mixin.py:190} INFO - [2024-09-01T01:00:50.371+0530] {dag.py:3211} INFO - Sync 1 DAGs
[2024-09-01T01:00:50.375+0530] {logging_mixin.py:190} INFO - [2024-09-01T01:00:50.375+0530] {dag.py:4138} INFO - Setting next_dagrun for tutorial_taskflow_api to None, run_after=None
[2024-09-01T01:00:50.382+0530] {processor.py:208} INFO - Processing /Users/ravipal/Desktop/Workspace/airflow_tutorial/py_env/lib/python3.12/site-packages/airflow/example_dags/tutorial_taskflow_api.py took 0.061 seconds
[2024-09-01T01:01:53.709+0530] {processor.py:186} INFO - Started process (PID=3978) to work on /Users/ravipal/Desktop/Workspace/airflow_tutorial/py_env/lib/python3.12/site-packages/airflow/example_dags/tutorial_taskflow_api.py
[2024-09-01T01:01:53.709+0530] {processor.py:914} INFO - Processing file /Users/ravipal/Desktop/Workspace/airflow_tutorial/py_env/lib/python3.12/site-packages/airflow/example_dags/tutorial_taskflow_api.py for tasks to queue
[2024-09-01T01:01:53.709+0530] {logging_mixin.py:190} INFO - [2024-09-01T01:01:53.709+0530] {dagbag.py:587} INFO - Filling up the DagBag from /Users/ravipal/Desktop/Workspace/airflow_tutorial/py_env/lib/python3.12/site-packages/airflow/example_dags/tutorial_taskflow_api.py
[2024-09-01T01:01:53.724+0530] {processor.py:925} INFO - DAG(s) 'tutorial_taskflow_api' retrieved from /Users/ravipal/Desktop/Workspace/airflow_tutorial/py_env/lib/python3.12/site-packages/airflow/example_dags/tutorial_taskflow_api.py
[2024-09-01T01:01:53.758+0530] {logging_mixin.py:190} INFO - [2024-09-01T01:01:53.757+0530] {dag.py:3211} INFO - Sync 1 DAGs
[2024-09-01T01:01:53.762+0530] {logging_mixin.py:190} INFO - [2024-09-01T01:01:53.762+0530] {dag.py:4138} INFO - Setting next_dagrun for tutorial_taskflow_api to None, run_after=None
[2024-09-01T01:01:53.768+0530] {processor.py:208} INFO - Processing /Users/ravipal/Desktop/Workspace/airflow_tutorial/py_env/lib/python3.12/site-packages/airflow/example_dags/tutorial_taskflow_api.py took 0.061 seconds
[2024-09-01T01:02:56.655+0530] {processor.py:186} INFO - Started process (PID=4041) to work on /Users/ravipal/Desktop/Workspace/airflow_tutorial/py_env/lib/python3.12/site-packages/airflow/example_dags/tutorial_taskflow_api.py
[2024-09-01T01:02:56.656+0530] {processor.py:914} INFO - Processing file /Users/ravipal/Desktop/Workspace/airflow_tutorial/py_env/lib/python3.12/site-packages/airflow/example_dags/tutorial_taskflow_api.py for tasks to queue
[2024-09-01T01:02:56.656+0530] {logging_mixin.py:190} INFO - [2024-09-01T01:02:56.656+0530] {dagbag.py:587} INFO - Filling up the DagBag from /Users/ravipal/Desktop/Workspace/airflow_tutorial/py_env/lib/python3.12/site-packages/airflow/example_dags/tutorial_taskflow_api.py
[2024-09-01T01:02:56.671+0530] {processor.py:925} INFO - DAG(s) 'tutorial_taskflow_api' retrieved from /Users/ravipal/Desktop/Workspace/airflow_tutorial/py_env/lib/python3.12/site-packages/airflow/example_dags/tutorial_taskflow_api.py
[2024-09-01T01:02:56.704+0530] {logging_mixin.py:190} INFO - [2024-09-01T01:02:56.704+0530] {dag.py:3211} INFO - Sync 1 DAGs
[2024-09-01T01:02:56.708+0530] {logging_mixin.py:190} INFO - [2024-09-01T01:02:56.708+0530] {dag.py:4138} INFO - Setting next_dagrun for tutorial_taskflow_api to None, run_after=None
[2024-09-01T01:02:56.714+0530] {processor.py:208} INFO - Processing /Users/ravipal/Desktop/Workspace/airflow_tutorial/py_env/lib/python3.12/site-packages/airflow/example_dags/tutorial_taskflow_api.py took 0.061 seconds
[2024-09-01T01:04:00.437+0530] {processor.py:186} INFO - Started process (PID=4112) to work on /Users/ravipal/Desktop/Workspace/airflow_tutorial/py_env/lib/python3.12/site-packages/airflow/example_dags/tutorial_taskflow_api.py
[2024-09-01T01:04:00.438+0530] {processor.py:914} INFO - Processing file /Users/ravipal/Desktop/Workspace/airflow_tutorial/py_env/lib/python3.12/site-packages/airflow/example_dags/tutorial_taskflow_api.py for tasks to queue
[2024-09-01T01:04:00.438+0530] {logging_mixin.py:190} INFO - [2024-09-01T01:04:00.438+0530] {dagbag.py:587} INFO - Filling up the DagBag from /Users/ravipal/Desktop/Workspace/airflow_tutorial/py_env/lib/python3.12/site-packages/airflow/example_dags/tutorial_taskflow_api.py
[2024-09-01T01:04:00.453+0530] {processor.py:925} INFO - DAG(s) 'tutorial_taskflow_api' retrieved from /Users/ravipal/Desktop/Workspace/airflow_tutorial/py_env/lib/python3.12/site-packages/airflow/example_dags/tutorial_taskflow_api.py
[2024-09-01T01:04:00.486+0530] {logging_mixin.py:190} INFO - [2024-09-01T01:04:00.486+0530] {dag.py:3211} INFO - Sync 1 DAGs
[2024-09-01T01:04:00.491+0530] {logging_mixin.py:190} INFO - [2024-09-01T01:04:00.491+0530] {dag.py:4138} INFO - Setting next_dagrun for tutorial_taskflow_api to None, run_after=None
[2024-09-01T01:04:00.497+0530] {processor.py:208} INFO - Processing /Users/ravipal/Desktop/Workspace/airflow_tutorial/py_env/lib/python3.12/site-packages/airflow/example_dags/tutorial_taskflow_api.py took 0.062 seconds
[2024-09-01T01:05:04.853+0530] {processor.py:186} INFO - Started process (PID=4190) to work on /Users/ravipal/Desktop/Workspace/airflow_tutorial/py_env/lib/python3.12/site-packages/airflow/example_dags/tutorial_taskflow_api.py
[2024-09-01T01:05:04.854+0530] {processor.py:914} INFO - Processing file /Users/ravipal/Desktop/Workspace/airflow_tutorial/py_env/lib/python3.12/site-packages/airflow/example_dags/tutorial_taskflow_api.py for tasks to queue
[2024-09-01T01:05:04.854+0530] {logging_mixin.py:190} INFO - [2024-09-01T01:05:04.854+0530] {dagbag.py:587} INFO - Filling up the DagBag from /Users/ravipal/Desktop/Workspace/airflow_tutorial/py_env/lib/python3.12/site-packages/airflow/example_dags/tutorial_taskflow_api.py
[2024-09-01T01:05:04.869+0530] {processor.py:925} INFO - DAG(s) 'tutorial_taskflow_api' retrieved from /Users/ravipal/Desktop/Workspace/airflow_tutorial/py_env/lib/python3.12/site-packages/airflow/example_dags/tutorial_taskflow_api.py
[2024-09-01T01:05:04.902+0530] {logging_mixin.py:190} INFO - [2024-09-01T01:05:04.902+0530] {dag.py:3211} INFO - Sync 1 DAGs
[2024-09-01T01:05:04.906+0530] {logging_mixin.py:190} INFO - [2024-09-01T01:05:04.906+0530] {dag.py:4138} INFO - Setting next_dagrun for tutorial_taskflow_api to None, run_after=None
[2024-09-01T01:05:04.913+0530] {processor.py:208} INFO - Processing /Users/ravipal/Desktop/Workspace/airflow_tutorial/py_env/lib/python3.12/site-packages/airflow/example_dags/tutorial_taskflow_api.py took 0.062 seconds
[2024-09-01T01:06:08.697+0530] {processor.py:186} INFO - Started process (PID=4268) to work on /Users/ravipal/Desktop/Workspace/airflow_tutorial/py_env/lib/python3.12/site-packages/airflow/example_dags/tutorial_taskflow_api.py
[2024-09-01T01:06:08.698+0530] {processor.py:914} INFO - Processing file /Users/ravipal/Desktop/Workspace/airflow_tutorial/py_env/lib/python3.12/site-packages/airflow/example_dags/tutorial_taskflow_api.py for tasks to queue
[2024-09-01T01:06:08.698+0530] {logging_mixin.py:190} INFO - [2024-09-01T01:06:08.698+0530] {dagbag.py:587} INFO - Filling up the DagBag from /Users/ravipal/Desktop/Workspace/airflow_tutorial/py_env/lib/python3.12/site-packages/airflow/example_dags/tutorial_taskflow_api.py
[2024-09-01T01:06:08.714+0530] {processor.py:925} INFO - DAG(s) 'tutorial_taskflow_api' retrieved from /Users/ravipal/Desktop/Workspace/airflow_tutorial/py_env/lib/python3.12/site-packages/airflow/example_dags/tutorial_taskflow_api.py
[2024-09-01T01:06:08.747+0530] {logging_mixin.py:190} INFO - [2024-09-01T01:06:08.746+0530] {dag.py:3211} INFO - Sync 1 DAGs
[2024-09-01T01:06:08.750+0530] {logging_mixin.py:190} INFO - [2024-09-01T01:06:08.750+0530] {dag.py:4138} INFO - Setting next_dagrun for tutorial_taskflow_api to None, run_after=None
[2024-09-01T01:06:08.757+0530] {processor.py:208} INFO - Processing /Users/ravipal/Desktop/Workspace/airflow_tutorial/py_env/lib/python3.12/site-packages/airflow/example_dags/tutorial_taskflow_api.py took 0.062 seconds
[2024-09-01T01:07:14.320+0530] {processor.py:186} INFO - Started process (PID=4337) to work on /Users/ravipal/Desktop/Workspace/airflow_tutorial/py_env/lib/python3.12/site-packages/airflow/example_dags/tutorial_taskflow_api.py
[2024-09-01T01:07:14.320+0530] {processor.py:914} INFO - Processing file /Users/ravipal/Desktop/Workspace/airflow_tutorial/py_env/lib/python3.12/site-packages/airflow/example_dags/tutorial_taskflow_api.py for tasks to queue
[2024-09-01T01:07:14.320+0530] {logging_mixin.py:190} INFO - [2024-09-01T01:07:14.320+0530] {dagbag.py:587} INFO - Filling up the DagBag from /Users/ravipal/Desktop/Workspace/airflow_tutorial/py_env/lib/python3.12/site-packages/airflow/example_dags/tutorial_taskflow_api.py
[2024-09-01T01:07:14.336+0530] {processor.py:925} INFO - DAG(s) 'tutorial_taskflow_api' retrieved from /Users/ravipal/Desktop/Workspace/airflow_tutorial/py_env/lib/python3.12/site-packages/airflow/example_dags/tutorial_taskflow_api.py
[2024-09-01T01:07:14.369+0530] {logging_mixin.py:190} INFO - [2024-09-01T01:07:14.369+0530] {dag.py:3211} INFO - Sync 1 DAGs
[2024-09-01T01:07:14.373+0530] {logging_mixin.py:190} INFO - [2024-09-01T01:07:14.373+0530] {dag.py:4138} INFO - Setting next_dagrun for tutorial_taskflow_api to None, run_after=None
[2024-09-01T01:07:14.379+0530] {processor.py:208} INFO - Processing /Users/ravipal/Desktop/Workspace/airflow_tutorial/py_env/lib/python3.12/site-packages/airflow/example_dags/tutorial_taskflow_api.py took 0.062 seconds
[2024-09-01T01:08:20.674+0530] {processor.py:186} INFO - Started process (PID=4403) to work on /Users/ravipal/Desktop/Workspace/airflow_tutorial/py_env/lib/python3.12/site-packages/airflow/example_dags/tutorial_taskflow_api.py
[2024-09-01T01:08:20.674+0530] {processor.py:914} INFO - Processing file /Users/ravipal/Desktop/Workspace/airflow_tutorial/py_env/lib/python3.12/site-packages/airflow/example_dags/tutorial_taskflow_api.py for tasks to queue
[2024-09-01T01:08:20.674+0530] {logging_mixin.py:190} INFO - [2024-09-01T01:08:20.674+0530] {dagbag.py:587} INFO - Filling up the DagBag from /Users/ravipal/Desktop/Workspace/airflow_tutorial/py_env/lib/python3.12/site-packages/airflow/example_dags/tutorial_taskflow_api.py
[2024-09-01T01:08:20.690+0530] {processor.py:925} INFO - DAG(s) 'tutorial_taskflow_api' retrieved from /Users/ravipal/Desktop/Workspace/airflow_tutorial/py_env/lib/python3.12/site-packages/airflow/example_dags/tutorial_taskflow_api.py
[2024-09-01T01:08:20.723+0530] {logging_mixin.py:190} INFO - [2024-09-01T01:08:20.722+0530] {dag.py:3211} INFO - Sync 1 DAGs
[2024-09-01T01:08:20.726+0530] {logging_mixin.py:190} INFO - [2024-09-01T01:08:20.726+0530] {dag.py:4138} INFO - Setting next_dagrun for tutorial_taskflow_api to None, run_after=None
[2024-09-01T01:08:20.733+0530] {processor.py:208} INFO - Processing /Users/ravipal/Desktop/Workspace/airflow_tutorial/py_env/lib/python3.12/site-packages/airflow/example_dags/tutorial_taskflow_api.py took 0.062 seconds
[2024-09-01T01:09:25.489+0530] {processor.py:186} INFO - Started process (PID=4468) to work on /Users/ravipal/Desktop/Workspace/airflow_tutorial/py_env/lib/python3.12/site-packages/airflow/example_dags/tutorial_taskflow_api.py
[2024-09-01T01:09:25.489+0530] {processor.py:914} INFO - Processing file /Users/ravipal/Desktop/Workspace/airflow_tutorial/py_env/lib/python3.12/site-packages/airflow/example_dags/tutorial_taskflow_api.py for tasks to queue
[2024-09-01T01:09:25.490+0530] {logging_mixin.py:190} INFO - [2024-09-01T01:09:25.490+0530] {dagbag.py:587} INFO - Filling up the DagBag from /Users/ravipal/Desktop/Workspace/airflow_tutorial/py_env/lib/python3.12/site-packages/airflow/example_dags/tutorial_taskflow_api.py
[2024-09-01T01:09:25.505+0530] {processor.py:925} INFO - DAG(s) 'tutorial_taskflow_api' retrieved from /Users/ravipal/Desktop/Workspace/airflow_tutorial/py_env/lib/python3.12/site-packages/airflow/example_dags/tutorial_taskflow_api.py
[2024-09-01T01:09:25.539+0530] {logging_mixin.py:190} INFO - [2024-09-01T01:09:25.539+0530] {dag.py:3211} INFO - Sync 1 DAGs
[2024-09-01T01:09:25.543+0530] {logging_mixin.py:190} INFO - [2024-09-01T01:09:25.543+0530] {dag.py:4138} INFO - Setting next_dagrun for tutorial_taskflow_api to None, run_after=None
[2024-09-01T01:09:25.549+0530] {processor.py:208} INFO - Processing /Users/ravipal/Desktop/Workspace/airflow_tutorial/py_env/lib/python3.12/site-packages/airflow/example_dags/tutorial_taskflow_api.py took 0.062 seconds
[2024-09-01T01:10:26.773+0530] {processor.py:186} INFO - Started process (PID=4530) to work on /Users/ravipal/Desktop/Workspace/airflow_tutorial/py_env/lib/python3.12/site-packages/airflow/example_dags/tutorial_taskflow_api.py
[2024-09-01T01:10:26.773+0530] {processor.py:914} INFO - Processing file /Users/ravipal/Desktop/Workspace/airflow_tutorial/py_env/lib/python3.12/site-packages/airflow/example_dags/tutorial_taskflow_api.py for tasks to queue
[2024-09-01T01:10:26.773+0530] {logging_mixin.py:190} INFO - [2024-09-01T01:10:26.773+0530] {dagbag.py:587} INFO - Filling up the DagBag from /Users/ravipal/Desktop/Workspace/airflow_tutorial/py_env/lib/python3.12/site-packages/airflow/example_dags/tutorial_taskflow_api.py
[2024-09-01T01:10:26.789+0530] {processor.py:925} INFO - DAG(s) 'tutorial_taskflow_api' retrieved from /Users/ravipal/Desktop/Workspace/airflow_tutorial/py_env/lib/python3.12/site-packages/airflow/example_dags/tutorial_taskflow_api.py
[2024-09-01T01:10:26.822+0530] {logging_mixin.py:190} INFO - [2024-09-01T01:10:26.822+0530] {dag.py:3211} INFO - Sync 1 DAGs
[2024-09-01T01:10:26.826+0530] {logging_mixin.py:190} INFO - [2024-09-01T01:10:26.826+0530] {dag.py:4138} INFO - Setting next_dagrun for tutorial_taskflow_api to None, run_after=None
[2024-09-01T01:10:26.833+0530] {processor.py:208} INFO - Processing /Users/ravipal/Desktop/Workspace/airflow_tutorial/py_env/lib/python3.12/site-packages/airflow/example_dags/tutorial_taskflow_api.py took 0.062 seconds
[2024-09-01T01:11:30.271+0530] {processor.py:186} INFO - Started process (PID=4594) to work on /Users/ravipal/Desktop/Workspace/airflow_tutorial/py_env/lib/python3.12/site-packages/airflow/example_dags/tutorial_taskflow_api.py
[2024-09-01T01:11:30.271+0530] {processor.py:914} INFO - Processing file /Users/ravipal/Desktop/Workspace/airflow_tutorial/py_env/lib/python3.12/site-packages/airflow/example_dags/tutorial_taskflow_api.py for tasks to queue
[2024-09-01T01:11:30.271+0530] {logging_mixin.py:190} INFO - [2024-09-01T01:11:30.271+0530] {dagbag.py:587} INFO - Filling up the DagBag from /Users/ravipal/Desktop/Workspace/airflow_tutorial/py_env/lib/python3.12/site-packages/airflow/example_dags/tutorial_taskflow_api.py
[2024-09-01T01:11:30.286+0530] {processor.py:925} INFO - DAG(s) 'tutorial_taskflow_api' retrieved from /Users/ravipal/Desktop/Workspace/airflow_tutorial/py_env/lib/python3.12/site-packages/airflow/example_dags/tutorial_taskflow_api.py
[2024-09-01T01:11:30.319+0530] {logging_mixin.py:190} INFO - [2024-09-01T01:11:30.319+0530] {dag.py:3211} INFO - Sync 1 DAGs
[2024-09-01T01:11:30.323+0530] {logging_mixin.py:190} INFO - [2024-09-01T01:11:30.323+0530] {dag.py:4138} INFO - Setting next_dagrun for tutorial_taskflow_api to None, run_after=None
[2024-09-01T01:11:30.330+0530] {processor.py:208} INFO - Processing /Users/ravipal/Desktop/Workspace/airflow_tutorial/py_env/lib/python3.12/site-packages/airflow/example_dags/tutorial_taskflow_api.py took 0.061 seconds
[2024-09-01T01:12:34.402+0530] {processor.py:186} INFO - Started process (PID=4660) to work on /Users/ravipal/Desktop/Workspace/airflow_tutorial/py_env/lib/python3.12/site-packages/airflow/example_dags/tutorial_taskflow_api.py
[2024-09-01T01:12:34.403+0530] {processor.py:914} INFO - Processing file /Users/ravipal/Desktop/Workspace/airflow_tutorial/py_env/lib/python3.12/site-packages/airflow/example_dags/tutorial_taskflow_api.py for tasks to queue
[2024-09-01T01:12:34.403+0530] {logging_mixin.py:190} INFO - [2024-09-01T01:12:34.403+0530] {dagbag.py:587} INFO - Filling up the DagBag from /Users/ravipal/Desktop/Workspace/airflow_tutorial/py_env/lib/python3.12/site-packages/airflow/example_dags/tutorial_taskflow_api.py
[2024-09-01T01:12:34.418+0530] {processor.py:925} INFO - DAG(s) 'tutorial_taskflow_api' retrieved from /Users/ravipal/Desktop/Workspace/airflow_tutorial/py_env/lib/python3.12/site-packages/airflow/example_dags/tutorial_taskflow_api.py
[2024-09-01T01:12:34.451+0530] {logging_mixin.py:190} INFO - [2024-09-01T01:12:34.451+0530] {dag.py:3211} INFO - Sync 1 DAGs
[2024-09-01T01:12:34.455+0530] {logging_mixin.py:190} INFO - [2024-09-01T01:12:34.455+0530] {dag.py:4138} INFO - Setting next_dagrun for tutorial_taskflow_api to None, run_after=None
[2024-09-01T01:12:34.461+0530] {processor.py:208} INFO - Processing /Users/ravipal/Desktop/Workspace/airflow_tutorial/py_env/lib/python3.12/site-packages/airflow/example_dags/tutorial_taskflow_api.py took 0.061 seconds
[2024-09-01T01:13:36.192+0530] {processor.py:186} INFO - Started process (PID=4721) to work on /Users/ravipal/Desktop/Workspace/airflow_tutorial/py_env/lib/python3.12/site-packages/airflow/example_dags/tutorial_taskflow_api.py
[2024-09-01T01:13:36.192+0530] {processor.py:914} INFO - Processing file /Users/ravipal/Desktop/Workspace/airflow_tutorial/py_env/lib/python3.12/site-packages/airflow/example_dags/tutorial_taskflow_api.py for tasks to queue
[2024-09-01T01:13:36.193+0530] {logging_mixin.py:190} INFO - [2024-09-01T01:13:36.193+0530] {dagbag.py:587} INFO - Filling up the DagBag from /Users/ravipal/Desktop/Workspace/airflow_tutorial/py_env/lib/python3.12/site-packages/airflow/example_dags/tutorial_taskflow_api.py
[2024-09-01T01:13:36.208+0530] {processor.py:925} INFO - DAG(s) 'tutorial_taskflow_api' retrieved from /Users/ravipal/Desktop/Workspace/airflow_tutorial/py_env/lib/python3.12/site-packages/airflow/example_dags/tutorial_taskflow_api.py
[2024-09-01T01:13:36.241+0530] {logging_mixin.py:190} INFO - [2024-09-01T01:13:36.241+0530] {dag.py:3211} INFO - Sync 1 DAGs
[2024-09-01T01:13:36.245+0530] {logging_mixin.py:190} INFO - [2024-09-01T01:13:36.245+0530] {dag.py:4138} INFO - Setting next_dagrun for tutorial_taskflow_api to None, run_after=None
[2024-09-01T01:13:36.251+0530] {processor.py:208} INFO - Processing /Users/ravipal/Desktop/Workspace/airflow_tutorial/py_env/lib/python3.12/site-packages/airflow/example_dags/tutorial_taskflow_api.py took 0.062 seconds
[2024-09-01T01:14:42.542+0530] {processor.py:186} INFO - Started process (PID=4788) to work on /Users/ravipal/Desktop/Workspace/airflow_tutorial/py_env/lib/python3.12/site-packages/airflow/example_dags/tutorial_taskflow_api.py
[2024-09-01T01:14:42.543+0530] {processor.py:914} INFO - Processing file /Users/ravipal/Desktop/Workspace/airflow_tutorial/py_env/lib/python3.12/site-packages/airflow/example_dags/tutorial_taskflow_api.py for tasks to queue
[2024-09-01T01:14:42.543+0530] {logging_mixin.py:190} INFO - [2024-09-01T01:14:42.543+0530] {dagbag.py:587} INFO - Filling up the DagBag from /Users/ravipal/Desktop/Workspace/airflow_tutorial/py_env/lib/python3.12/site-packages/airflow/example_dags/tutorial_taskflow_api.py
[2024-09-01T01:14:42.559+0530] {processor.py:925} INFO - DAG(s) 'tutorial_taskflow_api' retrieved from /Users/ravipal/Desktop/Workspace/airflow_tutorial/py_env/lib/python3.12/site-packages/airflow/example_dags/tutorial_taskflow_api.py
[2024-09-01T01:14:42.592+0530] {logging_mixin.py:190} INFO - [2024-09-01T01:14:42.591+0530] {dag.py:3211} INFO - Sync 1 DAGs
[2024-09-01T01:14:42.596+0530] {logging_mixin.py:190} INFO - [2024-09-01T01:14:42.596+0530] {dag.py:4138} INFO - Setting next_dagrun for tutorial_taskflow_api to None, run_after=None
[2024-09-01T01:14:42.602+0530] {processor.py:208} INFO - Processing /Users/ravipal/Desktop/Workspace/airflow_tutorial/py_env/lib/python3.12/site-packages/airflow/example_dags/tutorial_taskflow_api.py took 0.062 seconds
[2024-09-01T01:15:49.352+0530] {processor.py:186} INFO - Started process (PID=4855) to work on /Users/ravipal/Desktop/Workspace/airflow_tutorial/py_env/lib/python3.12/site-packages/airflow/example_dags/tutorial_taskflow_api.py
[2024-09-01T01:15:49.353+0530] {processor.py:914} INFO - Processing file /Users/ravipal/Desktop/Workspace/airflow_tutorial/py_env/lib/python3.12/site-packages/airflow/example_dags/tutorial_taskflow_api.py for tasks to queue
[2024-09-01T01:15:49.353+0530] {logging_mixin.py:190} INFO - [2024-09-01T01:15:49.353+0530] {dagbag.py:587} INFO - Filling up the DagBag from /Users/ravipal/Desktop/Workspace/airflow_tutorial/py_env/lib/python3.12/site-packages/airflow/example_dags/tutorial_taskflow_api.py
[2024-09-01T01:15:49.369+0530] {processor.py:925} INFO - DAG(s) 'tutorial_taskflow_api' retrieved from /Users/ravipal/Desktop/Workspace/airflow_tutorial/py_env/lib/python3.12/site-packages/airflow/example_dags/tutorial_taskflow_api.py
[2024-09-01T01:15:49.402+0530] {logging_mixin.py:190} INFO - [2024-09-01T01:15:49.402+0530] {dag.py:3211} INFO - Sync 1 DAGs
[2024-09-01T01:15:49.406+0530] {logging_mixin.py:190} INFO - [2024-09-01T01:15:49.406+0530] {dag.py:4138} INFO - Setting next_dagrun for tutorial_taskflow_api to None, run_after=None
[2024-09-01T01:15:49.412+0530] {processor.py:208} INFO - Processing /Users/ravipal/Desktop/Workspace/airflow_tutorial/py_env/lib/python3.12/site-packages/airflow/example_dags/tutorial_taskflow_api.py took 0.062 seconds
[2024-09-01T01:16:55.567+0530] {processor.py:186} INFO - Started process (PID=4920) to work on /Users/ravipal/Desktop/Workspace/airflow_tutorial/py_env/lib/python3.12/site-packages/airflow/example_dags/tutorial_taskflow_api.py
[2024-09-01T01:16:55.567+0530] {processor.py:914} INFO - Processing file /Users/ravipal/Desktop/Workspace/airflow_tutorial/py_env/lib/python3.12/site-packages/airflow/example_dags/tutorial_taskflow_api.py for tasks to queue
[2024-09-01T01:16:55.568+0530] {logging_mixin.py:190} INFO - [2024-09-01T01:16:55.568+0530] {dagbag.py:587} INFO - Filling up the DagBag from /Users/ravipal/Desktop/Workspace/airflow_tutorial/py_env/lib/python3.12/site-packages/airflow/example_dags/tutorial_taskflow_api.py
[2024-09-01T01:16:55.583+0530] {processor.py:925} INFO - DAG(s) 'tutorial_taskflow_api' retrieved from /Users/ravipal/Desktop/Workspace/airflow_tutorial/py_env/lib/python3.12/site-packages/airflow/example_dags/tutorial_taskflow_api.py
[2024-09-01T01:16:55.617+0530] {logging_mixin.py:190} INFO - [2024-09-01T01:16:55.616+0530] {dag.py:3211} INFO - Sync 1 DAGs
[2024-09-01T01:16:55.620+0530] {logging_mixin.py:190} INFO - [2024-09-01T01:16:55.620+0530] {dag.py:4138} INFO - Setting next_dagrun for tutorial_taskflow_api to None, run_after=None
[2024-09-01T01:16:55.627+0530] {processor.py:208} INFO - Processing /Users/ravipal/Desktop/Workspace/airflow_tutorial/py_env/lib/python3.12/site-packages/airflow/example_dags/tutorial_taskflow_api.py took 0.062 seconds
[2024-09-01T01:17:58.943+0530] {processor.py:186} INFO - Started process (PID=4985) to work on /Users/ravipal/Desktop/Workspace/airflow_tutorial/py_env/lib/python3.12/site-packages/airflow/example_dags/tutorial_taskflow_api.py
[2024-09-01T01:17:58.943+0530] {processor.py:914} INFO - Processing file /Users/ravipal/Desktop/Workspace/airflow_tutorial/py_env/lib/python3.12/site-packages/airflow/example_dags/tutorial_taskflow_api.py for tasks to queue
[2024-09-01T01:17:58.944+0530] {logging_mixin.py:190} INFO - [2024-09-01T01:17:58.944+0530] {dagbag.py:587} INFO - Filling up the DagBag from /Users/ravipal/Desktop/Workspace/airflow_tutorial/py_env/lib/python3.12/site-packages/airflow/example_dags/tutorial_taskflow_api.py
[2024-09-01T01:17:58.959+0530] {processor.py:925} INFO - DAG(s) 'tutorial_taskflow_api' retrieved from /Users/ravipal/Desktop/Workspace/airflow_tutorial/py_env/lib/python3.12/site-packages/airflow/example_dags/tutorial_taskflow_api.py
[2024-09-01T01:17:58.991+0530] {logging_mixin.py:190} INFO - [2024-09-01T01:17:58.991+0530] {dag.py:3211} INFO - Sync 1 DAGs
[2024-09-01T01:17:58.995+0530] {logging_mixin.py:190} INFO - [2024-09-01T01:17:58.995+0530] {dag.py:4138} INFO - Setting next_dagrun for tutorial_taskflow_api to None, run_after=None
[2024-09-01T01:17:59.002+0530] {processor.py:208} INFO - Processing /Users/ravipal/Desktop/Workspace/airflow_tutorial/py_env/lib/python3.12/site-packages/airflow/example_dags/tutorial_taskflow_api.py took 0.061 seconds
