[2024-09-01T00:22:48.299+0530] {processor.py:186} INFO - Started process (PID=1408) to work on /Users/ravipal/Desktop/Workspace/airflow_tutorial/py_env/lib/python3.12/site-packages/airflow/example_dags/tutorial_objectstorage.py
[2024-09-01T00:22:48.300+0530] {processor.py:914} INFO - Processing file /Users/ravipal/Desktop/Workspace/airflow_tutorial/py_env/lib/python3.12/site-packages/airflow/example_dags/tutorial_objectstorage.py for tasks to queue
[2024-09-01T00:22:48.300+0530] {logging_mixin.py:190} INFO - [2024-09-01T00:22:48.300+0530] {dagbag.py:587} INFO - Filling up the DagBag from /Users/ravipal/Desktop/Workspace/airflow_tutorial/py_env/lib/python3.12/site-packages/airflow/example_dags/tutorial_objectstorage.py
[2024-09-01T00:22:48.316+0530] {processor.py:925} INFO - DAG(s) 'tutorial_objectstorage' retrieved from /Users/ravipal/Desktop/Workspace/airflow_tutorial/py_env/lib/python3.12/site-packages/airflow/example_dags/tutorial_objectstorage.py
[2024-09-01T00:22:48.379+0530] {logging_mixin.py:190} INFO - [2024-09-01T00:22:48.379+0530] {override.py:1858} INFO - Created Permission View: can edit on DAG:tutorial_objectstorage
[2024-09-01T00:22:48.409+0530] {logging_mixin.py:190} INFO - [2024-09-01T00:22:48.409+0530] {override.py:1858} INFO - Created Permission View: can read on DAG:tutorial_objectstorage
[2024-09-01T00:22:48.411+0530] {logging_mixin.py:190} INFO - [2024-09-01T00:22:48.411+0530] {override.py:1858} INFO - Created Permission View: can delete on DAG:tutorial_objectstorage
[2024-09-01T00:22:48.411+0530] {logging_mixin.py:190} INFO - [2024-09-01T00:22:48.411+0530] {dag.py:3211} INFO - Sync 1 DAGs
[2024-09-01T00:22:48.415+0530] {logging_mixin.py:190} INFO - [2024-09-01T00:22:48.415+0530] {dag.py:3234} INFO - Creating ORM DAG for tutorial_objectstorage
[2024-09-01T00:22:48.415+0530] {logging_mixin.py:190} INFO - [2024-09-01T00:22:48.415+0530] {dag.py:4138} INFO - Setting next_dagrun for tutorial_objectstorage to None, run_after=None
[2024-09-01T00:22:48.420+0530] {processor.py:208} INFO - Processing /Users/ravipal/Desktop/Workspace/airflow_tutorial/py_env/lib/python3.12/site-packages/airflow/example_dags/tutorial_objectstorage.py took 0.123 seconds
[2024-09-01T00:24:28.762+0530] {processor.py:186} INFO - Started process (PID=1513) to work on /Users/ravipal/Desktop/Workspace/airflow_tutorial/py_env/lib/python3.12/site-packages/airflow/example_dags/tutorial_objectstorage.py
[2024-09-01T00:24:28.763+0530] {processor.py:914} INFO - Processing file /Users/ravipal/Desktop/Workspace/airflow_tutorial/py_env/lib/python3.12/site-packages/airflow/example_dags/tutorial_objectstorage.py for tasks to queue
[2024-09-01T00:24:28.763+0530] {logging_mixin.py:190} INFO - [2024-09-01T00:24:28.763+0530] {dagbag.py:587} INFO - Filling up the DagBag from /Users/ravipal/Desktop/Workspace/airflow_tutorial/py_env/lib/python3.12/site-packages/airflow/example_dags/tutorial_objectstorage.py
[2024-09-01T00:24:28.778+0530] {processor.py:925} INFO - DAG(s) 'tutorial_objectstorage' retrieved from /Users/ravipal/Desktop/Workspace/airflow_tutorial/py_env/lib/python3.12/site-packages/airflow/example_dags/tutorial_objectstorage.py
[2024-09-01T00:24:28.811+0530] {logging_mixin.py:190} INFO - [2024-09-01T00:24:28.811+0530] {dag.py:3211} INFO - Sync 1 DAGs
[2024-09-01T00:24:28.815+0530] {logging_mixin.py:190} INFO - [2024-09-01T00:24:28.815+0530] {dag.py:4138} INFO - Setting next_dagrun for tutorial_objectstorage to None, run_after=None
[2024-09-01T00:24:28.822+0530] {processor.py:208} INFO - Processing /Users/ravipal/Desktop/Workspace/airflow_tutorial/py_env/lib/python3.12/site-packages/airflow/example_dags/tutorial_objectstorage.py took 0.062 seconds
[2024-09-01T00:25:37.003+0530] {processor.py:186} INFO - Started process (PID=1584) to work on /Users/ravipal/Desktop/Workspace/airflow_tutorial/py_env/lib/python3.12/site-packages/airflow/example_dags/tutorial_objectstorage.py
[2024-09-01T00:25:37.004+0530] {processor.py:914} INFO - Processing file /Users/ravipal/Desktop/Workspace/airflow_tutorial/py_env/lib/python3.12/site-packages/airflow/example_dags/tutorial_objectstorage.py for tasks to queue
[2024-09-01T00:25:37.004+0530] {logging_mixin.py:190} INFO - [2024-09-01T00:25:37.004+0530] {dagbag.py:587} INFO - Filling up the DagBag from /Users/ravipal/Desktop/Workspace/airflow_tutorial/py_env/lib/python3.12/site-packages/airflow/example_dags/tutorial_objectstorage.py
[2024-09-01T00:25:37.020+0530] {processor.py:925} INFO - DAG(s) 'tutorial_objectstorage' retrieved from /Users/ravipal/Desktop/Workspace/airflow_tutorial/py_env/lib/python3.12/site-packages/airflow/example_dags/tutorial_objectstorage.py
[2024-09-01T00:25:37.053+0530] {logging_mixin.py:190} INFO - [2024-09-01T00:25:37.053+0530] {dag.py:3211} INFO - Sync 1 DAGs
[2024-09-01T00:25:37.057+0530] {logging_mixin.py:190} INFO - [2024-09-01T00:25:37.057+0530] {dag.py:4138} INFO - Setting next_dagrun for tutorial_objectstorage to None, run_after=None
[2024-09-01T00:25:37.063+0530] {processor.py:208} INFO - Processing /Users/ravipal/Desktop/Workspace/airflow_tutorial/py_env/lib/python3.12/site-packages/airflow/example_dags/tutorial_objectstorage.py took 0.062 seconds
[2024-09-01T00:26:42.637+0530] {processor.py:186} INFO - Started process (PID=1653) to work on /Users/ravipal/Desktop/Workspace/airflow_tutorial/py_env/lib/python3.12/site-packages/airflow/example_dags/tutorial_objectstorage.py
[2024-09-01T00:26:42.637+0530] {processor.py:914} INFO - Processing file /Users/ravipal/Desktop/Workspace/airflow_tutorial/py_env/lib/python3.12/site-packages/airflow/example_dags/tutorial_objectstorage.py for tasks to queue
[2024-09-01T00:26:42.637+0530] {logging_mixin.py:190} INFO - [2024-09-01T00:26:42.637+0530] {dagbag.py:587} INFO - Filling up the DagBag from /Users/ravipal/Desktop/Workspace/airflow_tutorial/py_env/lib/python3.12/site-packages/airflow/example_dags/tutorial_objectstorage.py
[2024-09-01T00:26:42.652+0530] {processor.py:925} INFO - DAG(s) 'tutorial_objectstorage' retrieved from /Users/ravipal/Desktop/Workspace/airflow_tutorial/py_env/lib/python3.12/site-packages/airflow/example_dags/tutorial_objectstorage.py
[2024-09-01T00:26:42.686+0530] {logging_mixin.py:190} INFO - [2024-09-01T00:26:42.686+0530] {dag.py:3211} INFO - Sync 1 DAGs
[2024-09-01T00:26:42.691+0530] {logging_mixin.py:190} INFO - [2024-09-01T00:26:42.691+0530] {dag.py:4138} INFO - Setting next_dagrun for tutorial_objectstorage to None, run_after=None
[2024-09-01T00:26:42.697+0530] {processor.py:208} INFO - Processing /Users/ravipal/Desktop/Workspace/airflow_tutorial/py_env/lib/python3.12/site-packages/airflow/example_dags/tutorial_objectstorage.py took 0.063 seconds
[2024-09-01T00:27:54.668+0530] {processor.py:186} INFO - Started process (PID=1911) to work on /Users/ravipal/Desktop/Workspace/airflow_tutorial/py_env/lib/python3.12/site-packages/airflow/example_dags/tutorial_objectstorage.py
[2024-09-01T00:27:54.669+0530] {processor.py:914} INFO - Processing file /Users/ravipal/Desktop/Workspace/airflow_tutorial/py_env/lib/python3.12/site-packages/airflow/example_dags/tutorial_objectstorage.py for tasks to queue
[2024-09-01T00:27:54.669+0530] {logging_mixin.py:190} INFO - [2024-09-01T00:27:54.669+0530] {dagbag.py:587} INFO - Filling up the DagBag from /Users/ravipal/Desktop/Workspace/airflow_tutorial/py_env/lib/python3.12/site-packages/airflow/example_dags/tutorial_objectstorage.py
[2024-09-01T00:27:54.684+0530] {processor.py:925} INFO - DAG(s) 'tutorial_objectstorage' retrieved from /Users/ravipal/Desktop/Workspace/airflow_tutorial/py_env/lib/python3.12/site-packages/airflow/example_dags/tutorial_objectstorage.py
[2024-09-01T00:27:54.716+0530] {logging_mixin.py:190} INFO - [2024-09-01T00:27:54.716+0530] {dag.py:3211} INFO - Sync 1 DAGs
[2024-09-01T00:27:54.721+0530] {logging_mixin.py:190} INFO - [2024-09-01T00:27:54.721+0530] {dag.py:4138} INFO - Setting next_dagrun for tutorial_objectstorage to None, run_after=None
[2024-09-01T00:27:54.727+0530] {processor.py:208} INFO - Processing /Users/ravipal/Desktop/Workspace/airflow_tutorial/py_env/lib/python3.12/site-packages/airflow/example_dags/tutorial_objectstorage.py took 0.061 seconds
[2024-09-01T00:29:03.015+0530] {processor.py:186} INFO - Started process (PID=1981) to work on /Users/ravipal/Desktop/Workspace/airflow_tutorial/py_env/lib/python3.12/site-packages/airflow/example_dags/tutorial_objectstorage.py
[2024-09-01T00:29:03.016+0530] {processor.py:914} INFO - Processing file /Users/ravipal/Desktop/Workspace/airflow_tutorial/py_env/lib/python3.12/site-packages/airflow/example_dags/tutorial_objectstorage.py for tasks to queue
[2024-09-01T00:29:03.016+0530] {logging_mixin.py:190} INFO - [2024-09-01T00:29:03.016+0530] {dagbag.py:587} INFO - Filling up the DagBag from /Users/ravipal/Desktop/Workspace/airflow_tutorial/py_env/lib/python3.12/site-packages/airflow/example_dags/tutorial_objectstorage.py
[2024-09-01T00:29:03.032+0530] {processor.py:925} INFO - DAG(s) 'tutorial_objectstorage' retrieved from /Users/ravipal/Desktop/Workspace/airflow_tutorial/py_env/lib/python3.12/site-packages/airflow/example_dags/tutorial_objectstorage.py
[2024-09-01T00:29:03.067+0530] {logging_mixin.py:190} INFO - [2024-09-01T00:29:03.067+0530] {dag.py:3211} INFO - Sync 1 DAGs
[2024-09-01T00:29:03.071+0530] {logging_mixin.py:190} INFO - [2024-09-01T00:29:03.071+0530] {dag.py:4138} INFO - Setting next_dagrun for tutorial_objectstorage to None, run_after=None
[2024-09-01T00:29:03.078+0530] {processor.py:208} INFO - Processing /Users/ravipal/Desktop/Workspace/airflow_tutorial/py_env/lib/python3.12/site-packages/airflow/example_dags/tutorial_objectstorage.py took 0.065 seconds
[2024-09-01T00:30:04.908+0530] {processor.py:186} INFO - Started process (PID=2044) to work on /Users/ravipal/Desktop/Workspace/airflow_tutorial/py_env/lib/python3.12/site-packages/airflow/example_dags/tutorial_objectstorage.py
[2024-09-01T00:30:04.908+0530] {processor.py:914} INFO - Processing file /Users/ravipal/Desktop/Workspace/airflow_tutorial/py_env/lib/python3.12/site-packages/airflow/example_dags/tutorial_objectstorage.py for tasks to queue
[2024-09-01T00:30:04.909+0530] {logging_mixin.py:190} INFO - [2024-09-01T00:30:04.909+0530] {dagbag.py:587} INFO - Filling up the DagBag from /Users/ravipal/Desktop/Workspace/airflow_tutorial/py_env/lib/python3.12/site-packages/airflow/example_dags/tutorial_objectstorage.py
[2024-09-01T00:30:04.924+0530] {processor.py:925} INFO - DAG(s) 'tutorial_objectstorage' retrieved from /Users/ravipal/Desktop/Workspace/airflow_tutorial/py_env/lib/python3.12/site-packages/airflow/example_dags/tutorial_objectstorage.py
[2024-09-01T00:30:04.963+0530] {logging_mixin.py:190} INFO - [2024-09-01T00:30:04.963+0530] {dag.py:3211} INFO - Sync 1 DAGs
[2024-09-01T00:30:04.971+0530] {logging_mixin.py:190} INFO - [2024-09-01T00:30:04.970+0530] {dag.py:4138} INFO - Setting next_dagrun for tutorial_objectstorage to None, run_after=None
[2024-09-01T00:30:04.979+0530] {processor.py:208} INFO - Processing /Users/ravipal/Desktop/Workspace/airflow_tutorial/py_env/lib/python3.12/site-packages/airflow/example_dags/tutorial_objectstorage.py took 0.073 seconds
[2024-09-01T00:31:10.669+0530] {processor.py:186} INFO - Started process (PID=2112) to work on /Users/ravipal/Desktop/Workspace/airflow_tutorial/py_env/lib/python3.12/site-packages/airflow/example_dags/tutorial_objectstorage.py
[2024-09-01T00:31:10.669+0530] {processor.py:914} INFO - Processing file /Users/ravipal/Desktop/Workspace/airflow_tutorial/py_env/lib/python3.12/site-packages/airflow/example_dags/tutorial_objectstorage.py for tasks to queue
[2024-09-01T00:31:10.670+0530] {logging_mixin.py:190} INFO - [2024-09-01T00:31:10.669+0530] {dagbag.py:587} INFO - Filling up the DagBag from /Users/ravipal/Desktop/Workspace/airflow_tutorial/py_env/lib/python3.12/site-packages/airflow/example_dags/tutorial_objectstorage.py
[2024-09-01T00:31:10.683+0530] {processor.py:925} INFO - DAG(s) 'tutorial_objectstorage' retrieved from /Users/ravipal/Desktop/Workspace/airflow_tutorial/py_env/lib/python3.12/site-packages/airflow/example_dags/tutorial_objectstorage.py
[2024-09-01T00:31:10.718+0530] {logging_mixin.py:190} INFO - [2024-09-01T00:31:10.717+0530] {dag.py:3211} INFO - Sync 1 DAGs
[2024-09-01T00:31:10.722+0530] {logging_mixin.py:190} INFO - [2024-09-01T00:31:10.722+0530] {dag.py:4138} INFO - Setting next_dagrun for tutorial_objectstorage to None, run_after=None
[2024-09-01T00:31:10.728+0530] {processor.py:208} INFO - Processing /Users/ravipal/Desktop/Workspace/airflow_tutorial/py_env/lib/python3.12/site-packages/airflow/example_dags/tutorial_objectstorage.py took 0.062 seconds
[2024-09-01T00:32:16.559+0530] {processor.py:186} INFO - Started process (PID=2179) to work on /Users/ravipal/Desktop/Workspace/airflow_tutorial/py_env/lib/python3.12/site-packages/airflow/example_dags/tutorial_objectstorage.py
[2024-09-01T00:32:16.559+0530] {processor.py:914} INFO - Processing file /Users/ravipal/Desktop/Workspace/airflow_tutorial/py_env/lib/python3.12/site-packages/airflow/example_dags/tutorial_objectstorage.py for tasks to queue
[2024-09-01T00:32:16.559+0530] {logging_mixin.py:190} INFO - [2024-09-01T00:32:16.559+0530] {dagbag.py:587} INFO - Filling up the DagBag from /Users/ravipal/Desktop/Workspace/airflow_tutorial/py_env/lib/python3.12/site-packages/airflow/example_dags/tutorial_objectstorage.py
[2024-09-01T00:32:16.575+0530] {processor.py:925} INFO - DAG(s) 'tutorial_objectstorage' retrieved from /Users/ravipal/Desktop/Workspace/airflow_tutorial/py_env/lib/python3.12/site-packages/airflow/example_dags/tutorial_objectstorage.py
[2024-09-01T00:32:16.608+0530] {logging_mixin.py:190} INFO - [2024-09-01T00:32:16.607+0530] {dag.py:3211} INFO - Sync 1 DAGs
[2024-09-01T00:32:16.612+0530] {logging_mixin.py:190} INFO - [2024-09-01T00:32:16.612+0530] {dag.py:4138} INFO - Setting next_dagrun for tutorial_objectstorage to None, run_after=None
[2024-09-01T00:32:16.618+0530] {processor.py:208} INFO - Processing /Users/ravipal/Desktop/Workspace/airflow_tutorial/py_env/lib/python3.12/site-packages/airflow/example_dags/tutorial_objectstorage.py took 0.062 seconds
[2024-09-01T00:33:24.719+0530] {processor.py:186} INFO - Started process (PID=2243) to work on /Users/ravipal/Desktop/Workspace/airflow_tutorial/py_env/lib/python3.12/site-packages/airflow/example_dags/tutorial_objectstorage.py
[2024-09-01T00:33:24.719+0530] {processor.py:914} INFO - Processing file /Users/ravipal/Desktop/Workspace/airflow_tutorial/py_env/lib/python3.12/site-packages/airflow/example_dags/tutorial_objectstorage.py for tasks to queue
[2024-09-01T00:33:24.719+0530] {logging_mixin.py:190} INFO - [2024-09-01T00:33:24.719+0530] {dagbag.py:587} INFO - Filling up the DagBag from /Users/ravipal/Desktop/Workspace/airflow_tutorial/py_env/lib/python3.12/site-packages/airflow/example_dags/tutorial_objectstorage.py
[2024-09-01T00:33:24.735+0530] {processor.py:925} INFO - DAG(s) 'tutorial_objectstorage' retrieved from /Users/ravipal/Desktop/Workspace/airflow_tutorial/py_env/lib/python3.12/site-packages/airflow/example_dags/tutorial_objectstorage.py
[2024-09-01T00:33:24.768+0530] {logging_mixin.py:190} INFO - [2024-09-01T00:33:24.767+0530] {dag.py:3211} INFO - Sync 1 DAGs
[2024-09-01T00:33:24.772+0530] {logging_mixin.py:190} INFO - [2024-09-01T00:33:24.771+0530] {dag.py:4138} INFO - Setting next_dagrun for tutorial_objectstorage to None, run_after=None
[2024-09-01T00:33:24.778+0530] {processor.py:208} INFO - Processing /Users/ravipal/Desktop/Workspace/airflow_tutorial/py_env/lib/python3.12/site-packages/airflow/example_dags/tutorial_objectstorage.py took 0.062 seconds
[2024-09-01T00:34:33.326+0530] {processor.py:186} INFO - Started process (PID=2311) to work on /Users/ravipal/Desktop/Workspace/airflow_tutorial/py_env/lib/python3.12/site-packages/airflow/example_dags/tutorial_objectstorage.py
[2024-09-01T00:34:33.326+0530] {processor.py:914} INFO - Processing file /Users/ravipal/Desktop/Workspace/airflow_tutorial/py_env/lib/python3.12/site-packages/airflow/example_dags/tutorial_objectstorage.py for tasks to queue
[2024-09-01T00:34:33.327+0530] {logging_mixin.py:190} INFO - [2024-09-01T00:34:33.327+0530] {dagbag.py:587} INFO - Filling up the DagBag from /Users/ravipal/Desktop/Workspace/airflow_tutorial/py_env/lib/python3.12/site-packages/airflow/example_dags/tutorial_objectstorage.py
[2024-09-01T00:34:33.342+0530] {processor.py:925} INFO - DAG(s) 'tutorial_objectstorage' retrieved from /Users/ravipal/Desktop/Workspace/airflow_tutorial/py_env/lib/python3.12/site-packages/airflow/example_dags/tutorial_objectstorage.py
[2024-09-01T00:34:33.374+0530] {logging_mixin.py:190} INFO - [2024-09-01T00:34:33.374+0530] {dag.py:3211} INFO - Sync 1 DAGs
[2024-09-01T00:34:33.378+0530] {logging_mixin.py:190} INFO - [2024-09-01T00:34:33.378+0530] {dag.py:4138} INFO - Setting next_dagrun for tutorial_objectstorage to None, run_after=None
[2024-09-01T00:34:33.385+0530] {processor.py:208} INFO - Processing /Users/ravipal/Desktop/Workspace/airflow_tutorial/py_env/lib/python3.12/site-packages/airflow/example_dags/tutorial_objectstorage.py took 0.061 seconds
[2024-09-01T00:35:39.571+0530] {processor.py:186} INFO - Started process (PID=2380) to work on /Users/ravipal/Desktop/Workspace/airflow_tutorial/py_env/lib/python3.12/site-packages/airflow/example_dags/tutorial_objectstorage.py
[2024-09-01T00:35:39.571+0530] {processor.py:914} INFO - Processing file /Users/ravipal/Desktop/Workspace/airflow_tutorial/py_env/lib/python3.12/site-packages/airflow/example_dags/tutorial_objectstorage.py for tasks to queue
[2024-09-01T00:35:39.571+0530] {logging_mixin.py:190} INFO - [2024-09-01T00:35:39.571+0530] {dagbag.py:587} INFO - Filling up the DagBag from /Users/ravipal/Desktop/Workspace/airflow_tutorial/py_env/lib/python3.12/site-packages/airflow/example_dags/tutorial_objectstorage.py
[2024-09-01T00:35:39.586+0530] {processor.py:925} INFO - DAG(s) 'tutorial_objectstorage' retrieved from /Users/ravipal/Desktop/Workspace/airflow_tutorial/py_env/lib/python3.12/site-packages/airflow/example_dags/tutorial_objectstorage.py
[2024-09-01T00:35:39.618+0530] {logging_mixin.py:190} INFO - [2024-09-01T00:35:39.618+0530] {dag.py:3211} INFO - Sync 1 DAGs
[2024-09-01T00:35:39.622+0530] {logging_mixin.py:190} INFO - [2024-09-01T00:35:39.622+0530] {dag.py:4138} INFO - Setting next_dagrun for tutorial_objectstorage to None, run_after=None
[2024-09-01T00:35:39.629+0530] {processor.py:208} INFO - Processing /Users/ravipal/Desktop/Workspace/airflow_tutorial/py_env/lib/python3.12/site-packages/airflow/example_dags/tutorial_objectstorage.py took 0.060 seconds
[2024-09-01T00:36:48.515+0530] {processor.py:186} INFO - Started process (PID=2448) to work on /Users/ravipal/Desktop/Workspace/airflow_tutorial/py_env/lib/python3.12/site-packages/airflow/example_dags/tutorial_objectstorage.py
[2024-09-01T00:36:48.515+0530] {processor.py:914} INFO - Processing file /Users/ravipal/Desktop/Workspace/airflow_tutorial/py_env/lib/python3.12/site-packages/airflow/example_dags/tutorial_objectstorage.py for tasks to queue
[2024-09-01T00:36:48.516+0530] {logging_mixin.py:190} INFO - [2024-09-01T00:36:48.516+0530] {dagbag.py:587} INFO - Filling up the DagBag from /Users/ravipal/Desktop/Workspace/airflow_tutorial/py_env/lib/python3.12/site-packages/airflow/example_dags/tutorial_objectstorage.py
[2024-09-01T00:36:48.531+0530] {processor.py:925} INFO - DAG(s) 'tutorial_objectstorage' retrieved from /Users/ravipal/Desktop/Workspace/airflow_tutorial/py_env/lib/python3.12/site-packages/airflow/example_dags/tutorial_objectstorage.py
[2024-09-01T00:36:48.563+0530] {logging_mixin.py:190} INFO - [2024-09-01T00:36:48.563+0530] {dag.py:3211} INFO - Sync 1 DAGs
[2024-09-01T00:36:48.567+0530] {logging_mixin.py:190} INFO - [2024-09-01T00:36:48.567+0530] {dag.py:4138} INFO - Setting next_dagrun for tutorial_objectstorage to None, run_after=None
[2024-09-01T00:36:48.574+0530] {processor.py:208} INFO - Processing /Users/ravipal/Desktop/Workspace/airflow_tutorial/py_env/lib/python3.12/site-packages/airflow/example_dags/tutorial_objectstorage.py took 0.061 seconds
[2024-09-01T00:37:53.561+0530] {processor.py:186} INFO - Started process (PID=2513) to work on /Users/ravipal/Desktop/Workspace/airflow_tutorial/py_env/lib/python3.12/site-packages/airflow/example_dags/tutorial_objectstorage.py
[2024-09-01T00:37:53.561+0530] {processor.py:914} INFO - Processing file /Users/ravipal/Desktop/Workspace/airflow_tutorial/py_env/lib/python3.12/site-packages/airflow/example_dags/tutorial_objectstorage.py for tasks to queue
[2024-09-01T00:37:53.562+0530] {logging_mixin.py:190} INFO - [2024-09-01T00:37:53.562+0530] {dagbag.py:587} INFO - Filling up the DagBag from /Users/ravipal/Desktop/Workspace/airflow_tutorial/py_env/lib/python3.12/site-packages/airflow/example_dags/tutorial_objectstorage.py
[2024-09-01T00:37:53.579+0530] {processor.py:925} INFO - DAG(s) 'tutorial_objectstorage' retrieved from /Users/ravipal/Desktop/Workspace/airflow_tutorial/py_env/lib/python3.12/site-packages/airflow/example_dags/tutorial_objectstorage.py
[2024-09-01T00:37:53.615+0530] {logging_mixin.py:190} INFO - [2024-09-01T00:37:53.615+0530] {dag.py:3211} INFO - Sync 1 DAGs
[2024-09-01T00:37:53.619+0530] {logging_mixin.py:190} INFO - [2024-09-01T00:37:53.619+0530] {dag.py:4138} INFO - Setting next_dagrun for tutorial_objectstorage to None, run_after=None
[2024-09-01T00:37:53.626+0530] {processor.py:208} INFO - Processing /Users/ravipal/Desktop/Workspace/airflow_tutorial/py_env/lib/python3.12/site-packages/airflow/example_dags/tutorial_objectstorage.py took 0.067 seconds
[2024-09-01T00:38:55.470+0530] {processor.py:186} INFO - Started process (PID=2577) to work on /Users/ravipal/Desktop/Workspace/airflow_tutorial/py_env/lib/python3.12/site-packages/airflow/example_dags/tutorial_objectstorage.py
[2024-09-01T00:38:55.471+0530] {processor.py:914} INFO - Processing file /Users/ravipal/Desktop/Workspace/airflow_tutorial/py_env/lib/python3.12/site-packages/airflow/example_dags/tutorial_objectstorage.py for tasks to queue
[2024-09-01T00:38:55.471+0530] {logging_mixin.py:190} INFO - [2024-09-01T00:38:55.471+0530] {dagbag.py:587} INFO - Filling up the DagBag from /Users/ravipal/Desktop/Workspace/airflow_tutorial/py_env/lib/python3.12/site-packages/airflow/example_dags/tutorial_objectstorage.py
[2024-09-01T00:38:55.486+0530] {processor.py:925} INFO - DAG(s) 'tutorial_objectstorage' retrieved from /Users/ravipal/Desktop/Workspace/airflow_tutorial/py_env/lib/python3.12/site-packages/airflow/example_dags/tutorial_objectstorage.py
[2024-09-01T00:38:55.518+0530] {logging_mixin.py:190} INFO - [2024-09-01T00:38:55.518+0530] {dag.py:3211} INFO - Sync 1 DAGs
[2024-09-01T00:38:55.523+0530] {logging_mixin.py:190} INFO - [2024-09-01T00:38:55.523+0530] {dag.py:4138} INFO - Setting next_dagrun for tutorial_objectstorage to None, run_after=None
[2024-09-01T00:38:55.532+0530] {processor.py:208} INFO - Processing /Users/ravipal/Desktop/Workspace/airflow_tutorial/py_env/lib/python3.12/site-packages/airflow/example_dags/tutorial_objectstorage.py took 0.064 seconds
[2024-09-01T00:39:58.029+0530] {processor.py:186} INFO - Started process (PID=2640) to work on /Users/ravipal/Desktop/Workspace/airflow_tutorial/py_env/lib/python3.12/site-packages/airflow/example_dags/tutorial_objectstorage.py
[2024-09-01T00:39:58.030+0530] {processor.py:914} INFO - Processing file /Users/ravipal/Desktop/Workspace/airflow_tutorial/py_env/lib/python3.12/site-packages/airflow/example_dags/tutorial_objectstorage.py for tasks to queue
[2024-09-01T00:39:58.030+0530] {logging_mixin.py:190} INFO - [2024-09-01T00:39:58.030+0530] {dagbag.py:587} INFO - Filling up the DagBag from /Users/ravipal/Desktop/Workspace/airflow_tutorial/py_env/lib/python3.12/site-packages/airflow/example_dags/tutorial_objectstorage.py
[2024-09-01T00:39:58.045+0530] {processor.py:925} INFO - DAG(s) 'tutorial_objectstorage' retrieved from /Users/ravipal/Desktop/Workspace/airflow_tutorial/py_env/lib/python3.12/site-packages/airflow/example_dags/tutorial_objectstorage.py
[2024-09-01T00:39:58.078+0530] {logging_mixin.py:190} INFO - [2024-09-01T00:39:58.078+0530] {dag.py:3211} INFO - Sync 1 DAGs
[2024-09-01T00:39:58.082+0530] {logging_mixin.py:190} INFO - [2024-09-01T00:39:58.082+0530] {dag.py:4138} INFO - Setting next_dagrun for tutorial_objectstorage to None, run_after=None
[2024-09-01T00:39:58.088+0530] {processor.py:208} INFO - Processing /Users/ravipal/Desktop/Workspace/airflow_tutorial/py_env/lib/python3.12/site-packages/airflow/example_dags/tutorial_objectstorage.py took 0.061 seconds
[2024-09-01T00:41:05.602+0530] {processor.py:186} INFO - Started process (PID=2705) to work on /Users/ravipal/Desktop/Workspace/airflow_tutorial/py_env/lib/python3.12/site-packages/airflow/example_dags/tutorial_objectstorage.py
[2024-09-01T00:41:05.602+0530] {processor.py:914} INFO - Processing file /Users/ravipal/Desktop/Workspace/airflow_tutorial/py_env/lib/python3.12/site-packages/airflow/example_dags/tutorial_objectstorage.py for tasks to queue
[2024-09-01T00:41:05.603+0530] {logging_mixin.py:190} INFO - [2024-09-01T00:41:05.602+0530] {dagbag.py:587} INFO - Filling up the DagBag from /Users/ravipal/Desktop/Workspace/airflow_tutorial/py_env/lib/python3.12/site-packages/airflow/example_dags/tutorial_objectstorage.py
[2024-09-01T00:41:05.618+0530] {processor.py:925} INFO - DAG(s) 'tutorial_objectstorage' retrieved from /Users/ravipal/Desktop/Workspace/airflow_tutorial/py_env/lib/python3.12/site-packages/airflow/example_dags/tutorial_objectstorage.py
[2024-09-01T00:41:05.651+0530] {logging_mixin.py:190} INFO - [2024-09-01T00:41:05.650+0530] {dag.py:3211} INFO - Sync 1 DAGs
[2024-09-01T00:41:05.655+0530] {logging_mixin.py:190} INFO - [2024-09-01T00:41:05.654+0530] {dag.py:4138} INFO - Setting next_dagrun for tutorial_objectstorage to None, run_after=None
[2024-09-01T00:41:05.661+0530] {processor.py:208} INFO - Processing /Users/ravipal/Desktop/Workspace/airflow_tutorial/py_env/lib/python3.12/site-packages/airflow/example_dags/tutorial_objectstorage.py took 0.061 seconds
[2024-09-01T00:42:12.174+0530] {processor.py:186} INFO - Started process (PID=2773) to work on /Users/ravipal/Desktop/Workspace/airflow_tutorial/py_env/lib/python3.12/site-packages/airflow/example_dags/tutorial_objectstorage.py
[2024-09-01T00:42:12.175+0530] {processor.py:914} INFO - Processing file /Users/ravipal/Desktop/Workspace/airflow_tutorial/py_env/lib/python3.12/site-packages/airflow/example_dags/tutorial_objectstorage.py for tasks to queue
[2024-09-01T00:42:12.175+0530] {logging_mixin.py:190} INFO - [2024-09-01T00:42:12.175+0530] {dagbag.py:587} INFO - Filling up the DagBag from /Users/ravipal/Desktop/Workspace/airflow_tutorial/py_env/lib/python3.12/site-packages/airflow/example_dags/tutorial_objectstorage.py
[2024-09-01T00:42:12.191+0530] {processor.py:925} INFO - DAG(s) 'tutorial_objectstorage' retrieved from /Users/ravipal/Desktop/Workspace/airflow_tutorial/py_env/lib/python3.12/site-packages/airflow/example_dags/tutorial_objectstorage.py
[2024-09-01T00:42:12.223+0530] {logging_mixin.py:190} INFO - [2024-09-01T00:42:12.223+0530] {dag.py:3211} INFO - Sync 1 DAGs
[2024-09-01T00:42:12.227+0530] {logging_mixin.py:190} INFO - [2024-09-01T00:42:12.227+0530] {dag.py:4138} INFO - Setting next_dagrun for tutorial_objectstorage to None, run_after=None
[2024-09-01T00:42:12.234+0530] {processor.py:208} INFO - Processing /Users/ravipal/Desktop/Workspace/airflow_tutorial/py_env/lib/python3.12/site-packages/airflow/example_dags/tutorial_objectstorage.py took 0.062 seconds
[2024-09-01T00:43:18.860+0530] {processor.py:186} INFO - Started process (PID=2837) to work on /Users/ravipal/Desktop/Workspace/airflow_tutorial/py_env/lib/python3.12/site-packages/airflow/example_dags/tutorial_objectstorage.py
[2024-09-01T00:43:18.861+0530] {processor.py:914} INFO - Processing file /Users/ravipal/Desktop/Workspace/airflow_tutorial/py_env/lib/python3.12/site-packages/airflow/example_dags/tutorial_objectstorage.py for tasks to queue
[2024-09-01T00:43:18.861+0530] {logging_mixin.py:190} INFO - [2024-09-01T00:43:18.861+0530] {dagbag.py:587} INFO - Filling up the DagBag from /Users/ravipal/Desktop/Workspace/airflow_tutorial/py_env/lib/python3.12/site-packages/airflow/example_dags/tutorial_objectstorage.py
[2024-09-01T00:43:18.877+0530] {processor.py:925} INFO - DAG(s) 'tutorial_objectstorage' retrieved from /Users/ravipal/Desktop/Workspace/airflow_tutorial/py_env/lib/python3.12/site-packages/airflow/example_dags/tutorial_objectstorage.py
[2024-09-01T00:43:18.910+0530] {logging_mixin.py:190} INFO - [2024-09-01T00:43:18.910+0530] {dag.py:3211} INFO - Sync 1 DAGs
[2024-09-01T00:43:18.914+0530] {logging_mixin.py:190} INFO - [2024-09-01T00:43:18.914+0530] {dag.py:4138} INFO - Setting next_dagrun for tutorial_objectstorage to None, run_after=None
[2024-09-01T00:43:18.920+0530] {processor.py:208} INFO - Processing /Users/ravipal/Desktop/Workspace/airflow_tutorial/py_env/lib/python3.12/site-packages/airflow/example_dags/tutorial_objectstorage.py took 0.062 seconds
[2024-09-01T00:44:26.232+0530] {processor.py:186} INFO - Started process (PID=2903) to work on /Users/ravipal/Desktop/Workspace/airflow_tutorial/py_env/lib/python3.12/site-packages/airflow/example_dags/tutorial_objectstorage.py
[2024-09-01T00:44:26.233+0530] {processor.py:914} INFO - Processing file /Users/ravipal/Desktop/Workspace/airflow_tutorial/py_env/lib/python3.12/site-packages/airflow/example_dags/tutorial_objectstorage.py for tasks to queue
[2024-09-01T00:44:26.233+0530] {logging_mixin.py:190} INFO - [2024-09-01T00:44:26.233+0530] {dagbag.py:587} INFO - Filling up the DagBag from /Users/ravipal/Desktop/Workspace/airflow_tutorial/py_env/lib/python3.12/site-packages/airflow/example_dags/tutorial_objectstorage.py
[2024-09-01T00:44:26.248+0530] {processor.py:925} INFO - DAG(s) 'tutorial_objectstorage' retrieved from /Users/ravipal/Desktop/Workspace/airflow_tutorial/py_env/lib/python3.12/site-packages/airflow/example_dags/tutorial_objectstorage.py
[2024-09-01T00:44:26.281+0530] {logging_mixin.py:190} INFO - [2024-09-01T00:44:26.281+0530] {dag.py:3211} INFO - Sync 1 DAGs
[2024-09-01T00:44:26.285+0530] {logging_mixin.py:190} INFO - [2024-09-01T00:44:26.285+0530] {dag.py:4138} INFO - Setting next_dagrun for tutorial_objectstorage to None, run_after=None
[2024-09-01T00:44:26.291+0530] {processor.py:208} INFO - Processing /Users/ravipal/Desktop/Workspace/airflow_tutorial/py_env/lib/python3.12/site-packages/airflow/example_dags/tutorial_objectstorage.py took 0.061 seconds
[2024-09-01T00:45:35.347+0530] {processor.py:186} INFO - Started process (PID=2972) to work on /Users/ravipal/Desktop/Workspace/airflow_tutorial/py_env/lib/python3.12/site-packages/airflow/example_dags/tutorial_objectstorage.py
[2024-09-01T00:45:35.347+0530] {processor.py:914} INFO - Processing file /Users/ravipal/Desktop/Workspace/airflow_tutorial/py_env/lib/python3.12/site-packages/airflow/example_dags/tutorial_objectstorage.py for tasks to queue
[2024-09-01T00:45:35.348+0530] {logging_mixin.py:190} INFO - [2024-09-01T00:45:35.348+0530] {dagbag.py:587} INFO - Filling up the DagBag from /Users/ravipal/Desktop/Workspace/airflow_tutorial/py_env/lib/python3.12/site-packages/airflow/example_dags/tutorial_objectstorage.py
[2024-09-01T00:45:35.363+0530] {processor.py:925} INFO - DAG(s) 'tutorial_objectstorage' retrieved from /Users/ravipal/Desktop/Workspace/airflow_tutorial/py_env/lib/python3.12/site-packages/airflow/example_dags/tutorial_objectstorage.py
[2024-09-01T00:45:35.396+0530] {logging_mixin.py:190} INFO - [2024-09-01T00:45:35.396+0530] {dag.py:3211} INFO - Sync 1 DAGs
[2024-09-01T00:45:35.400+0530] {logging_mixin.py:190} INFO - [2024-09-01T00:45:35.400+0530] {dag.py:4138} INFO - Setting next_dagrun for tutorial_objectstorage to None, run_after=None
[2024-09-01T00:45:35.406+0530] {processor.py:208} INFO - Processing /Users/ravipal/Desktop/Workspace/airflow_tutorial/py_env/lib/python3.12/site-packages/airflow/example_dags/tutorial_objectstorage.py took 0.062 seconds
[2024-09-01T00:46:41.588+0530] {processor.py:186} INFO - Started process (PID=3039) to work on /Users/ravipal/Desktop/Workspace/airflow_tutorial/py_env/lib/python3.12/site-packages/airflow/example_dags/tutorial_objectstorage.py
[2024-09-01T00:46:41.589+0530] {processor.py:914} INFO - Processing file /Users/ravipal/Desktop/Workspace/airflow_tutorial/py_env/lib/python3.12/site-packages/airflow/example_dags/tutorial_objectstorage.py for tasks to queue
[2024-09-01T00:46:41.589+0530] {logging_mixin.py:190} INFO - [2024-09-01T00:46:41.589+0530] {dagbag.py:587} INFO - Filling up the DagBag from /Users/ravipal/Desktop/Workspace/airflow_tutorial/py_env/lib/python3.12/site-packages/airflow/example_dags/tutorial_objectstorage.py
[2024-09-01T00:46:41.605+0530] {processor.py:925} INFO - DAG(s) 'tutorial_objectstorage' retrieved from /Users/ravipal/Desktop/Workspace/airflow_tutorial/py_env/lib/python3.12/site-packages/airflow/example_dags/tutorial_objectstorage.py
[2024-09-01T00:46:41.638+0530] {logging_mixin.py:190} INFO - [2024-09-01T00:46:41.638+0530] {dag.py:3211} INFO - Sync 1 DAGs
[2024-09-01T00:46:41.642+0530] {logging_mixin.py:190} INFO - [2024-09-01T00:46:41.642+0530] {dag.py:4138} INFO - Setting next_dagrun for tutorial_objectstorage to None, run_after=None
[2024-09-01T00:46:41.649+0530] {processor.py:208} INFO - Processing /Users/ravipal/Desktop/Workspace/airflow_tutorial/py_env/lib/python3.12/site-packages/airflow/example_dags/tutorial_objectstorage.py took 0.062 seconds
[2024-09-01T00:47:46.064+0530] {processor.py:186} INFO - Started process (PID=3102) to work on /Users/ravipal/Desktop/Workspace/airflow_tutorial/py_env/lib/python3.12/site-packages/airflow/example_dags/tutorial_objectstorage.py
[2024-09-01T00:47:46.065+0530] {processor.py:914} INFO - Processing file /Users/ravipal/Desktop/Workspace/airflow_tutorial/py_env/lib/python3.12/site-packages/airflow/example_dags/tutorial_objectstorage.py for tasks to queue
[2024-09-01T00:47:46.065+0530] {logging_mixin.py:190} INFO - [2024-09-01T00:47:46.065+0530] {dagbag.py:587} INFO - Filling up the DagBag from /Users/ravipal/Desktop/Workspace/airflow_tutorial/py_env/lib/python3.12/site-packages/airflow/example_dags/tutorial_objectstorage.py
[2024-09-01T00:47:46.081+0530] {processor.py:925} INFO - DAG(s) 'tutorial_objectstorage' retrieved from /Users/ravipal/Desktop/Workspace/airflow_tutorial/py_env/lib/python3.12/site-packages/airflow/example_dags/tutorial_objectstorage.py
[2024-09-01T00:47:46.113+0530] {logging_mixin.py:190} INFO - [2024-09-01T00:47:46.113+0530] {dag.py:3211} INFO - Sync 1 DAGs
[2024-09-01T00:47:46.117+0530] {logging_mixin.py:190} INFO - [2024-09-01T00:47:46.117+0530] {dag.py:4138} INFO - Setting next_dagrun for tutorial_objectstorage to None, run_after=None
[2024-09-01T00:47:46.124+0530] {processor.py:208} INFO - Processing /Users/ravipal/Desktop/Workspace/airflow_tutorial/py_env/lib/python3.12/site-packages/airflow/example_dags/tutorial_objectstorage.py took 0.061 seconds
[2024-09-01T00:48:48.143+0530] {processor.py:186} INFO - Started process (PID=3167) to work on /Users/ravipal/Desktop/Workspace/airflow_tutorial/py_env/lib/python3.12/site-packages/airflow/example_dags/tutorial_objectstorage.py
[2024-09-01T00:48:48.143+0530] {processor.py:914} INFO - Processing file /Users/ravipal/Desktop/Workspace/airflow_tutorial/py_env/lib/python3.12/site-packages/airflow/example_dags/tutorial_objectstorage.py for tasks to queue
[2024-09-01T00:48:48.144+0530] {logging_mixin.py:190} INFO - [2024-09-01T00:48:48.143+0530] {dagbag.py:587} INFO - Filling up the DagBag from /Users/ravipal/Desktop/Workspace/airflow_tutorial/py_env/lib/python3.12/site-packages/airflow/example_dags/tutorial_objectstorage.py
[2024-09-01T00:48:48.160+0530] {processor.py:925} INFO - DAG(s) 'tutorial_objectstorage' retrieved from /Users/ravipal/Desktop/Workspace/airflow_tutorial/py_env/lib/python3.12/site-packages/airflow/example_dags/tutorial_objectstorage.py
[2024-09-01T00:48:48.196+0530] {logging_mixin.py:190} INFO - [2024-09-01T00:48:48.195+0530] {dag.py:3211} INFO - Sync 1 DAGs
[2024-09-01T00:48:48.200+0530] {logging_mixin.py:190} INFO - [2024-09-01T00:48:48.200+0530] {dag.py:4138} INFO - Setting next_dagrun for tutorial_objectstorage to None, run_after=None
[2024-09-01T00:48:48.207+0530] {processor.py:208} INFO - Processing /Users/ravipal/Desktop/Workspace/airflow_tutorial/py_env/lib/python3.12/site-packages/airflow/example_dags/tutorial_objectstorage.py took 0.067 seconds
[2024-09-01T00:49:52.342+0530] {processor.py:186} INFO - Started process (PID=3243) to work on /Users/ravipal/Desktop/Workspace/airflow_tutorial/py_env/lib/python3.12/site-packages/airflow/example_dags/tutorial_objectstorage.py
[2024-09-01T00:49:52.343+0530] {processor.py:914} INFO - Processing file /Users/ravipal/Desktop/Workspace/airflow_tutorial/py_env/lib/python3.12/site-packages/airflow/example_dags/tutorial_objectstorage.py for tasks to queue
[2024-09-01T00:49:52.343+0530] {logging_mixin.py:190} INFO - [2024-09-01T00:49:52.343+0530] {dagbag.py:587} INFO - Filling up the DagBag from /Users/ravipal/Desktop/Workspace/airflow_tutorial/py_env/lib/python3.12/site-packages/airflow/example_dags/tutorial_objectstorage.py
[2024-09-01T00:49:52.358+0530] {processor.py:925} INFO - DAG(s) 'tutorial_objectstorage' retrieved from /Users/ravipal/Desktop/Workspace/airflow_tutorial/py_env/lib/python3.12/site-packages/airflow/example_dags/tutorial_objectstorage.py
[2024-09-01T00:49:52.391+0530] {logging_mixin.py:190} INFO - [2024-09-01T00:49:52.390+0530] {dag.py:3211} INFO - Sync 1 DAGs
[2024-09-01T00:49:52.395+0530] {logging_mixin.py:190} INFO - [2024-09-01T00:49:52.394+0530] {dag.py:4138} INFO - Setting next_dagrun for tutorial_objectstorage to None, run_after=None
[2024-09-01T00:49:52.401+0530] {processor.py:208} INFO - Processing /Users/ravipal/Desktop/Workspace/airflow_tutorial/py_env/lib/python3.12/site-packages/airflow/example_dags/tutorial_objectstorage.py took 0.061 seconds
[2024-09-01T00:51:02.233+0530] {processor.py:186} INFO - Started process (PID=3327) to work on /Users/ravipal/Desktop/Workspace/airflow_tutorial/py_env/lib/python3.12/site-packages/airflow/example_dags/tutorial_objectstorage.py
[2024-09-01T00:51:02.234+0530] {processor.py:914} INFO - Processing file /Users/ravipal/Desktop/Workspace/airflow_tutorial/py_env/lib/python3.12/site-packages/airflow/example_dags/tutorial_objectstorage.py for tasks to queue
[2024-09-01T00:51:02.234+0530] {logging_mixin.py:190} INFO - [2024-09-01T00:51:02.234+0530] {dagbag.py:587} INFO - Filling up the DagBag from /Users/ravipal/Desktop/Workspace/airflow_tutorial/py_env/lib/python3.12/site-packages/airflow/example_dags/tutorial_objectstorage.py
[2024-09-01T00:51:02.250+0530] {processor.py:925} INFO - DAG(s) 'tutorial_objectstorage' retrieved from /Users/ravipal/Desktop/Workspace/airflow_tutorial/py_env/lib/python3.12/site-packages/airflow/example_dags/tutorial_objectstorage.py
[2024-09-01T00:51:02.283+0530] {logging_mixin.py:190} INFO - [2024-09-01T00:51:02.283+0530] {dag.py:3211} INFO - Sync 1 DAGs
[2024-09-01T00:51:02.288+0530] {logging_mixin.py:190} INFO - [2024-09-01T00:51:02.288+0530] {dag.py:4138} INFO - Setting next_dagrun for tutorial_objectstorage to None, run_after=None
[2024-09-01T00:51:02.295+0530] {processor.py:208} INFO - Processing /Users/ravipal/Desktop/Workspace/airflow_tutorial/py_env/lib/python3.12/site-packages/airflow/example_dags/tutorial_objectstorage.py took 0.064 seconds
[2024-09-01T00:52:08.956+0530] {processor.py:186} INFO - Started process (PID=3393) to work on /Users/ravipal/Desktop/Workspace/airflow_tutorial/py_env/lib/python3.12/site-packages/airflow/example_dags/tutorial_objectstorage.py
[2024-09-01T00:52:08.956+0530] {processor.py:914} INFO - Processing file /Users/ravipal/Desktop/Workspace/airflow_tutorial/py_env/lib/python3.12/site-packages/airflow/example_dags/tutorial_objectstorage.py for tasks to queue
[2024-09-01T00:52:08.957+0530] {logging_mixin.py:190} INFO - [2024-09-01T00:52:08.957+0530] {dagbag.py:587} INFO - Filling up the DagBag from /Users/ravipal/Desktop/Workspace/airflow_tutorial/py_env/lib/python3.12/site-packages/airflow/example_dags/tutorial_objectstorage.py
[2024-09-01T00:52:08.972+0530] {processor.py:925} INFO - DAG(s) 'tutorial_objectstorage' retrieved from /Users/ravipal/Desktop/Workspace/airflow_tutorial/py_env/lib/python3.12/site-packages/airflow/example_dags/tutorial_objectstorage.py
[2024-09-01T00:52:09.005+0530] {logging_mixin.py:190} INFO - [2024-09-01T00:52:09.005+0530] {dag.py:3211} INFO - Sync 1 DAGs
[2024-09-01T00:52:09.009+0530] {logging_mixin.py:190} INFO - [2024-09-01T00:52:09.009+0530] {dag.py:4138} INFO - Setting next_dagrun for tutorial_objectstorage to None, run_after=None
[2024-09-01T00:52:09.016+0530] {processor.py:208} INFO - Processing /Users/ravipal/Desktop/Workspace/airflow_tutorial/py_env/lib/python3.12/site-packages/airflow/example_dags/tutorial_objectstorage.py took 0.062 seconds
[2024-09-01T00:53:15.000+0530] {processor.py:186} INFO - Started process (PID=3459) to work on /Users/ravipal/Desktop/Workspace/airflow_tutorial/py_env/lib/python3.12/site-packages/airflow/example_dags/tutorial_objectstorage.py
[2024-09-01T00:53:15.000+0530] {processor.py:914} INFO - Processing file /Users/ravipal/Desktop/Workspace/airflow_tutorial/py_env/lib/python3.12/site-packages/airflow/example_dags/tutorial_objectstorage.py for tasks to queue
[2024-09-01T00:53:15.001+0530] {logging_mixin.py:190} INFO - [2024-09-01T00:53:15.000+0530] {dagbag.py:587} INFO - Filling up the DagBag from /Users/ravipal/Desktop/Workspace/airflow_tutorial/py_env/lib/python3.12/site-packages/airflow/example_dags/tutorial_objectstorage.py
[2024-09-01T00:53:15.016+0530] {processor.py:925} INFO - DAG(s) 'tutorial_objectstorage' retrieved from /Users/ravipal/Desktop/Workspace/airflow_tutorial/py_env/lib/python3.12/site-packages/airflow/example_dags/tutorial_objectstorage.py
[2024-09-01T00:53:15.049+0530] {logging_mixin.py:190} INFO - [2024-09-01T00:53:15.049+0530] {dag.py:3211} INFO - Sync 1 DAGs
[2024-09-01T00:53:15.053+0530] {logging_mixin.py:190} INFO - [2024-09-01T00:53:15.053+0530] {dag.py:4138} INFO - Setting next_dagrun for tutorial_objectstorage to None, run_after=None
[2024-09-01T00:53:15.060+0530] {processor.py:208} INFO - Processing /Users/ravipal/Desktop/Workspace/airflow_tutorial/py_env/lib/python3.12/site-packages/airflow/example_dags/tutorial_objectstorage.py took 0.062 seconds
[2024-09-01T00:54:20.789+0530] {processor.py:186} INFO - Started process (PID=3524) to work on /Users/ravipal/Desktop/Workspace/airflow_tutorial/py_env/lib/python3.12/site-packages/airflow/example_dags/tutorial_objectstorage.py
[2024-09-01T00:54:20.789+0530] {processor.py:914} INFO - Processing file /Users/ravipal/Desktop/Workspace/airflow_tutorial/py_env/lib/python3.12/site-packages/airflow/example_dags/tutorial_objectstorage.py for tasks to queue
[2024-09-01T00:54:20.790+0530] {logging_mixin.py:190} INFO - [2024-09-01T00:54:20.790+0530] {dagbag.py:587} INFO - Filling up the DagBag from /Users/ravipal/Desktop/Workspace/airflow_tutorial/py_env/lib/python3.12/site-packages/airflow/example_dags/tutorial_objectstorage.py
[2024-09-01T00:54:20.827+0530] {processor.py:925} INFO - DAG(s) 'tutorial_objectstorage' retrieved from /Users/ravipal/Desktop/Workspace/airflow_tutorial/py_env/lib/python3.12/site-packages/airflow/example_dags/tutorial_objectstorage.py
[2024-09-01T00:54:20.859+0530] {logging_mixin.py:190} INFO - [2024-09-01T00:54:20.859+0530] {dag.py:3211} INFO - Sync 1 DAGs
[2024-09-01T00:54:20.863+0530] {logging_mixin.py:190} INFO - [2024-09-01T00:54:20.863+0530] {dag.py:4138} INFO - Setting next_dagrun for tutorial_objectstorage to None, run_after=None
[2024-09-01T00:54:20.869+0530] {processor.py:208} INFO - Processing /Users/ravipal/Desktop/Workspace/airflow_tutorial/py_env/lib/python3.12/site-packages/airflow/example_dags/tutorial_objectstorage.py took 0.082 seconds
[2024-09-01T00:55:26.880+0530] {processor.py:186} INFO - Started process (PID=3593) to work on /Users/ravipal/Desktop/Workspace/airflow_tutorial/py_env/lib/python3.12/site-packages/airflow/example_dags/tutorial_objectstorage.py
[2024-09-01T00:55:26.880+0530] {processor.py:914} INFO - Processing file /Users/ravipal/Desktop/Workspace/airflow_tutorial/py_env/lib/python3.12/site-packages/airflow/example_dags/tutorial_objectstorage.py for tasks to queue
[2024-09-01T00:55:26.881+0530] {logging_mixin.py:190} INFO - [2024-09-01T00:55:26.880+0530] {dagbag.py:587} INFO - Filling up the DagBag from /Users/ravipal/Desktop/Workspace/airflow_tutorial/py_env/lib/python3.12/site-packages/airflow/example_dags/tutorial_objectstorage.py
[2024-09-01T00:55:26.896+0530] {processor.py:925} INFO - DAG(s) 'tutorial_objectstorage' retrieved from /Users/ravipal/Desktop/Workspace/airflow_tutorial/py_env/lib/python3.12/site-packages/airflow/example_dags/tutorial_objectstorage.py
[2024-09-01T00:55:26.929+0530] {logging_mixin.py:190} INFO - [2024-09-01T00:55:26.928+0530] {dag.py:3211} INFO - Sync 1 DAGs
[2024-09-01T00:55:26.933+0530] {logging_mixin.py:190} INFO - [2024-09-01T00:55:26.932+0530] {dag.py:4138} INFO - Setting next_dagrun for tutorial_objectstorage to None, run_after=None
[2024-09-01T00:55:26.939+0530] {processor.py:208} INFO - Processing /Users/ravipal/Desktop/Workspace/airflow_tutorial/py_env/lib/python3.12/site-packages/airflow/example_dags/tutorial_objectstorage.py took 0.061 seconds
[2024-09-01T00:56:32.130+0530] {processor.py:186} INFO - Started process (PID=3656) to work on /Users/ravipal/Desktop/Workspace/airflow_tutorial/py_env/lib/python3.12/site-packages/airflow/example_dags/tutorial_objectstorage.py
[2024-09-01T00:56:32.130+0530] {processor.py:914} INFO - Processing file /Users/ravipal/Desktop/Workspace/airflow_tutorial/py_env/lib/python3.12/site-packages/airflow/example_dags/tutorial_objectstorage.py for tasks to queue
[2024-09-01T00:56:32.130+0530] {logging_mixin.py:190} INFO - [2024-09-01T00:56:32.130+0530] {dagbag.py:587} INFO - Filling up the DagBag from /Users/ravipal/Desktop/Workspace/airflow_tutorial/py_env/lib/python3.12/site-packages/airflow/example_dags/tutorial_objectstorage.py
[2024-09-01T00:56:32.145+0530] {processor.py:925} INFO - DAG(s) 'tutorial_objectstorage' retrieved from /Users/ravipal/Desktop/Workspace/airflow_tutorial/py_env/lib/python3.12/site-packages/airflow/example_dags/tutorial_objectstorage.py
[2024-09-01T00:56:32.178+0530] {logging_mixin.py:190} INFO - [2024-09-01T00:56:32.178+0530] {dag.py:3211} INFO - Sync 1 DAGs
[2024-09-01T00:56:32.182+0530] {logging_mixin.py:190} INFO - [2024-09-01T00:56:32.182+0530] {dag.py:4138} INFO - Setting next_dagrun for tutorial_objectstorage to None, run_after=None
[2024-09-01T00:56:32.188+0530] {processor.py:208} INFO - Processing /Users/ravipal/Desktop/Workspace/airflow_tutorial/py_env/lib/python3.12/site-packages/airflow/example_dags/tutorial_objectstorage.py took 0.061 seconds
[2024-09-01T00:57:38.050+0530] {processor.py:186} INFO - Started process (PID=3721) to work on /Users/ravipal/Desktop/Workspace/airflow_tutorial/py_env/lib/python3.12/site-packages/airflow/example_dags/tutorial_objectstorage.py
[2024-09-01T00:57:38.051+0530] {processor.py:914} INFO - Processing file /Users/ravipal/Desktop/Workspace/airflow_tutorial/py_env/lib/python3.12/site-packages/airflow/example_dags/tutorial_objectstorage.py for tasks to queue
[2024-09-01T00:57:38.051+0530] {logging_mixin.py:190} INFO - [2024-09-01T00:57:38.051+0530] {dagbag.py:587} INFO - Filling up the DagBag from /Users/ravipal/Desktop/Workspace/airflow_tutorial/py_env/lib/python3.12/site-packages/airflow/example_dags/tutorial_objectstorage.py
[2024-09-01T00:57:38.066+0530] {processor.py:925} INFO - DAG(s) 'tutorial_objectstorage' retrieved from /Users/ravipal/Desktop/Workspace/airflow_tutorial/py_env/lib/python3.12/site-packages/airflow/example_dags/tutorial_objectstorage.py
[2024-09-01T00:57:38.099+0530] {logging_mixin.py:190} INFO - [2024-09-01T00:57:38.098+0530] {dag.py:3211} INFO - Sync 1 DAGs
[2024-09-01T00:57:38.102+0530] {logging_mixin.py:190} INFO - [2024-09-01T00:57:38.102+0530] {dag.py:4138} INFO - Setting next_dagrun for tutorial_objectstorage to None, run_after=None
[2024-09-01T00:57:38.109+0530] {processor.py:208} INFO - Processing /Users/ravipal/Desktop/Workspace/airflow_tutorial/py_env/lib/python3.12/site-packages/airflow/example_dags/tutorial_objectstorage.py took 0.061 seconds
[2024-09-01T00:58:43.130+0530] {processor.py:186} INFO - Started process (PID=3787) to work on /Users/ravipal/Desktop/Workspace/airflow_tutorial/py_env/lib/python3.12/site-packages/airflow/example_dags/tutorial_objectstorage.py
[2024-09-01T00:58:43.131+0530] {processor.py:914} INFO - Processing file /Users/ravipal/Desktop/Workspace/airflow_tutorial/py_env/lib/python3.12/site-packages/airflow/example_dags/tutorial_objectstorage.py for tasks to queue
[2024-09-01T00:58:43.131+0530] {logging_mixin.py:190} INFO - [2024-09-01T00:58:43.131+0530] {dagbag.py:587} INFO - Filling up the DagBag from /Users/ravipal/Desktop/Workspace/airflow_tutorial/py_env/lib/python3.12/site-packages/airflow/example_dags/tutorial_objectstorage.py
[2024-09-01T00:58:43.146+0530] {processor.py:925} INFO - DAG(s) 'tutorial_objectstorage' retrieved from /Users/ravipal/Desktop/Workspace/airflow_tutorial/py_env/lib/python3.12/site-packages/airflow/example_dags/tutorial_objectstorage.py
[2024-09-01T00:58:43.179+0530] {logging_mixin.py:190} INFO - [2024-09-01T00:58:43.178+0530] {dag.py:3211} INFO - Sync 1 DAGs
[2024-09-01T00:58:43.183+0530] {logging_mixin.py:190} INFO - [2024-09-01T00:58:43.182+0530] {dag.py:4138} INFO - Setting next_dagrun for tutorial_objectstorage to None, run_after=None
[2024-09-01T00:58:43.189+0530] {processor.py:208} INFO - Processing /Users/ravipal/Desktop/Workspace/airflow_tutorial/py_env/lib/python3.12/site-packages/airflow/example_dags/tutorial_objectstorage.py took 0.061 seconds
[2024-09-01T00:59:49.267+0530] {processor.py:186} INFO - Started process (PID=3852) to work on /Users/ravipal/Desktop/Workspace/airflow_tutorial/py_env/lib/python3.12/site-packages/airflow/example_dags/tutorial_objectstorage.py
[2024-09-01T00:59:49.268+0530] {processor.py:914} INFO - Processing file /Users/ravipal/Desktop/Workspace/airflow_tutorial/py_env/lib/python3.12/site-packages/airflow/example_dags/tutorial_objectstorage.py for tasks to queue
[2024-09-01T00:59:49.268+0530] {logging_mixin.py:190} INFO - [2024-09-01T00:59:49.268+0530] {dagbag.py:587} INFO - Filling up the DagBag from /Users/ravipal/Desktop/Workspace/airflow_tutorial/py_env/lib/python3.12/site-packages/airflow/example_dags/tutorial_objectstorage.py
[2024-09-01T00:59:49.284+0530] {processor.py:925} INFO - DAG(s) 'tutorial_objectstorage' retrieved from /Users/ravipal/Desktop/Workspace/airflow_tutorial/py_env/lib/python3.12/site-packages/airflow/example_dags/tutorial_objectstorage.py
[2024-09-01T00:59:49.318+0530] {logging_mixin.py:190} INFO - [2024-09-01T00:59:49.318+0530] {dag.py:3211} INFO - Sync 1 DAGs
[2024-09-01T00:59:49.322+0530] {logging_mixin.py:190} INFO - [2024-09-01T00:59:49.322+0530] {dag.py:4138} INFO - Setting next_dagrun for tutorial_objectstorage to None, run_after=None
[2024-09-01T00:59:49.328+0530] {processor.py:208} INFO - Processing /Users/ravipal/Desktop/Workspace/airflow_tutorial/py_env/lib/python3.12/site-packages/airflow/example_dags/tutorial_objectstorage.py took 0.063 seconds
[2024-09-01T01:00:52.182+0530] {processor.py:186} INFO - Started process (PID=3915) to work on /Users/ravipal/Desktop/Workspace/airflow_tutorial/py_env/lib/python3.12/site-packages/airflow/example_dags/tutorial_objectstorage.py
[2024-09-01T01:00:52.183+0530] {processor.py:914} INFO - Processing file /Users/ravipal/Desktop/Workspace/airflow_tutorial/py_env/lib/python3.12/site-packages/airflow/example_dags/tutorial_objectstorage.py for tasks to queue
[2024-09-01T01:00:52.183+0530] {logging_mixin.py:190} INFO - [2024-09-01T01:00:52.183+0530] {dagbag.py:587} INFO - Filling up the DagBag from /Users/ravipal/Desktop/Workspace/airflow_tutorial/py_env/lib/python3.12/site-packages/airflow/example_dags/tutorial_objectstorage.py
[2024-09-01T01:00:52.198+0530] {processor.py:925} INFO - DAG(s) 'tutorial_objectstorage' retrieved from /Users/ravipal/Desktop/Workspace/airflow_tutorial/py_env/lib/python3.12/site-packages/airflow/example_dags/tutorial_objectstorage.py
[2024-09-01T01:00:52.231+0530] {logging_mixin.py:190} INFO - [2024-09-01T01:00:52.231+0530] {dag.py:3211} INFO - Sync 1 DAGs
[2024-09-01T01:00:52.235+0530] {logging_mixin.py:190} INFO - [2024-09-01T01:00:52.235+0530] {dag.py:4138} INFO - Setting next_dagrun for tutorial_objectstorage to None, run_after=None
[2024-09-01T01:00:52.242+0530] {processor.py:208} INFO - Processing /Users/ravipal/Desktop/Workspace/airflow_tutorial/py_env/lib/python3.12/site-packages/airflow/example_dags/tutorial_objectstorage.py took 0.062 seconds
[2024-09-01T01:01:55.046+0530] {processor.py:186} INFO - Started process (PID=3979) to work on /Users/ravipal/Desktop/Workspace/airflow_tutorial/py_env/lib/python3.12/site-packages/airflow/example_dags/tutorial_objectstorage.py
[2024-09-01T01:01:55.046+0530] {processor.py:914} INFO - Processing file /Users/ravipal/Desktop/Workspace/airflow_tutorial/py_env/lib/python3.12/site-packages/airflow/example_dags/tutorial_objectstorage.py for tasks to queue
[2024-09-01T01:01:55.046+0530] {logging_mixin.py:190} INFO - [2024-09-01T01:01:55.046+0530] {dagbag.py:587} INFO - Filling up the DagBag from /Users/ravipal/Desktop/Workspace/airflow_tutorial/py_env/lib/python3.12/site-packages/airflow/example_dags/tutorial_objectstorage.py
[2024-09-01T01:01:55.061+0530] {processor.py:925} INFO - DAG(s) 'tutorial_objectstorage' retrieved from /Users/ravipal/Desktop/Workspace/airflow_tutorial/py_env/lib/python3.12/site-packages/airflow/example_dags/tutorial_objectstorage.py
[2024-09-01T01:01:55.093+0530] {logging_mixin.py:190} INFO - [2024-09-01T01:01:55.093+0530] {dag.py:3211} INFO - Sync 1 DAGs
[2024-09-01T01:01:55.097+0530] {logging_mixin.py:190} INFO - [2024-09-01T01:01:55.097+0530] {dag.py:4138} INFO - Setting next_dagrun for tutorial_objectstorage to None, run_after=None
[2024-09-01T01:01:55.104+0530] {processor.py:208} INFO - Processing /Users/ravipal/Desktop/Workspace/airflow_tutorial/py_env/lib/python3.12/site-packages/airflow/example_dags/tutorial_objectstorage.py took 0.060 seconds
[2024-09-01T01:02:58.510+0530] {processor.py:186} INFO - Started process (PID=4045) to work on /Users/ravipal/Desktop/Workspace/airflow_tutorial/py_env/lib/python3.12/site-packages/airflow/example_dags/tutorial_objectstorage.py
[2024-09-01T01:02:58.510+0530] {processor.py:914} INFO - Processing file /Users/ravipal/Desktop/Workspace/airflow_tutorial/py_env/lib/python3.12/site-packages/airflow/example_dags/tutorial_objectstorage.py for tasks to queue
[2024-09-01T01:02:58.510+0530] {logging_mixin.py:190} INFO - [2024-09-01T01:02:58.510+0530] {dagbag.py:587} INFO - Filling up the DagBag from /Users/ravipal/Desktop/Workspace/airflow_tutorial/py_env/lib/python3.12/site-packages/airflow/example_dags/tutorial_objectstorage.py
[2024-09-01T01:02:58.527+0530] {processor.py:925} INFO - DAG(s) 'tutorial_objectstorage' retrieved from /Users/ravipal/Desktop/Workspace/airflow_tutorial/py_env/lib/python3.12/site-packages/airflow/example_dags/tutorial_objectstorage.py
[2024-09-01T01:02:58.559+0530] {logging_mixin.py:190} INFO - [2024-09-01T01:02:58.559+0530] {dag.py:3211} INFO - Sync 1 DAGs
[2024-09-01T01:02:58.563+0530] {logging_mixin.py:190} INFO - [2024-09-01T01:02:58.563+0530] {dag.py:4138} INFO - Setting next_dagrun for tutorial_objectstorage to None, run_after=None
[2024-09-01T01:02:58.569+0530] {processor.py:208} INFO - Processing /Users/ravipal/Desktop/Workspace/airflow_tutorial/py_env/lib/python3.12/site-packages/airflow/example_dags/tutorial_objectstorage.py took 0.062 seconds
[2024-09-01T01:04:02.299+0530] {processor.py:186} INFO - Started process (PID=4113) to work on /Users/ravipal/Desktop/Workspace/airflow_tutorial/py_env/lib/python3.12/site-packages/airflow/example_dags/tutorial_objectstorage.py
[2024-09-01T01:04:02.300+0530] {processor.py:914} INFO - Processing file /Users/ravipal/Desktop/Workspace/airflow_tutorial/py_env/lib/python3.12/site-packages/airflow/example_dags/tutorial_objectstorage.py for tasks to queue
[2024-09-01T01:04:02.300+0530] {logging_mixin.py:190} INFO - [2024-09-01T01:04:02.300+0530] {dagbag.py:587} INFO - Filling up the DagBag from /Users/ravipal/Desktop/Workspace/airflow_tutorial/py_env/lib/python3.12/site-packages/airflow/example_dags/tutorial_objectstorage.py
[2024-09-01T01:04:02.316+0530] {processor.py:925} INFO - DAG(s) 'tutorial_objectstorage' retrieved from /Users/ravipal/Desktop/Workspace/airflow_tutorial/py_env/lib/python3.12/site-packages/airflow/example_dags/tutorial_objectstorage.py
[2024-09-01T01:04:02.348+0530] {logging_mixin.py:190} INFO - [2024-09-01T01:04:02.348+0530] {dag.py:3211} INFO - Sync 1 DAGs
[2024-09-01T01:04:02.352+0530] {logging_mixin.py:190} INFO - [2024-09-01T01:04:02.352+0530] {dag.py:4138} INFO - Setting next_dagrun for tutorial_objectstorage to None, run_after=None
[2024-09-01T01:04:02.359+0530] {processor.py:208} INFO - Processing /Users/ravipal/Desktop/Workspace/airflow_tutorial/py_env/lib/python3.12/site-packages/airflow/example_dags/tutorial_objectstorage.py took 0.062 seconds
[2024-09-01T01:05:06.774+0530] {processor.py:186} INFO - Started process (PID=4193) to work on /Users/ravipal/Desktop/Workspace/airflow_tutorial/py_env/lib/python3.12/site-packages/airflow/example_dags/tutorial_objectstorage.py
[2024-09-01T01:05:06.774+0530] {processor.py:914} INFO - Processing file /Users/ravipal/Desktop/Workspace/airflow_tutorial/py_env/lib/python3.12/site-packages/airflow/example_dags/tutorial_objectstorage.py for tasks to queue
[2024-09-01T01:05:06.774+0530] {logging_mixin.py:190} INFO - [2024-09-01T01:05:06.774+0530] {dagbag.py:587} INFO - Filling up the DagBag from /Users/ravipal/Desktop/Workspace/airflow_tutorial/py_env/lib/python3.12/site-packages/airflow/example_dags/tutorial_objectstorage.py
[2024-09-01T01:05:06.790+0530] {processor.py:925} INFO - DAG(s) 'tutorial_objectstorage' retrieved from /Users/ravipal/Desktop/Workspace/airflow_tutorial/py_env/lib/python3.12/site-packages/airflow/example_dags/tutorial_objectstorage.py
[2024-09-01T01:05:06.827+0530] {logging_mixin.py:190} INFO - [2024-09-01T01:05:06.827+0530] {dag.py:3211} INFO - Sync 1 DAGs
[2024-09-01T01:05:06.832+0530] {logging_mixin.py:190} INFO - [2024-09-01T01:05:06.831+0530] {dag.py:4138} INFO - Setting next_dagrun for tutorial_objectstorage to None, run_after=None
[2024-09-01T01:05:06.839+0530] {processor.py:208} INFO - Processing /Users/ravipal/Desktop/Workspace/airflow_tutorial/py_env/lib/python3.12/site-packages/airflow/example_dags/tutorial_objectstorage.py took 0.068 seconds
[2024-09-01T01:06:09.601+0530] {processor.py:186} INFO - Started process (PID=4269) to work on /Users/ravipal/Desktop/Workspace/airflow_tutorial/py_env/lib/python3.12/site-packages/airflow/example_dags/tutorial_objectstorage.py
[2024-09-01T01:06:09.602+0530] {processor.py:914} INFO - Processing file /Users/ravipal/Desktop/Workspace/airflow_tutorial/py_env/lib/python3.12/site-packages/airflow/example_dags/tutorial_objectstorage.py for tasks to queue
[2024-09-01T01:06:09.602+0530] {logging_mixin.py:190} INFO - [2024-09-01T01:06:09.602+0530] {dagbag.py:587} INFO - Filling up the DagBag from /Users/ravipal/Desktop/Workspace/airflow_tutorial/py_env/lib/python3.12/site-packages/airflow/example_dags/tutorial_objectstorage.py
[2024-09-01T01:06:09.618+0530] {processor.py:925} INFO - DAG(s) 'tutorial_objectstorage' retrieved from /Users/ravipal/Desktop/Workspace/airflow_tutorial/py_env/lib/python3.12/site-packages/airflow/example_dags/tutorial_objectstorage.py
[2024-09-01T01:06:09.652+0530] {logging_mixin.py:190} INFO - [2024-09-01T01:06:09.651+0530] {dag.py:3211} INFO - Sync 1 DAGs
[2024-09-01T01:06:09.656+0530] {logging_mixin.py:190} INFO - [2024-09-01T01:06:09.655+0530] {dag.py:4138} INFO - Setting next_dagrun for tutorial_objectstorage to None, run_after=None
[2024-09-01T01:06:09.662+0530] {processor.py:208} INFO - Processing /Users/ravipal/Desktop/Workspace/airflow_tutorial/py_env/lib/python3.12/site-packages/airflow/example_dags/tutorial_objectstorage.py took 0.063 seconds
[2024-09-01T01:07:16.151+0530] {processor.py:186} INFO - Started process (PID=4338) to work on /Users/ravipal/Desktop/Workspace/airflow_tutorial/py_env/lib/python3.12/site-packages/airflow/example_dags/tutorial_objectstorage.py
[2024-09-01T01:07:16.152+0530] {processor.py:914} INFO - Processing file /Users/ravipal/Desktop/Workspace/airflow_tutorial/py_env/lib/python3.12/site-packages/airflow/example_dags/tutorial_objectstorage.py for tasks to queue
[2024-09-01T01:07:16.152+0530] {logging_mixin.py:190} INFO - [2024-09-01T01:07:16.152+0530] {dagbag.py:587} INFO - Filling up the DagBag from /Users/ravipal/Desktop/Workspace/airflow_tutorial/py_env/lib/python3.12/site-packages/airflow/example_dags/tutorial_objectstorage.py
[2024-09-01T01:07:16.168+0530] {processor.py:925} INFO - DAG(s) 'tutorial_objectstorage' retrieved from /Users/ravipal/Desktop/Workspace/airflow_tutorial/py_env/lib/python3.12/site-packages/airflow/example_dags/tutorial_objectstorage.py
[2024-09-01T01:07:16.201+0530] {logging_mixin.py:190} INFO - [2024-09-01T01:07:16.200+0530] {dag.py:3211} INFO - Sync 1 DAGs
[2024-09-01T01:07:16.205+0530] {logging_mixin.py:190} INFO - [2024-09-01T01:07:16.204+0530] {dag.py:4138} INFO - Setting next_dagrun for tutorial_objectstorage to None, run_after=None
[2024-09-01T01:07:16.211+0530] {processor.py:208} INFO - Processing /Users/ravipal/Desktop/Workspace/airflow_tutorial/py_env/lib/python3.12/site-packages/airflow/example_dags/tutorial_objectstorage.py took 0.062 seconds
[2024-09-01T01:08:22.526+0530] {processor.py:186} INFO - Started process (PID=4404) to work on /Users/ravipal/Desktop/Workspace/airflow_tutorial/py_env/lib/python3.12/site-packages/airflow/example_dags/tutorial_objectstorage.py
[2024-09-01T01:08:22.526+0530] {processor.py:914} INFO - Processing file /Users/ravipal/Desktop/Workspace/airflow_tutorial/py_env/lib/python3.12/site-packages/airflow/example_dags/tutorial_objectstorage.py for tasks to queue
[2024-09-01T01:08:22.527+0530] {logging_mixin.py:190} INFO - [2024-09-01T01:08:22.527+0530] {dagbag.py:587} INFO - Filling up the DagBag from /Users/ravipal/Desktop/Workspace/airflow_tutorial/py_env/lib/python3.12/site-packages/airflow/example_dags/tutorial_objectstorage.py
[2024-09-01T01:08:22.542+0530] {processor.py:925} INFO - DAG(s) 'tutorial_objectstorage' retrieved from /Users/ravipal/Desktop/Workspace/airflow_tutorial/py_env/lib/python3.12/site-packages/airflow/example_dags/tutorial_objectstorage.py
[2024-09-01T01:08:22.574+0530] {logging_mixin.py:190} INFO - [2024-09-01T01:08:22.574+0530] {dag.py:3211} INFO - Sync 1 DAGs
[2024-09-01T01:08:22.578+0530] {logging_mixin.py:190} INFO - [2024-09-01T01:08:22.578+0530] {dag.py:4138} INFO - Setting next_dagrun for tutorial_objectstorage to None, run_after=None
[2024-09-01T01:08:22.585+0530] {processor.py:208} INFO - Processing /Users/ravipal/Desktop/Workspace/airflow_tutorial/py_env/lib/python3.12/site-packages/airflow/example_dags/tutorial_objectstorage.py took 0.061 seconds
[2024-09-01T01:09:27.315+0530] {processor.py:186} INFO - Started process (PID=4469) to work on /Users/ravipal/Desktop/Workspace/airflow_tutorial/py_env/lib/python3.12/site-packages/airflow/example_dags/tutorial_objectstorage.py
[2024-09-01T01:09:27.315+0530] {processor.py:914} INFO - Processing file /Users/ravipal/Desktop/Workspace/airflow_tutorial/py_env/lib/python3.12/site-packages/airflow/example_dags/tutorial_objectstorage.py for tasks to queue
[2024-09-01T01:09:27.316+0530] {logging_mixin.py:190} INFO - [2024-09-01T01:09:27.315+0530] {dagbag.py:587} INFO - Filling up the DagBag from /Users/ravipal/Desktop/Workspace/airflow_tutorial/py_env/lib/python3.12/site-packages/airflow/example_dags/tutorial_objectstorage.py
[2024-09-01T01:09:27.330+0530] {processor.py:925} INFO - DAG(s) 'tutorial_objectstorage' retrieved from /Users/ravipal/Desktop/Workspace/airflow_tutorial/py_env/lib/python3.12/site-packages/airflow/example_dags/tutorial_objectstorage.py
[2024-09-01T01:09:27.362+0530] {logging_mixin.py:190} INFO - [2024-09-01T01:09:27.362+0530] {dag.py:3211} INFO - Sync 1 DAGs
[2024-09-01T01:09:27.366+0530] {logging_mixin.py:190} INFO - [2024-09-01T01:09:27.366+0530] {dag.py:4138} INFO - Setting next_dagrun for tutorial_objectstorage to None, run_after=None
[2024-09-01T01:09:27.373+0530] {processor.py:208} INFO - Processing /Users/ravipal/Desktop/Workspace/airflow_tutorial/py_env/lib/python3.12/site-packages/airflow/example_dags/tutorial_objectstorage.py took 0.060 seconds
[2024-09-01T01:10:28.604+0530] {processor.py:186} INFO - Started process (PID=4533) to work on /Users/ravipal/Desktop/Workspace/airflow_tutorial/py_env/lib/python3.12/site-packages/airflow/example_dags/tutorial_objectstorage.py
[2024-09-01T01:10:28.604+0530] {processor.py:914} INFO - Processing file /Users/ravipal/Desktop/Workspace/airflow_tutorial/py_env/lib/python3.12/site-packages/airflow/example_dags/tutorial_objectstorage.py for tasks to queue
[2024-09-01T01:10:28.605+0530] {logging_mixin.py:190} INFO - [2024-09-01T01:10:28.604+0530] {dagbag.py:587} INFO - Filling up the DagBag from /Users/ravipal/Desktop/Workspace/airflow_tutorial/py_env/lib/python3.12/site-packages/airflow/example_dags/tutorial_objectstorage.py
[2024-09-01T01:10:28.620+0530] {processor.py:925} INFO - DAG(s) 'tutorial_objectstorage' retrieved from /Users/ravipal/Desktop/Workspace/airflow_tutorial/py_env/lib/python3.12/site-packages/airflow/example_dags/tutorial_objectstorage.py
[2024-09-01T01:10:28.654+0530] {logging_mixin.py:190} INFO - [2024-09-01T01:10:28.653+0530] {dag.py:3211} INFO - Sync 1 DAGs
[2024-09-01T01:10:28.657+0530] {logging_mixin.py:190} INFO - [2024-09-01T01:10:28.657+0530] {dag.py:4138} INFO - Setting next_dagrun for tutorial_objectstorage to None, run_after=None
[2024-09-01T01:10:28.664+0530] {processor.py:208} INFO - Processing /Users/ravipal/Desktop/Workspace/airflow_tutorial/py_env/lib/python3.12/site-packages/airflow/example_dags/tutorial_objectstorage.py took 0.063 seconds
[2024-09-01T01:11:32.117+0530] {processor.py:186} INFO - Started process (PID=4595) to work on /Users/ravipal/Desktop/Workspace/airflow_tutorial/py_env/lib/python3.12/site-packages/airflow/example_dags/tutorial_objectstorage.py
[2024-09-01T01:11:32.118+0530] {processor.py:914} INFO - Processing file /Users/ravipal/Desktop/Workspace/airflow_tutorial/py_env/lib/python3.12/site-packages/airflow/example_dags/tutorial_objectstorage.py for tasks to queue
[2024-09-01T01:11:32.118+0530] {logging_mixin.py:190} INFO - [2024-09-01T01:11:32.118+0530] {dagbag.py:587} INFO - Filling up the DagBag from /Users/ravipal/Desktop/Workspace/airflow_tutorial/py_env/lib/python3.12/site-packages/airflow/example_dags/tutorial_objectstorage.py
[2024-09-01T01:11:32.134+0530] {processor.py:925} INFO - DAG(s) 'tutorial_objectstorage' retrieved from /Users/ravipal/Desktop/Workspace/airflow_tutorial/py_env/lib/python3.12/site-packages/airflow/example_dags/tutorial_objectstorage.py
[2024-09-01T01:11:32.167+0530] {logging_mixin.py:190} INFO - [2024-09-01T01:11:32.167+0530] {dag.py:3211} INFO - Sync 1 DAGs
[2024-09-01T01:11:32.171+0530] {logging_mixin.py:190} INFO - [2024-09-01T01:11:32.171+0530] {dag.py:4138} INFO - Setting next_dagrun for tutorial_objectstorage to None, run_after=None
[2024-09-01T01:11:32.177+0530] {processor.py:208} INFO - Processing /Users/ravipal/Desktop/Workspace/airflow_tutorial/py_env/lib/python3.12/site-packages/airflow/example_dags/tutorial_objectstorage.py took 0.062 seconds
[2024-09-01T01:12:35.730+0530] {processor.py:186} INFO - Started process (PID=4661) to work on /Users/ravipal/Desktop/Workspace/airflow_tutorial/py_env/lib/python3.12/site-packages/airflow/example_dags/tutorial_objectstorage.py
[2024-09-01T01:12:35.730+0530] {processor.py:914} INFO - Processing file /Users/ravipal/Desktop/Workspace/airflow_tutorial/py_env/lib/python3.12/site-packages/airflow/example_dags/tutorial_objectstorage.py for tasks to queue
[2024-09-01T01:12:35.731+0530] {logging_mixin.py:190} INFO - [2024-09-01T01:12:35.731+0530] {dagbag.py:587} INFO - Filling up the DagBag from /Users/ravipal/Desktop/Workspace/airflow_tutorial/py_env/lib/python3.12/site-packages/airflow/example_dags/tutorial_objectstorage.py
[2024-09-01T01:12:35.746+0530] {processor.py:925} INFO - DAG(s) 'tutorial_objectstorage' retrieved from /Users/ravipal/Desktop/Workspace/airflow_tutorial/py_env/lib/python3.12/site-packages/airflow/example_dags/tutorial_objectstorage.py
[2024-09-01T01:12:35.780+0530] {logging_mixin.py:190} INFO - [2024-09-01T01:12:35.780+0530] {dag.py:3211} INFO - Sync 1 DAGs
[2024-09-01T01:12:35.784+0530] {logging_mixin.py:190} INFO - [2024-09-01T01:12:35.784+0530] {dag.py:4138} INFO - Setting next_dagrun for tutorial_objectstorage to None, run_after=None
[2024-09-01T01:12:35.790+0530] {processor.py:208} INFO - Processing /Users/ravipal/Desktop/Workspace/airflow_tutorial/py_env/lib/python3.12/site-packages/airflow/example_dags/tutorial_objectstorage.py took 0.062 seconds
[2024-09-01T01:13:38.046+0530] {processor.py:186} INFO - Started process (PID=4722) to work on /Users/ravipal/Desktop/Workspace/airflow_tutorial/py_env/lib/python3.12/site-packages/airflow/example_dags/tutorial_objectstorage.py
[2024-09-01T01:13:38.047+0530] {processor.py:914} INFO - Processing file /Users/ravipal/Desktop/Workspace/airflow_tutorial/py_env/lib/python3.12/site-packages/airflow/example_dags/tutorial_objectstorage.py for tasks to queue
[2024-09-01T01:13:38.047+0530] {logging_mixin.py:190} INFO - [2024-09-01T01:13:38.047+0530] {dagbag.py:587} INFO - Filling up the DagBag from /Users/ravipal/Desktop/Workspace/airflow_tutorial/py_env/lib/python3.12/site-packages/airflow/example_dags/tutorial_objectstorage.py
[2024-09-01T01:13:38.063+0530] {processor.py:925} INFO - DAG(s) 'tutorial_objectstorage' retrieved from /Users/ravipal/Desktop/Workspace/airflow_tutorial/py_env/lib/python3.12/site-packages/airflow/example_dags/tutorial_objectstorage.py
[2024-09-01T01:13:38.095+0530] {logging_mixin.py:190} INFO - [2024-09-01T01:13:38.095+0530] {dag.py:3211} INFO - Sync 1 DAGs
[2024-09-01T01:13:38.099+0530] {logging_mixin.py:190} INFO - [2024-09-01T01:13:38.099+0530] {dag.py:4138} INFO - Setting next_dagrun for tutorial_objectstorage to None, run_after=None
[2024-09-01T01:13:38.105+0530] {processor.py:208} INFO - Processing /Users/ravipal/Desktop/Workspace/airflow_tutorial/py_env/lib/python3.12/site-packages/airflow/example_dags/tutorial_objectstorage.py took 0.061 seconds
[2024-09-01T01:14:44.402+0530] {processor.py:186} INFO - Started process (PID=4791) to work on /Users/ravipal/Desktop/Workspace/airflow_tutorial/py_env/lib/python3.12/site-packages/airflow/example_dags/tutorial_objectstorage.py
[2024-09-01T01:14:44.402+0530] {processor.py:914} INFO - Processing file /Users/ravipal/Desktop/Workspace/airflow_tutorial/py_env/lib/python3.12/site-packages/airflow/example_dags/tutorial_objectstorage.py for tasks to queue
[2024-09-01T01:14:44.402+0530] {logging_mixin.py:190} INFO - [2024-09-01T01:14:44.402+0530] {dagbag.py:587} INFO - Filling up the DagBag from /Users/ravipal/Desktop/Workspace/airflow_tutorial/py_env/lib/python3.12/site-packages/airflow/example_dags/tutorial_objectstorage.py
[2024-09-01T01:14:44.418+0530] {processor.py:925} INFO - DAG(s) 'tutorial_objectstorage' retrieved from /Users/ravipal/Desktop/Workspace/airflow_tutorial/py_env/lib/python3.12/site-packages/airflow/example_dags/tutorial_objectstorage.py
[2024-09-01T01:14:44.450+0530] {logging_mixin.py:190} INFO - [2024-09-01T01:14:44.450+0530] {dag.py:3211} INFO - Sync 1 DAGs
[2024-09-01T01:14:44.454+0530] {logging_mixin.py:190} INFO - [2024-09-01T01:14:44.454+0530] {dag.py:4138} INFO - Setting next_dagrun for tutorial_objectstorage to None, run_after=None
[2024-09-01T01:14:44.460+0530] {processor.py:208} INFO - Processing /Users/ravipal/Desktop/Workspace/airflow_tutorial/py_env/lib/python3.12/site-packages/airflow/example_dags/tutorial_objectstorage.py took 0.061 seconds
[2024-09-01T01:15:51.205+0530] {processor.py:186} INFO - Started process (PID=4856) to work on /Users/ravipal/Desktop/Workspace/airflow_tutorial/py_env/lib/python3.12/site-packages/airflow/example_dags/tutorial_objectstorage.py
[2024-09-01T01:15:51.206+0530] {processor.py:914} INFO - Processing file /Users/ravipal/Desktop/Workspace/airflow_tutorial/py_env/lib/python3.12/site-packages/airflow/example_dags/tutorial_objectstorage.py for tasks to queue
[2024-09-01T01:15:51.206+0530] {logging_mixin.py:190} INFO - [2024-09-01T01:15:51.206+0530] {dagbag.py:587} INFO - Filling up the DagBag from /Users/ravipal/Desktop/Workspace/airflow_tutorial/py_env/lib/python3.12/site-packages/airflow/example_dags/tutorial_objectstorage.py
[2024-09-01T01:15:51.221+0530] {processor.py:925} INFO - DAG(s) 'tutorial_objectstorage' retrieved from /Users/ravipal/Desktop/Workspace/airflow_tutorial/py_env/lib/python3.12/site-packages/airflow/example_dags/tutorial_objectstorage.py
[2024-09-01T01:15:51.254+0530] {logging_mixin.py:190} INFO - [2024-09-01T01:15:51.253+0530] {dag.py:3211} INFO - Sync 1 DAGs
[2024-09-01T01:15:51.258+0530] {logging_mixin.py:190} INFO - [2024-09-01T01:15:51.257+0530] {dag.py:4138} INFO - Setting next_dagrun for tutorial_objectstorage to None, run_after=None
[2024-09-01T01:15:51.264+0530] {processor.py:208} INFO - Processing /Users/ravipal/Desktop/Workspace/airflow_tutorial/py_env/lib/python3.12/site-packages/airflow/example_dags/tutorial_objectstorage.py took 0.061 seconds
[2024-09-01T01:16:56.938+0530] {processor.py:186} INFO - Started process (PID=4921) to work on /Users/ravipal/Desktop/Workspace/airflow_tutorial/py_env/lib/python3.12/site-packages/airflow/example_dags/tutorial_objectstorage.py
[2024-09-01T01:16:56.939+0530] {processor.py:914} INFO - Processing file /Users/ravipal/Desktop/Workspace/airflow_tutorial/py_env/lib/python3.12/site-packages/airflow/example_dags/tutorial_objectstorage.py for tasks to queue
[2024-09-01T01:16:56.939+0530] {logging_mixin.py:190} INFO - [2024-09-01T01:16:56.939+0530] {dagbag.py:587} INFO - Filling up the DagBag from /Users/ravipal/Desktop/Workspace/airflow_tutorial/py_env/lib/python3.12/site-packages/airflow/example_dags/tutorial_objectstorage.py
[2024-09-01T01:16:56.955+0530] {processor.py:925} INFO - DAG(s) 'tutorial_objectstorage' retrieved from /Users/ravipal/Desktop/Workspace/airflow_tutorial/py_env/lib/python3.12/site-packages/airflow/example_dags/tutorial_objectstorage.py
[2024-09-01T01:16:56.988+0530] {logging_mixin.py:190} INFO - [2024-09-01T01:16:56.988+0530] {dag.py:3211} INFO - Sync 1 DAGs
[2024-09-01T01:16:56.992+0530] {logging_mixin.py:190} INFO - [2024-09-01T01:16:56.991+0530] {dag.py:4138} INFO - Setting next_dagrun for tutorial_objectstorage to None, run_after=None
[2024-09-01T01:16:56.998+0530] {processor.py:208} INFO - Processing /Users/ravipal/Desktop/Workspace/airflow_tutorial/py_env/lib/python3.12/site-packages/airflow/example_dags/tutorial_objectstorage.py took 0.062 seconds
[2024-09-01T01:18:00.796+0530] {processor.py:186} INFO - Started process (PID=4987) to work on /Users/ravipal/Desktop/Workspace/airflow_tutorial/py_env/lib/python3.12/site-packages/airflow/example_dags/tutorial_objectstorage.py
[2024-09-01T01:18:00.796+0530] {processor.py:914} INFO - Processing file /Users/ravipal/Desktop/Workspace/airflow_tutorial/py_env/lib/python3.12/site-packages/airflow/example_dags/tutorial_objectstorage.py for tasks to queue
[2024-09-01T01:18:00.797+0530] {logging_mixin.py:190} INFO - [2024-09-01T01:18:00.796+0530] {dagbag.py:587} INFO - Filling up the DagBag from /Users/ravipal/Desktop/Workspace/airflow_tutorial/py_env/lib/python3.12/site-packages/airflow/example_dags/tutorial_objectstorage.py
[2024-09-01T01:18:00.812+0530] {processor.py:925} INFO - DAG(s) 'tutorial_objectstorage' retrieved from /Users/ravipal/Desktop/Workspace/airflow_tutorial/py_env/lib/python3.12/site-packages/airflow/example_dags/tutorial_objectstorage.py
[2024-09-01T01:18:00.845+0530] {logging_mixin.py:190} INFO - [2024-09-01T01:18:00.845+0530] {dag.py:3211} INFO - Sync 1 DAGs
[2024-09-01T01:18:00.849+0530] {logging_mixin.py:190} INFO - [2024-09-01T01:18:00.849+0530] {dag.py:4138} INFO - Setting next_dagrun for tutorial_objectstorage to None, run_after=None
[2024-09-01T01:18:00.856+0530] {processor.py:208} INFO - Processing /Users/ravipal/Desktop/Workspace/airflow_tutorial/py_env/lib/python3.12/site-packages/airflow/example_dags/tutorial_objectstorage.py took 0.062 seconds
